1544199089995359 CHEETAH_SIGNAL SENT_AFTER_TIME 3891.379890
1544199092441152 CHEETAH_SIGNAL SENT_AFTER_TIME 3893.825640
1544199092512143 CHEETAH_SIGNAL SENT_AFTER_TIME 3893.896494
1544199092510214 DISPLAY_INSTRUCTIONS Stimuli/instructions_audio_sentences.png
1544199117531880 KEY_PRESS space
1544199117533091 CHEETAH_SIGNAL SENT_AFTER_TIME 3918.917601
1544199117633929 CHEETAH_SIGNAL SENT_AFTER_TIME 3919.018339
1544199117632229 DISPLAY_INSTRUCTIONS OFF
1544199117682784 CHEETAH_SIGNAL SENT_AFTER_TIME 3919.067141
1544199117716190 CHEETAH_SIGNAL SENT_AFTER_TIME 3919.100668
1544199117767107 CHEETAH_SIGNAL SENT_AFTER_TIME 3919.151514
1544199117765381 DISPLAY_FIXATION
1544199120967349 CHEETAH_SIGNAL SENT_AFTER_TIME 3922.351711
1544199121033483 AUDIO_PLAYBACK_ONSET 1.wav
1544199121908494 AUDIO_PLAYBACK_DONE 1.wav
1544199121901160 CHEETAH_SIGNAL SENT_AFTER_TIME 3923.285545
1544199117529712 KEY_PRESS space
1544199117625864 KEY_PRESS space
1544199121936766 CHEETAH_SIGNAL SENT_AFTER_TIME 3923.321273
1544199122908494 AUDIO_PLAYBACK_ONSET 2.wav
1544199124330379 AUDIO_PLAYBACK_DONE 2.wav
1544199124330314 CHEETAH_SIGNAL SENT_AFTER_TIME 3925.714707
1544199124364743 CHEETAH_SIGNAL SENT_AFTER_TIME 3925.749269
1544199125330379 AUDIO_PLAYBACK_ONSET 3.wav
1544199126822559 AUDIO_PLAYBACK_DONE 3.wav
1544199126824343 CHEETAH_SIGNAL SENT_AFTER_TIME 3928.208755
1544199126593772 KEY_PRESS l
1544199126713831 KEY_PRESS l
1544199126859747 CHEETAH_SIGNAL SENT_AFTER_TIME 3928.244249
1544199127822559 AUDIO_PLAYBACK_ONSET 4.wav
1544199128879181 AUDIO_PLAYBACK_DONE 4.wav
1544199128874569 CHEETAH_SIGNAL SENT_AFTER_TIME 3930.258937
1544199128909522 CHEETAH_SIGNAL SENT_AFTER_TIME 3930.294000
1544199129879181 AUDIO_PLAYBACK_ONSET 5.wav
1544199131342065 AUDIO_PLAYBACK_DONE 5.wav
1544199131342915 CHEETAH_SIGNAL SENT_AFTER_TIME 3932.727306
1544199131377944 CHEETAH_SIGNAL SENT_AFTER_TIME 3932.762435
1544199132342065 AUDIO_PLAYBACK_ONSET 6.wav
1544199133568625 AUDIO_PLAYBACK_DONE 6.wav
1544199133568696 CHEETAH_SIGNAL SENT_AFTER_TIME 3934.953077
1544199133604059 CHEETAH_SIGNAL SENT_AFTER_TIME 3934.988542
1544199134568625 AUDIO_PLAYBACK_ONSET 7.wav
1544199135662367 AUDIO_PLAYBACK_DONE 7.wav
1544199135661709 CHEETAH_SIGNAL SENT_AFTER_TIME 3937.046088
1544199135696594 CHEETAH_SIGNAL SENT_AFTER_TIME 3937.081112
1544199136662367 AUDIO_PLAYBACK_ONSET 8.wav
1544199137842055 AUDIO_PLAYBACK_DONE 8.wav
1544199137838828 CHEETAH_SIGNAL SENT_AFTER_TIME 3939.223202
1544199137873885 CHEETAH_SIGNAL SENT_AFTER_TIME 3939.258337
1544199138842055 AUDIO_PLAYBACK_ONSET 9.wav
1544199140092033 AUDIO_PLAYBACK_DONE 9.wav
1544199140090421 CHEETAH_SIGNAL SENT_AFTER_TIME 3941.474801
1544199140125338 CHEETAH_SIGNAL SENT_AFTER_TIME 3941.509847
1544199141092033 AUDIO_PLAYBACK_ONSET 10.wav
1544199142217026 AUDIO_PLAYBACK_DONE 10.wav
1544199142215454 CHEETAH_SIGNAL SENT_AFTER_TIME 3943.599851
1544199140353892 KEY_PRESS l
1544199140385831 KEY_PRESS l
1544199142250767 CHEETAH_SIGNAL SENT_AFTER_TIME 3943.635245
1544199143217026 AUDIO_PLAYBACK_ONSET 11.wav
1544199144170137 AUDIO_PLAYBACK_DONE 11.wav
1544199144166836 CHEETAH_SIGNAL SENT_AFTER_TIME 3945.551212
1544199144201761 CHEETAH_SIGNAL SENT_AFTER_TIME 3945.586276
1544199145170137 AUDIO_PLAYBACK_ONSET 12.wav
1544199146576377 AUDIO_PLAYBACK_DONE 12.wav
1544199146570372 CHEETAH_SIGNAL SENT_AFTER_TIME 3947.954765
1544199146605302 CHEETAH_SIGNAL SENT_AFTER_TIME 3947.989824
1544199147576377 AUDIO_PLAYBACK_ONSET 13.wav
1544199149420122 AUDIO_PLAYBACK_DONE 13.wav
1544199149420221 CHEETAH_SIGNAL SENT_AFTER_TIME 3950.804611
1544199149455656 CHEETAH_SIGNAL SENT_AFTER_TIME 3950.840169
1544199150420122 AUDIO_PLAYBACK_ONSET 14.wav
1544199151763867 AUDIO_PLAYBACK_DONE 14.wav
1544199151759747 CHEETAH_SIGNAL SENT_AFTER_TIME 3953.144145
1544199149897842 KEY_PRESS l
1544199150049836 KEY_PRESS l
1544199151795152 CHEETAH_SIGNAL SENT_AFTER_TIME 3953.179632
1544199152763867 AUDIO_PLAYBACK_ONSET 15.wav
1544199153826367 AUDIO_PLAYBACK_DONE 15.wav
1544199153826763 CHEETAH_SIGNAL SENT_AFTER_TIME 3955.211125
1544199153862285 CHEETAH_SIGNAL SENT_AFTER_TIME 3955.246793
1544199154826367 AUDIO_PLAYBACK_ONSET 16.wav
1544199156295099 AUDIO_PLAYBACK_DONE 16.wav
1544199156291291 CHEETAH_SIGNAL SENT_AFTER_TIME 3957.675663
1544199156324561 CHEETAH_SIGNAL SENT_AFTER_TIME 3957.709096
1544199157295099 AUDIO_PLAYBACK_ONSET 17.wav
1544199158295080 AUDIO_PLAYBACK_DONE 17.wav
1544199158294781 CHEETAH_SIGNAL SENT_AFTER_TIME 3959.679179
1544199158329728 CHEETAH_SIGNAL SENT_AFTER_TIME 3959.714214
1544199159295080 AUDIO_PLAYBACK_ONSET 18.wav
1544199160795061 AUDIO_PLAYBACK_DONE 18.wav
1544199160789993 CHEETAH_SIGNAL SENT_AFTER_TIME 3962.174464
1544199160785845 KEY_PRESS l
1544199160825130 CHEETAH_SIGNAL SENT_AFTER_TIME 3962.209631
1544199161795061 AUDIO_PLAYBACK_ONSET 19.wav
1544199162826311 AUDIO_PLAYBACK_DONE 19.wav
1544199162825894 CHEETAH_SIGNAL SENT_AFTER_TIME 3964.210250
1544199160929830 KEY_PRESS l
1544199162861022 CHEETAH_SIGNAL SENT_AFTER_TIME 3964.245553
1544199163826311 AUDIO_PLAYBACK_ONSET 20.wav
1544199165045046 AUDIO_PLAYBACK_DONE 20.wav
1544199165043445 CHEETAH_SIGNAL SENT_AFTER_TIME 3966.427880
1544199165078384 CHEETAH_SIGNAL SENT_AFTER_TIME 3966.462919
1544199166045046 AUDIO_PLAYBACK_ONSET 21.wav
1544199167013777 AUDIO_PLAYBACK_DONE 21.wav
1544199167004971 CHEETAH_SIGNAL SENT_AFTER_TIME 3968.389358
1544199167039942 CHEETAH_SIGNAL SENT_AFTER_TIME 3968.424457
1544199168013777 AUDIO_PLAYBACK_ONSET 22.wav
1544199169170038 AUDIO_PLAYBACK_DONE 22.wav
1544199169168318 CHEETAH_SIGNAL SENT_AFTER_TIME 3970.552692
1544199169203773 CHEETAH_SIGNAL SENT_AFTER_TIME 3970.588280
1544199170170038 AUDIO_PLAYBACK_ONSET 23.wav
1544199171670018 AUDIO_PLAYBACK_DONE 23.wav
1544199171664515 CHEETAH_SIGNAL SENT_AFTER_TIME 3973.048888
1544199171699459 CHEETAH_SIGNAL SENT_AFTER_TIME 3973.083957
1544199172670018 AUDIO_PLAYBACK_ONSET 24.wav
1544199174263764 AUDIO_PLAYBACK_DONE 24.wav
1544199174266650 CHEETAH_SIGNAL SENT_AFTER_TIME 3975.651011
1544199174169795 KEY_PRESS l
1544199174301827 CHEETAH_SIGNAL SENT_AFTER_TIME 3975.686302
1544199175263764 AUDIO_PLAYBACK_ONSET 25.wav
1544199176763747 AUDIO_PLAYBACK_DONE 25.wav
1544199176758757 CHEETAH_SIGNAL SENT_AFTER_TIME 3978.143171
1544199174329792 KEY_PRESS l
1544199176794115 CHEETAH_SIGNAL SENT_AFTER_TIME 3978.178567
1544199177763747 AUDIO_PLAYBACK_ONSET 26.wav
1544199179123117 AUDIO_PLAYBACK_DONE 26.wav
1544199179124083 CHEETAH_SIGNAL SENT_AFTER_TIME 3980.508501
1544199179159014 CHEETAH_SIGNAL SENT_AFTER_TIME 3980.543523
1544199180123117 AUDIO_PLAYBACK_ONSET 27.wav
1544199181810604 AUDIO_PLAYBACK_DONE 27.wav
1544199181813019 CHEETAH_SIGNAL SENT_AFTER_TIME 3983.197396
1544199181848034 CHEETAH_SIGNAL SENT_AFTER_TIME 3983.232541
1544199182810604 AUDIO_PLAYBACK_ONSET 28.wav
1544199184310608 AUDIO_PLAYBACK_DONE 28.wav
1544199184315095 CHEETAH_SIGNAL SENT_AFTER_TIME 3985.699476
1544199184350106 CHEETAH_SIGNAL SENT_AFTER_TIME 3985.734601
1544199185310608 AUDIO_PLAYBACK_ONSET 29.wav
1544199186810586 AUDIO_PLAYBACK_DONE 29.wav
1544199186804912 CHEETAH_SIGNAL SENT_AFTER_TIME 3988.189322
1544199186840258 CHEETAH_SIGNAL SENT_AFTER_TIME 3988.224772
1544199187810586 AUDIO_PLAYBACK_ONSET 30.wav
1544199189310569 AUDIO_PLAYBACK_DONE 30.wav
1544199189314983 CHEETAH_SIGNAL SENT_AFTER_TIME 3990.699357
1544199189350139 CHEETAH_SIGNAL SENT_AFTER_TIME 3990.734634
1544199190310569 AUDIO_PLAYBACK_ONSET 31.wav
1544199191560547 AUDIO_PLAYBACK_DONE 31.wav
1544199191557044 CHEETAH_SIGNAL SENT_AFTER_TIME 3992.941414
1544199191592064 CHEETAH_SIGNAL SENT_AFTER_TIME 3992.976568
1544199192560547 AUDIO_PLAYBACK_ONSET 32.wav
1544199193794905 AUDIO_PLAYBACK_DONE 32.wav
1544199193787532 CHEETAH_SIGNAL SENT_AFTER_TIME 3995.171902
1544199193822497 CHEETAH_SIGNAL SENT_AFTER_TIME 3995.206968
1544199194794905 AUDIO_PLAYBACK_ONSET 33.wav
1544199195935519 AUDIO_PLAYBACK_DONE 33.wav
1544199195929190 CHEETAH_SIGNAL SENT_AFTER_TIME 3997.313561
1544199195964223 CHEETAH_SIGNAL SENT_AFTER_TIME 3997.348726
1544199196935519 AUDIO_PLAYBACK_ONSET 34.wav
1544199198310510 AUDIO_PLAYBACK_DONE 34.wav
1544199198307327 CHEETAH_SIGNAL SENT_AFTER_TIME 3999.691706
1544199198342676 CHEETAH_SIGNAL SENT_AFTER_TIME 3999.727180
1544199199310510 AUDIO_PLAYBACK_ONSET 35.wav
1544199200873010 AUDIO_PLAYBACK_DONE 35.wav
1544199200867427 CHEETAH_SIGNAL SENT_AFTER_TIME 4002.251817
1544199200902427 CHEETAH_SIGNAL SENT_AFTER_TIME 4002.286897
1544199201873010 AUDIO_PLAYBACK_ONSET 36.wav
1544199203122991 AUDIO_PLAYBACK_DONE 36.wav
1544199203118940 CHEETAH_SIGNAL SENT_AFTER_TIME 4004.503321
1544199203154036 CHEETAH_SIGNAL SENT_AFTER_TIME 4004.538504
1544199204122991 AUDIO_PLAYBACK_ONSET 37.wav
1544199205216736 AUDIO_PLAYBACK_DONE 37.wav
1544199205216567 CHEETAH_SIGNAL SENT_AFTER_TIME 4006.600899
1544199205251532 CHEETAH_SIGNAL SENT_AFTER_TIME 4006.636012
1544199206216736 AUDIO_PLAYBACK_ONSET 38.wav
1544199207498005 AUDIO_PLAYBACK_DONE 38.wav
1544199207494252 CHEETAH_SIGNAL SENT_AFTER_TIME 4008.878636
1544199207528810 CHEETAH_SIGNAL SENT_AFTER_TIME 4008.913273
1544199208498005 AUDIO_PLAYBACK_ONSET 39.wav
1544199210372998 AUDIO_PLAYBACK_DONE 39.wav
1544199210372689 CHEETAH_SIGNAL SENT_AFTER_TIME 4011.757117
1544199210408135 CHEETAH_SIGNAL SENT_AFTER_TIME 4011.792641
1544199211372998 AUDIO_PLAYBACK_ONSET 40.wav
1544199212810486 AUDIO_PLAYBACK_DONE 40.wav
1544199212805498 CHEETAH_SIGNAL SENT_AFTER_TIME 4014.189871
1544199212840522 CHEETAH_SIGNAL SENT_AFTER_TIME 4014.224988
1544199213810486 AUDIO_PLAYBACK_ONSET 41.wav
1544199215037065 AUDIO_PLAYBACK_DONE 41.wav
1544199215037121 CHEETAH_SIGNAL SENT_AFTER_TIME 4016.421494
1544199215072096 CHEETAH_SIGNAL SENT_AFTER_TIME 4016.456594
1544199216037065 AUDIO_PLAYBACK_ONSET 42.wav
1544199217193304 AUDIO_PLAYBACK_DONE 42.wav
1544199217191457 CHEETAH_SIGNAL SENT_AFTER_TIME 4018.575827
1544199217226498 CHEETAH_SIGNAL SENT_AFTER_TIME 4018.611020
1544199218193304 AUDIO_PLAYBACK_ONSET 43.wav
1544199219443307 AUDIO_PLAYBACK_DONE 43.wav
1544199219439853 CHEETAH_SIGNAL SENT_AFTER_TIME 4020.824234
1544199219474965 CHEETAH_SIGNAL SENT_AFTER_TIME 4020.859420
1544199220443307 AUDIO_PLAYBACK_ONSET 44.wav
1544199221630792 AUDIO_PLAYBACK_DONE 44.wav
1544199221628488 CHEETAH_SIGNAL SENT_AFTER_TIME 4023.012867
1544199221593724 KEY_PRESS l
1544199221664133 CHEETAH_SIGNAL SENT_AFTER_TIME 4023.048611
1544199222630792 AUDIO_PLAYBACK_ONSET 45.wav
1544199223724537 AUDIO_PLAYBACK_DONE 45.wav
1544199223724288 CHEETAH_SIGNAL SENT_AFTER_TIME 4025.108653
1544199221745832 KEY_PRESS l
1544199223759391 CHEETAH_SIGNAL SENT_AFTER_TIME 4025.143907
1544199224724537 AUDIO_PLAYBACK_ONSET 46.wav
1544199225787034 AUDIO_PLAYBACK_DONE 46.wav
1544199225786138 CHEETAH_SIGNAL SENT_AFTER_TIME 4027.170505
1544199225821432 CHEETAH_SIGNAL SENT_AFTER_TIME 4027.205950
1544199226787034 AUDIO_PLAYBACK_ONSET 47.wav
1544199228021390 AUDIO_PLAYBACK_DONE 47.wav
1544199228024304 CHEETAH_SIGNAL SENT_AFTER_TIME 4029.408716
1544199228059223 CHEETAH_SIGNAL SENT_AFTER_TIME 4029.443747
1544199229021390 AUDIO_PLAYBACK_ONSET 48.wav
1544199230193252 AUDIO_PLAYBACK_DONE 48.wav
1544199230195868 CHEETAH_SIGNAL SENT_AFTER_TIME 4031.580254
1544199230230788 CHEETAH_SIGNAL SENT_AFTER_TIME 4031.615247
1544199231193252 AUDIO_PLAYBACK_ONSET 49.wav
1544199232458901 AUDIO_PLAYBACK_DONE 49.wav
1544199232460898 CHEETAH_SIGNAL SENT_AFTER_TIME 4033.845260
1544199232496390 CHEETAH_SIGNAL SENT_AFTER_TIME 4033.880833
1544199233458901 AUDIO_PLAYBACK_ONSET 50.wav
1544199234560444 AUDIO_PLAYBACK_DONE 50.wav
1544199234562117 CHEETAH_SIGNAL SENT_AFTER_TIME 4035.946517
1544199232505811 KEY_PRESS l
1544199232689840 KEY_PRESS l
1544199234597015 CHEETAH_SIGNAL SENT_AFTER_TIME 4035.981553
1544199235560444 AUDIO_PLAYBACK_ONSET 51.wav
1544199236904191 AUDIO_PLAYBACK_DONE 51.wav
1544199236900376 CHEETAH_SIGNAL SENT_AFTER_TIME 4038.284764
1544199236935182 CHEETAH_SIGNAL SENT_AFTER_TIME 4038.319669
1544199237904191 AUDIO_PLAYBACK_ONSET 52.wav
1544199239154192 AUDIO_PLAYBACK_DONE 52.wav
1544199239150605 CHEETAH_SIGNAL SENT_AFTER_TIME 4040.534961
1544199239185583 CHEETAH_SIGNAL SENT_AFTER_TIME 4040.570058
1544199240154192 AUDIO_PLAYBACK_ONSET 53.wav
1544199241654170 AUDIO_PLAYBACK_DONE 53.wav
1544199241648475 CHEETAH_SIGNAL SENT_AFTER_TIME 4043.032863
1544199241683895 CHEETAH_SIGNAL SENT_AFTER_TIME 4043.068368
1544199242654170 AUDIO_PLAYBACK_ONSET 54.wav
1544199243904151 AUDIO_PLAYBACK_DONE 54.wav
1544199243901224 CHEETAH_SIGNAL SENT_AFTER_TIME 4045.285600
1544199243936261 CHEETAH_SIGNAL SENT_AFTER_TIME 4045.320786
1544199244904151 AUDIO_PLAYBACK_ONSET 55.wav
1544199246091634 AUDIO_PLAYBACK_DONE 55.wav
1544199246089827 CHEETAH_SIGNAL SENT_AFTER_TIME 4047.474216
1544199246124380 CHEETAH_SIGNAL SENT_AFTER_TIME 4047.508909
1544199247091634 AUDIO_PLAYBACK_ONSET 56.wav
1544199248872886 AUDIO_PLAYBACK_DONE 56.wav
1544199248874574 CHEETAH_SIGNAL SENT_AFTER_TIME 4050.258984
1544199248909577 CHEETAH_SIGNAL SENT_AFTER_TIME 4050.294080
1544199249872886 AUDIO_PLAYBACK_ONSET 57.wav
1544199251107244 AUDIO_PLAYBACK_DONE 57.wav
1544199251109663 CHEETAH_SIGNAL SENT_AFTER_TIME 4052.494060
1544199250889767 KEY_PRESS l
1544199251073834 KEY_PRESS l
1544199251145052 CHEETAH_SIGNAL SENT_AFTER_TIME 4052.529531
1544199252107244 AUDIO_PLAYBACK_ONSET 58.wav
1544199253333800 AUDIO_PLAYBACK_DONE 58.wav
1544199253333358 CHEETAH_SIGNAL SENT_AFTER_TIME 4054.717747
1544199253368313 CHEETAH_SIGNAL SENT_AFTER_TIME 4054.752795
1544199254333800 AUDIO_PLAYBACK_ONSET 59.wav
1544199255638496 AUDIO_PLAYBACK_DONE 59.wav
1544199255643068 CHEETAH_SIGNAL SENT_AFTER_TIME 4057.027486
1544199255678001 CHEETAH_SIGNAL SENT_AFTER_TIME 4057.062526
1544199256638496 AUDIO_PLAYBACK_ONSET 60.wav
1544199258419747 AUDIO_PLAYBACK_DONE 60.wav
1544199258420051 CHEETAH_SIGNAL SENT_AFTER_TIME 4059.804440
1544199258455917 CHEETAH_SIGNAL SENT_AFTER_TIME 4059.840421
1544199259419747 AUDIO_PLAYBACK_ONSET 61.wav
1544199260919726 AUDIO_PLAYBACK_DONE 61.wav
1544199260924310 CHEETAH_SIGNAL SENT_AFTER_TIME 4062.308678
1544199260959467 CHEETAH_SIGNAL SENT_AFTER_TIME 4062.343938
1544199261919726 AUDIO_PLAYBACK_ONSET 62.wav
1544199263388461 AUDIO_PLAYBACK_DONE 62.wav
1544199263382154 CHEETAH_SIGNAL SENT_AFTER_TIME 4064.766535
1544199263416667 CHEETAH_SIGNAL SENT_AFTER_TIME 4064.801137
1544199264388461 AUDIO_PLAYBACK_ONSET 63.wav
1544199265552521 AUDIO_PLAYBACK_DONE 63.wav
1544199265543174 CHEETAH_SIGNAL SENT_AFTER_TIME 4066.927562
1544199265578126 CHEETAH_SIGNAL SENT_AFTER_TIME 4066.962649
1544199266552521 AUDIO_PLAYBACK_ONSET 64.wav
1544199267536899 AUDIO_PLAYBACK_DONE 64.wav
1544199267532612 CHEETAH_SIGNAL SENT_AFTER_TIME 4068.916997
1544199267567630 CHEETAH_SIGNAL SENT_AFTER_TIME 4068.952149
1544199268536899 AUDIO_PLAYBACK_ONSET 65.wav
1544199269911888 AUDIO_PLAYBACK_DONE 65.wav
1544199269907106 CHEETAH_SIGNAL SENT_AFTER_TIME 4071.291519
1544199269942181 CHEETAH_SIGNAL SENT_AFTER_TIME 4071.326680
1544199270911888 AUDIO_PLAYBACK_ONSET 66.wav
1544199272122821 AUDIO_PLAYBACK_DONE 66.wav
1544199272117689 CHEETAH_SIGNAL SENT_AFTER_TIME 4073.502058
1544199272152613 CHEETAH_SIGNAL SENT_AFTER_TIME 4073.537118
1544199273122821 AUDIO_PLAYBACK_ONSET 67.wav
1544199274044684 AUDIO_PLAYBACK_DONE 67.wav
1544199274040462 CHEETAH_SIGNAL SENT_AFTER_TIME 4075.424847
1544199274075387 CHEETAH_SIGNAL SENT_AFTER_TIME 4075.459899
1544199275044684 AUDIO_PLAYBACK_ONSET 68.wav
1544199276021238 AUDIO_PLAYBACK_DONE 68.wav
1544199276014494 CHEETAH_SIGNAL SENT_AFTER_TIME 4077.398913
1544199276049450 CHEETAH_SIGNAL SENT_AFTER_TIME 4077.433930
1544199277021238 AUDIO_PLAYBACK_ONSET 69.wav
1544199278318113 AUDIO_PLAYBACK_DONE 69.wav
1544199278318978 CHEETAH_SIGNAL SENT_AFTER_TIME 4079.703389
1544199278353884 CHEETAH_SIGNAL SENT_AFTER_TIME 4079.738420
1544199279318113 AUDIO_PLAYBACK_ONSET 70.wav
1544199280849362 AUDIO_PLAYBACK_DONE 70.wav
1544199280852362 CHEETAH_SIGNAL SENT_AFTER_TIME 4082.236785
1544199280887691 CHEETAH_SIGNAL SENT_AFTER_TIME 4082.272169
1544199281849362 AUDIO_PLAYBACK_ONSET 71.wav
1544199282849342 AUDIO_PLAYBACK_DONE 71.wav
1544199282849446 CHEETAH_SIGNAL SENT_AFTER_TIME 4084.233821
1544199282884342 CHEETAH_SIGNAL SENT_AFTER_TIME 4084.268840
1544199283849342 AUDIO_PLAYBACK_ONSET 72.wav
1544199285333718 AUDIO_PLAYBACK_DONE 72.wav
1544199285333979 CHEETAH_SIGNAL SENT_AFTER_TIME 4086.718344
1544199285368920 CHEETAH_SIGNAL SENT_AFTER_TIME 4086.753411
1544199286333718 AUDIO_PLAYBACK_ONSET 73.wav
1544199287724335 AUDIO_PLAYBACK_DONE 73.wav
1544199287725615 CHEETAH_SIGNAL SENT_AFTER_TIME 4089.109995
1544199287760073 CHEETAH_SIGNAL SENT_AFTER_TIME 4089.144576
1544199288724335 AUDIO_PLAYBACK_ONSET 74.wav
1544199289911818 AUDIO_PLAYBACK_DONE 74.wav
1544199289909645 CHEETAH_SIGNAL SENT_AFTER_TIME 4091.294037
1544199289825848 KEY_PRESS l
1544199289944788 CHEETAH_SIGNAL SENT_AFTER_TIME 4091.329266
1544199290911818 AUDIO_PLAYBACK_ONSET 75.wav
1544199291911798 AUDIO_PLAYBACK_DONE 75.wav
1544199291912047 CHEETAH_SIGNAL SENT_AFTER_TIME 4093.296424
1544199290025846 KEY_PRESS l
1544199291947191 CHEETAH_SIGNAL SENT_AFTER_TIME 4093.331707
1544199292911798 AUDIO_PLAYBACK_ONSET 76.wav
1544199294224297 AUDIO_PLAYBACK_DONE 76.wav
1544199294219908 CHEETAH_SIGNAL SENT_AFTER_TIME 4095.604259
1544199294255078 CHEETAH_SIGNAL SENT_AFTER_TIME 4095.639579
1544199295224297 AUDIO_PLAYBACK_ONSET 77.wav
1544199296271168 AUDIO_PLAYBACK_DONE 77.wav
1544199296264999 CHEETAH_SIGNAL SENT_AFTER_TIME 4097.649384
1544199296300437 CHEETAH_SIGNAL SENT_AFTER_TIME 4097.684928
1544199297271168 AUDIO_PLAYBACK_ONSET 78.wav
1544199298693032 AUDIO_PLAYBACK_DONE 78.wav
1544199298693246 CHEETAH_SIGNAL SENT_AFTER_TIME 4100.077618
1544199298728175 CHEETAH_SIGNAL SENT_AFTER_TIME 4100.112683
1544199299693032 AUDIO_PLAYBACK_ONSET 79.wav
1544199301005530 AUDIO_PLAYBACK_DONE 79.wav
1544199301001317 CHEETAH_SIGNAL SENT_AFTER_TIME 4102.385703
1544199301036371 CHEETAH_SIGNAL SENT_AFTER_TIME 4102.420867
1544199302005530 AUDIO_PLAYBACK_ONSET 80.wav
1544199303224262 AUDIO_PLAYBACK_DONE 80.wav
1544199303221716 CHEETAH_SIGNAL SENT_AFTER_TIME 4104.606093
1544199303256653 CHEETAH_SIGNAL SENT_AFTER_TIME 4104.641149
1544199304224262 AUDIO_PLAYBACK_ONSET 81.wav
1544199305411766 AUDIO_PLAYBACK_DONE 81.wav
1544199305409570 CHEETAH_SIGNAL SENT_AFTER_TIME 4106.793921
1544199305444539 CHEETAH_SIGNAL SENT_AFTER_TIME 4106.829017
1544199306411766 AUDIO_PLAYBACK_ONSET 82.wav
1544199307693018 AUDIO_PLAYBACK_DONE 82.wav
1544199307689574 CHEETAH_SIGNAL SENT_AFTER_TIME 4109.073944
1544199307725276 CHEETAH_SIGNAL SENT_AFTER_TIME 4109.109751
1544199308693018 AUDIO_PLAYBACK_ONSET 83.wav
1544199310380526 AUDIO_PLAYBACK_DONE 83.wav
1544199310381776 CHEETAH_SIGNAL SENT_AFTER_TIME 4111.766167
1544199310416767 CHEETAH_SIGNAL SENT_AFTER_TIME 4111.801209
1544199311380526 AUDIO_PLAYBACK_ONSET 84.wav
1544199312630505 AUDIO_PLAYBACK_DONE 84.wav
1544199312627300 CHEETAH_SIGNAL SENT_AFTER_TIME 4114.011674
1544199312662233 CHEETAH_SIGNAL SENT_AFTER_TIME 4114.046750
1544199313630505 AUDIO_PLAYBACK_ONSET 85.wav
1544199314974250 AUDIO_PLAYBACK_DONE 85.wav
1544199314970728 CHEETAH_SIGNAL SENT_AFTER_TIME 4116.355128
1544199314881846 KEY_PRESS l
1544199315005880 CHEETAH_SIGNAL SENT_AFTER_TIME 4116.390360
1544199315974250 AUDIO_PLAYBACK_ONSET 86.wav
1544199317286747 AUDIO_PLAYBACK_DONE 86.wav
1544199317282786 CHEETAH_SIGNAL SENT_AFTER_TIME 4118.667148
1544199315081832 KEY_PRESS l
1544199317317753 CHEETAH_SIGNAL SENT_AFTER_TIME 4118.702294
1544199318286747 AUDIO_PLAYBACK_ONSET 87.wav
1544199319396114 AUDIO_PLAYBACK_DONE 87.wav
1544199319400107 CHEETAH_SIGNAL SENT_AFTER_TIME 4120.784483
1544199319435074 CHEETAH_SIGNAL SENT_AFTER_TIME 4120.819586
1544199320396114 AUDIO_PLAYBACK_ONSET 88.wav
1544199321614866 AUDIO_PLAYBACK_DONE 88.wav
1544199321612103 CHEETAH_SIGNAL SENT_AFTER_TIME 4122.996524
1544199321647073 CHEETAH_SIGNAL SENT_AFTER_TIME 4123.031596
1544199322614866 AUDIO_PLAYBACK_ONSET 89.wav
1544199323544549 AUDIO_PLAYBACK_DONE 89.wav
1544199323542266 CHEETAH_SIGNAL SENT_AFTER_TIME 4124.926667
1544199323577795 CHEETAH_SIGNAL SENT_AFTER_TIME 4124.962229
1544199324544549 AUDIO_PLAYBACK_ONSET 90.wav
1544199325935165 AUDIO_PLAYBACK_DONE 90.wav
1544199325935928 CHEETAH_SIGNAL SENT_AFTER_TIME 4127.320303
1544199325970945 CHEETAH_SIGNAL SENT_AFTER_TIME 4127.355443
1544199326935165 AUDIO_PLAYBACK_ONSET 91.wav
1544199327841402 AUDIO_PLAYBACK_DONE 91.wav
1544199327842904 CHEETAH_SIGNAL SENT_AFTER_TIME 4129.227271
1544199327877898 CHEETAH_SIGNAL SENT_AFTER_TIME 4129.262377
1544199328841402 AUDIO_PLAYBACK_ONSET 92.wav
1544199330091385 AUDIO_PLAYBACK_DONE 92.wav
1544199330088993 CHEETAH_SIGNAL SENT_AFTER_TIME 4131.473409
1544199330123768 CHEETAH_SIGNAL SENT_AFTER_TIME 4131.508257
1544199331091385 AUDIO_PLAYBACK_ONSET 93.wav
1544199332607009 AUDIO_PLAYBACK_DONE 93.wav
1544199332606399 CHEETAH_SIGNAL SENT_AFTER_TIME 4133.990781
1544199332641466 CHEETAH_SIGNAL SENT_AFTER_TIME 4134.025957
1544199333607009 AUDIO_PLAYBACK_ONSET 94.wav
1544199334825743 AUDIO_PLAYBACK_DONE 94.wav
1544199334823112 CHEETAH_SIGNAL SENT_AFTER_TIME 4136.207491
1544199334858426 CHEETAH_SIGNAL SENT_AFTER_TIME 4136.242935
1544199335825743 AUDIO_PLAYBACK_ONSET 95.wav
1544199337099191 AUDIO_PLAYBACK_DONE 95.wav
1544199337093043 CHEETAH_SIGNAL SENT_AFTER_TIME 4138.477470
1544199337128076 CHEETAH_SIGNAL SENT_AFTER_TIME 4138.512518
1544199338099191 AUDIO_PLAYBACK_ONSET 96.wav
1544199339450736 AUDIO_PLAYBACK_DONE 96.wav
1544199339449990 CHEETAH_SIGNAL SENT_AFTER_TIME 4140.834361
1544199339485085 CHEETAH_SIGNAL SENT_AFTER_TIME 4140.869581
1544199340450736 AUDIO_PLAYBACK_ONSET 97.wav
1544199342103076 AUDIO_PLAYBACK_DONE 97.wav
1544199342099790 CHEETAH_SIGNAL SENT_AFTER_TIME 4143.484194
1544199342134828 CHEETAH_SIGNAL SENT_AFTER_TIME 4143.519323
1544199343103076 AUDIO_PLAYBACK_ONSET 98.wav
1544199344450739 AUDIO_PLAYBACK_DONE 98.wav
1544199344452545 CHEETAH_SIGNAL SENT_AFTER_TIME 4145.836920
1544199344487449 CHEETAH_SIGNAL SENT_AFTER_TIME 4145.871964
1544199345450739 AUDIO_PLAYBACK_ONSET 99.wav
1544199346544484 AUDIO_PLAYBACK_DONE 99.wav
1544199346542878 CHEETAH_SIGNAL SENT_AFTER_TIME 4147.927304
1544199346578408 CHEETAH_SIGNAL SENT_AFTER_TIME 4147.962894
1544199347544484 AUDIO_PLAYBACK_ONSET 100.wav
1544199348419497 AUDIO_PLAYBACK_DONE 100.wav
1544199348421967 CHEETAH_SIGNAL SENT_AFTER_TIME 4149.806350
1544199348456985 CHEETAH_SIGNAL SENT_AFTER_TIME 4149.841465
1544199349419497 AUDIO_PLAYBACK_ONSET 101.wav
1544199350653853 AUDIO_PLAYBACK_DONE 101.wav
1544199350656320 CHEETAH_SIGNAL SENT_AFTER_TIME 4152.040701
1544199350691230 CHEETAH_SIGNAL SENT_AFTER_TIME 4152.075763
1544199351653853 AUDIO_PLAYBACK_ONSET 102.wav
1544199353247599 AUDIO_PLAYBACK_DONE 102.wav
1544199353240877 CHEETAH_SIGNAL SENT_AFTER_TIME 4154.625255
1544199353274000 CHEETAH_SIGNAL SENT_AFTER_TIME 4154.658529
1544199354247599 AUDIO_PLAYBACK_ONSET 103.wav
1544199355638234 AUDIO_PLAYBACK_DONE 103.wav
1544199355638186 CHEETAH_SIGNAL SENT_AFTER_TIME 4157.022570
1544199355673125 CHEETAH_SIGNAL SENT_AFTER_TIME 4157.057606
1544199356638234 AUDIO_PLAYBACK_ONSET 104.wav
1544199358263226 AUDIO_PLAYBACK_DONE 104.wav
1544199358265961 CHEETAH_SIGNAL SENT_AFTER_TIME 4159.650372
1544199358301501 CHEETAH_SIGNAL SENT_AFTER_TIME 4159.685982
1544199359263226 AUDIO_PLAYBACK_ONSET 105.wav
1544199360478081 AUDIO_PLAYBACK_DONE 105.wav
1544199360478911 CHEETAH_SIGNAL SENT_AFTER_TIME 4161.863302
1544199360513861 CHEETAH_SIGNAL SENT_AFTER_TIME 4161.898337
1544199361478081 AUDIO_PLAYBACK_ONSET 106.wav
1544199362696812 AUDIO_PLAYBACK_DONE 106.wav
1544199362694357 CHEETAH_SIGNAL SENT_AFTER_TIME 4164.078791
1544199362729220 CHEETAH_SIGNAL SENT_AFTER_TIME 4164.113728
1544199363696812 AUDIO_PLAYBACK_ONSET 107.wav
1544199364860896 AUDIO_PLAYBACK_DONE 107.wav
1544199364861572 CHEETAH_SIGNAL SENT_AFTER_TIME 4166.245960
1544199364896606 CHEETAH_SIGNAL SENT_AFTER_TIME 4166.281108
1544199365860896 AUDIO_PLAYBACK_ONSET 108.wav
1544199367345252 AUDIO_PLAYBACK_DONE 108.wav
1544199367344492 CHEETAH_SIGNAL SENT_AFTER_TIME 4168.728880
1544199367379667 CHEETAH_SIGNAL SENT_AFTER_TIME 4168.764161
1544199368345252 AUDIO_PLAYBACK_ONSET 109.wav
1544199369790581 AUDIO_PLAYBACK_DONE 109.wav
1544199369788993 CHEETAH_SIGNAL SENT_AFTER_TIME 4171.173352
1544199369824292 CHEETAH_SIGNAL SENT_AFTER_TIME 4171.208793
1544199370790581 AUDIO_PLAYBACK_ONSET 110.wav
1544199372321855 AUDIO_PLAYBACK_DONE 110.wav
1544199372314322 CHEETAH_SIGNAL SENT_AFTER_TIME 4173.698772
1544199371961830 KEY_PRESS l
1544199372129804 KEY_PRESS l
1544199372349666 CHEETAH_SIGNAL SENT_AFTER_TIME 4173.734148
1544199373321855 AUDIO_PLAYBACK_ONSET 111.wav
1544199374603104 AUDIO_PLAYBACK_DONE 111.wav
1544199374599402 CHEETAH_SIGNAL SENT_AFTER_TIME 4175.983781
1544199374634771 CHEETAH_SIGNAL SENT_AFTER_TIME 4176.019266
1544199375603104 AUDIO_PLAYBACK_ONSET 112.wav
1544199376540589 AUDIO_PLAYBACK_DONE 112.wav
1544199376541664 CHEETAH_SIGNAL SENT_AFTER_TIME 4177.926020
1544199376576629 CHEETAH_SIGNAL SENT_AFTER_TIME 4177.961138
1544199377540589 AUDIO_PLAYBACK_ONSET 113.wav
1544199378759320 AUDIO_PLAYBACK_DONE 113.wav
1544199378758060 CHEETAH_SIGNAL SENT_AFTER_TIME 4180.142443
1544199378793100 CHEETAH_SIGNAL SENT_AFTER_TIME 4180.177601
1544199379759320 AUDIO_PLAYBACK_ONSET 114.wav
1544199380993676 AUDIO_PLAYBACK_DONE 114.wav
1544199380996269 CHEETAH_SIGNAL SENT_AFTER_TIME 4182.380641
1544199381031278 CHEETAH_SIGNAL SENT_AFTER_TIME 4182.415779
1544199381993676 AUDIO_PLAYBACK_ONSET 115.wav
1544199383790569 AUDIO_PLAYBACK_DONE 115.wav
1544199383785729 CHEETAH_SIGNAL SENT_AFTER_TIME 4185.170172
1544199383820686 CHEETAH_SIGNAL SENT_AFTER_TIME 4185.205168
1544199384790569 AUDIO_PLAYBACK_ONSET 116.wav
1544199385853065 AUDIO_PLAYBACK_DONE 116.wav
1544199385852771 CHEETAH_SIGNAL SENT_AFTER_TIME 4187.237157
1544199385888079 CHEETAH_SIGNAL SENT_AFTER_TIME 4187.272606
1544199386853065 AUDIO_PLAYBACK_ONSET 117.wav
1544199388228080 AUDIO_PLAYBACK_DONE 117.wav
1544199388224376 CHEETAH_SIGNAL SENT_AFTER_TIME 4189.608758
1544199388259346 CHEETAH_SIGNAL SENT_AFTER_TIME 4189.643827
1544199389228080 AUDIO_PLAYBACK_ONSET 118.wav
1544199390728060 AUDIO_PLAYBACK_DONE 118.wav
1544199390722555 CHEETAH_SIGNAL SENT_AFTER_TIME 4192.106932
1544199390757512 CHEETAH_SIGNAL SENT_AFTER_TIME 4192.142009
1544199391728060 AUDIO_PLAYBACK_ONSET 119.wav
1544199392884300 AUDIO_PLAYBACK_DONE 119.wav
1544199392882330 CHEETAH_SIGNAL SENT_AFTER_TIME 4194.266700
1544199392917373 CHEETAH_SIGNAL SENT_AFTER_TIME 4194.301867
1544199393884300 AUDIO_PLAYBACK_ONSET 120.wav
1544199395181171 AUDIO_PLAYBACK_DONE 120.wav
1544199395172071 CHEETAH_SIGNAL SENT_AFTER_TIME 4196.556448
1544199395207021 CHEETAH_SIGNAL SENT_AFTER_TIME 4196.591533
1544199396181171 AUDIO_PLAYBACK_ONSET 121.wav
1544199397618655 AUDIO_PLAYBACK_DONE 121.wav
1544199397613480 CHEETAH_SIGNAL SENT_AFTER_TIME 4198.997859
1544199397648794 CHEETAH_SIGNAL SENT_AFTER_TIME 4199.033274
1544199398618655 AUDIO_PLAYBACK_ONSET 122.wav
1544199399806142 AUDIO_PLAYBACK_DONE 122.wav
1544199399803532 CHEETAH_SIGNAL SENT_AFTER_TIME 4201.187911
1544199399838409 CHEETAH_SIGNAL SENT_AFTER_TIME 4201.222927
1544199400806142 AUDIO_PLAYBACK_ONSET 123.wav
1544199402103011 AUDIO_PLAYBACK_DONE 123.wav
1544199402105314 CHEETAH_SIGNAL SENT_AFTER_TIME 4203.489689
1544199402140270 CHEETAH_SIGNAL SENT_AFTER_TIME 4203.524761
1544199403103011 AUDIO_PLAYBACK_ONSET 124.wav
1544199404087370 AUDIO_PLAYBACK_DONE 124.wav
1544199404082799 CHEETAH_SIGNAL SENT_AFTER_TIME 4205.467156
1544199404117902 CHEETAH_SIGNAL SENT_AFTER_TIME 4205.502372
1544199405087370 AUDIO_PLAYBACK_ONSET 125.wav
1544199406212359 AUDIO_PLAYBACK_DONE 125.wav
1544199406210531 CHEETAH_SIGNAL SENT_AFTER_TIME 4207.594909
1544199406245208 CHEETAH_SIGNAL SENT_AFTER_TIME 4207.629678
1544199407212359 AUDIO_PLAYBACK_ONSET 126.wav
1544199408602995 AUDIO_PLAYBACK_DONE 126.wav
1544199408603443 CHEETAH_SIGNAL SENT_AFTER_TIME 4209.987804
1544199408638838 CHEETAH_SIGNAL SENT_AFTER_TIME 4210.023288
1544199409602995 AUDIO_PLAYBACK_ONSET 127.wav
1544199410782679 AUDIO_PLAYBACK_DONE 127.wav
1544199410777679 CHEETAH_SIGNAL SENT_AFTER_TIME 4212.162044
1544199408657778 KEY_PRESS l
1544199408825838 KEY_PRESS l
1544199410812463 CHEETAH_SIGNAL SENT_AFTER_TIME 4212.197026
1544199411782679 AUDIO_PLAYBACK_ONSET 128.wav
1544199413095176 AUDIO_PLAYBACK_DONE 128.wav
1544199413091299 CHEETAH_SIGNAL SENT_AFTER_TIME 4214.475679
1544199413126631 CHEETAH_SIGNAL SENT_AFTER_TIME 4214.511129
1544199414095176 AUDIO_PLAYBACK_ONSET 129.wav
1544199415220168 AUDIO_PLAYBACK_DONE 129.wav
1544199415218786 CHEETAH_SIGNAL SENT_AFTER_TIME 4216.603177
1544199415253747 CHEETAH_SIGNAL SENT_AFTER_TIME 4216.638229
1544199416220168 AUDIO_PLAYBACK_ONSET 130.wav
1544199417532661 AUDIO_PLAYBACK_DONE 130.wav
1544199417528607 CHEETAH_SIGNAL SENT_AFTER_TIME 4218.913025
1544199417563540 CHEETAH_SIGNAL SENT_AFTER_TIME 4218.948030
1544199418532661 AUDIO_PLAYBACK_ONSET 131.wav
1544199419407650 AUDIO_PLAYBACK_DONE 131.wav
1544199419408909 CHEETAH_SIGNAL SENT_AFTER_TIME 4220.793327
1544199419443967 CHEETAH_SIGNAL SENT_AFTER_TIME 4220.828467
1544199420407650 AUDIO_PLAYBACK_ONSET 132.wav
1544199422020937 AUDIO_PLAYBACK_DONE 132.wav
1544199422014961 CHEETAH_SIGNAL SENT_AFTER_TIME 4223.399364
1544199422049995 CHEETAH_SIGNAL SENT_AFTER_TIME 4223.434526
1544199423020937 AUDIO_PLAYBACK_ONSET 133.wav
1544199424349059 AUDIO_PLAYBACK_DONE 133.wav
1544199424351826 CHEETAH_SIGNAL SENT_AFTER_TIME 4225.736244
1544199424387148 CHEETAH_SIGNAL SENT_AFTER_TIME 4225.771664
1544199425349059 AUDIO_PLAYBACK_ONSET 134.wav
1544199426138107 AUDIO_PLAYBACK_DONE 134.wav
1544199426132680 CHEETAH_SIGNAL SENT_AFTER_TIME 4227.517039
1544199426167644 CHEETAH_SIGNAL SENT_AFTER_TIME 4227.552145
1544199427138107 AUDIO_PLAYBACK_ONSET 135.wav
1544199428188882 AUDIO_PLAYBACK_DONE 135.wav
1544199428189506 CHEETAH_SIGNAL SENT_AFTER_TIME 4229.573878
1544199428224392 CHEETAH_SIGNAL SENT_AFTER_TIME 4229.608925
1544199429188882 AUDIO_PLAYBACK_ONSET 136.wav
1544199430806048 AUDIO_PLAYBACK_DONE 136.wav
1544199430807447 CHEETAH_SIGNAL SENT_AFTER_TIME 4232.191825
1544199430842335 CHEETAH_SIGNAL SENT_AFTER_TIME 4232.226862
1544199431806048 AUDIO_PLAYBACK_ONSET 137.wav
1544199433227908 AUDIO_PLAYBACK_DONE 137.wav
1544199433228022 CHEETAH_SIGNAL SENT_AFTER_TIME 4234.612455
1544199433262732 CHEETAH_SIGNAL SENT_AFTER_TIME 4234.647198
1544199434227908 AUDIO_PLAYBACK_ONSET 138.wav
1544199435431017 AUDIO_PLAYBACK_DONE 138.wav
1544199435433984 CHEETAH_SIGNAL SENT_AFTER_TIME 4236.818357
1544199435469368 CHEETAH_SIGNAL SENT_AFTER_TIME 4236.853891
1544199436431017 AUDIO_PLAYBACK_ONSET 139.wav
1544199437610697 AUDIO_PLAYBACK_DONE 139.wav
1544199437605914 CHEETAH_SIGNAL SENT_AFTER_TIME 4238.990285
1544199437641130 CHEETAH_SIGNAL SENT_AFTER_TIME 4239.025607
1544199438610697 AUDIO_PLAYBACK_ONSET 140.wav
1544199439891946 AUDIO_PLAYBACK_DONE 140.wav
1544199439888338 CHEETAH_SIGNAL SENT_AFTER_TIME 4241.272725
1544199439923246 CHEETAH_SIGNAL SENT_AFTER_TIME 4241.307764
1544199440891946 AUDIO_PLAYBACK_ONSET 141.wav
1544199441962241 AUDIO_PLAYBACK_DONE 141.wav
1544199441955059 CHEETAH_SIGNAL SENT_AFTER_TIME 4243.339428
1544199441990011 CHEETAH_SIGNAL SENT_AFTER_TIME 4243.374483
1544199442962241 AUDIO_PLAYBACK_ONSET 142.wav
1544199444407571 AUDIO_PLAYBACK_DONE 142.wav
1544199444404775 CHEETAH_SIGNAL SENT_AFTER_TIME 4245.789157
1544199444439743 CHEETAH_SIGNAL SENT_AFTER_TIME 4245.824212
1544199445407571 AUDIO_PLAYBACK_ONSET 143.wav
1544199446524760 AUDIO_PLAYBACK_DONE 143.wav
1544199446529206 CHEETAH_SIGNAL SENT_AFTER_TIME 4247.913592
1544199446564477 CHEETAH_SIGNAL SENT_AFTER_TIME 4247.949001
1544199447524760 AUDIO_PLAYBACK_ONSET 144.wav
1544199448837255 AUDIO_PLAYBACK_DONE 144.wav
1544199448832682 CHEETAH_SIGNAL SENT_AFTER_TIME 4250.217071
1544199448867585 CHEETAH_SIGNAL SENT_AFTER_TIME 4250.252103
1544199449837255 AUDIO_PLAYBACK_ONSET 145.wav
1544199451227871 AUDIO_PLAYBACK_DONE 145.wav
1544199451229107 CHEETAH_SIGNAL SENT_AFTER_TIME 4252.613502
1544199451264050 CHEETAH_SIGNAL SENT_AFTER_TIME 4252.648565
1544199452227871 AUDIO_PLAYBACK_ONSET 146.wav
1544199453602858 AUDIO_PLAYBACK_DONE 146.wav
1544199453599908 CHEETAH_SIGNAL SENT_AFTER_TIME 4254.984290
1544199453634774 CHEETAH_SIGNAL SENT_AFTER_TIME 4255.019266
1544199454602858 AUDIO_PLAYBACK_ONSET 147.wav
1544199455954402 AUDIO_PLAYBACK_DONE 147.wav
1544199455952835 CHEETAH_SIGNAL SENT_AFTER_TIME 4257.337222
1544199455987848 CHEETAH_SIGNAL SENT_AFTER_TIME 4257.372322
1544199456954402 AUDIO_PLAYBACK_ONSET 148.wav
1544199458220051 AUDIO_PLAYBACK_DONE 148.wav
1544199458221679 CHEETAH_SIGNAL SENT_AFTER_TIME 4259.606056
1544199458257030 CHEETAH_SIGNAL SENT_AFTER_TIME 4259.641522
1544199459220051 AUDIO_PLAYBACK_ONSET 149.wav
1544199460376287 AUDIO_PLAYBACK_DONE 149.wav
1544199460374087 CHEETAH_SIGNAL SENT_AFTER_TIME 4261.758488
1544199458369828 KEY_PRESS l
1544199458537830 KEY_PRESS l
1544199460409526 CHEETAH_SIGNAL SENT_AFTER_TIME 4261.793988
1544199461376287 AUDIO_PLAYBACK_ONSET 150.wav
1544199462626289 AUDIO_PLAYBACK_DONE 150.wav
1544199462623269 CHEETAH_SIGNAL SENT_AFTER_TIME 4264.007650
1544199462658671 CHEETAH_SIGNAL SENT_AFTER_TIME 4264.043139
1544199463626289 AUDIO_PLAYBACK_ONSET 151.wav
1544199464657537 AUDIO_PLAYBACK_DONE 151.wav
1544199464658095 CHEETAH_SIGNAL SENT_AFTER_TIME 4266.042465
1544199464692674 CHEETAH_SIGNAL SENT_AFTER_TIME 4266.077183
1544199465657537 AUDIO_PLAYBACK_ONSET 152.wav
1544199466720055 AUDIO_PLAYBACK_DONE 152.wav
1544199466719661 CHEETAH_SIGNAL SENT_AFTER_TIME 4268.104050
