1544200821254198 CHEETAH_SIGNAL SENT_AFTER_TIME 5622.710115
1544200823677217 CHEETAH_SIGNAL SENT_AFTER_TIME 5625.133068
1544200823737018 CHEETAH_SIGNAL SENT_AFTER_TIME 5625.192738
1544200823735090 DISPLAY_INSTRUCTIONS Stimuli/instructions_audio_sentences.png
1544200832653073 KEY_PRESS space
1544200832654379 CHEETAH_SIGNAL SENT_AFTER_TIME 5634.110223
1544200832759240 CHEETAH_SIGNAL SENT_AFTER_TIME 5634.214961
1544200832757443 DISPLAY_INSTRUCTIONS OFF
1544200832807901 CHEETAH_SIGNAL SENT_AFTER_TIME 5634.263665
1544200832841130 CHEETAH_SIGNAL SENT_AFTER_TIME 5634.296975
1544200832892256 CHEETAH_SIGNAL SENT_AFTER_TIME 5634.347986
1544200832890488 DISPLAY_FIXATION
1544200836092480 CHEETAH_SIGNAL SENT_AFTER_TIME 5637.548192
1544200836137289 AUDIO_PLAYBACK_ONSET 44.wav
1544200837324794 AUDIO_PLAYBACK_DONE 44.wav
1544200837323896 CHEETAH_SIGNAL SENT_AFTER_TIME 5638.779687
1544200832650343 KEY_PRESS space
1544200832690338 KEY_PRESS space
1544200837170474 KEY_PRESS l
1544200837346442 KEY_PRESS l
1544200837360416 CHEETAH_SIGNAL SENT_AFTER_TIME 5638.816252
1544200838324794 AUDIO_PLAYBACK_ONSET 125.wav
1544200839449788 AUDIO_PLAYBACK_DONE 125.wav
1544200839448920 CHEETAH_SIGNAL SENT_AFTER_TIME 5640.904651
1544200839483538 CHEETAH_SIGNAL SENT_AFTER_TIME 5640.939402
1544200840449788 AUDIO_PLAYBACK_ONSET 86.wav
1544200841762309 AUDIO_PLAYBACK_DONE 86.wav
1544200841759666 CHEETAH_SIGNAL SENT_AFTER_TIME 5643.215372
1544200841794715 CHEETAH_SIGNAL SENT_AFTER_TIME 5643.250546
1544200842762309 AUDIO_PLAYBACK_ONSET 9.wav
1544200844012287 AUDIO_PLAYBACK_DONE 9.wav
1544200844010261 CHEETAH_SIGNAL SENT_AFTER_TIME 5645.466052
1544200842642516 KEY_PRESS l
1544200842770515 KEY_PRESS l
1544200844045806 CHEETAH_SIGNAL SENT_AFTER_TIME 5645.501619
1544200845012287 AUDIO_PLAYBACK_ONSET 41.wav
1544200846238844 AUDIO_PLAYBACK_DONE 41.wav
1544200846239797 CHEETAH_SIGNAL SENT_AFTER_TIME 5647.695530
1544200846274734 CHEETAH_SIGNAL SENT_AFTER_TIME 5647.730595
1544200847238844 AUDIO_PLAYBACK_ONSET 109.wav
1544200848684152 AUDIO_PLAYBACK_DONE 109.wav
1544200848683108 CHEETAH_SIGNAL SENT_AFTER_TIME 5650.138878
1544200848718066 CHEETAH_SIGNAL SENT_AFTER_TIME 5650.173905
1544200849684152 AUDIO_PLAYBACK_ONSET 34.wav
1544200851059145 AUDIO_PLAYBACK_DONE 34.wav
1544200851055710 CHEETAH_SIGNAL SENT_AFTER_TIME 5652.511445
1544200851090241 CHEETAH_SIGNAL SENT_AFTER_TIME 5652.546066
1544200852059145 AUDIO_PLAYBACK_ONSET 53.wav
1544200853559150 AUDIO_PLAYBACK_DONE 53.wav
1544200853554547 CHEETAH_SIGNAL SENT_AFTER_TIME 5655.010273
1544200853589884 CHEETAH_SIGNAL SENT_AFTER_TIME 5655.045747
1544200854559150 AUDIO_PLAYBACK_ONSET 15.wav
1544200855621647 AUDIO_PLAYBACK_DONE 15.wav
1544200855621540 CHEETAH_SIGNAL SENT_AFTER_TIME 5657.077275
1544200855656544 CHEETAH_SIGNAL SENT_AFTER_TIME 5657.112338
1544200856621647 AUDIO_PLAYBACK_ONSET 106.wav
1544200857840403 AUDIO_PLAYBACK_DONE 106.wav
1544200857838529 CHEETAH_SIGNAL SENT_AFTER_TIME 5659.294315
1544200857873620 CHEETAH_SIGNAL SENT_AFTER_TIME 5659.329466
1544200858840403 AUDIO_PLAYBACK_ONSET 130.wav
1544200860152899 AUDIO_PLAYBACK_DONE 130.wav
1544200860151445 CHEETAH_SIGNAL SENT_AFTER_TIME 5661.607171
1544200860186438 CHEETAH_SIGNAL SENT_AFTER_TIME 5661.642279
1544200861152899 AUDIO_PLAYBACK_ONSET 123.wav
1544200862449775 AUDIO_PLAYBACK_DONE 123.wav
1544200862442514 CHEETAH_SIGNAL SENT_AFTER_TIME 5663.898280
1544200862477537 CHEETAH_SIGNAL SENT_AFTER_TIME 5663.933336
1544200863449775 AUDIO_PLAYBACK_ONSET 28.wav
1544200864949775 AUDIO_PLAYBACK_DONE 28.wav
1544200864944690 CHEETAH_SIGNAL SENT_AFTER_TIME 5666.400476
1544200864980089 CHEETAH_SIGNAL SENT_AFTER_TIME 5666.435913
1544200865949775 AUDIO_PLAYBACK_ONSET 21.wav
1544200866918511 AUDIO_PLAYBACK_DONE 21.wav
1544200866920568 CHEETAH_SIGNAL SENT_AFTER_TIME 5668.376303
1544200866955673 CHEETAH_SIGNAL SENT_AFTER_TIME 5668.411532
1544200867918511 AUDIO_PLAYBACK_ONSET 147.wav
1544200869270057 AUDIO_PLAYBACK_DONE 147.wav
1544200869269985 CHEETAH_SIGNAL SENT_AFTER_TIME 5670.725721
1544200869304981 CHEETAH_SIGNAL SENT_AFTER_TIME 5670.760816
1544200870270057 AUDIO_PLAYBACK_ONSET 78.wav
1544200871691921 AUDIO_PLAYBACK_DONE 78.wav
1544200871692482 CHEETAH_SIGNAL SENT_AFTER_TIME 5673.148234
1544200871727490 CHEETAH_SIGNAL SENT_AFTER_TIME 5673.183323
1544200872691921 AUDIO_PLAYBACK_ONSET 51.wav
1544200874035668 AUDIO_PLAYBACK_DONE 51.wav
1544200874031605 CHEETAH_SIGNAL SENT_AFTER_TIME 5675.487362
1544200874066621 CHEETAH_SIGNAL SENT_AFTER_TIME 5675.522483
1544200875035668 AUDIO_PLAYBACK_ONSET 116.wav
1544200876098166 AUDIO_PLAYBACK_DONE 116.wav
1544200876097644 CHEETAH_SIGNAL SENT_AFTER_TIME 5677.553394
1544200874314465 KEY_PRESS l
1544200874458470 KEY_PRESS l
1544200876133863 CHEETAH_SIGNAL SENT_AFTER_TIME 5677.589723
1544200877098166 AUDIO_PLAYBACK_ONSET 138.wav
1544200878301277 AUDIO_PLAYBACK_DONE 138.wav
1544200878294446 CHEETAH_SIGNAL SENT_AFTER_TIME 5679.750190
1544200878329444 CHEETAH_SIGNAL SENT_AFTER_TIME 5679.785276
1544200879301277 AUDIO_PLAYBACK_ONSET 60.wav
1544200881082530 AUDIO_PLAYBACK_DONE 60.wav
1544200881084140 CHEETAH_SIGNAL SENT_AFTER_TIME 5682.539877
1544200881119527 CHEETAH_SIGNAL SENT_AFTER_TIME 5682.575352
1544200882082530 AUDIO_PLAYBACK_ONSET 33.wav
1544200883223143 AUDIO_PLAYBACK_DONE 33.wav
1544200883227608 CHEETAH_SIGNAL SENT_AFTER_TIME 5684.683338
1544200883262600 CHEETAH_SIGNAL SENT_AFTER_TIME 5684.718466
1544200884223143 AUDIO_PLAYBACK_ONSET 47.wav
1544200885457522 AUDIO_PLAYBACK_DONE 47.wav
1544200885461106 CHEETAH_SIGNAL SENT_AFTER_TIME 5686.916849
1544200885496096 CHEETAH_SIGNAL SENT_AFTER_TIME 5686.951957
1544200886457522 AUDIO_PLAYBACK_ONSET 152.wav
1544200887520018 AUDIO_PLAYBACK_DONE 152.wav
1544200887519691 CHEETAH_SIGNAL SENT_AFTER_TIME 5688.975421
1544200887554817 CHEETAH_SIGNAL SENT_AFTER_TIME 5689.010670
1544200888520018 AUDIO_PLAYBACK_ONSET 82.wav
1544200889801270 AUDIO_PLAYBACK_DONE 82.wav
1544200889799439 CHEETAH_SIGNAL SENT_AFTER_TIME 5691.255175
1544200889834441 CHEETAH_SIGNAL SENT_AFTER_TIME 5691.290272
1544200890801270 AUDIO_PLAYBACK_ONSET 22.wav
1544200891957509 AUDIO_PLAYBACK_DONE 22.wav
1544200891956466 CHEETAH_SIGNAL SENT_AFTER_TIME 5693.412241
1544200891991834 CHEETAH_SIGNAL SENT_AFTER_TIME 5693.447685
1544200892957509 AUDIO_PLAYBACK_ONSET 52.wav
1544200894207490 AUDIO_PLAYBACK_DONE 52.wav
1544200894205662 CHEETAH_SIGNAL SENT_AFTER_TIME 5695.661411
1544200894240683 CHEETAH_SIGNAL SENT_AFTER_TIME 5695.696540
1544200895207490 AUDIO_PLAYBACK_ONSET 73.wav
1544200896598109 AUDIO_PLAYBACK_DONE 73.wav
1544200896589873 CHEETAH_SIGNAL SENT_AFTER_TIME 5698.045636
1544200896624885 CHEETAH_SIGNAL SENT_AFTER_TIME 5698.080721
1544200897598109 AUDIO_PLAYBACK_ONSET 115.wav
1544200899394982 AUDIO_PLAYBACK_DONE 115.wav
1544200899393527 CHEETAH_SIGNAL SENT_AFTER_TIME 5700.849274
1544200899428505 CHEETAH_SIGNAL SENT_AFTER_TIME 5700.884366
1544200900394982 AUDIO_PLAYBACK_ONSET 89.wav
1544200901324669 AUDIO_PLAYBACK_DONE 89.wav
1544200901323715 CHEETAH_SIGNAL SENT_AFTER_TIME 5702.779457
1544200901358748 CHEETAH_SIGNAL SENT_AFTER_TIME 5702.814579
1544200902324669 AUDIO_PLAYBACK_ONSET 18.wav
1544200903824648 AUDIO_PLAYBACK_DONE 18.wav
1544200903820199 CHEETAH_SIGNAL SENT_AFTER_TIME 5705.275874
1544200903674372 KEY_PRESS l
1544200903850419 KEY_PRESS l
1544200903855167 CHEETAH_SIGNAL SENT_AFTER_TIME 5705.311016
1544200904824648 AUDIO_PLAYBACK_ONSET 57.wav
1544200906059007 AUDIO_PLAYBACK_DONE 57.wav
1544200906052170 CHEETAH_SIGNAL SENT_AFTER_TIME 5707.508008
1544200905866459 KEY_PRESS l
1544200906050470 KEY_PRESS l
1544200906087095 CHEETAH_SIGNAL SENT_AFTER_TIME 5707.542948
1544200907059007 AUDIO_PLAYBACK_ONSET 101.wav
1544200908293362 AUDIO_PLAYBACK_DONE 101.wav
1544200908287766 CHEETAH_SIGNAL SENT_AFTER_TIME 5709.743508
1544200908322744 CHEETAH_SIGNAL SENT_AFTER_TIME 5709.778577
1544200909293362 AUDIO_PLAYBACK_ONSET 12.wav
1544200910699602 AUDIO_PLAYBACK_DONE 12.wav
1544200910695935 CHEETAH_SIGNAL SENT_AFTER_TIME 5712.151665
1544200910731009 CHEETAH_SIGNAL SENT_AFTER_TIME 5712.186860
1544200911699602 AUDIO_PLAYBACK_ONSET 124.wav
1544200912683980 AUDIO_PLAYBACK_DONE 124.wav
1544200912679714 CHEETAH_SIGNAL SENT_AFTER_TIME 5714.135463
1544200912715010 CHEETAH_SIGNAL SENT_AFTER_TIME 5714.170874
1544200913683980 AUDIO_PLAYBACK_ONSET 10.wav
1544200914808971 AUDIO_PLAYBACK_DONE 10.wav
1544200914808131 CHEETAH_SIGNAL SENT_AFTER_TIME 5716.263882
1544200914843143 CHEETAH_SIGNAL SENT_AFTER_TIME 5716.298978
1544200915808971 AUDIO_PLAYBACK_ONSET 40.wav
1544200917246458 AUDIO_PLAYBACK_DONE 40.wav
1544200917241957 CHEETAH_SIGNAL SENT_AFTER_TIME 5718.697718
1544200917277114 CHEETAH_SIGNAL SENT_AFTER_TIME 5718.732941
1544200918246458 AUDIO_PLAYBACK_ONSET 128.wav
1544200919558956 AUDIO_PLAYBACK_DONE 128.wav
1544200919556017 CHEETAH_SIGNAL SENT_AFTER_TIME 5721.011754
1544200919591068 CHEETAH_SIGNAL SENT_AFTER_TIME 5721.046936
1544200920558956 AUDIO_PLAYBACK_ONSET 32.wav
1544200921793313 AUDIO_PLAYBACK_DONE 32.wav
1544200921786484 CHEETAH_SIGNAL SENT_AFTER_TIME 5723.242222
1544200921821525 CHEETAH_SIGNAL SENT_AFTER_TIME 5723.277374
1544200922793313 AUDIO_PLAYBACK_ONSET 121.wav
1544200924230797 AUDIO_PLAYBACK_DONE 121.wav
1544200924227036 CHEETAH_SIGNAL SENT_AFTER_TIME 5725.682836
1544200924262455 CHEETAH_SIGNAL SENT_AFTER_TIME 5725.718293
1544200925230797 AUDIO_PLAYBACK_ONSET 16.wav
1544200926699530 AUDIO_PLAYBACK_DONE 16.wav
1544200926694475 CHEETAH_SIGNAL SENT_AFTER_TIME 5728.150233
1544200926729493 CHEETAH_SIGNAL SENT_AFTER_TIME 5728.185304
1544200927699530 AUDIO_PLAYBACK_ONSET 58.wav
1544200928926088 AUDIO_PLAYBACK_DONE 58.wav
1544200928926802 CHEETAH_SIGNAL SENT_AFTER_TIME 5730.382542
1544200928961901 CHEETAH_SIGNAL SENT_AFTER_TIME 5730.417764
1544200929926088 AUDIO_PLAYBACK_ONSET 104.wav
1544200931551082 AUDIO_PLAYBACK_DONE 104.wav
1544200931545288 CHEETAH_SIGNAL SENT_AFTER_TIME 5733.001012
1544200931580282 CHEETAH_SIGNAL SENT_AFTER_TIME 5733.036111
1544200932551082 AUDIO_PLAYBACK_ONSET 27.wav
1544200934238566 AUDIO_PLAYBACK_DONE 27.wav
1544200934242040 CHEETAH_SIGNAL SENT_AFTER_TIME 5735.697812
1544200934277052 CHEETAH_SIGNAL SENT_AFTER_TIME 5735.732896
1544200935238566 AUDIO_PLAYBACK_ONSET 49.wav
1544200936504194 AUDIO_PLAYBACK_DONE 49.wav
1544200936508448 CHEETAH_SIGNAL SENT_AFTER_TIME 5737.964162
1544200936543564 CHEETAH_SIGNAL SENT_AFTER_TIME 5737.999428
1544200937504194 AUDIO_PLAYBACK_ONSET 88.wav
1544200938722927 AUDIO_PLAYBACK_DONE 88.wav
1544200938720746 CHEETAH_SIGNAL SENT_AFTER_TIME 5740.176478
1544200936562486 KEY_PRESS l
1544200936706479 KEY_PRESS l
1544200938756161 CHEETAH_SIGNAL SENT_AFTER_TIME 5740.211999
1544200939722927 AUDIO_PLAYBACK_ONSET 13.wav
1544200941566671 AUDIO_PLAYBACK_DONE 13.wav
1544200941567899 CHEETAH_SIGNAL SENT_AFTER_TIME 5743.023694
1544200941210521 KEY_PRESS l
1544200941394469 KEY_PRESS l
1544200941603737 CHEETAH_SIGNAL SENT_AFTER_TIME 5743.059571
1544200942566671 AUDIO_PLAYBACK_ONSET 102.wav
1544200944160413 AUDIO_PLAYBACK_DONE 102.wav
1544200944153973 CHEETAH_SIGNAL SENT_AFTER_TIME 5745.609705
1544200944189068 CHEETAH_SIGNAL SENT_AFTER_TIME 5745.644927
1544200945160413 AUDIO_PLAYBACK_ONSET 45.wav
1544200946254158 AUDIO_PLAYBACK_DONE 45.wav
1544200946254047 CHEETAH_SIGNAL SENT_AFTER_TIME 5747.709778
1544200946289413 CHEETAH_SIGNAL SENT_AFTER_TIME 5747.745254
1544200947254158 AUDIO_PLAYBACK_ONSET 71.wav
1544200948254141 AUDIO_PLAYBACK_DONE 71.wav
1544200948254747 CHEETAH_SIGNAL SENT_AFTER_TIME 5749.710478
1544200948290160 CHEETAH_SIGNAL SENT_AFTER_TIME 5749.745948
1544200949254141 AUDIO_PLAYBACK_ONSET 137.wav
1544200950676002 AUDIO_PLAYBACK_DONE 137.wav
1544200950676937 CHEETAH_SIGNAL SENT_AFTER_TIME 5752.132675
1544200950712039 CHEETAH_SIGNAL SENT_AFTER_TIME 5752.167892
1544200951676002 AUDIO_PLAYBACK_ONSET 66.wav
1544200952886936 AUDIO_PLAYBACK_DONE 66.wav
1544200952883548 CHEETAH_SIGNAL SENT_AFTER_TIME 5754.339242
1544200952918514 CHEETAH_SIGNAL SENT_AFTER_TIME 5754.374333
1544200953886936 AUDIO_PLAYBACK_ONSET 105.wav
1544200955101766 AUDIO_PLAYBACK_DONE 105.wav
1544200955104343 CHEETAH_SIGNAL SENT_AFTER_TIME 5756.560090
1544200955139357 CHEETAH_SIGNAL SENT_AFTER_TIME 5756.595188
1544200956101766 AUDIO_PLAYBACK_ONSET 2.wav
1544200957523629 AUDIO_PLAYBACK_DONE 2.wav
1544200957524567 CHEETAH_SIGNAL SENT_AFTER_TIME 5758.980304
1544200957560213 CHEETAH_SIGNAL SENT_AFTER_TIME 5759.016064
1544200958523629 AUDIO_PLAYBACK_ONSET 90.wav
1544200959914246 AUDIO_PLAYBACK_DONE 90.wav
1544200959915640 CHEETAH_SIGNAL SENT_AFTER_TIME 5761.371363
1544200959950581 CHEETAH_SIGNAL SENT_AFTER_TIME 5761.406453
1544200960914246 AUDIO_PLAYBACK_ONSET 74.wav
1544200962101730 AUDIO_PLAYBACK_DONE 74.wav
1544200962100825 CHEETAH_SIGNAL SENT_AFTER_TIME 5763.556566
1544200962135838 CHEETAH_SIGNAL SENT_AFTER_TIME 5763.591677
1544200963101730 AUDIO_PLAYBACK_ONSET 31.wav
1544200964351711 AUDIO_PLAYBACK_DONE 31.wav
1544200964349795 CHEETAH_SIGNAL SENT_AFTER_TIME 5765.805494
1544200962314481 KEY_PRESS l
1544200962482468 KEY_PRESS l
1544200964385179 CHEETAH_SIGNAL SENT_AFTER_TIME 5765.841037
1544200965351711 AUDIO_PLAYBACK_ONSET 141.wav
1544200966422008 AUDIO_PLAYBACK_DONE 141.wav
1544200966413809 CHEETAH_SIGNAL SENT_AFTER_TIME 5767.869550
1544200966448754 CHEETAH_SIGNAL SENT_AFTER_TIME 5767.904622
1544200967422008 AUDIO_PLAYBACK_ONSET 25.wav
1544200968921990 AUDIO_PLAYBACK_DONE 25.wav
1544200968917485 CHEETAH_SIGNAL SENT_AFTER_TIME 5770.373237
1544200968952456 CHEETAH_SIGNAL SENT_AFTER_TIME 5770.408268
1544200969921990 AUDIO_PLAYBACK_ONSET 3.wav
1544200971414191 AUDIO_PLAYBACK_DONE 3.wav
1544200971417223 CHEETAH_SIGNAL SENT_AFTER_TIME 5772.873014
1544200970914487 KEY_PRESS l
1544200971146470 KEY_PRESS l
1544200971452615 CHEETAH_SIGNAL SENT_AFTER_TIME 5772.908453
1544200972414191 AUDIO_PLAYBACK_ONSET 37.wav
1544200973507934 AUDIO_PLAYBACK_DONE 37.wav
1544200973508881 CHEETAH_SIGNAL SENT_AFTER_TIME 5774.964634
1544200973543987 CHEETAH_SIGNAL SENT_AFTER_TIME 5774.999845
1544200974507934 AUDIO_PLAYBACK_ONSET 62.wav
1544200975976669 AUDIO_PLAYBACK_DONE 62.wav
1544200975972242 CHEETAH_SIGNAL SENT_AFTER_TIME 5777.427977
1544200976007221 CHEETAH_SIGNAL SENT_AFTER_TIME 5777.463054
1544200976976669 AUDIO_PLAYBACK_ONSET 20.wav
1544200978195402 AUDIO_PLAYBACK_DONE 20.wav
1544200978193853 CHEETAH_SIGNAL SENT_AFTER_TIME 5779.649606
1544200978229236 CHEETAH_SIGNAL SENT_AFTER_TIME 5779.685094
1544200979195402 AUDIO_PLAYBACK_ONSET 7.wav
1544200980289146 AUDIO_PLAYBACK_DONE 7.wav
1544200980288611 CHEETAH_SIGNAL SENT_AFTER_TIME 5781.744349
1544200980323653 CHEETAH_SIGNAL SENT_AFTER_TIME 5781.779489
1544200981289146 AUDIO_PLAYBACK_ONSET 85.wav
1544200982632888 AUDIO_PLAYBACK_DONE 85.wav
1544200982629552 CHEETAH_SIGNAL SENT_AFTER_TIME 5784.085331
1544200982434481 KEY_PRESS l
1544200982618469 KEY_PRESS l
1544200982665251 CHEETAH_SIGNAL SENT_AFTER_TIME 5784.121111
1544200983632888 AUDIO_PLAYBACK_ONSET 65.wav
1544200985007880 AUDIO_PLAYBACK_DONE 65.wav
1544200985005552 CHEETAH_SIGNAL SENT_AFTER_TIME 5786.461250
1544200985040726 CHEETAH_SIGNAL SENT_AFTER_TIME 5786.496563
1544200986007880 AUDIO_PLAYBACK_ONSET 81.wav
1544200987195388 AUDIO_PLAYBACK_DONE 81.wav
1544200987194430 CHEETAH_SIGNAL SENT_AFTER_TIME 5788.650160
1544200987229438 CHEETAH_SIGNAL SENT_AFTER_TIME 5788.685280
1544200988195388 AUDIO_PLAYBACK_ONSET 26.wav
1544200989554755 AUDIO_PLAYBACK_DONE 26.wav
1544200989557062 CHEETAH_SIGNAL SENT_AFTER_TIME 5791.012799
1544200989592091 CHEETAH_SIGNAL SENT_AFTER_TIME 5791.047907
1544200990554755 AUDIO_PLAYBACK_ONSET 56.wav
1544200992336007 AUDIO_PLAYBACK_DONE 56.wav
1544200992337342 CHEETAH_SIGNAL SENT_AFTER_TIME 5793.793083
1544200992372358 CHEETAH_SIGNAL SENT_AFTER_TIME 5793.828190
1544200993336007 AUDIO_PLAYBACK_ONSET 150.wav
1544200994585989 AUDIO_PLAYBACK_DONE 150.wav
1544200994584199 CHEETAH_SIGNAL SENT_AFTER_TIME 5796.039936
1544200994619712 CHEETAH_SIGNAL SENT_AFTER_TIME 5796.075576
1544200995585989 AUDIO_PLAYBACK_ONSET 117.wav
1544200996960979 AUDIO_PLAYBACK_DONE 117.wav
1544200996957868 CHEETAH_SIGNAL SENT_AFTER_TIME 5798.413598
1544200996992923 CHEETAH_SIGNAL SENT_AFTER_TIME 5798.448799
1544200997960979 AUDIO_PLAYBACK_ONSET 23.wav
1544200999460960 AUDIO_PLAYBACK_DONE 23.wav
1544200999456375 CHEETAH_SIGNAL SENT_AFTER_TIME 5800.912121
1544200999491184 CHEETAH_SIGNAL SENT_AFTER_TIME 5800.947049
1544201000460960 AUDIO_PLAYBACK_ONSET 96.wav
1544201001812525 AUDIO_PLAYBACK_DONE 96.wav
1544201001813153 CHEETAH_SIGNAL SENT_AFTER_TIME 5803.268896
1544201001848264 CHEETAH_SIGNAL SENT_AFTER_TIME 5803.304098
1544201002812525 AUDIO_PLAYBACK_ONSET 76.wav
1544201004125024 AUDIO_PLAYBACK_DONE 76.wav
1544201004122199 CHEETAH_SIGNAL SENT_AFTER_TIME 5805.577935
1544201004157175 CHEETAH_SIGNAL SENT_AFTER_TIME 5805.613040
1544201005125024 AUDIO_PLAYBACK_ONSET 80.wav
1544201006343779 AUDIO_PLAYBACK_DONE 80.wav
1544201006342295 CHEETAH_SIGNAL SENT_AFTER_TIME 5807.798052
1544201006377676 CHEETAH_SIGNAL SENT_AFTER_TIME 5807.833537
1544201007343779 AUDIO_PLAYBACK_ONSET 54.wav
1544201008593760 AUDIO_PLAYBACK_DONE 54.wav
1544201008590546 CHEETAH_SIGNAL SENT_AFTER_TIME 5810.046278
1544201008625523 CHEETAH_SIGNAL SENT_AFTER_TIME 5810.081378
1544201009593760 AUDIO_PLAYBACK_ONSET 72.wav
1544201011078138 AUDIO_PLAYBACK_DONE 72.wav
1544201011078541 CHEETAH_SIGNAL SENT_AFTER_TIME 5812.534297
1544201011113555 CHEETAH_SIGNAL SENT_AFTER_TIME 5812.569378
1544201012078138 AUDIO_PLAYBACK_ONSET 4.wav
1544201013134760 AUDIO_PLAYBACK_DONE 4.wav
1544201013131423 CHEETAH_SIGNAL SENT_AFTER_TIME 5814.587154
1544201013166411 CHEETAH_SIGNAL SENT_AFTER_TIME 5814.622267
1544201014134760 AUDIO_PLAYBACK_ONSET 132.wav
1544201015748030 AUDIO_PLAYBACK_DONE 132.wav
1544201015743496 CHEETAH_SIGNAL SENT_AFTER_TIME 5817.199284
1544201015778527 CHEETAH_SIGNAL SENT_AFTER_TIME 5817.234377
1544201016748030 AUDIO_PLAYBACK_ONSET 98.wav
1544201018095696 AUDIO_PLAYBACK_DONE 98.wav
1544201018098998 CHEETAH_SIGNAL SENT_AFTER_TIME 5819.554776
1544201018134406 CHEETAH_SIGNAL SENT_AFTER_TIME 5819.590212
1544201019095696 AUDIO_PLAYBACK_ONSET 64.wav
1544201020080072 AUDIO_PLAYBACK_DONE 64.wav
1544201020077296 CHEETAH_SIGNAL SENT_AFTER_TIME 5821.533045
1544201020112417 CHEETAH_SIGNAL SENT_AFTER_TIME 5821.568253
1544201021080072 AUDIO_PLAYBACK_ONSET 50.wav
1544201022181614 AUDIO_PLAYBACK_DONE 50.wav
1544201022184183 CHEETAH_SIGNAL SENT_AFTER_TIME 5823.639965
1544201022219119 CHEETAH_SIGNAL SENT_AFTER_TIME 5823.675004
1544201023181614 AUDIO_PLAYBACK_ONSET 94.wav
1544201024400348 AUDIO_PLAYBACK_DONE 94.wav
1544201024400054 CHEETAH_SIGNAL SENT_AFTER_TIME 5825.855796
1544201024435076 CHEETAH_SIGNAL SENT_AFTER_TIME 5825.890906
1544201025400348 AUDIO_PLAYBACK_ONSET 14.wav
1544201026744115 AUDIO_PLAYBACK_DONE 14.wav
1544201026741267 CHEETAH_SIGNAL SENT_AFTER_TIME 5828.197032
1544201024522531 KEY_PRESS l
1544201024554476 KEY_PRESS l
1544201026776324 CHEETAH_SIGNAL SENT_AFTER_TIME 5828.232177
1544201027744115 AUDIO_PLAYBACK_ONSET 48.wav
1544201028915975 AUDIO_PLAYBACK_DONE 48.wav
1544201028910395 CHEETAH_SIGNAL SENT_AFTER_TIME 5830.366138
1544201028945499 CHEETAH_SIGNAL SENT_AFTER_TIME 5830.401305
1544201029915975 AUDIO_PLAYBACK_ONSET 119.wav
1544201031072234 AUDIO_PLAYBACK_DONE 119.wav
1544201031072195 CHEETAH_SIGNAL SENT_AFTER_TIME 5832.527931
1544201031107283 CHEETAH_SIGNAL SENT_AFTER_TIME 5832.563121
1544201032072234 AUDIO_PLAYBACK_ONSET 75.wav
1544201033072212 AUDIO_PLAYBACK_DONE 75.wav
1544201033073722 CHEETAH_SIGNAL SENT_AFTER_TIME 5834.529472
1544201033109105 CHEETAH_SIGNAL SENT_AFTER_TIME 5834.564978
1544201034072212 AUDIO_PLAYBACK_ONSET 8.wav
1544201035251897 AUDIO_PLAYBACK_DONE 8.wav
1544201035248085 CHEETAH_SIGNAL SENT_AFTER_TIME 5836.703869
1544201035283135 CHEETAH_SIGNAL SENT_AFTER_TIME 5836.738999
1544201036251897 AUDIO_PLAYBACK_ONSET 67.wav
1544201037173782 AUDIO_PLAYBACK_DONE 67.wav
1544201037170649 CHEETAH_SIGNAL SENT_AFTER_TIME 5838.626423
1544201037205733 CHEETAH_SIGNAL SENT_AFTER_TIME 5838.661591
1544201038173782 AUDIO_PLAYBACK_ONSET 112.wav
1544201039111266 AUDIO_PLAYBACK_DONE 112.wav
1544201039114297 CHEETAH_SIGNAL SENT_AFTER_TIME 5840.570032
1544201039149252 CHEETAH_SIGNAL SENT_AFTER_TIME 5840.605113
1544201040111266 AUDIO_PLAYBACK_ONSET 108.wav
1544201041595645 AUDIO_PLAYBACK_DONE 108.wav
1544201041596921 CHEETAH_SIGNAL SENT_AFTER_TIME 5843.052657
1544201041631950 CHEETAH_SIGNAL SENT_AFTER_TIME 5843.087763
1544201042595645 AUDIO_PLAYBACK_ONSET 91.wav
1544201043501883 AUDIO_PLAYBACK_DONE 91.wav
1544201043503913 CHEETAH_SIGNAL SENT_AFTER_TIME 5844.959653
1544201043539315 CHEETAH_SIGNAL SENT_AFTER_TIME 5844.995144
1544201044501883 AUDIO_PLAYBACK_ONSET 133.wav
1544201045830004 AUDIO_PLAYBACK_DONE 133.wav
1544201045832328 CHEETAH_SIGNAL SENT_AFTER_TIME 5847.288074
1544201045867411 CHEETAH_SIGNAL SENT_AFTER_TIME 5847.323265
1544201046830004 AUDIO_PLAYBACK_ONSET 17.wav
1544201047829984 AUDIO_PLAYBACK_DONE 17.wav
1544201047831147 CHEETAH_SIGNAL SENT_AFTER_TIME 5849.286878
1544201047866130 CHEETAH_SIGNAL SENT_AFTER_TIME 5849.321981
1544201048829984 AUDIO_PLAYBACK_ONSET 68.wav
1544201049806561 AUDIO_PLAYBACK_DONE 68.wav
1544201049800926 CHEETAH_SIGNAL SENT_AFTER_TIME 5851.256662
1544201049836014 CHEETAH_SIGNAL SENT_AFTER_TIME 5851.291863
1544201050806561 AUDIO_PLAYBACK_ONSET 97.wav
1544201052458900 AUDIO_PLAYBACK_DONE 97.wav
1544201052457142 CHEETAH_SIGNAL SENT_AFTER_TIME 5853.912875
1544201052492117 CHEETAH_SIGNAL SENT_AFTER_TIME 5853.947975
1544201053458900 AUDIO_PLAYBACK_ONSET 114.wav
1544201054693255 AUDIO_PLAYBACK_DONE 114.wav
1544201054686593 CHEETAH_SIGNAL SENT_AFTER_TIME 5856.142355
1544201054722015 CHEETAH_SIGNAL SENT_AFTER_TIME 5856.177878
1544201055693255 AUDIO_PLAYBACK_ONSET 142.wav
1544201057138566 AUDIO_PLAYBACK_DONE 142.wav
1544201057138952 CHEETAH_SIGNAL SENT_AFTER_TIME 5858.594686
1544201057174083 CHEETAH_SIGNAL SENT_AFTER_TIME 5858.629934
1544201058138566 AUDIO_PLAYBACK_ONSET 87.wav
1544201059247932 AUDIO_PLAYBACK_DONE 87.wav
1544201059242671 CHEETAH_SIGNAL SENT_AFTER_TIME 5860.698397
1544201059277686 CHEETAH_SIGNAL SENT_AFTER_TIME 5860.733545
1544201060247932 AUDIO_PLAYBACK_ONSET 144.wav
1544201061560450 AUDIO_PLAYBACK_DONE 144.wav
1544201061558823 CHEETAH_SIGNAL SENT_AFTER_TIME 5863.014572
1544201061593836 CHEETAH_SIGNAL SENT_AFTER_TIME 5863.049673
1544201062560450 AUDIO_PLAYBACK_ONSET 148.wav
1544201063826075 AUDIO_PLAYBACK_DONE 148.wav
1544201063818980 CHEETAH_SIGNAL SENT_AFTER_TIME 5865.274716
1544201063853951 CHEETAH_SIGNAL SENT_AFTER_TIME 5865.309785
1544201064826075 AUDIO_PLAYBACK_ONSET 69.wav
1544201066122950 AUDIO_PLAYBACK_DONE 69.wav
1544201066115177 CHEETAH_SIGNAL SENT_AFTER_TIME 5867.570927
1544201064210506 KEY_PRESS l
1544201064338444 KEY_PRESS l
1544201066150350 CHEETAH_SIGNAL SENT_AFTER_TIME 5867.606225
1544201067122950 AUDIO_PLAYBACK_ONSET 111.wav
1544201068404200 AUDIO_PLAYBACK_DONE 111.wav
1544201068400930 CHEETAH_SIGNAL SENT_AFTER_TIME 5869.856658
1544201068435897 CHEETAH_SIGNAL SENT_AFTER_TIME 5869.891714
1544201069404200 AUDIO_PLAYBACK_ONSET 113.wav
1544201070622933 AUDIO_PLAYBACK_DONE 113.wav
1544201070621360 CHEETAH_SIGNAL SENT_AFTER_TIME 5872.077044
1544201070657056 CHEETAH_SIGNAL SENT_AFTER_TIME 5872.112916
1544201071622933 AUDIO_PLAYBACK_ONSET 118.wav
1544201073122935 AUDIO_PLAYBACK_DONE 118.wav
1544201073118281 CHEETAH_SIGNAL SENT_AFTER_TIME 5874.574066
1544201073153273 CHEETAH_SIGNAL SENT_AFTER_TIME 5874.609119
1544201074122935 AUDIO_PLAYBACK_ONSET 120.wav
1544201075419806 AUDIO_PLAYBACK_DONE 120.wav
1544201075422964 CHEETAH_SIGNAL SENT_AFTER_TIME 5876.878716
1544201075457927 CHEETAH_SIGNAL SENT_AFTER_TIME 5876.913795
1544201076419806 AUDIO_PLAYBACK_ONSET 36.wav
1544201077669787 AUDIO_PLAYBACK_DONE 36.wav
1544201077668241 CHEETAH_SIGNAL SENT_AFTER_TIME 5879.124038
1544201077703251 CHEETAH_SIGNAL SENT_AFTER_TIME 5879.159075
1544201078669787 AUDIO_PLAYBACK_ONSET 145.wav
1544201080060423 AUDIO_PLAYBACK_DONE 145.wav
1544201080051681 CHEETAH_SIGNAL SENT_AFTER_TIME 5881.507433
1544201080086283 CHEETAH_SIGNAL SENT_AFTER_TIME 5881.542144
1544201081060423 AUDIO_PLAYBACK_ONSET 134.wav
1544201081849493 AUDIO_PLAYBACK_DONE 134.wav
1544201081846118 CHEETAH_SIGNAL SENT_AFTER_TIME 5883.301859
1544201081881529 CHEETAH_SIGNAL SENT_AFTER_TIME 5883.337382
1544201082849493 AUDIO_PLAYBACK_ONSET 143.wav
1544201083966659 AUDIO_PLAYBACK_DONE 143.wav
1544201083962870 CHEETAH_SIGNAL SENT_AFTER_TIME 5885.418612
1544201083997958 CHEETAH_SIGNAL SENT_AFTER_TIME 5885.453811
1544201084966659 AUDIO_PLAYBACK_ONSET 42.wav
1544201086122898 AUDIO_PLAYBACK_DONE 42.wav
1544201086121437 CHEETAH_SIGNAL SENT_AFTER_TIME 5887.577219
1544201086156375 CHEETAH_SIGNAL SENT_AFTER_TIME 5887.612204
1544201087122898 AUDIO_PLAYBACK_ONSET 126.wav
1544201088513535 AUDIO_PLAYBACK_DONE 126.wav
1544201088504534 CHEETAH_SIGNAL SENT_AFTER_TIME 5889.960258
1544201088386493 KEY_PRESS l
1544201088539818 CHEETAH_SIGNAL SENT_AFTER_TIME 5889.995663
1544201089513535 AUDIO_PLAYBACK_ONSET 38.wav
1544201090794784 AUDIO_PLAYBACK_DONE 38.wav
1544201090792977 CHEETAH_SIGNAL SENT_AFTER_TIME 5892.248696
1544201088570365 KEY_PRESS l
1544201090828282 CHEETAH_SIGNAL SENT_AFTER_TIME 5892.284140
1544201091794784 AUDIO_PLAYBACK_ONSET 103.wav
1544201093185400 AUDIO_PLAYBACK_DONE 103.wav
1544201093187314 CHEETAH_SIGNAL SENT_AFTER_TIME 5894.643061
1544201093222324 CHEETAH_SIGNAL SENT_AFTER_TIME 5894.678151
1544201094185400 AUDIO_PLAYBACK_ONSET 43.wav
1544201095435377 AUDIO_PLAYBACK_DONE 43.wav
1544201095433379 CHEETAH_SIGNAL SENT_AFTER_TIME 5896.889117
1544201095468450 CHEETAH_SIGNAL SENT_AFTER_TIME 5896.924289
1544201096435377 AUDIO_PLAYBACK_ONSET 35.wav
1544201097997875 AUDIO_PLAYBACK_DONE 35.wav
1544201097993793 CHEETAH_SIGNAL SENT_AFTER_TIME 5899.449548
1544201098029041 CHEETAH_SIGNAL SENT_AFTER_TIME 5899.484904
1544201098997875 AUDIO_PLAYBACK_ONSET 93.wav
1544201100513521 AUDIO_PLAYBACK_DONE 93.wav
1544201100504178 CHEETAH_SIGNAL SENT_AFTER_TIME 5901.959918
1544201100539213 CHEETAH_SIGNAL SENT_AFTER_TIME 5901.995052
1544201101513521 AUDIO_PLAYBACK_ONSET 146.wav
1544201102888511 AUDIO_PLAYBACK_DONE 146.wav
1544201102885056 CHEETAH_SIGNAL SENT_AFTER_TIME 5904.340792
1544201102920039 CHEETAH_SIGNAL SENT_AFTER_TIME 5904.375899
1544201103888511 AUDIO_PLAYBACK_ONSET 110.wav
1544201105419763 AUDIO_PLAYBACK_DONE 110.wav
1544201105414800 CHEETAH_SIGNAL SENT_AFTER_TIME 5906.870523
1544201105449768 CHEETAH_SIGNAL SENT_AFTER_TIME 5906.905619
1544201106419763 AUDIO_PLAYBACK_ONSET 46.wav
1544201107482259 AUDIO_PLAYBACK_DONE 46.wav
1544201107481958 CHEETAH_SIGNAL SENT_AFTER_TIME 5908.937693
1544201105634477 KEY_PRESS l
1544201105778530 KEY_PRESS l
1544201107516926 CHEETAH_SIGNAL SENT_AFTER_TIME 5908.972790
1544201108482259 AUDIO_PLAYBACK_ONSET 136.wav
1544201110099428 AUDIO_PLAYBACK_DONE 136.wav
1544201110091200 CHEETAH_SIGNAL SENT_AFTER_TIME 5911.546936
1544201110126374 CHEETAH_SIGNAL SENT_AFTER_TIME 5911.582240
1544201111099428 AUDIO_PLAYBACK_ONSET 95.wav
1544201112372877 AUDIO_PLAYBACK_DONE 95.wav
1544201112369212 CHEETAH_SIGNAL SENT_AFTER_TIME 5913.824894
1544201112404242 CHEETAH_SIGNAL SENT_AFTER_TIME 5913.860068
1544201113372877 AUDIO_PLAYBACK_ONSET 151.wav
1544201114404125 AUDIO_PLAYBACK_DONE 151.wav
1544201114404214 CHEETAH_SIGNAL SENT_AFTER_TIME 5915.859963
1544201114439579 CHEETAH_SIGNAL SENT_AFTER_TIME 5915.895442
1544201115404125 AUDIO_PLAYBACK_ONSET 30.wav
1544201116904106 AUDIO_PLAYBACK_DONE 30.wav
1544201116899486 CHEETAH_SIGNAL SENT_AFTER_TIME 5918.355227
1544201116934523 CHEETAH_SIGNAL SENT_AFTER_TIME 5918.390349
1544201117904106 AUDIO_PLAYBACK_ONSET 122.wav
1544201119091611 AUDIO_PLAYBACK_DONE 122.wav
1544201119090373 CHEETAH_SIGNAL SENT_AFTER_TIME 5920.546115
1544201119125453 CHEETAH_SIGNAL SENT_AFTER_TIME 5920.581270
1544201120091611 AUDIO_PLAYBACK_ONSET 77.wav
1544201121138486 AUDIO_PLAYBACK_DONE 77.wav
1544201121133764 CHEETAH_SIGNAL SENT_AFTER_TIME 5922.589511
1544201121168818 CHEETAH_SIGNAL SENT_AFTER_TIME 5922.624685
1544201122138486 AUDIO_PLAYBACK_ONSET 139.wav
1544201123318169 AUDIO_PLAYBACK_DONE 139.wav
1544201123314897 CHEETAH_SIGNAL SENT_AFTER_TIME 5924.770644
1544201123349578 CHEETAH_SIGNAL SENT_AFTER_TIME 5924.805395
1544201124318169 AUDIO_PLAYBACK_ONSET 55.wav
1544201125505654 AUDIO_PLAYBACK_DONE 55.wav
1544201125505788 CHEETAH_SIGNAL SENT_AFTER_TIME 5926.961522
1544201125541277 CHEETAH_SIGNAL SENT_AFTER_TIME 5926.997129
1544201126505654 AUDIO_PLAYBACK_ONSET 107.wav
1544201127669738 AUDIO_PLAYBACK_DONE 107.wav
1544201127670929 CHEETAH_SIGNAL SENT_AFTER_TIME 5929.126715
1544201127705928 CHEETAH_SIGNAL SENT_AFTER_TIME 5929.161768
1544201128669738 AUDIO_PLAYBACK_ONSET 39.wav
1544201130544730 AUDIO_PLAYBACK_DONE 39.wav
1544201130546850 CHEETAH_SIGNAL SENT_AFTER_TIME 5932.002592
1544201130581936 CHEETAH_SIGNAL SENT_AFTER_TIME 5932.037801
1544201131544730 AUDIO_PLAYBACK_ONSET 127.wav
1544201132724415 AUDIO_PLAYBACK_DONE 127.wav
1544201132722130 CHEETAH_SIGNAL SENT_AFTER_TIME 5934.177883
1544201132757227 CHEETAH_SIGNAL SENT_AFTER_TIME 5934.213086
1544201133724415 AUDIO_PLAYBACK_ONSET 149.wav
1544201134880655 AUDIO_PLAYBACK_DONE 149.wav
1544201134880146 CHEETAH_SIGNAL SENT_AFTER_TIME 5936.335940
1544201134915272 CHEETAH_SIGNAL SENT_AFTER_TIME 5936.371112
1544201135880655 AUDIO_PLAYBACK_ONSET 140.wav
1544201137161902 AUDIO_PLAYBACK_DONE 140.wav
1544201137160016 CHEETAH_SIGNAL SENT_AFTER_TIME 5938.615755
1544201137195418 CHEETAH_SIGNAL SENT_AFTER_TIME 5938.651259
1544201138161902 AUDIO_PLAYBACK_ONSET 6.wav
1544201139388457 AUDIO_PLAYBACK_DONE 6.wav
1544201139389709 CHEETAH_SIGNAL SENT_AFTER_TIME 5940.845451
1544201139424710 CHEETAH_SIGNAL SENT_AFTER_TIME 5940.880543
1544201140388457 AUDIO_PLAYBACK_ONSET 131.wav
1544201141263448 AUDIO_PLAYBACK_DONE 131.wav
1544201141265169 CHEETAH_SIGNAL SENT_AFTER_TIME 5942.720901
1544201141300156 CHEETAH_SIGNAL SENT_AFTER_TIME 5942.756018
1544201142263448 AUDIO_PLAYBACK_ONSET 84.wav
1544201143513428 AUDIO_PLAYBACK_DONE 84.wav
1544201143511618 CHEETAH_SIGNAL SENT_AFTER_TIME 5944.967370
1544201143546636 CHEETAH_SIGNAL SENT_AFTER_TIME 5945.002466
1544201144513428 AUDIO_PLAYBACK_ONSET 5.wav
1544201145976310 AUDIO_PLAYBACK_DONE 5.wav
1544201145977603 CHEETAH_SIGNAL SENT_AFTER_TIME 5947.433351
1544201146012652 CHEETAH_SIGNAL SENT_AFTER_TIME 5947.468519
1544201146976310 AUDIO_PLAYBACK_ONSET 24.wav
1544201148570075 AUDIO_PLAYBACK_DONE 24.wav
1544201148564286 CHEETAH_SIGNAL SENT_AFTER_TIME 5950.020046
1544201148122482 KEY_PRESS l
1544201148298517 KEY_PRESS l
1544201148600041 CHEETAH_SIGNAL SENT_AFTER_TIME 5950.055897
1544201149570075 AUDIO_PLAYBACK_ONSET 61.wav
1544201151070077 AUDIO_PLAYBACK_DONE 61.wav
1544201151066531 CHEETAH_SIGNAL SENT_AFTER_TIME 5952.522325
1544201151101521 CHEETAH_SIGNAL SENT_AFTER_TIME 5952.557382
1544201152070077 AUDIO_PLAYBACK_ONSET 1.wav
1544201152945066 AUDIO_PLAYBACK_DONE 1.wav
1544201152946860 CHEETAH_SIGNAL SENT_AFTER_TIME 5954.402603
1544201152982298 CHEETAH_SIGNAL SENT_AFTER_TIME 5954.438129
1544201153945066 AUDIO_PLAYBACK_ONSET 92.wav
1544201155195067 AUDIO_PLAYBACK_DONE 92.wav
1544201155192569 CHEETAH_SIGNAL SENT_AFTER_TIME 5956.648306
1544201155227555 CHEETAH_SIGNAL SENT_AFTER_TIME 5956.683414
1544201156195067 AUDIO_PLAYBACK_ONSET 99.wav
1544201157288808 AUDIO_PLAYBACK_DONE 99.wav
1544201157288538 CHEETAH_SIGNAL SENT_AFTER_TIME 5958.744252
1544201157323638 CHEETAH_SIGNAL SENT_AFTER_TIME 5958.779478
1544201158288808 AUDIO_PLAYBACK_ONSET 135.wav
1544201159339601 AUDIO_PLAYBACK_DONE 135.wav
1544201159341457 CHEETAH_SIGNAL SENT_AFTER_TIME 5960.797244
1544201159376502 CHEETAH_SIGNAL SENT_AFTER_TIME 5960.832308
1544201160339601 AUDIO_PLAYBACK_ONSET 70.wav
1544201161870850 AUDIO_PLAYBACK_DONE 70.wav
1544201161865866 CHEETAH_SIGNAL SENT_AFTER_TIME 5963.321616
1544201161900413 CHEETAH_SIGNAL SENT_AFTER_TIME 5963.356256
1544201162870850 AUDIO_PLAYBACK_ONSET 83.wav
1544201164558336 AUDIO_PLAYBACK_DONE 83.wav
1544201164561234 CHEETAH_SIGNAL SENT_AFTER_TIME 5966.016985
1544201164596954 CHEETAH_SIGNAL SENT_AFTER_TIME 5966.052781
1544201165558336 AUDIO_PLAYBACK_ONSET 63.wav
1544201166722394 AUDIO_PLAYBACK_DONE 63.wav
1544201166714639 CHEETAH_SIGNAL SENT_AFTER_TIME 5968.170400
1544201164634529 KEY_PRESS l
1544201164770468 KEY_PRESS l
1544201166750000 CHEETAH_SIGNAL SENT_AFTER_TIME 5968.205866
1544201167722394 AUDIO_PLAYBACK_ONSET 29.wav
1544201169222373 AUDIO_PLAYBACK_DONE 29.wav
1544201169217422 CHEETAH_SIGNAL SENT_AFTER_TIME 5970.673137
1544201169252774 CHEETAH_SIGNAL SENT_AFTER_TIME 5970.708635
1544201170222373 AUDIO_PLAYBACK_ONSET 129.wav
1544201171347366 AUDIO_PLAYBACK_DONE 129.wav
1544201171346553 CHEETAH_SIGNAL SENT_AFTER_TIME 5972.802250
1544201171381605 CHEETAH_SIGNAL SENT_AFTER_TIME 5972.837466
1544201172347366 AUDIO_PLAYBACK_ONSET 100.wav
1544201173222356 AUDIO_PLAYBACK_DONE 100.wav
1544201173214436 CHEETAH_SIGNAL SENT_AFTER_TIME 5974.670163
1544201173249482 CHEETAH_SIGNAL SENT_AFTER_TIME 5974.705312
1544201174222356 AUDIO_PLAYBACK_ONSET 79.wav
1544201175534854 AUDIO_PLAYBACK_DONE 79.wav
1544201175532742 CHEETAH_SIGNAL SENT_AFTER_TIME 5976.988514
1544201175567751 CHEETAH_SIGNAL SENT_AFTER_TIME 5977.023606
1544201176534854 AUDIO_PLAYBACK_ONSET 11.wav
1544201177487982 AUDIO_PLAYBACK_DONE 11.wav
1544201177483732 CHEETAH_SIGNAL SENT_AFTER_TIME 5978.939458
1544201177518806 CHEETAH_SIGNAL SENT_AFTER_TIME 5978.974661
1544201178487982 AUDIO_PLAYBACK_ONSET 19.wav
1544201179519232 AUDIO_PLAYBACK_DONE 19.wav
1544201179520517 CHEETAH_SIGNAL SENT_AFTER_TIME 5980.976242
1544201179555899 CHEETAH_SIGNAL SENT_AFTER_TIME 5981.011764
1544201180519232 AUDIO_PLAYBACK_ONSET 59.wav
1544201181823906 AUDIO_PLAYBACK_DONE 59.wav
1544201181818876 CHEETAH_SIGNAL SENT_AFTER_TIME 5983.274621
