1502558892733966 CHEETAH_SIGNAL SENT_AFTER_TIME 105708.178599
1502558894384597 CHEETAH_SIGNAL SENT_AFTER_TIME 105709.829519
1502558894512456 CHEETAH_SIGNAL SENT_AFTER_TIME 105709.957193
1502558894509258 DISPLAY_INSTRUCTIONS Stimuli/instructions_audio_sentences.png
1502558896598919 KEY_PRESS space
1502558896599860 CHEETAH_SIGNAL SENT_AFTER_TIME 105712.044863
1502558896677268 CHEETAH_SIGNAL SENT_AFTER_TIME 105712.122143
1502558896675838 DISPLAY_INSTRUCTIONS OFF
1502558896730185 CHEETAH_SIGNAL SENT_AFTER_TIME 105712.175088
1502558896762565 CHEETAH_SIGNAL SENT_AFTER_TIME 105712.207513
1502558896811102 CHEETAH_SIGNAL SENT_AFTER_TIME 105712.255818
1502558896809246 DISPLAY_FIXATION
1502558900038678 AUDIO_PLAYBACK_ONSET 1.wav
1502558900913654 AUDIO_PLAYBACK_DONE 1.wav
1502558896592915 KEY_PRESS space
1502558896800917 KEY_PRESS space
1502558901913614 AUDIO_PLAYBACK_ONSET 2.wav
1502558903335417 AUDIO_PLAYBACK_DONE 2.wav
1502558904335377 AUDIO_PLAYBACK_ONSET 3.wav
1502558905827500 AUDIO_PLAYBACK_DONE 3.wav
1502558906827460 AUDIO_PLAYBACK_ONSET 4.wav
1502558907884042 AUDIO_PLAYBACK_DONE 4.wav
1502558905896631 KEY_PRESS l
1502558906008623 KEY_PRESS l
1502558908884002 AUDIO_PLAYBACK_ONSET 5.wav
1502558910346828 AUDIO_PLAYBACK_DONE 5.wav
1502558911346788 AUDIO_PLAYBACK_ONSET 6.wav
1502558912573297 AUDIO_PLAYBACK_DONE 6.wav
1502558913573257 AUDIO_PLAYBACK_ONSET 7.wav
1502558914666957 AUDIO_PLAYBACK_DONE 7.wav
1502558915666917 AUDIO_PLAYBACK_ONSET 8.wav
1502558916846556 AUDIO_PLAYBACK_DONE 8.wav
1502558917846516 AUDIO_PLAYBACK_ONSET 9.wav
1502558919096447 AUDIO_PLAYBACK_DONE 9.wav
1502558920096407 AUDIO_PLAYBACK_ONSET 10.wav
1502558921221353 AUDIO_PLAYBACK_DONE 10.wav
1502558919600082 KEY_PRESS l
1502558919896062 KEY_PRESS l
1502558922221313 AUDIO_PLAYBACK_ONSET 11.wav
1502558923174386 AUDIO_PLAYBACK_DONE 11.wav
1502558924174346 AUDIO_PLAYBACK_ONSET 12.wav
1502558925580530 AUDIO_PLAYBACK_DONE 12.wav
1502558926580490 AUDIO_PLAYBACK_ONSET 13.wav
1502558928424160 AUDIO_PLAYBACK_DONE 13.wav
1502558928191701 KEY_PRESS l
1502558929424120 AUDIO_PLAYBACK_ONSET 14.wav
1502558930767814 AUDIO_PLAYBACK_DONE 14.wav
1502558928431702 KEY_PRESS l
1502558931767774 AUDIO_PLAYBACK_ONSET 15.wav
1502558932830229 AUDIO_PLAYBACK_DONE 15.wav
1502558933830189 AUDIO_PLAYBACK_ONSET 16.wav
1502558935298863 AUDIO_PLAYBACK_DONE 16.wav
1502558936298823 AUDIO_PLAYBACK_ONSET 17.wav
1502558937298764 AUDIO_PLAYBACK_DONE 17.wav
1502558938298724 AUDIO_PLAYBACK_ONSET 18.wav
1502558939798646 AUDIO_PLAYBACK_DONE 18.wav
1502558939527288 KEY_PRESS l
1502558939759227 KEY_PRESS l
1502558940798606 AUDIO_PLAYBACK_ONSET 19.wav
1502558941829813 AUDIO_PLAYBACK_DONE 19.wav
1502558942829773 AUDIO_PLAYBACK_ONSET 20.wav
1502558944048459 AUDIO_PLAYBACK_DONE 20.wav
1502558945048419 AUDIO_PLAYBACK_ONSET 21.wav
1502558946017113 AUDIO_PLAYBACK_DONE 21.wav
1502558947017073 AUDIO_PLAYBACK_ONSET 22.wav
1502558948173262 AUDIO_PLAYBACK_DONE 22.wav
1502558949173222 AUDIO_PLAYBACK_ONSET 23.wav
1502558950673143 AUDIO_PLAYBACK_DONE 23.wav
1502558951673103 AUDIO_PLAYBACK_ONSET 24.wav
1502558953266807 AUDIO_PLAYBACK_DONE 24.wav
1502558953038742 KEY_PRESS l
1502558953222723 KEY_PRESS l
1502558954266767 AUDIO_PLAYBACK_ONSET 25.wav
1502558955766689 AUDIO_PLAYBACK_DONE 25.wav
1502558956766649 AUDIO_PLAYBACK_ONSET 26.wav
1502558958125961 AUDIO_PLAYBACK_DONE 26.wav
1502558959125921 AUDIO_PLAYBACK_ONSET 27.wav
1502558960813341 AUDIO_PLAYBACK_DONE 27.wav
1502558961813301 AUDIO_PLAYBACK_ONSET 28.wav
1502558963313244 AUDIO_PLAYBACK_DONE 28.wav
1502558964313204 AUDIO_PLAYBACK_ONSET 29.wav
1502558965813123 AUDIO_PLAYBACK_DONE 29.wav
1502558966813083 AUDIO_PLAYBACK_ONSET 30.wav
1502558968313004 AUDIO_PLAYBACK_DONE 30.wav
1502558969312964 AUDIO_PLAYBACK_ONSET 31.wav
1502558970562894 AUDIO_PLAYBACK_DONE 31.wav
1502558971562854 AUDIO_PLAYBACK_ONSET 32.wav
1502558972797162 AUDIO_PLAYBACK_DONE 32.wav
1502558973797122 AUDIO_PLAYBACK_ONSET 33.wav
1502558974937693 AUDIO_PLAYBACK_DONE 33.wav
1502558975937653 AUDIO_PLAYBACK_ONSET 34.wav
1502558977312589 AUDIO_PLAYBACK_DONE 34.wav
1502558978312549 AUDIO_PLAYBACK_ONSET 35.wav
1502558979875005 AUDIO_PLAYBACK_DONE 35.wav
1502558980874965 AUDIO_PLAYBACK_ONSET 36.wav
1502558982124895 AUDIO_PLAYBACK_DONE 36.wav
1502558983124855 AUDIO_PLAYBACK_ONSET 37.wav
1502558984218555 AUDIO_PLAYBACK_DONE 37.wav
1502558985218515 AUDIO_PLAYBACK_ONSET 38.wav
1502558986499714 AUDIO_PLAYBACK_DONE 38.wav
1502558987499674 AUDIO_PLAYBACK_ONSET 39.wav
1502558989374613 AUDIO_PLAYBACK_DONE 39.wav
1502558990374573 AUDIO_PLAYBACK_ONSET 40.wav
1502558991812002 AUDIO_PLAYBACK_DONE 40.wav
1502558992811962 AUDIO_PLAYBACK_ONSET 41.wav
1502558994038467 AUDIO_PLAYBACK_DONE 41.wav
1502558995038427 AUDIO_PLAYBACK_ONSET 42.wav
1502558996194621 AUDIO_PLAYBACK_DONE 42.wav
1502558997194581 AUDIO_PLAYBACK_ONSET 43.wav
1502558998444533 AUDIO_PLAYBACK_DONE 43.wav
1502558999444493 AUDIO_PLAYBACK_ONSET 44.wav
1502559000631929 AUDIO_PLAYBACK_DONE 44.wav
1502559000620815 KEY_PRESS l
1502559001631889 AUDIO_PLAYBACK_ONSET 45.wav
1502559002725589 AUDIO_PLAYBACK_DONE 45.wav
1502559000884831 KEY_PRESS l
1502559003725549 AUDIO_PLAYBACK_ONSET 46.wav
1502559004788003 AUDIO_PLAYBACK_DONE 46.wav
1502559005787963 AUDIO_PLAYBACK_ONSET 47.wav
1502559007022268 AUDIO_PLAYBACK_DONE 47.wav
1502559008022228 AUDIO_PLAYBACK_ONSET 48.wav
1502559009194046 AUDIO_PLAYBACK_DONE 48.wav
1502559010194006 AUDIO_PLAYBACK_ONSET 49.wav
1502559011459583 AUDIO_PLAYBACK_DONE 49.wav
1502559011348414 KEY_PRESS l
1502559012459543 AUDIO_PLAYBACK_ONSET 50.wav
1502559013561043 AUDIO_PLAYBACK_DONE 50.wav
1502559011588365 KEY_PRESS l
1502559014561003 AUDIO_PLAYBACK_ONSET 51.wav
1502559015904715 AUDIO_PLAYBACK_DONE 51.wav
1502559016904675 AUDIO_PLAYBACK_ONSET 52.wav
1502559018154606 AUDIO_PLAYBACK_DONE 52.wav
1502559019154566 AUDIO_PLAYBACK_ONSET 53.wav
1502559020654484 AUDIO_PLAYBACK_DONE 53.wav
1502559021654444 AUDIO_PLAYBACK_ONSET 54.wav
1502559022904374 AUDIO_PLAYBACK_DONE 54.wav
1502559023904334 AUDIO_PLAYBACK_ONSET 55.wav
1502559025091793 AUDIO_PLAYBACK_DONE 55.wav
1502559026091753 AUDIO_PLAYBACK_ONSET 56.wav
1502559027872931 AUDIO_PLAYBACK_DONE 56.wav
1502559028872891 AUDIO_PLAYBACK_ONSET 57.wav
1502559030107197 AUDIO_PLAYBACK_DONE 57.wav
1502559030019650 KEY_PRESS l
1502559031107157 AUDIO_PLAYBACK_ONSET 58.wav
1502559032333665 AUDIO_PLAYBACK_DONE 58.wav
1502559030219662 KEY_PRESS l
1502559033333625 AUDIO_PLAYBACK_ONSET 59.wav
1502559034638269 AUDIO_PLAYBACK_DONE 59.wav
1502559035638229 AUDIO_PLAYBACK_ONSET 60.wav
1502559037419409 AUDIO_PLAYBACK_DONE 60.wav
1502559038419369 AUDIO_PLAYBACK_ONSET 61.wav
1502559039919288 AUDIO_PLAYBACK_DONE 61.wav
1502559040919248 AUDIO_PLAYBACK_ONSET 62.wav
1502559042387923 AUDIO_PLAYBACK_DONE 62.wav
1502559043387883 AUDIO_PLAYBACK_ONSET 63.wav
1502559044551897 AUDIO_PLAYBACK_DONE 63.wav
1502559045551857 AUDIO_PLAYBACK_ONSET 64.wav
1502559046536172 AUDIO_PLAYBACK_DONE 64.wav
1502559047536132 AUDIO_PLAYBACK_ONSET 65.wav
1502559048911068 AUDIO_PLAYBACK_DONE 65.wav
1502559049911028 AUDIO_PLAYBACK_ONSET 66.wav
1502559051121933 AUDIO_PLAYBACK_DONE 66.wav
1502559052121893 AUDIO_PLAYBACK_ONSET 67.wav
1502559053043717 AUDIO_PLAYBACK_DONE 67.wav
1502559054043677 AUDIO_PLAYBACK_ONSET 68.wav
1502559055020193 AUDIO_PLAYBACK_DONE 68.wav
1502559056020153 AUDIO_PLAYBACK_ONSET 69.wav
1502559057316977 AUDIO_PLAYBACK_DONE 69.wav
1502559058316937 AUDIO_PLAYBACK_ONSET 70.wav
1502559059848122 AUDIO_PLAYBACK_DONE 70.wav
1502559060848082 AUDIO_PLAYBACK_ONSET 71.wav
1502559061848022 AUDIO_PLAYBACK_DONE 71.wav
1502559062847982 AUDIO_PLAYBACK_ONSET 72.wav
1502559064332278 AUDIO_PLAYBACK_DONE 72.wav
1502559065332238 AUDIO_PLAYBACK_ONSET 73.wav
1502559066722820 AUDIO_PLAYBACK_DONE 73.wav
1502559067722780 AUDIO_PLAYBACK_ONSET 74.wav
1502559068910217 AUDIO_PLAYBACK_DONE 74.wav
1502559069910177 AUDIO_PLAYBACK_ONSET 75.wav
1502559070910118 AUDIO_PLAYBACK_DONE 75.wav
1502559069106096 KEY_PRESS l
1502559069330099 KEY_PRESS l
1502559071910078 AUDIO_PLAYBACK_ONSET 76.wav
1502559073222545 AUDIO_PLAYBACK_DONE 76.wav
1502559074222505 AUDIO_PLAYBACK_ONSET 77.wav
1502559075269336 AUDIO_PLAYBACK_DONE 77.wav
1502559076269296 AUDIO_PLAYBACK_ONSET 78.wav
1502559077691103 AUDIO_PLAYBACK_DONE 78.wav
1502559078691063 AUDIO_PLAYBACK_ONSET 79.wav
1502559080003507 AUDIO_PLAYBACK_DONE 79.wav
1502559081003467 AUDIO_PLAYBACK_ONSET 80.wav
1502559082222150 AUDIO_PLAYBACK_DONE 80.wav
1502559083222110 AUDIO_PLAYBACK_ONSET 81.wav
1502559084409548 AUDIO_PLAYBACK_DONE 81.wav
1502559085409508 AUDIO_PLAYBACK_ONSET 82.wav
1502559086690729 AUDIO_PLAYBACK_DONE 82.wav
1502559087690689 AUDIO_PLAYBACK_ONSET 83.wav
1502559089378105 AUDIO_PLAYBACK_DONE 83.wav
1502559089177277 KEY_PRESS l
1502559090378065 AUDIO_PLAYBACK_ONSET 84.wav
1502559091627995 AUDIO_PLAYBACK_DONE 84.wav
1502559089385265 KEY_PRESS l
1502559092627955 AUDIO_PLAYBACK_ONSET 85.wav
1502559093971666 AUDIO_PLAYBACK_DONE 85.wav
1502559093913052 KEY_PRESS l
1502559094971626 AUDIO_PLAYBACK_ONSET 86.wav
1502559096284073 AUDIO_PLAYBACK_DONE 86.wav
1502559094097107 KEY_PRESS l
1502559096009017 KEY_PRESS l
1502559096233016 KEY_PRESS l
1502559097284033 AUDIO_PLAYBACK_ONSET 87.wav
1502559098393356 AUDIO_PLAYBACK_DONE 87.wav
1502559099393316 AUDIO_PLAYBACK_ONSET 88.wav
1502559100612021 AUDIO_PLAYBACK_DONE 88.wav
1502559101611981 AUDIO_PLAYBACK_ONSET 89.wav
1502559102541626 AUDIO_PLAYBACK_DONE 89.wav
1502559103541586 AUDIO_PLAYBACK_ONSET 90.wav
1502559104932144 AUDIO_PLAYBACK_DONE 90.wav
1502559105932104 AUDIO_PLAYBACK_ONSET 91.wav
1502559106838308 AUDIO_PLAYBACK_DONE 91.wav
1502559107838268 AUDIO_PLAYBACK_ONSET 92.wav
1502559109088220 AUDIO_PLAYBACK_DONE 92.wav
1502559110088180 AUDIO_PLAYBACK_ONSET 93.wav
1502559111603744 AUDIO_PLAYBACK_DONE 93.wav
1502559112603704 AUDIO_PLAYBACK_ONSET 94.wav
1502559113822389 AUDIO_PLAYBACK_DONE 94.wav
1502559114822349 AUDIO_PLAYBACK_ONSET 95.wav
1502559116095748 AUDIO_PLAYBACK_DONE 95.wav
1502559117095708 AUDIO_PLAYBACK_ONSET 96.wav
1502559118447196 AUDIO_PLAYBACK_DONE 96.wav
1502559119447156 AUDIO_PLAYBACK_ONSET 97.wav
1502559121099429 AUDIO_PLAYBACK_DONE 97.wav
1502559122099389 AUDIO_PLAYBACK_ONSET 98.wav
1502559123447000 AUDIO_PLAYBACK_DONE 98.wav
1502559124446960 AUDIO_PLAYBACK_ONSET 99.wav
1502559125540682 AUDIO_PLAYBACK_DONE 99.wav
1502559126540642 AUDIO_PLAYBACK_ONSET 100.wav
1502559127415597 AUDIO_PLAYBACK_DONE 100.wav
1502559128415557 AUDIO_PLAYBACK_ONSET 101.wav
1502559129649863 AUDIO_PLAYBACK_DONE 101.wav
1502559130649823 AUDIO_PLAYBACK_ONSET 102.wav
1502559132243504 AUDIO_PLAYBACK_DONE 102.wav
1502559133243464 AUDIO_PLAYBACK_ONSET 103.wav
1502559134634020 AUDIO_PLAYBACK_DONE 103.wav
1502559135633980 AUDIO_PLAYBACK_ONSET 104.wav
1502559137258906 AUDIO_PLAYBACK_DONE 104.wav
1502559138258866 AUDIO_PLAYBACK_ONSET 105.wav
1502559139473671 AUDIO_PLAYBACK_DONE 105.wav
1502559140473631 AUDIO_PLAYBACK_ONSET 106.wav
1502559141692314 AUDIO_PLAYBACK_DONE 106.wav
1502559142692274 AUDIO_PLAYBACK_ONSET 107.wav
1502559143856287 AUDIO_PLAYBACK_DONE 107.wav
1502559144856247 AUDIO_PLAYBACK_ONSET 108.wav
1502559146340546 AUDIO_PLAYBACK_DONE 108.wav
1502559147340506 AUDIO_PLAYBACK_ONSET 109.wav
1502559148785757 AUDIO_PLAYBACK_DONE 109.wav
1502559149785717 AUDIO_PLAYBACK_ONSET 110.wav
1502559151316907 AUDIO_PLAYBACK_DONE 110.wav
1502559150862822 KEY_PRESS l
1502559151086819 KEY_PRESS l
1502559152316867 AUDIO_PLAYBACK_ONSET 111.wav
1502559153598063 AUDIO_PLAYBACK_DONE 111.wav
1502559154598023 AUDIO_PLAYBACK_ONSET 112.wav
1502559155535473 AUDIO_PLAYBACK_DONE 112.wav
1502559156535433 AUDIO_PLAYBACK_ONSET 113.wav
1502559157754139 AUDIO_PLAYBACK_DONE 113.wav
1502559158754099 AUDIO_PLAYBACK_ONSET 114.wav
1502559159988404 AUDIO_PLAYBACK_DONE 114.wav
1502559160988364 AUDIO_PLAYBACK_ONSET 115.wav
1502559162785166 AUDIO_PLAYBACK_DONE 115.wav
1502559163785126 AUDIO_PLAYBACK_ONSET 116.wav
1502559164847601 AUDIO_PLAYBACK_DONE 116.wav
1502559165847561 AUDIO_PLAYBACK_ONSET 117.wav
1502559167222517 AUDIO_PLAYBACK_DONE 117.wav
1502559168222477 AUDIO_PLAYBACK_ONSET 118.wav
1502559169722397 AUDIO_PLAYBACK_DONE 118.wav
1502559170722357 AUDIO_PLAYBACK_ONSET 119.wav
1502559171878571 AUDIO_PLAYBACK_DONE 119.wav
1502559172878531 AUDIO_PLAYBACK_ONSET 120.wav
1502559174175350 AUDIO_PLAYBACK_DONE 120.wav
1502559175175310 AUDIO_PLAYBACK_ONSET 121.wav
1502559176612737 AUDIO_PLAYBACK_DONE 121.wav
1502559177612697 AUDIO_PLAYBACK_ONSET 122.wav
1502559178800135 AUDIO_PLAYBACK_DONE 122.wav
1502559179800095 AUDIO_PLAYBACK_ONSET 123.wav
1502559181096915 AUDIO_PLAYBACK_DONE 123.wav
1502559182096875 AUDIO_PLAYBACK_ONSET 124.wav
1502559183081213 AUDIO_PLAYBACK_DONE 124.wav
1502559182893554 KEY_PRESS l
1502559183037555 KEY_PRESS l
1502559184081173 AUDIO_PLAYBACK_ONSET 125.wav
1502559185206120 AUDIO_PLAYBACK_DONE 125.wav
1502559186206080 AUDIO_PLAYBACK_ONSET 126.wav
1502559187596659 AUDIO_PLAYBACK_DONE 126.wav
1502559187565363 KEY_PRESS l
1502559188596620 AUDIO_PLAYBACK_ONSET 127.wav
1502559189776255 AUDIO_PLAYBACK_DONE 127.wav
1502559187765358 KEY_PRESS l
1502559190776215 AUDIO_PLAYBACK_ONSET 128.wav
1502559192088660 AUDIO_PLAYBACK_DONE 128.wav
1502559193088620 AUDIO_PLAYBACK_ONSET 129.wav
1502559194213564 AUDIO_PLAYBACK_DONE 129.wav
1502559195213524 AUDIO_PLAYBACK_ONSET 130.wav
1502559196525969 AUDIO_PLAYBACK_DONE 130.wav
1502559197525929 AUDIO_PLAYBACK_ONSET 131.wav
1502559198400885 AUDIO_PLAYBACK_DONE 131.wav
1502559199400845 AUDIO_PLAYBACK_ONSET 132.wav
1502559201014048 AUDIO_PLAYBACK_DONE 132.wav
1502559202014008 AUDIO_PLAYBACK_ONSET 133.wav
1502559203342077 AUDIO_PLAYBACK_DONE 133.wav
1502559204342037 AUDIO_PLAYBACK_ONSET 134.wav
1502559205131055 AUDIO_PLAYBACK_DONE 134.wav
1502559206131015 AUDIO_PLAYBACK_ONSET 135.wav
1502559207181768 AUDIO_PLAYBACK_DONE 135.wav
1502559208181728 AUDIO_PLAYBACK_ONSET 136.wav
1502559209798829 AUDIO_PLAYBACK_DONE 136.wav
1502559210798789 AUDIO_PLAYBACK_ONSET 137.wav
1502559212220594 AUDIO_PLAYBACK_DONE 137.wav
1502559213220554 AUDIO_PLAYBACK_ONSET 138.wav
1502559214423615 AUDIO_PLAYBACK_DONE 138.wav
1502559215423575 AUDIO_PLAYBACK_ONSET 139.wav
1502559216603212 AUDIO_PLAYBACK_DONE 139.wav
1502559217603172 AUDIO_PLAYBACK_ONSET 140.wav
1502559218884368 AUDIO_PLAYBACK_DONE 140.wav
1502559219884328 AUDIO_PLAYBACK_ONSET 141.wav
1502559220954582 AUDIO_PLAYBACK_DONE 141.wav
1502559221954542 AUDIO_PLAYBACK_ONSET 142.wav
1502559223399790 AUDIO_PLAYBACK_DONE 142.wav
1502559224399750 AUDIO_PLAYBACK_ONSET 143.wav
1502559225516871 AUDIO_PLAYBACK_DONE 143.wav
1502559226516831 AUDIO_PLAYBACK_ONSET 144.wav
1502559227829274 AUDIO_PLAYBACK_DONE 144.wav
1502559228829234 AUDIO_PLAYBACK_ONSET 145.wav
1502559230219794 AUDIO_PLAYBACK_DONE 145.wav
1502559229779667 KEY_PRESS l
1502559230035662 KEY_PRESS l
1502559231219754 AUDIO_PLAYBACK_ONSET 146.wav
1502559232594710 AUDIO_PLAYBACK_DONE 146.wav
1502559233594670 AUDIO_PLAYBACK_ONSET 147.wav
1502559234946160 AUDIO_PLAYBACK_DONE 147.wav
1502559235946120 AUDIO_PLAYBACK_ONSET 148.wav
1502559237211696 AUDIO_PLAYBACK_DONE 148.wav
1502559238211656 AUDIO_PLAYBACK_ONSET 149.wav
1502559239367870 AUDIO_PLAYBACK_DONE 149.wav
1502559237883371 KEY_PRESS l
1502559238035347 KEY_PRESS l
1502559240367830 AUDIO_PLAYBACK_ONSET 150.wav
1502559241617758 AUDIO_PLAYBACK_DONE 150.wav
1502559242617718 AUDIO_PLAYBACK_ONSET 151.wav
1502559243648926 AUDIO_PLAYBACK_DONE 151.wav
1502559241867196 KEY_PRESS l
1502559242059181 KEY_PRESS l
1502559244648886 AUDIO_PLAYBACK_ONSET 152.wav
1502559245711362 AUDIO_PLAYBACK_DONE 152.wav
