1502560506888598 CHEETAH_SIGNAL SENT_AFTER_TIME 107322.397942
1502560508238682 CHEETAH_SIGNAL SENT_AFTER_TIME 107323.748004
1502560508298695 CHEETAH_SIGNAL SENT_AFTER_TIME 107323.808003
1502560508296901 DISPLAY_INSTRUCTIONS Stimuli/instructions_audio_sentences.png
1502560514098827 KEY_PRESS space
1502560514100203 CHEETAH_SIGNAL SENT_AFTER_TIME 107329.609769
1502560514198415 CHEETAH_SIGNAL SENT_AFTER_TIME 107329.707937
1502560514196796 DISPLAY_INSTRUCTIONS OFF
1502560514247919 CHEETAH_SIGNAL SENT_AFTER_TIME 107329.757418
1502560514281409 CHEETAH_SIGNAL SENT_AFTER_TIME 107329.790937
1502560514331696 CHEETAH_SIGNAL SENT_AFTER_TIME 107329.841286
1502560514330119 DISPLAY_FIXATION
1502560517544628 AUDIO_PLAYBACK_ONSET 44.wav
1502560518732087 AUDIO_PLAYBACK_DONE 44.wav
1502560514096217 KEY_PRESS space
1502560514224230 KEY_PRESS space
1502560519732047 AUDIO_PLAYBACK_ONSET 125.wav
1502560520857015 AUDIO_PLAYBACK_DONE 125.wav
1502560519768076 KEY_PRESS l
1502560519928060 KEY_PRESS l
1502560521856975 AUDIO_PLAYBACK_ONSET 86.wav
1502560523169423 AUDIO_PLAYBACK_DONE 86.wav
1502560524169383 AUDIO_PLAYBACK_ONSET 9.wav
1502560525419314 AUDIO_PLAYBACK_DONE 9.wav
1502560523599909 KEY_PRESS l
1502560523847915 KEY_PRESS l
1502560526419274 AUDIO_PLAYBACK_ONSET 41.wav
1502560527645781 AUDIO_PLAYBACK_DONE 41.wav
1502560525799819 KEY_PRESS l
1502560526047824 KEY_PRESS l
1502560528645741 AUDIO_PLAYBACK_ONSET 109.wav
1502560530090991 AUDIO_PLAYBACK_DONE 109.wav
1502560531090951 AUDIO_PLAYBACK_ONSET 34.wav
1502560532465889 AUDIO_PLAYBACK_DONE 34.wav
1502560533465849 AUDIO_PLAYBACK_ONSET 53.wav
1502560534965793 AUDIO_PLAYBACK_DONE 53.wav
1502560535965753 AUDIO_PLAYBACK_ONSET 15.wav
1502560537028207 AUDIO_PLAYBACK_DONE 15.wav
1502560538028167 AUDIO_PLAYBACK_ONSET 106.wav
1502560539246852 AUDIO_PLAYBACK_DONE 106.wav
1502560540246812 AUDIO_PLAYBACK_ONSET 130.wav
1502560541559257 AUDIO_PLAYBACK_DONE 130.wav
1502560542559217 AUDIO_PLAYBACK_ONSET 123.wav
1502560543856039 AUDIO_PLAYBACK_DONE 123.wav
1502560544855999 AUDIO_PLAYBACK_ONSET 28.wav
1502560546355920 AUDIO_PLAYBACK_DONE 28.wav
1502560547355880 AUDIO_PLAYBACK_ONSET 21.wav
1502560548324575 AUDIO_PLAYBACK_DONE 21.wav
1502560549324535 AUDIO_PLAYBACK_ONSET 147.wav
1502560550676027 AUDIO_PLAYBACK_DONE 147.wav
1502560551675987 AUDIO_PLAYBACK_ONSET 78.wav
1502560553097793 AUDIO_PLAYBACK_DONE 78.wav
1502560554097753 AUDIO_PLAYBACK_ONSET 51.wav
1502560555441446 AUDIO_PLAYBACK_DONE 51.wav
1502560556441406 AUDIO_PLAYBACK_ONSET 116.wav
1502560557503859 AUDIO_PLAYBACK_DONE 116.wav
1502560556038544 KEY_PRESS l
1502560556334619 KEY_PRESS l
1502560558503819 AUDIO_PLAYBACK_ONSET 138.wav
1502560559706881 AUDIO_PLAYBACK_DONE 138.wav
1502560560706841 AUDIO_PLAYBACK_ONSET 60.wav
1502560562488022 AUDIO_PLAYBACK_DONE 60.wav
1502560563487982 AUDIO_PLAYBACK_ONSET 33.wav
1502560564628553 AUDIO_PLAYBACK_DONE 33.wav
1502560565628513 AUDIO_PLAYBACK_ONSET 47.wav
1502560566862842 AUDIO_PLAYBACK_DONE 47.wav
1502560567862802 AUDIO_PLAYBACK_ONSET 152.wav
1502560568925256 AUDIO_PLAYBACK_DONE 152.wav
1502560569925216 AUDIO_PLAYBACK_ONSET 82.wav
1502560571206416 AUDIO_PLAYBACK_DONE 82.wav
1502560572206376 AUDIO_PLAYBACK_ONSET 22.wav
1502560573362590 AUDIO_PLAYBACK_DONE 22.wav
1502560574362550 AUDIO_PLAYBACK_ONSET 52.wav
1502560575612479 AUDIO_PLAYBACK_DONE 52.wav
1502560576612439 AUDIO_PLAYBACK_ONSET 73.wav
1502560578003000 AUDIO_PLAYBACK_DONE 73.wav
1502560579002960 AUDIO_PLAYBACK_ONSET 115.wav
1502560580799764 AUDIO_PLAYBACK_DONE 115.wav
1502560581799724 AUDIO_PLAYBACK_ONSET 89.wav
1502560582729371 AUDIO_PLAYBACK_DONE 89.wav
1502560583729331 AUDIO_PLAYBACK_ONSET 18.wav
1502560585229251 AUDIO_PLAYBACK_DONE 18.wav
1502560586229211 AUDIO_PLAYBACK_ONSET 57.wav
1502560587463539 AUDIO_PLAYBACK_DONE 57.wav
1502560586117428 KEY_PRESS l
1502560586437379 KEY_PRESS l
1502560588463499 AUDIO_PLAYBACK_ONSET 101.wav
1502560589697804 AUDIO_PLAYBACK_DONE 101.wav
1502560587637360 KEY_PRESS l
1502560588149249 KEY_PRESS l
1502560590697764 AUDIO_PLAYBACK_ONSET 12.wav
1502560592103947 AUDIO_PLAYBACK_DONE 12.wav
1502560593103907 AUDIO_PLAYBACK_ONSET 124.wav
1502560594088245 AUDIO_PLAYBACK_DONE 124.wav
1502560595088205 AUDIO_PLAYBACK_ONSET 10.wav
1502560596213150 AUDIO_PLAYBACK_DONE 10.wav
1502560597213110 AUDIO_PLAYBACK_ONSET 40.wav
1502560598650540 AUDIO_PLAYBACK_DONE 40.wav
1502560599650500 AUDIO_PLAYBACK_ONSET 128.wav
1502560600962947 AUDIO_PLAYBACK_DONE 128.wav
1502560601962907 AUDIO_PLAYBACK_ONSET 32.wav
1502560603197212 AUDIO_PLAYBACK_DONE 32.wav
1502560604197172 AUDIO_PLAYBACK_ONSET 121.wav
1502560605634601 AUDIO_PLAYBACK_DONE 121.wav
1502560606634561 AUDIO_PLAYBACK_ONSET 16.wav
1502560608103235 AUDIO_PLAYBACK_DONE 16.wav
1502560609103195 AUDIO_PLAYBACK_ONSET 58.wav
1502560610329704 AUDIO_PLAYBACK_DONE 58.wav
1502560611329664 AUDIO_PLAYBACK_ONSET 104.wav
1502560612954592 AUDIO_PLAYBACK_DONE 104.wav
1502560613954552 AUDIO_PLAYBACK_ONSET 27.wav
1502560615641971 AUDIO_PLAYBACK_DONE 27.wav
1502560616641931 AUDIO_PLAYBACK_ONSET 49.wav
1502560617907506 AUDIO_PLAYBACK_DONE 49.wav
1502560618907466 AUDIO_PLAYBACK_ONSET 88.wav
1502560620126152 AUDIO_PLAYBACK_DONE 88.wav
1502560618204183 KEY_PRESS l
1502560618484122 KEY_PRESS l
1502560621126112 AUDIO_PLAYBACK_ONSET 13.wav
1502560622969782 AUDIO_PLAYBACK_DONE 13.wav
1502560622699959 KEY_PRESS l
1502560623969742 AUDIO_PLAYBACK_ONSET 102.wav
1502560625563421 AUDIO_PLAYBACK_DONE 102.wav
1502560623043948 KEY_PRESS l
1502560626563381 AUDIO_PLAYBACK_ONSET 45.wav
1502560627657083 AUDIO_PLAYBACK_DONE 45.wav
1502560628657043 AUDIO_PLAYBACK_ONSET 71.wav
1502560629657004 AUDIO_PLAYBACK_DONE 71.wav
1502560630656964 AUDIO_PLAYBACK_ONSET 137.wav
1502560632078768 AUDIO_PLAYBACK_DONE 137.wav
1502560633078728 AUDIO_PLAYBACK_ONSET 66.wav
1502560634289612 AUDIO_PLAYBACK_DONE 66.wav
1502560635289572 AUDIO_PLAYBACK_ONSET 105.wav
1502560636504379 AUDIO_PLAYBACK_DONE 105.wav
1502560637504339 AUDIO_PLAYBACK_ONSET 2.wav
1502560638926143 AUDIO_PLAYBACK_DONE 2.wav
1502560639926103 AUDIO_PLAYBACK_ONSET 90.wav
1502560641316662 AUDIO_PLAYBACK_DONE 90.wav
1502560642316622 AUDIO_PLAYBACK_ONSET 74.wav
1502560643504059 AUDIO_PLAYBACK_DONE 74.wav
1502560644504019 AUDIO_PLAYBACK_ONSET 31.wav
1502560645753951 AUDIO_PLAYBACK_DONE 31.wav
1502560646753911 AUDIO_PLAYBACK_ONSET 141.wav
1502560647824163 AUDIO_PLAYBACK_DONE 141.wav
1502560648824123 AUDIO_PLAYBACK_ONSET 25.wav
1502560650324045 AUDIO_PLAYBACK_DONE 25.wav
1502560651324005 AUDIO_PLAYBACK_ONSET 3.wav
1502560652816126 AUDIO_PLAYBACK_DONE 3.wav
1502560652386774 KEY_PRESS l
1502560653816086 AUDIO_PLAYBACK_ONSET 37.wav
1502560654909809 AUDIO_PLAYBACK_DONE 37.wav
1502560652826675 KEY_PRESS l
1502560655909769 AUDIO_PLAYBACK_ONSET 62.wav
1502560657378443 AUDIO_PLAYBACK_DONE 62.wav
1502560658378403 AUDIO_PLAYBACK_ONSET 20.wav
1502560659597109 AUDIO_PLAYBACK_DONE 20.wav
1502560660597069 AUDIO_PLAYBACK_ONSET 7.wav
1502560661690769 AUDIO_PLAYBACK_DONE 7.wav
1502560662690729 AUDIO_PLAYBACK_ONSET 85.wav
1502560664034417 AUDIO_PLAYBACK_DONE 85.wav
1502560664010298 KEY_PRESS l
1502560665034377 AUDIO_PLAYBACK_ONSET 65.wav
1502560666409315 AUDIO_PLAYBACK_DONE 65.wav
1502560664314291 KEY_PRESS l
1502560667409275 AUDIO_PLAYBACK_ONSET 81.wav
1502560668596712 AUDIO_PLAYBACK_DONE 81.wav
1502560669596672 AUDIO_PLAYBACK_ONSET 26.wav
1502560670955984 AUDIO_PLAYBACK_DONE 26.wav
1502560671955944 AUDIO_PLAYBACK_ONSET 56.wav
1502560673737122 AUDIO_PLAYBACK_DONE 56.wav
1502560674737082 AUDIO_PLAYBACK_ONSET 150.wav
1502560675987012 AUDIO_PLAYBACK_DONE 150.wav
1502560676986972 AUDIO_PLAYBACK_ONSET 117.wav
1502560678361931 AUDIO_PLAYBACK_DONE 117.wav
1502560679361891 AUDIO_PLAYBACK_ONSET 23.wav
1502560680861809 AUDIO_PLAYBACK_DONE 23.wav
1502560681861769 AUDIO_PLAYBACK_ONSET 96.wav
1502560683213259 AUDIO_PLAYBACK_DONE 96.wav
1502560684213219 AUDIO_PLAYBACK_ONSET 76.wav
1502560685525685 AUDIO_PLAYBACK_DONE 76.wav
1502560686525645 AUDIO_PLAYBACK_ONSET 80.wav
1502560687744330 AUDIO_PLAYBACK_DONE 80.wav
1502560688744290 AUDIO_PLAYBACK_ONSET 54.wav
1502560689994220 AUDIO_PLAYBACK_DONE 54.wav
1502560690994180 AUDIO_PLAYBACK_ONSET 72.wav
1502560692478499 AUDIO_PLAYBACK_DONE 72.wav
1502560693478459 AUDIO_PLAYBACK_ONSET 4.wav
1502560694535042 AUDIO_PLAYBACK_DONE 4.wav
1502560695535002 AUDIO_PLAYBACK_ONSET 132.wav
1502560697148203 AUDIO_PLAYBACK_DONE 132.wav
1502560698148163 AUDIO_PLAYBACK_ONSET 98.wav
1502560699495753 AUDIO_PLAYBACK_DONE 98.wav
1502560700495713 AUDIO_PLAYBACK_ONSET 64.wav
1502560701480051 AUDIO_PLAYBACK_DONE 64.wav
1502560702480011 AUDIO_PLAYBACK_ONSET 50.wav
1502560703581510 AUDIO_PLAYBACK_DONE 50.wav
1502560704581470 AUDIO_PLAYBACK_ONSET 94.wav
1502560705800154 AUDIO_PLAYBACK_DONE 94.wav
1502560706800114 AUDIO_PLAYBACK_ONSET 14.wav
1502560708143826 AUDIO_PLAYBACK_DONE 14.wav
1502560709143786 AUDIO_PLAYBACK_ONSET 48.wav
1502560710315600 AUDIO_PLAYBACK_DONE 48.wav
1502560711315560 AUDIO_PLAYBACK_ONSET 119.wav
1502560712471753 AUDIO_PLAYBACK_DONE 119.wav
1502560713471713 AUDIO_PLAYBACK_ONSET 75.wav
1502560714471676 AUDIO_PLAYBACK_DONE 75.wav
1502560715471636 AUDIO_PLAYBACK_ONSET 8.wav
1502560716651272 AUDIO_PLAYBACK_DONE 8.wav
1502560717651232 AUDIO_PLAYBACK_ONSET 67.wav
1502560718573058 AUDIO_PLAYBACK_DONE 67.wav
1502560719573018 AUDIO_PLAYBACK_ONSET 112.wav
1502560720510465 AUDIO_PLAYBACK_DONE 112.wav
1502560721510425 AUDIO_PLAYBACK_ONSET 108.wav
1502560722994719 AUDIO_PLAYBACK_DONE 108.wav
1502560723994679 AUDIO_PLAYBACK_ONSET 91.wav
1502560724900880 AUDIO_PLAYBACK_DONE 91.wav
1502560725900840 AUDIO_PLAYBACK_ONSET 133.wav
1502560727228910 AUDIO_PLAYBACK_DONE 133.wav
1502560728228870 AUDIO_PLAYBACK_ONSET 17.wav
1502560729228808 AUDIO_PLAYBACK_DONE 17.wav
1502560730228768 AUDIO_PLAYBACK_ONSET 68.wav
1502560731205306 AUDIO_PLAYBACK_DONE 68.wav
1502560732205266 AUDIO_PLAYBACK_ONSET 97.wav
1502560733857540 AUDIO_PLAYBACK_DONE 97.wav
1502560734857500 AUDIO_PLAYBACK_ONSET 114.wav
1502560736091806 AUDIO_PLAYBACK_DONE 114.wav
1502560737091766 AUDIO_PLAYBACK_ONSET 142.wav
1502560738537016 AUDIO_PLAYBACK_DONE 142.wav
1502560739536976 AUDIO_PLAYBACK_ONSET 87.wav
1502560740646300 AUDIO_PLAYBACK_DONE 87.wav
1502560741646260 AUDIO_PLAYBACK_ONSET 144.wav
1502560742958727 AUDIO_PLAYBACK_DONE 144.wav
1502560743958687 AUDIO_PLAYBACK_ONSET 148.wav
1502560745224261 AUDIO_PLAYBACK_DONE 148.wav
1502560746224221 AUDIO_PLAYBACK_ONSET 69.wav
1502560747521044 AUDIO_PLAYBACK_DONE 69.wav
1502560745351023 KEY_PRESS l
1502560745783040 KEY_PRESS l
1502560748521004 AUDIO_PLAYBACK_ONSET 111.wav
1502560749802202 AUDIO_PLAYBACK_DONE 111.wav
1502560750802162 AUDIO_PLAYBACK_ONSET 113.wav
1502560752020845 AUDIO_PLAYBACK_DONE 113.wav
1502560753020805 AUDIO_PLAYBACK_ONSET 118.wav
1502560754520726 AUDIO_PLAYBACK_DONE 118.wav
1502560754294679 KEY_PRESS l
1502560755520686 AUDIO_PLAYBACK_ONSET 120.wav
1502560756817530 AUDIO_PLAYBACK_DONE 120.wav
1502560754518638 KEY_PRESS l
1502560757817490 AUDIO_PLAYBACK_ONSET 36.wav
1502560759067418 AUDIO_PLAYBACK_DONE 36.wav
1502560760067378 AUDIO_PLAYBACK_ONSET 145.wav
1502560761457937 AUDIO_PLAYBACK_DONE 145.wav
1502560762457897 AUDIO_PLAYBACK_ONSET 134.wav
1502560763246936 AUDIO_PLAYBACK_DONE 134.wav
1502560764246896 AUDIO_PLAYBACK_ONSET 143.wav
1502560765364017 AUDIO_PLAYBACK_DONE 143.wav
1502560766363977 AUDIO_PLAYBACK_ONSET 42.wav
1502560767520169 AUDIO_PLAYBACK_DONE 42.wav
1502560768520129 AUDIO_PLAYBACK_ONSET 126.wav
1502560769910711 AUDIO_PLAYBACK_DONE 126.wav
1502560770910671 AUDIO_PLAYBACK_ONSET 38.wav
1502560772191867 AUDIO_PLAYBACK_DONE 38.wav
1502560773191827 AUDIO_PLAYBACK_ONSET 103.wav
1502560774582387 AUDIO_PLAYBACK_DONE 103.wav
1502560775582347 AUDIO_PLAYBACK_ONSET 43.wav
1502560776832298 AUDIO_PLAYBACK_DONE 43.wav
1502560777832258 AUDIO_PLAYBACK_ONSET 35.wav
1502560779394689 AUDIO_PLAYBACK_DONE 35.wav
1502560780394649 AUDIO_PLAYBACK_ONSET 93.wav
1502560781910216 AUDIO_PLAYBACK_DONE 93.wav
1502560782910176 AUDIO_PLAYBACK_ONSET 146.wav
1502560784285110 AUDIO_PLAYBACK_DONE 146.wav
1502560785285070 AUDIO_PLAYBACK_ONSET 110.wav
1502560786816259 AUDIO_PLAYBACK_DONE 110.wav
1502560787816219 AUDIO_PLAYBACK_ONSET 46.wav
1502560788878696 AUDIO_PLAYBACK_DONE 46.wav
1502560788485311 KEY_PRESS l
1502560788653321 KEY_PRESS l
1502560789878656 AUDIO_PLAYBACK_ONSET 136.wav
1502560791495758 AUDIO_PLAYBACK_DONE 136.wav
1502560792495718 AUDIO_PLAYBACK_ONSET 95.wav
1502560793769095 AUDIO_PLAYBACK_DONE 95.wav
1502560794769055 AUDIO_PLAYBACK_ONSET 151.wav
1502560795800285 AUDIO_PLAYBACK_DONE 151.wav
1502560796800245 AUDIO_PLAYBACK_ONSET 30.wav
1502560798300164 AUDIO_PLAYBACK_DONE 30.wav
1502560799300124 AUDIO_PLAYBACK_ONSET 122.wav
1502560800487561 AUDIO_PLAYBACK_DONE 122.wav
1502560801487521 AUDIO_PLAYBACK_ONSET 77.wav
1502560802534374 AUDIO_PLAYBACK_DONE 77.wav
1502560803534334 AUDIO_PLAYBACK_ONSET 139.wav
1502560804713969 AUDIO_PLAYBACK_DONE 139.wav
1502560805713929 AUDIO_PLAYBACK_ONSET 55.wav
1502560806901367 AUDIO_PLAYBACK_DONE 55.wav
1502560807901327 AUDIO_PLAYBACK_ONSET 107.wav
1502560809065363 AUDIO_PLAYBACK_DONE 107.wav
1502560810065323 AUDIO_PLAYBACK_ONSET 39.wav
1502560811940238 AUDIO_PLAYBACK_DONE 39.wav
1502560812940198 AUDIO_PLAYBACK_ONSET 127.wav
1502560814119834 AUDIO_PLAYBACK_DONE 127.wav
1502560815119794 AUDIO_PLAYBACK_ONSET 149.wav
1502560816275986 AUDIO_PLAYBACK_DONE 149.wav
1502560817275946 AUDIO_PLAYBACK_ONSET 140.wav
1502560818557143 AUDIO_PLAYBACK_DONE 140.wav
1502560819557103 AUDIO_PLAYBACK_ONSET 6.wav
1502560820783609 AUDIO_PLAYBACK_DONE 6.wav
1502560821783569 AUDIO_PLAYBACK_ONSET 131.wav
1502560822658525 AUDIO_PLAYBACK_DONE 131.wav
1502560823658485 AUDIO_PLAYBACK_ONSET 84.wav
1502560824908415 AUDIO_PLAYBACK_DONE 84.wav
1502560825908375 AUDIO_PLAYBACK_ONSET 5.wav
1502560827371198 AUDIO_PLAYBACK_DONE 5.wav
1502560828371158 AUDIO_PLAYBACK_ONSET 24.wav
1502560829964838 AUDIO_PLAYBACK_DONE 24.wav
1502560830964798 AUDIO_PLAYBACK_ONSET 61.wav
1502560832464720 AUDIO_PLAYBACK_DONE 61.wav
1502560830171659 KEY_PRESS l
1502560830387645 KEY_PRESS l
1502560833464680 AUDIO_PLAYBACK_ONSET 1.wav
1502560834339658 AUDIO_PLAYBACK_DONE 1.wav
1502560835339618 AUDIO_PLAYBACK_ONSET 92.wav
1502560836589547 AUDIO_PLAYBACK_DONE 92.wav
1502560837589507 AUDIO_PLAYBACK_ONSET 99.wav
1502560838683207 AUDIO_PLAYBACK_DONE 99.wav
1502560839683167 AUDIO_PLAYBACK_ONSET 135.wav
1502560840733919 AUDIO_PLAYBACK_DONE 135.wav
1502560841733879 AUDIO_PLAYBACK_ONSET 70.wav
1502560843265065 AUDIO_PLAYBACK_DONE 70.wav
1502560844265025 AUDIO_PLAYBACK_ONSET 83.wav
1502560845952444 AUDIO_PLAYBACK_DONE 83.wav
1502560845795036 KEY_PRESS l
1502560846952404 AUDIO_PLAYBACK_ONSET 63.wav
1502560848116440 AUDIO_PLAYBACK_DONE 63.wav
1502560846099023 KEY_PRESS l
1502560849116400 AUDIO_PLAYBACK_ONSET 29.wav
1502560850616317 AUDIO_PLAYBACK_DONE 29.wav
1502560851616277 AUDIO_PLAYBACK_ONSET 129.wav
1502560852741223 AUDIO_PLAYBACK_DONE 129.wav
1502560853741183 AUDIO_PLAYBACK_ONSET 100.wav
1502560854616161 AUDIO_PLAYBACK_DONE 100.wav
1502560855616121 AUDIO_PLAYBACK_ONSET 79.wav
1502560856928563 AUDIO_PLAYBACK_DONE 79.wav
1502560857928523 AUDIO_PLAYBACK_ONSET 11.wav
1502560858881593 AUDIO_PLAYBACK_DONE 11.wav
1502560859881553 AUDIO_PLAYBACK_ONSET 19.wav
1502560860912761 AUDIO_PLAYBACK_DONE 19.wav
1502560861912721 AUDIO_PLAYBACK_ONSET 59.wav
1502560863217343 AUDIO_PLAYBACK_DONE 59.wav
