1502559678863798 CHEETAH_SIGNAL SENT_AFTER_TIME 106486.009778
1502559680697443 CHEETAH_SIGNAL SENT_AFTER_TIME 106487.843451
1502559680761872 CHEETAH_SIGNAL SENT_AFTER_TIME 106487.907368
1502559680759300 DISPLAY_INSTRUCTIONS Stimuli/instructions_audio_sentences.png
1502559685702936 KEY_PRESS space
1502559685704383 CHEETAH_SIGNAL SENT_AFTER_TIME 106492.850459
1502559685794303 CHEETAH_SIGNAL SENT_AFTER_TIME 106492.940111
1502559685792369 DISPLAY_INSTRUCTIONS OFF
1502559685839188 CHEETAH_SIGNAL SENT_AFTER_TIME 106492.985303
1502559685873020 CHEETAH_SIGNAL SENT_AFTER_TIME 106493.018818
1502559685910459 CHEETAH_SIGNAL SENT_AFTER_TIME 106493.056635
1502559685909082 DISPLAY_FIXATION
1502559689134250 AUDIO_PLAYBACK_ONSET 8.wav
1502559690313908 AUDIO_PLAYBACK_DONE 8.wav
1502559685699685 KEY_PRESS space
1502559685907732 KEY_PRESS space
1502559691313868 AUDIO_PLAYBACK_ONSET 64.wav
1502559692298206 AUDIO_PLAYBACK_DONE 64.wav
1502559693298166 AUDIO_PLAYBACK_ONSET 134.wav
1502559694087189 AUDIO_PLAYBACK_DONE 134.wav
1502559695087149 AUDIO_PLAYBACK_ONSET 44.wav
1502559696274587 AUDIO_PLAYBACK_DONE 44.wav
1502559697274547 AUDIO_PLAYBACK_ONSET 46.wav
1502559698337000 AUDIO_PLAYBACK_DONE 46.wav
1502559696355373 KEY_PRESS l
1502559696635331 KEY_PRESS l
1502559699336960 AUDIO_PLAYBACK_ONSET 99.wav
1502559700430661 AUDIO_PLAYBACK_DONE 99.wav
1502559701430621 AUDIO_PLAYBACK_ONSET 125.wav
1502559702555591 AUDIO_PLAYBACK_DONE 125.wav
1502559703555551 AUDIO_PLAYBACK_ONSET 139.wav
1502559704735189 AUDIO_PLAYBACK_DONE 139.wav
1502559705735149 AUDIO_PLAYBACK_ONSET 146.wav
1502559707110086 AUDIO_PLAYBACK_DONE 146.wav
1502559708110046 AUDIO_PLAYBACK_ONSET 59.wav
1502559709414668 AUDIO_PLAYBACK_DONE 59.wav
1502559710414628 AUDIO_PLAYBACK_ONSET 121.wav
1502559711852055 AUDIO_PLAYBACK_DONE 121.wav
1502559712852015 AUDIO_PLAYBACK_ONSET 1.wav
1502559713726973 AUDIO_PLAYBACK_DONE 1.wav
1502559714726933 AUDIO_PLAYBACK_ONSET 144.wav
1502559716039377 AUDIO_PLAYBACK_DONE 144.wav
1502559717039337 AUDIO_PLAYBACK_ONSET 60.wav
1502559718820517 AUDIO_PLAYBACK_DONE 60.wav
1502559719820477 AUDIO_PLAYBACK_ONSET 27.wav
1502559721507897 AUDIO_PLAYBACK_DONE 27.wav
1502559722507857 AUDIO_PLAYBACK_ONSET 93.wav
1502559724023424 AUDIO_PLAYBACK_DONE 93.wav
1502559725023384 AUDIO_PLAYBACK_ONSET 122.wav
1502559726210825 AUDIO_PLAYBACK_DONE 122.wav
1502559727210785 AUDIO_PLAYBACK_ONSET 138.wav
1502559728413847 AUDIO_PLAYBACK_DONE 138.wav
1502559729413807 AUDIO_PLAYBACK_ONSET 56.wav
1502559731194988 AUDIO_PLAYBACK_DONE 56.wav
1502559732194948 AUDIO_PLAYBACK_ONSET 128.wav
1502559733507394 AUDIO_PLAYBACK_DONE 128.wav
1502559734507354 AUDIO_PLAYBACK_ONSET 92.wav
1502559735757282 AUDIO_PLAYBACK_DONE 92.wav
1502559736757242 AUDIO_PLAYBACK_ONSET 71.wav
1502559737757180 AUDIO_PLAYBACK_DONE 71.wav
1502559738757140 AUDIO_PLAYBACK_ONSET 6.wav
1502559739983648 AUDIO_PLAYBACK_DONE 6.wav
1502559740983608 AUDIO_PLAYBACK_ONSET 104.wav
1502559742608558 AUDIO_PLAYBACK_DONE 104.wav
1502559743608518 AUDIO_PLAYBACK_ONSET 131.wav
1502559744483473 AUDIO_PLAYBACK_DONE 131.wav
1502559745483433 AUDIO_PLAYBACK_ONSET 12.wav
1502559746889618 AUDIO_PLAYBACK_DONE 12.wav
1502559747889578 AUDIO_PLAYBACK_ONSET 35.wav
1502559749452013 AUDIO_PLAYBACK_DONE 35.wav
1502559750451973 AUDIO_PLAYBACK_ONSET 41.wav
1502559751678502 AUDIO_PLAYBACK_DONE 41.wav
1502559752678462 AUDIO_PLAYBACK_ONSET 148.wav
1502559753944038 AUDIO_PLAYBACK_DONE 148.wav
1502559754943998 AUDIO_PLAYBACK_ONSET 14.wav
1502559756287688 AUDIO_PLAYBACK_DONE 14.wav
1502559754009039 KEY_PRESS l
1502559754273020 KEY_PRESS l
1502559757287648 AUDIO_PLAYBACK_ONSET 25.wav
1502559758787571 AUDIO_PLAYBACK_DONE 25.wav
1502559759787531 AUDIO_PLAYBACK_ONSET 40.wav
1502559761224960 AUDIO_PLAYBACK_DONE 40.wav
1502559762224920 AUDIO_PLAYBACK_ONSET 136.wav
1502559763842023 AUDIO_PLAYBACK_DONE 136.wav
1502559764841983 AUDIO_PLAYBACK_ONSET 73.wav
1502559766232542 AUDIO_PLAYBACK_DONE 73.wav
1502559767232502 AUDIO_PLAYBACK_ONSET 76.wav
1502559768544949 AUDIO_PLAYBACK_DONE 76.wav
1502559769544909 AUDIO_PLAYBACK_ONSET 86.wav
1502559770857355 AUDIO_PLAYBACK_DONE 86.wav
1502559771857315 AUDIO_PLAYBACK_ONSET 57.wav
1502559773091623 AUDIO_PLAYBACK_DONE 57.wav
1502559771024399 KEY_PRESS l
1502559771248261 KEY_PRESS l
1502559774091583 AUDIO_PLAYBACK_ONSET 23.wav
1502559775591524 AUDIO_PLAYBACK_DONE 23.wav
1502559773232260 KEY_PRESS l
1502559773456253 KEY_PRESS l
1502559776591484 AUDIO_PLAYBACK_ONSET 39.wav
1502559778466425 AUDIO_PLAYBACK_DONE 39.wav
1502559779466385 AUDIO_PLAYBACK_ONSET 52.wav
1502559780716316 AUDIO_PLAYBACK_DONE 52.wav
1502559781716276 AUDIO_PLAYBACK_ONSET 42.wav
1502559782872466 AUDIO_PLAYBACK_DONE 42.wav
1502559783872426 AUDIO_PLAYBACK_ONSET 145.wav
1502559785262988 AUDIO_PLAYBACK_DONE 145.wav
1502559786262948 AUDIO_PLAYBACK_ONSET 109.wav
1502559787708200 AUDIO_PLAYBACK_DONE 109.wav
1502559788708160 AUDIO_PLAYBACK_ONSET 96.wav
1502559790059650 AUDIO_PLAYBACK_DONE 96.wav
1502559791059610 AUDIO_PLAYBACK_ONSET 129.wav
1502559792184559 AUDIO_PLAYBACK_DONE 129.wav
1502559793184519 AUDIO_PLAYBACK_ONSET 33.wav
1502559794325087 AUDIO_PLAYBACK_DONE 33.wav
1502559795325047 AUDIO_PLAYBACK_ONSET 38.wav
1502559796606244 AUDIO_PLAYBACK_DONE 38.wav
1502559797606204 AUDIO_PLAYBACK_ONSET 87.wav
1502559798715527 AUDIO_PLAYBACK_DONE 87.wav
1502559799715487 AUDIO_PLAYBACK_ONSET 108.wav
1502559801199806 AUDIO_PLAYBACK_DONE 108.wav
1502559802199766 AUDIO_PLAYBACK_ONSET 80.wav
1502559803418449 AUDIO_PLAYBACK_DONE 80.wav
1502559804418409 AUDIO_PLAYBACK_ONSET 48.wav
1502559805590224 AUDIO_PLAYBACK_DONE 48.wav
1502559806590184 AUDIO_PLAYBACK_ONSET 7.wav
1502559807683907 AUDIO_PLAYBACK_DONE 7.wav
1502559808683867 AUDIO_PLAYBACK_ONSET 28.wav
1502559810183785 AUDIO_PLAYBACK_DONE 28.wav
1502559811183745 AUDIO_PLAYBACK_ONSET 13.wav
1502559813027416 AUDIO_PLAYBACK_DONE 13.wav
1502559812846617 KEY_PRESS l
1502559814027376 AUDIO_PLAYBACK_ONSET 94.wav
1502559815246058 AUDIO_PLAYBACK_DONE 94.wav
1502559813070634 KEY_PRESS l
1502559816246018 AUDIO_PLAYBACK_ONSET 142.wav
1502559817691291 AUDIO_PLAYBACK_DONE 142.wav
1502559818691251 AUDIO_PLAYBACK_ONSET 135.wav
1502559819741981 AUDIO_PLAYBACK_DONE 135.wav
1502559820741941 AUDIO_PLAYBACK_ONSET 79.wav
1502559822054384 AUDIO_PLAYBACK_DONE 79.wav
1502559823054344 AUDIO_PLAYBACK_ONSET 78.wav
1502559824476151 AUDIO_PLAYBACK_DONE 78.wav
1502559825476111 AUDIO_PLAYBACK_ONSET 111.wav
1502559826757311 AUDIO_PLAYBACK_DONE 111.wav
1502559827757271 AUDIO_PLAYBACK_ONSET 91.wav
1502559828663473 AUDIO_PLAYBACK_DONE 91.wav
1502559829663433 AUDIO_PLAYBACK_ONSET 150.wav
1502559830913365 AUDIO_PLAYBACK_DONE 150.wav
1502559831913325 AUDIO_PLAYBACK_ONSET 2.wav
1502559833335131 AUDIO_PLAYBACK_DONE 2.wav
1502559834335091 AUDIO_PLAYBACK_ONSET 117.wav
1502559835710025 AUDIO_PLAYBACK_DONE 117.wav
1502559836709985 AUDIO_PLAYBACK_ONSET 120.wav
1502559838006807 AUDIO_PLAYBACK_DONE 120.wav
1502559839006767 AUDIO_PLAYBACK_ONSET 83.wav
1502559840694208 AUDIO_PLAYBACK_DONE 83.wav
1502559840413581 KEY_PRESS l
1502559840653528 KEY_PRESS l
1502559841694168 AUDIO_PLAYBACK_ONSET 147.wav
1502559843045661 AUDIO_PLAYBACK_DONE 147.wav
1502559844045621 AUDIO_PLAYBACK_ONSET 30.wav
1502559845545539 AUDIO_PLAYBACK_DONE 30.wav
1502559846545499 AUDIO_PLAYBACK_ONSET 112.wav
1502559847482947 AUDIO_PLAYBACK_DONE 112.wav
1502559848482907 AUDIO_PLAYBACK_ONSET 61.wav
1502559849982827 AUDIO_PLAYBACK_DONE 61.wav
1502559850982787 AUDIO_PLAYBACK_ONSET 116.wav
1502559852045240 AUDIO_PLAYBACK_DONE 116.wav
1502559853045200 AUDIO_PLAYBACK_ONSET 102.wav
1502559854638879 AUDIO_PLAYBACK_DONE 102.wav
1502559855638839 AUDIO_PLAYBACK_ONSET 15.wav
1502559856701295 AUDIO_PLAYBACK_DONE 15.wav
1502559857701255 AUDIO_PLAYBACK_ONSET 72.wav
1502559859185553 AUDIO_PLAYBACK_DONE 72.wav
1502559860185513 AUDIO_PLAYBACK_ONSET 110.wav
1502559861716702 AUDIO_PLAYBACK_DONE 110.wav
1502559861340751 KEY_PRESS l
1502559861580673 KEY_PRESS l
1502559862716662 AUDIO_PLAYBACK_ONSET 49.wav
1502559863982239 AUDIO_PLAYBACK_DONE 49.wav
1502559863956640 KEY_PRESS l
1502559864982199 AUDIO_PLAYBACK_ONSET 32.wav
1502559866216506 AUDIO_PLAYBACK_DONE 32.wav
1502559864212629 KEY_PRESS l
1502559867216466 AUDIO_PLAYBACK_ONSET 137.wav
1502559868638272 AUDIO_PLAYBACK_DONE 137.wav
1502559869638232 AUDIO_PLAYBACK_ONSET 65.wav
1502559871013168 AUDIO_PLAYBACK_DONE 65.wav
1502559872013128 AUDIO_PLAYBACK_ONSET 126.wav
1502559873403687 AUDIO_PLAYBACK_DONE 126.wav
1502559874403647 AUDIO_PLAYBACK_ONSET 4.wav
1502559875460252 AUDIO_PLAYBACK_DONE 4.wav
1502559874708204 KEY_PRESS l
1502559874892181 KEY_PRESS l
1502559876460212 AUDIO_PLAYBACK_ONSET 3.wav
1502559877952330 AUDIO_PLAYBACK_DONE 3.wav
1502559877268068 KEY_PRESS l
1502559877508087 KEY_PRESS l
1502559878952290 AUDIO_PLAYBACK_ONSET 24.wav
1502559880545973 AUDIO_PLAYBACK_DONE 24.wav
1502559879956000 KEY_PRESS l
1502559880203984 KEY_PRESS l
1502559881545933 AUDIO_PLAYBACK_ONSET 29.wav
1502559883045853 AUDIO_PLAYBACK_DONE 29.wav
1502559884045813 AUDIO_PLAYBACK_ONSET 114.wav
1502559885280118 AUDIO_PLAYBACK_DONE 114.wav
1502559886280078 AUDIO_PLAYBACK_ONSET 22.wav
1502559887436271 AUDIO_PLAYBACK_DONE 22.wav
1502559888436231 AUDIO_PLAYBACK_ONSET 17.wav
1502559889436193 AUDIO_PLAYBACK_DONE 17.wav
1502559890436153 AUDIO_PLAYBACK_ONSET 37.wav
1502559891529851 AUDIO_PLAYBACK_DONE 37.wav
1502559892529811 AUDIO_PLAYBACK_ONSET 19.wav
1502559893561019 AUDIO_PLAYBACK_DONE 19.wav
1502559894560979 AUDIO_PLAYBACK_ONSET 88.wav
1502559895779683 AUDIO_PLAYBACK_DONE 88.wav
1502559896779643 AUDIO_PLAYBACK_ONSET 143.wav
1502559897896767 AUDIO_PLAYBACK_DONE 143.wav
1502559898896727 AUDIO_PLAYBACK_ONSET 98.wav
1502559900244318 AUDIO_PLAYBACK_DONE 98.wav
1502559901244278 AUDIO_PLAYBACK_ONSET 124.wav
1502559902228615 AUDIO_PLAYBACK_DONE 124.wav
1502559903228575 AUDIO_PLAYBACK_ONSET 36.wav
1502559904478505 AUDIO_PLAYBACK_DONE 36.wav
1502559905478465 AUDIO_PLAYBACK_ONSET 53.wav
1502559906978386 AUDIO_PLAYBACK_DONE 53.wav
1502559907978346 AUDIO_PLAYBACK_ONSET 18.wav
1502559909478287 AUDIO_PLAYBACK_DONE 18.wav
1502559908986822 KEY_PRESS l
1502559909234805 KEY_PRESS l
1502559910478247 AUDIO_PLAYBACK_ONSET 34.wav
1502559911853184 AUDIO_PLAYBACK_DONE 34.wav
1502559912853144 AUDIO_PLAYBACK_ONSET 84.wav
1502559914103072 AUDIO_PLAYBACK_DONE 84.wav
1502559915103032 AUDIO_PLAYBACK_ONSET 127.wav
1502559916282671 AUDIO_PLAYBACK_DONE 127.wav
1502559917282631 AUDIO_PLAYBACK_ONSET 152.wav
1502559918345107 AUDIO_PLAYBACK_DONE 152.wav
1502559919345067 AUDIO_PLAYBACK_ONSET 20.wav
1502559920563749 AUDIO_PLAYBACK_DONE 20.wav
1502559921563709 AUDIO_PLAYBACK_ONSET 82.wav
1502559922844910 AUDIO_PLAYBACK_DONE 82.wav
1502559923844870 AUDIO_PLAYBACK_ONSET 119.wav
1502559925001083 AUDIO_PLAYBACK_DONE 119.wav
1502559926001043 AUDIO_PLAYBACK_ONSET 70.wav
1502559927532231 AUDIO_PLAYBACK_DONE 70.wav
1502559928532191 AUDIO_PLAYBACK_ONSET 58.wav
1502559929758699 AUDIO_PLAYBACK_DONE 58.wav
1502559930758659 AUDIO_PLAYBACK_ONSET 11.wav
1502559931711751 AUDIO_PLAYBACK_DONE 11.wav
1502559932711711 AUDIO_PLAYBACK_ONSET 105.wav
1502559933926491 AUDIO_PLAYBACK_DONE 105.wav
1502559934926451 AUDIO_PLAYBACK_ONSET 10.wav
1502559936051397 AUDIO_PLAYBACK_DONE 10.wav
1502559937051357 AUDIO_PLAYBACK_ONSET 118.wav
1502559938551299 AUDIO_PLAYBACK_DONE 118.wav
1502559939551259 AUDIO_PLAYBACK_ONSET 100.wav
1502559940426212 AUDIO_PLAYBACK_DONE 100.wav
1502559941426172 AUDIO_PLAYBACK_ONSET 97.wav
1502559943078445 AUDIO_PLAYBACK_DONE 97.wav
1502559944078405 AUDIO_PLAYBACK_ONSET 123.wav
1502559945375248 AUDIO_PLAYBACK_DONE 123.wav
1502559946375208 AUDIO_PLAYBACK_ONSET 31.wav
1502559947625135 AUDIO_PLAYBACK_DONE 31.wav
1502559948625095 AUDIO_PLAYBACK_ONSET 89.wav
1502559949554743 AUDIO_PLAYBACK_DONE 89.wav
1502559950554703 AUDIO_PLAYBACK_ONSET 16.wav
1502559952023398 AUDIO_PLAYBACK_DONE 16.wav
1502559953023358 AUDIO_PLAYBACK_ONSET 130.wav
1502559954335825 AUDIO_PLAYBACK_DONE 130.wav
1502559955335785 AUDIO_PLAYBACK_ONSET 5.wav
1502559956798608 AUDIO_PLAYBACK_DONE 5.wav
1502559957798568 AUDIO_PLAYBACK_ONSET 95.wav
1502559959071943 AUDIO_PLAYBACK_DONE 95.wav
1502559960071903 AUDIO_PLAYBACK_ONSET 74.wav
1502559961259343 AUDIO_PLAYBACK_DONE 74.wav
1502559961168748 KEY_PRESS l
1502559962259303 AUDIO_PLAYBACK_ONSET 107.wav
1502559963423317 AUDIO_PLAYBACK_DONE 107.wav
1502559961440745 KEY_PRESS l
1502559964423277 AUDIO_PLAYBACK_ONSET 103.wav
1502559965813835 AUDIO_PLAYBACK_DONE 103.wav
1502559966813795 AUDIO_PLAYBACK_ONSET 68.wav
1502559967790333 AUDIO_PLAYBACK_DONE 68.wav
1502559968790293 AUDIO_PLAYBACK_ONSET 62.wav
1502559970258963 AUDIO_PLAYBACK_DONE 62.wav
1502559971258923 AUDIO_PLAYBACK_ONSET 90.wav
1502559972649479 AUDIO_PLAYBACK_DONE 90.wav
1502559973649439 AUDIO_PLAYBACK_ONSET 21.wav
1502559974618134 AUDIO_PLAYBACK_DONE 21.wav
1502559975618094 AUDIO_PLAYBACK_ONSET 66.wav
1502559976828999 AUDIO_PLAYBACK_DONE 66.wav
1502559977828959 AUDIO_PLAYBACK_ONSET 50.wav
1502559978930457 AUDIO_PLAYBACK_DONE 50.wav
1502559979930417 AUDIO_PLAYBACK_ONSET 81.wav
1502559981117856 AUDIO_PLAYBACK_DONE 81.wav
1502559982117816 AUDIO_PLAYBACK_ONSET 69.wav
1502559983414638 AUDIO_PLAYBACK_DONE 69.wav
1502559984414598 AUDIO_PLAYBACK_ONSET 132.wav
1502559986027800 AUDIO_PLAYBACK_DONE 132.wav
1502559987027760 AUDIO_PLAYBACK_ONSET 77.wav
1502559988074590 AUDIO_PLAYBACK_DONE 77.wav
1502559989074550 AUDIO_PLAYBACK_ONSET 51.wav
1502559990418262 AUDIO_PLAYBACK_DONE 51.wav
1502559991418222 AUDIO_PLAYBACK_ONSET 26.wav
1502559992777557 AUDIO_PLAYBACK_DONE 26.wav
1502559993777517 AUDIO_PLAYBACK_ONSET 67.wav
1502559994699340 AUDIO_PLAYBACK_DONE 67.wav
1502559995699300 AUDIO_PLAYBACK_ONSET 101.wav
1502559996933628 AUDIO_PLAYBACK_DONE 101.wav
1502559997933588 AUDIO_PLAYBACK_ONSET 133.wav
1502559999261656 AUDIO_PLAYBACK_DONE 133.wav
1502560000261616 AUDIO_PLAYBACK_ONSET 106.wav
1502560001480298 AUDIO_PLAYBACK_DONE 106.wav
1502560002480258 AUDIO_PLAYBACK_ONSET 75.wav
1502560003480219 AUDIO_PLAYBACK_DONE 75.wav
1502560004480179 AUDIO_PLAYBACK_ONSET 140.wav
1502560005761377 AUDIO_PLAYBACK_DONE 140.wav
1502560006761337 AUDIO_PLAYBACK_ONSET 54.wav
1502560008011266 AUDIO_PLAYBACK_DONE 54.wav
1502560009011226 AUDIO_PLAYBACK_ONSET 85.wav
1502560010354936 AUDIO_PLAYBACK_DONE 85.wav
1502560010062721 KEY_PRESS l
1502560010294782 KEY_PRESS l
1502560011354896 AUDIO_PLAYBACK_ONSET 115.wav
1502560013151719 AUDIO_PLAYBACK_DONE 115.wav
1502560014151679 AUDIO_PLAYBACK_ONSET 9.wav
1502560015401607 AUDIO_PLAYBACK_DONE 9.wav
1502560016401567 AUDIO_PLAYBACK_ONSET 43.wav
1502560017651497 AUDIO_PLAYBACK_DONE 43.wav
1502560018651457 AUDIO_PLAYBACK_ONSET 151.wav
1502560019682687 AUDIO_PLAYBACK_DONE 151.wav
1502560020682647 AUDIO_PLAYBACK_ONSET 45.wav
1502560021776344 AUDIO_PLAYBACK_DONE 45.wav
1502560022776304 AUDIO_PLAYBACK_ONSET 47.wav
1502560024010611 AUDIO_PLAYBACK_DONE 47.wav
1502560025010571 AUDIO_PLAYBACK_ONSET 141.wav
1502560026080847 AUDIO_PLAYBACK_DONE 141.wav
1502560027080807 AUDIO_PLAYBACK_ONSET 55.wav
1502560028268243 AUDIO_PLAYBACK_DONE 55.wav
1502560029268203 AUDIO_PLAYBACK_ONSET 149.wav
1502560030424392 AUDIO_PLAYBACK_DONE 149.wav
1502560031424352 AUDIO_PLAYBACK_ONSET 113.wav
1502560032643038 AUDIO_PLAYBACK_DONE 113.wav
1502560033642998 AUDIO_PLAYBACK_ONSET 63.wav
1502560034807034 AUDIO_PLAYBACK_DONE 63.wav
