1502560506888598 CHEETAH_SIGNAL SENT_AFTER_TIME 107322.397942
1502560508238682 CHEETAH_SIGNAL SENT_AFTER_TIME 107323.748004
1502560508298695 CHEETAH_SIGNAL SENT_AFTER_TIME 107323.808003
1502560508296901 DISPLAY_INSTRUCTIONS Stimuli/instructions_audio_sentences.png
1502560514098827 KEY_PRESS space
1502560514100203 CHEETAH_SIGNAL SENT_AFTER_TIME 107329.609769
1502560514198415 CHEETAH_SIGNAL SENT_AFTER_TIME 107329.707937
1502560514196796 DISPLAY_INSTRUCTIONS OFF
1502560514247919 CHEETAH_SIGNAL SENT_AFTER_TIME 107329.757418
1502560514281409 CHEETAH_SIGNAL SENT_AFTER_TIME 107329.790937
1502560514331696 CHEETAH_SIGNAL SENT_AFTER_TIME 107329.841286
1502560514330119 DISPLAY_FIXATION
1502560517544628 AUDIO_PLAYBACK_ONSET 1 44 1 The
1502560517612883 AUDIO_PLAYBACK_ONSET 2 44 2 salad
1502560517968011 AUDIO_PLAYBACK_ONSET 3 44 3 is
1502560518141185 AUDIO_PLAYBACK_ONSET 4 44 4 tasty
1502560518717370 AUDIO_PLAYBACK_ONSET _ 44 END_OF_WAV
1502560518732087 AUDIO_PLAYBACK_DONE 44.wav
1502560514096217 KEY_PRESS space
1502560514224230 KEY_PRESS space
1502560519732047 AUDIO_PLAYBACK_ONSET 5 125 1 we
1502560519844342 AUDIO_PLAYBACK_ONSET 6 125 2 believed
1502560520109712 AUDIO_PLAYBACK_ONSET 7 125 3 that
1502560520236727 AUDIO_PLAYBACK_ONSET 8 125 4 he
1502560520360718 AUDIO_PLAYBACK_ONSET 9 125 5 cried
1502560520833999 AUDIO_PLAYBACK_ONSET _ 125 END_OF_WAV
1502560520857015 AUDIO_PLAYBACK_DONE 125.wav
1502560519768076 KEY_PRESS l
1502560519928060 KEY_PRESS l
1502560521856975 AUDIO_PLAYBACK_ONSET 10 86 1 What
1502560522045316 AUDIO_PLAYBACK_ONSET 11 86 2 does
1502560522271121 AUDIO_PLAYBACK_ONSET 12 86 3 the
1502560522377850 AUDIO_PLAYBACK_ONSET 13 86 4 girl
1502560522604537 AUDIO_PLAYBACK_ONSET 14 86 5 eat?
1502560523119656 AUDIO_PLAYBACK_ONSET _ 86 END_OF_WAV
1502560523169423 AUDIO_PLAYBACK_DONE 86.wav
1502560524169383 AUDIO_PLAYBACK_ONSET 15 9 1 they
1502560524450399 AUDIO_PLAYBACK_ONSET 16 9 2 will
1502560524654528 AUDIO_PLAYBACK_ONSET 17 9 3 drink
1502560525287077 AUDIO_PLAYBACK_ONSET _ 9 END_OF_WAV
1502560525419314 AUDIO_PLAYBACK_DONE 9.wav
1502560523599909 KEY_PRESS l
1502560523847915 KEY_PRESS l
1502560526419274 AUDIO_PLAYBACK_ONSET 18 41 1 the
1502560526577974 AUDIO_PLAYBACK_ONSET 19 41 2 boy
1502560526765913 AUDIO_PLAYBACK_ONSET 20 41 3 sneezes
1502560527642965 AUDIO_PLAYBACK_ONSET _ 41 END_OF_WAV
1502560527645781 AUDIO_PLAYBACK_DONE 41.wav
1502560525799819 KEY_PRESS l
1502560526047824 KEY_PRESS l
1502560528645741 AUDIO_PLAYBACK_ONSET 21 109 1 the
1502560528813314 AUDIO_PLAYBACK_ONSET 22 109 2 boy
1502560529029916 AUDIO_PLAYBACK_ONSET 23 109 3 was
1502560529298968 AUDIO_PLAYBACK_ONSET 24 109 4 pushed
1502560529980826 AUDIO_PLAYBACK_ONSET _ 109 END_OF_WAV
1502560530090991 AUDIO_PLAYBACK_DONE 109.wav
1502560531090951 AUDIO_PLAYBACK_ONSET 25 34 1 the
1502560531296575 AUDIO_PLAYBACK_ONSET 26 34 2 boy
1502560531546993 AUDIO_PLAYBACK_ONSET 27 34 3 laughs
1502560532370323 AUDIO_PLAYBACK_ONSET _ 34 END_OF_WAV
1502560532465889 AUDIO_PLAYBACK_DONE 34.wav
1502560533465849 AUDIO_PLAYBACK_ONSET 28 53 1 they
1502560533626656 AUDIO_PLAYBACK_ONSET 29 53 2 heard
1502560533801048 AUDIO_PLAYBACK_ONSET 30 53 3 her
1502560533951247 AUDIO_PLAYBACK_ONSET 31 53 4 coughing
1502560534557085 AUDIO_PLAYBACK_ONSET _ 53 END_OF_WAV
1502560534965793 AUDIO_PLAYBACK_DONE 53.wav
1502560535965753 AUDIO_PLAYBACK_ONSET 32 15 1 he
1502560536125364 AUDIO_PLAYBACK_ONSET 33 15 2 remains
1502560537020059 AUDIO_PLAYBACK_ONSET _ 15 END_OF_WAV
1502560537028207 AUDIO_PLAYBACK_DONE 15.wav
1502560538028167 AUDIO_PLAYBACK_ONSET 34 106 1 they
1502560538340653 AUDIO_PLAYBACK_ONSET 35 106 2 vanish
1502560539179349 AUDIO_PLAYBACK_ONSET _ 106 END_OF_WAV
1502560539246852 AUDIO_PLAYBACK_DONE 106.wav
1502560540246812 AUDIO_PLAYBACK_ONSET 36 130 1 they
1502560540463379 AUDIO_PLAYBACK_ONSET 37 130 2 coughed
1502560541223708 AUDIO_PLAYBACK_ONSET _ 130 END_OF_WAV
1502560541559257 AUDIO_PLAYBACK_DONE 130.wav
1502560542559217 AUDIO_PLAYBACK_ONSET 38 123 1 Who
1502560542632886 AUDIO_PLAYBACK_ONSET 39 123 2 will
1502560542747059 AUDIO_PLAYBACK_ONSET 40 123 3 the
1502560542878664 AUDIO_PLAYBACK_ONSET 41 123 4 boys
1502560543181093 AUDIO_PLAYBACK_ONSET 42 123 5 kiss?
1502560543812969 AUDIO_PLAYBACK_ONSET _ 123 END_OF_WAV
1502560543856039 AUDIO_PLAYBACK_DONE 123.wav
1502560544855999 AUDIO_PLAYBACK_ONSET 43 28 1 the
1502560544966403 AUDIO_PLAYBACK_ONSET 44 28 2 host
1502560545329301 AUDIO_PLAYBACK_ONSET 45 28 3 was
1502560545500669 AUDIO_PLAYBACK_ONSET 46 28 4 warned
1502560546227473 AUDIO_PLAYBACK_ONSET _ 28 END_OF_WAV
1502560546355920 AUDIO_PLAYBACK_DONE 28.wav
1502560547355880 AUDIO_PLAYBACK_ONSET 47 21 1 who
1502560547608827 AUDIO_PLAYBACK_ONSET 48 21 2 winks?
1502560548324307 AUDIO_PLAYBACK_ONSET _ 21 END_OF_WAV
1502560548324575 AUDIO_PLAYBACK_DONE 21.wav
1502560549324535 AUDIO_PLAYBACK_ONSET 49 147 1 the
1502560549461256 AUDIO_PLAYBACK_ONSET 50 147 2 boys
1502560549803683 AUDIO_PLAYBACK_ONSET 51 147 3 tickle
1502560550062547 AUDIO_PLAYBACK_ONSET 52 147 4 the
1502560550196974 AUDIO_PLAYBACK_ONSET 53 147 5 girl
1502560550647488 AUDIO_PLAYBACK_ONSET _ 147 END_OF_WAV
1502560550676027 AUDIO_PLAYBACK_DONE 147.wav
1502560551675987 AUDIO_PLAYBACK_ONSET 54 78 1 she
1502560551906775 AUDIO_PLAYBACK_ONSET 55 78 2 saw
1502560552144707 AUDIO_PLAYBACK_ONSET 56 78 3 that
1502560552310973 AUDIO_PLAYBACK_ONSET 57 78 4 he
1502560552445706 AUDIO_PLAYBACK_ONSET 58 78 5 crawled
1502560552966481 AUDIO_PLAYBACK_ONSET _ 78 END_OF_WAV
1502560553097793 AUDIO_PLAYBACK_DONE 78.wav
1502560554097753 AUDIO_PLAYBACK_ONSET 59 51 1 she
1502560554292383 AUDIO_PLAYBACK_ONSET 60 51 2 smelled
1502560554599421 AUDIO_PLAYBACK_ONSET 61 51 3 it
1502560554777322 AUDIO_PLAYBACK_ONSET 62 51 4 burn
1502560555185502 AUDIO_PLAYBACK_ONSET _ 51 END_OF_WAV
1502560555441446 AUDIO_PLAYBACK_DONE 51.wav
1502560556441406 AUDIO_PLAYBACK_ONSET 63 116 1 who
1502560556595305 AUDIO_PLAYBACK_ONSET 64 116 2 vanished?
1502560557434304 AUDIO_PLAYBACK_ONSET _ 116 END_OF_WAV
1502560557503859 AUDIO_PLAYBACK_DONE 116.wav
1502560556038544 KEY_PRESS l
1502560556334619 KEY_PRESS l
1502560558503819 AUDIO_PLAYBACK_ONSET 65 138 1 he
1502560558602888 AUDIO_PLAYBACK_ONSET 66 138 2 shaved
1502560559492281 AUDIO_PLAYBACK_ONSET _ 138 END_OF_WAV
1502560559706881 AUDIO_PLAYBACK_DONE 138.wav
1502560560706841 AUDIO_PLAYBACK_ONSET 67 60 1 the
1502560560849914 AUDIO_PLAYBACK_ONSET 68 60 2 boy
1502560561009125 AUDIO_PLAYBACK_ONSET 69 60 3 smelled
1502560561357474 AUDIO_PLAYBACK_ONSET 70 60 4 the
1502560561423313 AUDIO_PLAYBACK_ONSET 71 60 5 flowers
1502560562291192 AUDIO_PLAYBACK_ONSET _ 60 END_OF_WAV
1502560562488022 AUDIO_PLAYBACK_DONE 60.wav
1502560563487982 AUDIO_PLAYBACK_ONSET 72 33 1 who
1502560563745179 AUDIO_PLAYBACK_ONSET 73 33 2 falls?
1502560564592206 AUDIO_PLAYBACK_ONSET _ 33 END_OF_WAV
1502560564628553 AUDIO_PLAYBACK_DONE 33.wav
1502560565628513 AUDIO_PLAYBACK_ONSET 74 47 1 she
1502560565864539 AUDIO_PLAYBACK_ONSET 75 47 2 will
1502560565984823 AUDIO_PLAYBACK_ONSET 76 47 3 sleep
1502560566677487 AUDIO_PLAYBACK_ONSET _ 47 END_OF_WAV
1502560566862842 AUDIO_PLAYBACK_DONE 47.wav
1502560567862802 AUDIO_PLAYBACK_ONSET 77 152 1 she
1502560568197353 AUDIO_PLAYBACK_ONSET 78 152 2 dressed
1502560568822854 AUDIO_PLAYBACK_ONSET _ 152 END_OF_WAV
1502560568925256 AUDIO_PLAYBACK_DONE 152.wav
1502560569925216 AUDIO_PLAYBACK_ONSET 79 82 1 the
1502560570067743 AUDIO_PLAYBACK_ONSET 80 82 2 boy
1502560570259758 AUDIO_PLAYBACK_ONSET 81 82 3 will
1502560570396665 AUDIO_PLAYBACK_ONSET 82 82 4 sing
1502560570952906 AUDIO_PLAYBACK_ONSET _ 82 END_OF_WAV
1502560571206416 AUDIO_PLAYBACK_DONE 82.wav
1502560572206376 AUDIO_PLAYBACK_ONSET 83 22 1 they
1502560572541692 AUDIO_PLAYBACK_ONSET 84 22 2 vanished
1502560573269778 AUDIO_PLAYBACK_ONSET _ 22 END_OF_WAV
1502560573362590 AUDIO_PLAYBACK_DONE 22.wav
1502560574362550 AUDIO_PLAYBACK_ONSET 85 52 1 he
1502560574506639 AUDIO_PLAYBACK_ONSET 86 52 2 disappeared
1502560575285355 AUDIO_PLAYBACK_ONSET _ 52 END_OF_WAV
1502560575612479 AUDIO_PLAYBACK_DONE 52.wav
1502560576612439 AUDIO_PLAYBACK_ONSET 87 73 1 she
1502560576830679 AUDIO_PLAYBACK_ONSET 88 73 2 heard
1502560577062448 AUDIO_PLAYBACK_ONSET 89 73 3 them
1502560577250293 AUDIO_PLAYBACK_ONSET 90 73 4 crying
1502560577777380 AUDIO_PLAYBACK_ONSET _ 73 END_OF_WAV
1502560578003000 AUDIO_PLAYBACK_DONE 73.wav
1502560579002960 AUDIO_PLAYBACK_ONSET 91 115 1 she
1502560579160571 AUDIO_PLAYBACK_ONSET 92 115 2 discovered
1502560579718471 AUDIO_PLAYBACK_ONSET 93 115 3 that
1502560579900814 AUDIO_PLAYBACK_ONSET 94 115 4 they
1502560580039685 AUDIO_PLAYBACK_ONSET 95 115 5 cough
1502560580660379 AUDIO_PLAYBACK_ONSET _ 115 END_OF_WAV
1502560580799764 AUDIO_PLAYBACK_DONE 115.wav
1502560581799724 AUDIO_PLAYBACK_ONSET 96 89 1 he
1502560581890653 AUDIO_PLAYBACK_ONSET 97 89 2 hears
1502560582224289 AUDIO_PLAYBACK_ONSET 98 89 3 the
1502560582300513 AUDIO_PLAYBACK_ONSET 99 89 4 men
1502560582697877 AUDIO_PLAYBACK_ONSET _ 89 END_OF_WAV
1502560582729371 AUDIO_PLAYBACK_DONE 89.wav
1502560583729331 AUDIO_PLAYBACK_ONSET 100 18 1 The
1502560583829655 AUDIO_PLAYBACK_ONSET 101 18 2 chef
1502560584102836 AUDIO_PLAYBACK_ONSET 102 18 3 served
1502560584559482 AUDIO_PLAYBACK_ONSET 103 18 4 the
1502560584708674 AUDIO_PLAYBACK_ONSET 104 18 5 cake
1502560585166328 AUDIO_PLAYBACK_ONSET _ 18 END_OF_WAV
1502560585229251 AUDIO_PLAYBACK_DONE 18.wav
1502560586229211 AUDIO_PLAYBACK_ONSET 105 57 1 who
1502560586408829 AUDIO_PLAYBACK_ONSET 106 57 2 eats
1502560586623679 AUDIO_PLAYBACK_ONSET 107 57 3 the
1502560586690872 AUDIO_PLAYBACK_ONSET 108 57 4 salad?
1502560587311367 AUDIO_PLAYBACK_ONSET _ 57 END_OF_WAV
1502560587463539 AUDIO_PLAYBACK_DONE 57.wav
1502560586117428 KEY_PRESS l
1502560586437379 KEY_PRESS l
1502560588463499 AUDIO_PLAYBACK_ONSET 109 101 1 she
1502560588848842 AUDIO_PLAYBACK_ONSET 110 101 2 cries
1502560589587962 AUDIO_PLAYBACK_ONSET _ 101 END_OF_WAV
1502560589697804 AUDIO_PLAYBACK_DONE 101.wav
1502560587637360 KEY_PRESS l
1502560588149249 KEY_PRESS l
1502560590697764 AUDIO_PLAYBACK_ONSET 111 12 1 who
1502560590945863 AUDIO_PLAYBACK_ONSET 112 12 2 jumped?
1502560591712299 AUDIO_PLAYBACK_ONSET _ 12 END_OF_WAV
1502560592103947 AUDIO_PLAYBACK_DONE 12.wav
1502560593103907 AUDIO_PLAYBACK_ONSET 113 124 1 who
1502560593212090 AUDIO_PLAYBACK_ONSET 114 124 2 disappeared?
1502560593966893 AUDIO_PLAYBACK_ONSET _ 124 END_OF_WAV
1502560594088245 AUDIO_PLAYBACK_DONE 124.wav
1502560595088205 AUDIO_PLAYBACK_ONSET 115 10 1 they
1502560595389510 AUDIO_PLAYBACK_ONSET 116 10 2 wink
1502560595992830 AUDIO_PLAYBACK_ONSET _ 10 END_OF_WAV
1502560596213150 AUDIO_PLAYBACK_DONE 10.wav
1502560597213110 AUDIO_PLAYBACK_ONSET 117 40 1 he
1502560597551733 AUDIO_PLAYBACK_ONSET 118 40 2 cried
1502560598288830 AUDIO_PLAYBACK_ONSET _ 40 END_OF_WAV
1502560598650540 AUDIO_PLAYBACK_DONE 40.wav
1502560599650500 AUDIO_PLAYBACK_ONSET 119 128 1 Whom
1502560599875005 AUDIO_PLAYBACK_ONSET 120 128 2 will
1502560599961446 AUDIO_PLAYBACK_ONSET 121 128 3 the
1502560600061118 AUDIO_PLAYBACK_ONSET 122 128 4 women
1502560600323088 AUDIO_PLAYBACK_ONSET 123 128 5 hug?
1502560600802924 AUDIO_PLAYBACK_ONSET _ 128 END_OF_WAV
1502560600962947 AUDIO_PLAYBACK_DONE 128.wav
1502560601962907 AUDIO_PLAYBACK_ONSET 124 32 1 the
1502560602106855 AUDIO_PLAYBACK_ONSET 125 32 2 girls
1502560602458579 AUDIO_PLAYBACK_ONSET 126 32 3 appear
1502560603108938 AUDIO_PLAYBACK_ONSET _ 32 END_OF_WAV
1502560603197212 AUDIO_PLAYBACK_DONE 32.wav
1502560604197172 AUDIO_PLAYBACK_ONSET 127 121 1 What
1502560604360940 AUDIO_PLAYBACK_ONSET 128 121 2 did
1502560604482663 AUDIO_PLAYBACK_ONSET 129 121 3 the
1502560604587962 AUDIO_PLAYBACK_ONSET 130 121 4 girls
1502560604877777 AUDIO_PLAYBACK_ONSET 131 121 5 find?
1502560605481559 AUDIO_PLAYBACK_ONSET _ 121 END_OF_WAV
1502560605634601 AUDIO_PLAYBACK_DONE 121.wav
1502560606634561 AUDIO_PLAYBACK_ONSET 132 16 1 What
1502560606835448 AUDIO_PLAYBACK_ONSET 133 16 2 will
1502560607036806 AUDIO_PLAYBACK_ONSET 134 16 3 the
1502560607177955 AUDIO_PLAYBACK_ONSET 135 16 4 girls
1502560607596464 AUDIO_PLAYBACK_ONSET 136 16 5 find?
1502560608046558 AUDIO_PLAYBACK_ONSET _ 16 END_OF_WAV
1502560608103235 AUDIO_PLAYBACK_DONE 16.wav
1502560609103195 AUDIO_PLAYBACK_ONSET 137 58 1 he
1502560609314650 AUDIO_PLAYBACK_ONSET 138 58 2 laughs
1502560610102677 AUDIO_PLAYBACK_ONSET _ 58 END_OF_WAV
1502560610329704 AUDIO_PLAYBACK_DONE 58.wav
1502560611329664 AUDIO_PLAYBACK_ONSET 139 104 1 they
1502560611572671 AUDIO_PLAYBACK_ONSET 140 104 2 heared
1502560611853331 AUDIO_PLAYBACK_ONSET 141 104 3 that
1502560611958169 AUDIO_PLAYBACK_ONSET 142 104 4 she
1502560612155832 AUDIO_PLAYBACK_ONSET 143 104 5 laughed
1502560612929012 AUDIO_PLAYBACK_ONSET _ 104 END_OF_WAV
1502560612954592 AUDIO_PLAYBACK_DONE 104.wav
1502560613954552 AUDIO_PLAYBACK_ONSET 144 27 1 Who
1502560614154736 AUDIO_PLAYBACK_ONSET 145 27 2 did
1502560614337320 AUDIO_PLAYBACK_ONSET 146 27 3 the
1502560614488150 AUDIO_PLAYBACK_ONSET 147 27 4 boys
1502560614855586 AUDIO_PLAYBACK_ONSET 148 27 5 kiss?
1502560615553034 AUDIO_PLAYBACK_ONSET _ 27 END_OF_WAV
1502560615641971 AUDIO_PLAYBACK_DONE 27.wav
1502560616641931 AUDIO_PLAYBACK_ONSET 149 49 1 the
1502560616811639 AUDIO_PLAYBACK_ONSET 150 49 2 girl
1502560617020875 AUDIO_PLAYBACK_ONSET 151 49 3 ate
1502560617207146 AUDIO_PLAYBACK_ONSET 152 49 4 the
1502560617265835 AUDIO_PLAYBACK_ONSET 153 49 5 salad
1502560617881635 AUDIO_PLAYBACK_ONSET _ 49 END_OF_WAV
1502560617907506 AUDIO_PLAYBACK_DONE 49.wav
1502560618907466 AUDIO_PLAYBACK_ONSET 154 88 1 he
1502560619123305 AUDIO_PLAYBACK_ONSET 155 88 2 collapses
1502560620067658 AUDIO_PLAYBACK_ONSET _ 88 END_OF_WAV
1502560620126152 AUDIO_PLAYBACK_DONE 88.wav
1502560618204183 KEY_PRESS l
1502560618484122 KEY_PRESS l
1502560621126112 AUDIO_PLAYBACK_ONSET 156 13 1 she
1502560621395633 AUDIO_PLAYBACK_ONSET 157 13 2 sliced
1502560621839222 AUDIO_PLAYBACK_ONSET 158 13 3 the
1502560621916044 AUDIO_PLAYBACK_ONSET 159 13 4 mushrooms
1502560622849066 AUDIO_PLAYBACK_ONSET _ 13 END_OF_WAV
1502560622969782 AUDIO_PLAYBACK_DONE 13.wav
1502560622699959 KEY_PRESS l
1502560623969742 AUDIO_PLAYBACK_ONSET 160 102 1 we
1502560624120249 AUDIO_PLAYBACK_ONSET 161 102 2 heard
1502560624384802 AUDIO_PLAYBACK_ONSET 162 102 3 that
1502560624492979 AUDIO_PLAYBACK_ONSET 163 102 4 she
1502560624711476 AUDIO_PLAYBACK_ONSET 164 102 5 sneezed
1502560625523341 AUDIO_PLAYBACK_ONSET _ 102 END_OF_WAV
1502560625563421 AUDIO_PLAYBACK_DONE 102.wav
1502560623043948 KEY_PRESS l
1502560626563381 AUDIO_PLAYBACK_ONSET 165 45 1 Whom
1502560626678438 AUDIO_PLAYBACK_ONSET 166 45 2 does
1502560626875429 AUDIO_PLAYBACK_ONSET 167 45 3 the
1502560626996711 AUDIO_PLAYBACK_ONSET 168 45 4 boy
1502560627241479 AUDIO_PLAYBACK_ONSET 169 45 5 tickle?
1502560627655308 AUDIO_PLAYBACK_ONSET _ 45 END_OF_WAV
1502560627657083 AUDIO_PLAYBACK_DONE 45.wav
1502560628657043 AUDIO_PLAYBACK_ONSET 170 71 1 who
1502560628840193 AUDIO_PLAYBACK_ONSET 171 71 2 coughed?
1502560629593536 AUDIO_PLAYBACK_ONSET _ 71 END_OF_WAV
1502560629657004 AUDIO_PLAYBACK_DONE 71.wav
1502560630656964 AUDIO_PLAYBACK_ONSET 172 137 1 the
1502560630797930 AUDIO_PLAYBACK_ONSET 173 137 2 boys
1502560631108484 AUDIO_PLAYBACK_ONSET 174 137 3 vanished
1502560631971347 AUDIO_PLAYBACK_ONSET _ 137 END_OF_WAV
1502560632078768 AUDIO_PLAYBACK_DONE 137.wav
1502560633078728 AUDIO_PLAYBACK_ONSET 175 66 1 they
1502560633175186 AUDIO_PLAYBACK_ONSET 176 66 2 appeared
1502560633775768 AUDIO_PLAYBACK_ONSET _ 66 END_OF_WAV
1502560634289612 AUDIO_PLAYBACK_DONE 66.wav
1502560635289572 AUDIO_PLAYBACK_ONSET 177 105 1 the
1502560635432876 AUDIO_PLAYBACK_ONSET 178 105 2 boys
1502560635734951 AUDIO_PLAYBACK_ONSET 179 105 3 winked
1502560636405230 AUDIO_PLAYBACK_ONSET _ 105 END_OF_WAV
1502560636504379 AUDIO_PLAYBACK_DONE 105.wav
1502560637504339 AUDIO_PLAYBACK_ONSET 180 2 1 who
1502560637623328 AUDIO_PLAYBACK_ONSET 181 2 2 hugs
1502560637915726 AUDIO_PLAYBACK_ONSET 182 2 3 the
1502560637996948 AUDIO_PLAYBACK_ONSET 183 2 4 friend?
1502560638535879 AUDIO_PLAYBACK_ONSET _ 2 END_OF_WAV
1502560638926143 AUDIO_PLAYBACK_DONE 2.wav
1502560639926103 AUDIO_PLAYBACK_ONSET 184 90 1 Whom
1502560640165838 AUDIO_PLAYBACK_ONSET 185 90 2 do
1502560640292937 AUDIO_PLAYBACK_ONSET 186 90 3 the
1502560640366767 AUDIO_PLAYBACK_ONSET 187 90 4 women
1502560640676103 AUDIO_PLAYBACK_ONSET 188 90 5 hug?
1502560641135902 AUDIO_PLAYBACK_ONSET _ 90 END_OF_WAV
1502560641316662 AUDIO_PLAYBACK_DONE 90.wav
1502560642316622 AUDIO_PLAYBACK_ONSET 189 74 1 she
1502560642507775 AUDIO_PLAYBACK_ONSET 190 74 2 eats
1502560642791877 AUDIO_PLAYBACK_ONSET 191 74 3 the
1502560642869287 AUDIO_PLAYBACK_ONSET 192 74 4 salad
1502560643445472 AUDIO_PLAYBACK_ONSET _ 74 END_OF_WAV
1502560643504059 AUDIO_PLAYBACK_DONE 74.wav
1502560644504019 AUDIO_PLAYBACK_ONSET 193 31 1 she
1502560644927841 AUDIO_PLAYBACK_ONSET 194 31 2 washed
1502560645745199 AUDIO_PLAYBACK_ONSET _ 31 END_OF_WAV
1502560645753951 AUDIO_PLAYBACK_DONE 31.wav
1502560646753911 AUDIO_PLAYBACK_ONSET 195 141 1 who
1502560646898869 AUDIO_PLAYBACK_ONSET 196 141 2 collapsed?
1502560647804448 AUDIO_PLAYBACK_ONSET _ 141 END_OF_WAV
1502560647824163 AUDIO_PLAYBACK_DONE 141.wav
1502560648824123 AUDIO_PLAYBACK_ONSET 197 25 1 they
1502560649116984 AUDIO_PLAYBACK_ONSET 198 25 2 hug
1502560649403270 AUDIO_PLAYBACK_ONSET 199 25 3 the
1502560649505083 AUDIO_PLAYBACK_ONSET 200 25 4 friend
1502560650110921 AUDIO_PLAYBACK_ONSET _ 25 END_OF_WAV
1502560650324045 AUDIO_PLAYBACK_DONE 25.wav
1502560651324005 AUDIO_PLAYBACK_ONSET 201 3 1 They
1502560651442860 AUDIO_PLAYBACK_ONSET 202 3 2 ate
1502560651689551 AUDIO_PLAYBACK_ONSET 203 3 3 the
1502560651807882 AUDIO_PLAYBACK_ONSET 204 3 4 grapes
1502560652165884 AUDIO_PLAYBACK_ONSET 205 3 5 together
1502560652656257 AUDIO_PLAYBACK_ONSET _ 3 END_OF_WAV
1502560652816126 AUDIO_PLAYBACK_DONE 3.wav
1502560652386774 KEY_PRESS l
1502560653816086 AUDIO_PLAYBACK_ONSET 206 37 1 who
1502560654131809 AUDIO_PLAYBACK_ONSET 207 37 2 blooms?
1502560654908748 AUDIO_PLAYBACK_ONSET _ 37 END_OF_WAV
1502560654909809 AUDIO_PLAYBACK_DONE 37.wav
1502560652826675 KEY_PRESS l
1502560655909769 AUDIO_PLAYBACK_ONSET 208 62 1 What
1502560656091902 AUDIO_PLAYBACK_ONSET 209 62 2 will
1502560656215284 AUDIO_PLAYBACK_ONSET 210 62 3 the
1502560656349522 AUDIO_PLAYBACK_ONSET 211 62 4 girl
1502560656608129 AUDIO_PLAYBACK_ONSET 212 62 5 kick?
1502560657278336 AUDIO_PLAYBACK_ONSET _ 62 END_OF_WAV
1502560657378443 AUDIO_PLAYBACK_DONE 62.wav
1502560658378403 AUDIO_PLAYBACK_ONSET 213 20 1 she
1502560658759688 AUDIO_PLAYBACK_ONSET 214 20 2 sneezed
1502560659592651 AUDIO_PLAYBACK_ONSET _ 20 END_OF_WAV
1502560659597109 AUDIO_PLAYBACK_DONE 20.wav
1502560660597069 AUDIO_PLAYBACK_ONSET 215 7 1 he
1502560660754758 AUDIO_PLAYBACK_ONSET 216 7 2 arrived
1502560661589030 AUDIO_PLAYBACK_ONSET _ 7 END_OF_WAV
1502560661690769 AUDIO_PLAYBACK_DONE 7.wav
1502560662690729 AUDIO_PLAYBACK_ONSET 217 85 1 The
1502560662792345 AUDIO_PLAYBACK_ONSET 218 85 2 cook
1502560663011787 AUDIO_PLAYBACK_ONSET 219 85 3 prepared
1502560663372104 AUDIO_PLAYBACK_ONSET 220 85 4 the
1502560663430803 AUDIO_PLAYBACK_ONSET 221 85 5 meal
1502560663937415 AUDIO_PLAYBACK_ONSET _ 85 END_OF_WAV
1502560664034417 AUDIO_PLAYBACK_DONE 85.wav
1502560664010298 KEY_PRESS l
1502560665034377 AUDIO_PLAYBACK_ONSET 222 65 1 they
1502560665166077 AUDIO_PLAYBACK_ONSET 223 65 2 found
1502560665459001 AUDIO_PLAYBACK_ONSET 224 65 3 the
1502560665579128 AUDIO_PLAYBACK_ONSET 225 65 4 bikes
1502560666228736 AUDIO_PLAYBACK_ONSET _ 65 END_OF_WAV
1502560666409315 AUDIO_PLAYBACK_DONE 65.wav
1502560664314291 KEY_PRESS l
1502560667409275 AUDIO_PLAYBACK_ONSET 226 81 1 the
1502560667499875 AUDIO_PLAYBACK_ONSET 227 81 2 actors
1502560667874156 AUDIO_PLAYBACK_ONSET 228 81 3 will
1502560667969921 AUDIO_PLAYBACK_ONSET 229 81 4 snore
1502560668557278 AUDIO_PLAYBACK_ONSET _ 81 END_OF_WAV
1502560668596712 AUDIO_PLAYBACK_DONE 81.wav
1502560669596672 AUDIO_PLAYBACK_ONSET 230 26 1 Whom
1502560669813663 AUDIO_PLAYBACK_ONSET 231 26 2 will
1502560670003682 AUDIO_PLAYBACK_ONSET 232 26 3 the
1502560670158072 AUDIO_PLAYBACK_ONSET 233 26 4 boy
1502560670403818 AUDIO_PLAYBACK_ONSET 234 26 5 tickle?
1502560670880692 AUDIO_PLAYBACK_ONSET _ 26 END_OF_WAV
1502560670955984 AUDIO_PLAYBACK_DONE 26.wav
1502560671955944 AUDIO_PLAYBACK_ONSET 235 56 1 we
1502560672081061 AUDIO_PLAYBACK_ONSET 236 56 2 revealed
1502560672453351 AUDIO_PLAYBACK_ONSET 237 56 3 that
1502560672531161 AUDIO_PLAYBACK_ONSET 238 56 4 she
1502560672750226 AUDIO_PLAYBACK_ONSET 239 56 5 jumps
1502560673419391 AUDIO_PLAYBACK_ONSET _ 56 END_OF_WAV
1502560673737122 AUDIO_PLAYBACK_DONE 56.wav
1502560674737082 AUDIO_PLAYBACK_ONSET 240 150 1 What
1502560674870251 AUDIO_PLAYBACK_ONSET 241 150 2 did
1502560675034058 AUDIO_PLAYBACK_ONSET 242 150 3 the
1502560675152504 AUDIO_PLAYBACK_ONSET 243 150 4 boy
1502560675339832 AUDIO_PLAYBACK_ONSET 244 150 5 smell?
1502560675914419 AUDIO_PLAYBACK_ONSET _ 150 END_OF_WAV
1502560675987012 AUDIO_PLAYBACK_DONE 150.wav
1502560676986972 AUDIO_PLAYBACK_ONSET 245 117 1 the
1502560677053988 AUDIO_PLAYBACK_ONSET 246 117 2 women
1502560677306254 AUDIO_PLAYBACK_ONSET 247 117 3 hug
1502560677577926 AUDIO_PLAYBACK_ONSET 248 117 4 the
1502560677637989 AUDIO_PLAYBACK_ONSET 249 117 5 friend
1502560678310698 AUDIO_PLAYBACK_ONSET _ 117 END_OF_WAV
1502560678361931 AUDIO_PLAYBACK_DONE 117.wav
1502560679361891 AUDIO_PLAYBACK_ONSET 250 23 1 they
1502560679639631 AUDIO_PLAYBACK_ONSET 251 23 2 saw
1502560679967247 AUDIO_PLAYBACK_ONSET 252 23 3 him
1502560680202123 AUDIO_PLAYBACK_ONSET 253 23 4 dance
1502560680862395 AUDIO_PLAYBACK_ONSET _ 23 END_OF_WAV
1502560680861809 AUDIO_PLAYBACK_DONE 23.wav
1502560681861769 AUDIO_PLAYBACK_ONSET 254 96 1 the
1502560682007573 AUDIO_PLAYBACK_ONSET 255 96 2 girl
1502560682230105 AUDIO_PLAYBACK_ONSET 256 96 3 kicked
1502560682545283 AUDIO_PLAYBACK_ONSET 257 96 4 the
1502560682675169 AUDIO_PLAYBACK_ONSET 258 96 5 ball
1502560683083902 AUDIO_PLAYBACK_ONSET _ 96 END_OF_WAV
1502560683213259 AUDIO_PLAYBACK_DONE 96.wav
1502560684213219 AUDIO_PLAYBACK_ONSET 259 76 1 the
1502560684346873 AUDIO_PLAYBACK_ONSET 260 76 2 girl
1502560684573560 AUDIO_PLAYBACK_ONSET 261 76 3 disappears
1502560685524413 AUDIO_PLAYBACK_ONSET _ 76 END_OF_WAV
1502560685525685 AUDIO_PLAYBACK_DONE 76.wav
1502560686525645 AUDIO_PLAYBACK_ONSET 262 80 1 she
1502560686833217 AUDIO_PLAYBACK_ONSET 263 80 2 crawls
1502560687581000 AUDIO_PLAYBACK_ONSET _ 80 END_OF_WAV
1502560687744330 AUDIO_PLAYBACK_DONE 80.wav
1502560688744290 AUDIO_PLAYBACK_ONSET 264 54 1 she
1502560689037906 AUDIO_PLAYBACK_ONSET 265 54 2 smiled
1502560689830062 AUDIO_PLAYBACK_ONSET _ 54 END_OF_WAV
1502560689994220 AUDIO_PLAYBACK_DONE 54.wav
1502560690994180 AUDIO_PLAYBACK_ONSET 266 72 1 the
1502560691138349 AUDIO_PLAYBACK_ONSET 267 72 2 girls
1502560691406689 AUDIO_PLAYBACK_ONSET 268 72 3 found
1502560691649094 AUDIO_PLAYBACK_ONSET 269 72 4 the
1502560691757827 AUDIO_PLAYBACK_ONSET 270 72 5 bikes
1502560692470077 AUDIO_PLAYBACK_ONSET _ 72 END_OF_WAV
1502560692478499 AUDIO_PLAYBACK_DONE 72.wav
1502560693478459 AUDIO_PLAYBACK_ONSET 271 4 1 he
1502560693587481 AUDIO_PLAYBACK_ONSET 272 4 2 showered
1502560694321719 AUDIO_PLAYBACK_ONSET _ 4 END_OF_WAV
1502560694535042 AUDIO_PLAYBACK_DONE 4.wav
1502560695535002 AUDIO_PLAYBACK_ONSET 273 132 1 the
1502560695662416 AUDIO_PLAYBACK_ONSET 274 132 2 boys
1502560695937799 AUDIO_PLAYBACK_ONSET 275 132 3 kissed
1502560696229444 AUDIO_PLAYBACK_ONSET 276 132 4 the
1502560696328105 AUDIO_PLAYBACK_ONSET 277 132 5 clowns
1502560697098960 AUDIO_PLAYBACK_ONSET _ 132 END_OF_WAV
1502560697148203 AUDIO_PLAYBACK_DONE 132.wav
1502560698148163 AUDIO_PLAYBACK_ONSET 278 98 1 the
1502560698270904 AUDIO_PLAYBACK_ONSET 279 98 2 boy
1502560698592418 AUDIO_PLAYBACK_ONSET 280 98 3 bloomed
1502560699259900 AUDIO_PLAYBACK_ONSET _ 98 END_OF_WAV
1502560699495753 AUDIO_PLAYBACK_DONE 98.wav
1502560700495713 AUDIO_PLAYBACK_ONSET 281 64 1 who
1502560700651526 AUDIO_PLAYBACK_ONSET 282 64 2 remains?
1502560701473805 AUDIO_PLAYBACK_ONSET _ 64 END_OF_WAV
1502560701480051 AUDIO_PLAYBACK_DONE 64.wav
1502560702480011 AUDIO_PLAYBACK_ONSET 283 50 1 What
1502560702621058 AUDIO_PLAYBACK_ONSET 284 50 2 did
1502560702772816 AUDIO_PLAYBACK_ONSET 285 50 3 the
1502560702874235 AUDIO_PLAYBACK_ONSET 286 50 4 girl
1502560703107424 AUDIO_PLAYBACK_ONSET 287 50 5 kick?
1502560703576023 AUDIO_PLAYBACK_ONSET _ 50 END_OF_WAV
1502560703581510 AUDIO_PLAYBACK_DONE 50.wav
1502560704581470 AUDIO_PLAYBACK_ONSET 288 94 1 she
1502560704927537 AUDIO_PLAYBACK_ONSET 289 94 2 kicked
1502560705237953 AUDIO_PLAYBACK_ONSET 290 94 3 the
1502560705385380 AUDIO_PLAYBACK_ONSET 291 94 4 ball
1502560705747395 AUDIO_PLAYBACK_ONSET _ 94 END_OF_WAV
1502560705800154 AUDIO_PLAYBACK_DONE 94.wav
1502560706800114 AUDIO_PLAYBACK_ONSET 292 14 1 the
1502560706980296 AUDIO_PLAYBACK_ONSET 293 14 2 boy
1502560707199737 AUDIO_PLAYBACK_ONSET 294 14 3 remains
1502560708082922 AUDIO_PLAYBACK_ONSET _ 14 END_OF_WAV
1502560708143826 AUDIO_PLAYBACK_DONE 14.wav
1502560709143786 AUDIO_PLAYBACK_ONSET 295 48 1 she
1502560709358413 AUDIO_PLAYBACK_ONSET 296 48 2 collapsed
1502560710260934 AUDIO_PLAYBACK_ONSET _ 48 END_OF_WAV
1502560710315600 AUDIO_PLAYBACK_DONE 48.wav
1502560711315560 AUDIO_PLAYBACK_ONSET 297 119 1 she
1502560711547529 AUDIO_PLAYBACK_ONSET 298 119 2 was
1502560711782195 AUDIO_PLAYBACK_ONSET 299 119 3 kicked
1502560712452004 AUDIO_PLAYBACK_ONSET _ 119 END_OF_WAV
1502560712471753 AUDIO_PLAYBACK_DONE 119.wav
1502560713471713 AUDIO_PLAYBACK_ONSET 300 75 1 he
1502560713625294 AUDIO_PLAYBACK_ONSET 301 75 2 falls
1502560714362508 AUDIO_PLAYBACK_ONSET _ 75 END_OF_WAV
1502560714471676 AUDIO_PLAYBACK_DONE 75.wav
1502560715471636 AUDIO_PLAYBACK_ONSET 302 8 1 he
1502560715583047 AUDIO_PLAYBACK_ONSET 303 8 2 will
1502560715745570 AUDIO_PLAYBACK_ONSET 304 8 3 sneeze
1502560716607341 AUDIO_PLAYBACK_ONSET _ 8 END_OF_WAV
1502560716651272 AUDIO_PLAYBACK_DONE 8.wav
1502560717651232 AUDIO_PLAYBACK_ONSET 305 67 1 they
1502560717851053 AUDIO_PLAYBACK_ONSET 306 67 2 appear
1502560718426595 AUDIO_PLAYBACK_ONSET _ 67 END_OF_WAV
1502560718573058 AUDIO_PLAYBACK_DONE 67.wav
1502560719573018 AUDIO_PLAYBACK_ONSET 307 112 1 who
1502560719726453 AUDIO_PLAYBACK_ONSET 308 112 2 appeared?
1502560720405624 AUDIO_PLAYBACK_ONSET _ 112 END_OF_WAV
1502560720510465 AUDIO_PLAYBACK_DONE 112.wav
1502560721510425 AUDIO_PLAYBACK_ONSET 309 108 1 she
1502560721763326 AUDIO_PLAYBACK_ONSET 310 108 2 arrives
1502560722672094 AUDIO_PLAYBACK_ONSET _ 108 END_OF_WAV
1502560722994719 AUDIO_PLAYBACK_DONE 108.wav
1502560723994679 AUDIO_PLAYBACK_ONSET 311 91 1 the
1502560724141782 AUDIO_PLAYBACK_ONSET 312 91 2 girl
1502560724350679 AUDIO_PLAYBACK_ONSET 313 91 3 fell
1502560724839121 AUDIO_PLAYBACK_ONSET _ 91 END_OF_WAV
1502560724900880 AUDIO_PLAYBACK_DONE 91.wav
1502560725900840 AUDIO_PLAYBACK_ONSET 314 133 1 who
1502560725991457 AUDIO_PLAYBACK_ONSET 315 133 2 found
1502560726281536 AUDIO_PLAYBACK_ONSET 316 133 3 the
1502560726393105 AUDIO_PLAYBACK_ONSET 317 133 4 bikes?
1502560727164271 AUDIO_PLAYBACK_ONSET _ 133 END_OF_WAV
1502560727228910 AUDIO_PLAYBACK_DONE 133.wav
1502560728228870 AUDIO_PLAYBACK_ONSET 318 17 1 he
1502560728377747 AUDIO_PLAYBACK_ONSET 319 17 2 was
1502560728608252 AUDIO_PLAYBACK_ONSET 320 17 3 hugged
1502560729134450 AUDIO_PLAYBACK_ONSET _ 17 END_OF_WAV
1502560729228808 AUDIO_PLAYBACK_DONE 17.wav
1502560730228768 AUDIO_PLAYBACK_ONSET 321 68 1 he
1502560730490321 AUDIO_PLAYBACK_ONSET 322 68 2 crawled
1502560731060633 AUDIO_PLAYBACK_ONSET _ 68 END_OF_WAV
1502560731205306 AUDIO_PLAYBACK_DONE 68.wav
1502560732205266 AUDIO_PLAYBACK_ONSET 323 97 1 they
1502560732401281 AUDIO_PLAYBACK_ONSET 324 97 2 kissed
1502560732734414 AUDIO_PLAYBACK_ONSET 325 97 3 the
1502560732851010 AUDIO_PLAYBACK_ONSET 326 97 4 clowns
1502560733658300 AUDIO_PLAYBACK_ONSET _ 97 END_OF_WAV
1502560733857540 AUDIO_PLAYBACK_DONE 97.wav
1502560734857500 AUDIO_PLAYBACK_ONSET 327 114 1 she
1502560735059515 AUDIO_PLAYBACK_ONSET 328 114 2 saw
1502560735242843 AUDIO_PLAYBACK_ONSET 329 114 3 him
1502560735460183 AUDIO_PLAYBACK_ONSET 330 114 4 coming
1502560735938827 AUDIO_PLAYBACK_ONSET _ 114 END_OF_WAV
1502560736091806 AUDIO_PLAYBACK_DONE 114.wav
1502560737091766 AUDIO_PLAYBACK_ONSET 331 142 1 he
1502560737229229 AUDIO_PLAYBACK_ONSET 332 142 2 undressed
1502560738139344 AUDIO_PLAYBACK_ONSET _ 142 END_OF_WAV
1502560738537016 AUDIO_PLAYBACK_DONE 142.wav
1502560739536976 AUDIO_PLAYBACK_ONSET 333 87 1 who
1502560739718538 AUDIO_PLAYBACK_ONSET 334 87 2 kicked
1502560740042103 AUDIO_PLAYBACK_ONSET 335 87 3 the
1502560740191956 AUDIO_PLAYBACK_ONSET 336 87 4 ball?
1502560740572182 AUDIO_PLAYBACK_ONSET _ 87 END_OF_WAV
1502560740646300 AUDIO_PLAYBACK_DONE 87.wav
1502560741646260 AUDIO_PLAYBACK_ONSET 337 144 1 the
1502560741767565 AUDIO_PLAYBACK_ONSET 338 144 2 girls
1502560742057760 AUDIO_PLAYBACK_ONSET 339 144 3 arrive
1502560742809269 AUDIO_PLAYBACK_ONSET _ 144 END_OF_WAV
1502560742958727 AUDIO_PLAYBACK_DONE 144.wav
1502560743958687 AUDIO_PLAYBACK_ONSET 340 148 1 The
1502560744074810 AUDIO_PLAYBACK_ONSET 341 148 2 grandpa
1502560744424388 AUDIO_PLAYBACK_ONSET 342 148 3 ate
1502560744665945 AUDIO_PLAYBACK_ONSET 343 148 4 the
1502560744755253 AUDIO_PLAYBACK_ONSET 344 148 5 meal
1502560745192438 AUDIO_PLAYBACK_ONSET _ 148 END_OF_WAV
1502560745224261 AUDIO_PLAYBACK_DONE 148.wav
1502560746224221 AUDIO_PLAYBACK_ONSET 345 69 1 the
1502560746365871 AUDIO_PLAYBACK_ONSET 346 69 2 boy
1502560746591603 AUDIO_PLAYBACK_ONSET 347 69 3 jumped
1502560747254855 AUDIO_PLAYBACK_ONSET _ 69 END_OF_WAV
1502560747521044 AUDIO_PLAYBACK_DONE 69.wav
1502560745351023 KEY_PRESS l
1502560745783040 KEY_PRESS l
1502560748521004 AUDIO_PLAYBACK_ONSET 348 111 1 he
1502560748809049 AUDIO_PLAYBACK_ONSET 349 111 2 jumped
1502560749504780 AUDIO_PLAYBACK_ONSET _ 111 END_OF_WAV
1502560749802202 AUDIO_PLAYBACK_DONE 111.wav
1502560750802162 AUDIO_PLAYBACK_ONSET 350 113 1 What
1502560750968040 AUDIO_PLAYBACK_ONSET 351 113 2 will
1502560751114648 AUDIO_PLAYBACK_ONSET 352 113 3 the
1502560751257980 AUDIO_PLAYBACK_ONSET 353 113 4 boy
1502560751438988 AUDIO_PLAYBACK_ONSET 354 113 5 smell?
1502560751973001 AUDIO_PLAYBACK_ONSET _ 113 END_OF_WAV
1502560752020845 AUDIO_PLAYBACK_DONE 113.wav
1502560753020805 AUDIO_PLAYBACK_ONSET 355 118 1 the
1502560753103992 AUDIO_PLAYBACK_ONSET 356 118 2 woman
1502560753381205 AUDIO_PLAYBACK_ONSET 357 118 3 was
1502560753648338 AUDIO_PLAYBACK_ONSET 358 118 4 pinched
1502560754481995 AUDIO_PLAYBACK_ONSET _ 118 END_OF_WAV
1502560754520726 AUDIO_PLAYBACK_DONE 118.wav
1502560754294679 KEY_PRESS l
1502560755520686 AUDIO_PLAYBACK_ONSET 359 120 1 they
1502560755658850 AUDIO_PLAYBACK_ONSET 360 120 2 caught
1502560755818344 AUDIO_PLAYBACK_ONSET 361 120 3 him
1502560755960407 AUDIO_PLAYBACK_ONSET 362 120 4 stealing
1502560756667237 AUDIO_PLAYBACK_ONSET _ 120 END_OF_WAV
1502560756817530 AUDIO_PLAYBACK_DONE 120.wav
1502560754518638 KEY_PRESS l
1502560757817490 AUDIO_PLAYBACK_ONSET 363 36 1 she
1502560758219471 AUDIO_PLAYBACK_ONSET 364 36 2 laughed
1502560758978866 AUDIO_PLAYBACK_ONSET _ 36 END_OF_WAV
1502560759067418 AUDIO_PLAYBACK_DONE 36.wav
1502560760067378 AUDIO_PLAYBACK_ONSET 365 145 1 he
1502560760151978 AUDIO_PLAYBACK_ONSET 366 145 2 smelled
1502560760528602 AUDIO_PLAYBACK_ONSET 367 145 3 the
1502560760589348 AUDIO_PLAYBACK_ONSET 368 145 4 flowers
1502560761430444 AUDIO_PLAYBACK_ONSET _ 145 END_OF_WAV
1502560761457937 AUDIO_PLAYBACK_DONE 145.wav
1502560762457897 AUDIO_PLAYBACK_ONSET 369 134 1 who
1502560762653856 AUDIO_PLAYBACK_ONSET 370 134 2 crawled?
1502560763214355 AUDIO_PLAYBACK_ONSET _ 134 END_OF_WAV
1502560763246936 AUDIO_PLAYBACK_DONE 134.wav
1502560764246896 AUDIO_PLAYBACK_ONSET 371 143 1 he
1502560764364416 AUDIO_PLAYBACK_ONSET 372 143 2 was
1502560764606168 AUDIO_PLAYBACK_ONSET 373 143 3 kissed
1502560765292384 AUDIO_PLAYBACK_ONSET _ 143 END_OF_WAV
1502560765364017 AUDIO_PLAYBACK_DONE 143.wav
1502560766363977 AUDIO_PLAYBACK_ONSET 374 42 1 they
1502560766580405 AUDIO_PLAYBACK_ONSET 375 42 2 winked
1502560767290620 AUDIO_PLAYBACK_ONSET _ 42 END_OF_WAV
1502560767520169 AUDIO_PLAYBACK_DONE 42.wav
1502560768520129 AUDIO_PLAYBACK_ONSET 376 126 1 the
1502560768609401 AUDIO_PLAYBACK_ONSET 377 126 2 host
1502560768911261 AUDIO_PLAYBACK_ONSET 378 126 3 will
1502560769075742 AUDIO_PLAYBACK_ONSET 379 126 4 eat
1502560769608437 AUDIO_PLAYBACK_ONSET _ 126 END_OF_WAV
1502560769910711 AUDIO_PLAYBACK_DONE 126.wav
1502560770910671 AUDIO_PLAYBACK_ONSET 380 38 1 who
1502560771157385 AUDIO_PLAYBACK_ONSET 381 38 2 sneezes?
1502560772176011 AUDIO_PLAYBACK_ONSET _ 38 END_OF_WAV
1502560772191867 AUDIO_PLAYBACK_DONE 38.wav
1502560773191827 AUDIO_PLAYBACK_ONSET 382 103 1 she
1502560773479224 AUDIO_PLAYBACK_ONSET 383 103 2 scratched
1502560774537136 AUDIO_PLAYBACK_ONSET _ 103 END_OF_WAV
1502560774582387 AUDIO_PLAYBACK_DONE 103.wav
1502560775582347 AUDIO_PLAYBACK_ONSET 384 43 1 she
1502560775796159 AUDIO_PLAYBACK_ONSET 385 43 2 remained
1502560776581596 AUDIO_PLAYBACK_ONSET _ 43 END_OF_WAV
1502560776832298 AUDIO_PLAYBACK_DONE 43.wav
1502560777832258 AUDIO_PLAYBACK_ONSET 386 35 1 she
1502560778223429 AUDIO_PLAYBACK_ONSET 387 35 2 disappears
1502560779314445 AUDIO_PLAYBACK_ONSET _ 35 END_OF_WAV
1502560779394689 AUDIO_PLAYBACK_DONE 35.wav
1502560780394649 AUDIO_PLAYBACK_ONSET 388 93 1 who
1502560780518427 AUDIO_PLAYBACK_ONSET 389 93 2 smelled
1502560780904463 AUDIO_PLAYBACK_ONSET 390 93 3 the
1502560780967614 AUDIO_PLAYBACK_ONSET 391 93 4 flowers?
1502560781856821 AUDIO_PLAYBACK_ONSET _ 93 END_OF_WAV
1502560781910216 AUDIO_PLAYBACK_DONE 93.wav
1502560782910176 AUDIO_PLAYBACK_ONSET 392 146 1 he
1502560782993825 AUDIO_PLAYBACK_ONSET 393 146 2 said
1502560783254408 AUDIO_PLAYBACK_ONSET 394 146 3 that
1502560783331104 AUDIO_PLAYBACK_ONSET 395 146 4 she
1502560783516838 AUDIO_PLAYBACK_ONSET 396 146 5 smiled
1502560784111004 AUDIO_PLAYBACK_ONSET _ 146 END_OF_WAV
1502560784285110 AUDIO_PLAYBACK_DONE 146.wav
1502560785285070 AUDIO_PLAYBACK_ONSET 397 110 1 The
1502560785415269 AUDIO_PLAYBACK_ONSET 398 110 2 cake
1502560785657099 AUDIO_PLAYBACK_ONSET 399 110 3 was
1502560785821750 AUDIO_PLAYBACK_ONSET 400 110 4 overcooked
1502560786776721 AUDIO_PLAYBACK_ONSET _ 110 END_OF_WAV
1502560786816259 AUDIO_PLAYBACK_DONE 110.wav
1502560787816219 AUDIO_PLAYBACK_ONSET 401 46 1 they
1502560787988683 AUDIO_PLAYBACK_ONSET 402 46 2 tickle
1502560788288580 AUDIO_PLAYBACK_ONSET 403 46 3 the
1502560788440671 AUDIO_PLAYBACK_ONSET 404 46 4 girl
1502560788859100 AUDIO_PLAYBACK_ONSET _ 46 END_OF_WAV
1502560788878696 AUDIO_PLAYBACK_DONE 46.wav
1502560788485311 KEY_PRESS l
1502560788653321 KEY_PRESS l
1502560789878656 AUDIO_PLAYBACK_ONSET 405 136 1 who
1502560790011812 AUDIO_PLAYBACK_ONSET 406 136 2 kissed
1502560790294382 AUDIO_PLAYBACK_ONSET 407 136 3 the
1502560790410670 AUDIO_PLAYBACK_ONSET 408 136 4 clowns?
1502560791286634 AUDIO_PLAYBACK_ONSET _ 136 END_OF_WAV
1502560791495758 AUDIO_PLAYBACK_DONE 136.wav
1502560792495718 AUDIO_PLAYBACK_ONSET 409 95 1 he
1502560792627105 AUDIO_PLAYBACK_ONSET 410 95 2 streched
1502560793492315 AUDIO_PLAYBACK_ONSET _ 95 END_OF_WAV
1502560793769095 AUDIO_PLAYBACK_DONE 95.wav
1502560794769055 AUDIO_PLAYBACK_ONSET 411 151 1 He
1502560794876153 AUDIO_PLAYBACK_ONSET 412 151 2 heard
1502560795111787 AUDIO_PLAYBACK_ONSET 413 151 3 her
1502560795303067 AUDIO_PLAYBACK_ONSET 414 151 4 play
1502560795784731 AUDIO_PLAYBACK_ONSET _ 151 END_OF_WAV
1502560795800285 AUDIO_PLAYBACK_DONE 151.wav
1502560796800245 AUDIO_PLAYBACK_ONSET 415 30 1 Whom
1502560797060848 AUDIO_PLAYBACK_ONSET 416 30 2 will
1502560797268507 AUDIO_PLAYBACK_ONSET 417 30 3 the
1502560797426770 AUDIO_PLAYBACK_ONSET 418 30 4 boy
1502560797655597 AUDIO_PLAYBACK_ONSET 419 30 5 hear?
1502560798269499 AUDIO_PLAYBACK_ONSET _ 30 END_OF_WAV
1502560798300164 AUDIO_PLAYBACK_DONE 30.wav
1502560799300124 AUDIO_PLAYBACK_ONSET 420 122 1 the
1502560799441001 AUDIO_PLAYBACK_ONSET 421 122 2 girl
1502560799689989 AUDIO_PLAYBACK_ONSET 422 122 3 crawls
1502560800385082 AUDIO_PLAYBACK_ONSET _ 122 END_OF_WAV
1502560800487561 AUDIO_PLAYBACK_DONE 122.wav
1502560801487521 AUDIO_PLAYBACK_ONSET 423 77 1 who
1502560801706697 AUDIO_PLAYBACK_ONSET 424 77 2 heard
1502560802000778 AUDIO_PLAYBACK_ONSET 425 77 3 the
1502560802084499 AUDIO_PLAYBACK_ONSET 426 77 4 men?
1502560802523510 AUDIO_PLAYBACK_ONSET _ 77 END_OF_WAV
1502560802534374 AUDIO_PLAYBACK_DONE 77.wav
1502560803534334 AUDIO_PLAYBACK_ONSET 427 139 1 he
1502560803615618 AUDIO_PLAYBACK_ONSET 428 139 2 saw
1502560803886755 AUDIO_PLAYBACK_ONSET 429 139 3 her
1502560804008053 AUDIO_PLAYBACK_ONSET 430 139 4 winking
1502560804606615 AUDIO_PLAYBACK_ONSET _ 139 END_OF_WAV
1502560804713969 AUDIO_PLAYBACK_DONE 139.wav
1502560805713929 AUDIO_PLAYBACK_ONSET 431 55 1 the
1502560805837249 AUDIO_PLAYBACK_ONSET 432 55 2 girls
1502560806161253 AUDIO_PLAYBACK_ONSET 433 55 3 cough
1502560806738236 AUDIO_PLAYBACK_ONSET _ 55 END_OF_WAV
1502560806901367 AUDIO_PLAYBACK_DONE 55.wav
1502560807901327 AUDIO_PLAYBACK_ONSET 434 107 1 they
1502560808044901 AUDIO_PLAYBACK_ONSET 435 107 2 were
1502560808196667 AUDIO_PLAYBACK_ONSET 436 107 3 loved
1502560808948455 AUDIO_PLAYBACK_ONSET _ 107 END_OF_WAV
1502560809065363 AUDIO_PLAYBACK_DONE 107.wav
1502560810065323 AUDIO_PLAYBACK_ONSET 437 39 1 she
1502560810567485 AUDIO_PLAYBACK_ONSET 438 39 2 excercised
1502560811735572 AUDIO_PLAYBACK_ONSET _ 39 END_OF_WAV
1502560811940238 AUDIO_PLAYBACK_DONE 39.wav
1502560812940198 AUDIO_PLAYBACK_ONSET 439 127 1 the
1502560813032582 AUDIO_PLAYBACK_ONSET 440 127 2 woman
1502560813331466 AUDIO_PLAYBACK_ONSET 441 127 3 will
1502560813421052 AUDIO_PLAYBACK_ONSET 442 127 4 speak
1502560814115543 AUDIO_PLAYBACK_ONSET _ 127 END_OF_WAV
1502560814119834 AUDIO_PLAYBACK_DONE 127.wav
1502560815119794 AUDIO_PLAYBACK_ONSET 443 149 1 the
1502560815228214 AUDIO_PLAYBACK_ONSET 444 149 2 girl
1502560815490076 AUDIO_PLAYBACK_ONSET 445 149 3 cries
1502560816257792 AUDIO_PLAYBACK_ONSET _ 149 END_OF_WAV
1502560816275986 AUDIO_PLAYBACK_DONE 149.wav
1502560817275946 AUDIO_PLAYBACK_ONSET 446 140 1 the
1502560817365949 AUDIO_PLAYBACK_ONSET 447 140 2 actors
1502560817681955 AUDIO_PLAYBACK_ONSET 448 140 3 were
1502560817781837 AUDIO_PLAYBACK_ONSET 449 140 4 scorned
1502560818495651 AUDIO_PLAYBACK_ONSET _ 140 END_OF_WAV
1502560818557143 AUDIO_PLAYBACK_DONE 140.wav
1502560819557103 AUDIO_PLAYBACK_ONSET 450 6 1 Whom
1502560819719924 AUDIO_PLAYBACK_ONSET 451 6 2 did
1502560819874892 AUDIO_PLAYBACK_ONSET 452 6 3 the
1502560820004307 AUDIO_PLAYBACK_ONSET 453 6 4 boy
1502560820215326 AUDIO_PLAYBACK_ONSET 454 6 5 hear?
1502560820697540 AUDIO_PLAYBACK_ONSET _ 6 END_OF_WAV
1502560820783609 AUDIO_PLAYBACK_DONE 6.wav
1502560821783569 AUDIO_PLAYBACK_ONSET 455 131 1 who
1502560821990284 AUDIO_PLAYBACK_ONSET 456 131 2 cried?
1502560822588899 AUDIO_PLAYBACK_ONSET _ 131 END_OF_WAV
1502560822658525 AUDIO_PLAYBACK_DONE 131.wav
1502560823658485 AUDIO_PLAYBACK_ONSET 457 84 1 the
1502560823807615 AUDIO_PLAYBACK_ONSET 458 84 2 girl
1502560824009224 AUDIO_PLAYBACK_ONSET 459 84 3 smiled
1502560824790460 AUDIO_PLAYBACK_ONSET _ 84 END_OF_WAV
1502560824908415 AUDIO_PLAYBACK_DONE 84.wav
1502560825908375 AUDIO_PLAYBACK_ONSET 460 5 1 we
1502560826076019 AUDIO_PLAYBACK_ONSET 461 5 2 guessed
1502560826340478 AUDIO_PLAYBACK_ONSET 462 5 3 that
1502560826497777 AUDIO_PLAYBACK_ONSET 463 5 4 they
1502560826670806 AUDIO_PLAYBACK_ONSET 464 5 5 wink
1502560827194808 AUDIO_PLAYBACK_ONSET _ 5 END_OF_WAV
1502560827371198 AUDIO_PLAYBACK_DONE 5.wav
1502560828371158 AUDIO_PLAYBACK_ONSET 465 24 1 The
1502560828474538 AUDIO_PLAYBACK_ONSET 466 24 2 sandwich
1502560829078618 AUDIO_PLAYBACK_ONSET 467 24 3 is
1502560829269267 AUDIO_PLAYBACK_ONSET 468 24 4 healthy
1502560829834788 AUDIO_PLAYBACK_ONSET _ 24 END_OF_WAV
1502560829964838 AUDIO_PLAYBACK_DONE 24.wav
1502560830964798 AUDIO_PLAYBACK_ONSET 469 61 1 who
1502560831174999 AUDIO_PLAYBACK_ONSET 470 61 2 tickles
1502560831582251 AUDIO_PLAYBACK_ONSET 471 61 3 the
1502560831703217 AUDIO_PLAYBACK_ONSET 472 61 4 girl?
1502560832178008 AUDIO_PLAYBACK_ONSET _ 61 END_OF_WAV
1502560832464720 AUDIO_PLAYBACK_DONE 61.wav
1502560830171659 KEY_PRESS l
1502560830387645 KEY_PRESS l
1502560833464680 AUDIO_PLAYBACK_ONSET 473 1 1 he
1502560833557905 AUDIO_PLAYBACK_ONSET 474 1 2 smiles
1502560834338809 AUDIO_PLAYBACK_ONSET _ 1 END_OF_WAV
1502560834339658 AUDIO_PLAYBACK_DONE 1.wav
1502560835339618 AUDIO_PLAYBACK_ONSET 475 92 1 she
1502560835717238 AUDIO_PLAYBACK_ONSET 476 92 2 blooms
1502560836527035 AUDIO_PLAYBACK_ONSET _ 92 END_OF_WAV
1502560836589547 AUDIO_PLAYBACK_DONE 92.wav
1502560837589507 AUDIO_PLAYBACK_ONSET 477 99 1 they
1502560837880239 AUDIO_PLAYBACK_ONSET 478 99 2 cough
1502560838577793 AUDIO_PLAYBACK_ONSET _ 99 END_OF_WAV
1502560838683207 AUDIO_PLAYBACK_DONE 99.wav
1502560839683167 AUDIO_PLAYBACK_ONSET 479 135 1 the
1502560839828306 AUDIO_PLAYBACK_ONSET 480 135 2 boy
1502560839977307 AUDIO_PLAYBACK_ONSET 481 135 3 heard
1502560840249180 AUDIO_PLAYBACK_ONSET 482 135 4 the
1502560840288725 AUDIO_PLAYBACK_ONSET 483 135 5 men
1502560840694769 AUDIO_PLAYBACK_ONSET _ 135 END_OF_WAV
1502560840733919 AUDIO_PLAYBACK_DONE 135.wav
1502560841733879 AUDIO_PLAYBACK_ONSET 484 70 1 she
1502560842125461 AUDIO_PLAYBACK_ONSET 485 70 2 jumps
1502560842898288 AUDIO_PLAYBACK_ONSET _ 70 END_OF_WAV
1502560843265065 AUDIO_PLAYBACK_DONE 70.wav
1502560844265025 AUDIO_PLAYBACK_ONSET 486 83 1 What
1502560844400568 AUDIO_PLAYBACK_ONSET 487 83 2 will
1502560844620576 AUDIO_PLAYBACK_ONSET 488 83 3 the
1502560844794087 AUDIO_PLAYBACK_ONSET 489 83 4 girl
1502560845202349 AUDIO_PLAYBACK_ONSET 490 83 5 eat?
1502560845733090 AUDIO_PLAYBACK_ONSET _ 83 END_OF_WAV
1502560845952444 AUDIO_PLAYBACK_DONE 83.wav
1502560845795036 KEY_PRESS l
1502560846952404 AUDIO_PLAYBACK_ONSET 491 63 1 he
1502560847073292 AUDIO_PLAYBACK_ONSET 492 63 2 sneezes
1502560847812563 AUDIO_PLAYBACK_ONSET _ 63 END_OF_WAV
1502560848116440 AUDIO_PLAYBACK_DONE 63.wav
1502560846099023 KEY_PRESS l
1502560849116400 AUDIO_PLAYBACK_ONSET 493 29 1 he
1502560849414301 AUDIO_PLAYBACK_ONSET 494 29 2 bloomed
1502560850349771 AUDIO_PLAYBACK_ONSET _ 29 END_OF_WAV
1502560850616317 AUDIO_PLAYBACK_DONE 29.wav
1502560851616277 AUDIO_PLAYBACK_ONSET 495 129 1 who
1502560851785275 AUDIO_PLAYBACK_ONSET 496 129 2 smiles?
1502560852595750 AUDIO_PLAYBACK_ONSET _ 129 END_OF_WAV
1502560852741223 AUDIO_PLAYBACK_DONE 129.wav
1502560853741183 AUDIO_PLAYBACK_ONSET 497 100 1 she
1502560854064916 AUDIO_PLAYBACK_ONSET 498 100 2 fell
1502560854572386 AUDIO_PLAYBACK_ONSET _ 100 END_OF_WAV
1502560854616161 AUDIO_PLAYBACK_DONE 100.wav
1502560855616121 AUDIO_PLAYBACK_ONSET 499 79 1 the
1502560855710082 AUDIO_PLAYBACK_ONSET 500 79 2 boy
1502560855935006 AUDIO_PLAYBACK_ONSET 501 79 3 collapses
1502560856889387 AUDIO_PLAYBACK_ONSET _ 79 END_OF_WAV
1502560856928563 AUDIO_PLAYBACK_DONE 79.wav
1502560857928523 AUDIO_PLAYBACK_ONSET 502 11 1 he
1502560858076188 AUDIO_PLAYBACK_ONSET 503 11 2 will
1502560858272189 AUDIO_PLAYBACK_ONSET 504 11 3 drive
1502560858880691 AUDIO_PLAYBACK_ONSET _ 11 END_OF_WAV
1502560858881593 AUDIO_PLAYBACK_DONE 11.wav
1502560859881553 AUDIO_PLAYBACK_ONSET 505 19 1 who
1502560860123101 AUDIO_PLAYBACK_ONSET 506 19 2 laughs?
1502560860890992 AUDIO_PLAYBACK_ONSET _ 19 END_OF_WAV
1502560860912761 AUDIO_PLAYBACK_DONE 19.wav
1502560861912721 AUDIO_PLAYBACK_ONSET 507 59 1 who
1502560862080650 AUDIO_PLAYBACK_ONSET 508 59 2 arrives?
1502560862879410 AUDIO_PLAYBACK_ONSET _ 59 END_OF_WAV
1502560863217343 AUDIO_PLAYBACK_DONE 59.wav
