1502558892733966 CHEETAH_SIGNAL SENT_AFTER_TIME 105708.178599
1502558894384597 CHEETAH_SIGNAL SENT_AFTER_TIME 105709.829519
1502558894512456 CHEETAH_SIGNAL SENT_AFTER_TIME 105709.957193
1502558894509258 DISPLAY_INSTRUCTIONS Stimuli/instructions_audio_sentences.png
1502558896598919 KEY_PRESS space
1502558896599860 CHEETAH_SIGNAL SENT_AFTER_TIME 105712.044863
1502558896677268 CHEETAH_SIGNAL SENT_AFTER_TIME 105712.122143
1502558896675838 DISPLAY_INSTRUCTIONS OFF
1502558896730185 CHEETAH_SIGNAL SENT_AFTER_TIME 105712.175088
1502558896762565 CHEETAH_SIGNAL SENT_AFTER_TIME 105712.207513
1502558896811102 CHEETAH_SIGNAL SENT_AFTER_TIME 105712.255818
1502558896809246 DISPLAY_FIXATION
1502558900038678 AUDIO_PLAYBACK_ONSET 1 1 1 he
1502558900131903 AUDIO_PLAYBACK_ONSET 2 1 2 smiles
1502558900912807 AUDIO_PLAYBACK_ONSET _ 1 END_OF_WAV
1502558900913654 AUDIO_PLAYBACK_DONE 1.wav
1502558896592915 KEY_PRESS space
1502558896800917 KEY_PRESS space
1502558901913614 AUDIO_PLAYBACK_ONSET 3 2 1 who
1502558902032603 AUDIO_PLAYBACK_ONSET 4 2 2 hugs
1502558902325001 AUDIO_PLAYBACK_ONSET 5 2 3 the
1502558902406223 AUDIO_PLAYBACK_ONSET 6 2 4 friend?
1502558902945154 AUDIO_PLAYBACK_ONSET _ 2 END_OF_WAV
1502558903335417 AUDIO_PLAYBACK_DONE 2.wav
1502558904335377 AUDIO_PLAYBACK_ONSET 7 3 1 They
1502558904454232 AUDIO_PLAYBACK_ONSET 8 3 2 ate
1502558904700923 AUDIO_PLAYBACK_ONSET 9 3 3 the
1502558904819254 AUDIO_PLAYBACK_ONSET 10 3 4 grapes
1502558905177256 AUDIO_PLAYBACK_ONSET 11 3 5 together
1502558905667629 AUDIO_PLAYBACK_ONSET _ 3 END_OF_WAV
1502558905827500 AUDIO_PLAYBACK_DONE 3.wav
1502558906827460 AUDIO_PLAYBACK_ONSET 12 4 1 he
1502558906936482 AUDIO_PLAYBACK_ONSET 13 4 2 showered
1502558907670720 AUDIO_PLAYBACK_ONSET _ 4 END_OF_WAV
1502558907884042 AUDIO_PLAYBACK_DONE 4.wav
1502558905896631 KEY_PRESS l
1502558906008623 KEY_PRESS l
1502558908884002 AUDIO_PLAYBACK_ONSET 14 5 1 we
1502558909051646 AUDIO_PLAYBACK_ONSET 15 5 2 guessed
1502558909316105 AUDIO_PLAYBACK_ONSET 16 5 3 that
1502558909473404 AUDIO_PLAYBACK_ONSET 17 5 4 they
1502558909646433 AUDIO_PLAYBACK_ONSET 18 5 5 wink
1502558910170435 AUDIO_PLAYBACK_ONSET _ 5 END_OF_WAV
1502558910346828 AUDIO_PLAYBACK_DONE 5.wav
1502558911346788 AUDIO_PLAYBACK_ONSET 19 6 1 Whom
1502558911509609 AUDIO_PLAYBACK_ONSET 20 6 2 did
1502558911664577 AUDIO_PLAYBACK_ONSET 21 6 3 the
1502558911793992 AUDIO_PLAYBACK_ONSET 22 6 4 boy
1502558912005011 AUDIO_PLAYBACK_ONSET 23 6 5 hear?
1502558912487225 AUDIO_PLAYBACK_ONSET _ 6 END_OF_WAV
1502558912573297 AUDIO_PLAYBACK_DONE 6.wav
1502558913573257 AUDIO_PLAYBACK_ONSET 24 7 1 he
1502558913730946 AUDIO_PLAYBACK_ONSET 25 7 2 arrived
1502558914565218 AUDIO_PLAYBACK_ONSET _ 7 END_OF_WAV
1502558914666957 AUDIO_PLAYBACK_DONE 7.wav
1502558915666917 AUDIO_PLAYBACK_ONSET 26 8 1 he
1502558915778328 AUDIO_PLAYBACK_ONSET 27 8 2 will
1502558915940851 AUDIO_PLAYBACK_ONSET 28 8 3 sneeze
1502558916802622 AUDIO_PLAYBACK_ONSET _ 8 END_OF_WAV
1502558916846556 AUDIO_PLAYBACK_DONE 8.wav
1502558917846516 AUDIO_PLAYBACK_ONSET 29 9 1 they
1502558918127532 AUDIO_PLAYBACK_ONSET 30 9 2 will
1502558918331661 AUDIO_PLAYBACK_ONSET 31 9 3 drink
1502558918964210 AUDIO_PLAYBACK_ONSET _ 9 END_OF_WAV
1502558919096447 AUDIO_PLAYBACK_DONE 9.wav
1502558920096407 AUDIO_PLAYBACK_ONSET 32 10 1 they
1502558920397712 AUDIO_PLAYBACK_ONSET 33 10 2 wink
1502558921001032 AUDIO_PLAYBACK_ONSET _ 10 END_OF_WAV
1502558921221353 AUDIO_PLAYBACK_DONE 10.wav
1502558919600082 KEY_PRESS l
1502558919896062 KEY_PRESS l
1502558922221313 AUDIO_PLAYBACK_ONSET 34 11 1 he
1502558922368978 AUDIO_PLAYBACK_ONSET 35 11 2 will
1502558922564979 AUDIO_PLAYBACK_ONSET 36 11 3 drive
1502558923173481 AUDIO_PLAYBACK_ONSET _ 11 END_OF_WAV
1502558923174386 AUDIO_PLAYBACK_DONE 11.wav
1502558924174346 AUDIO_PLAYBACK_ONSET 37 12 1 who
1502558924422445 AUDIO_PLAYBACK_ONSET 38 12 2 jumped?
1502558925188881 AUDIO_PLAYBACK_ONSET _ 12 END_OF_WAV
1502558925580530 AUDIO_PLAYBACK_DONE 12.wav
1502558926580490 AUDIO_PLAYBACK_ONSET 39 13 1 she
1502558926850011 AUDIO_PLAYBACK_ONSET 40 13 2 sliced
1502558927293600 AUDIO_PLAYBACK_ONSET 41 13 3 the
1502558927370422 AUDIO_PLAYBACK_ONSET 42 13 4 mushrooms
1502558928303444 AUDIO_PLAYBACK_ONSET _ 13 END_OF_WAV
1502558928424160 AUDIO_PLAYBACK_DONE 13.wav
1502558928191701 KEY_PRESS l
1502558929424120 AUDIO_PLAYBACK_ONSET 43 14 1 the
1502558929604302 AUDIO_PLAYBACK_ONSET 44 14 2 boy
1502558929823743 AUDIO_PLAYBACK_ONSET 45 14 3 remains
1502558930706928 AUDIO_PLAYBACK_ONSET _ 14 END_OF_WAV
1502558930767814 AUDIO_PLAYBACK_DONE 14.wav
1502558928431702 KEY_PRESS l
1502558931767774 AUDIO_PLAYBACK_ONSET 46 15 1 he
1502558931927385 AUDIO_PLAYBACK_ONSET 47 15 2 remains
1502558932822080 AUDIO_PLAYBACK_ONSET _ 15 END_OF_WAV
1502558932830229 AUDIO_PLAYBACK_DONE 15.wav
1502558933830189 AUDIO_PLAYBACK_ONSET 48 16 1 What
1502558934031076 AUDIO_PLAYBACK_ONSET 49 16 2 will
1502558934232434 AUDIO_PLAYBACK_ONSET 50 16 3 the
1502558934373583 AUDIO_PLAYBACK_ONSET 51 16 4 girls
1502558934792092 AUDIO_PLAYBACK_ONSET 52 16 5 find?
1502558935242186 AUDIO_PLAYBACK_ONSET _ 16 END_OF_WAV
1502558935298863 AUDIO_PLAYBACK_DONE 16.wav
1502558936298823 AUDIO_PLAYBACK_ONSET 53 17 1 he
1502558936447700 AUDIO_PLAYBACK_ONSET 54 17 2 was
1502558936678205 AUDIO_PLAYBACK_ONSET 55 17 3 hugged
1502558937204403 AUDIO_PLAYBACK_ONSET _ 17 END_OF_WAV
1502558937298764 AUDIO_PLAYBACK_DONE 17.wav
1502558938298724 AUDIO_PLAYBACK_ONSET 56 18 1 The
1502558938399048 AUDIO_PLAYBACK_ONSET 57 18 2 chef
1502558938672229 AUDIO_PLAYBACK_ONSET 58 18 3 served
1502558939128875 AUDIO_PLAYBACK_ONSET 59 18 4 the
1502558939278067 AUDIO_PLAYBACK_ONSET 60 18 5 cake
1502558939735721 AUDIO_PLAYBACK_ONSET _ 18 END_OF_WAV
1502558939798646 AUDIO_PLAYBACK_DONE 18.wav
1502558939527288 KEY_PRESS l
1502558939759227 KEY_PRESS l
1502558940798606 AUDIO_PLAYBACK_ONSET 61 19 1 who
1502558941040154 AUDIO_PLAYBACK_ONSET 62 19 2 laughs?
1502558941808045 AUDIO_PLAYBACK_ONSET _ 19 END_OF_WAV
1502558941829813 AUDIO_PLAYBACK_DONE 19.wav
1502558942829773 AUDIO_PLAYBACK_ONSET 63 20 1 she
1502558943211058 AUDIO_PLAYBACK_ONSET 64 20 2 sneezed
1502558944044021 AUDIO_PLAYBACK_ONSET _ 20 END_OF_WAV
1502558944048459 AUDIO_PLAYBACK_DONE 20.wav
1502558945048419 AUDIO_PLAYBACK_ONSET 65 21 1 who
1502558945301366 AUDIO_PLAYBACK_ONSET 66 21 2 winks?
1502558946016846 AUDIO_PLAYBACK_ONSET _ 21 END_OF_WAV
1502558946017113 AUDIO_PLAYBACK_DONE 21.wav
1502558947017073 AUDIO_PLAYBACK_ONSET 67 22 1 they
1502558947352389 AUDIO_PLAYBACK_ONSET 68 22 2 vanished
1502558948080475 AUDIO_PLAYBACK_ONSET _ 22 END_OF_WAV
1502558948173262 AUDIO_PLAYBACK_DONE 22.wav
1502558949173222 AUDIO_PLAYBACK_ONSET 69 23 1 they
1502558949450962 AUDIO_PLAYBACK_ONSET 70 23 2 saw
1502558949778578 AUDIO_PLAYBACK_ONSET 71 23 3 him
1502558950013454 AUDIO_PLAYBACK_ONSET 72 23 4 dance
1502558950673726 AUDIO_PLAYBACK_ONSET _ 23 END_OF_WAV
1502558950673143 AUDIO_PLAYBACK_DONE 23.wav
1502558951673103 AUDIO_PLAYBACK_ONSET 73 24 1 The
1502558951776483 AUDIO_PLAYBACK_ONSET 74 24 2 sandwich
1502558952380563 AUDIO_PLAYBACK_ONSET 75 24 3 is
1502558952571212 AUDIO_PLAYBACK_ONSET 76 24 4 healthy
1502558953136733 AUDIO_PLAYBACK_ONSET _ 24 END_OF_WAV
1502558953266807 AUDIO_PLAYBACK_DONE 24.wav
1502558953038742 KEY_PRESS l
1502558953222723 KEY_PRESS l
1502558954266767 AUDIO_PLAYBACK_ONSET 77 25 1 they
1502558954559628 AUDIO_PLAYBACK_ONSET 78 25 2 hug
1502558954845914 AUDIO_PLAYBACK_ONSET 79 25 3 the
1502558954947727 AUDIO_PLAYBACK_ONSET 80 25 4 friend
1502558955553565 AUDIO_PLAYBACK_ONSET _ 25 END_OF_WAV
1502558955766689 AUDIO_PLAYBACK_DONE 25.wav
1502558956766649 AUDIO_PLAYBACK_ONSET 81 26 1 Whom
1502558956983640 AUDIO_PLAYBACK_ONSET 82 26 2 will
1502558957173659 AUDIO_PLAYBACK_ONSET 83 26 3 the
1502558957328049 AUDIO_PLAYBACK_ONSET 84 26 4 boy
1502558957573795 AUDIO_PLAYBACK_ONSET 85 26 5 tickle?
1502558958050669 AUDIO_PLAYBACK_ONSET _ 26 END_OF_WAV
1502558958125961 AUDIO_PLAYBACK_DONE 26.wav
1502558959125921 AUDIO_PLAYBACK_ONSET 86 27 1 Who
1502558959326105 AUDIO_PLAYBACK_ONSET 87 27 2 did
1502558959508689 AUDIO_PLAYBACK_ONSET 88 27 3 the
1502558959659519 AUDIO_PLAYBACK_ONSET 89 27 4 boys
1502558960026955 AUDIO_PLAYBACK_ONSET 90 27 5 kiss?
1502558960724403 AUDIO_PLAYBACK_ONSET _ 27 END_OF_WAV
1502558960813341 AUDIO_PLAYBACK_DONE 27.wav
1502558961813301 AUDIO_PLAYBACK_ONSET 91 28 1 the
1502558961923705 AUDIO_PLAYBACK_ONSET 92 28 2 host
1502558962286603 AUDIO_PLAYBACK_ONSET 93 28 3 was
1502558962457971 AUDIO_PLAYBACK_ONSET 94 28 4 warned
1502558963184775 AUDIO_PLAYBACK_ONSET _ 28 END_OF_WAV
1502558963313244 AUDIO_PLAYBACK_DONE 28.wav
1502558964313204 AUDIO_PLAYBACK_ONSET 95 29 1 he
1502558964611105 AUDIO_PLAYBACK_ONSET 96 29 2 bloomed
1502558965546575 AUDIO_PLAYBACK_ONSET _ 29 END_OF_WAV
1502558965813123 AUDIO_PLAYBACK_DONE 29.wav
1502558966813083 AUDIO_PLAYBACK_ONSET 97 30 1 Whom
1502558967073686 AUDIO_PLAYBACK_ONSET 98 30 2 will
1502558967281345 AUDIO_PLAYBACK_ONSET 99 30 3 the
1502558967439608 AUDIO_PLAYBACK_ONSET 100 30 4 boy
1502558967668435 AUDIO_PLAYBACK_ONSET 101 30 5 hear?
1502558968282337 AUDIO_PLAYBACK_ONSET _ 30 END_OF_WAV
1502558968313004 AUDIO_PLAYBACK_DONE 30.wav
1502558969312964 AUDIO_PLAYBACK_ONSET 102 31 1 she
1502558969736786 AUDIO_PLAYBACK_ONSET 103 31 2 washed
1502558970554144 AUDIO_PLAYBACK_ONSET _ 31 END_OF_WAV
1502558970562894 AUDIO_PLAYBACK_DONE 31.wav
1502558971562854 AUDIO_PLAYBACK_ONSET 104 32 1 the
1502558971706802 AUDIO_PLAYBACK_ONSET 105 32 2 girls
1502558972058526 AUDIO_PLAYBACK_ONSET 106 32 3 appear
1502558972708885 AUDIO_PLAYBACK_ONSET _ 32 END_OF_WAV
1502558972797162 AUDIO_PLAYBACK_DONE 32.wav
1502558973797122 AUDIO_PLAYBACK_ONSET 107 33 1 who
1502558974054319 AUDIO_PLAYBACK_ONSET 108 33 2 falls?
1502558974901346 AUDIO_PLAYBACK_ONSET _ 33 END_OF_WAV
1502558974937693 AUDIO_PLAYBACK_DONE 33.wav
1502558975937653 AUDIO_PLAYBACK_ONSET 109 34 1 the
1502558976143277 AUDIO_PLAYBACK_ONSET 110 34 2 boy
1502558976393695 AUDIO_PLAYBACK_ONSET 111 34 3 laughs
1502558977217025 AUDIO_PLAYBACK_ONSET _ 34 END_OF_WAV
1502558977312589 AUDIO_PLAYBACK_DONE 34.wav
1502558978312549 AUDIO_PLAYBACK_ONSET 112 35 1 she
1502558978703720 AUDIO_PLAYBACK_ONSET 113 35 2 disappears
1502558979794736 AUDIO_PLAYBACK_ONSET _ 35 END_OF_WAV
1502558979875005 AUDIO_PLAYBACK_DONE 35.wav
1502558980874965 AUDIO_PLAYBACK_ONSET 114 36 1 she
1502558981276946 AUDIO_PLAYBACK_ONSET 115 36 2 laughed
1502558982036341 AUDIO_PLAYBACK_ONSET _ 36 END_OF_WAV
1502558982124895 AUDIO_PLAYBACK_DONE 36.wav
1502558983124855 AUDIO_PLAYBACK_ONSET 116 37 1 who
1502558983440578 AUDIO_PLAYBACK_ONSET 117 37 2 blooms?
1502558984217517 AUDIO_PLAYBACK_ONSET _ 37 END_OF_WAV
1502558984218555 AUDIO_PLAYBACK_DONE 37.wav
1502558985218515 AUDIO_PLAYBACK_ONSET 118 38 1 who
1502558985465229 AUDIO_PLAYBACK_ONSET 119 38 2 sneezes?
1502558986483855 AUDIO_PLAYBACK_ONSET _ 38 END_OF_WAV
1502558986499714 AUDIO_PLAYBACK_DONE 38.wav
1502558987499674 AUDIO_PLAYBACK_ONSET 120 39 1 she
1502558988001836 AUDIO_PLAYBACK_ONSET 121 39 2 excercised
1502558989169923 AUDIO_PLAYBACK_ONSET _ 39 END_OF_WAV
1502558989374613 AUDIO_PLAYBACK_DONE 39.wav
1502558990374573 AUDIO_PLAYBACK_ONSET 122 40 1 he
1502558990713196 AUDIO_PLAYBACK_ONSET 123 40 2 cried
1502558991450293 AUDIO_PLAYBACK_ONSET _ 40 END_OF_WAV
1502558991812002 AUDIO_PLAYBACK_DONE 40.wav
1502558992811962 AUDIO_PLAYBACK_ONSET 124 41 1 the
1502558992970662 AUDIO_PLAYBACK_ONSET 125 41 2 boy
1502558993158601 AUDIO_PLAYBACK_ONSET 126 41 3 sneezes
1502558994035653 AUDIO_PLAYBACK_ONSET _ 41 END_OF_WAV
1502558994038467 AUDIO_PLAYBACK_DONE 41.wav
1502558995038427 AUDIO_PLAYBACK_ONSET 127 42 1 they
1502558995254855 AUDIO_PLAYBACK_ONSET 128 42 2 winked
1502558995965070 AUDIO_PLAYBACK_ONSET _ 42 END_OF_WAV
1502558996194621 AUDIO_PLAYBACK_DONE 42.wav
1502558997194581 AUDIO_PLAYBACK_ONSET 129 43 1 she
1502558997408393 AUDIO_PLAYBACK_ONSET 130 43 2 remained
1502558998193830 AUDIO_PLAYBACK_ONSET _ 43 END_OF_WAV
1502558998444533 AUDIO_PLAYBACK_DONE 43.wav
1502558999444493 AUDIO_PLAYBACK_ONSET 131 44 1 The
1502558999512748 AUDIO_PLAYBACK_ONSET 132 44 2 salad
1502558999867876 AUDIO_PLAYBACK_ONSET 133 44 3 is
1502559000041050 AUDIO_PLAYBACK_ONSET 134 44 4 tasty
1502559000617235 AUDIO_PLAYBACK_ONSET _ 44 END_OF_WAV
1502559000631929 AUDIO_PLAYBACK_DONE 44.wav
1502559000620815 KEY_PRESS l
1502559001631889 AUDIO_PLAYBACK_ONSET 135 45 1 Whom
1502559001746946 AUDIO_PLAYBACK_ONSET 136 45 2 does
1502559001943937 AUDIO_PLAYBACK_ONSET 137 45 3 the
1502559002065219 AUDIO_PLAYBACK_ONSET 138 45 4 boy
1502559002309987 AUDIO_PLAYBACK_ONSET 139 45 5 tickle?
1502559002723816 AUDIO_PLAYBACK_ONSET _ 45 END_OF_WAV
1502559002725589 AUDIO_PLAYBACK_DONE 45.wav
1502559000884831 KEY_PRESS l
1502559003725549 AUDIO_PLAYBACK_ONSET 140 46 1 they
1502559003898013 AUDIO_PLAYBACK_ONSET 141 46 2 tickle
1502559004197910 AUDIO_PLAYBACK_ONSET 142 46 3 the
1502559004350001 AUDIO_PLAYBACK_ONSET 143 46 4 girl
1502559004768430 AUDIO_PLAYBACK_ONSET _ 46 END_OF_WAV
1502559004788003 AUDIO_PLAYBACK_DONE 46.wav
1502559005787963 AUDIO_PLAYBACK_ONSET 144 47 1 she
1502559006023989 AUDIO_PLAYBACK_ONSET 145 47 2 will
1502559006144273 AUDIO_PLAYBACK_ONSET 146 47 3 sleep
1502559006836937 AUDIO_PLAYBACK_ONSET _ 47 END_OF_WAV
1502559007022268 AUDIO_PLAYBACK_DONE 47.wav
1502559008022228 AUDIO_PLAYBACK_ONSET 147 48 1 she
1502559008236855 AUDIO_PLAYBACK_ONSET 148 48 2 collapsed
1502559009139376 AUDIO_PLAYBACK_ONSET _ 48 END_OF_WAV
1502559009194046 AUDIO_PLAYBACK_DONE 48.wav
1502559010194006 AUDIO_PLAYBACK_ONSET 149 49 1 the
1502559010363714 AUDIO_PLAYBACK_ONSET 150 49 2 girl
1502559010572950 AUDIO_PLAYBACK_ONSET 151 49 3 ate
1502559010759221 AUDIO_PLAYBACK_ONSET 152 49 4 the
1502559010817910 AUDIO_PLAYBACK_ONSET 153 49 5 salad
1502559011433710 AUDIO_PLAYBACK_ONSET _ 49 END_OF_WAV
1502559011459583 AUDIO_PLAYBACK_DONE 49.wav
1502559011348414 KEY_PRESS l
1502559012459543 AUDIO_PLAYBACK_ONSET 154 50 1 What
1502559012600590 AUDIO_PLAYBACK_ONSET 155 50 2 did
1502559012752348 AUDIO_PLAYBACK_ONSET 156 50 3 the
1502559012853767 AUDIO_PLAYBACK_ONSET 157 50 4 girl
1502559013086956 AUDIO_PLAYBACK_ONSET 158 50 5 kick?
1502559013555555 AUDIO_PLAYBACK_ONSET _ 50 END_OF_WAV
1502559013561043 AUDIO_PLAYBACK_DONE 50.wav
1502559011588365 KEY_PRESS l
1502559014561003 AUDIO_PLAYBACK_ONSET 159 51 1 she
1502559014755633 AUDIO_PLAYBACK_ONSET 160 51 2 smelled
1502559015062671 AUDIO_PLAYBACK_ONSET 161 51 3 it
1502559015240572 AUDIO_PLAYBACK_ONSET 162 51 4 burn
1502559015648752 AUDIO_PLAYBACK_ONSET _ 51 END_OF_WAV
1502559015904715 AUDIO_PLAYBACK_DONE 51.wav
1502559016904675 AUDIO_PLAYBACK_ONSET 163 52 1 he
1502559017048764 AUDIO_PLAYBACK_ONSET 164 52 2 disappeared
1502559017827480 AUDIO_PLAYBACK_ONSET _ 52 END_OF_WAV
1502559018154606 AUDIO_PLAYBACK_DONE 52.wav
1502559019154566 AUDIO_PLAYBACK_ONSET 165 53 1 they
1502559019315373 AUDIO_PLAYBACK_ONSET 166 53 2 heard
1502559019489765 AUDIO_PLAYBACK_ONSET 167 53 3 her
1502559019639964 AUDIO_PLAYBACK_ONSET 168 53 4 coughing
1502559020245802 AUDIO_PLAYBACK_ONSET _ 53 END_OF_WAV
1502559020654484 AUDIO_PLAYBACK_DONE 53.wav
1502559021654444 AUDIO_PLAYBACK_ONSET 169 54 1 she
1502559021948060 AUDIO_PLAYBACK_ONSET 170 54 2 smiled
1502559022740216 AUDIO_PLAYBACK_ONSET _ 54 END_OF_WAV
1502559022904374 AUDIO_PLAYBACK_DONE 54.wav
1502559023904334 AUDIO_PLAYBACK_ONSET 171 55 1 the
1502559024027654 AUDIO_PLAYBACK_ONSET 172 55 2 girls
1502559024351658 AUDIO_PLAYBACK_ONSET 173 55 3 cough
1502559024928641 AUDIO_PLAYBACK_ONSET _ 55 END_OF_WAV
1502559025091793 AUDIO_PLAYBACK_DONE 55.wav
1502559026091753 AUDIO_PLAYBACK_ONSET 174 56 1 we
1502559026216870 AUDIO_PLAYBACK_ONSET 175 56 2 revealed
1502559026589160 AUDIO_PLAYBACK_ONSET 176 56 3 that
1502559026666970 AUDIO_PLAYBACK_ONSET 177 56 4 she
1502559026886035 AUDIO_PLAYBACK_ONSET 178 56 5 jumps
1502559027555200 AUDIO_PLAYBACK_ONSET _ 56 END_OF_WAV
1502559027872931 AUDIO_PLAYBACK_DONE 56.wav
1502559028872891 AUDIO_PLAYBACK_ONSET 179 57 1 who
1502559029052509 AUDIO_PLAYBACK_ONSET 180 57 2 eats
1502559029267359 AUDIO_PLAYBACK_ONSET 181 57 3 the
1502559029334552 AUDIO_PLAYBACK_ONSET 182 57 4 salad?
1502559029955047 AUDIO_PLAYBACK_ONSET _ 57 END_OF_WAV
1502559030107197 AUDIO_PLAYBACK_DONE 57.wav
1502559030019650 KEY_PRESS l
1502559031107157 AUDIO_PLAYBACK_ONSET 183 58 1 he
1502559031318612 AUDIO_PLAYBACK_ONSET 184 58 2 laughs
1502559032106639 AUDIO_PLAYBACK_ONSET _ 58 END_OF_WAV
1502559032333665 AUDIO_PLAYBACK_DONE 58.wav
1502559030219662 KEY_PRESS l
1502559033333625 AUDIO_PLAYBACK_ONSET 185 59 1 who
1502559033501554 AUDIO_PLAYBACK_ONSET 186 59 2 arrives?
1502559034300314 AUDIO_PLAYBACK_ONSET _ 59 END_OF_WAV
1502559034638269 AUDIO_PLAYBACK_DONE 59.wav
1502559035638229 AUDIO_PLAYBACK_ONSET 187 60 1 the
1502559035781302 AUDIO_PLAYBACK_ONSET 188 60 2 boy
1502559035940513 AUDIO_PLAYBACK_ONSET 189 60 3 smelled
1502559036288862 AUDIO_PLAYBACK_ONSET 190 60 4 the
1502559036354701 AUDIO_PLAYBACK_ONSET 191 60 5 flowers
1502559037222580 AUDIO_PLAYBACK_ONSET _ 60 END_OF_WAV
1502559037419409 AUDIO_PLAYBACK_DONE 60.wav
1502559038419369 AUDIO_PLAYBACK_ONSET 192 61 1 who
1502559038629570 AUDIO_PLAYBACK_ONSET 193 61 2 tickles
1502559039036822 AUDIO_PLAYBACK_ONSET 194 61 3 the
1502559039157788 AUDIO_PLAYBACK_ONSET 195 61 4 girl?
1502559039632579 AUDIO_PLAYBACK_ONSET _ 61 END_OF_WAV
1502559039919288 AUDIO_PLAYBACK_DONE 61.wav
1502559040919248 AUDIO_PLAYBACK_ONSET 196 62 1 What
1502559041101381 AUDIO_PLAYBACK_ONSET 197 62 2 will
1502559041224763 AUDIO_PLAYBACK_ONSET 198 62 3 the
1502559041359001 AUDIO_PLAYBACK_ONSET 199 62 4 girl
1502559041617608 AUDIO_PLAYBACK_ONSET 200 62 5 kick?
1502559042287815 AUDIO_PLAYBACK_ONSET _ 62 END_OF_WAV
1502559042387923 AUDIO_PLAYBACK_DONE 62.wav
1502559043387883 AUDIO_PLAYBACK_ONSET 201 63 1 he
1502559043508771 AUDIO_PLAYBACK_ONSET 202 63 2 sneezes
1502559044248042 AUDIO_PLAYBACK_ONSET _ 63 END_OF_WAV
1502559044551897 AUDIO_PLAYBACK_DONE 63.wav
1502559045551857 AUDIO_PLAYBACK_ONSET 203 64 1 who
1502559045707670 AUDIO_PLAYBACK_ONSET 204 64 2 remains?
1502559046529949 AUDIO_PLAYBACK_ONSET _ 64 END_OF_WAV
1502559046536172 AUDIO_PLAYBACK_DONE 64.wav
1502559047536132 AUDIO_PLAYBACK_ONSET 205 65 1 they
1502559047667832 AUDIO_PLAYBACK_ONSET 206 65 2 found
1502559047960756 AUDIO_PLAYBACK_ONSET 207 65 3 the
1502559048080883 AUDIO_PLAYBACK_ONSET 208 65 4 bikes
1502559048730491 AUDIO_PLAYBACK_ONSET _ 65 END_OF_WAV
1502559048911068 AUDIO_PLAYBACK_DONE 65.wav
1502559049911028 AUDIO_PLAYBACK_ONSET 209 66 1 they
1502559050007486 AUDIO_PLAYBACK_ONSET 210 66 2 appeared
1502559050608068 AUDIO_PLAYBACK_ONSET _ 66 END_OF_WAV
1502559051121933 AUDIO_PLAYBACK_DONE 66.wav
1502559052121893 AUDIO_PLAYBACK_ONSET 211 67 1 they
1502559052321714 AUDIO_PLAYBACK_ONSET 212 67 2 appear
1502559052897256 AUDIO_PLAYBACK_ONSET _ 67 END_OF_WAV
1502559053043717 AUDIO_PLAYBACK_DONE 67.wav
1502559054043677 AUDIO_PLAYBACK_ONSET 213 68 1 he
1502559054305230 AUDIO_PLAYBACK_ONSET 214 68 2 crawled
1502559054875542 AUDIO_PLAYBACK_ONSET _ 68 END_OF_WAV
1502559055020193 AUDIO_PLAYBACK_DONE 68.wav
1502559056020153 AUDIO_PLAYBACK_ONSET 215 69 1 the
1502559056161803 AUDIO_PLAYBACK_ONSET 216 69 2 boy
1502559056387535 AUDIO_PLAYBACK_ONSET 217 69 3 jumped
1502559057050787 AUDIO_PLAYBACK_ONSET _ 69 END_OF_WAV
1502559057316977 AUDIO_PLAYBACK_DONE 69.wav
1502559058316937 AUDIO_PLAYBACK_ONSET 218 70 1 she
1502559058708519 AUDIO_PLAYBACK_ONSET 219 70 2 jumps
1502559059481346 AUDIO_PLAYBACK_ONSET _ 70 END_OF_WAV
1502559059848122 AUDIO_PLAYBACK_DONE 70.wav
1502559060848082 AUDIO_PLAYBACK_ONSET 220 71 1 who
1502559061031232 AUDIO_PLAYBACK_ONSET 221 71 2 coughed?
1502559061784575 AUDIO_PLAYBACK_ONSET _ 71 END_OF_WAV
1502559061848022 AUDIO_PLAYBACK_DONE 71.wav
1502559062847982 AUDIO_PLAYBACK_ONSET 222 72 1 the
1502559062992151 AUDIO_PLAYBACK_ONSET 223 72 2 girls
1502559063260491 AUDIO_PLAYBACK_ONSET 224 72 3 found
1502559063502896 AUDIO_PLAYBACK_ONSET 225 72 4 the
1502559063611629 AUDIO_PLAYBACK_ONSET 226 72 5 bikes
1502559064323879 AUDIO_PLAYBACK_ONSET _ 72 END_OF_WAV
1502559064332278 AUDIO_PLAYBACK_DONE 72.wav
1502559065332238 AUDIO_PLAYBACK_ONSET 227 73 1 she
1502559065550478 AUDIO_PLAYBACK_ONSET 228 73 2 heard
1502559065782247 AUDIO_PLAYBACK_ONSET 229 73 3 them
1502559065970092 AUDIO_PLAYBACK_ONSET 230 73 4 crying
1502559066497179 AUDIO_PLAYBACK_ONSET _ 73 END_OF_WAV
1502559066722820 AUDIO_PLAYBACK_DONE 73.wav
1502559067722780 AUDIO_PLAYBACK_ONSET 231 74 1 she
1502559067913933 AUDIO_PLAYBACK_ONSET 232 74 2 eats
1502559068198035 AUDIO_PLAYBACK_ONSET 233 74 3 the
1502559068275445 AUDIO_PLAYBACK_ONSET 234 74 4 salad
1502559068851630 AUDIO_PLAYBACK_ONSET _ 74 END_OF_WAV
1502559068910217 AUDIO_PLAYBACK_DONE 74.wav
1502559069910177 AUDIO_PLAYBACK_ONSET 235 75 1 he
1502559070063758 AUDIO_PLAYBACK_ONSET 236 75 2 falls
1502559070800972 AUDIO_PLAYBACK_ONSET _ 75 END_OF_WAV
1502559070910118 AUDIO_PLAYBACK_DONE 75.wav
1502559069106096 KEY_PRESS l
1502559069330099 KEY_PRESS l
1502559071910078 AUDIO_PLAYBACK_ONSET 237 76 1 the
1502559072043732 AUDIO_PLAYBACK_ONSET 238 76 2 girl
1502559072270419 AUDIO_PLAYBACK_ONSET 239 76 3 disappears
1502559073221272 AUDIO_PLAYBACK_ONSET _ 76 END_OF_WAV
1502559073222545 AUDIO_PLAYBACK_DONE 76.wav
1502559074222505 AUDIO_PLAYBACK_ONSET 240 77 1 who
1502559074441681 AUDIO_PLAYBACK_ONSET 241 77 2 heard
1502559074735762 AUDIO_PLAYBACK_ONSET 242 77 3 the
1502559074819483 AUDIO_PLAYBACK_ONSET 243 77 4 men?
1502559075258494 AUDIO_PLAYBACK_ONSET _ 77 END_OF_WAV
1502559075269336 AUDIO_PLAYBACK_DONE 77.wav
1502559076269296 AUDIO_PLAYBACK_ONSET 244 78 1 she
1502559076500084 AUDIO_PLAYBACK_ONSET 245 78 2 saw
1502559076738016 AUDIO_PLAYBACK_ONSET 246 78 3 that
1502559076904282 AUDIO_PLAYBACK_ONSET 247 78 4 he
1502559077039015 AUDIO_PLAYBACK_ONSET 248 78 5 crawled
1502559077559790 AUDIO_PLAYBACK_ONSET _ 78 END_OF_WAV
1502559077691103 AUDIO_PLAYBACK_DONE 78.wav
1502559078691063 AUDIO_PLAYBACK_ONSET 249 79 1 the
1502559078785024 AUDIO_PLAYBACK_ONSET 250 79 2 boy
1502559079009948 AUDIO_PLAYBACK_ONSET 251 79 3 collapses
1502559079964329 AUDIO_PLAYBACK_ONSET _ 79 END_OF_WAV
1502559080003507 AUDIO_PLAYBACK_DONE 79.wav
1502559081003467 AUDIO_PLAYBACK_ONSET 252 80 1 she
1502559081311039 AUDIO_PLAYBACK_ONSET 253 80 2 crawls
1502559082058822 AUDIO_PLAYBACK_ONSET _ 80 END_OF_WAV
1502559082222150 AUDIO_PLAYBACK_DONE 80.wav
1502559083222110 AUDIO_PLAYBACK_ONSET 254 81 1 the
1502559083312710 AUDIO_PLAYBACK_ONSET 255 81 2 actors
1502559083686991 AUDIO_PLAYBACK_ONSET 256 81 3 will
1502559083782756 AUDIO_PLAYBACK_ONSET 257 81 4 snore
1502559084370113 AUDIO_PLAYBACK_ONSET _ 81 END_OF_WAV
1502559084409548 AUDIO_PLAYBACK_DONE 81.wav
1502559085409508 AUDIO_PLAYBACK_ONSET 258 82 1 the
1502559085552035 AUDIO_PLAYBACK_ONSET 259 82 2 boy
1502559085744050 AUDIO_PLAYBACK_ONSET 260 82 3 will
1502559085880957 AUDIO_PLAYBACK_ONSET 261 82 4 sing
1502559086437198 AUDIO_PLAYBACK_ONSET _ 82 END_OF_WAV
1502559086690729 AUDIO_PLAYBACK_DONE 82.wav
1502559087690689 AUDIO_PLAYBACK_ONSET 262 83 1 What
1502559087826232 AUDIO_PLAYBACK_ONSET 263 83 2 will
1502559088046240 AUDIO_PLAYBACK_ONSET 264 83 3 the
1502559088219751 AUDIO_PLAYBACK_ONSET 265 83 4 girl
1502559088628013 AUDIO_PLAYBACK_ONSET 266 83 5 eat?
1502559089158754 AUDIO_PLAYBACK_ONSET _ 83 END_OF_WAV
1502559089378105 AUDIO_PLAYBACK_DONE 83.wav
1502559089177277 KEY_PRESS l
1502559090378065 AUDIO_PLAYBACK_ONSET 267 84 1 the
1502559090527195 AUDIO_PLAYBACK_ONSET 268 84 2 girl
1502559090728804 AUDIO_PLAYBACK_ONSET 269 84 3 smiled
1502559091510040 AUDIO_PLAYBACK_ONSET _ 84 END_OF_WAV
1502559091627995 AUDIO_PLAYBACK_DONE 84.wav
1502559089385265 KEY_PRESS l
1502559092627955 AUDIO_PLAYBACK_ONSET 270 85 1 The
1502559092729571 AUDIO_PLAYBACK_ONSET 271 85 2 cook
1502559092949013 AUDIO_PLAYBACK_ONSET 272 85 3 prepared
1502559093309330 AUDIO_PLAYBACK_ONSET 273 85 4 the
1502559093368029 AUDIO_PLAYBACK_ONSET 274 85 5 meal
1502559093874641 AUDIO_PLAYBACK_ONSET _ 85 END_OF_WAV
1502559093971666 AUDIO_PLAYBACK_DONE 85.wav
1502559093913052 KEY_PRESS l
1502559094971626 AUDIO_PLAYBACK_ONSET 275 86 1 What
1502559095159967 AUDIO_PLAYBACK_ONSET 276 86 2 does
1502559095385772 AUDIO_PLAYBACK_ONSET 277 86 3 the
1502559095492501 AUDIO_PLAYBACK_ONSET 278 86 4 girl
1502559095719188 AUDIO_PLAYBACK_ONSET 279 86 5 eat?
1502559096234307 AUDIO_PLAYBACK_ONSET _ 86 END_OF_WAV
1502559096284073 AUDIO_PLAYBACK_DONE 86.wav
1502559094097107 KEY_PRESS l
1502559096009017 KEY_PRESS l
1502559096233016 KEY_PRESS l
1502559097284033 AUDIO_PLAYBACK_ONSET 280 87 1 who
1502559097465595 AUDIO_PLAYBACK_ONSET 281 87 2 kicked
1502559097789160 AUDIO_PLAYBACK_ONSET 282 87 3 the
1502559097939013 AUDIO_PLAYBACK_ONSET 283 87 4 ball?
1502559098319239 AUDIO_PLAYBACK_ONSET _ 87 END_OF_WAV
1502559098393356 AUDIO_PLAYBACK_DONE 87.wav
1502559099393316 AUDIO_PLAYBACK_ONSET 284 88 1 he
1502559099609155 AUDIO_PLAYBACK_ONSET 285 88 2 collapses
1502559100553508 AUDIO_PLAYBACK_ONSET _ 88 END_OF_WAV
1502559100612021 AUDIO_PLAYBACK_DONE 88.wav
1502559101611981 AUDIO_PLAYBACK_ONSET 286 89 1 he
1502559101702910 AUDIO_PLAYBACK_ONSET 287 89 2 hears
1502559102036546 AUDIO_PLAYBACK_ONSET 288 89 3 the
1502559102112770 AUDIO_PLAYBACK_ONSET 289 89 4 men
1502559102510134 AUDIO_PLAYBACK_ONSET _ 89 END_OF_WAV
1502559102541626 AUDIO_PLAYBACK_DONE 89.wav
1502559103541586 AUDIO_PLAYBACK_ONSET 290 90 1 Whom
1502559103781321 AUDIO_PLAYBACK_ONSET 291 90 2 do
1502559103908420 AUDIO_PLAYBACK_ONSET 292 90 3 the
1502559103982250 AUDIO_PLAYBACK_ONSET 293 90 4 women
1502559104291586 AUDIO_PLAYBACK_ONSET 294 90 5 hug?
1502559104751385 AUDIO_PLAYBACK_ONSET _ 90 END_OF_WAV
1502559104932144 AUDIO_PLAYBACK_DONE 90.wav
1502559105932104 AUDIO_PLAYBACK_ONSET 295 91 1 the
1502559106079207 AUDIO_PLAYBACK_ONSET 296 91 2 girl
1502559106288104 AUDIO_PLAYBACK_ONSET 297 91 3 fell
1502559106776546 AUDIO_PLAYBACK_ONSET _ 91 END_OF_WAV
1502559106838308 AUDIO_PLAYBACK_DONE 91.wav
1502559107838268 AUDIO_PLAYBACK_ONSET 298 92 1 she
1502559108215888 AUDIO_PLAYBACK_ONSET 299 92 2 blooms
1502559109025685 AUDIO_PLAYBACK_ONSET _ 92 END_OF_WAV
1502559109088220 AUDIO_PLAYBACK_DONE 92.wav
1502559110088180 AUDIO_PLAYBACK_ONSET 300 93 1 who
1502559110211958 AUDIO_PLAYBACK_ONSET 301 93 2 smelled
1502559110597994 AUDIO_PLAYBACK_ONSET 302 93 3 the
1502559110661145 AUDIO_PLAYBACK_ONSET 303 93 4 flowers?
1502559111550352 AUDIO_PLAYBACK_ONSET _ 93 END_OF_WAV
1502559111603744 AUDIO_PLAYBACK_DONE 93.wav
1502559112603704 AUDIO_PLAYBACK_ONSET 304 94 1 she
1502559112949771 AUDIO_PLAYBACK_ONSET 305 94 2 kicked
1502559113260187 AUDIO_PLAYBACK_ONSET 306 94 3 the
1502559113407614 AUDIO_PLAYBACK_ONSET 307 94 4 ball
1502559113769629 AUDIO_PLAYBACK_ONSET _ 94 END_OF_WAV
1502559113822389 AUDIO_PLAYBACK_DONE 94.wav
1502559114822349 AUDIO_PLAYBACK_ONSET 308 95 1 he
1502559114953736 AUDIO_PLAYBACK_ONSET 309 95 2 streched
1502559115818946 AUDIO_PLAYBACK_ONSET _ 95 END_OF_WAV
1502559116095748 AUDIO_PLAYBACK_DONE 95.wav
1502559117095708 AUDIO_PLAYBACK_ONSET 310 96 1 the
1502559117241512 AUDIO_PLAYBACK_ONSET 311 96 2 girl
1502559117464044 AUDIO_PLAYBACK_ONSET 312 96 3 kicked
1502559117779222 AUDIO_PLAYBACK_ONSET 313 96 4 the
1502559117909108 AUDIO_PLAYBACK_ONSET 314 96 5 ball
1502559118317841 AUDIO_PLAYBACK_ONSET _ 96 END_OF_WAV
1502559118447196 AUDIO_PLAYBACK_DONE 96.wav
1502559119447156 AUDIO_PLAYBACK_ONSET 315 97 1 they
1502559119643171 AUDIO_PLAYBACK_ONSET 316 97 2 kissed
1502559119976304 AUDIO_PLAYBACK_ONSET 317 97 3 the
1502559120092900 AUDIO_PLAYBACK_ONSET 318 97 4 clowns
1502559120900190 AUDIO_PLAYBACK_ONSET _ 97 END_OF_WAV
1502559121099429 AUDIO_PLAYBACK_DONE 97.wav
1502559122099389 AUDIO_PLAYBACK_ONSET 319 98 1 the
1502559122222130 AUDIO_PLAYBACK_ONSET 320 98 2 boy
1502559122543644 AUDIO_PLAYBACK_ONSET 321 98 3 bloomed
1502559123211126 AUDIO_PLAYBACK_ONSET _ 98 END_OF_WAV
1502559123447000 AUDIO_PLAYBACK_DONE 98.wav
1502559124446960 AUDIO_PLAYBACK_ONSET 322 99 1 they
1502559124737692 AUDIO_PLAYBACK_ONSET 323 99 2 cough
1502559125435246 AUDIO_PLAYBACK_ONSET _ 99 END_OF_WAV
1502559125540682 AUDIO_PLAYBACK_DONE 99.wav
1502559126540642 AUDIO_PLAYBACK_ONSET 324 100 1 she
1502559126864375 AUDIO_PLAYBACK_ONSET 325 100 2 fell
1502559127371845 AUDIO_PLAYBACK_ONSET _ 100 END_OF_WAV
1502559127415597 AUDIO_PLAYBACK_DONE 100.wav
1502559128415557 AUDIO_PLAYBACK_ONSET 326 101 1 she
1502559128800900 AUDIO_PLAYBACK_ONSET 327 101 2 cries
1502559129540020 AUDIO_PLAYBACK_ONSET _ 101 END_OF_WAV
1502559129649863 AUDIO_PLAYBACK_DONE 101.wav
1502559130649823 AUDIO_PLAYBACK_ONSET 328 102 1 we
1502559130800330 AUDIO_PLAYBACK_ONSET 329 102 2 heard
1502559131064883 AUDIO_PLAYBACK_ONSET 330 102 3 that
1502559131173060 AUDIO_PLAYBACK_ONSET 331 102 4 she
1502559131391557 AUDIO_PLAYBACK_ONSET 332 102 5 sneezed
1502559132203422 AUDIO_PLAYBACK_ONSET _ 102 END_OF_WAV
1502559132243504 AUDIO_PLAYBACK_DONE 102.wav
1502559133243464 AUDIO_PLAYBACK_ONSET 333 103 1 she
1502559133530861 AUDIO_PLAYBACK_ONSET 334 103 2 scratched
1502559134588773 AUDIO_PLAYBACK_ONSET _ 103 END_OF_WAV
1502559134634020 AUDIO_PLAYBACK_DONE 103.wav
1502559135633980 AUDIO_PLAYBACK_ONSET 335 104 1 they
1502559135876987 AUDIO_PLAYBACK_ONSET 336 104 2 heared
1502559136157647 AUDIO_PLAYBACK_ONSET 337 104 3 that
1502559136262485 AUDIO_PLAYBACK_ONSET 338 104 4 she
1502559136460148 AUDIO_PLAYBACK_ONSET 339 104 5 laughed
1502559137233328 AUDIO_PLAYBACK_ONSET _ 104 END_OF_WAV
1502559137258906 AUDIO_PLAYBACK_DONE 104.wav
1502559138258866 AUDIO_PLAYBACK_ONSET 340 105 1 the
1502559138402170 AUDIO_PLAYBACK_ONSET 341 105 2 boys
1502559138704245 AUDIO_PLAYBACK_ONSET 342 105 3 winked
1502559139374524 AUDIO_PLAYBACK_ONSET _ 105 END_OF_WAV
1502559139473671 AUDIO_PLAYBACK_DONE 105.wav
1502559140473631 AUDIO_PLAYBACK_ONSET 343 106 1 they
1502559140786117 AUDIO_PLAYBACK_ONSET 344 106 2 vanish
1502559141624813 AUDIO_PLAYBACK_ONSET _ 106 END_OF_WAV
1502559141692314 AUDIO_PLAYBACK_DONE 106.wav
1502559142692274 AUDIO_PLAYBACK_ONSET 345 107 1 they
1502559142835848 AUDIO_PLAYBACK_ONSET 346 107 2 were
1502559142987614 AUDIO_PLAYBACK_ONSET 347 107 3 loved
1502559143739402 AUDIO_PLAYBACK_ONSET _ 107 END_OF_WAV
1502559143856287 AUDIO_PLAYBACK_DONE 107.wav
1502559144856247 AUDIO_PLAYBACK_ONSET 348 108 1 she
1502559145109148 AUDIO_PLAYBACK_ONSET 349 108 2 arrives
1502559146017916 AUDIO_PLAYBACK_ONSET _ 108 END_OF_WAV
1502559146340546 AUDIO_PLAYBACK_DONE 108.wav
1502559147340506 AUDIO_PLAYBACK_ONSET 350 109 1 the
1502559147508079 AUDIO_PLAYBACK_ONSET 351 109 2 boy
1502559147724681 AUDIO_PLAYBACK_ONSET 352 109 3 was
1502559147993733 AUDIO_PLAYBACK_ONSET 353 109 4 pushed
1502559148675591 AUDIO_PLAYBACK_ONSET _ 109 END_OF_WAV
1502559148785757 AUDIO_PLAYBACK_DONE 109.wav
1502559149785717 AUDIO_PLAYBACK_ONSET 354 110 1 The
1502559149915916 AUDIO_PLAYBACK_ONSET 355 110 2 cake
1502559150157746 AUDIO_PLAYBACK_ONSET 356 110 3 was
1502559150322397 AUDIO_PLAYBACK_ONSET 357 110 4 overcooked
1502559151277368 AUDIO_PLAYBACK_ONSET _ 110 END_OF_WAV
1502559151316907 AUDIO_PLAYBACK_DONE 110.wav
1502559150862822 KEY_PRESS l
1502559151086819 KEY_PRESS l
1502559152316867 AUDIO_PLAYBACK_ONSET 358 111 1 he
1502559152604912 AUDIO_PLAYBACK_ONSET 359 111 2 jumped
1502559153300643 AUDIO_PLAYBACK_ONSET _ 111 END_OF_WAV
1502559153598063 AUDIO_PLAYBACK_DONE 111.wav
1502559154598023 AUDIO_PLAYBACK_ONSET 360 112 1 who
1502559154751458 AUDIO_PLAYBACK_ONSET 361 112 2 appeared?
1502559155430629 AUDIO_PLAYBACK_ONSET _ 112 END_OF_WAV
1502559155535473 AUDIO_PLAYBACK_DONE 112.wav
1502559156535433 AUDIO_PLAYBACK_ONSET 362 113 1 What
1502559156701311 AUDIO_PLAYBACK_ONSET 363 113 2 will
1502559156847919 AUDIO_PLAYBACK_ONSET 364 113 3 the
1502559156991251 AUDIO_PLAYBACK_ONSET 365 113 4 boy
1502559157172259 AUDIO_PLAYBACK_ONSET 366 113 5 smell?
1502559157706272 AUDIO_PLAYBACK_ONSET _ 113 END_OF_WAV
1502559157754139 AUDIO_PLAYBACK_DONE 113.wav
1502559158754099 AUDIO_PLAYBACK_ONSET 367 114 1 she
1502559158956114 AUDIO_PLAYBACK_ONSET 368 114 2 saw
1502559159139442 AUDIO_PLAYBACK_ONSET 369 114 3 him
1502559159356782 AUDIO_PLAYBACK_ONSET 370 114 4 coming
1502559159835426 AUDIO_PLAYBACK_ONSET _ 114 END_OF_WAV
1502559159988404 AUDIO_PLAYBACK_DONE 114.wav
1502559160988364 AUDIO_PLAYBACK_ONSET 371 115 1 she
1502559161145975 AUDIO_PLAYBACK_ONSET 372 115 2 discovered
1502559161703875 AUDIO_PLAYBACK_ONSET 373 115 3 that
1502559161886218 AUDIO_PLAYBACK_ONSET 374 115 4 they
1502559162025089 AUDIO_PLAYBACK_ONSET 375 115 5 cough
1502559162645783 AUDIO_PLAYBACK_ONSET _ 115 END_OF_WAV
1502559162785166 AUDIO_PLAYBACK_DONE 115.wav
1502559163785126 AUDIO_PLAYBACK_ONSET 376 116 1 who
1502559163939025 AUDIO_PLAYBACK_ONSET 377 116 2 vanished?
1502559164778024 AUDIO_PLAYBACK_ONSET _ 116 END_OF_WAV
1502559164847601 AUDIO_PLAYBACK_DONE 116.wav
1502559165847561 AUDIO_PLAYBACK_ONSET 378 117 1 the
1502559165914577 AUDIO_PLAYBACK_ONSET 379 117 2 women
1502559166166843 AUDIO_PLAYBACK_ONSET 380 117 3 hug
1502559166438515 AUDIO_PLAYBACK_ONSET 381 117 4 the
1502559166498578 AUDIO_PLAYBACK_ONSET 382 117 5 friend
1502559167171287 AUDIO_PLAYBACK_ONSET _ 117 END_OF_WAV
1502559167222517 AUDIO_PLAYBACK_DONE 117.wav
1502559168222477 AUDIO_PLAYBACK_ONSET 383 118 1 the
1502559168305664 AUDIO_PLAYBACK_ONSET 384 118 2 woman
1502559168582877 AUDIO_PLAYBACK_ONSET 385 118 3 was
1502559168850010 AUDIO_PLAYBACK_ONSET 386 118 4 pinched
1502559169683667 AUDIO_PLAYBACK_ONSET _ 118 END_OF_WAV
1502559169722397 AUDIO_PLAYBACK_DONE 118.wav
1502559170722357 AUDIO_PLAYBACK_ONSET 387 119 1 she
1502559170954326 AUDIO_PLAYBACK_ONSET 388 119 2 was
1502559171188992 AUDIO_PLAYBACK_ONSET 389 119 3 kicked
1502559171858801 AUDIO_PLAYBACK_ONSET _ 119 END_OF_WAV
1502559171878571 AUDIO_PLAYBACK_DONE 119.wav
1502559172878531 AUDIO_PLAYBACK_ONSET 390 120 1 they
1502559173016695 AUDIO_PLAYBACK_ONSET 391 120 2 caught
1502559173176189 AUDIO_PLAYBACK_ONSET 392 120 3 him
1502559173318252 AUDIO_PLAYBACK_ONSET 393 120 4 stealing
1502559174025082 AUDIO_PLAYBACK_ONSET _ 120 END_OF_WAV
1502559174175350 AUDIO_PLAYBACK_DONE 120.wav
1502559175175310 AUDIO_PLAYBACK_ONSET 394 121 1 What
1502559175339078 AUDIO_PLAYBACK_ONSET 395 121 2 did
1502559175460801 AUDIO_PLAYBACK_ONSET 396 121 3 the
1502559175566100 AUDIO_PLAYBACK_ONSET 397 121 4 girls
1502559175855915 AUDIO_PLAYBACK_ONSET 398 121 5 find?
1502559176459697 AUDIO_PLAYBACK_ONSET _ 121 END_OF_WAV
1502559176612737 AUDIO_PLAYBACK_DONE 121.wav
1502559177612697 AUDIO_PLAYBACK_ONSET 399 122 1 the
1502559177753574 AUDIO_PLAYBACK_ONSET 400 122 2 girl
1502559178002562 AUDIO_PLAYBACK_ONSET 401 122 3 crawls
1502559178697655 AUDIO_PLAYBACK_ONSET _ 122 END_OF_WAV
1502559178800135 AUDIO_PLAYBACK_DONE 122.wav
1502559179800095 AUDIO_PLAYBACK_ONSET 402 123 1 Who
1502559179873764 AUDIO_PLAYBACK_ONSET 403 123 2 will
1502559179987937 AUDIO_PLAYBACK_ONSET 404 123 3 the
1502559180119542 AUDIO_PLAYBACK_ONSET 405 123 4 boys
1502559180421971 AUDIO_PLAYBACK_ONSET 406 123 5 kiss?
1502559181053847 AUDIO_PLAYBACK_ONSET _ 123 END_OF_WAV
1502559181096915 AUDIO_PLAYBACK_DONE 123.wav
1502559182096875 AUDIO_PLAYBACK_ONSET 407 124 1 who
1502559182205058 AUDIO_PLAYBACK_ONSET 408 124 2 disappeared?
1502559182959861 AUDIO_PLAYBACK_ONSET _ 124 END_OF_WAV
1502559183081213 AUDIO_PLAYBACK_DONE 124.wav
1502559182893554 KEY_PRESS l
1502559183037555 KEY_PRESS l
1502559184081173 AUDIO_PLAYBACK_ONSET 409 125 1 we
1502559184193468 AUDIO_PLAYBACK_ONSET 410 125 2 believed
1502559184458838 AUDIO_PLAYBACK_ONSET 411 125 3 that
1502559184585853 AUDIO_PLAYBACK_ONSET 412 125 4 he
1502559184709844 AUDIO_PLAYBACK_ONSET 413 125 5 cried
1502559185183125 AUDIO_PLAYBACK_ONSET _ 125 END_OF_WAV
1502559185206120 AUDIO_PLAYBACK_DONE 125.wav
1502559186206080 AUDIO_PLAYBACK_ONSET 414 126 1 the
1502559186295352 AUDIO_PLAYBACK_ONSET 415 126 2 host
1502559186597212 AUDIO_PLAYBACK_ONSET 416 126 3 will
1502559186761693 AUDIO_PLAYBACK_ONSET 417 126 4 eat
1502559187294388 AUDIO_PLAYBACK_ONSET _ 126 END_OF_WAV
1502559187596659 AUDIO_PLAYBACK_DONE 126.wav
1502559187565363 KEY_PRESS l
1502559188596620 AUDIO_PLAYBACK_ONSET 418 127 1 the
1502559188689004 AUDIO_PLAYBACK_ONSET 419 127 2 woman
1502559188987888 AUDIO_PLAYBACK_ONSET 420 127 3 will
1502559189077474 AUDIO_PLAYBACK_ONSET 421 127 4 speak
1502559189771965 AUDIO_PLAYBACK_ONSET _ 127 END_OF_WAV
1502559189776255 AUDIO_PLAYBACK_DONE 127.wav
1502559187765358 KEY_PRESS l
1502559190776215 AUDIO_PLAYBACK_ONSET 422 128 1 Whom
1502559191000720 AUDIO_PLAYBACK_ONSET 423 128 2 will
1502559191087161 AUDIO_PLAYBACK_ONSET 424 128 3 the
1502559191186833 AUDIO_PLAYBACK_ONSET 425 128 4 women
1502559191448803 AUDIO_PLAYBACK_ONSET 426 128 5 hug?
1502559191928639 AUDIO_PLAYBACK_ONSET _ 128 END_OF_WAV
1502559192088660 AUDIO_PLAYBACK_DONE 128.wav
1502559193088620 AUDIO_PLAYBACK_ONSET 427 129 1 who
1502559193257618 AUDIO_PLAYBACK_ONSET 428 129 2 smiles?
1502559194068093 AUDIO_PLAYBACK_ONSET _ 129 END_OF_WAV
1502559194213564 AUDIO_PLAYBACK_DONE 129.wav
1502559195213524 AUDIO_PLAYBACK_ONSET 429 130 1 they
1502559195430091 AUDIO_PLAYBACK_ONSET 430 130 2 coughed
1502559196190420 AUDIO_PLAYBACK_ONSET _ 130 END_OF_WAV
1502559196525969 AUDIO_PLAYBACK_DONE 130.wav
1502559197525929 AUDIO_PLAYBACK_ONSET 431 131 1 who
1502559197732644 AUDIO_PLAYBACK_ONSET 432 131 2 cried?
1502559198331259 AUDIO_PLAYBACK_ONSET _ 131 END_OF_WAV
1502559198400885 AUDIO_PLAYBACK_DONE 131.wav
1502559199400845 AUDIO_PLAYBACK_ONSET 433 132 1 the
1502559199528259 AUDIO_PLAYBACK_ONSET 434 132 2 boys
1502559199803642 AUDIO_PLAYBACK_ONSET 435 132 3 kissed
1502559200095287 AUDIO_PLAYBACK_ONSET 436 132 4 the
1502559200193948 AUDIO_PLAYBACK_ONSET 437 132 5 clowns
1502559200964803 AUDIO_PLAYBACK_ONSET _ 132 END_OF_WAV
1502559201014048 AUDIO_PLAYBACK_DONE 132.wav
1502559202014008 AUDIO_PLAYBACK_ONSET 438 133 1 who
1502559202104625 AUDIO_PLAYBACK_ONSET 439 133 2 found
1502559202394704 AUDIO_PLAYBACK_ONSET 440 133 3 the
1502559202506273 AUDIO_PLAYBACK_ONSET 441 133 4 bikes?
1502559203277439 AUDIO_PLAYBACK_ONSET _ 133 END_OF_WAV
1502559203342077 AUDIO_PLAYBACK_DONE 133.wav
1502559204342037 AUDIO_PLAYBACK_ONSET 442 134 1 who
1502559204537996 AUDIO_PLAYBACK_ONSET 443 134 2 crawled?
1502559205098495 AUDIO_PLAYBACK_ONSET _ 134 END_OF_WAV
1502559205131055 AUDIO_PLAYBACK_DONE 134.wav
1502559206131015 AUDIO_PLAYBACK_ONSET 444 135 1 the
1502559206276154 AUDIO_PLAYBACK_ONSET 445 135 2 boy
1502559206425155 AUDIO_PLAYBACK_ONSET 446 135 3 heard
1502559206697028 AUDIO_PLAYBACK_ONSET 447 135 4 the
1502559206736573 AUDIO_PLAYBACK_ONSET 448 135 5 men
1502559207142617 AUDIO_PLAYBACK_ONSET _ 135 END_OF_WAV
1502559207181768 AUDIO_PLAYBACK_DONE 135.wav
1502559208181728 AUDIO_PLAYBACK_ONSET 449 136 1 who
1502559208314884 AUDIO_PLAYBACK_ONSET 450 136 2 kissed
1502559208597454 AUDIO_PLAYBACK_ONSET 451 136 3 the
1502559208713742 AUDIO_PLAYBACK_ONSET 452 136 4 clowns?
1502559209589706 AUDIO_PLAYBACK_ONSET _ 136 END_OF_WAV
1502559209798829 AUDIO_PLAYBACK_DONE 136.wav
1502559210798789 AUDIO_PLAYBACK_ONSET 453 137 1 the
1502559210939755 AUDIO_PLAYBACK_ONSET 454 137 2 boys
1502559211250309 AUDIO_PLAYBACK_ONSET 455 137 3 vanished
1502559212113172 AUDIO_PLAYBACK_ONSET _ 137 END_OF_WAV
1502559212220594 AUDIO_PLAYBACK_DONE 137.wav
1502559213220554 AUDIO_PLAYBACK_ONSET 456 138 1 he
1502559213319623 AUDIO_PLAYBACK_ONSET 457 138 2 shaved
1502559214209016 AUDIO_PLAYBACK_ONSET _ 138 END_OF_WAV
1502559214423615 AUDIO_PLAYBACK_DONE 138.wav
1502559215423575 AUDIO_PLAYBACK_ONSET 458 139 1 he
1502559215504859 AUDIO_PLAYBACK_ONSET 459 139 2 saw
1502559215775996 AUDIO_PLAYBACK_ONSET 460 139 3 her
1502559215897294 AUDIO_PLAYBACK_ONSET 461 139 4 winking
1502559216495856 AUDIO_PLAYBACK_ONSET _ 139 END_OF_WAV
1502559216603212 AUDIO_PLAYBACK_DONE 139.wav
1502559217603172 AUDIO_PLAYBACK_ONSET 462 140 1 the
1502559217693175 AUDIO_PLAYBACK_ONSET 463 140 2 actors
1502559218009181 AUDIO_PLAYBACK_ONSET 464 140 3 were
1502559218109063 AUDIO_PLAYBACK_ONSET 465 140 4 scorned
1502559218822877 AUDIO_PLAYBACK_ONSET _ 140 END_OF_WAV
1502559218884368 AUDIO_PLAYBACK_DONE 140.wav
1502559219884328 AUDIO_PLAYBACK_ONSET 466 141 1 who
1502559220029286 AUDIO_PLAYBACK_ONSET 467 141 2 collapsed?
1502559220934865 AUDIO_PLAYBACK_ONSET _ 141 END_OF_WAV
1502559220954582 AUDIO_PLAYBACK_DONE 141.wav
1502559221954542 AUDIO_PLAYBACK_ONSET 468 142 1 he
1502559222092005 AUDIO_PLAYBACK_ONSET 469 142 2 undressed
1502559223002120 AUDIO_PLAYBACK_ONSET _ 142 END_OF_WAV
1502559223399790 AUDIO_PLAYBACK_DONE 142.wav
1502559224399750 AUDIO_PLAYBACK_ONSET 470 143 1 he
1502559224517270 AUDIO_PLAYBACK_ONSET 471 143 2 was
1502559224759022 AUDIO_PLAYBACK_ONSET 472 143 3 kissed
1502559225445238 AUDIO_PLAYBACK_ONSET _ 143 END_OF_WAV
1502559225516871 AUDIO_PLAYBACK_DONE 143.wav
1502559226516831 AUDIO_PLAYBACK_ONSET 473 144 1 the
1502559226638136 AUDIO_PLAYBACK_ONSET 474 144 2 girls
1502559226928331 AUDIO_PLAYBACK_ONSET 475 144 3 arrive
1502559227679840 AUDIO_PLAYBACK_ONSET _ 144 END_OF_WAV
1502559227829274 AUDIO_PLAYBACK_DONE 144.wav
1502559228829234 AUDIO_PLAYBACK_ONSET 476 145 1 he
1502559228913834 AUDIO_PLAYBACK_ONSET 477 145 2 smelled
1502559229290458 AUDIO_PLAYBACK_ONSET 478 145 3 the
1502559229351204 AUDIO_PLAYBACK_ONSET 479 145 4 flowers
1502559230192300 AUDIO_PLAYBACK_ONSET _ 145 END_OF_WAV
1502559230219794 AUDIO_PLAYBACK_DONE 145.wav
1502559229779667 KEY_PRESS l
1502559230035662 KEY_PRESS l
1502559231219754 AUDIO_PLAYBACK_ONSET 480 146 1 he
1502559231303403 AUDIO_PLAYBACK_ONSET 481 146 2 said
1502559231563986 AUDIO_PLAYBACK_ONSET 482 146 3 that
1502559231640682 AUDIO_PLAYBACK_ONSET 483 146 4 she
1502559231826416 AUDIO_PLAYBACK_ONSET 484 146 5 smiled
1502559232420582 AUDIO_PLAYBACK_ONSET _ 146 END_OF_WAV
1502559232594710 AUDIO_PLAYBACK_DONE 146.wav
1502559233594670 AUDIO_PLAYBACK_ONSET 485 147 1 the
1502559233731391 AUDIO_PLAYBACK_ONSET 486 147 2 boys
1502559234073818 AUDIO_PLAYBACK_ONSET 487 147 3 tickle
1502559234332682 AUDIO_PLAYBACK_ONSET 488 147 4 the
1502559234467109 AUDIO_PLAYBACK_ONSET 489 147 5 girl
1502559234917623 AUDIO_PLAYBACK_ONSET _ 147 END_OF_WAV
1502559234946160 AUDIO_PLAYBACK_DONE 147.wav
1502559235946120 AUDIO_PLAYBACK_ONSET 490 148 1 The
1502559236062243 AUDIO_PLAYBACK_ONSET 491 148 2 grandpa
1502559236411821 AUDIO_PLAYBACK_ONSET 492 148 3 ate
1502559236653378 AUDIO_PLAYBACK_ONSET 493 148 4 the
1502559236742686 AUDIO_PLAYBACK_ONSET 494 148 5 meal
1502559237179871 AUDIO_PLAYBACK_ONSET _ 148 END_OF_WAV
1502559237211696 AUDIO_PLAYBACK_DONE 148.wav
1502559238211656 AUDIO_PLAYBACK_ONSET 495 149 1 the
1502559238320076 AUDIO_PLAYBACK_ONSET 496 149 2 girl
1502559238581938 AUDIO_PLAYBACK_ONSET 497 149 3 cries
1502559239349654 AUDIO_PLAYBACK_ONSET _ 149 END_OF_WAV
1502559239367870 AUDIO_PLAYBACK_DONE 149.wav
1502559237883371 KEY_PRESS l
1502559238035347 KEY_PRESS l
1502559240367830 AUDIO_PLAYBACK_ONSET 498 150 1 What
1502559240500999 AUDIO_PLAYBACK_ONSET 499 150 2 did
1502559240664806 AUDIO_PLAYBACK_ONSET 500 150 3 the
1502559240783252 AUDIO_PLAYBACK_ONSET 501 150 4 boy
1502559240970580 AUDIO_PLAYBACK_ONSET 502 150 5 smell?
1502559241545167 AUDIO_PLAYBACK_ONSET _ 150 END_OF_WAV
1502559241617758 AUDIO_PLAYBACK_DONE 150.wav
1502559242617718 AUDIO_PLAYBACK_ONSET 503 151 1 He
1502559242724816 AUDIO_PLAYBACK_ONSET 504 151 2 heard
1502559242960450 AUDIO_PLAYBACK_ONSET 505 151 3 her
1502559243151730 AUDIO_PLAYBACK_ONSET 506 151 4 play
1502559243633394 AUDIO_PLAYBACK_ONSET _ 151 END_OF_WAV
1502559243648926 AUDIO_PLAYBACK_DONE 151.wav
1502559241867196 KEY_PRESS l
1502559242059181 KEY_PRESS l
1502559244648886 AUDIO_PLAYBACK_ONSET 507 152 1 she
1502559244983437 AUDIO_PLAYBACK_ONSET 508 152 2 dressed
1502559245608938 AUDIO_PLAYBACK_ONSET _ 152 END_OF_WAV
1502559245711362 AUDIO_PLAYBACK_DONE 152.wav
