1502559670533798 CHEETAH_SIGNAL SENT_AFTER_TIME 106486.009778
1502559672367444 CHEETAH_SIGNAL SENT_AFTER_TIME 106487.843451
1502559672431872 CHEETAH_SIGNAL SENT_AFTER_TIME 106487.907368
1502559672429300 DISPLAY_INSTRUCTIONS Stimuli/instructions_audio_sentences.png
1502559677372937 KEY_PRESS space
1502559677374384 CHEETAH_SIGNAL SENT_AFTER_TIME 106492.850459
1502559677464303 CHEETAH_SIGNAL SENT_AFTER_TIME 106492.940111
1502559677462369 DISPLAY_INSTRUCTIONS OFF
1502559677509188 CHEETAH_SIGNAL SENT_AFTER_TIME 106492.985303
1502559677543021 CHEETAH_SIGNAL SENT_AFTER_TIME 106493.018818
1502559677580459 CHEETAH_SIGNAL SENT_AFTER_TIME 106493.056635
1502559677579082 DISPLAY_FIXATION
1502559680804250 AUDIO_PLAYBACK_ONSET 1 8 1 he
1502559680915661 AUDIO_PLAYBACK_ONSET 2 8 2 will
1502559681078184 AUDIO_PLAYBACK_ONSET 3 8 3 sneeze
1502559681939955 AUDIO_PLAYBACK_ONSET _ 8 END_OF_WAV
1502559681983908 AUDIO_PLAYBACK_DONE 8.wav
1502559677369686 KEY_PRESS space
1502559677577732 KEY_PRESS space
1502559682983868 AUDIO_PLAYBACK_ONSET 4 64 1 who
1502559683139681 AUDIO_PLAYBACK_ONSET 5 64 2 remains?
1502559683961960 AUDIO_PLAYBACK_ONSET _ 64 END_OF_WAV
1502559683968207 AUDIO_PLAYBACK_DONE 64.wav
1502559684968167 AUDIO_PLAYBACK_ONSET 6 134 1 who
1502559685164126 AUDIO_PLAYBACK_ONSET 7 134 2 crawled?
1502559685724625 AUDIO_PLAYBACK_ONSET _ 134 END_OF_WAV
1502559685757189 AUDIO_PLAYBACK_DONE 134.wav
1502559686757149 AUDIO_PLAYBACK_ONSET 8 44 1 The
1502559686825404 AUDIO_PLAYBACK_ONSET 9 44 2 salad
1502559687180532 AUDIO_PLAYBACK_ONSET 10 44 3 is
1502559687353706 AUDIO_PLAYBACK_ONSET 11 44 4 tasty
1502559687929891 AUDIO_PLAYBACK_ONSET _ 44 END_OF_WAV
1502559687944588 AUDIO_PLAYBACK_DONE 44.wav
1502559688944548 AUDIO_PLAYBACK_ONSET 12 46 1 they
1502559689117012 AUDIO_PLAYBACK_ONSET 13 46 2 tickle
1502559689416909 AUDIO_PLAYBACK_ONSET 14 46 3 the
1502559689569000 AUDIO_PLAYBACK_ONSET 15 46 4 girl
1502559689987429 AUDIO_PLAYBACK_ONSET _ 46 END_OF_WAV
1502559690007000 AUDIO_PLAYBACK_DONE 46.wav
1502559688025374 KEY_PRESS l
1502559688305331 KEY_PRESS l
1502559691006960 AUDIO_PLAYBACK_ONSET 16 99 1 they
1502559691297692 AUDIO_PLAYBACK_ONSET 17 99 2 cough
1502559691995246 AUDIO_PLAYBACK_ONSET _ 99 END_OF_WAV
1502559692100662 AUDIO_PLAYBACK_DONE 99.wav
1502559693100622 AUDIO_PLAYBACK_ONSET 18 125 1 we
1502559693212917 AUDIO_PLAYBACK_ONSET 19 125 2 believed
1502559693478287 AUDIO_PLAYBACK_ONSET 20 125 3 that
1502559693605302 AUDIO_PLAYBACK_ONSET 21 125 4 he
1502559693729293 AUDIO_PLAYBACK_ONSET 22 125 5 cried
1502559694202574 AUDIO_PLAYBACK_ONSET _ 125 END_OF_WAV
1502559694225592 AUDIO_PLAYBACK_DONE 125.wav
1502559695225552 AUDIO_PLAYBACK_ONSET 23 139 1 he
1502559695306836 AUDIO_PLAYBACK_ONSET 24 139 2 saw
1502559695577973 AUDIO_PLAYBACK_ONSET 25 139 3 her
1502559695699271 AUDIO_PLAYBACK_ONSET 26 139 4 winking
1502559696297833 AUDIO_PLAYBACK_ONSET _ 139 END_OF_WAV
1502559696405189 AUDIO_PLAYBACK_DONE 139.wav
1502559697405149 AUDIO_PLAYBACK_ONSET 27 146 1 he
1502559697488798 AUDIO_PLAYBACK_ONSET 28 146 2 said
1502559697749381 AUDIO_PLAYBACK_ONSET 29 146 3 that
1502559697826077 AUDIO_PLAYBACK_ONSET 30 146 4 she
1502559698011811 AUDIO_PLAYBACK_ONSET 31 146 5 smiled
1502559698605977 AUDIO_PLAYBACK_ONSET _ 146 END_OF_WAV
1502559698780086 AUDIO_PLAYBACK_DONE 146.wav
1502559699780046 AUDIO_PLAYBACK_ONSET 32 59 1 who
1502559699947975 AUDIO_PLAYBACK_ONSET 33 59 2 arrives?
1502559700746735 AUDIO_PLAYBACK_ONSET _ 59 END_OF_WAV
1502559701084668 AUDIO_PLAYBACK_DONE 59.wav
1502559702084628 AUDIO_PLAYBACK_ONSET 34 121 1 What
1502559702248396 AUDIO_PLAYBACK_ONSET 35 121 2 did
1502559702370119 AUDIO_PLAYBACK_ONSET 36 121 3 the
1502559702475418 AUDIO_PLAYBACK_ONSET 37 121 4 girls
1502559702765233 AUDIO_PLAYBACK_ONSET 38 121 5 find?
1502559703369015 AUDIO_PLAYBACK_ONSET _ 121 END_OF_WAV
1502559703522056 AUDIO_PLAYBACK_DONE 121.wav
1502559704522016 AUDIO_PLAYBACK_ONSET 39 1 1 he
1502559704615241 AUDIO_PLAYBACK_ONSET 40 1 2 smiles
1502559705396145 AUDIO_PLAYBACK_ONSET _ 1 END_OF_WAV
1502559705396974 AUDIO_PLAYBACK_DONE 1.wav
1502559706396934 AUDIO_PLAYBACK_ONSET 41 144 1 the
1502559706518239 AUDIO_PLAYBACK_ONSET 42 144 2 girls
1502559706808434 AUDIO_PLAYBACK_ONSET 43 144 3 arrive
1502559707559943 AUDIO_PLAYBACK_ONSET _ 144 END_OF_WAV
1502559707709377 AUDIO_PLAYBACK_DONE 144.wav
1502559708709337 AUDIO_PLAYBACK_ONSET 44 60 1 the
1502559708852410 AUDIO_PLAYBACK_ONSET 45 60 2 boy
1502559709011621 AUDIO_PLAYBACK_ONSET 46 60 3 smelled
1502559709359970 AUDIO_PLAYBACK_ONSET 47 60 4 the
1502559709425809 AUDIO_PLAYBACK_ONSET 48 60 5 flowers
1502559710293688 AUDIO_PLAYBACK_ONSET _ 60 END_OF_WAV
1502559710490518 AUDIO_PLAYBACK_DONE 60.wav
1502559711490478 AUDIO_PLAYBACK_ONSET 49 27 1 Who
1502559711690662 AUDIO_PLAYBACK_ONSET 50 27 2 did
1502559711873246 AUDIO_PLAYBACK_ONSET 51 27 3 the
1502559712024076 AUDIO_PLAYBACK_ONSET 52 27 4 boys
1502559712391512 AUDIO_PLAYBACK_ONSET 53 27 5 kiss?
1502559713088960 AUDIO_PLAYBACK_ONSET _ 27 END_OF_WAV
1502559713177897 AUDIO_PLAYBACK_DONE 27.wav
1502559714177857 AUDIO_PLAYBACK_ONSET 54 93 1 who
1502559714301635 AUDIO_PLAYBACK_ONSET 55 93 2 smelled
1502559714687671 AUDIO_PLAYBACK_ONSET 56 93 3 the
1502559714750822 AUDIO_PLAYBACK_ONSET 57 93 4 flowers?
1502559715640029 AUDIO_PLAYBACK_ONSET _ 93 END_OF_WAV
1502559715693425 AUDIO_PLAYBACK_DONE 93.wav
1502559716693385 AUDIO_PLAYBACK_ONSET 58 122 1 the
1502559716834262 AUDIO_PLAYBACK_ONSET 59 122 2 girl
1502559717083250 AUDIO_PLAYBACK_ONSET 60 122 3 crawls
1502559717778343 AUDIO_PLAYBACK_ONSET _ 122 END_OF_WAV
1502559717880825 AUDIO_PLAYBACK_DONE 122.wav
1502559718880785 AUDIO_PLAYBACK_ONSET 61 138 1 he
1502559718979854 AUDIO_PLAYBACK_ONSET 62 138 2 shaved
1502559719869247 AUDIO_PLAYBACK_ONSET _ 138 END_OF_WAV
1502559720083847 AUDIO_PLAYBACK_DONE 138.wav
1502559721083807 AUDIO_PLAYBACK_ONSET 63 56 1 we
1502559721208924 AUDIO_PLAYBACK_ONSET 64 56 2 revealed
1502559721581214 AUDIO_PLAYBACK_ONSET 65 56 3 that
1502559721659024 AUDIO_PLAYBACK_ONSET 66 56 4 she
1502559721878089 AUDIO_PLAYBACK_ONSET 67 56 5 jumps
1502559722547254 AUDIO_PLAYBACK_ONSET _ 56 END_OF_WAV
1502559722864988 AUDIO_PLAYBACK_DONE 56.wav
1502559723864948 AUDIO_PLAYBACK_ONSET 68 128 1 Whom
1502559724089453 AUDIO_PLAYBACK_ONSET 69 128 2 will
1502559724175894 AUDIO_PLAYBACK_ONSET 70 128 3 the
1502559724275566 AUDIO_PLAYBACK_ONSET 71 128 4 women
1502559724537536 AUDIO_PLAYBACK_ONSET 72 128 5 hug?
1502559725017372 AUDIO_PLAYBACK_ONSET _ 128 END_OF_WAV
1502559725177394 AUDIO_PLAYBACK_DONE 128.wav
1502559726177354 AUDIO_PLAYBACK_ONSET 73 92 1 she
1502559726554974 AUDIO_PLAYBACK_ONSET 74 92 2 blooms
1502559727364771 AUDIO_PLAYBACK_ONSET _ 92 END_OF_WAV
1502559727427282 AUDIO_PLAYBACK_DONE 92.wav
1502559728427242 AUDIO_PLAYBACK_ONSET 75 71 1 who
1502559728610392 AUDIO_PLAYBACK_ONSET 76 71 2 coughed?
1502559729363735 AUDIO_PLAYBACK_ONSET _ 71 END_OF_WAV
1502559729427180 AUDIO_PLAYBACK_DONE 71.wav
1502559730427140 AUDIO_PLAYBACK_ONSET 77 6 1 Whom
1502559730589961 AUDIO_PLAYBACK_ONSET 78 6 2 did
1502559730744929 AUDIO_PLAYBACK_ONSET 79 6 3 the
1502559730874344 AUDIO_PLAYBACK_ONSET 80 6 4 boy
1502559731085363 AUDIO_PLAYBACK_ONSET 81 6 5 hear?
1502559731567577 AUDIO_PLAYBACK_ONSET _ 6 END_OF_WAV
1502559731653648 AUDIO_PLAYBACK_DONE 6.wav
1502559732653608 AUDIO_PLAYBACK_ONSET 82 104 1 they
1502559732896615 AUDIO_PLAYBACK_ONSET 83 104 2 heared
1502559733177275 AUDIO_PLAYBACK_ONSET 84 104 3 that
1502559733282113 AUDIO_PLAYBACK_ONSET 85 104 4 she
1502559733479776 AUDIO_PLAYBACK_ONSET 86 104 5 laughed
1502559734252956 AUDIO_PLAYBACK_ONSET _ 104 END_OF_WAV
1502559734278558 AUDIO_PLAYBACK_DONE 104.wav
1502559735278518 AUDIO_PLAYBACK_ONSET 87 131 1 who
1502559735485233 AUDIO_PLAYBACK_ONSET 88 131 2 cried?
1502559736083848 AUDIO_PLAYBACK_ONSET _ 131 END_OF_WAV
1502559736153473 AUDIO_PLAYBACK_DONE 131.wav
1502559737153433 AUDIO_PLAYBACK_ONSET 89 12 1 who
1502559737401532 AUDIO_PLAYBACK_ONSET 90 12 2 jumped?
1502559738167968 AUDIO_PLAYBACK_ONSET _ 12 END_OF_WAV
1502559738559618 AUDIO_PLAYBACK_DONE 12.wav
1502559739559578 AUDIO_PLAYBACK_ONSET 91 35 1 she
1502559739950749 AUDIO_PLAYBACK_ONSET 92 35 2 disappears
1502559741041765 AUDIO_PLAYBACK_ONSET _ 35 END_OF_WAV
1502559741122014 AUDIO_PLAYBACK_DONE 35.wav
1502559742121974 AUDIO_PLAYBACK_ONSET 93 41 1 the
1502559742280674 AUDIO_PLAYBACK_ONSET 94 41 2 boy
1502559742468613 AUDIO_PLAYBACK_ONSET 95 41 3 sneezes
1502559743345665 AUDIO_PLAYBACK_ONSET _ 41 END_OF_WAV
1502559743348503 AUDIO_PLAYBACK_DONE 41.wav
1502559744348463 AUDIO_PLAYBACK_ONSET 96 148 1 The
1502559744464586 AUDIO_PLAYBACK_ONSET 97 148 2 grandpa
1502559744814164 AUDIO_PLAYBACK_ONSET 98 148 3 ate
1502559745055721 AUDIO_PLAYBACK_ONSET 99 148 4 the
1502559745145029 AUDIO_PLAYBACK_ONSET 100 148 5 meal
1502559745582214 AUDIO_PLAYBACK_ONSET _ 148 END_OF_WAV
1502559745614038 AUDIO_PLAYBACK_DONE 148.wav
1502559746613998 AUDIO_PLAYBACK_ONSET 101 14 1 the
1502559746794180 AUDIO_PLAYBACK_ONSET 102 14 2 boy
1502559747013621 AUDIO_PLAYBACK_ONSET 103 14 3 remains
1502559747896806 AUDIO_PLAYBACK_ONSET _ 14 END_OF_WAV
1502559747957688 AUDIO_PLAYBACK_DONE 14.wav
1502559745679039 KEY_PRESS l
1502559745943021 KEY_PRESS l
1502559748957648 AUDIO_PLAYBACK_ONSET 104 25 1 they
1502559749250509 AUDIO_PLAYBACK_ONSET 105 25 2 hug
1502559749536795 AUDIO_PLAYBACK_ONSET 106 25 3 the
1502559749638608 AUDIO_PLAYBACK_ONSET 107 25 4 friend
1502559750244446 AUDIO_PLAYBACK_ONSET _ 25 END_OF_WAV
1502559750457571 AUDIO_PLAYBACK_DONE 25.wav
1502559751457531 AUDIO_PLAYBACK_ONSET 108 40 1 he
1502559751796154 AUDIO_PLAYBACK_ONSET 109 40 2 cried
1502559752533251 AUDIO_PLAYBACK_ONSET _ 40 END_OF_WAV
1502559752894961 AUDIO_PLAYBACK_DONE 40.wav
1502559753894921 AUDIO_PLAYBACK_ONSET 110 136 1 who
1502559754028077 AUDIO_PLAYBACK_ONSET 111 136 2 kissed
1502559754310647 AUDIO_PLAYBACK_ONSET 112 136 3 the
1502559754426935 AUDIO_PLAYBACK_ONSET 113 136 4 clowns?
1502559755302899 AUDIO_PLAYBACK_ONSET _ 136 END_OF_WAV
1502559755512023 AUDIO_PLAYBACK_DONE 136.wav
1502559756511983 AUDIO_PLAYBACK_ONSET 114 73 1 she
1502559756730223 AUDIO_PLAYBACK_ONSET 115 73 2 heard
1502559756961992 AUDIO_PLAYBACK_ONSET 116 73 3 them
1502559757149837 AUDIO_PLAYBACK_ONSET 117 73 4 crying
1502559757676924 AUDIO_PLAYBACK_ONSET _ 73 END_OF_WAV
1502559757902542 AUDIO_PLAYBACK_DONE 73.wav
1502559758902502 AUDIO_PLAYBACK_ONSET 118 76 1 the
1502559759036156 AUDIO_PLAYBACK_ONSET 119 76 2 girl
1502559759262843 AUDIO_PLAYBACK_ONSET 120 76 3 disappears
1502559760213696 AUDIO_PLAYBACK_ONSET _ 76 END_OF_WAV
1502559760214949 AUDIO_PLAYBACK_DONE 76.wav
1502559761214909 AUDIO_PLAYBACK_ONSET 121 86 1 What
1502559761403250 AUDIO_PLAYBACK_ONSET 122 86 2 does
1502559761629055 AUDIO_PLAYBACK_ONSET 123 86 3 the
1502559761735784 AUDIO_PLAYBACK_ONSET 124 86 4 girl
1502559761962471 AUDIO_PLAYBACK_ONSET 125 86 5 eat?
1502559762477590 AUDIO_PLAYBACK_ONSET _ 86 END_OF_WAV
1502559762527355 AUDIO_PLAYBACK_DONE 86.wav
1502559763527315 AUDIO_PLAYBACK_ONSET 126 57 1 who
1502559763706933 AUDIO_PLAYBACK_ONSET 127 57 2 eats
1502559763921783 AUDIO_PLAYBACK_ONSET 128 57 3 the
1502559763988976 AUDIO_PLAYBACK_ONSET 129 57 4 salad?
1502559764609471 AUDIO_PLAYBACK_ONSET _ 57 END_OF_WAV
1502559764761623 AUDIO_PLAYBACK_DONE 57.wav
1502559762694400 KEY_PRESS l
1502559762918262 KEY_PRESS l
1502559765761583 AUDIO_PLAYBACK_ONSET 130 23 1 they
1502559766039323 AUDIO_PLAYBACK_ONSET 131 23 2 saw
1502559766366939 AUDIO_PLAYBACK_ONSET 132 23 3 him
1502559766601815 AUDIO_PLAYBACK_ONSET 133 23 4 dance
1502559767262087 AUDIO_PLAYBACK_ONSET _ 23 END_OF_WAV
1502559767261524 AUDIO_PLAYBACK_DONE 23.wav
1502559764902260 KEY_PRESS l
1502559765126254 KEY_PRESS l
1502559768261484 AUDIO_PLAYBACK_ONSET 134 39 1 she
1502559768763646 AUDIO_PLAYBACK_ONSET 135 39 2 excercised
1502559769931733 AUDIO_PLAYBACK_ONSET _ 39 END_OF_WAV
1502559770136425 AUDIO_PLAYBACK_DONE 39.wav
1502559771136385 AUDIO_PLAYBACK_ONSET 136 52 1 he
1502559771280474 AUDIO_PLAYBACK_ONSET 137 52 2 disappeared
1502559772059190 AUDIO_PLAYBACK_ONSET _ 52 END_OF_WAV
1502559772386316 AUDIO_PLAYBACK_DONE 52.wav
1502559773386276 AUDIO_PLAYBACK_ONSET 138 42 1 they
1502559773602704 AUDIO_PLAYBACK_ONSET 139 42 2 winked
1502559774312919 AUDIO_PLAYBACK_ONSET _ 42 END_OF_WAV
1502559774542467 AUDIO_PLAYBACK_DONE 42.wav
1502559775542427 AUDIO_PLAYBACK_ONSET 140 145 1 he
1502559775627027 AUDIO_PLAYBACK_ONSET 141 145 2 smelled
1502559776003651 AUDIO_PLAYBACK_ONSET 142 145 3 the
1502559776064397 AUDIO_PLAYBACK_ONSET 143 145 4 flowers
1502559776905493 AUDIO_PLAYBACK_ONSET _ 145 END_OF_WAV
1502559776932988 AUDIO_PLAYBACK_DONE 145.wav
1502559777932948 AUDIO_PLAYBACK_ONSET 144 109 1 the
1502559778100521 AUDIO_PLAYBACK_ONSET 145 109 2 boy
1502559778317123 AUDIO_PLAYBACK_ONSET 146 109 3 was
1502559778586175 AUDIO_PLAYBACK_ONSET 147 109 4 pushed
1502559779268033 AUDIO_PLAYBACK_ONSET _ 109 END_OF_WAV
1502559779378200 AUDIO_PLAYBACK_DONE 109.wav
1502559780378160 AUDIO_PLAYBACK_ONSET 148 96 1 the
1502559780523964 AUDIO_PLAYBACK_ONSET 149 96 2 girl
1502559780746496 AUDIO_PLAYBACK_ONSET 150 96 3 kicked
1502559781061674 AUDIO_PLAYBACK_ONSET 151 96 4 the
1502559781191560 AUDIO_PLAYBACK_ONSET 152 96 5 ball
1502559781600293 AUDIO_PLAYBACK_ONSET _ 96 END_OF_WAV
1502559781729650 AUDIO_PLAYBACK_DONE 96.wav
1502559782729610 AUDIO_PLAYBACK_ONSET 153 129 1 who
1502559782898608 AUDIO_PLAYBACK_ONSET 154 129 2 smiles?
1502559783709083 AUDIO_PLAYBACK_ONSET _ 129 END_OF_WAV
1502559783854559 AUDIO_PLAYBACK_DONE 129.wav
1502559784854519 AUDIO_PLAYBACK_ONSET 155 33 1 who
1502559785111716 AUDIO_PLAYBACK_ONSET 156 33 2 falls?
1502559785958743 AUDIO_PLAYBACK_ONSET _ 33 END_OF_WAV
1502559785995088 AUDIO_PLAYBACK_DONE 33.wav
1502559786995048 AUDIO_PLAYBACK_ONSET 157 38 1 who
1502559787241762 AUDIO_PLAYBACK_ONSET 158 38 2 sneezes?
1502559788260388 AUDIO_PLAYBACK_ONSET _ 38 END_OF_WAV
1502559788276245 AUDIO_PLAYBACK_DONE 38.wav
1502559789276205 AUDIO_PLAYBACK_ONSET 159 87 1 who
1502559789457767 AUDIO_PLAYBACK_ONSET 160 87 2 kicked
1502559789781332 AUDIO_PLAYBACK_ONSET 161 87 3 the
1502559789931185 AUDIO_PLAYBACK_ONSET 162 87 4 ball?
1502559790311411 AUDIO_PLAYBACK_ONSET _ 87 END_OF_WAV
1502559790385527 AUDIO_PLAYBACK_DONE 87.wav
1502559791385487 AUDIO_PLAYBACK_ONSET 163 108 1 she
1502559791638388 AUDIO_PLAYBACK_ONSET 164 108 2 arrives
1502559792547156 AUDIO_PLAYBACK_ONSET _ 108 END_OF_WAV
1502559792869807 AUDIO_PLAYBACK_DONE 108.wav
1502559793869767 AUDIO_PLAYBACK_ONSET 165 80 1 she
1502559794177339 AUDIO_PLAYBACK_ONSET 166 80 2 crawls
1502559794925122 AUDIO_PLAYBACK_ONSET _ 80 END_OF_WAV
1502559795088449 AUDIO_PLAYBACK_DONE 80.wav
1502559796088409 AUDIO_PLAYBACK_ONSET 167 48 1 she
1502559796303036 AUDIO_PLAYBACK_ONSET 168 48 2 collapsed
1502559797205557 AUDIO_PLAYBACK_ONSET _ 48 END_OF_WAV
1502559797260224 AUDIO_PLAYBACK_DONE 48.wav
1502559798260184 AUDIO_PLAYBACK_ONSET 169 7 1 he
1502559798417873 AUDIO_PLAYBACK_ONSET 170 7 2 arrived
1502559799252145 AUDIO_PLAYBACK_ONSET _ 7 END_OF_WAV
1502559799353907 AUDIO_PLAYBACK_DONE 7.wav
1502559800353867 AUDIO_PLAYBACK_ONSET 171 28 1 the
1502559800464271 AUDIO_PLAYBACK_ONSET 172 28 2 host
1502559800827169 AUDIO_PLAYBACK_ONSET 173 28 3 was
1502559800998537 AUDIO_PLAYBACK_ONSET 174 28 4 warned
1502559801725341 AUDIO_PLAYBACK_ONSET _ 28 END_OF_WAV
1502559801853785 AUDIO_PLAYBACK_DONE 28.wav
1502559802853745 AUDIO_PLAYBACK_ONSET 175 13 1 she
1502559803123266 AUDIO_PLAYBACK_ONSET 176 13 2 sliced
1502559803566855 AUDIO_PLAYBACK_ONSET 177 13 3 the
1502559803643677 AUDIO_PLAYBACK_ONSET 178 13 4 mushrooms
1502559804576699 AUDIO_PLAYBACK_ONSET _ 13 END_OF_WAV
1502559804697417 AUDIO_PLAYBACK_DONE 13.wav
1502559804516618 KEY_PRESS l
1502559805697377 AUDIO_PLAYBACK_ONSET 179 94 1 she
1502559806043444 AUDIO_PLAYBACK_ONSET 180 94 2 kicked
1502559806353860 AUDIO_PLAYBACK_ONSET 181 94 3 the
1502559806501287 AUDIO_PLAYBACK_ONSET 182 94 4 ball
1502559806863302 AUDIO_PLAYBACK_ONSET _ 94 END_OF_WAV
1502559806916059 AUDIO_PLAYBACK_DONE 94.wav
1502559804740634 KEY_PRESS l
1502559807916019 AUDIO_PLAYBACK_ONSET 183 142 1 he
1502559808053482 AUDIO_PLAYBACK_ONSET 184 142 2 undressed
1502559808963597 AUDIO_PLAYBACK_ONSET _ 142 END_OF_WAV
1502559809361291 AUDIO_PLAYBACK_DONE 142.wav
1502559810361251 AUDIO_PLAYBACK_ONSET 185 135 1 the
1502559810506390 AUDIO_PLAYBACK_ONSET 186 135 2 boy
1502559810655391 AUDIO_PLAYBACK_ONSET 187 135 3 heard
1502559810927264 AUDIO_PLAYBACK_ONSET 188 135 4 the
1502559810966809 AUDIO_PLAYBACK_ONSET 189 135 5 men
1502559811372853 AUDIO_PLAYBACK_ONSET _ 135 END_OF_WAV
1502559811411981 AUDIO_PLAYBACK_DONE 135.wav
1502559812411941 AUDIO_PLAYBACK_ONSET 190 79 1 the
1502559812505902 AUDIO_PLAYBACK_ONSET 191 79 2 boy
1502559812730826 AUDIO_PLAYBACK_ONSET 192 79 3 collapses
1502559813685207 AUDIO_PLAYBACK_ONSET _ 79 END_OF_WAV
1502559813724385 AUDIO_PLAYBACK_DONE 79.wav
1502559814724345 AUDIO_PLAYBACK_ONSET 193 78 1 she
1502559814955133 AUDIO_PLAYBACK_ONSET 194 78 2 saw
1502559815193065 AUDIO_PLAYBACK_ONSET 195 78 3 that
1502559815359331 AUDIO_PLAYBACK_ONSET 196 78 4 he
1502559815494064 AUDIO_PLAYBACK_ONSET 197 78 5 crawled
1502559816014839 AUDIO_PLAYBACK_ONSET _ 78 END_OF_WAV
1502559816146152 AUDIO_PLAYBACK_DONE 78.wav
1502559817146112 AUDIO_PLAYBACK_ONSET 198 111 1 he
1502559817434157 AUDIO_PLAYBACK_ONSET 199 111 2 jumped
1502559818129888 AUDIO_PLAYBACK_ONSET _ 111 END_OF_WAV
1502559818427311 AUDIO_PLAYBACK_DONE 111.wav
1502559819427272 AUDIO_PLAYBACK_ONSET 200 91 1 the
1502559819574375 AUDIO_PLAYBACK_ONSET 201 91 2 girl
1502559819783272 AUDIO_PLAYBACK_ONSET 202 91 3 fell
1502559820271714 AUDIO_PLAYBACK_ONSET _ 91 END_OF_WAV
1502559820333473 AUDIO_PLAYBACK_DONE 91.wav
1502559821333433 AUDIO_PLAYBACK_ONSET 203 150 1 What
1502559821466602 AUDIO_PLAYBACK_ONSET 204 150 2 did
1502559821630409 AUDIO_PLAYBACK_ONSET 205 150 3 the
1502559821748855 AUDIO_PLAYBACK_ONSET 206 150 4 boy
1502559821936183 AUDIO_PLAYBACK_ONSET 207 150 5 smell?
1502559822510770 AUDIO_PLAYBACK_ONSET _ 150 END_OF_WAV
1502559822583365 AUDIO_PLAYBACK_DONE 150.wav
1502559823583325 AUDIO_PLAYBACK_ONSET 208 2 1 who
1502559823702314 AUDIO_PLAYBACK_ONSET 209 2 2 hugs
1502559823994712 AUDIO_PLAYBACK_ONSET 210 2 3 the
1502559824075934 AUDIO_PLAYBACK_ONSET 211 2 4 friend?
1502559824614865 AUDIO_PLAYBACK_ONSET _ 2 END_OF_WAV
1502559825005131 AUDIO_PLAYBACK_DONE 2.wav
1502559826005091 AUDIO_PLAYBACK_ONSET 212 117 1 the
1502559826072107 AUDIO_PLAYBACK_ONSET 213 117 2 women
1502559826324373 AUDIO_PLAYBACK_ONSET 214 117 3 hug
1502559826596045 AUDIO_PLAYBACK_ONSET 215 117 4 the
1502559826656108 AUDIO_PLAYBACK_ONSET 216 117 5 friend
1502559827328817 AUDIO_PLAYBACK_ONSET _ 117 END_OF_WAV
1502559827380025 AUDIO_PLAYBACK_DONE 117.wav
1502559828379985 AUDIO_PLAYBACK_ONSET 217 120 1 they
1502559828518149 AUDIO_PLAYBACK_ONSET 218 120 2 caught
1502559828677643 AUDIO_PLAYBACK_ONSET 219 120 3 him
1502559828819706 AUDIO_PLAYBACK_ONSET 220 120 4 stealing
1502559829526536 AUDIO_PLAYBACK_ONSET _ 120 END_OF_WAV
1502559829676808 AUDIO_PLAYBACK_DONE 120.wav
1502559830676768 AUDIO_PLAYBACK_ONSET 221 83 1 What
1502559830812311 AUDIO_PLAYBACK_ONSET 222 83 2 will
1502559831032319 AUDIO_PLAYBACK_ONSET 223 83 3 the
1502559831205830 AUDIO_PLAYBACK_ONSET 224 83 4 girl
1502559831614092 AUDIO_PLAYBACK_ONSET 225 83 5 eat?
1502559832144833 AUDIO_PLAYBACK_ONSET _ 83 END_OF_WAV
1502559832364208 AUDIO_PLAYBACK_DONE 83.wav
1502559832083581 KEY_PRESS l
1502559832323529 KEY_PRESS l
1502559833364168 AUDIO_PLAYBACK_ONSET 226 147 1 the
1502559833500889 AUDIO_PLAYBACK_ONSET 227 147 2 boys
1502559833843316 AUDIO_PLAYBACK_ONSET 228 147 3 tickle
1502559834102180 AUDIO_PLAYBACK_ONSET 229 147 4 the
1502559834236607 AUDIO_PLAYBACK_ONSET 230 147 5 girl
1502559834687121 AUDIO_PLAYBACK_ONSET _ 147 END_OF_WAV
1502559834715661 AUDIO_PLAYBACK_DONE 147.wav
1502559835715621 AUDIO_PLAYBACK_ONSET 231 30 1 Whom
1502559835976224 AUDIO_PLAYBACK_ONSET 232 30 2 will
1502559836183883 AUDIO_PLAYBACK_ONSET 233 30 3 the
1502559836342146 AUDIO_PLAYBACK_ONSET 234 30 4 boy
1502559836570973 AUDIO_PLAYBACK_ONSET 235 30 5 hear?
1502559837184875 AUDIO_PLAYBACK_ONSET _ 30 END_OF_WAV
1502559837215539 AUDIO_PLAYBACK_DONE 30.wav
1502559838215499 AUDIO_PLAYBACK_ONSET 236 112 1 who
1502559838368934 AUDIO_PLAYBACK_ONSET 237 112 2 appeared?
1502559839048105 AUDIO_PLAYBACK_ONSET _ 112 END_OF_WAV
1502559839152947 AUDIO_PLAYBACK_DONE 112.wav
1502559840152907 AUDIO_PLAYBACK_ONSET 238 61 1 who
1502559840363108 AUDIO_PLAYBACK_ONSET 239 61 2 tickles
1502559840770360 AUDIO_PLAYBACK_ONSET 240 61 3 the
1502559840891326 AUDIO_PLAYBACK_ONSET 241 61 4 girl?
1502559841366117 AUDIO_PLAYBACK_ONSET _ 61 END_OF_WAV
1502559841652827 AUDIO_PLAYBACK_DONE 61.wav
1502559842652787 AUDIO_PLAYBACK_ONSET 242 116 1 who
1502559842806686 AUDIO_PLAYBACK_ONSET 243 116 2 vanished?
1502559843645685 AUDIO_PLAYBACK_ONSET _ 116 END_OF_WAV
1502559843715240 AUDIO_PLAYBACK_DONE 116.wav
1502559844715200 AUDIO_PLAYBACK_ONSET 244 102 1 we
1502559844865707 AUDIO_PLAYBACK_ONSET 245 102 2 heard
1502559845130260 AUDIO_PLAYBACK_ONSET 246 102 3 that
1502559845238437 AUDIO_PLAYBACK_ONSET 247 102 4 she
1502559845456934 AUDIO_PLAYBACK_ONSET 248 102 5 sneezed
1502559846268799 AUDIO_PLAYBACK_ONSET _ 102 END_OF_WAV
1502559846308879 AUDIO_PLAYBACK_DONE 102.wav
1502559847308839 AUDIO_PLAYBACK_ONSET 249 15 1 he
1502559847468450 AUDIO_PLAYBACK_ONSET 250 15 2 remains
1502559848363145 AUDIO_PLAYBACK_ONSET _ 15 END_OF_WAV
1502559848371296 AUDIO_PLAYBACK_DONE 15.wav
1502559849371256 AUDIO_PLAYBACK_ONSET 251 72 1 the
1502559849515425 AUDIO_PLAYBACK_ONSET 252 72 2 girls
1502559849783765 AUDIO_PLAYBACK_ONSET 253 72 3 found
1502559850026170 AUDIO_PLAYBACK_ONSET 254 72 4 the
1502559850134903 AUDIO_PLAYBACK_ONSET 255 72 5 bikes
1502559850847153 AUDIO_PLAYBACK_ONSET _ 72 END_OF_WAV
1502559850855553 AUDIO_PLAYBACK_DONE 72.wav
1502559851855513 AUDIO_PLAYBACK_ONSET 256 110 1 The
1502559851985712 AUDIO_PLAYBACK_ONSET 257 110 2 cake
1502559852227542 AUDIO_PLAYBACK_ONSET 258 110 3 was
1502559852392193 AUDIO_PLAYBACK_ONSET 259 110 4 overcooked
1502559853347164 AUDIO_PLAYBACK_ONSET _ 110 END_OF_WAV
1502559853386702 AUDIO_PLAYBACK_DONE 110.wav
1502559853010751 KEY_PRESS l
1502559853250674 KEY_PRESS l
1502559854386662 AUDIO_PLAYBACK_ONSET 260 49 1 the
1502559854556370 AUDIO_PLAYBACK_ONSET 261 49 2 girl
1502559854765606 AUDIO_PLAYBACK_ONSET 262 49 3 ate
1502559854951877 AUDIO_PLAYBACK_ONSET 263 49 4 the
1502559855010566 AUDIO_PLAYBACK_ONSET 264 49 5 salad
1502559855626366 AUDIO_PLAYBACK_ONSET _ 49 END_OF_WAV
1502559855652240 AUDIO_PLAYBACK_DONE 49.wav
1502559855626641 KEY_PRESS l
1502559856652200 AUDIO_PLAYBACK_ONSET 265 32 1 the
1502559856796148 AUDIO_PLAYBACK_ONSET 266 32 2 girls
1502559857147872 AUDIO_PLAYBACK_ONSET 267 32 3 appear
1502559857798231 AUDIO_PLAYBACK_ONSET _ 32 END_OF_WAV
1502559857886506 AUDIO_PLAYBACK_DONE 32.wav
1502559855882629 KEY_PRESS l
1502559858886466 AUDIO_PLAYBACK_ONSET 268 137 1 the
1502559859027432 AUDIO_PLAYBACK_ONSET 269 137 2 boys
1502559859337986 AUDIO_PLAYBACK_ONSET 270 137 3 vanished
1502559860200849 AUDIO_PLAYBACK_ONSET _ 137 END_OF_WAV
1502559860308272 AUDIO_PLAYBACK_DONE 137.wav
1502559861308232 AUDIO_PLAYBACK_ONSET 271 65 1 they
1502559861439932 AUDIO_PLAYBACK_ONSET 272 65 2 found
1502559861732856 AUDIO_PLAYBACK_ONSET 273 65 3 the
1502559861852983 AUDIO_PLAYBACK_ONSET 274 65 4 bikes
1502559862502591 AUDIO_PLAYBACK_ONSET _ 65 END_OF_WAV
1502559862683168 AUDIO_PLAYBACK_DONE 65.wav
1502559863683128 AUDIO_PLAYBACK_ONSET 275 126 1 the
1502559863772400 AUDIO_PLAYBACK_ONSET 276 126 2 host
1502559864074260 AUDIO_PLAYBACK_ONSET 277 126 3 will
1502559864238741 AUDIO_PLAYBACK_ONSET 278 126 4 eat
1502559864771436 AUDIO_PLAYBACK_ONSET _ 126 END_OF_WAV
1502559865073688 AUDIO_PLAYBACK_DONE 126.wav
1502559866073648 AUDIO_PLAYBACK_ONSET 279 4 1 he
1502559866182670 AUDIO_PLAYBACK_ONSET 280 4 2 showered
1502559866916908 AUDIO_PLAYBACK_ONSET _ 4 END_OF_WAV
1502559867130252 AUDIO_PLAYBACK_DONE 4.wav
1502559866378204 KEY_PRESS l
1502559866562181 KEY_PRESS l
1502559868130212 AUDIO_PLAYBACK_ONSET 281 3 1 They
1502559868249067 AUDIO_PLAYBACK_ONSET 282 3 2 ate
1502559868495758 AUDIO_PLAYBACK_ONSET 283 3 3 the
1502559868614089 AUDIO_PLAYBACK_ONSET 284 3 4 grapes
1502559868972091 AUDIO_PLAYBACK_ONSET 285 3 5 together
1502559869462464 AUDIO_PLAYBACK_ONSET _ 3 END_OF_WAV
1502559869622331 AUDIO_PLAYBACK_DONE 3.wav
1502559868938068 KEY_PRESS l
1502559869178087 KEY_PRESS l
1502559870622291 AUDIO_PLAYBACK_ONSET 286 24 1 The
1502559870725671 AUDIO_PLAYBACK_ONSET 287 24 2 sandwich
1502559871329751 AUDIO_PLAYBACK_ONSET 288 24 3 is
1502559871520400 AUDIO_PLAYBACK_ONSET 289 24 4 healthy
1502559872085921 AUDIO_PLAYBACK_ONSET _ 24 END_OF_WAV
1502559872215973 AUDIO_PLAYBACK_DONE 24.wav
1502559871626001 KEY_PRESS l
1502559871873985 KEY_PRESS l
1502559873215933 AUDIO_PLAYBACK_ONSET 290 29 1 he
1502559873513834 AUDIO_PLAYBACK_ONSET 291 29 2 bloomed
1502559874449304 AUDIO_PLAYBACK_ONSET _ 29 END_OF_WAV
1502559874715853 AUDIO_PLAYBACK_DONE 29.wav
1502559875715813 AUDIO_PLAYBACK_ONSET 292 114 1 she
1502559875917828 AUDIO_PLAYBACK_ONSET 293 114 2 saw
1502559876101156 AUDIO_PLAYBACK_ONSET 294 114 3 him
1502559876318496 AUDIO_PLAYBACK_ONSET 295 114 4 coming
1502559876797140 AUDIO_PLAYBACK_ONSET _ 114 END_OF_WAV
1502559876950119 AUDIO_PLAYBACK_DONE 114.wav
1502559877950079 AUDIO_PLAYBACK_ONSET 296 22 1 they
1502559878285395 AUDIO_PLAYBACK_ONSET 297 22 2 vanished
1502559879013481 AUDIO_PLAYBACK_ONSET _ 22 END_OF_WAV
1502559879106271 AUDIO_PLAYBACK_DONE 22.wav
1502559880106231 AUDIO_PLAYBACK_ONSET 298 17 1 he
1502559880255108 AUDIO_PLAYBACK_ONSET 299 17 2 was
1502559880485613 AUDIO_PLAYBACK_ONSET 300 17 3 hugged
1502559881011811 AUDIO_PLAYBACK_ONSET _ 17 END_OF_WAV
1502559881106193 AUDIO_PLAYBACK_DONE 17.wav
1502559882106153 AUDIO_PLAYBACK_ONSET 301 37 1 who
1502559882421876 AUDIO_PLAYBACK_ONSET 302 37 2 blooms?
1502559883198815 AUDIO_PLAYBACK_ONSET _ 37 END_OF_WAV
1502559883199852 AUDIO_PLAYBACK_DONE 37.wav
1502559884199812 AUDIO_PLAYBACK_ONSET 303 19 1 who
1502559884441360 AUDIO_PLAYBACK_ONSET 304 19 2 laughs?
1502559885209251 AUDIO_PLAYBACK_ONSET _ 19 END_OF_WAV
1502559885231019 AUDIO_PLAYBACK_DONE 19.wav
1502559886230979 AUDIO_PLAYBACK_ONSET 305 88 1 he
1502559886446818 AUDIO_PLAYBACK_ONSET 306 88 2 collapses
1502559887391171 AUDIO_PLAYBACK_ONSET _ 88 END_OF_WAV
1502559887449684 AUDIO_PLAYBACK_DONE 88.wav
1502559888449644 AUDIO_PLAYBACK_ONSET 307 143 1 he
1502559888567164 AUDIO_PLAYBACK_ONSET 308 143 2 was
1502559888808916 AUDIO_PLAYBACK_ONSET 309 143 3 kissed
1502559889495132 AUDIO_PLAYBACK_ONSET _ 143 END_OF_WAV
1502559889566768 AUDIO_PLAYBACK_DONE 143.wav
1502559890566728 AUDIO_PLAYBACK_ONSET 310 98 1 the
1502559890689469 AUDIO_PLAYBACK_ONSET 311 98 2 boy
1502559891010983 AUDIO_PLAYBACK_ONSET 312 98 3 bloomed
1502559891678465 AUDIO_PLAYBACK_ONSET _ 98 END_OF_WAV
1502559891914318 AUDIO_PLAYBACK_DONE 98.wav
1502559892914278 AUDIO_PLAYBACK_ONSET 313 124 1 who
1502559893022461 AUDIO_PLAYBACK_ONSET 314 124 2 disappeared?
1502559893777264 AUDIO_PLAYBACK_ONSET _ 124 END_OF_WAV
1502559893898616 AUDIO_PLAYBACK_DONE 124.wav
1502559894898576 AUDIO_PLAYBACK_ONSET 315 36 1 she
1502559895300557 AUDIO_PLAYBACK_ONSET 316 36 2 laughed
1502559896059952 AUDIO_PLAYBACK_ONSET _ 36 END_OF_WAV
1502559896148506 AUDIO_PLAYBACK_DONE 36.wav
1502559897148466 AUDIO_PLAYBACK_ONSET 317 53 1 they
1502559897309273 AUDIO_PLAYBACK_ONSET 318 53 2 heard
1502559897483665 AUDIO_PLAYBACK_ONSET 319 53 3 her
1502559897633864 AUDIO_PLAYBACK_ONSET 320 53 4 coughing
1502559898239702 AUDIO_PLAYBACK_ONSET _ 53 END_OF_WAV
1502559898648387 AUDIO_PLAYBACK_DONE 53.wav
1502559899648347 AUDIO_PLAYBACK_ONSET 321 18 1 The
1502559899748671 AUDIO_PLAYBACK_ONSET 322 18 2 chef
1502559900021852 AUDIO_PLAYBACK_ONSET 323 18 3 served
1502559900478498 AUDIO_PLAYBACK_ONSET 324 18 4 the
1502559900627690 AUDIO_PLAYBACK_ONSET 325 18 5 cake
1502559901085344 AUDIO_PLAYBACK_ONSET _ 18 END_OF_WAV
1502559901148288 AUDIO_PLAYBACK_DONE 18.wav
1502559900656822 KEY_PRESS l
1502559900904805 KEY_PRESS l
1502559902148248 AUDIO_PLAYBACK_ONSET 326 34 1 the
1502559902353872 AUDIO_PLAYBACK_ONSET 327 34 2 boy
1502559902604290 AUDIO_PLAYBACK_ONSET 328 34 3 laughs
1502559903427620 AUDIO_PLAYBACK_ONSET _ 34 END_OF_WAV
1502559903523185 AUDIO_PLAYBACK_DONE 34.wav
1502559904523145 AUDIO_PLAYBACK_ONSET 329 84 1 the
1502559904672275 AUDIO_PLAYBACK_ONSET 330 84 2 girl
1502559904873884 AUDIO_PLAYBACK_ONSET 331 84 3 smiled
1502559905655120 AUDIO_PLAYBACK_ONSET _ 84 END_OF_WAV
1502559905773073 AUDIO_PLAYBACK_DONE 84.wav
1502559906773033 AUDIO_PLAYBACK_ONSET 332 127 1 the
1502559906865417 AUDIO_PLAYBACK_ONSET 333 127 2 woman
1502559907164301 AUDIO_PLAYBACK_ONSET 334 127 3 will
1502559907253887 AUDIO_PLAYBACK_ONSET 335 127 4 speak
1502559907948378 AUDIO_PLAYBACK_ONSET _ 127 END_OF_WAV
1502559907952672 AUDIO_PLAYBACK_DONE 127.wav
1502559908952632 AUDIO_PLAYBACK_ONSET 336 152 1 she
1502559909287183 AUDIO_PLAYBACK_ONSET 337 152 2 dressed
1502559909912684 AUDIO_PLAYBACK_ONSET _ 152 END_OF_WAV
1502559910015107 AUDIO_PLAYBACK_DONE 152.wav
1502559911015067 AUDIO_PLAYBACK_ONSET 338 20 1 she
1502559911396352 AUDIO_PLAYBACK_ONSET 339 20 2 sneezed
1502559912229315 AUDIO_PLAYBACK_ONSET _ 20 END_OF_WAV
1502559912233749 AUDIO_PLAYBACK_DONE 20.wav
1502559913233709 AUDIO_PLAYBACK_ONSET 340 82 1 the
1502559913376236 AUDIO_PLAYBACK_ONSET 341 82 2 boy
1502559913568251 AUDIO_PLAYBACK_ONSET 342 82 3 will
1502559913705158 AUDIO_PLAYBACK_ONSET 343 82 4 sing
1502559914261399 AUDIO_PLAYBACK_ONSET _ 82 END_OF_WAV
1502559914514910 AUDIO_PLAYBACK_DONE 82.wav
1502559915514870 AUDIO_PLAYBACK_ONSET 344 119 1 she
1502559915746839 AUDIO_PLAYBACK_ONSET 345 119 2 was
1502559915981505 AUDIO_PLAYBACK_ONSET 346 119 3 kicked
1502559916651314 AUDIO_PLAYBACK_ONSET _ 119 END_OF_WAV
1502559916671084 AUDIO_PLAYBACK_DONE 119.wav
1502559917671044 AUDIO_PLAYBACK_ONSET 347 70 1 she
1502559918062626 AUDIO_PLAYBACK_ONSET 348 70 2 jumps
1502559918835453 AUDIO_PLAYBACK_ONSET _ 70 END_OF_WAV
1502559919202232 AUDIO_PLAYBACK_DONE 70.wav
1502559920202192 AUDIO_PLAYBACK_ONSET 349 58 1 he
1502559920413647 AUDIO_PLAYBACK_ONSET 350 58 2 laughs
1502559921201674 AUDIO_PLAYBACK_ONSET _ 58 END_OF_WAV
1502559921428699 AUDIO_PLAYBACK_DONE 58.wav
1502559922428659 AUDIO_PLAYBACK_ONSET 351 11 1 he
1502559922576324 AUDIO_PLAYBACK_ONSET 352 11 2 will
1502559922772325 AUDIO_PLAYBACK_ONSET 353 11 3 drive
1502559923380827 AUDIO_PLAYBACK_ONSET _ 11 END_OF_WAV
1502559923381751 AUDIO_PLAYBACK_DONE 11.wav
1502559924381711 AUDIO_PLAYBACK_ONSET 354 105 1 the
1502559924525015 AUDIO_PLAYBACK_ONSET 355 105 2 boys
1502559924827090 AUDIO_PLAYBACK_ONSET 356 105 3 winked
1502559925497369 AUDIO_PLAYBACK_ONSET _ 105 END_OF_WAV
1502559925596492 AUDIO_PLAYBACK_DONE 105.wav
1502559926596452 AUDIO_PLAYBACK_ONSET 357 10 1 they
1502559926897757 AUDIO_PLAYBACK_ONSET 358 10 2 wink
1502559927501077 AUDIO_PLAYBACK_ONSET _ 10 END_OF_WAV
1502559927721398 AUDIO_PLAYBACK_DONE 10.wav
1502559928721358 AUDIO_PLAYBACK_ONSET 359 118 1 the
1502559928804545 AUDIO_PLAYBACK_ONSET 360 118 2 woman
1502559929081758 AUDIO_PLAYBACK_ONSET 361 118 3 was
1502559929348891 AUDIO_PLAYBACK_ONSET 362 118 4 pinched
1502559930182548 AUDIO_PLAYBACK_ONSET _ 118 END_OF_WAV
1502559930221300 AUDIO_PLAYBACK_DONE 118.wav
1502559931221260 AUDIO_PLAYBACK_ONSET 363 100 1 she
1502559931544993 AUDIO_PLAYBACK_ONSET 364 100 2 fell
1502559932052463 AUDIO_PLAYBACK_ONSET _ 100 END_OF_WAV
1502559932096213 AUDIO_PLAYBACK_DONE 100.wav
1502559933096173 AUDIO_PLAYBACK_ONSET 365 97 1 they
1502559933292188 AUDIO_PLAYBACK_ONSET 366 97 2 kissed
1502559933625321 AUDIO_PLAYBACK_ONSET 367 97 3 the
1502559933741917 AUDIO_PLAYBACK_ONSET 368 97 4 clowns
1502559934549207 AUDIO_PLAYBACK_ONSET _ 97 END_OF_WAV
1502559934748446 AUDIO_PLAYBACK_DONE 97.wav
1502559935748406 AUDIO_PLAYBACK_ONSET 369 123 1 Who
1502559935822075 AUDIO_PLAYBACK_ONSET 370 123 2 will
1502559935936248 AUDIO_PLAYBACK_ONSET 371 123 3 the
1502559936067853 AUDIO_PLAYBACK_ONSET 372 123 4 boys
1502559936370282 AUDIO_PLAYBACK_ONSET 373 123 5 kiss?
1502559937002158 AUDIO_PLAYBACK_ONSET _ 123 END_OF_WAV
1502559937045249 AUDIO_PLAYBACK_DONE 123.wav
1502559938045209 AUDIO_PLAYBACK_ONSET 374 31 1 she
1502559938469031 AUDIO_PLAYBACK_ONSET 375 31 2 washed
1502559939286389 AUDIO_PLAYBACK_ONSET _ 31 END_OF_WAV
1502559939295136 AUDIO_PLAYBACK_DONE 31.wav
1502559940295096 AUDIO_PLAYBACK_ONSET 376 89 1 he
1502559940386025 AUDIO_PLAYBACK_ONSET 377 89 2 hears
1502559940719661 AUDIO_PLAYBACK_ONSET 378 89 3 the
1502559940795885 AUDIO_PLAYBACK_ONSET 379 89 4 men
1502559941193249 AUDIO_PLAYBACK_ONSET _ 89 END_OF_WAV
1502559941224744 AUDIO_PLAYBACK_DONE 89.wav
1502559942224704 AUDIO_PLAYBACK_ONSET 380 16 1 What
1502559942425591 AUDIO_PLAYBACK_ONSET 381 16 2 will
1502559942626949 AUDIO_PLAYBACK_ONSET 382 16 3 the
1502559942768098 AUDIO_PLAYBACK_ONSET 383 16 4 girls
1502559943186607 AUDIO_PLAYBACK_ONSET 384 16 5 find?
1502559943636701 AUDIO_PLAYBACK_ONSET _ 16 END_OF_WAV
1502559943693399 AUDIO_PLAYBACK_DONE 16.wav
1502559944693359 AUDIO_PLAYBACK_ONSET 385 130 1 they
1502559944909926 AUDIO_PLAYBACK_ONSET 386 130 2 coughed
1502559945670255 AUDIO_PLAYBACK_ONSET _ 130 END_OF_WAV
1502559946005825 AUDIO_PLAYBACK_DONE 130.wav
1502559947005785 AUDIO_PLAYBACK_ONSET 387 5 1 we
1502559947173429 AUDIO_PLAYBACK_ONSET 388 5 2 guessed
1502559947437888 AUDIO_PLAYBACK_ONSET 389 5 3 that
1502559947595187 AUDIO_PLAYBACK_ONSET 390 5 4 they
1502559947768216 AUDIO_PLAYBACK_ONSET 391 5 5 wink
1502559948292218 AUDIO_PLAYBACK_ONSET _ 5 END_OF_WAV
1502559948468609 AUDIO_PLAYBACK_DONE 5.wav
1502559949468569 AUDIO_PLAYBACK_ONSET 392 95 1 he
1502559949599956 AUDIO_PLAYBACK_ONSET 393 95 2 streched
1502559950465166 AUDIO_PLAYBACK_ONSET _ 95 END_OF_WAV
1502559950741944 AUDIO_PLAYBACK_DONE 95.wav
1502559951741904 AUDIO_PLAYBACK_ONSET 394 74 1 she
1502559951933057 AUDIO_PLAYBACK_ONSET 395 74 2 eats
1502559952217159 AUDIO_PLAYBACK_ONSET 396 74 3 the
1502559952294569 AUDIO_PLAYBACK_ONSET 397 74 4 salad
1502559952870754 AUDIO_PLAYBACK_ONSET _ 74 END_OF_WAV
1502559952929343 AUDIO_PLAYBACK_DONE 74.wav
1502559952838748 KEY_PRESS l
1502559953929303 AUDIO_PLAYBACK_ONSET 398 107 1 they
1502559954072877 AUDIO_PLAYBACK_ONSET 399 107 2 were
1502559954224643 AUDIO_PLAYBACK_ONSET 400 107 3 loved
1502559954976431 AUDIO_PLAYBACK_ONSET _ 107 END_OF_WAV
1502559955093318 AUDIO_PLAYBACK_DONE 107.wav
1502559953110745 KEY_PRESS l
1502559956093278 AUDIO_PLAYBACK_ONSET 401 103 1 she
1502559956380675 AUDIO_PLAYBACK_ONSET 402 103 2 scratched
1502559957438587 AUDIO_PLAYBACK_ONSET _ 103 END_OF_WAV
1502559957483835 AUDIO_PLAYBACK_DONE 103.wav
1502559958483795 AUDIO_PLAYBACK_ONSET 403 68 1 he
1502559958745348 AUDIO_PLAYBACK_ONSET 404 68 2 crawled
1502559959315660 AUDIO_PLAYBACK_ONSET _ 68 END_OF_WAV
1502559959460333 AUDIO_PLAYBACK_DONE 68.wav
1502559960460293 AUDIO_PLAYBACK_ONSET 405 62 1 What
1502559960642426 AUDIO_PLAYBACK_ONSET 406 62 2 will
1502559960765808 AUDIO_PLAYBACK_ONSET 407 62 3 the
1502559960900046 AUDIO_PLAYBACK_ONSET 408 62 4 girl
1502559961158653 AUDIO_PLAYBACK_ONSET 409 62 5 kick?
1502559961828860 AUDIO_PLAYBACK_ONSET _ 62 END_OF_WAV
1502559961928963 AUDIO_PLAYBACK_DONE 62.wav
1502559962928923 AUDIO_PLAYBACK_ONSET 410 90 1 Whom
1502559963168658 AUDIO_PLAYBACK_ONSET 411 90 2 do
1502559963295757 AUDIO_PLAYBACK_ONSET 412 90 3 the
1502559963369587 AUDIO_PLAYBACK_ONSET 413 90 4 women
1502559963678923 AUDIO_PLAYBACK_ONSET 414 90 5 hug?
1502559964138722 AUDIO_PLAYBACK_ONSET _ 90 END_OF_WAV
1502559964319480 AUDIO_PLAYBACK_DONE 90.wav
1502559965319440 AUDIO_PLAYBACK_ONSET 415 21 1 who
1502559965572387 AUDIO_PLAYBACK_ONSET 416 21 2 winks?
1502559966287867 AUDIO_PLAYBACK_ONSET _ 21 END_OF_WAV
1502559966288134 AUDIO_PLAYBACK_DONE 21.wav
1502559967288094 AUDIO_PLAYBACK_ONSET 417 66 1 they
1502559967384552 AUDIO_PLAYBACK_ONSET 418 66 2 appeared
1502559967985134 AUDIO_PLAYBACK_ONSET _ 66 END_OF_WAV
1502559968499000 AUDIO_PLAYBACK_DONE 66.wav
1502559969498960 AUDIO_PLAYBACK_ONSET 419 50 1 What
1502559969640007 AUDIO_PLAYBACK_ONSET 420 50 2 did
1502559969791765 AUDIO_PLAYBACK_ONSET 421 50 3 the
1502559969893184 AUDIO_PLAYBACK_ONSET 422 50 4 girl
1502559970126373 AUDIO_PLAYBACK_ONSET 423 50 5 kick?
1502559970594972 AUDIO_PLAYBACK_ONSET _ 50 END_OF_WAV
1502559970600458 AUDIO_PLAYBACK_DONE 50.wav
1502559971600418 AUDIO_PLAYBACK_ONSET 424 81 1 the
1502559971691018 AUDIO_PLAYBACK_ONSET 425 81 2 actors
1502559972065299 AUDIO_PLAYBACK_ONSET 426 81 3 will
1502559972161064 AUDIO_PLAYBACK_ONSET 427 81 4 snore
1502559972748421 AUDIO_PLAYBACK_ONSET _ 81 END_OF_WAV
1502559972787856 AUDIO_PLAYBACK_DONE 81.wav
1502559973787816 AUDIO_PLAYBACK_ONSET 428 69 1 the
1502559973929466 AUDIO_PLAYBACK_ONSET 429 69 2 boy
1502559974155198 AUDIO_PLAYBACK_ONSET 430 69 3 jumped
1502559974818450 AUDIO_PLAYBACK_ONSET _ 69 END_OF_WAV
1502559975084638 AUDIO_PLAYBACK_DONE 69.wav
1502559976084598 AUDIO_PLAYBACK_ONSET 431 132 1 the
1502559976212012 AUDIO_PLAYBACK_ONSET 432 132 2 boys
1502559976487395 AUDIO_PLAYBACK_ONSET 433 132 3 kissed
1502559976779040 AUDIO_PLAYBACK_ONSET 434 132 4 the
1502559976877701 AUDIO_PLAYBACK_ONSET 435 132 5 clowns
1502559977648556 AUDIO_PLAYBACK_ONSET _ 132 END_OF_WAV
1502559977697801 AUDIO_PLAYBACK_DONE 132.wav
1502559978697761 AUDIO_PLAYBACK_ONSET 436 77 1 who
1502559978916937 AUDIO_PLAYBACK_ONSET 437 77 2 heard
1502559979211018 AUDIO_PLAYBACK_ONSET 438 77 3 the
1502559979294739 AUDIO_PLAYBACK_ONSET 439 77 4 men?
1502559979733750 AUDIO_PLAYBACK_ONSET _ 77 END_OF_WAV
1502559979744591 AUDIO_PLAYBACK_DONE 77.wav
1502559980744551 AUDIO_PLAYBACK_ONSET 440 51 1 she
1502559980939181 AUDIO_PLAYBACK_ONSET 441 51 2 smelled
1502559981246219 AUDIO_PLAYBACK_ONSET 442 51 3 it
1502559981424120 AUDIO_PLAYBACK_ONSET 443 51 4 burn
1502559981832300 AUDIO_PLAYBACK_ONSET _ 51 END_OF_WAV
1502559982088262 AUDIO_PLAYBACK_DONE 51.wav
1502559983088222 AUDIO_PLAYBACK_ONSET 444 26 1 Whom
1502559983305213 AUDIO_PLAYBACK_ONSET 445 26 2 will
1502559983495232 AUDIO_PLAYBACK_ONSET 446 26 3 the
1502559983649622 AUDIO_PLAYBACK_ONSET 447 26 4 boy
1502559983895368 AUDIO_PLAYBACK_ONSET 448 26 5 tickle?
1502559984372242 AUDIO_PLAYBACK_ONSET _ 26 END_OF_WAV
1502559984447558 AUDIO_PLAYBACK_DONE 26.wav
1502559985447518 AUDIO_PLAYBACK_ONSET 449 67 1 they
1502559985647339 AUDIO_PLAYBACK_ONSET 450 67 2 appear
1502559986222881 AUDIO_PLAYBACK_ONSET _ 67 END_OF_WAV
1502559986369341 AUDIO_PLAYBACK_DONE 67.wav
1502559987369301 AUDIO_PLAYBACK_ONSET 451 101 1 she
1502559987754644 AUDIO_PLAYBACK_ONSET 452 101 2 cries
1502559988493764 AUDIO_PLAYBACK_ONSET _ 101 END_OF_WAV
1502559988603629 AUDIO_PLAYBACK_DONE 101.wav
1502559989603589 AUDIO_PLAYBACK_ONSET 453 133 1 who
1502559989694206 AUDIO_PLAYBACK_ONSET 454 133 2 found
1502559989984285 AUDIO_PLAYBACK_ONSET 455 133 3 the
1502559990095854 AUDIO_PLAYBACK_ONSET 456 133 4 bikes?
1502559990867020 AUDIO_PLAYBACK_ONSET _ 133 END_OF_WAV
1502559990931656 AUDIO_PLAYBACK_DONE 133.wav
1502559991931616 AUDIO_PLAYBACK_ONSET 457 106 1 they
1502559992244102 AUDIO_PLAYBACK_ONSET 458 106 2 vanish
1502559993082798 AUDIO_PLAYBACK_ONSET _ 106 END_OF_WAV
1502559993150299 AUDIO_PLAYBACK_DONE 106.wav
1502559994150259 AUDIO_PLAYBACK_ONSET 459 75 1 he
1502559994303840 AUDIO_PLAYBACK_ONSET 460 75 2 falls
1502559995041054 AUDIO_PLAYBACK_ONSET _ 75 END_OF_WAV
1502559995150220 AUDIO_PLAYBACK_DONE 75.wav
1502559996150180 AUDIO_PLAYBACK_ONSET 461 140 1 the
1502559996240183 AUDIO_PLAYBACK_ONSET 462 140 2 actors
1502559996556189 AUDIO_PLAYBACK_ONSET 463 140 3 were
1502559996656071 AUDIO_PLAYBACK_ONSET 464 140 4 scorned
1502559997369885 AUDIO_PLAYBACK_ONSET _ 140 END_OF_WAV
1502559997431377 AUDIO_PLAYBACK_DONE 140.wav
1502559998431337 AUDIO_PLAYBACK_ONSET 465 54 1 she
1502559998724953 AUDIO_PLAYBACK_ONSET 466 54 2 smiled
1502559999517109 AUDIO_PLAYBACK_ONSET _ 54 END_OF_WAV
1502559999681266 AUDIO_PLAYBACK_DONE 54.wav
1502560000681226 AUDIO_PLAYBACK_ONSET 467 85 1 The
1502560000782842 AUDIO_PLAYBACK_ONSET 468 85 2 cook
1502560001002284 AUDIO_PLAYBACK_ONSET 469 85 3 prepared
1502560001362601 AUDIO_PLAYBACK_ONSET 470 85 4 the
1502560001421300 AUDIO_PLAYBACK_ONSET 471 85 5 meal
1502560001927912 AUDIO_PLAYBACK_ONSET _ 85 END_OF_WAV
1502560002024937 AUDIO_PLAYBACK_DONE 85.wav
1502560001732721 KEY_PRESS l
1502560001964782 KEY_PRESS l
1502560003024897 AUDIO_PLAYBACK_ONSET 472 115 1 she
1502560003182508 AUDIO_PLAYBACK_ONSET 473 115 2 discovered
1502560003740408 AUDIO_PLAYBACK_ONSET 474 115 3 that
1502560003922751 AUDIO_PLAYBACK_ONSET 475 115 4 they
1502560004061622 AUDIO_PLAYBACK_ONSET 476 115 5 cough
1502560004682316 AUDIO_PLAYBACK_ONSET _ 115 END_OF_WAV
1502560004821720 AUDIO_PLAYBACK_DONE 115.wav
1502560005821680 AUDIO_PLAYBACK_ONSET 477 9 1 they
1502560006102696 AUDIO_PLAYBACK_ONSET 478 9 2 will
1502560006306825 AUDIO_PLAYBACK_ONSET 479 9 3 drink
1502560006939374 AUDIO_PLAYBACK_ONSET _ 9 END_OF_WAV
1502560007071608 AUDIO_PLAYBACK_DONE 9.wav
1502560008071568 AUDIO_PLAYBACK_ONSET 480 43 1 she
1502560008285380 AUDIO_PLAYBACK_ONSET 481 43 2 remained
1502560009070817 AUDIO_PLAYBACK_ONSET _ 43 END_OF_WAV
1502560009321498 AUDIO_PLAYBACK_DONE 43.wav
1502560010321458 AUDIO_PLAYBACK_ONSET 482 151 1 He
1502560010428556 AUDIO_PLAYBACK_ONSET 483 151 2 heard
1502560010664190 AUDIO_PLAYBACK_ONSET 484 151 3 her
1502560010855470 AUDIO_PLAYBACK_ONSET 485 151 4 play
1502560011337134 AUDIO_PLAYBACK_ONSET _ 151 END_OF_WAV
1502560011352688 AUDIO_PLAYBACK_DONE 151.wav
1502560012352648 AUDIO_PLAYBACK_ONSET 486 45 1 Whom
1502560012467705 AUDIO_PLAYBACK_ONSET 487 45 2 does
1502560012664696 AUDIO_PLAYBACK_ONSET 488 45 3 the
1502560012785978 AUDIO_PLAYBACK_ONSET 489 45 4 boy
1502560013030746 AUDIO_PLAYBACK_ONSET 490 45 5 tickle?
1502560013444575 AUDIO_PLAYBACK_ONSET _ 45 END_OF_WAV
1502560013446345 AUDIO_PLAYBACK_DONE 45.wav
1502560014446305 AUDIO_PLAYBACK_ONSET 491 47 1 she
1502560014682331 AUDIO_PLAYBACK_ONSET 492 47 2 will
1502560014802615 AUDIO_PLAYBACK_ONSET 493 47 3 sleep
1502560015495279 AUDIO_PLAYBACK_ONSET _ 47 END_OF_WAV
1502560015680611 AUDIO_PLAYBACK_DONE 47.wav
1502560016680571 AUDIO_PLAYBACK_ONSET 494 141 1 who
1502560016825529 AUDIO_PLAYBACK_ONSET 495 141 2 collapsed?
1502560017731108 AUDIO_PLAYBACK_ONSET _ 141 END_OF_WAV
1502560017750848 AUDIO_PLAYBACK_DONE 141.wav
1502560018750808 AUDIO_PLAYBACK_ONSET 496 55 1 the
1502560018874128 AUDIO_PLAYBACK_ONSET 497 55 2 girls
1502560019198132 AUDIO_PLAYBACK_ONSET 498 55 3 cough
1502560019775115 AUDIO_PLAYBACK_ONSET _ 55 END_OF_WAV
1502560019938243 AUDIO_PLAYBACK_DONE 55.wav
1502560020938203 AUDIO_PLAYBACK_ONSET 499 149 1 the
1502560021046623 AUDIO_PLAYBACK_ONSET 500 149 2 girl
1502560021308485 AUDIO_PLAYBACK_ONSET 501 149 3 cries
1502560022076201 AUDIO_PLAYBACK_ONSET _ 149 END_OF_WAV
1502560022094393 AUDIO_PLAYBACK_DONE 149.wav
1502560023094353 AUDIO_PLAYBACK_ONSET 502 113 1 What
1502560023260231 AUDIO_PLAYBACK_ONSET 503 113 2 will
1502560023406839 AUDIO_PLAYBACK_ONSET 504 113 3 the
1502560023550171 AUDIO_PLAYBACK_ONSET 505 113 4 boy
1502560023731179 AUDIO_PLAYBACK_ONSET 506 113 5 smell?
1502560024265192 AUDIO_PLAYBACK_ONSET _ 113 END_OF_WAV
1502560024313038 AUDIO_PLAYBACK_DONE 113.wav
1502560025312998 AUDIO_PLAYBACK_ONSET 507 63 1 he
1502560025433886 AUDIO_PLAYBACK_ONSET 508 63 2 sneezes
1502560026173157 AUDIO_PLAYBACK_ONSET _ 63 END_OF_WAV
1502560026477035 AUDIO_PLAYBACK_DONE 63.wav
