1544199089992958 CHEETAH_SIGNAL SENT_AFTER_TIME 3891.379890
1544199092438751 CHEETAH_SIGNAL SENT_AFTER_TIME 3893.825640
1544199092509742 CHEETAH_SIGNAL SENT_AFTER_TIME 3893.896494
1544199092507813 DISPLAY_INSTRUCTIONS Stimuli/instructions_audio_sentences.png
1544199117529479 KEY_PRESS space
1544199117530690 CHEETAH_SIGNAL SENT_AFTER_TIME 3918.917601
1544199117631528 CHEETAH_SIGNAL SENT_AFTER_TIME 3919.018339
1544199117629828 DISPLAY_INSTRUCTIONS OFF
1544199117680383 CHEETAH_SIGNAL SENT_AFTER_TIME 3919.067141
1544199117713789 CHEETAH_SIGNAL SENT_AFTER_TIME 3919.100668
1544199117764706 CHEETAH_SIGNAL SENT_AFTER_TIME 3919.151514
1544199117762980 DISPLAY_FIXATION
1544199120964948 CHEETAH_SIGNAL SENT_AFTER_TIME 3922.351711
1544199121031082 AUDIO_PLAYBACK_ONSET 1.wav
1544199121906093 AUDIO_PLAYBACK_DONE 1.wav
1544199121898759 CHEETAH_SIGNAL SENT_AFTER_TIME 3923.285545
1544199117527311 KEY_PRESS space
1544199117623463 KEY_PRESS space
1544199121934365 CHEETAH_SIGNAL SENT_AFTER_TIME 3923.321273
1544199122906093 AUDIO_PLAYBACK_ONSET 2.wav
1544199124327978 AUDIO_PLAYBACK_DONE 2.wav
1544199124327913 CHEETAH_SIGNAL SENT_AFTER_TIME 3925.714707
1544199124362342 CHEETAH_SIGNAL SENT_AFTER_TIME 3925.749269
1544199125327978 AUDIO_PLAYBACK_ONSET 3.wav
1544199126820158 AUDIO_PLAYBACK_DONE 3.wav
1544199126821942 CHEETAH_SIGNAL SENT_AFTER_TIME 3928.208755
1544199126591371 KEY_PRESS l
1544199126711430 KEY_PRESS l
1544199126857346 CHEETAH_SIGNAL SENT_AFTER_TIME 3928.244249
1544199127820158 AUDIO_PLAYBACK_ONSET 4.wav
1544199128876780 AUDIO_PLAYBACK_DONE 4.wav
1544199128872168 CHEETAH_SIGNAL SENT_AFTER_TIME 3930.258937
1544199128907121 CHEETAH_SIGNAL SENT_AFTER_TIME 3930.294000
1544199129876780 AUDIO_PLAYBACK_ONSET 5.wav
1544199131339664 AUDIO_PLAYBACK_DONE 5.wav
1544199131340514 CHEETAH_SIGNAL SENT_AFTER_TIME 3932.727306
1544199131375543 CHEETAH_SIGNAL SENT_AFTER_TIME 3932.762435
1544199132339664 AUDIO_PLAYBACK_ONSET 6.wav
1544199133566224 AUDIO_PLAYBACK_DONE 6.wav
1544199133566295 CHEETAH_SIGNAL SENT_AFTER_TIME 3934.953077
1544199133601658 CHEETAH_SIGNAL SENT_AFTER_TIME 3934.988542
1544199134566224 AUDIO_PLAYBACK_ONSET 7.wav
1544199135659966 AUDIO_PLAYBACK_DONE 7.wav
1544199135659308 CHEETAH_SIGNAL SENT_AFTER_TIME 3937.046088
1544199135694193 CHEETAH_SIGNAL SENT_AFTER_TIME 3937.081112
1544199136659966 AUDIO_PLAYBACK_ONSET 8.wav
1544199137839654 AUDIO_PLAYBACK_DONE 8.wav
1544199137836427 CHEETAH_SIGNAL SENT_AFTER_TIME 3939.223202
1544199137871484 CHEETAH_SIGNAL SENT_AFTER_TIME 3939.258337
1544199138839654 AUDIO_PLAYBACK_ONSET 9.wav
1544199140089632 AUDIO_PLAYBACK_DONE 9.wav
1544199140088020 CHEETAH_SIGNAL SENT_AFTER_TIME 3941.474801
1544199140122937 CHEETAH_SIGNAL SENT_AFTER_TIME 3941.509847
1544199141089632 AUDIO_PLAYBACK_ONSET 10.wav
1544199142214625 AUDIO_PLAYBACK_DONE 10.wav
1544199142213053 CHEETAH_SIGNAL SENT_AFTER_TIME 3943.599851
1544199140351491 KEY_PRESS l
1544199140383430 KEY_PRESS l
1544199142248366 CHEETAH_SIGNAL SENT_AFTER_TIME 3943.635245
1544199143214625 AUDIO_PLAYBACK_ONSET 11.wav
1544199144167736 AUDIO_PLAYBACK_DONE 11.wav
1544199144164435 CHEETAH_SIGNAL SENT_AFTER_TIME 3945.551212
1544199144199360 CHEETAH_SIGNAL SENT_AFTER_TIME 3945.586276
1544199145167736 AUDIO_PLAYBACK_ONSET 12.wav
1544199146573976 AUDIO_PLAYBACK_DONE 12.wav
1544199146567971 CHEETAH_SIGNAL SENT_AFTER_TIME 3947.954765
1544199146602901 CHEETAH_SIGNAL SENT_AFTER_TIME 3947.989824
1544199147573976 AUDIO_PLAYBACK_ONSET 13.wav
1544199149417721 AUDIO_PLAYBACK_DONE 13.wav
1544199149417820 CHEETAH_SIGNAL SENT_AFTER_TIME 3950.804611
1544199149453255 CHEETAH_SIGNAL SENT_AFTER_TIME 3950.840169
1544199150417721 AUDIO_PLAYBACK_ONSET 14.wav
1544199151761466 AUDIO_PLAYBACK_DONE 14.wav
1544199151757346 CHEETAH_SIGNAL SENT_AFTER_TIME 3953.144145
1544199149895441 KEY_PRESS l
1544199150047435 KEY_PRESS l
1544199151792751 CHEETAH_SIGNAL SENT_AFTER_TIME 3953.179632
1544199152761466 AUDIO_PLAYBACK_ONSET 15.wav
1544199153823966 AUDIO_PLAYBACK_DONE 15.wav
1544199153824362 CHEETAH_SIGNAL SENT_AFTER_TIME 3955.211125
1544199153859884 CHEETAH_SIGNAL SENT_AFTER_TIME 3955.246793
1544199154823966 AUDIO_PLAYBACK_ONSET 16.wav
1544199156292698 AUDIO_PLAYBACK_DONE 16.wav
1544199156288890 CHEETAH_SIGNAL SENT_AFTER_TIME 3957.675663
1544199156322160 CHEETAH_SIGNAL SENT_AFTER_TIME 3957.709096
1544199157292698 AUDIO_PLAYBACK_ONSET 17.wav
1544199158292679 AUDIO_PLAYBACK_DONE 17.wav
1544199158292380 CHEETAH_SIGNAL SENT_AFTER_TIME 3959.679179
1544199158327327 CHEETAH_SIGNAL SENT_AFTER_TIME 3959.714214
1544199159292679 AUDIO_PLAYBACK_ONSET 18.wav
1544199160792660 AUDIO_PLAYBACK_DONE 18.wav
1544199160787592 CHEETAH_SIGNAL SENT_AFTER_TIME 3962.174464
1544199160783444 KEY_PRESS l
1544199160822729 CHEETAH_SIGNAL SENT_AFTER_TIME 3962.209631
1544199161792660 AUDIO_PLAYBACK_ONSET 19.wav
1544199162823910 AUDIO_PLAYBACK_DONE 19.wav
1544199162823493 CHEETAH_SIGNAL SENT_AFTER_TIME 3964.210250
1544199160927429 KEY_PRESS l
1544199162858621 CHEETAH_SIGNAL SENT_AFTER_TIME 3964.245553
1544199163823910 AUDIO_PLAYBACK_ONSET 20.wav
1544199165042645 AUDIO_PLAYBACK_DONE 20.wav
1544199165041044 CHEETAH_SIGNAL SENT_AFTER_TIME 3966.427880
1544199165075983 CHEETAH_SIGNAL SENT_AFTER_TIME 3966.462919
1544199166042645 AUDIO_PLAYBACK_ONSET 21.wav
1544199167011376 AUDIO_PLAYBACK_DONE 21.wav
1544199167002570 CHEETAH_SIGNAL SENT_AFTER_TIME 3968.389358
1544199167037541 CHEETAH_SIGNAL SENT_AFTER_TIME 3968.424457
1544199168011376 AUDIO_PLAYBACK_ONSET 22.wav
1544199169167637 AUDIO_PLAYBACK_DONE 22.wav
1544199169165917 CHEETAH_SIGNAL SENT_AFTER_TIME 3970.552692
1544199169201372 CHEETAH_SIGNAL SENT_AFTER_TIME 3970.588280
1544199170167637 AUDIO_PLAYBACK_ONSET 23.wav
1544199171667617 AUDIO_PLAYBACK_DONE 23.wav
1544199171662114 CHEETAH_SIGNAL SENT_AFTER_TIME 3973.048888
1544199171697058 CHEETAH_SIGNAL SENT_AFTER_TIME 3973.083957
1544199172667617 AUDIO_PLAYBACK_ONSET 24.wav
1544199174261363 AUDIO_PLAYBACK_DONE 24.wav
1544199174264249 CHEETAH_SIGNAL SENT_AFTER_TIME 3975.651011
1544199174167394 KEY_PRESS l
1544199174299426 CHEETAH_SIGNAL SENT_AFTER_TIME 3975.686302
1544199175261363 AUDIO_PLAYBACK_ONSET 25.wav
1544199176761346 AUDIO_PLAYBACK_DONE 25.wav
1544199176756356 CHEETAH_SIGNAL SENT_AFTER_TIME 3978.143171
1544199174327391 KEY_PRESS l
1544199176791714 CHEETAH_SIGNAL SENT_AFTER_TIME 3978.178567
1544199177761346 AUDIO_PLAYBACK_ONSET 26.wav
1544199179120716 AUDIO_PLAYBACK_DONE 26.wav
1544199179121682 CHEETAH_SIGNAL SENT_AFTER_TIME 3980.508501
1544199179156613 CHEETAH_SIGNAL SENT_AFTER_TIME 3980.543523
1544199180120716 AUDIO_PLAYBACK_ONSET 27.wav
1544199181808203 AUDIO_PLAYBACK_DONE 27.wav
1544199181810618 CHEETAH_SIGNAL SENT_AFTER_TIME 3983.197396
1544199181845633 CHEETAH_SIGNAL SENT_AFTER_TIME 3983.232541
1544199182808203 AUDIO_PLAYBACK_ONSET 28.wav
1544199184308207 AUDIO_PLAYBACK_DONE 28.wav
1544199184312694 CHEETAH_SIGNAL SENT_AFTER_TIME 3985.699476
1544199184347705 CHEETAH_SIGNAL SENT_AFTER_TIME 3985.734601
1544199185308207 AUDIO_PLAYBACK_ONSET 29.wav
1544199186808185 AUDIO_PLAYBACK_DONE 29.wav
1544199186802511 CHEETAH_SIGNAL SENT_AFTER_TIME 3988.189322
1544199186837857 CHEETAH_SIGNAL SENT_AFTER_TIME 3988.224772
1544199187808185 AUDIO_PLAYBACK_ONSET 30.wav
1544199189308168 AUDIO_PLAYBACK_DONE 30.wav
1544199189312582 CHEETAH_SIGNAL SENT_AFTER_TIME 3990.699357
1544199189347738 CHEETAH_SIGNAL SENT_AFTER_TIME 3990.734634
1544199190308168 AUDIO_PLAYBACK_ONSET 31.wav
1544199191558146 AUDIO_PLAYBACK_DONE 31.wav
1544199191554643 CHEETAH_SIGNAL SENT_AFTER_TIME 3992.941414
1544199191589663 CHEETAH_SIGNAL SENT_AFTER_TIME 3992.976568
1544199192558146 AUDIO_PLAYBACK_ONSET 32.wav
1544199193792504 AUDIO_PLAYBACK_DONE 32.wav
1544199193785131 CHEETAH_SIGNAL SENT_AFTER_TIME 3995.171902
1544199193820096 CHEETAH_SIGNAL SENT_AFTER_TIME 3995.206968
1544199194792504 AUDIO_PLAYBACK_ONSET 33.wav
1544199195933118 AUDIO_PLAYBACK_DONE 33.wav
1544199195926789 CHEETAH_SIGNAL SENT_AFTER_TIME 3997.313561
1544199195961822 CHEETAH_SIGNAL SENT_AFTER_TIME 3997.348726
1544199196933118 AUDIO_PLAYBACK_ONSET 34.wav
1544199198308109 AUDIO_PLAYBACK_DONE 34.wav
1544199198304926 CHEETAH_SIGNAL SENT_AFTER_TIME 3999.691706
1544199198340275 CHEETAH_SIGNAL SENT_AFTER_TIME 3999.727180
1544199199308109 AUDIO_PLAYBACK_ONSET 35.wav
1544199200870609 AUDIO_PLAYBACK_DONE 35.wav
1544199200865026 CHEETAH_SIGNAL SENT_AFTER_TIME 4002.251817
1544199200900026 CHEETAH_SIGNAL SENT_AFTER_TIME 4002.286897
1544199201870609 AUDIO_PLAYBACK_ONSET 36.wav
1544199203120590 AUDIO_PLAYBACK_DONE 36.wav
1544199203116539 CHEETAH_SIGNAL SENT_AFTER_TIME 4004.503321
1544199203151635 CHEETAH_SIGNAL SENT_AFTER_TIME 4004.538504
1544199204120590 AUDIO_PLAYBACK_ONSET 37.wav
1544199205214335 AUDIO_PLAYBACK_DONE 37.wav
1544199205214166 CHEETAH_SIGNAL SENT_AFTER_TIME 4006.600899
1544199205249131 CHEETAH_SIGNAL SENT_AFTER_TIME 4006.636012
1544199206214335 AUDIO_PLAYBACK_ONSET 38.wav
1544199207495604 AUDIO_PLAYBACK_DONE 38.wav
1544199207491851 CHEETAH_SIGNAL SENT_AFTER_TIME 4008.878636
1544199207526409 CHEETAH_SIGNAL SENT_AFTER_TIME 4008.913273
1544199208495604 AUDIO_PLAYBACK_ONSET 39.wav
1544199210370597 AUDIO_PLAYBACK_DONE 39.wav
1544199210370288 CHEETAH_SIGNAL SENT_AFTER_TIME 4011.757117
1544199210405734 CHEETAH_SIGNAL SENT_AFTER_TIME 4011.792641
1544199211370597 AUDIO_PLAYBACK_ONSET 40.wav
1544199212808085 AUDIO_PLAYBACK_DONE 40.wav
1544199212803097 CHEETAH_SIGNAL SENT_AFTER_TIME 4014.189871
1544199212838121 CHEETAH_SIGNAL SENT_AFTER_TIME 4014.224988
1544199213808085 AUDIO_PLAYBACK_ONSET 41.wav
1544199215034664 AUDIO_PLAYBACK_DONE 41.wav
1544199215034720 CHEETAH_SIGNAL SENT_AFTER_TIME 4016.421494
1544199215069695 CHEETAH_SIGNAL SENT_AFTER_TIME 4016.456594
1544199216034664 AUDIO_PLAYBACK_ONSET 42.wav
1544199217190903 AUDIO_PLAYBACK_DONE 42.wav
1544199217189056 CHEETAH_SIGNAL SENT_AFTER_TIME 4018.575827
1544199217224097 CHEETAH_SIGNAL SENT_AFTER_TIME 4018.611020
1544199218190903 AUDIO_PLAYBACK_ONSET 43.wav
1544199219440906 AUDIO_PLAYBACK_DONE 43.wav
1544199219437452 CHEETAH_SIGNAL SENT_AFTER_TIME 4020.824234
1544199219472564 CHEETAH_SIGNAL SENT_AFTER_TIME 4020.859420
1544199220440906 AUDIO_PLAYBACK_ONSET 44.wav
1544199221628391 AUDIO_PLAYBACK_DONE 44.wav
1544199221626087 CHEETAH_SIGNAL SENT_AFTER_TIME 4023.012867
1544199221591323 KEY_PRESS l
1544199221661732 CHEETAH_SIGNAL SENT_AFTER_TIME 4023.048611
1544199222628391 AUDIO_PLAYBACK_ONSET 45.wav
1544199223722136 AUDIO_PLAYBACK_DONE 45.wav
1544199223721887 CHEETAH_SIGNAL SENT_AFTER_TIME 4025.108653
1544199221743431 KEY_PRESS l
1544199223756990 CHEETAH_SIGNAL SENT_AFTER_TIME 4025.143907
1544199224722136 AUDIO_PLAYBACK_ONSET 46.wav
1544199225784633 AUDIO_PLAYBACK_DONE 46.wav
1544199225783737 CHEETAH_SIGNAL SENT_AFTER_TIME 4027.170505
1544199225819031 CHEETAH_SIGNAL SENT_AFTER_TIME 4027.205950
1544199226784633 AUDIO_PLAYBACK_ONSET 47.wav
1544199228018989 AUDIO_PLAYBACK_DONE 47.wav
1544199228021903 CHEETAH_SIGNAL SENT_AFTER_TIME 4029.408716
1544199228056822 CHEETAH_SIGNAL SENT_AFTER_TIME 4029.443747
1544199229018989 AUDIO_PLAYBACK_ONSET 48.wav
1544199230190851 AUDIO_PLAYBACK_DONE 48.wav
1544199230193467 CHEETAH_SIGNAL SENT_AFTER_TIME 4031.580254
1544199230228387 CHEETAH_SIGNAL SENT_AFTER_TIME 4031.615247
1544199231190851 AUDIO_PLAYBACK_ONSET 49.wav
1544199232456500 AUDIO_PLAYBACK_DONE 49.wav
1544199232458497 CHEETAH_SIGNAL SENT_AFTER_TIME 4033.845260
1544199232493989 CHEETAH_SIGNAL SENT_AFTER_TIME 4033.880833
1544199233456500 AUDIO_PLAYBACK_ONSET 50.wav
1544199234558043 AUDIO_PLAYBACK_DONE 50.wav
1544199234559716 CHEETAH_SIGNAL SENT_AFTER_TIME 4035.946517
1544199232503410 KEY_PRESS l
1544199232687439 KEY_PRESS l
1544199234594614 CHEETAH_SIGNAL SENT_AFTER_TIME 4035.981553
1544199235558043 AUDIO_PLAYBACK_ONSET 51.wav
1544199236901790 AUDIO_PLAYBACK_DONE 51.wav
1544199236897975 CHEETAH_SIGNAL SENT_AFTER_TIME 4038.284764
1544199236932781 CHEETAH_SIGNAL SENT_AFTER_TIME 4038.319669
1544199237901790 AUDIO_PLAYBACK_ONSET 52.wav
1544199239151791 AUDIO_PLAYBACK_DONE 52.wav
1544199239148204 CHEETAH_SIGNAL SENT_AFTER_TIME 4040.534961
1544199239183182 CHEETAH_SIGNAL SENT_AFTER_TIME 4040.570058
1544199240151791 AUDIO_PLAYBACK_ONSET 53.wav
1544199241651769 AUDIO_PLAYBACK_DONE 53.wav
1544199241646074 CHEETAH_SIGNAL SENT_AFTER_TIME 4043.032863
1544199241681494 CHEETAH_SIGNAL SENT_AFTER_TIME 4043.068368
1544199242651769 AUDIO_PLAYBACK_ONSET 54.wav
1544199243901750 AUDIO_PLAYBACK_DONE 54.wav
1544199243898823 CHEETAH_SIGNAL SENT_AFTER_TIME 4045.285600
1544199243933860 CHEETAH_SIGNAL SENT_AFTER_TIME 4045.320786
1544199244901750 AUDIO_PLAYBACK_ONSET 55.wav
1544199246089233 AUDIO_PLAYBACK_DONE 55.wav
1544199246087426 CHEETAH_SIGNAL SENT_AFTER_TIME 4047.474216
1544199246121979 CHEETAH_SIGNAL SENT_AFTER_TIME 4047.508909
1544199247089233 AUDIO_PLAYBACK_ONSET 56.wav
1544199248870485 AUDIO_PLAYBACK_DONE 56.wav
1544199248872173 CHEETAH_SIGNAL SENT_AFTER_TIME 4050.258984
1544199248907176 CHEETAH_SIGNAL SENT_AFTER_TIME 4050.294080
1544199249870485 AUDIO_PLAYBACK_ONSET 57.wav
1544199251104843 AUDIO_PLAYBACK_DONE 57.wav
1544199251107262 CHEETAH_SIGNAL SENT_AFTER_TIME 4052.494060
1544199250887366 KEY_PRESS l
1544199251071433 KEY_PRESS l
1544199251142651 CHEETAH_SIGNAL SENT_AFTER_TIME 4052.529531
1544199252104843 AUDIO_PLAYBACK_ONSET 58.wav
1544199253331399 AUDIO_PLAYBACK_DONE 58.wav
1544199253330957 CHEETAH_SIGNAL SENT_AFTER_TIME 4054.717747
1544199253365912 CHEETAH_SIGNAL SENT_AFTER_TIME 4054.752795
1544199254331399 AUDIO_PLAYBACK_ONSET 59.wav
1544199255636095 AUDIO_PLAYBACK_DONE 59.wav
1544199255640667 CHEETAH_SIGNAL SENT_AFTER_TIME 4057.027486
1544199255675600 CHEETAH_SIGNAL SENT_AFTER_TIME 4057.062526
1544199256636095 AUDIO_PLAYBACK_ONSET 60.wav
1544199258417346 AUDIO_PLAYBACK_DONE 60.wav
1544199258417650 CHEETAH_SIGNAL SENT_AFTER_TIME 4059.804440
1544199258453516 CHEETAH_SIGNAL SENT_AFTER_TIME 4059.840421
1544199259417346 AUDIO_PLAYBACK_ONSET 61.wav
1544199260917325 AUDIO_PLAYBACK_DONE 61.wav
1544199260921909 CHEETAH_SIGNAL SENT_AFTER_TIME 4062.308678
1544199260957066 CHEETAH_SIGNAL SENT_AFTER_TIME 4062.343938
1544199261917325 AUDIO_PLAYBACK_ONSET 62.wav
1544199263386060 AUDIO_PLAYBACK_DONE 62.wav
1544199263379753 CHEETAH_SIGNAL SENT_AFTER_TIME 4064.766535
1544199263414266 CHEETAH_SIGNAL SENT_AFTER_TIME 4064.801137
1544199264386060 AUDIO_PLAYBACK_ONSET 63.wav
1544199265550120 AUDIO_PLAYBACK_DONE 63.wav
1544199265540773 CHEETAH_SIGNAL SENT_AFTER_TIME 4066.927562
1544199265575725 CHEETAH_SIGNAL SENT_AFTER_TIME 4066.962649
1544199266550120 AUDIO_PLAYBACK_ONSET 64.wav
1544199267534498 AUDIO_PLAYBACK_DONE 64.wav
1544199267530211 CHEETAH_SIGNAL SENT_AFTER_TIME 4068.916997
1544199267565229 CHEETAH_SIGNAL SENT_AFTER_TIME 4068.952149
1544199268534498 AUDIO_PLAYBACK_ONSET 65.wav
1544199269909487 AUDIO_PLAYBACK_DONE 65.wav
1544199269904705 CHEETAH_SIGNAL SENT_AFTER_TIME 4071.291519
1544199269939780 CHEETAH_SIGNAL SENT_AFTER_TIME 4071.326680
1544199270909487 AUDIO_PLAYBACK_ONSET 66.wav
1544199272120420 AUDIO_PLAYBACK_DONE 66.wav
1544199272115288 CHEETAH_SIGNAL SENT_AFTER_TIME 4073.502058
1544199272150212 CHEETAH_SIGNAL SENT_AFTER_TIME 4073.537118
1544199273120420 AUDIO_PLAYBACK_ONSET 67.wav
1544199274042283 AUDIO_PLAYBACK_DONE 67.wav
1544199274038061 CHEETAH_SIGNAL SENT_AFTER_TIME 4075.424847
1544199274072986 CHEETAH_SIGNAL SENT_AFTER_TIME 4075.459899
1544199275042283 AUDIO_PLAYBACK_ONSET 68.wav
1544199276018837 AUDIO_PLAYBACK_DONE 68.wav
1544199276012093 CHEETAH_SIGNAL SENT_AFTER_TIME 4077.398913
1544199276047049 CHEETAH_SIGNAL SENT_AFTER_TIME 4077.433930
1544199277018837 AUDIO_PLAYBACK_ONSET 69.wav
1544199278315712 AUDIO_PLAYBACK_DONE 69.wav
1544199278316577 CHEETAH_SIGNAL SENT_AFTER_TIME 4079.703389
1544199278351483 CHEETAH_SIGNAL SENT_AFTER_TIME 4079.738420
1544199279315712 AUDIO_PLAYBACK_ONSET 70.wav
1544199280846961 AUDIO_PLAYBACK_DONE 70.wav
1544199280849961 CHEETAH_SIGNAL SENT_AFTER_TIME 4082.236785
1544199280885290 CHEETAH_SIGNAL SENT_AFTER_TIME 4082.272169
1544199281846961 AUDIO_PLAYBACK_ONSET 71.wav
1544199282846941 AUDIO_PLAYBACK_DONE 71.wav
1544199282847045 CHEETAH_SIGNAL SENT_AFTER_TIME 4084.233821
1544199282881941 CHEETAH_SIGNAL SENT_AFTER_TIME 4084.268840
1544199283846941 AUDIO_PLAYBACK_ONSET 72.wav
1544199285331317 AUDIO_PLAYBACK_DONE 72.wav
1544199285331578 CHEETAH_SIGNAL SENT_AFTER_TIME 4086.718344
1544199285366519 CHEETAH_SIGNAL SENT_AFTER_TIME 4086.753411
1544199286331317 AUDIO_PLAYBACK_ONSET 73.wav
1544199287721934 AUDIO_PLAYBACK_DONE 73.wav
1544199287723214 CHEETAH_SIGNAL SENT_AFTER_TIME 4089.109995
1544199287757672 CHEETAH_SIGNAL SENT_AFTER_TIME 4089.144576
1544199288721934 AUDIO_PLAYBACK_ONSET 74.wav
1544199289909417 AUDIO_PLAYBACK_DONE 74.wav
1544199289907244 CHEETAH_SIGNAL SENT_AFTER_TIME 4091.294037
1544199289823447 KEY_PRESS l
1544199289942387 CHEETAH_SIGNAL SENT_AFTER_TIME 4091.329266
1544199290909417 AUDIO_PLAYBACK_ONSET 75.wav
1544199291909397 AUDIO_PLAYBACK_DONE 75.wav
1544199291909646 CHEETAH_SIGNAL SENT_AFTER_TIME 4093.296424
1544199290023445 KEY_PRESS l
1544199291944790 CHEETAH_SIGNAL SENT_AFTER_TIME 4093.331707
1544199292909397 AUDIO_PLAYBACK_ONSET 76.wav
1544199294221896 AUDIO_PLAYBACK_DONE 76.wav
1544199294217507 CHEETAH_SIGNAL SENT_AFTER_TIME 4095.604259
1544199294252677 CHEETAH_SIGNAL SENT_AFTER_TIME 4095.639579
1544199295221896 AUDIO_PLAYBACK_ONSET 77.wav
1544199296268767 AUDIO_PLAYBACK_DONE 77.wav
1544199296262598 CHEETAH_SIGNAL SENT_AFTER_TIME 4097.649384
1544199296298036 CHEETAH_SIGNAL SENT_AFTER_TIME 4097.684928
1544199297268767 AUDIO_PLAYBACK_ONSET 78.wav
1544199298690631 AUDIO_PLAYBACK_DONE 78.wav
1544199298690845 CHEETAH_SIGNAL SENT_AFTER_TIME 4100.077618
1544199298725774 CHEETAH_SIGNAL SENT_AFTER_TIME 4100.112683
1544199299690631 AUDIO_PLAYBACK_ONSET 79.wav
1544199301003129 AUDIO_PLAYBACK_DONE 79.wav
1544199300998916 CHEETAH_SIGNAL SENT_AFTER_TIME 4102.385703
1544199301033970 CHEETAH_SIGNAL SENT_AFTER_TIME 4102.420867
1544199302003129 AUDIO_PLAYBACK_ONSET 80.wav
1544199303221861 AUDIO_PLAYBACK_DONE 80.wav
1544199303219315 CHEETAH_SIGNAL SENT_AFTER_TIME 4104.606093
1544199303254252 CHEETAH_SIGNAL SENT_AFTER_TIME 4104.641149
1544199304221861 AUDIO_PLAYBACK_ONSET 81.wav
1544199305409365 AUDIO_PLAYBACK_DONE 81.wav
1544199305407169 CHEETAH_SIGNAL SENT_AFTER_TIME 4106.793921
1544199305442138 CHEETAH_SIGNAL SENT_AFTER_TIME 4106.829017
1544199306409365 AUDIO_PLAYBACK_ONSET 82.wav
1544199307690617 AUDIO_PLAYBACK_DONE 82.wav
1544199307687173 CHEETAH_SIGNAL SENT_AFTER_TIME 4109.073944
1544199307722875 CHEETAH_SIGNAL SENT_AFTER_TIME 4109.109751
1544199308690617 AUDIO_PLAYBACK_ONSET 83.wav
1544199310378125 AUDIO_PLAYBACK_DONE 83.wav
1544199310379375 CHEETAH_SIGNAL SENT_AFTER_TIME 4111.766167
1544199310414366 CHEETAH_SIGNAL SENT_AFTER_TIME 4111.801209
1544199311378125 AUDIO_PLAYBACK_ONSET 84.wav
1544199312628104 AUDIO_PLAYBACK_DONE 84.wav
1544199312624899 CHEETAH_SIGNAL SENT_AFTER_TIME 4114.011674
1544199312659832 CHEETAH_SIGNAL SENT_AFTER_TIME 4114.046750
1544199313628104 AUDIO_PLAYBACK_ONSET 85.wav
1544199314971849 AUDIO_PLAYBACK_DONE 85.wav
1544199314968327 CHEETAH_SIGNAL SENT_AFTER_TIME 4116.355128
1544199314879445 KEY_PRESS l
1544199315003479 CHEETAH_SIGNAL SENT_AFTER_TIME 4116.390360
1544199315971849 AUDIO_PLAYBACK_ONSET 86.wav
1544199317284346 AUDIO_PLAYBACK_DONE 86.wav
1544199317280385 CHEETAH_SIGNAL SENT_AFTER_TIME 4118.667148
1544199315079431 KEY_PRESS l
1544199317315352 CHEETAH_SIGNAL SENT_AFTER_TIME 4118.702294
1544199318284346 AUDIO_PLAYBACK_ONSET 87.wav
1544199319393713 AUDIO_PLAYBACK_DONE 87.wav
1544199319397706 CHEETAH_SIGNAL SENT_AFTER_TIME 4120.784483
1544199319432673 CHEETAH_SIGNAL SENT_AFTER_TIME 4120.819586
1544199320393713 AUDIO_PLAYBACK_ONSET 88.wav
1544199321612465 AUDIO_PLAYBACK_DONE 88.wav
1544199321609702 CHEETAH_SIGNAL SENT_AFTER_TIME 4122.996524
1544199321644672 CHEETAH_SIGNAL SENT_AFTER_TIME 4123.031596
1544199322612465 AUDIO_PLAYBACK_ONSET 89.wav
1544199323542148 AUDIO_PLAYBACK_DONE 89.wav
1544199323539865 CHEETAH_SIGNAL SENT_AFTER_TIME 4124.926667
1544199323575394 CHEETAH_SIGNAL SENT_AFTER_TIME 4124.962229
1544199324542148 AUDIO_PLAYBACK_ONSET 90.wav
1544199325932764 AUDIO_PLAYBACK_DONE 90.wav
1544199325933527 CHEETAH_SIGNAL SENT_AFTER_TIME 4127.320303
1544199325968544 CHEETAH_SIGNAL SENT_AFTER_TIME 4127.355443
1544199326932764 AUDIO_PLAYBACK_ONSET 91.wav
1544199327839001 AUDIO_PLAYBACK_DONE 91.wav
1544199327840503 CHEETAH_SIGNAL SENT_AFTER_TIME 4129.227271
1544199327875497 CHEETAH_SIGNAL SENT_AFTER_TIME 4129.262377
1544199328839001 AUDIO_PLAYBACK_ONSET 92.wav
1544199330088984 AUDIO_PLAYBACK_DONE 92.wav
1544199330086592 CHEETAH_SIGNAL SENT_AFTER_TIME 4131.473409
1544199330121367 CHEETAH_SIGNAL SENT_AFTER_TIME 4131.508257
1544199331088984 AUDIO_PLAYBACK_ONSET 93.wav
1544199332604608 AUDIO_PLAYBACK_DONE 93.wav
1544199332603998 CHEETAH_SIGNAL SENT_AFTER_TIME 4133.990781
1544199332639065 CHEETAH_SIGNAL SENT_AFTER_TIME 4134.025957
1544199333604608 AUDIO_PLAYBACK_ONSET 94.wav
1544199334823342 AUDIO_PLAYBACK_DONE 94.wav
1544199334820711 CHEETAH_SIGNAL SENT_AFTER_TIME 4136.207491
1544199334856025 CHEETAH_SIGNAL SENT_AFTER_TIME 4136.242935
1544199335823342 AUDIO_PLAYBACK_ONSET 95.wav
1544199337096790 AUDIO_PLAYBACK_DONE 95.wav
1544199337090642 CHEETAH_SIGNAL SENT_AFTER_TIME 4138.477470
1544199337125675 CHEETAH_SIGNAL SENT_AFTER_TIME 4138.512518
1544199338096790 AUDIO_PLAYBACK_ONSET 96.wav
1544199339448335 AUDIO_PLAYBACK_DONE 96.wav
1544199339447589 CHEETAH_SIGNAL SENT_AFTER_TIME 4140.834361
1544199339482684 CHEETAH_SIGNAL SENT_AFTER_TIME 4140.869581
1544199340448335 AUDIO_PLAYBACK_ONSET 97.wav
1544199342100675 AUDIO_PLAYBACK_DONE 97.wav
1544199342097389 CHEETAH_SIGNAL SENT_AFTER_TIME 4143.484194
1544199342132427 CHEETAH_SIGNAL SENT_AFTER_TIME 4143.519323
1544199343100675 AUDIO_PLAYBACK_ONSET 98.wav
1544199344448338 AUDIO_PLAYBACK_DONE 98.wav
1544199344450144 CHEETAH_SIGNAL SENT_AFTER_TIME 4145.836920
1544199344485048 CHEETAH_SIGNAL SENT_AFTER_TIME 4145.871964
1544199345448338 AUDIO_PLAYBACK_ONSET 99.wav
1544199346542083 AUDIO_PLAYBACK_DONE 99.wav
1544199346540477 CHEETAH_SIGNAL SENT_AFTER_TIME 4147.927304
1544199346576007 CHEETAH_SIGNAL SENT_AFTER_TIME 4147.962894
1544199347542083 AUDIO_PLAYBACK_ONSET 100.wav
1544199348417096 AUDIO_PLAYBACK_DONE 100.wav
1544199348419566 CHEETAH_SIGNAL SENT_AFTER_TIME 4149.806350
1544199348454584 CHEETAH_SIGNAL SENT_AFTER_TIME 4149.841465
1544199349417096 AUDIO_PLAYBACK_ONSET 101.wav
1544199350651452 AUDIO_PLAYBACK_DONE 101.wav
1544199350653919 CHEETAH_SIGNAL SENT_AFTER_TIME 4152.040701
1544199350688829 CHEETAH_SIGNAL SENT_AFTER_TIME 4152.075763
1544199351651452 AUDIO_PLAYBACK_ONSET 102.wav
1544199353245198 AUDIO_PLAYBACK_DONE 102.wav
1544199353238476 CHEETAH_SIGNAL SENT_AFTER_TIME 4154.625255
1544199353271599 CHEETAH_SIGNAL SENT_AFTER_TIME 4154.658529
1544199354245198 AUDIO_PLAYBACK_ONSET 103.wav
1544199355635833 AUDIO_PLAYBACK_DONE 103.wav
1544199355635785 CHEETAH_SIGNAL SENT_AFTER_TIME 4157.022570
1544199355670724 CHEETAH_SIGNAL SENT_AFTER_TIME 4157.057606
1544199356635833 AUDIO_PLAYBACK_ONSET 104.wav
1544199358260825 AUDIO_PLAYBACK_DONE 104.wav
1544199358263560 CHEETAH_SIGNAL SENT_AFTER_TIME 4159.650372
1544199358299100 CHEETAH_SIGNAL SENT_AFTER_TIME 4159.685982
1544199359260825 AUDIO_PLAYBACK_ONSET 105.wav
1544199360475680 AUDIO_PLAYBACK_DONE 105.wav
1544199360476510 CHEETAH_SIGNAL SENT_AFTER_TIME 4161.863302
1544199360511460 CHEETAH_SIGNAL SENT_AFTER_TIME 4161.898337
1544199361475680 AUDIO_PLAYBACK_ONSET 106.wav
1544199362694411 AUDIO_PLAYBACK_DONE 106.wav
1544199362691956 CHEETAH_SIGNAL SENT_AFTER_TIME 4164.078791
1544199362726819 CHEETAH_SIGNAL SENT_AFTER_TIME 4164.113728
1544199363694411 AUDIO_PLAYBACK_ONSET 107.wav
1544199364858495 AUDIO_PLAYBACK_DONE 107.wav
1544199364859171 CHEETAH_SIGNAL SENT_AFTER_TIME 4166.245960
1544199364894205 CHEETAH_SIGNAL SENT_AFTER_TIME 4166.281108
1544199365858495 AUDIO_PLAYBACK_ONSET 108.wav
1544199367342851 AUDIO_PLAYBACK_DONE 108.wav
1544199367342091 CHEETAH_SIGNAL SENT_AFTER_TIME 4168.728880
1544199367377266 CHEETAH_SIGNAL SENT_AFTER_TIME 4168.764161
1544199368342851 AUDIO_PLAYBACK_ONSET 109.wav
1544199369788180 AUDIO_PLAYBACK_DONE 109.wav
1544199369786592 CHEETAH_SIGNAL SENT_AFTER_TIME 4171.173352
1544199369821891 CHEETAH_SIGNAL SENT_AFTER_TIME 4171.208793
1544199370788180 AUDIO_PLAYBACK_ONSET 110.wav
1544199372319454 AUDIO_PLAYBACK_DONE 110.wav
1544199372311921 CHEETAH_SIGNAL SENT_AFTER_TIME 4173.698772
1544199371959429 KEY_PRESS l
1544199372127403 KEY_PRESS l
1544199372347265 CHEETAH_SIGNAL SENT_AFTER_TIME 4173.734148
1544199373319454 AUDIO_PLAYBACK_ONSET 111.wav
1544199374600703 AUDIO_PLAYBACK_DONE 111.wav
1544199374597001 CHEETAH_SIGNAL SENT_AFTER_TIME 4175.983781
1544199374632370 CHEETAH_SIGNAL SENT_AFTER_TIME 4176.019266
1544199375600703 AUDIO_PLAYBACK_ONSET 112.wav
1544199376538188 AUDIO_PLAYBACK_DONE 112.wav
1544199376539263 CHEETAH_SIGNAL SENT_AFTER_TIME 4177.926020
1544199376574228 CHEETAH_SIGNAL SENT_AFTER_TIME 4177.961138
1544199377538188 AUDIO_PLAYBACK_ONSET 113.wav
1544199378756919 AUDIO_PLAYBACK_DONE 113.wav
1544199378755659 CHEETAH_SIGNAL SENT_AFTER_TIME 4180.142443
1544199378790699 CHEETAH_SIGNAL SENT_AFTER_TIME 4180.177601
1544199379756919 AUDIO_PLAYBACK_ONSET 114.wav
1544199380991275 AUDIO_PLAYBACK_DONE 114.wav
1544199380993868 CHEETAH_SIGNAL SENT_AFTER_TIME 4182.380641
1544199381028877 CHEETAH_SIGNAL SENT_AFTER_TIME 4182.415779
1544199381991275 AUDIO_PLAYBACK_ONSET 115.wav
1544199383788168 AUDIO_PLAYBACK_DONE 115.wav
1544199383783328 CHEETAH_SIGNAL SENT_AFTER_TIME 4185.170172
1544199383818285 CHEETAH_SIGNAL SENT_AFTER_TIME 4185.205168
1544199384788168 AUDIO_PLAYBACK_ONSET 116.wav
1544199385850664 AUDIO_PLAYBACK_DONE 116.wav
1544199385850370 CHEETAH_SIGNAL SENT_AFTER_TIME 4187.237157
1544199385885678 CHEETAH_SIGNAL SENT_AFTER_TIME 4187.272606
1544199386850664 AUDIO_PLAYBACK_ONSET 117.wav
1544199388225679 AUDIO_PLAYBACK_DONE 117.wav
1544199388221975 CHEETAH_SIGNAL SENT_AFTER_TIME 4189.608758
1544199388256945 CHEETAH_SIGNAL SENT_AFTER_TIME 4189.643827
1544199389225679 AUDIO_PLAYBACK_ONSET 118.wav
1544199390725659 AUDIO_PLAYBACK_DONE 118.wav
1544199390720154 CHEETAH_SIGNAL SENT_AFTER_TIME 4192.106932
1544199390755111 CHEETAH_SIGNAL SENT_AFTER_TIME 4192.142009
1544199391725659 AUDIO_PLAYBACK_ONSET 119.wav
1544199392881899 AUDIO_PLAYBACK_DONE 119.wav
1544199392879929 CHEETAH_SIGNAL SENT_AFTER_TIME 4194.266700
1544199392914972 CHEETAH_SIGNAL SENT_AFTER_TIME 4194.301867
1544199393881899 AUDIO_PLAYBACK_ONSET 120.wav
1544199395178770 AUDIO_PLAYBACK_DONE 120.wav
1544199395169670 CHEETAH_SIGNAL SENT_AFTER_TIME 4196.556448
1544199395204620 CHEETAH_SIGNAL SENT_AFTER_TIME 4196.591533
1544199396178770 AUDIO_PLAYBACK_ONSET 121.wav
1544199397616254 AUDIO_PLAYBACK_DONE 121.wav
1544199397611079 CHEETAH_SIGNAL SENT_AFTER_TIME 4198.997859
1544199397646393 CHEETAH_SIGNAL SENT_AFTER_TIME 4199.033274
1544199398616254 AUDIO_PLAYBACK_ONSET 122.wav
1544199399803741 AUDIO_PLAYBACK_DONE 122.wav
1544199399801131 CHEETAH_SIGNAL SENT_AFTER_TIME 4201.187911
1544199399836008 CHEETAH_SIGNAL SENT_AFTER_TIME 4201.222927
1544199400803741 AUDIO_PLAYBACK_ONSET 123.wav
1544199402100610 AUDIO_PLAYBACK_DONE 123.wav
1544199402102913 CHEETAH_SIGNAL SENT_AFTER_TIME 4203.489689
1544199402137869 CHEETAH_SIGNAL SENT_AFTER_TIME 4203.524761
1544199403100610 AUDIO_PLAYBACK_ONSET 124.wav
1544199404084969 AUDIO_PLAYBACK_DONE 124.wav
1544199404080398 CHEETAH_SIGNAL SENT_AFTER_TIME 4205.467156
1544199404115501 CHEETAH_SIGNAL SENT_AFTER_TIME 4205.502372
1544199405084969 AUDIO_PLAYBACK_ONSET 125.wav
1544199406209958 AUDIO_PLAYBACK_DONE 125.wav
1544199406208130 CHEETAH_SIGNAL SENT_AFTER_TIME 4207.594909
1544199406242807 CHEETAH_SIGNAL SENT_AFTER_TIME 4207.629678
1544199407209958 AUDIO_PLAYBACK_ONSET 126.wav
1544199408600594 AUDIO_PLAYBACK_DONE 126.wav
1544199408601042 CHEETAH_SIGNAL SENT_AFTER_TIME 4209.987804
1544199408636437 CHEETAH_SIGNAL SENT_AFTER_TIME 4210.023288
1544199409600594 AUDIO_PLAYBACK_ONSET 127.wav
1544199410780278 AUDIO_PLAYBACK_DONE 127.wav
1544199410775278 CHEETAH_SIGNAL SENT_AFTER_TIME 4212.162044
1544199408655377 KEY_PRESS l
1544199408823437 KEY_PRESS l
1544199410810062 CHEETAH_SIGNAL SENT_AFTER_TIME 4212.197026
1544199411780278 AUDIO_PLAYBACK_ONSET 128.wav
1544199413092775 AUDIO_PLAYBACK_DONE 128.wav
1544199413088898 CHEETAH_SIGNAL SENT_AFTER_TIME 4214.475679
1544199413124230 CHEETAH_SIGNAL SENT_AFTER_TIME 4214.511129
1544199414092775 AUDIO_PLAYBACK_ONSET 129.wav
1544199415217767 AUDIO_PLAYBACK_DONE 129.wav
1544199415216385 CHEETAH_SIGNAL SENT_AFTER_TIME 4216.603177
1544199415251346 CHEETAH_SIGNAL SENT_AFTER_TIME 4216.638229
1544199416217767 AUDIO_PLAYBACK_ONSET 130.wav
1544199417530260 AUDIO_PLAYBACK_DONE 130.wav
1544199417526206 CHEETAH_SIGNAL SENT_AFTER_TIME 4218.913025
1544199417561139 CHEETAH_SIGNAL SENT_AFTER_TIME 4218.948030
1544199418530260 AUDIO_PLAYBACK_ONSET 131.wav
1544199419405249 AUDIO_PLAYBACK_DONE 131.wav
1544199419406508 CHEETAH_SIGNAL SENT_AFTER_TIME 4220.793327
1544199419441566 CHEETAH_SIGNAL SENT_AFTER_TIME 4220.828467
1544199420405249 AUDIO_PLAYBACK_ONSET 132.wav
1544199422018536 AUDIO_PLAYBACK_DONE 132.wav
1544199422012560 CHEETAH_SIGNAL SENT_AFTER_TIME 4223.399364
1544199422047594 CHEETAH_SIGNAL SENT_AFTER_TIME 4223.434526
1544199423018536 AUDIO_PLAYBACK_ONSET 133.wav
1544199424346658 AUDIO_PLAYBACK_DONE 133.wav
1544199424349425 CHEETAH_SIGNAL SENT_AFTER_TIME 4225.736244
1544199424384747 CHEETAH_SIGNAL SENT_AFTER_TIME 4225.771664
1544199425346658 AUDIO_PLAYBACK_ONSET 134.wav
1544199426135706 AUDIO_PLAYBACK_DONE 134.wav
1544199426130279 CHEETAH_SIGNAL SENT_AFTER_TIME 4227.517039
1544199426165243 CHEETAH_SIGNAL SENT_AFTER_TIME 4227.552145
1544199427135706 AUDIO_PLAYBACK_ONSET 135.wav
1544199428186481 AUDIO_PLAYBACK_DONE 135.wav
1544199428187105 CHEETAH_SIGNAL SENT_AFTER_TIME 4229.573878
1544199428221991 CHEETAH_SIGNAL SENT_AFTER_TIME 4229.608925
1544199429186481 AUDIO_PLAYBACK_ONSET 136.wav
1544199430803647 AUDIO_PLAYBACK_DONE 136.wav
1544199430805046 CHEETAH_SIGNAL SENT_AFTER_TIME 4232.191825
1544199430839934 CHEETAH_SIGNAL SENT_AFTER_TIME 4232.226862
1544199431803647 AUDIO_PLAYBACK_ONSET 137.wav
1544199433225507 AUDIO_PLAYBACK_DONE 137.wav
1544199433225621 CHEETAH_SIGNAL SENT_AFTER_TIME 4234.612455
1544199433260331 CHEETAH_SIGNAL SENT_AFTER_TIME 4234.647198
1544199434225507 AUDIO_PLAYBACK_ONSET 138.wav
1544199435428616 AUDIO_PLAYBACK_DONE 138.wav
1544199435431583 CHEETAH_SIGNAL SENT_AFTER_TIME 4236.818357
1544199435466967 CHEETAH_SIGNAL SENT_AFTER_TIME 4236.853891
1544199436428616 AUDIO_PLAYBACK_ONSET 139.wav
1544199437608296 AUDIO_PLAYBACK_DONE 139.wav
1544199437603513 CHEETAH_SIGNAL SENT_AFTER_TIME 4238.990285
1544199437638729 CHEETAH_SIGNAL SENT_AFTER_TIME 4239.025607
1544199438608296 AUDIO_PLAYBACK_ONSET 140.wav
1544199439889545 AUDIO_PLAYBACK_DONE 140.wav
1544199439885937 CHEETAH_SIGNAL SENT_AFTER_TIME 4241.272725
1544199439920845 CHEETAH_SIGNAL SENT_AFTER_TIME 4241.307764
1544199440889545 AUDIO_PLAYBACK_ONSET 141.wav
1544199441959840 AUDIO_PLAYBACK_DONE 141.wav
1544199441952658 CHEETAH_SIGNAL SENT_AFTER_TIME 4243.339428
1544199441987610 CHEETAH_SIGNAL SENT_AFTER_TIME 4243.374483
1544199442959840 AUDIO_PLAYBACK_ONSET 142.wav
1544199444405170 AUDIO_PLAYBACK_DONE 142.wav
1544199444402374 CHEETAH_SIGNAL SENT_AFTER_TIME 4245.789157
1544199444437342 CHEETAH_SIGNAL SENT_AFTER_TIME 4245.824212
1544199445405170 AUDIO_PLAYBACK_ONSET 143.wav
1544199446522359 AUDIO_PLAYBACK_DONE 143.wav
1544199446526805 CHEETAH_SIGNAL SENT_AFTER_TIME 4247.913592
1544199446562076 CHEETAH_SIGNAL SENT_AFTER_TIME 4247.949001
1544199447522359 AUDIO_PLAYBACK_ONSET 144.wav
1544199448834854 AUDIO_PLAYBACK_DONE 144.wav
1544199448830281 CHEETAH_SIGNAL SENT_AFTER_TIME 4250.217071
1544199448865184 CHEETAH_SIGNAL SENT_AFTER_TIME 4250.252103
1544199449834854 AUDIO_PLAYBACK_ONSET 145.wav
1544199451225470 AUDIO_PLAYBACK_DONE 145.wav
1544199451226706 CHEETAH_SIGNAL SENT_AFTER_TIME 4252.613502
1544199451261649 CHEETAH_SIGNAL SENT_AFTER_TIME 4252.648565
1544199452225470 AUDIO_PLAYBACK_ONSET 146.wav
1544199453600457 AUDIO_PLAYBACK_DONE 146.wav
1544199453597507 CHEETAH_SIGNAL SENT_AFTER_TIME 4254.984290
1544199453632373 CHEETAH_SIGNAL SENT_AFTER_TIME 4255.019266
1544199454600457 AUDIO_PLAYBACK_ONSET 147.wav
1544199455952001 AUDIO_PLAYBACK_DONE 147.wav
1544199455950434 CHEETAH_SIGNAL SENT_AFTER_TIME 4257.337222
1544199455985447 CHEETAH_SIGNAL SENT_AFTER_TIME 4257.372322
1544199456952001 AUDIO_PLAYBACK_ONSET 148.wav
1544199458217650 AUDIO_PLAYBACK_DONE 148.wav
1544199458219278 CHEETAH_SIGNAL SENT_AFTER_TIME 4259.606056
1544199458254629 CHEETAH_SIGNAL SENT_AFTER_TIME 4259.641522
1544199459217650 AUDIO_PLAYBACK_ONSET 149.wav
1544199460373886 AUDIO_PLAYBACK_DONE 149.wav
1544199460371686 CHEETAH_SIGNAL SENT_AFTER_TIME 4261.758488
1544199458367427 KEY_PRESS l
1544199458535429 KEY_PRESS l
1544199460407125 CHEETAH_SIGNAL SENT_AFTER_TIME 4261.793988
1544199461373886 AUDIO_PLAYBACK_ONSET 150.wav
1544199462623888 AUDIO_PLAYBACK_DONE 150.wav
1544199462620868 CHEETAH_SIGNAL SENT_AFTER_TIME 4264.007650
1544199462656270 CHEETAH_SIGNAL SENT_AFTER_TIME 4264.043139
1544199463623888 AUDIO_PLAYBACK_ONSET 151.wav
1544199464655136 AUDIO_PLAYBACK_DONE 151.wav
1544199464655694 CHEETAH_SIGNAL SENT_AFTER_TIME 4266.042465
1544199464690273 CHEETAH_SIGNAL SENT_AFTER_TIME 4266.077183
1544199465655136 AUDIO_PLAYBACK_ONSET 152.wav
1544199466717654 AUDIO_PLAYBACK_DONE 152.wav
1544199466717260 CHEETAH_SIGNAL SENT_AFTER_TIME 4268.104050
