1544199983957552 CHEETAH_SIGNAL SENT_AFTER_TIME 4785.383271
1544199986408459 CHEETAH_SIGNAL SENT_AFTER_TIME 4787.834201
1544199986464227 CHEETAH_SIGNAL SENT_AFTER_TIME 4787.889882
1544199986462598 DISPLAY_INSTRUCTIONS Stimuli/instructions_audio_sentences.png
1544199999739422 KEY_PRESS space
1544199999740535 CHEETAH_SIGNAL SENT_AFTER_TIME 4801.166275
1544199999835980 CHEETAH_SIGNAL SENT_AFTER_TIME 4801.261615
1544199999834243 DISPLAY_INSTRUCTIONS OFF
1544199999883343 CHEETAH_SIGNAL SENT_AFTER_TIME 4801.309073
1544199999916820 CHEETAH_SIGNAL SENT_AFTER_TIME 4801.342533
1544199999970145 CHEETAH_SIGNAL SENT_AFTER_TIME 4801.395757
1544199999968365 DISPLAY_FIXATION
1544200003171331 CHEETAH_SIGNAL SENT_AFTER_TIME 4804.596967
1544200003235041 AUDIO_PLAYBACK_ONSET 8.wav
1544200004414747 AUDIO_PLAYBACK_DONE 8.wav
1544200004410938 CHEETAH_SIGNAL SENT_AFTER_TIME 4805.836564
1544199999736458 KEY_PRESS space
1544199999784454 KEY_PRESS space
1544200004446668 CHEETAH_SIGNAL SENT_AFTER_TIME 4805.872440
1544200005414747 AUDIO_PLAYBACK_ONSET 64.wav
1544200006399125 AUDIO_PLAYBACK_DONE 64.wav
1544200006395012 CHEETAH_SIGNAL SENT_AFTER_TIME 4807.820638
1544200006430015 CHEETAH_SIGNAL SENT_AFTER_TIME 4807.855740
1544200007399125 AUDIO_PLAYBACK_ONSET 134.wav
1544200008188182 AUDIO_PLAYBACK_DONE 134.wav
1544200008183967 CHEETAH_SIGNAL SENT_AFTER_TIME 4809.609589
1544200008219025 CHEETAH_SIGNAL SENT_AFTER_TIME 4809.644759
1544200009188182 AUDIO_PLAYBACK_ONSET 44.wav
1544200010375686 AUDIO_PLAYBACK_DONE 44.wav
1544200010373736 CHEETAH_SIGNAL SENT_AFTER_TIME 4811.799403
1544200010160619 KEY_PRESS l
1544200010312579 KEY_PRESS l
1544200010409527 CHEETAH_SIGNAL SENT_AFTER_TIME 4811.835256
1544200011375686 AUDIO_PLAYBACK_ONSET 46.wav
1544200012438188 AUDIO_PLAYBACK_DONE 46.wav
1544200012438264 CHEETAH_SIGNAL SENT_AFTER_TIME 4813.863915
1544200012473172 CHEETAH_SIGNAL SENT_AFTER_TIME 4813.898926
1544200013438188 AUDIO_PLAYBACK_ONSET 99.wav
1544200014531931 AUDIO_PLAYBACK_DONE 99.wav
1544200014531739 CHEETAH_SIGNAL SENT_AFTER_TIME 4815.957398
1544200014567145 CHEETAH_SIGNAL SENT_AFTER_TIME 4815.992896
1544200015531931 AUDIO_PLAYBACK_ONSET 125.wav
1544200016656925 AUDIO_PLAYBACK_DONE 125.wav
1544200016656452 CHEETAH_SIGNAL SENT_AFTER_TIME 4818.082077
1544200016691347 CHEETAH_SIGNAL SENT_AFTER_TIME 4818.117108
1544200017656925 AUDIO_PLAYBACK_ONSET 139.wav
1544200018836610 AUDIO_PLAYBACK_DONE 139.wav
1544200018832696 CHEETAH_SIGNAL SENT_AFTER_TIME 4820.258320
1544200018867704 CHEETAH_SIGNAL SENT_AFTER_TIME 4820.293427
1544200019836610 AUDIO_PLAYBACK_ONSET 146.wav
1544200021211605 AUDIO_PLAYBACK_DONE 146.wav
1544200021209389 CHEETAH_SIGNAL SENT_AFTER_TIME 4822.635060
1544200021244370 CHEETAH_SIGNAL SENT_AFTER_TIME 4822.670121
1544200022211605 AUDIO_PLAYBACK_ONSET 59.wav
1544200023516279 AUDIO_PLAYBACK_DONE 59.wav
1544200023521228 CHEETAH_SIGNAL SENT_AFTER_TIME 4824.946855
1544200023556262 CHEETAH_SIGNAL SENT_AFTER_TIME 4824.981980
1544200024516279 AUDIO_PLAYBACK_ONSET 121.wav
1544200025953765 AUDIO_PLAYBACK_DONE 121.wav
1544200025949993 CHEETAH_SIGNAL SENT_AFTER_TIME 4827.375619
1544200025985336 CHEETAH_SIGNAL SENT_AFTER_TIME 4827.411090
1544200026953765 AUDIO_PLAYBACK_ONSET 1.wav
1544200027828758 AUDIO_PLAYBACK_DONE 1.wav
1544200027821013 CHEETAH_SIGNAL SENT_AFTER_TIME 4829.246650
1544200027855995 CHEETAH_SIGNAL SENT_AFTER_TIME 4829.281744
1544200028828758 AUDIO_PLAYBACK_ONSET 144.wav
1544200030141253 AUDIO_PLAYBACK_DONE 144.wav
1544200030138664 CHEETAH_SIGNAL SENT_AFTER_TIME 4831.564347
1544200030173636 CHEETAH_SIGNAL SENT_AFTER_TIME 4831.599386
1544200031141253 AUDIO_PLAYBACK_ONSET 60.wav
1544200032922526 AUDIO_PLAYBACK_DONE 60.wav
1544200032925426 CHEETAH_SIGNAL SENT_AFTER_TIME 4834.351066
1544200032959985 CHEETAH_SIGNAL SENT_AFTER_TIME 4834.385695
1544200033922526 AUDIO_PLAYBACK_ONSET 27.wav
1544200035610012 AUDIO_PLAYBACK_DONE 27.wav
1544200035603372 CHEETAH_SIGNAL SENT_AFTER_TIME 4837.029021
1544200035638338 CHEETAH_SIGNAL SENT_AFTER_TIME 4837.064092
1544200036610012 AUDIO_PLAYBACK_ONSET 93.wav
1544200038125638 AUDIO_PLAYBACK_DONE 93.wav
1544200038126080 CHEETAH_SIGNAL SENT_AFTER_TIME 4839.551694
1544200038161046 CHEETAH_SIGNAL SENT_AFTER_TIME 4839.586813
1544200039125638 AUDIO_PLAYBACK_ONSET 122.wav
1544200040313126 AUDIO_PLAYBACK_DONE 122.wav
1544200040311079 CHEETAH_SIGNAL SENT_AFTER_TIME 4841.736700
1544200040345740 CHEETAH_SIGNAL SENT_AFTER_TIME 4841.771435
1544200041313126 AUDIO_PLAYBACK_ONSET 138.wav
1544200042516234 AUDIO_PLAYBACK_DONE 138.wav
1544200042519582 CHEETAH_SIGNAL SENT_AFTER_TIME 4843.945205
1544200042554600 CHEETAH_SIGNAL SENT_AFTER_TIME 4843.980301
1544200043516234 AUDIO_PLAYBACK_ONSET 56.wav
1544200045297485 AUDIO_PLAYBACK_DONE 56.wav
1544200045299845 CHEETAH_SIGNAL SENT_AFTER_TIME 4846.725436
1544200045334910 CHEETAH_SIGNAL SENT_AFTER_TIME 4846.760666
1544200046297485 AUDIO_PLAYBACK_ONSET 128.wav
1544200047609986 AUDIO_PLAYBACK_DONE 128.wav
1544200047606344 CHEETAH_SIGNAL SENT_AFTER_TIME 4849.031971
1544200047641259 CHEETAH_SIGNAL SENT_AFTER_TIME 4849.066982
1544200048609986 AUDIO_PLAYBACK_ONSET 92.wav
1544200049859965 AUDIO_PLAYBACK_DONE 92.wav
1544200049857693 CHEETAH_SIGNAL SENT_AFTER_TIME 4851.283328
1544200049893197 CHEETAH_SIGNAL SENT_AFTER_TIME 4851.318940
1544200050859965 AUDIO_PLAYBACK_ONSET 71.wav
1544200051859945 AUDIO_PLAYBACK_DONE 71.wav
1544200051861382 CHEETAH_SIGNAL SENT_AFTER_TIME 4853.287021
1544200051896335 CHEETAH_SIGNAL SENT_AFTER_TIME 4853.322083
1544200052859945 AUDIO_PLAYBACK_ONSET 6.wav
1544200054086501 AUDIO_PLAYBACK_DONE 6.wav
1544200054087343 CHEETAH_SIGNAL SENT_AFTER_TIME 4855.512971
1544200054122329 CHEETAH_SIGNAL SENT_AFTER_TIME 4855.548054
1544200055086501 AUDIO_PLAYBACK_ONSET 104.wav
1544200056711496 AUDIO_PLAYBACK_DONE 104.wav
1544200056715886 CHEETAH_SIGNAL SENT_AFTER_TIME 4858.141513
1544200056750835 CHEETAH_SIGNAL SENT_AFTER_TIME 4858.176551
1544200057711496 AUDIO_PLAYBACK_ONSET 131.wav
1544200058586487 AUDIO_PLAYBACK_DONE 131.wav
1544200058578135 CHEETAH_SIGNAL SENT_AFTER_TIME 4860.003818
1544200058613088 CHEETAH_SIGNAL SENT_AFTER_TIME 4860.038835
1544200059586487 AUDIO_PLAYBACK_ONSET 12.wav
1544200060992728 AUDIO_PLAYBACK_DONE 12.wav
1544200060988957 CHEETAH_SIGNAL SENT_AFTER_TIME 4862.414567
1544200061024450 CHEETAH_SIGNAL SENT_AFTER_TIME 4862.450159
1544200061992728 AUDIO_PLAYBACK_ONSET 35.wav
1544200063555249 AUDIO_PLAYBACK_DONE 35.wav
1544200063558858 CHEETAH_SIGNAL SENT_AFTER_TIME 4864.984504
1544200063593751 CHEETAH_SIGNAL SENT_AFTER_TIME 4865.019491
1544200064555249 AUDIO_PLAYBACK_ONSET 41.wav
1544200065781805 AUDIO_PLAYBACK_DONE 41.wav
1544200065772966 CHEETAH_SIGNAL SENT_AFTER_TIME 4867.198598
1544200065807942 CHEETAH_SIGNAL SENT_AFTER_TIME 4867.233684
1544200066781805 AUDIO_PLAYBACK_ONSET 148.wav
1544200068047432 AUDIO_PLAYBACK_DONE 148.wav
1544200068041468 CHEETAH_SIGNAL SENT_AFTER_TIME 4869.467094
1544200068076369 CHEETAH_SIGNAL SENT_AFTER_TIME 4869.502115
1544200069047432 AUDIO_PLAYBACK_ONSET 14.wav
1544200070391174 AUDIO_PLAYBACK_DONE 14.wav
1544200070388000 CHEETAH_SIGNAL SENT_AFTER_TIME 4871.813669
1544200068280591 KEY_PRESS l
1544200068448580 KEY_PRESS l
1544200070423398 CHEETAH_SIGNAL SENT_AFTER_TIME 4871.849147
1544200071391174 AUDIO_PLAYBACK_ONSET 25.wav
1544200072891156 AUDIO_PLAYBACK_DONE 25.wav
1544200072886329 CHEETAH_SIGNAL SENT_AFTER_TIME 4874.311943
1544200072921283 CHEETAH_SIGNAL SENT_AFTER_TIME 4874.347036
1544200073891156 AUDIO_PLAYBACK_ONSET 40.wav
1544200075328642 AUDIO_PLAYBACK_DONE 40.wav
1544200075323831 CHEETAH_SIGNAL SENT_AFTER_TIME 4876.749457
1544200075358804 CHEETAH_SIGNAL SENT_AFTER_TIME 4876.784578
1544200076328642 AUDIO_PLAYBACK_ONSET 136.wav
1544200077945812 AUDIO_PLAYBACK_DONE 136.wav
1544200077947556 CHEETAH_SIGNAL SENT_AFTER_TIME 4879.373211
1544200077982950 CHEETAH_SIGNAL SENT_AFTER_TIME 4879.408664
1544200078945812 AUDIO_PLAYBACK_ONSET 73.wav
1544200080336427 AUDIO_PLAYBACK_DONE 73.wav
1544200080338016 CHEETAH_SIGNAL SENT_AFTER_TIME 4881.763612
1544200080372984 CHEETAH_SIGNAL SENT_AFTER_TIME 4881.798711
1544200081336427 AUDIO_PLAYBACK_ONSET 76.wav
1544200082648946 AUDIO_PLAYBACK_DONE 76.wav
1544200082646046 CHEETAH_SIGNAL SENT_AFTER_TIME 4884.071672
1544200082680841 CHEETAH_SIGNAL SENT_AFTER_TIME 4884.106598
1544200083648946 AUDIO_PLAYBACK_ONSET 86.wav
1544200084961442 AUDIO_PLAYBACK_DONE 86.wav
1544200084959528 CHEETAH_SIGNAL SENT_AFTER_TIME 4886.385189
1544200084994551 CHEETAH_SIGNAL SENT_AFTER_TIME 4886.420274
1544200085961442 AUDIO_PLAYBACK_ONSET 57.wav
1544200087195800 AUDIO_PLAYBACK_DONE 57.wav
1544200087188982 CHEETAH_SIGNAL SENT_AFTER_TIME 4888.614700
1544200085160551 KEY_PRESS l
1544200085336579 KEY_PRESS l
1544200087000580 KEY_PRESS l
1544200087208573 KEY_PRESS l
1544200087225355 CHEETAH_SIGNAL SENT_AFTER_TIME 4888.651088
1544200088195800 AUDIO_PLAYBACK_ONSET 23.wav
1544200089695779 AUDIO_PLAYBACK_DONE 23.wav
1544200089690375 CHEETAH_SIGNAL SENT_AFTER_TIME 4891.116006
1544200089724952 CHEETAH_SIGNAL SENT_AFTER_TIME 4891.150685
1544200090695779 AUDIO_PLAYBACK_ONSET 39.wav
1544200092570772 AUDIO_PLAYBACK_DONE 39.wav
1544200092571353 CHEETAH_SIGNAL SENT_AFTER_TIME 4893.996964
1544200092606349 CHEETAH_SIGNAL SENT_AFTER_TIME 4894.032083
1544200093570772 AUDIO_PLAYBACK_ONSET 52.wav
1544200094820755 AUDIO_PLAYBACK_DONE 52.wav
1544200094819803 CHEETAH_SIGNAL SENT_AFTER_TIME 4896.245433
1544200094854804 CHEETAH_SIGNAL SENT_AFTER_TIME 4896.280559
1544200095820755 AUDIO_PLAYBACK_ONSET 42.wav
1544200096976992 AUDIO_PLAYBACK_DONE 42.wav
1544200096976266 CHEETAH_SIGNAL SENT_AFTER_TIME 4898.401892
1544200097010792 CHEETAH_SIGNAL SENT_AFTER_TIME 4898.436504
1544200097976992 AUDIO_PLAYBACK_ONSET 145.wav
1544200099367608 AUDIO_PLAYBACK_DONE 145.wav
1544200099368577 CHEETAH_SIGNAL SENT_AFTER_TIME 4900.794218
1544200099403919 CHEETAH_SIGNAL SENT_AFTER_TIME 4900.829660
1544200100367608 AUDIO_PLAYBACK_ONSET 109.wav
1544200101812917 AUDIO_PLAYBACK_DONE 109.wav
1544200101811246 CHEETAH_SIGNAL SENT_AFTER_TIME 4903.236865
1544200101846191 CHEETAH_SIGNAL SENT_AFTER_TIME 4903.271942
1544200102812917 AUDIO_PLAYBACK_ONSET 96.wav
1544200104164462 AUDIO_PLAYBACK_DONE 96.wav
1544200104163723 CHEETAH_SIGNAL SENT_AFTER_TIME 4905.589354
1544200104198693 CHEETAH_SIGNAL SENT_AFTER_TIME 4905.624435
1544200105164462 AUDIO_PLAYBACK_ONSET 129.wav
1544200106289475 AUDIO_PLAYBACK_DONE 129.wav
1544200106288051 CHEETAH_SIGNAL SENT_AFTER_TIME 4907.713684
1544200106323057 CHEETAH_SIGNAL SENT_AFTER_TIME 4907.748779
1544200107289475 AUDIO_PLAYBACK_ONSET 33.wav
1544200108430087 AUDIO_PLAYBACK_DONE 33.wav
1544200108424245 CHEETAH_SIGNAL SENT_AFTER_TIME 4909.849871
1544200108459312 CHEETAH_SIGNAL SENT_AFTER_TIME 4909.885044
1544200109430087 AUDIO_PLAYBACK_ONSET 38.wav
1544200110711359 AUDIO_PLAYBACK_DONE 38.wav
1544200110708213 CHEETAH_SIGNAL SENT_AFTER_TIME 4912.133830
1544200110743527 CHEETAH_SIGNAL SENT_AFTER_TIME 4912.169293
1544200111711359 AUDIO_PLAYBACK_ONSET 87.wav
1544200112820726 AUDIO_PLAYBACK_DONE 87.wav
1544200112815142 CHEETAH_SIGNAL SENT_AFTER_TIME 4914.240767
1544200112850122 CHEETAH_SIGNAL SENT_AFTER_TIME 4914.275844
1544200113820726 AUDIO_PLAYBACK_ONSET 108.wav
1544200115305086 AUDIO_PLAYBACK_DONE 108.wav
1544200115304779 CHEETAH_SIGNAL SENT_AFTER_TIME 4916.730446
1544200115339818 CHEETAH_SIGNAL SENT_AFTER_TIME 4916.765559
1544200116305086 AUDIO_PLAYBACK_ONSET 80.wav
1544200117523819 AUDIO_PLAYBACK_DONE 80.wav
1544200117522113 CHEETAH_SIGNAL SENT_AFTER_TIME 4918.947786
1544200117557200 CHEETAH_SIGNAL SENT_AFTER_TIME 4918.982947
1544200118523819 AUDIO_PLAYBACK_ONSET 48.wav
1544200119695682 AUDIO_PLAYBACK_DONE 48.wav
1544200119689536 CHEETAH_SIGNAL SENT_AFTER_TIME 4921.115176
1544200119724668 CHEETAH_SIGNAL SENT_AFTER_TIME 4921.150366
1544200120695682 AUDIO_PLAYBACK_ONSET 7.wav
1544200121789448 AUDIO_PLAYBACK_DONE 7.wav
1544200121789470 CHEETAH_SIGNAL SENT_AFTER_TIME 4923.215104
1544200121824865 CHEETAH_SIGNAL SENT_AFTER_TIME 4923.250595
1544200122789448 AUDIO_PLAYBACK_ONSET 28.wav
1544200124289427 AUDIO_PLAYBACK_DONE 28.wav
1544200124283532 CHEETAH_SIGNAL SENT_AFTER_TIME 4925.709172
1544200124318600 CHEETAH_SIGNAL SENT_AFTER_TIME 4925.744331
1544200125289427 AUDIO_PLAYBACK_ONSET 13.wav
1544200127133171 AUDIO_PLAYBACK_DONE 13.wav
1544200127134113 CHEETAH_SIGNAL SENT_AFTER_TIME 4928.559731
1544200126696631 KEY_PRESS l
1544200126944581 KEY_PRESS l
1544200127169918 CHEETAH_SIGNAL SENT_AFTER_TIME 4928.595667
1544200128133171 AUDIO_PLAYBACK_ONSET 94.wav
1544200129351904 AUDIO_PLAYBACK_DONE 94.wav
1544200129350638 CHEETAH_SIGNAL SENT_AFTER_TIME 4930.776324
1544200129385707 CHEETAH_SIGNAL SENT_AFTER_TIME 4930.811463
1544200130351904 AUDIO_PLAYBACK_ONSET 142.wav
1544200131797213 AUDIO_PLAYBACK_DONE 142.wav
1544200131794593 CHEETAH_SIGNAL SENT_AFTER_TIME 4933.220221
1544200131829562 CHEETAH_SIGNAL SENT_AFTER_TIME 4933.255278
1544200132797213 AUDIO_PLAYBACK_ONSET 135.wav
1544200133848008 AUDIO_PLAYBACK_DONE 135.wav
1544200133849223 CHEETAH_SIGNAL SENT_AFTER_TIME 4935.274857
1544200133884203 CHEETAH_SIGNAL SENT_AFTER_TIME 4935.309947
1544200134848008 AUDIO_PLAYBACK_ONSET 79.wav
1544200136160504 AUDIO_PLAYBACK_DONE 79.wav
1544200136156766 CHEETAH_SIGNAL SENT_AFTER_TIME 4937.582400
1544200136191781 CHEETAH_SIGNAL SENT_AFTER_TIME 4937.617534
1544200137160504 AUDIO_PLAYBACK_ONSET 78.wav
1544200138582368 AUDIO_PLAYBACK_DONE 78.wav
1544200138583288 CHEETAH_SIGNAL SENT_AFTER_TIME 4940.008911
1544200138618615 CHEETAH_SIGNAL SENT_AFTER_TIME 4940.044368
1544200139582368 AUDIO_PLAYBACK_ONSET 111.wav
1544200140863619 AUDIO_PLAYBACK_DONE 111.wav
1544200140861647 CHEETAH_SIGNAL SENT_AFTER_TIME 4942.287283
1544200140896615 CHEETAH_SIGNAL SENT_AFTER_TIME 4942.322346
1544200141863619 AUDIO_PLAYBACK_ONSET 91.wav
1544200142769857 AUDIO_PLAYBACK_DONE 91.wav
1544200142770920 CHEETAH_SIGNAL SENT_AFTER_TIME 4944.196544
1544200142805880 CHEETAH_SIGNAL SENT_AFTER_TIME 4944.231603
1544200143769857 AUDIO_PLAYBACK_ONSET 150.wav
1544200145019859 AUDIO_PLAYBACK_DONE 150.wav
1544200145018843 CHEETAH_SIGNAL SENT_AFTER_TIME 4946.444527
1544200145053770 CHEETAH_SIGNAL SENT_AFTER_TIME 4946.479544
1544200146019859 AUDIO_PLAYBACK_ONSET 2.wav
1544200147441720 AUDIO_PLAYBACK_DONE 2.wav
1544200147442693 CHEETAH_SIGNAL SENT_AFTER_TIME 4948.868313
1544200147477243 CHEETAH_SIGNAL SENT_AFTER_TIME 4948.903004
1544200148441720 AUDIO_PLAYBACK_ONSET 117.wav
1544200149816734 AUDIO_PLAYBACK_DONE 117.wav
1544200149812849 CHEETAH_SIGNAL SENT_AFTER_TIME 4951.238481
1544200149848328 CHEETAH_SIGNAL SENT_AFTER_TIME 4951.274071
1544200150816734 AUDIO_PLAYBACK_ONSET 120.wav
1544200152113607 AUDIO_PLAYBACK_DONE 120.wav
1544200152115824 CHEETAH_SIGNAL SENT_AFTER_TIME 4953.541438
1544200152150798 CHEETAH_SIGNAL SENT_AFTER_TIME 4953.576546
1544200153113607 AUDIO_PLAYBACK_ONSET 83.wav
1544200154801095 AUDIO_PLAYBACK_DONE 83.wav
1544200154793022 CHEETAH_SIGNAL SENT_AFTER_TIME 4956.218653
1544200154828012 CHEETAH_SIGNAL SENT_AFTER_TIME 4956.253761
1544200155801095 AUDIO_PLAYBACK_ONSET 147.wav
1544200157152640 AUDIO_PLAYBACK_DONE 147.wav
1544200157152540 CHEETAH_SIGNAL SENT_AFTER_TIME 4958.578177
1544200157187556 CHEETAH_SIGNAL SENT_AFTER_TIME 4958.613281
1544200158152640 AUDIO_PLAYBACK_ONSET 30.wav
1544200159652619 AUDIO_PLAYBACK_DONE 30.wav
1544200159647569 CHEETAH_SIGNAL SENT_AFTER_TIME 4961.073163
1544200159682577 CHEETAH_SIGNAL SENT_AFTER_TIME 4961.108265
1544200160652619 AUDIO_PLAYBACK_ONSET 112.wav
1544200161590106 AUDIO_PLAYBACK_DONE 112.wav
1544200161592027 CHEETAH_SIGNAL SENT_AFTER_TIME 4963.017661
1544200161626853 CHEETAH_SIGNAL SENT_AFTER_TIME 4963.052622
1544200162590106 AUDIO_PLAYBACK_ONSET 61.wav
1544200164090086 AUDIO_PLAYBACK_DONE 61.wav
1544200164085055 CHEETAH_SIGNAL SENT_AFTER_TIME 4965.510680
1544200164120021 CHEETAH_SIGNAL SENT_AFTER_TIME 4965.545780
1544200165090086 AUDIO_PLAYBACK_ONSET 116.wav
1544200166152583 AUDIO_PLAYBACK_DONE 116.wav
1544200166151285 CHEETAH_SIGNAL SENT_AFTER_TIME 4967.576907
1544200166186307 CHEETAH_SIGNAL SENT_AFTER_TIME 4967.612056
1544200167152583 AUDIO_PLAYBACK_ONSET 102.wav
1544200168746324 AUDIO_PLAYBACK_DONE 102.wav
1544200168741654 CHEETAH_SIGNAL SENT_AFTER_TIME 4970.167286
1544200168776662 CHEETAH_SIGNAL SENT_AFTER_TIME 4970.202331
1544200169746324 AUDIO_PLAYBACK_ONSET 15.wav
1544200170808821 AUDIO_PLAYBACK_DONE 15.wav
1544200170809204 CHEETAH_SIGNAL SENT_AFTER_TIME 4972.234829
1544200170844169 CHEETAH_SIGNAL SENT_AFTER_TIME 4972.269894
1544200171808821 AUDIO_PLAYBACK_ONSET 72.wav
1544200173293180 AUDIO_PLAYBACK_DONE 72.wav
1544200173292993 CHEETAH_SIGNAL SENT_AFTER_TIME 4974.718620
1544200173328411 CHEETAH_SIGNAL SENT_AFTER_TIME 4974.754145
1544200174293180 AUDIO_PLAYBACK_ONSET 110.wav
1544200175824429 AUDIO_PLAYBACK_DONE 110.wav
1544200175818813 CHEETAH_SIGNAL SENT_AFTER_TIME 4977.244433
1544200175853844 CHEETAH_SIGNAL SENT_AFTER_TIME 4977.279605
1544200176824429 AUDIO_PLAYBACK_ONSET 49.wav
1544200178090056 AUDIO_PLAYBACK_DONE 49.wav
1544200178092728 CHEETAH_SIGNAL SENT_AFTER_TIME 4979.518380
1544200175952472 KEY_PRESS l
1544200176104590 KEY_PRESS l
1544200178072580 KEY_PRESS l
1544200178128687 CHEETAH_SIGNAL SENT_AFTER_TIME 4979.554438
1544200179090056 AUDIO_PLAYBACK_ONSET 32.wav
1544200180324413 AUDIO_PLAYBACK_DONE 32.wav
1544200180318190 CHEETAH_SIGNAL SENT_AFTER_TIME 4981.743819
1544200178312580 KEY_PRESS l
1544200180353393 CHEETAH_SIGNAL SENT_AFTER_TIME 4981.779113
1544200181324413 AUDIO_PLAYBACK_ONSET 137.wav
1544200182746276 AUDIO_PLAYBACK_DONE 137.wav
1544200182747300 CHEETAH_SIGNAL SENT_AFTER_TIME 4984.172923
1544200182782621 CHEETAH_SIGNAL SENT_AFTER_TIME 4984.208375
1544200183746276 AUDIO_PLAYBACK_ONSET 65.wav
1544200185121269 AUDIO_PLAYBACK_DONE 65.wav
1544200185117509 CHEETAH_SIGNAL SENT_AFTER_TIME 4986.543133
1544200185152631 CHEETAH_SIGNAL SENT_AFTER_TIME 4986.578357
1544200186121269 AUDIO_PLAYBACK_ONSET 126.wav
1544200187511903 AUDIO_PLAYBACK_DONE 126.wav
1544200187513588 CHEETAH_SIGNAL SENT_AFTER_TIME 4988.939235
1544200187256600 KEY_PRESS l
1544200187456629 KEY_PRESS l
1544200187549516 CHEETAH_SIGNAL SENT_AFTER_TIME 4988.975217
1544200188511903 AUDIO_PLAYBACK_ONSET 4.wav
1544200189568528 AUDIO_PLAYBACK_DONE 4.wav
1544200189563500 CHEETAH_SIGNAL SENT_AFTER_TIME 4990.989135
1544200189598528 CHEETAH_SIGNAL SENT_AFTER_TIME 4991.024228
1544200190568528 AUDIO_PLAYBACK_ONSET 3.wav
1544200192060705 AUDIO_PLAYBACK_DONE 3.wav
1544200192062887 CHEETAH_SIGNAL SENT_AFTER_TIME 4993.488568
1544200191920591 KEY_PRESS l
1544200192096451 KEY_PRESS l
1544200192098686 CHEETAH_SIGNAL SENT_AFTER_TIME 4993.524436
1544200193060705 AUDIO_PLAYBACK_ONSET 24.wav
1544200194654450 AUDIO_PLAYBACK_DONE 24.wav
1544200194659658 CHEETAH_SIGNAL SENT_AFTER_TIME 4996.085289
1544200194168578 KEY_PRESS l
1544200194384559 KEY_PRESS l
1544200194695109 CHEETAH_SIGNAL SENT_AFTER_TIME 4996.120820
1544200195654450 AUDIO_PLAYBACK_ONSET 29.wav
1544200197154452 AUDIO_PLAYBACK_DONE 29.wav
1544200197159707 CHEETAH_SIGNAL SENT_AFTER_TIME 4998.585325
1544200197194671 CHEETAH_SIGNAL SENT_AFTER_TIME 4998.620429
1544200198154452 AUDIO_PLAYBACK_ONSET 114.wav
1544200199388807 AUDIO_PLAYBACK_DONE 114.wav
1544200199392929 CHEETAH_SIGNAL SENT_AFTER_TIME 5000.818547
1544200199427867 CHEETAH_SIGNAL SENT_AFTER_TIME 5000.853619
1544200200388807 AUDIO_PLAYBACK_ONSET 22.wav
1544200201545047 AUDIO_PLAYBACK_DONE 22.wav
1544200201543553 CHEETAH_SIGNAL SENT_AFTER_TIME 5002.969181
1544200201578701 CHEETAH_SIGNAL SENT_AFTER_TIME 5003.004432
1544200202545047 AUDIO_PLAYBACK_ONSET 17.wav
1544200203545048 AUDIO_PLAYBACK_DONE 17.wav
1544200203546244 CHEETAH_SIGNAL SENT_AFTER_TIME 5004.971863
1544200203581070 CHEETAH_SIGNAL SENT_AFTER_TIME 5005.006791
1544200204545048 AUDIO_PLAYBACK_ONSET 37.wav
1544200205638792 AUDIO_PLAYBACK_DONE 37.wav
1544200205638914 CHEETAH_SIGNAL SENT_AFTER_TIME 5007.064546
1544200205674089 CHEETAH_SIGNAL SENT_AFTER_TIME 5007.099846
1544200206638792 AUDIO_PLAYBACK_ONSET 19.wav
1544200207670060 AUDIO_PLAYBACK_DONE 19.wav
1544200207670112 CHEETAH_SIGNAL SENT_AFTER_TIME 5009.095735
1544200207705557 CHEETAH_SIGNAL SENT_AFTER_TIME 5009.131271
1544200208670060 AUDIO_PLAYBACK_ONSET 88.wav
1544200209888794 AUDIO_PLAYBACK_DONE 88.wav
1544200209887358 CHEETAH_SIGNAL SENT_AFTER_TIME 5011.312993
1544200209922337 CHEETAH_SIGNAL SENT_AFTER_TIME 5011.348085
1544200210888794 AUDIO_PLAYBACK_ONSET 143.wav
1544200212005984 AUDIO_PLAYBACK_DONE 143.wav
1544200212002180 CHEETAH_SIGNAL SENT_AFTER_TIME 5013.427817
1544200212037179 CHEETAH_SIGNAL SENT_AFTER_TIME 5013.462905
1544200213005984 AUDIO_PLAYBACK_ONSET 98.wav
1544200214353627 AUDIO_PLAYBACK_DONE 98.wav
1544200214345993 CHEETAH_SIGNAL SENT_AFTER_TIME 5015.771621
1544200214381013 CHEETAH_SIGNAL SENT_AFTER_TIME 5015.806735
1544200215353627 AUDIO_PLAYBACK_ONSET 124.wav
1544200216337985 AUDIO_PLAYBACK_DONE 124.wav
1544200216333601 CHEETAH_SIGNAL SENT_AFTER_TIME 5017.759248
1544200216368610 CHEETAH_SIGNAL SENT_AFTER_TIME 5017.794313
1544200217337985 AUDIO_PLAYBACK_ONSET 36.wav
1544200218587962 AUDIO_PLAYBACK_DONE 36.wav
1544200218585777 CHEETAH_SIGNAL SENT_AFTER_TIME 5020.011411
1544200218621192 CHEETAH_SIGNAL SENT_AFTER_TIME 5020.046909
1544200219587962 AUDIO_PLAYBACK_ONSET 53.wav
1544200221087943 AUDIO_PLAYBACK_DONE 53.wav
1544200221092827 CHEETAH_SIGNAL SENT_AFTER_TIME 5022.518467
1544200221127774 CHEETAH_SIGNAL SENT_AFTER_TIME 5022.553527
1544200222087943 AUDIO_PLAYBACK_ONSET 18.wav
1544200223587944 AUDIO_PLAYBACK_DONE 18.wav
1544200223592944 CHEETAH_SIGNAL SENT_AFTER_TIME 5025.018557
1544200223488574 KEY_PRESS l
1544200223627852 CHEETAH_SIGNAL SENT_AFTER_TIME 5025.053576
1544200224587944 AUDIO_PLAYBACK_ONSET 34.wav
1544200225962934 AUDIO_PLAYBACK_DONE 34.wav
1544200225958640 CHEETAH_SIGNAL SENT_AFTER_TIME 5027.384258
1544200223696582 KEY_PRESS l
1544200225993754 CHEETAH_SIGNAL SENT_AFTER_TIME 5027.419507
1544200226962934 AUDIO_PLAYBACK_ONSET 84.wav
1544200228212936 AUDIO_PLAYBACK_DONE 84.wav
1544200228211044 CHEETAH_SIGNAL SENT_AFTER_TIME 5029.636679
1544200228245986 CHEETAH_SIGNAL SENT_AFTER_TIME 5029.671744
1544200229212936 AUDIO_PLAYBACK_ONSET 127.wav
1544200230392621 AUDIO_PLAYBACK_DONE 127.wav
1544200230388868 CHEETAH_SIGNAL SENT_AFTER_TIME 5031.814505
1544200230423902 CHEETAH_SIGNAL SENT_AFTER_TIME 5031.849652
1544200231392621 AUDIO_PLAYBACK_ONSET 152.wav
1544200232455120 AUDIO_PLAYBACK_DONE 152.wav
1544200232454863 CHEETAH_SIGNAL SENT_AFTER_TIME 5033.880519
1544200232489817 CHEETAH_SIGNAL SENT_AFTER_TIME 5033.915563
1544200233455120 AUDIO_PLAYBACK_ONSET 20.wav
1544200234673850 AUDIO_PLAYBACK_DONE 20.wav
1544200234671619 CHEETAH_SIGNAL SENT_AFTER_TIME 5036.097220
1544200234707191 CHEETAH_SIGNAL SENT_AFTER_TIME 5036.132902
1544200235673850 AUDIO_PLAYBACK_ONSET 82.wav
1544200236955100 AUDIO_PLAYBACK_DONE 82.wav
1544200236952509 CHEETAH_SIGNAL SENT_AFTER_TIME 5038.378137
1544200236987512 CHEETAH_SIGNAL SENT_AFTER_TIME 5038.413247
1544200237955100 AUDIO_PLAYBACK_ONSET 119.wav
1544200239111361 AUDIO_PLAYBACK_DONE 119.wav
1544200239109758 CHEETAH_SIGNAL SENT_AFTER_TIME 5040.535362
1544200239144367 CHEETAH_SIGNAL SENT_AFTER_TIME 5040.570117
1544200240111361 AUDIO_PLAYBACK_ONSET 70.wav
1544200241642610 AUDIO_PLAYBACK_DONE 70.wav
1544200241637329 CHEETAH_SIGNAL SENT_AFTER_TIME 5043.062993
1544200241672292 CHEETAH_SIGNAL SENT_AFTER_TIME 5043.098035
1544200242642610 AUDIO_PLAYBACK_ONSET 58.wav
1544200243869187 AUDIO_PLAYBACK_DONE 58.wav
1544200243869353 CHEETAH_SIGNAL SENT_AFTER_TIME 5045.294979
1544200243904397 CHEETAH_SIGNAL SENT_AFTER_TIME 5045.330152
1544200244869187 AUDIO_PLAYBACK_ONSET 11.wav
1544200245822315 AUDIO_PLAYBACK_DONE 11.wav
1544200245818153 CHEETAH_SIGNAL SENT_AFTER_TIME 5047.243785
1544200245853569 CHEETAH_SIGNAL SENT_AFTER_TIME 5047.279230
1544200246822315 AUDIO_PLAYBACK_ONSET 105.wav
1544200248037170 AUDIO_PLAYBACK_DONE 105.wav
1544200248038751 CHEETAH_SIGNAL SENT_AFTER_TIME 5049.464265
1544200248073818 CHEETAH_SIGNAL SENT_AFTER_TIME 5049.499566
1544200249037170 AUDIO_PLAYBACK_ONSET 10.wav
1544200250162159 AUDIO_PLAYBACK_DONE 10.wav
1544200250161362 CHEETAH_SIGNAL SENT_AFTER_TIME 5051.586987
1544200250196289 CHEETAH_SIGNAL SENT_AFTER_TIME 5051.622041
1544200251162159 AUDIO_PLAYBACK_ONSET 118.wav
1544200252662140 AUDIO_PLAYBACK_DONE 118.wav
1544200252656903 CHEETAH_SIGNAL SENT_AFTER_TIME 5054.082530
1544200252691870 CHEETAH_SIGNAL SENT_AFTER_TIME 5054.117616
1544200253662140 AUDIO_PLAYBACK_ONSET 100.wav
1544200254537128 AUDIO_PLAYBACK_DONE 100.wav
1544200254539898 CHEETAH_SIGNAL SENT_AFTER_TIME 5055.965523
1544200254574979 CHEETAH_SIGNAL SENT_AFTER_TIME 5056.000697
1544200255537128 AUDIO_PLAYBACK_ONSET 97.wav
1544200257189467 AUDIO_PLAYBACK_DONE 97.wav
1544200257185817 CHEETAH_SIGNAL SENT_AFTER_TIME 5058.611484
1544200257221134 CHEETAH_SIGNAL SENT_AFTER_TIME 5058.646883
1544200258189467 AUDIO_PLAYBACK_ONSET 123.wav
1544200259486342 AUDIO_PLAYBACK_DONE 123.wav
1544200259478818 CHEETAH_SIGNAL SENT_AFTER_TIME 5060.904482
1544200259513899 CHEETAH_SIGNAL SENT_AFTER_TIME 5060.939650
1544200260486342 AUDIO_PLAYBACK_ONSET 31.wav
1544200261736319 AUDIO_PLAYBACK_DONE 31.wav
1544200261734649 CHEETAH_SIGNAL SENT_AFTER_TIME 5063.160266
1544200261769627 CHEETAH_SIGNAL SENT_AFTER_TIME 5063.195351
1544200262736319 AUDIO_PLAYBACK_ONSET 89.wav
1544200263666005 AUDIO_PLAYBACK_DONE 89.wav
1544200263666178 CHEETAH_SIGNAL SENT_AFTER_TIME 5065.091814
1544200263701168 CHEETAH_SIGNAL SENT_AFTER_TIME 5065.126899
1544200264666005 AUDIO_PLAYBACK_ONSET 16.wav
1544200266134758 AUDIO_PLAYBACK_DONE 16.wav
1544200266130120 CHEETAH_SIGNAL SENT_AFTER_TIME 5067.555756
1544200266165081 CHEETAH_SIGNAL SENT_AFTER_TIME 5067.590839
1544200267134758 AUDIO_PLAYBACK_ONSET 130.wav
1544200268447257 AUDIO_PLAYBACK_DONE 130.wav
1544200268444536 CHEETAH_SIGNAL SENT_AFTER_TIME 5069.870171
1544200268479712 CHEETAH_SIGNAL SENT_AFTER_TIME 5069.905477
1544200269447257 AUDIO_PLAYBACK_ONSET 5.wav
1544200270910140 AUDIO_PLAYBACK_DONE 5.wav
1544200270911252 CHEETAH_SIGNAL SENT_AFTER_TIME 5072.336880
1544200270946245 CHEETAH_SIGNAL SENT_AFTER_TIME 5072.371970
1544200271910140 AUDIO_PLAYBACK_ONSET 95.wav
1544200273183564 AUDIO_PLAYBACK_DONE 95.wav
1544200273188008 CHEETAH_SIGNAL SENT_AFTER_TIME 5074.613659
1544200273223004 CHEETAH_SIGNAL SENT_AFTER_TIME 5074.648730
1544200274183564 AUDIO_PLAYBACK_ONSET 74.wav
1544200275371050 AUDIO_PLAYBACK_DONE 74.wav
1544200275370146 CHEETAH_SIGNAL SENT_AFTER_TIME 5076.795772
1544200275288593 KEY_PRESS l
1544200275405367 CHEETAH_SIGNAL SENT_AFTER_TIME 5076.831114
1544200276371050 AUDIO_PLAYBACK_ONSET 107.wav
1544200277535112 AUDIO_PLAYBACK_DONE 107.wav
1544200277526164 CHEETAH_SIGNAL SENT_AFTER_TIME 5078.951827
1544200275544592 KEY_PRESS l
1544200277560413 CHEETAH_SIGNAL SENT_AFTER_TIME 5078.986201
1544200278535112 AUDIO_PLAYBACK_ONSET 103.wav
1544200279925727 AUDIO_PLAYBACK_DONE 103.wav
1544200279916518 CHEETAH_SIGNAL SENT_AFTER_TIME 5081.342189
1544200279951468 CHEETAH_SIGNAL SENT_AFTER_TIME 5081.377241
1544200280925727 AUDIO_PLAYBACK_ONSET 68.wav
1544200281902303 AUDIO_PLAYBACK_DONE 68.wav
1544200281905846 CHEETAH_SIGNAL SENT_AFTER_TIME 5083.331476
1544200281940819 CHEETAH_SIGNAL SENT_AFTER_TIME 5083.366576
1544200282902303 AUDIO_PLAYBACK_ONSET 62.wav
1544200284371034 AUDIO_PLAYBACK_DONE 62.wav
1544200284367377 CHEETAH_SIGNAL SENT_AFTER_TIME 5085.793057
1544200284402735 CHEETAH_SIGNAL SENT_AFTER_TIME 5085.828453
1544200285371034 AUDIO_PLAYBACK_ONSET 90.wav
1544200286761670 AUDIO_PLAYBACK_DONE 90.wav
1544200286762643 CHEETAH_SIGNAL SENT_AFTER_TIME 5088.188269
1544200286797636 CHEETAH_SIGNAL SENT_AFTER_TIME 5088.223340
1544200287761670 AUDIO_PLAYBACK_ONSET 21.wav
1544200288730401 AUDIO_PLAYBACK_DONE 21.wav
1544200288721861 CHEETAH_SIGNAL SENT_AFTER_TIME 5090.147488
1544200288756945 CHEETAH_SIGNAL SENT_AFTER_TIME 5090.182677
1544200289730401 AUDIO_PLAYBACK_ONSET 66.wav
1544200290941334 AUDIO_PLAYBACK_DONE 66.wav
1544200290936674 CHEETAH_SIGNAL SENT_AFTER_TIME 5092.362304
1544200290971707 CHEETAH_SIGNAL SENT_AFTER_TIME 5092.397448
1544200291941334 AUDIO_PLAYBACK_ONSET 50.wav
1544200293042901 AUDIO_PLAYBACK_DONE 50.wav
1544200293044375 CHEETAH_SIGNAL SENT_AFTER_TIME 5094.470002
1544200293079340 CHEETAH_SIGNAL SENT_AFTER_TIME 5094.505088
1544200294042901 AUDIO_PLAYBACK_ONSET 81.wav
1544200295230387 AUDIO_PLAYBACK_DONE 81.wav
1544200295228673 CHEETAH_SIGNAL SENT_AFTER_TIME 5096.654321
1544200295264087 CHEETAH_SIGNAL SENT_AFTER_TIME 5096.689834
1544200296230387 AUDIO_PLAYBACK_ONSET 69.wav
1544200297527261 AUDIO_PLAYBACK_DONE 69.wav
1544200297529673 CHEETAH_SIGNAL SENT_AFTER_TIME 5098.955338
1544200297564592 CHEETAH_SIGNAL SENT_AFTER_TIME 5098.990360
1544200298527261 AUDIO_PLAYBACK_ONSET 132.wav
1544200300140527 AUDIO_PLAYBACK_DONE 132.wav
1544200300135310 CHEETAH_SIGNAL SENT_AFTER_TIME 5101.560937
1544200300170406 CHEETAH_SIGNAL SENT_AFTER_TIME 5101.596135
1544200301140527 AUDIO_PLAYBACK_ONSET 77.wav
1544200302187402 AUDIO_PLAYBACK_DONE 77.wav
1544200302182655 CHEETAH_SIGNAL SENT_AFTER_TIME 5103.608286
1544200302217622 CHEETAH_SIGNAL SENT_AFTER_TIME 5103.643376
1544200303187402 AUDIO_PLAYBACK_ONSET 51.wav
1544200304531166 AUDIO_PLAYBACK_DONE 51.wav
1544200304526991 CHEETAH_SIGNAL SENT_AFTER_TIME 5105.952615
1544200304562035 CHEETAH_SIGNAL SENT_AFTER_TIME 5105.987697
1544200305531166 AUDIO_PLAYBACK_ONSET 26.wav
1544200306890555 AUDIO_PLAYBACK_DONE 26.wav
1544200306891804 CHEETAH_SIGNAL SENT_AFTER_TIME 5108.317443
1544200306927260 CHEETAH_SIGNAL SENT_AFTER_TIME 5108.353019
1544200307890555 AUDIO_PLAYBACK_ONSET 67.wav
1544200308812414 AUDIO_PLAYBACK_DONE 67.wav
1544200308808382 CHEETAH_SIGNAL SENT_AFTER_TIME 5110.234007
1544200308843363 CHEETAH_SIGNAL SENT_AFTER_TIME 5110.269113
1544200309812414 AUDIO_PLAYBACK_ONSET 101.wav
1544200311046770 AUDIO_PLAYBACK_DONE 101.wav
1544200311050175 CHEETAH_SIGNAL SENT_AFTER_TIME 5112.475808
1544200311085242 CHEETAH_SIGNAL SENT_AFTER_TIME 5112.510993
1544200312046770 AUDIO_PLAYBACK_ONSET 133.wav
1544200313374913 AUDIO_PLAYBACK_DONE 133.wav
1544200313377014 CHEETAH_SIGNAL SENT_AFTER_TIME 5114.802649
1544200313411958 CHEETAH_SIGNAL SENT_AFTER_TIME 5114.837708
1544200314374913 AUDIO_PLAYBACK_ONSET 106.wav
1544200315593644 AUDIO_PLAYBACK_DONE 106.wav
1544200315590635 CHEETAH_SIGNAL SENT_AFTER_TIME 5117.016267
1544200315625611 CHEETAH_SIGNAL SENT_AFTER_TIME 5117.051365
1544200316593644 AUDIO_PLAYBACK_ONSET 75.wav
1544200317593625 AUDIO_PLAYBACK_DONE 75.wav
1544200317593661 CHEETAH_SIGNAL SENT_AFTER_TIME 5119.019286
1544200317629003 CHEETAH_SIGNAL SENT_AFTER_TIME 5119.054753
1544200318593625 AUDIO_PLAYBACK_ONSET 140.wav
1544200319874872 AUDIO_PLAYBACK_DONE 140.wav
1544200319872130 CHEETAH_SIGNAL SENT_AFTER_TIME 5121.297753
1544200319907104 CHEETAH_SIGNAL SENT_AFTER_TIME 5121.332854
1544200320874872 AUDIO_PLAYBACK_ONSET 54.wav
1544200322124851 AUDIO_PLAYBACK_DONE 54.wav
1544200322122768 CHEETAH_SIGNAL SENT_AFTER_TIME 5123.548409
1544200322157886 CHEETAH_SIGNAL SENT_AFTER_TIME 5123.583614
1544200323124851 AUDIO_PLAYBACK_ONSET 85.wav
1544200324468615 AUDIO_PLAYBACK_DONE 85.wav
1544200324465597 CHEETAH_SIGNAL SENT_AFTER_TIME 5125.891222
1544200324500604 CHEETAH_SIGNAL SENT_AFTER_TIME 5125.926310
1544200325468615 AUDIO_PLAYBACK_ONSET 115.wav
1544200327265490 AUDIO_PLAYBACK_DONE 115.wav
1544200327261534 CHEETAH_SIGNAL SENT_AFTER_TIME 5128.687138
1544200327296622 CHEETAH_SIGNAL SENT_AFTER_TIME 5128.722339
1544200328265490 AUDIO_PLAYBACK_ONSET 9.wav
1544200329515470 AUDIO_PLAYBACK_DONE 9.wav
1544200329513180 CHEETAH_SIGNAL SENT_AFTER_TIME 5130.938808
1544200329548450 CHEETAH_SIGNAL SENT_AFTER_TIME 5130.974178
1544200330515470 AUDIO_PLAYBACK_ONSET 43.wav
1544200331765448 AUDIO_PLAYBACK_DONE 43.wav
1544200331762994 CHEETAH_SIGNAL SENT_AFTER_TIME 5133.188658
1544200331797953 CHEETAH_SIGNAL SENT_AFTER_TIME 5133.223704
1544200332765448 AUDIO_PLAYBACK_ONSET 151.wav
1544200333796699 AUDIO_PLAYBACK_DONE 151.wav
1544200333797126 CHEETAH_SIGNAL SENT_AFTER_TIME 5135.222758
1544200333832206 CHEETAH_SIGNAL SENT_AFTER_TIME 5135.257922
1544200334796699 AUDIO_PLAYBACK_ONSET 45.wav
1544200335890441 AUDIO_PLAYBACK_DONE 45.wav
1544200335890425 CHEETAH_SIGNAL SENT_AFTER_TIME 5137.316114
1544200335925417 CHEETAH_SIGNAL SENT_AFTER_TIME 5137.351146
1544200336890441 AUDIO_PLAYBACK_ONSET 47.wav
1544200338124797 AUDIO_PLAYBACK_DONE 47.wav
1544200338118503 CHEETAH_SIGNAL SENT_AFTER_TIME 5139.544131
1544200338153524 CHEETAH_SIGNAL SENT_AFTER_TIME 5139.579215
1544200339124797 AUDIO_PLAYBACK_ONSET 141.wav
1544200340195117 AUDIO_PLAYBACK_DONE 141.wav
1544200340197662 CHEETAH_SIGNAL SENT_AFTER_TIME 5141.623255
1544200340233130 CHEETAH_SIGNAL SENT_AFTER_TIME 5141.658771
1544200341195117 AUDIO_PLAYBACK_ONSET 55.wav
1544200342382601 AUDIO_PLAYBACK_DONE 55.wav
1544200342380773 CHEETAH_SIGNAL SENT_AFTER_TIME 5143.806412
1544200342415763 CHEETAH_SIGNAL SENT_AFTER_TIME 5143.841509
1544200343382601 AUDIO_PLAYBACK_ONSET 149.wav
1544200344538858 AUDIO_PLAYBACK_DONE 149.wav
1544200344537815 CHEETAH_SIGNAL SENT_AFTER_TIME 5145.963435
1544200344572747 CHEETAH_SIGNAL SENT_AFTER_TIME 5145.998498
1544200345538858 AUDIO_PLAYBACK_ONSET 113.wav
1544200346757590 AUDIO_PLAYBACK_DONE 113.wav
1544200346754989 CHEETAH_SIGNAL SENT_AFTER_TIME 5148.180675
1544200346790110 CHEETAH_SIGNAL SENT_AFTER_TIME 5148.215837
1544200347757590 AUDIO_PLAYBACK_ONSET 63.wav
1544200348921673 AUDIO_PLAYBACK_DONE 63.wav
1544200348923234 CHEETAH_SIGNAL SENT_AFTER_TIME 5150.348845
