1544200821261591 CHEETAH_SIGNAL SENT_AFTER_TIME 5622.710115
1544200823684497 CHEETAH_SIGNAL SENT_AFTER_TIME 5625.133068
1544200823744247 CHEETAH_SIGNAL SENT_AFTER_TIME 5625.192738
1544200823742889 DISPLAY_INSTRUCTIONS Stimuli/instructions_audio_sentences.png
1544200832660872 KEY_PRESS space
1544200832661306 CHEETAH_SIGNAL SENT_AFTER_TIME 5634.110223
1544200832766118 CHEETAH_SIGNAL SENT_AFTER_TIME 5634.214961
1544200832764890 DISPLAY_INSTRUCTIONS OFF
1544200832814806 CHEETAH_SIGNAL SENT_AFTER_TIME 5634.263665
1544200832848055 CHEETAH_SIGNAL SENT_AFTER_TIME 5634.296975
1544200832899118 CHEETAH_SIGNAL SENT_AFTER_TIME 5634.347986
1544200832897910 DISPLAY_FIXATION
1544200836099210 CHEETAH_SIGNAL SENT_AFTER_TIME 5637.548192
1544200836144597 AUDIO_PLAYBACK_ONSET 1 44 1 The
1544200836212852 AUDIO_PLAYBACK_ONSET 2 44 2 salad
1544200836567980 AUDIO_PLAYBACK_ONSET 3 44 3 is
1544200836741154 AUDIO_PLAYBACK_ONSET 4 44 4 tasty
1544200837317339 AUDIO_PLAYBACK_ONSET _ 44 END_OF_WAV
1544200837332102 AUDIO_PLAYBACK_DONE 44.wav
1544200837330647 CHEETAH_SIGNAL SENT_AFTER_TIME 5638.779687
1544200832657593 KEY_PRESS space
1544200832697588 KEY_PRESS space
1544200837177724 KEY_PRESS l
1544200837353692 KEY_PRESS l
1544200837367147 CHEETAH_SIGNAL SENT_AFTER_TIME 5638.816252
1544200838331979 AUDIO_PLAYBACK_ONSET 5 125 1 we
1544200838444274 AUDIO_PLAYBACK_ONSET 6 125 2 believed
1544200838709644 AUDIO_PLAYBACK_ONSET 7 125 3 that
1544200838836659 AUDIO_PLAYBACK_ONSET 8 125 4 he
1544200838960650 AUDIO_PLAYBACK_ONSET 9 125 5 cried
1544200839433931 AUDIO_PLAYBACK_ONSET _ 125 END_OF_WAV
1544200839456973 AUDIO_PLAYBACK_DONE 125.wav
1544200839455522 CHEETAH_SIGNAL SENT_AFTER_TIME 5640.904651
1544200839490178 CHEETAH_SIGNAL SENT_AFTER_TIME 5640.939402
1544200840456854 AUDIO_PLAYBACK_ONSET 10 86 1 What
1544200840645195 AUDIO_PLAYBACK_ONSET 11 86 2 does
1544200840871000 AUDIO_PLAYBACK_ONSET 12 86 3 the
1544200840977729 AUDIO_PLAYBACK_ONSET 13 86 4 girl
1544200841204416 AUDIO_PLAYBACK_ONSET 14 86 5 eat?
1544200841719535 AUDIO_PLAYBACK_ONSET _ 86 END_OF_WAV
1544200841769375 AUDIO_PLAYBACK_DONE 86.wav
1544200841766177 CHEETAH_SIGNAL SENT_AFTER_TIME 5643.215372
1544200841801239 CHEETAH_SIGNAL SENT_AFTER_TIME 5643.250546
1544200842769292 AUDIO_PLAYBACK_ONSET 15 9 1 they
1544200843050308 AUDIO_PLAYBACK_ONSET 16 9 2 will
1544200843254437 AUDIO_PLAYBACK_ONSET 17 9 3 drink
1544200843886986 AUDIO_PLAYBACK_ONSET _ 9 END_OF_WAV
1544200844019270 AUDIO_PLAYBACK_DONE 9.wav
1544200844016739 CHEETAH_SIGNAL SENT_AFTER_TIME 5645.466052
1544200842649493 KEY_PRESS l
1544200842777492 KEY_PRESS l
1544200844052207 CHEETAH_SIGNAL SENT_AFTER_TIME 5645.501619
1544200845019165 AUDIO_PLAYBACK_ONSET 18 41 1 the
1544200845177865 AUDIO_PLAYBACK_ONSET 19 41 2 boy
1544200845365804 AUDIO_PLAYBACK_ONSET 20 41 3 sneezes
1544200846242856 AUDIO_PLAYBACK_ONSET _ 41 END_OF_WAV
1544200846245722 AUDIO_PLAYBACK_DONE 41.wav
1544200846246113 CHEETAH_SIGNAL SENT_AFTER_TIME 5647.695530
1544200846281113 CHEETAH_SIGNAL SENT_AFTER_TIME 5647.730595
1544200847245652 AUDIO_PLAYBACK_ONSET 21 109 1 the
1544200847413225 AUDIO_PLAYBACK_ONSET 22 109 2 boy
1544200847629827 AUDIO_PLAYBACK_ONSET 23 109 3 was
1544200847898879 AUDIO_PLAYBACK_ONSET 24 109 4 pushed
1544200848580737 AUDIO_PLAYBACK_ONSET _ 109 END_OF_WAV
1544200848690960 AUDIO_PLAYBACK_DONE 109.wav
1544200848689362 CHEETAH_SIGNAL SENT_AFTER_TIME 5650.138878
1544200848724299 CHEETAH_SIGNAL SENT_AFTER_TIME 5650.173905
1544200849690836 AUDIO_PLAYBACK_ONSET 25 34 1 the
1544200849896460 AUDIO_PLAYBACK_ONSET 26 34 2 boy
1544200850146878 AUDIO_PLAYBACK_ONSET 27 34 3 laughs
1544200850970208 AUDIO_PLAYBACK_ONSET _ 34 END_OF_WAV
1544200851065829 AUDIO_PLAYBACK_DONE 34.wav
1544200851061829 CHEETAH_SIGNAL SENT_AFTER_TIME 5652.511445
1544200851096361 CHEETAH_SIGNAL SENT_AFTER_TIME 5652.546066
1544200852065730 AUDIO_PLAYBACK_ONSET 28 53 1 they
1544200852226537 AUDIO_PLAYBACK_ONSET 29 53 2 heard
1544200852400929 AUDIO_PLAYBACK_ONSET 30 53 3 her
1544200852551128 AUDIO_PLAYBACK_ONSET 31 53 4 coughing
1544200853156966 AUDIO_PLAYBACK_ONSET _ 53 END_OF_WAV
1544200853565735 AUDIO_PLAYBACK_DONE 53.wav
1544200853560578 CHEETAH_SIGNAL SENT_AFTER_TIME 5655.010273
1544200853595953 CHEETAH_SIGNAL SENT_AFTER_TIME 5655.045747
1544200854565646 AUDIO_PLAYBACK_ONSET 32 15 1 he
1544200854725257 AUDIO_PLAYBACK_ONSET 33 15 2 remains
1544200855619952 AUDIO_PLAYBACK_ONSET _ 15 END_OF_WAV
1544200855628143 AUDIO_PLAYBACK_DONE 15.wav
1544200855627484 CHEETAH_SIGNAL SENT_AFTER_TIME 5657.077275
1544200855662484 CHEETAH_SIGNAL SENT_AFTER_TIME 5657.112338
1544200856628083 AUDIO_PLAYBACK_ONSET 34 106 1 they
1544200856940569 AUDIO_PLAYBACK_ONSET 35 106 2 vanish
1544200857779265 AUDIO_PLAYBACK_ONSET _ 106 END_OF_WAV
1544200857846839 AUDIO_PLAYBACK_DONE 106.wav
1544200857844420 CHEETAH_SIGNAL SENT_AFTER_TIME 5659.294315
1544200857879514 CHEETAH_SIGNAL SENT_AFTER_TIME 5659.329466
1544200858846741 AUDIO_PLAYBACK_ONSET 36 130 1 they
1544200859063308 AUDIO_PLAYBACK_ONSET 37 130 2 coughed
1544200859823637 AUDIO_PLAYBACK_ONSET _ 130 END_OF_WAV
1544200860159237 AUDIO_PLAYBACK_DONE 130.wav
1544200860157201 CHEETAH_SIGNAL SENT_AFTER_TIME 5661.607171
1544200860192232 CHEETAH_SIGNAL SENT_AFTER_TIME 5661.642279
1544200861159142 AUDIO_PLAYBACK_ONSET 38 123 1 Who
1544200861232811 AUDIO_PLAYBACK_ONSET 39 123 2 will
1544200861346984 AUDIO_PLAYBACK_ONSET 40 123 3 the
1544200861478589 AUDIO_PLAYBACK_ONSET 41 123 4 boys
1544200861781018 AUDIO_PLAYBACK_ONSET 42 123 5 kiss?
1544200862412894 AUDIO_PLAYBACK_ONSET _ 123 END_OF_WAV
1544200862456018 AUDIO_PLAYBACK_DONE 123.wav
1544200862448200 CHEETAH_SIGNAL SENT_AFTER_TIME 5663.898280
1544200862483200 CHEETAH_SIGNAL SENT_AFTER_TIME 5663.933336
1544200863455929 AUDIO_PLAYBACK_ONSET 43 28 1 the
1544200863566333 AUDIO_PLAYBACK_ONSET 44 28 2 host
1544200863929231 AUDIO_PLAYBACK_ONSET 45 28 3 was
1544200864100599 AUDIO_PLAYBACK_ONSET 46 28 4 warned
1544200864827403 AUDIO_PLAYBACK_ONSET _ 28 END_OF_WAV
1544200864955929 AUDIO_PLAYBACK_DONE 28.wav
1544200864950293 CHEETAH_SIGNAL SENT_AFTER_TIME 5666.400476
1544200864985636 CHEETAH_SIGNAL SENT_AFTER_TIME 5666.435913
1544200865955788 AUDIO_PLAYBACK_ONSET 47 21 1 who
1544200866208735 AUDIO_PLAYBACK_ONSET 48 21 2 winks?
1544200866924215 AUDIO_PLAYBACK_ONSET _ 21 END_OF_WAV
1544200866924524 AUDIO_PLAYBACK_DONE 21.wav
1544200866926042 CHEETAH_SIGNAL SENT_AFTER_TIME 5668.376303
1544200866961198 CHEETAH_SIGNAL SENT_AFTER_TIME 5668.411532
1544200867924467 AUDIO_PLAYBACK_ONSET 49 147 1 the
1544200868061188 AUDIO_PLAYBACK_ONSET 50 147 2 boys
1544200868403615 AUDIO_PLAYBACK_ONSET 51 147 3 tickle
1544200868662479 AUDIO_PLAYBACK_ONSET 52 147 4 the
1544200868796906 AUDIO_PLAYBACK_ONSET 53 147 5 girl
1544200869247420 AUDIO_PLAYBACK_ONSET _ 147 END_OF_WAV
1544200869276013 AUDIO_PLAYBACK_DONE 147.wav
1544200869275353 CHEETAH_SIGNAL SENT_AFTER_TIME 5670.725721
1544200869310385 CHEETAH_SIGNAL SENT_AFTER_TIME 5670.760816
1544200870275916 AUDIO_PLAYBACK_ONSET 54 78 1 she
1544200870506704 AUDIO_PLAYBACK_ONSET 55 78 2 saw
1544200870744636 AUDIO_PLAYBACK_ONSET 56 78 3 that
1544200870910902 AUDIO_PLAYBACK_ONSET 57 78 4 he
1544200871045635 AUDIO_PLAYBACK_ONSET 58 78 5 crawled
1544200871566410 AUDIO_PLAYBACK_ONSET _ 78 END_OF_WAV
1544200871697780 AUDIO_PLAYBACK_DONE 78.wav
1544200871697790 CHEETAH_SIGNAL SENT_AFTER_TIME 5673.148234
1544200871732790 CHEETAH_SIGNAL SENT_AFTER_TIME 5673.183323
1544200872697678 AUDIO_PLAYBACK_ONSET 59 51 1 she
1544200872892308 AUDIO_PLAYBACK_ONSET 60 51 2 smelled
1544200873199346 AUDIO_PLAYBACK_ONSET 61 51 3 it
1544200873377247 AUDIO_PLAYBACK_ONSET 62 51 4 burn
1544200873785427 AUDIO_PLAYBACK_ONSET _ 51 END_OF_WAV
1544200874041425 AUDIO_PLAYBACK_DONE 51.wav
1544200874036789 CHEETAH_SIGNAL SENT_AFTER_TIME 5675.487362
1544200874071851 CHEETAH_SIGNAL SENT_AFTER_TIME 5675.522483
1544200875041326 AUDIO_PLAYBACK_ONSET 63 116 1 who
1544200875195225 AUDIO_PLAYBACK_ONSET 64 116 2 vanished?
1544200876034224 AUDIO_PLAYBACK_ONSET _ 116 END_OF_WAV
1544200876103824 AUDIO_PLAYBACK_DONE 116.wav
1544200876102788 CHEETAH_SIGNAL SENT_AFTER_TIME 5677.553394
1544200874320149 KEY_PRESS l
1544200874464154 KEY_PRESS l
1544200876139007 CHEETAH_SIGNAL SENT_AFTER_TIME 5677.589723
1544200877103740 AUDIO_PLAYBACK_ONSET 65 138 1 he
1544200877202809 AUDIO_PLAYBACK_ONSET 66 138 2 shaved
1544200878092202 AUDIO_PLAYBACK_ONSET _ 138 END_OF_WAV
1544200878306851 AUDIO_PLAYBACK_DONE 138.wav
1544200878299506 CHEETAH_SIGNAL SENT_AFTER_TIME 5679.750190
1544200878334506 CHEETAH_SIGNAL SENT_AFTER_TIME 5679.785276
1544200879306797 AUDIO_PLAYBACK_ONSET 67 60 1 the
1544200879449870 AUDIO_PLAYBACK_ONSET 68 60 2 boy
1544200879609081 AUDIO_PLAYBACK_ONSET 69 60 3 smelled
1544200879957430 AUDIO_PLAYBACK_ONSET 70 60 4 the
1544200880023269 AUDIO_PLAYBACK_ONSET 71 60 5 flowers
1544200880891148 AUDIO_PLAYBACK_ONSET _ 60 END_OF_WAV
1544200881088050 AUDIO_PLAYBACK_DONE 60.wav
1544200881089036 CHEETAH_SIGNAL SENT_AFTER_TIME 5682.539877
1544200881124442 CHEETAH_SIGNAL SENT_AFTER_TIME 5682.575352
1544200882087910 AUDIO_PLAYBACK_ONSET 72 33 1 who
1544200882345107 AUDIO_PLAYBACK_ONSET 73 33 2 falls?
1544200883192134 AUDIO_PLAYBACK_ONSET _ 33 END_OF_WAV
1544200883228523 AUDIO_PLAYBACK_DONE 33.wav
1544200883232410 CHEETAH_SIGNAL SENT_AFTER_TIME 5684.683338
1544200883267473 CHEETAH_SIGNAL SENT_AFTER_TIME 5684.718466
1544200884228440 AUDIO_PLAYBACK_ONSET 74 47 1 she
1544200884464466 AUDIO_PLAYBACK_ONSET 75 47 2 will
1544200884584750 AUDIO_PLAYBACK_ONSET 76 47 3 sleep
1544200885277414 AUDIO_PLAYBACK_ONSET _ 47 END_OF_WAV
1544200885462819 AUDIO_PLAYBACK_DONE 47.wav
1544200885465847 CHEETAH_SIGNAL SENT_AFTER_TIME 5686.916849
1544200885500847 CHEETAH_SIGNAL SENT_AFTER_TIME 5686.951957
1544200886462702 AUDIO_PLAYBACK_ONSET 77 152 1 she
1544200886797253 AUDIO_PLAYBACK_ONSET 78 152 2 dressed
1544200887422754 AUDIO_PLAYBACK_ONSET _ 152 END_OF_WAV
1544200887525198 AUDIO_PLAYBACK_DONE 152.wav
1544200887524315 CHEETAH_SIGNAL SENT_AFTER_TIME 5688.975421
1544200887559502 CHEETAH_SIGNAL SENT_AFTER_TIME 5689.010670
1544200888525140 AUDIO_PLAYBACK_ONSET 79 82 1 the
1544200888667667 AUDIO_PLAYBACK_ONSET 80 82 2 boy
1544200888859682 AUDIO_PLAYBACK_ONSET 81 82 3 will
1544200888996589 AUDIO_PLAYBACK_ONSET 82 82 4 sing
1544200889552830 AUDIO_PLAYBACK_ONSET _ 82 END_OF_WAV
1544200889806392 AUDIO_PLAYBACK_DONE 82.wav
1544200889803970 CHEETAH_SIGNAL SENT_AFTER_TIME 5691.255175
1544200889839033 CHEETAH_SIGNAL SENT_AFTER_TIME 5691.290272
1544200890806321 AUDIO_PLAYBACK_ONSET 83 22 1 they
1544200891141637 AUDIO_PLAYBACK_ONSET 84 22 2 vanished
1544200891869723 AUDIO_PLAYBACK_ONSET _ 22 END_OF_WAV
1544200891962560 AUDIO_PLAYBACK_DONE 22.wav
1544200891960969 CHEETAH_SIGNAL SENT_AFTER_TIME 5693.412241
1544200891996313 CHEETAH_SIGNAL SENT_AFTER_TIME 5693.447685
1544200892962427 AUDIO_PLAYBACK_ONSET 85 52 1 he
1544200893106516 AUDIO_PLAYBACK_ONSET 86 52 2 disappeared
1544200893885232 AUDIO_PLAYBACK_ONSET _ 52 END_OF_WAV
1544200894212408 AUDIO_PLAYBACK_DONE 52.wav
1544200894210031 CHEETAH_SIGNAL SENT_AFTER_TIME 5695.661411
1544200894245093 CHEETAH_SIGNAL SENT_AFTER_TIME 5695.696540
1544200895212333 AUDIO_PLAYBACK_ONSET 87 73 1 she
1544200895430573 AUDIO_PLAYBACK_ONSET 88 73 2 heard
1544200895662342 AUDIO_PLAYBACK_ONSET 89 73 3 them
1544200895850187 AUDIO_PLAYBACK_ONSET 90 73 4 crying
1544200896377274 AUDIO_PLAYBACK_ONSET _ 73 END_OF_WAV
1544200896602952 AUDIO_PLAYBACK_DONE 73.wav
1544200896594155 CHEETAH_SIGNAL SENT_AFTER_TIME 5698.045636
1544200896629155 CHEETAH_SIGNAL SENT_AFTER_TIME 5698.080721
1544200897602833 AUDIO_PLAYBACK_ONSET 91 115 1 she
1544200897760444 AUDIO_PLAYBACK_ONSET 92 115 2 discovered
1544200898318344 AUDIO_PLAYBACK_ONSET 93 115 3 that
1544200898500687 AUDIO_PLAYBACK_ONSET 94 115 4 they
1544200898639558 AUDIO_PLAYBACK_ONSET 95 115 5 cough
1544200899260252 AUDIO_PLAYBACK_ONSET _ 115 END_OF_WAV
1544200899399706 AUDIO_PLAYBACK_DONE 115.wav
1544200899397685 CHEETAH_SIGNAL SENT_AFTER_TIME 5700.849274
1544200899432685 CHEETAH_SIGNAL SENT_AFTER_TIME 5700.884366
1544200900399591 AUDIO_PLAYBACK_ONSET 96 89 1 he
1544200900490520 AUDIO_PLAYBACK_ONSET 97 89 2 hears
1544200900824156 AUDIO_PLAYBACK_ONSET 98 89 3 the
1544200900900380 AUDIO_PLAYBACK_ONSET 99 89 4 men
1544200901297744 AUDIO_PLAYBACK_ONSET _ 89 END_OF_WAV
1544200901329278 AUDIO_PLAYBACK_DONE 89.wav
1544200901327809 CHEETAH_SIGNAL SENT_AFTER_TIME 5702.779457
1544200901362840 CHEETAH_SIGNAL SENT_AFTER_TIME 5702.814579
1544200902329220 AUDIO_PLAYBACK_ONSET 100 18 1 The
1544200902429544 AUDIO_PLAYBACK_ONSET 101 18 2 chef
1544200902702725 AUDIO_PLAYBACK_ONSET 102 18 3 served
1544200903159371 AUDIO_PLAYBACK_ONSET 103 18 4 the
1544200903308563 AUDIO_PLAYBACK_ONSET 104 18 5 cake
1544200903766217 AUDIO_PLAYBACK_ONSET _ 18 END_OF_WAV
1544200903829199 AUDIO_PLAYBACK_DONE 18.wav
1544200903824089 CHEETAH_SIGNAL SENT_AFTER_TIME 5705.275874
1544200903678877 KEY_PRESS l
1544200903854924 KEY_PRESS l
1544200903859183 CHEETAH_SIGNAL SENT_AFTER_TIME 5705.311016
1544200904829105 AUDIO_PLAYBACK_ONSET 105 57 1 who
1544200905008723 AUDIO_PLAYBACK_ONSET 106 57 2 eats
1544200905223573 AUDIO_PLAYBACK_ONSET 107 57 3 the
1544200905290766 AUDIO_PLAYBACK_ONSET 108 57 4 salad?
1544200905911261 AUDIO_PLAYBACK_ONSET _ 57 END_OF_WAV
1544200906063464 AUDIO_PLAYBACK_DONE 57.wav
1544200906056120 CHEETAH_SIGNAL SENT_AFTER_TIME 5707.508008
1544200905870861 KEY_PRESS l
1544200906054872 KEY_PRESS l
1544200906090995 CHEETAH_SIGNAL SENT_AFTER_TIME 5707.542948
1544200907063344 AUDIO_PLAYBACK_ONSET 109 101 1 she
1544200907448687 AUDIO_PLAYBACK_ONSET 110 101 2 cries
1544200908187807 AUDIO_PLAYBACK_ONSET _ 101 END_OF_WAV
1544200908297699 AUDIO_PLAYBACK_DONE 101.wav
1544200908291556 CHEETAH_SIGNAL SENT_AFTER_TIME 5709.743508
1544200908326556 CHEETAH_SIGNAL SENT_AFTER_TIME 5709.778577
1544200909297631 AUDIO_PLAYBACK_ONSET 111 12 1 who
1544200909545730 AUDIO_PLAYBACK_ONSET 112 12 2 jumped?
1544200910312166 AUDIO_PLAYBACK_ONSET _ 12 END_OF_WAV
1544200910703871 AUDIO_PLAYBACK_DONE 12.wav
1544200910699618 CHEETAH_SIGNAL SENT_AFTER_TIME 5712.151665
1544200910734743 CHEETAH_SIGNAL SENT_AFTER_TIME 5712.186860
1544200911703775 AUDIO_PLAYBACK_ONSET 113 124 1 who
1544200911811958 AUDIO_PLAYBACK_ONSET 114 124 2 disappeared?
1544200912566761 AUDIO_PLAYBACK_ONSET _ 124 END_OF_WAV
1544200912688153 AUDIO_PLAYBACK_DONE 124.wav
1544200912683336 CHEETAH_SIGNAL SENT_AFTER_TIME 5714.135463
1544200912718648 CHEETAH_SIGNAL SENT_AFTER_TIME 5714.170874
1544200913688044 AUDIO_PLAYBACK_ONSET 115 10 1 they
1544200913989349 AUDIO_PLAYBACK_ONSET 116 10 2 wink
1544200914592669 AUDIO_PLAYBACK_ONSET _ 10 END_OF_WAV
1544200914813035 AUDIO_PLAYBACK_DONE 10.wav
1544200914811648 CHEETAH_SIGNAL SENT_AFTER_TIME 5716.263882
1544200914846679 CHEETAH_SIGNAL SENT_AFTER_TIME 5716.298978
1544200915812962 AUDIO_PLAYBACK_ONSET 117 40 1 he
1544200916151585 AUDIO_PLAYBACK_ONSET 118 40 2 cried
1544200916888682 AUDIO_PLAYBACK_ONSET _ 40 END_OF_WAV
1544200917250449 AUDIO_PLAYBACK_DONE 40.wav
1544200917245397 CHEETAH_SIGNAL SENT_AFTER_TIME 5718.697718
1544200917280553 CHEETAH_SIGNAL SENT_AFTER_TIME 5718.732941
1544200918250360 AUDIO_PLAYBACK_ONSET 119 128 1 Whom
1544200918474865 AUDIO_PLAYBACK_ONSET 120 128 2 will
1544200918561306 AUDIO_PLAYBACK_ONSET 121 128 3 the
1544200918660978 AUDIO_PLAYBACK_ONSET 122 128 4 women
1544200918922948 AUDIO_PLAYBACK_ONSET 123 128 5 hug?
1544200919402784 AUDIO_PLAYBACK_ONSET _ 128 END_OF_WAV
1544200919562858 AUDIO_PLAYBACK_DONE 128.wav
1544200919559333 CHEETAH_SIGNAL SENT_AFTER_TIME 5721.011754
1544200919594458 CHEETAH_SIGNAL SENT_AFTER_TIME 5721.046936
1544200920562768 AUDIO_PLAYBACK_ONSET 124 32 1 the
1544200920706716 AUDIO_PLAYBACK_ONSET 125 32 2 girls
1544200921058440 AUDIO_PLAYBACK_ONSET 126 32 3 appear
1544200921708799 AUDIO_PLAYBACK_ONSET _ 32 END_OF_WAV
1544200921797125 AUDIO_PLAYBACK_DONE 32.wav
1544200921789739 CHEETAH_SIGNAL SENT_AFTER_TIME 5723.242222
1544200921824801 CHEETAH_SIGNAL SENT_AFTER_TIME 5723.277374
1544200922797030 AUDIO_PLAYBACK_ONSET 127 121 1 What
1544200922960798 AUDIO_PLAYBACK_ONSET 128 121 2 did
1544200923082521 AUDIO_PLAYBACK_ONSET 129 121 3 the
1544200923187820 AUDIO_PLAYBACK_ONSET 130 121 4 girls
1544200923477635 AUDIO_PLAYBACK_ONSET 131 121 5 find?
1544200924081417 AUDIO_PLAYBACK_ONSET _ 121 END_OF_WAV
1544200924234514 AUDIO_PLAYBACK_DONE 121.wav
1544200924230238 CHEETAH_SIGNAL SENT_AFTER_TIME 5725.682836
1544200924265581 CHEETAH_SIGNAL SENT_AFTER_TIME 5725.718293
1544200925234375 AUDIO_PLAYBACK_ONSET 132 16 1 What
1544200925435262 AUDIO_PLAYBACK_ONSET 133 16 2 will
1544200925636620 AUDIO_PLAYBACK_ONSET 134 16 3 the
1544200925777769 AUDIO_PLAYBACK_ONSET 135 16 4 girls
1544200926196278 AUDIO_PLAYBACK_ONSET 136 16 5 find?
1544200926646372 AUDIO_PLAYBACK_ONSET _ 16 END_OF_WAV
1544200926703108 AUDIO_PLAYBACK_DONE 16.wav
1544200926697549 CHEETAH_SIGNAL SENT_AFTER_TIME 5728.150233
1544200926732549 CHEETAH_SIGNAL SENT_AFTER_TIME 5728.185304
1544200927703065 AUDIO_PLAYBACK_ONSET 137 58 1 he
1544200927914520 AUDIO_PLAYBACK_ONSET 138 58 2 laughs
1544200928702547 AUDIO_PLAYBACK_ONSET _ 58 END_OF_WAV
1544200928929623 AUDIO_PLAYBACK_DONE 58.wav
1544200928929736 CHEETAH_SIGNAL SENT_AFTER_TIME 5730.382542
1544200928964892 CHEETAH_SIGNAL SENT_AFTER_TIME 5730.417764
1544200929929506 AUDIO_PLAYBACK_ONSET 139 104 1 they
1544200930172513 AUDIO_PLAYBACK_ONSET 140 104 2 heared
1544200930453173 AUDIO_PLAYBACK_ONSET 141 104 3 that
1544200930558011 AUDIO_PLAYBACK_ONSET 142 104 4 she
1544200930755674 AUDIO_PLAYBACK_ONSET 143 104 5 laughed
1544200931528854 AUDIO_PLAYBACK_ONSET _ 104 END_OF_WAV
1544200931554500 AUDIO_PLAYBACK_DONE 104.wav
1544200931548110 CHEETAH_SIGNAL SENT_AFTER_TIME 5733.001012
1544200931583141 CHEETAH_SIGNAL SENT_AFTER_TIME 5733.036111
1544200932554402 AUDIO_PLAYBACK_ONSET 144 27 1 Who
1544200932754586 AUDIO_PLAYBACK_ONSET 145 27 2 did
1544200932937170 AUDIO_PLAYBACK_ONSET 146 27 3 the
1544200933088000 AUDIO_PLAYBACK_ONSET 147 27 4 boys
1544200933455436 AUDIO_PLAYBACK_ONSET 148 27 5 kiss?
1544200934152884 AUDIO_PLAYBACK_ONSET _ 27 END_OF_WAV
1544200934241886 AUDIO_PLAYBACK_DONE 27.wav
1544200934244796 CHEETAH_SIGNAL SENT_AFTER_TIME 5735.697812
1544200934279796 CHEETAH_SIGNAL SENT_AFTER_TIME 5735.732896
1544200935241756 AUDIO_PLAYBACK_ONSET 149 49 1 the
1544200935411464 AUDIO_PLAYBACK_ONSET 150 49 2 girl
1544200935620700 AUDIO_PLAYBACK_ONSET 151 49 3 ate
1544200935806971 AUDIO_PLAYBACK_ONSET 152 49 4 the
1544200935865660 AUDIO_PLAYBACK_ONSET 153 49 5 salad
1544200936481460 AUDIO_PLAYBACK_ONSET _ 49 END_OF_WAV
1544200936507384 AUDIO_PLAYBACK_DONE 49.wav
1544200936511045 CHEETAH_SIGNAL SENT_AFTER_TIME 5737.964162
1544200936546201 CHEETAH_SIGNAL SENT_AFTER_TIME 5737.999428
1544200937507257 AUDIO_PLAYBACK_ONSET 154 88 1 he
1544200937723096 AUDIO_PLAYBACK_ONSET 155 88 2 collapses
1544200938667449 AUDIO_PLAYBACK_ONSET _ 88 END_OF_WAV
1544200938725990 AUDIO_PLAYBACK_DONE 88.wav
1544200938723263 CHEETAH_SIGNAL SENT_AFTER_TIME 5740.176478
1544200936565561 KEY_PRESS l
1544200936709554 KEY_PRESS l
1544200938754169 CHEETAH_SIGNAL SENT_AFTER_TIME 5740.211999
1544200939721387 AUDIO_PLAYBACK_ONSET 156 13 1 she
1544200939990908 AUDIO_PLAYBACK_ONSET 157 13 2 sliced
1544200940434497 AUDIO_PLAYBACK_ONSET 158 13 3 the
1544200940511319 AUDIO_PLAYBACK_ONSET 159 13 4 mushrooms
1544200941444341 AUDIO_PLAYBACK_ONSET _ 13 END_OF_WAV
1544200941565131 AUDIO_PLAYBACK_DONE 13.wav
1544200941570387 CHEETAH_SIGNAL SENT_AFTER_TIME 5743.023694
1544200941213504 KEY_PRESS l
1544200941397452 KEY_PRESS l
1544200941606168 CHEETAH_SIGNAL SENT_AFTER_TIME 5743.059571
1544200942569558 AUDIO_PLAYBACK_ONSET 160 102 1 we
1544200942720065 AUDIO_PLAYBACK_ONSET 161 102 2 heard
1544200942984618 AUDIO_PLAYBACK_ONSET 162 102 3 that
1544200943092795 AUDIO_PLAYBACK_ONSET 163 102 4 she
1544200943311292 AUDIO_PLAYBACK_ONSET 164 102 5 sneezed
1544200944123157 AUDIO_PLAYBACK_ONSET _ 102 END_OF_WAV
1544200944163300 AUDIO_PLAYBACK_DONE 102.wav
1544200944156292 CHEETAH_SIGNAL SENT_AFTER_TIME 5745.609705
1544200944191448 CHEETAH_SIGNAL SENT_AFTER_TIME 5745.644927
1544200945163224 AUDIO_PLAYBACK_ONSET 165 45 1 Whom
1544200945278281 AUDIO_PLAYBACK_ONSET 166 45 2 does
1544200945475272 AUDIO_PLAYBACK_ONSET 167 45 3 the
1544200945596554 AUDIO_PLAYBACK_ONSET 168 45 4 boy
1544200945841322 AUDIO_PLAYBACK_ONSET 169 45 5 tickle?
1544200946255151 AUDIO_PLAYBACK_ONSET _ 45 END_OF_WAV
1544200946256969 AUDIO_PLAYBACK_DONE 45.wav
1544200946256260 CHEETAH_SIGNAL SENT_AFTER_TIME 5747.709778
1544200946291697 CHEETAH_SIGNAL SENT_AFTER_TIME 5747.745254
1544200947256891 AUDIO_PLAYBACK_ONSET 170 71 1 who
1544200947440041 AUDIO_PLAYBACK_ONSET 171 71 2 coughed?
1544200948193384 AUDIO_PLAYBACK_ONSET _ 71 END_OF_WAV
1544200948256874 AUDIO_PLAYBACK_DONE 71.wav
1544200948256915 CHEETAH_SIGNAL SENT_AFTER_TIME 5749.710478
1544200948292322 CHEETAH_SIGNAL SENT_AFTER_TIME 5749.745948
1544200949256805 AUDIO_PLAYBACK_ONSET 172 137 1 the
1544200949397771 AUDIO_PLAYBACK_ONSET 173 137 2 boys
1544200949708325 AUDIO_PLAYBACK_ONSET 174 137 3 vanished
1544200950571188 AUDIO_PLAYBACK_ONSET _ 137 END_OF_WAV
1544200950678666 AUDIO_PLAYBACK_DONE 137.wav
1544200950678977 CHEETAH_SIGNAL SENT_AFTER_TIME 5752.132675
1544200950714133 CHEETAH_SIGNAL SENT_AFTER_TIME 5752.167892
1544200951678533 AUDIO_PLAYBACK_ONSET 175 66 1 they
1544200951774991 AUDIO_PLAYBACK_ONSET 176 66 2 appeared
1544200952375573 AUDIO_PLAYBACK_ONSET _ 66 END_OF_WAV
1544200952889467 AUDIO_PLAYBACK_DONE 66.wav
1544200952885507 CHEETAH_SIGNAL SENT_AFTER_TIME 5754.339242
1544200952920507 CHEETAH_SIGNAL SENT_AFTER_TIME 5754.374333
1544200953889400 AUDIO_PLAYBACK_ONSET 177 105 1 the
1544200954032704 AUDIO_PLAYBACK_ONSET 178 105 2 boys
1544200954334779 AUDIO_PLAYBACK_ONSET 179 105 3 winked
1544200955005058 AUDIO_PLAYBACK_ONSET _ 105 END_OF_WAV
1544200955104230 AUDIO_PLAYBACK_DONE 105.wav
1544200955106225 CHEETAH_SIGNAL SENT_AFTER_TIME 5756.560090
1544200955141256 CHEETAH_SIGNAL SENT_AFTER_TIME 5756.595188
1544200956104124 AUDIO_PLAYBACK_ONSET 180 2 1 who
1544200956223113 AUDIO_PLAYBACK_ONSET 181 2 2 hugs
1544200956515511 AUDIO_PLAYBACK_ONSET 182 2 3 the
1544200956596733 AUDIO_PLAYBACK_ONSET 183 2 4 friend?
1544200957135664 AUDIO_PLAYBACK_ONSET _ 2 END_OF_WAV
1544200957525987 AUDIO_PLAYBACK_DONE 2.wav
1544200957526349 CHEETAH_SIGNAL SENT_AFTER_TIME 5758.980304
1544200957562037 CHEETAH_SIGNAL SENT_AFTER_TIME 5759.016064
1544200958525892 AUDIO_PLAYBACK_ONSET 184 90 1 Whom
1544200958765627 AUDIO_PLAYBACK_ONSET 185 90 2 do
1544200958892726 AUDIO_PLAYBACK_ONSET 186 90 3 the
1544200958966556 AUDIO_PLAYBACK_ONSET 187 90 4 women
1544200959275892 AUDIO_PLAYBACK_ONSET 188 90 5 hug?
1544200959735691 AUDIO_PLAYBACK_ONSET _ 90 END_OF_WAV
1544200959916509 AUDIO_PLAYBACK_DONE 90.wav
1544200959917286 CHEETAH_SIGNAL SENT_AFTER_TIME 5761.371363
1544200959952317 CHEETAH_SIGNAL SENT_AFTER_TIME 5761.406453
1544200960916400 AUDIO_PLAYBACK_ONSET 189 74 1 she
1544200961107553 AUDIO_PLAYBACK_ONSET 190 74 2 eats
1544200961391655 AUDIO_PLAYBACK_ONSET 191 74 3 the
1544200961469065 AUDIO_PLAYBACK_ONSET 192 74 4 salad
1544200962045250 AUDIO_PLAYBACK_ONSET _ 74 END_OF_WAV
1544200962103884 AUDIO_PLAYBACK_DONE 74.wav
1544200962102410 CHEETAH_SIGNAL SENT_AFTER_TIME 5763.556566
1544200962137441 CHEETAH_SIGNAL SENT_AFTER_TIME 5763.591677
1544200963103784 AUDIO_PLAYBACK_ONSET 193 31 1 she
1544200963527606 AUDIO_PLAYBACK_ONSET 194 31 2 washed
1544200964344964 AUDIO_PLAYBACK_ONSET _ 31 END_OF_WAV
1544200964353765 AUDIO_PLAYBACK_DONE 31.wav
1544200964351253 CHEETAH_SIGNAL SENT_AFTER_TIME 5765.805494
1544200962316530 KEY_PRESS l
1544200962484517 KEY_PRESS l
1544200964386721 CHEETAH_SIGNAL SENT_AFTER_TIME 5765.841037
1544200965353685 AUDIO_PLAYBACK_ONSET 195 141 1 who
1544200965498643 AUDIO_PLAYBACK_ONSET 196 141 2 collapsed?
1544200966404222 AUDIO_PLAYBACK_ONSET _ 141 END_OF_WAV
1544200966423982 AUDIO_PLAYBACK_DONE 141.wav
1544200966415221 CHEETAH_SIGNAL SENT_AFTER_TIME 5767.869550
1544200966450221 CHEETAH_SIGNAL SENT_AFTER_TIME 5767.904622
1544200967423897 AUDIO_PLAYBACK_ONSET 197 25 1 they
1544200967716758 AUDIO_PLAYBACK_ONSET 198 25 2 hug
1544200968003044 AUDIO_PLAYBACK_ONSET 199 25 3 the
1544200968104857 AUDIO_PLAYBACK_ONSET 200 25 4 friend
1544200968710695 AUDIO_PLAYBACK_ONSET _ 25 END_OF_WAV
1544200968923879 AUDIO_PLAYBACK_DONE 25.wav
1544200968918813 CHEETAH_SIGNAL SENT_AFTER_TIME 5770.373237
1544200968953782 CHEETAH_SIGNAL SENT_AFTER_TIME 5770.408268
1544200969923794 AUDIO_PLAYBACK_ONSET 201 3 1 They
1544200970042649 AUDIO_PLAYBACK_ONSET 202 3 2 ate
1544200970289340 AUDIO_PLAYBACK_ONSET 203 3 3 the
1544200970407671 AUDIO_PLAYBACK_ONSET 204 3 4 grapes
1544200970765673 AUDIO_PLAYBACK_ONSET 205 3 5 together
1544200971256046 AUDIO_PLAYBACK_ONSET _ 3 END_OF_WAV
1544200971415995 AUDIO_PLAYBACK_DONE 3.wav
1544200971418500 CHEETAH_SIGNAL SENT_AFTER_TIME 5772.873014
1544200970916263 KEY_PRESS l
1544200971148246 KEY_PRESS l
1544200971453844 CHEETAH_SIGNAL SENT_AFTER_TIME 5772.908453
1544200972415872 AUDIO_PLAYBACK_ONSET 206 37 1 who
1544200972731595 AUDIO_PLAYBACK_ONSET 207 37 2 blooms?
1544200973508534 AUDIO_PLAYBACK_ONSET _ 37 END_OF_WAV
1544200973509615 AUDIO_PLAYBACK_DONE 37.wav
1544200973510030 CHEETAH_SIGNAL SENT_AFTER_TIME 5774.964634
1544200973545155 CHEETAH_SIGNAL SENT_AFTER_TIME 5774.999845
1544200974509534 AUDIO_PLAYBACK_ONSET 208 62 1 What
1544200974691667 AUDIO_PLAYBACK_ONSET 209 62 2 will
1544200974815049 AUDIO_PLAYBACK_ONSET 210 62 3 the
1544200974949287 AUDIO_PLAYBACK_ONSET 211 62 4 girl
1544200975207894 AUDIO_PLAYBACK_ONSET 212 62 5 kick?
1544200975878101 AUDIO_PLAYBACK_ONSET _ 62 END_OF_WAV
1544200975978269 AUDIO_PLAYBACK_DONE 62.wav
1544200975973248 CHEETAH_SIGNAL SENT_AFTER_TIME 5777.427977
1544200976008248 CHEETAH_SIGNAL SENT_AFTER_TIME 5777.463054
1544200976978153 AUDIO_PLAYBACK_ONSET 213 20 1 she
1544200977359438 AUDIO_PLAYBACK_ONSET 214 20 2 sneezed
1544200978192401 AUDIO_PLAYBACK_ONSET _ 20 END_OF_WAV
1544200978196886 AUDIO_PLAYBACK_DONE 20.wav
1544200978194810 CHEETAH_SIGNAL SENT_AFTER_TIME 5779.649606
1544200978230216 CHEETAH_SIGNAL SENT_AFTER_TIME 5779.685094
1544200979196814 AUDIO_PLAYBACK_ONSET 215 7 1 he
1544200979354503 AUDIO_PLAYBACK_ONSET 216 7 2 arrived
1544200980188775 AUDIO_PLAYBACK_ONSET _ 7 END_OF_WAV
1544200980290558 AUDIO_PLAYBACK_DONE 7.wav
1544200980289434 CHEETAH_SIGNAL SENT_AFTER_TIME 5781.744349
1544200980324528 CHEETAH_SIGNAL SENT_AFTER_TIME 5781.779489
1544200981290475 AUDIO_PLAYBACK_ONSET 217 85 1 The
1544200981392091 AUDIO_PLAYBACK_ONSET 218 85 2 cook
1544200981611533 AUDIO_PLAYBACK_ONSET 219 85 3 prepared
1544200981971850 AUDIO_PLAYBACK_ONSET 220 85 4 the
1544200982030549 AUDIO_PLAYBACK_ONSET 221 85 5 meal
1544200982537161 AUDIO_PLAYBACK_ONSET _ 85 END_OF_WAV
1544200982634217 AUDIO_PLAYBACK_DONE 85.wav
1544200982630339 CHEETAH_SIGNAL SENT_AFTER_TIME 5784.085331
1544200982435779 KEY_PRESS l
1544200982619767 KEY_PRESS l
1544200982666058 CHEETAH_SIGNAL SENT_AFTER_TIME 5784.121111
1544200983634125 AUDIO_PLAYBACK_ONSET 222 65 1 they
1544200983765825 AUDIO_PLAYBACK_ONSET 223 65 2 found
1544200984058749 AUDIO_PLAYBACK_ONSET 224 65 3 the
1544200984178876 AUDIO_PLAYBACK_ONSET 225 65 4 bikes
1544200984828484 AUDIO_PLAYBACK_ONSET _ 65 END_OF_WAV
1544200985009117 AUDIO_PLAYBACK_DONE 65.wav
1544200985006213 CHEETAH_SIGNAL SENT_AFTER_TIME 5786.461250
1544200985041401 CHEETAH_SIGNAL SENT_AFTER_TIME 5786.496563
1544200986009008 AUDIO_PLAYBACK_ONSET 226 81 1 the
1544200986099608 AUDIO_PLAYBACK_ONSET 227 81 2 actors
1544200986473889 AUDIO_PLAYBACK_ONSET 228 81 3 will
1544200986569654 AUDIO_PLAYBACK_ONSET 229 81 4 snore
1544200987157011 AUDIO_PLAYBACK_ONSET _ 81 END_OF_WAV
1544200987196516 AUDIO_PLAYBACK_DONE 81.wav
1544200987194994 CHEETAH_SIGNAL SENT_AFTER_TIME 5788.650160
1544200987230056 CHEETAH_SIGNAL SENT_AFTER_TIME 5788.685280
1544200988196454 AUDIO_PLAYBACK_ONSET 230 26 1 Whom
1544200988413445 AUDIO_PLAYBACK_ONSET 231 26 2 will
1544200988603464 AUDIO_PLAYBACK_ONSET 232 26 3 the
1544200988757854 AUDIO_PLAYBACK_ONSET 233 26 4 boy
1544200989003600 AUDIO_PLAYBACK_ONSET 234 26 5 tickle?
1544200989480474 AUDIO_PLAYBACK_ONSET _ 26 END_OF_WAV
1544200989555821 AUDIO_PLAYBACK_DONE 26.wav
1544200989557524 CHEETAH_SIGNAL SENT_AFTER_TIME 5791.012799
1544200989592555 CHEETAH_SIGNAL SENT_AFTER_TIME 5791.047907
1544200990555693 AUDIO_PLAYBACK_ONSET 235 56 1 we
1544200990680810 AUDIO_PLAYBACK_ONSET 236 56 2 revealed
1544200991053100 AUDIO_PLAYBACK_ONSET 237 56 3 that
1544200991130910 AUDIO_PLAYBACK_ONSET 238 56 4 she
1544200991349975 AUDIO_PLAYBACK_ONSET 239 56 5 jumps
1544200992019140 AUDIO_PLAYBACK_ONSET _ 56 END_OF_WAV
1544200992336945 AUDIO_PLAYBACK_DONE 56.wav
1544200992337679 CHEETAH_SIGNAL SENT_AFTER_TIME 5793.793083
1544200992372710 CHEETAH_SIGNAL SENT_AFTER_TIME 5793.828190
1544200993336817 AUDIO_PLAYBACK_ONSET 240 150 1 What
1544200993469986 AUDIO_PLAYBACK_ONSET 241 150 2 did
1544200993633793 AUDIO_PLAYBACK_ONSET 242 150 3 the
1544200993752239 AUDIO_PLAYBACK_ONSET 243 150 4 boy
1544200993939567 AUDIO_PLAYBACK_ONSET 244 150 5 smell?
1544200994514154 AUDIO_PLAYBACK_ONSET _ 150 END_OF_WAV
1544200994586799 AUDIO_PLAYBACK_DONE 150.wav
1544200994584459 CHEETAH_SIGNAL SENT_AFTER_TIME 5796.039936
1544200994620022 CHEETAH_SIGNAL SENT_AFTER_TIME 5796.075576
1544200995586725 AUDIO_PLAYBACK_ONSET 245 117 1 the
1544200995653741 AUDIO_PLAYBACK_ONSET 246 117 2 women
1544200995906007 AUDIO_PLAYBACK_ONSET 247 117 3 hug
1544200996177679 AUDIO_PLAYBACK_ONSET 248 117 4 the
1544200996237742 AUDIO_PLAYBACK_ONSET 249 117 5 friend
1544200996910451 AUDIO_PLAYBACK_ONSET _ 117 END_OF_WAV
1544200996961715 AUDIO_PLAYBACK_DONE 117.wav
1544200996958021 CHEETAH_SIGNAL SENT_AFTER_TIME 5798.413598
1544200996993146 CHEETAH_SIGNAL SENT_AFTER_TIME 5798.448799
1544200997961616 AUDIO_PLAYBACK_ONSET 250 23 1 they
1544200998239356 AUDIO_PLAYBACK_ONSET 251 23 2 saw
1544200998566972 AUDIO_PLAYBACK_ONSET 252 23 3 him
1544200998801848 AUDIO_PLAYBACK_ONSET 253 23 4 dance
1544200999462120 AUDIO_PLAYBACK_ONSET _ 23 END_OF_WAV
1544200999461597 AUDIO_PLAYBACK_DONE 23.wav
1544200999456426 CHEETAH_SIGNAL SENT_AFTER_TIME 5800.912121
1544200999491301 CHEETAH_SIGNAL SENT_AFTER_TIME 5800.947049
1544201000461502 AUDIO_PLAYBACK_ONSET 254 96 1 the
1544201000607306 AUDIO_PLAYBACK_ONSET 255 96 2 girl
1544201000829838 AUDIO_PLAYBACK_ONSET 256 96 3 kicked
1544201001145016 AUDIO_PLAYBACK_ONSET 257 96 4 the
1544201001274902 AUDIO_PLAYBACK_ONSET 258 96 5 ball
1544201001683635 AUDIO_PLAYBACK_ONSET _ 96 END_OF_WAV
1544201001813067 AUDIO_PLAYBACK_DONE 96.wav
1544201001813113 CHEETAH_SIGNAL SENT_AFTER_TIME 5803.268896
1544201001848238 CHEETAH_SIGNAL SENT_AFTER_TIME 5803.304098
1544201002812955 AUDIO_PLAYBACK_ONSET 259 76 1 the
1544201002946609 AUDIO_PLAYBACK_ONSET 260 76 2 girl
1544201003173296 AUDIO_PLAYBACK_ONSET 261 76 3 disappears
1544201004124149 AUDIO_PLAYBACK_ONSET _ 76 END_OF_WAV
1544201004125454 AUDIO_PLAYBACK_DONE 76.wav
1544201004122049 CHEETAH_SIGNAL SENT_AFTER_TIME 5805.577935
1544201004157080 CHEETAH_SIGNAL SENT_AFTER_TIME 5805.613040
1544201005125354 AUDIO_PLAYBACK_ONSET 262 80 1 she
1544201005432926 AUDIO_PLAYBACK_ONSET 263 80 2 crawls
1544201006180709 AUDIO_PLAYBACK_ONSET _ 80 END_OF_WAV
1544201006344109 AUDIO_PLAYBACK_DONE 80.wav
1544201006342111 CHEETAH_SIGNAL SENT_AFTER_TIME 5807.798052
1544201006377517 CHEETAH_SIGNAL SENT_AFTER_TIME 5807.833537
1544201007344049 AUDIO_PLAYBACK_ONSET 264 54 1 she
1544201007637665 AUDIO_PLAYBACK_ONSET 265 54 2 smiled
1544201008429821 AUDIO_PLAYBACK_ONSET _ 54 END_OF_WAV
1544201008594030 AUDIO_PLAYBACK_DONE 54.wav
1544201008590235 CHEETAH_SIGNAL SENT_AFTER_TIME 5810.046278
1544201008625266 CHEETAH_SIGNAL SENT_AFTER_TIME 5810.081378
1544201009593938 AUDIO_PLAYBACK_ONSET 266 72 1 the
1544201009738107 AUDIO_PLAYBACK_ONSET 267 72 2 girls
1544201010006447 AUDIO_PLAYBACK_ONSET 268 72 3 found
1544201010248852 AUDIO_PLAYBACK_ONSET 269 72 4 the
1544201010357585 AUDIO_PLAYBACK_ONSET 270 72 5 bikes
1544201011069835 AUDIO_PLAYBACK_ONSET _ 72 END_OF_WAV
1544201011078316 AUDIO_PLAYBACK_DONE 72.wav
1544201011078140 CHEETAH_SIGNAL SENT_AFTER_TIME 5812.534297
1544201011113140 CHEETAH_SIGNAL SENT_AFTER_TIME 5812.569378
1544201012078190 AUDIO_PLAYBACK_ONSET 271 4 1 he
1544201012187212 AUDIO_PLAYBACK_ONSET 272 4 2 showered
1544201012921450 AUDIO_PLAYBACK_ONSET _ 4 END_OF_WAV
1544201013134812 AUDIO_PLAYBACK_DONE 4.wav
1544201013130921 CHEETAH_SIGNAL SENT_AFTER_TIME 5814.587154
1544201013165983 CHEETAH_SIGNAL SENT_AFTER_TIME 5814.622267
1544201014134766 AUDIO_PLAYBACK_ONSET 273 132 1 the
1544201014262180 AUDIO_PLAYBACK_ONSET 274 132 2 boys
1544201014537563 AUDIO_PLAYBACK_ONSET 275 132 3 kissed
1544201014829208 AUDIO_PLAYBACK_ONSET 276 132 4 the
1544201014927869 AUDIO_PLAYBACK_ONSET 277 132 5 clowns
1544201015698724 AUDIO_PLAYBACK_ONSET _ 132 END_OF_WAV
1544201015748036 AUDIO_PLAYBACK_DONE 132.wav
1544201015742951 CHEETAH_SIGNAL SENT_AFTER_TIME 5817.199284
1544201015777951 CHEETAH_SIGNAL SENT_AFTER_TIME 5817.234377
1544201016747894 AUDIO_PLAYBACK_ONSET 278 98 1 the
1544201016870635 AUDIO_PLAYBACK_ONSET 279 98 2 boy
1544201017192149 AUDIO_PLAYBACK_ONSET 280 98 3 bloomed
1544201017859631 AUDIO_PLAYBACK_ONSET _ 98 END_OF_WAV
1544201018095560 AUDIO_PLAYBACK_DONE 98.wav
1544201018098325 CHEETAH_SIGNAL SENT_AFTER_TIME 5819.554776
1544201018133700 CHEETAH_SIGNAL SENT_AFTER_TIME 5819.590212
1544201019095474 AUDIO_PLAYBACK_ONSET 281 64 1 who
1544201019251287 AUDIO_PLAYBACK_ONSET 282 64 2 remains?
1544201020073566 AUDIO_PLAYBACK_ONSET _ 64 END_OF_WAV
1544201020079850 AUDIO_PLAYBACK_DONE 64.wav
1544201020076512 CHEETAH_SIGNAL SENT_AFTER_TIME 5821.533045
1544201020111699 CHEETAH_SIGNAL SENT_AFTER_TIME 5821.568253
1544201021079808 AUDIO_PLAYBACK_ONSET 283 50 1 What
1544201021220855 AUDIO_PLAYBACK_ONSET 284 50 2 did
1544201021372613 AUDIO_PLAYBACK_ONSET 285 50 3 the
1544201021474032 AUDIO_PLAYBACK_ONSET 286 50 4 girl
1544201021707221 AUDIO_PLAYBACK_ONSET 287 50 5 kick?
1544201022175820 AUDIO_PLAYBACK_ONSET _ 50 END_OF_WAV
1544201022181350 AUDIO_PLAYBACK_DONE 50.wav
1544201022183354 CHEETAH_SIGNAL SENT_AFTER_TIME 5823.639965
1544201022218323 CHEETAH_SIGNAL SENT_AFTER_TIME 5823.675004
1544201023181223 AUDIO_PLAYBACK_ONSET 288 94 1 she
1544201023527290 AUDIO_PLAYBACK_ONSET 289 94 2 kicked
1544201023837706 AUDIO_PLAYBACK_ONSET 290 94 3 the
1544201023985133 AUDIO_PLAYBACK_ONSET 291 94 4 ball
1544201024347148 AUDIO_PLAYBACK_ONSET _ 94 END_OF_WAV
1544201024399957 AUDIO_PLAYBACK_DONE 94.wav
1544201024399104 CHEETAH_SIGNAL SENT_AFTER_TIME 5825.855796
1544201024434135 CHEETAH_SIGNAL SENT_AFTER_TIME 5825.890906
1544201025399867 AUDIO_PLAYBACK_ONSET 292 14 1 the
1544201025580049 AUDIO_PLAYBACK_ONSET 293 14 2 boy
1544201025799490 AUDIO_PLAYBACK_ONSET 294 14 3 remains
1544201026682675 AUDIO_PLAYBACK_ONSET _ 14 END_OF_WAV
1544201026743634 AUDIO_PLAYBACK_DONE 14.wav
1544201026740228 CHEETAH_SIGNAL SENT_AFTER_TIME 5828.197032
1544201024522017 KEY_PRESS l
1544201024553962 KEY_PRESS l
1544201026775290 CHEETAH_SIGNAL SENT_AFTER_TIME 5828.232177
1544201027743518 AUDIO_PLAYBACK_ONSET 295 48 1 she
1544201027958145 AUDIO_PLAYBACK_ONSET 296 48 2 collapsed
1544201028860666 AUDIO_PLAYBACK_ONSET _ 48 END_OF_WAV
1544201028915378 AUDIO_PLAYBACK_DONE 48.wav
1544201028909258 CHEETAH_SIGNAL SENT_AFTER_TIME 5830.366138
1544201028944352 CHEETAH_SIGNAL SENT_AFTER_TIME 5830.401305
1544201029915312 AUDIO_PLAYBACK_ONSET 297 119 1 she
1544201030147281 AUDIO_PLAYBACK_ONSET 298 119 2 was
1544201030381947 AUDIO_PLAYBACK_ONSET 299 119 3 kicked
1544201031051756 AUDIO_PLAYBACK_ONSET _ 119 END_OF_WAV
1544201031071571 AUDIO_PLAYBACK_DONE 119.wav
1544201031070945 CHEETAH_SIGNAL SENT_AFTER_TIME 5832.527931
1544201031106070 CHEETAH_SIGNAL SENT_AFTER_TIME 5832.563121
1544201032071473 AUDIO_PLAYBACK_ONSET 300 75 1 he
1544201032225054 AUDIO_PLAYBACK_ONSET 301 75 2 falls
1544201032962268 AUDIO_PLAYBACK_ONSET _ 75 END_OF_WAV
1544201033071451 AUDIO_PLAYBACK_DONE 75.wav
1544201033072413 CHEETAH_SIGNAL SENT_AFTER_TIME 5834.529472
1544201033107850 CHEETAH_SIGNAL SENT_AFTER_TIME 5834.564978
1544201034071374 AUDIO_PLAYBACK_ONSET 302 8 1 he
1544201034182785 AUDIO_PLAYBACK_ONSET 303 8 2 will
1544201034345308 AUDIO_PLAYBACK_ONSET 304 8 3 sneeze
1544201035207079 AUDIO_PLAYBACK_ONSET _ 8 END_OF_WAV
1544201035251059 AUDIO_PLAYBACK_DONE 8.wav
1544201035246724 CHEETAH_SIGNAL SENT_AFTER_TIME 5836.703869
1544201035281787 CHEETAH_SIGNAL SENT_AFTER_TIME 5836.738999
1544201036250975 AUDIO_PLAYBACK_ONSET 305 67 1 they
1544201036450796 AUDIO_PLAYBACK_ONSET 306 67 2 appear
1544201037026338 AUDIO_PLAYBACK_ONSET _ 67 END_OF_WAV
1544201037172860 AUDIO_PLAYBACK_DONE 67.wav
1544201037169192 CHEETAH_SIGNAL SENT_AFTER_TIME 5838.626423
1544201037204286 CHEETAH_SIGNAL SENT_AFTER_TIME 5838.661591
1544201038172767 AUDIO_PLAYBACK_ONSET 307 112 1 who
1544201038326202 AUDIO_PLAYBACK_ONSET 308 112 2 appeared?
1544201039005373 AUDIO_PLAYBACK_ONSET _ 112 END_OF_WAV
1544201039110251 AUDIO_PLAYBACK_DONE 112.wav
1544201039112723 CHEETAH_SIGNAL SENT_AFTER_TIME 5840.570032
1544201039147723 CHEETAH_SIGNAL SENT_AFTER_TIME 5840.605113
1544201040110166 AUDIO_PLAYBACK_ONSET 309 108 1 she
1544201040363067 AUDIO_PLAYBACK_ONSET 310 108 2 arrives
1544201041271835 AUDIO_PLAYBACK_ONSET _ 108 END_OF_WAV
1544201041594545 AUDIO_PLAYBACK_DONE 108.wav
1544201041595253 CHEETAH_SIGNAL SENT_AFTER_TIME 5843.052657
1544201041630284 CHEETAH_SIGNAL SENT_AFTER_TIME 5843.087763
1544201042594456 AUDIO_PLAYBACK_ONSET 311 91 1 the
1544201042741559 AUDIO_PLAYBACK_ONSET 312 91 2 girl
1544201042950456 AUDIO_PLAYBACK_ONSET 313 91 3 fell
1544201043438898 AUDIO_PLAYBACK_ONSET _ 91 END_OF_WAV
1544201043500694 AUDIO_PLAYBACK_DONE 91.wav
1544201043502158 CHEETAH_SIGNAL SENT_AFTER_TIME 5844.959653
1544201043537596 CHEETAH_SIGNAL SENT_AFTER_TIME 5844.995144
1544201044500625 AUDIO_PLAYBACK_ONSET 314 133 1 who
1544201044591242 AUDIO_PLAYBACK_ONSET 315 133 2 found
1544201044881321 AUDIO_PLAYBACK_ONSET 316 133 3 the
1544201044992890 AUDIO_PLAYBACK_ONSET 317 133 4 bikes?
1544201045764056 AUDIO_PLAYBACK_ONSET _ 133 END_OF_WAV
1544201045828746 AUDIO_PLAYBACK_DONE 133.wav
1544201045830501 CHEETAH_SIGNAL SENT_AFTER_TIME 5847.288074
1544201045865626 CHEETAH_SIGNAL SENT_AFTER_TIME 5847.323265
1544201046828655 AUDIO_PLAYBACK_ONSET 318 17 1 he
1544201046977532 AUDIO_PLAYBACK_ONSET 319 17 2 was
1544201047208037 AUDIO_PLAYBACK_ONSET 320 17 3 hugged
1544201047734235 AUDIO_PLAYBACK_ONSET _ 17 END_OF_WAV
1544201047828635 AUDIO_PLAYBACK_DONE 17.wav
1544201047829219 CHEETAH_SIGNAL SENT_AFTER_TIME 5849.286878
1544201047864250 CHEETAH_SIGNAL SENT_AFTER_TIME 5849.321981
1544201048828543 AUDIO_PLAYBACK_ONSET 321 68 1 he
1544201049090096 AUDIO_PLAYBACK_ONSET 322 68 2 crawled
1544201049660408 AUDIO_PLAYBACK_ONSET _ 68 END_OF_WAV
1544201049805120 AUDIO_PLAYBACK_DONE 68.wav
1544201049798937 CHEETAH_SIGNAL SENT_AFTER_TIME 5851.256662
1544201049834062 CHEETAH_SIGNAL SENT_AFTER_TIME 5851.291863
1544201050805050 AUDIO_PLAYBACK_ONSET 323 97 1 they
1544201051001065 AUDIO_PLAYBACK_ONSET 324 97 2 kissed
1544201051334198 AUDIO_PLAYBACK_ONSET 325 97 3 the
1544201051450794 AUDIO_PLAYBACK_ONSET 326 97 4 clowns
1544201052258084 AUDIO_PLAYBACK_ONSET _ 97 END_OF_WAV
1544201052457389 AUDIO_PLAYBACK_DONE 97.wav
1544201052455030 CHEETAH_SIGNAL SENT_AFTER_TIME 5853.912875
1544201052490061 CHEETAH_SIGNAL SENT_AFTER_TIME 5853.947975
1544201053457276 AUDIO_PLAYBACK_ONSET 327 114 1 she
1544201053659291 AUDIO_PLAYBACK_ONSET 328 114 2 saw
1544201053842619 AUDIO_PLAYBACK_ONSET 329 114 3 him
1544201054059959 AUDIO_PLAYBACK_ONSET 330 114 4 coming
1544201054538603 AUDIO_PLAYBACK_ONSET _ 114 END_OF_WAV
1544201054691631 AUDIO_PLAYBACK_DONE 114.wav
1544201054684435 CHEETAH_SIGNAL SENT_AFTER_TIME 5856.142355
1544201054719873 CHEETAH_SIGNAL SENT_AFTER_TIME 5856.177878
1544201055691540 AUDIO_PLAYBACK_ONSET 331 142 1 he
1544201055829003 AUDIO_PLAYBACK_ONSET 332 142 2 undressed
1544201056739118 AUDIO_PLAYBACK_ONSET _ 142 END_OF_WAV
1544201057136851 AUDIO_PLAYBACK_DONE 142.wav
1544201057136653 CHEETAH_SIGNAL SENT_AFTER_TIME 5858.594686
1544201057171840 CHEETAH_SIGNAL SENT_AFTER_TIME 5858.629934
1544201058136762 AUDIO_PLAYBACK_ONSET 333 87 1 who
1544201058318324 AUDIO_PLAYBACK_ONSET 334 87 2 kicked
1544201058641889 AUDIO_PLAYBACK_ONSET 335 87 3 the
1544201058791742 AUDIO_PLAYBACK_ONSET 336 87 4 ball?
1544201059171968 AUDIO_PLAYBACK_ONSET _ 87 END_OF_WAV
1544201059246128 AUDIO_PLAYBACK_DONE 87.wav
1544201059240277 CHEETAH_SIGNAL SENT_AFTER_TIME 5860.698397
1544201059275340 CHEETAH_SIGNAL SENT_AFTER_TIME 5860.733545
1544201060246017 AUDIO_PLAYBACK_ONSET 337 144 1 the
1544201060367322 AUDIO_PLAYBACK_ONSET 338 144 2 girls
1544201060657517 AUDIO_PLAYBACK_ONSET 339 144 3 arrive
1544201061409026 AUDIO_PLAYBACK_ONSET _ 144 END_OF_WAV
1544201061558535 AUDIO_PLAYBACK_DONE 144.wav
1544201061556370 CHEETAH_SIGNAL SENT_AFTER_TIME 5863.014572
1544201061591370 CHEETAH_SIGNAL SENT_AFTER_TIME 5863.049673
1544201062558437 AUDIO_PLAYBACK_ONSET 340 148 1 The
1544201062674560 AUDIO_PLAYBACK_ONSET 341 148 2 grandpa
1544201063024138 AUDIO_PLAYBACK_ONSET 342 148 3 ate
1544201063265695 AUDIO_PLAYBACK_ONSET 343 148 4 the
1544201063355003 AUDIO_PLAYBACK_ONSET 344 148 5 meal
1544201063792188 AUDIO_PLAYBACK_ONSET _ 148 END_OF_WAV
1544201063824062 AUDIO_PLAYBACK_DONE 148.wav
1544201063816400 CHEETAH_SIGNAL SENT_AFTER_TIME 5865.274716
1544201063851400 CHEETAH_SIGNAL SENT_AFTER_TIME 5865.309785
1544201064823980 AUDIO_PLAYBACK_ONSET 345 69 1 the
1544201064965630 AUDIO_PLAYBACK_ONSET 346 69 2 boy
1544201065191362 AUDIO_PLAYBACK_ONSET 347 69 3 jumped
1544201065854614 AUDIO_PLAYBACK_ONSET _ 69 END_OF_WAV
1544201066120855 AUDIO_PLAYBACK_DONE 69.wav
1544201066112524 CHEETAH_SIGNAL SENT_AFTER_TIME 5867.570927
1544201064208393 KEY_PRESS l
1544201064336331 KEY_PRESS l
1544201066147712 CHEETAH_SIGNAL SENT_AFTER_TIME 5867.606225
1544201067120727 AUDIO_PLAYBACK_ONSET 348 111 1 he
1544201067408772 AUDIO_PLAYBACK_ONSET 349 111 2 jumped
1544201068104503 AUDIO_PLAYBACK_ONSET _ 111 END_OF_WAV
1544201068401977 AUDIO_PLAYBACK_DONE 111.wav
1544201068398180 CHEETAH_SIGNAL SENT_AFTER_TIME 5869.856658
1544201068433148 CHEETAH_SIGNAL SENT_AFTER_TIME 5869.891714
1544201069401924 AUDIO_PLAYBACK_ONSET 350 113 1 What
1544201069567802 AUDIO_PLAYBACK_ONSET 351 113 2 will
1544201069714410 AUDIO_PLAYBACK_ONSET 352 113 3 the
1544201069857742 AUDIO_PLAYBACK_ONSET 353 113 4 boy
1544201070038750 AUDIO_PLAYBACK_ONSET 354 113 5 smell?
1544201070572763 AUDIO_PLAYBACK_ONSET _ 113 END_OF_WAV
1544201070620657 AUDIO_PLAYBACK_DONE 113.wav
1544201070618460 CHEETAH_SIGNAL SENT_AFTER_TIME 5872.077044
1544201070654241 CHEETAH_SIGNAL SENT_AFTER_TIME 5872.112916
1544201071620548 AUDIO_PLAYBACK_ONSET 355 118 1 the
1544201071703735 AUDIO_PLAYBACK_ONSET 356 118 2 woman
1544201071980948 AUDIO_PLAYBACK_ONSET 357 118 3 was
1544201072248081 AUDIO_PLAYBACK_ONSET 358 118 4 pinched
1544201073081738 AUDIO_PLAYBACK_ONSET _ 118 END_OF_WAV
1544201073120550 AUDIO_PLAYBACK_DONE 118.wav
1544201073115365 CHEETAH_SIGNAL SENT_AFTER_TIME 5874.574066
1544201073150334 CHEETAH_SIGNAL SENT_AFTER_TIME 5874.609119
1544201074120440 AUDIO_PLAYBACK_ONSET 359 120 1 they
1544201074258604 AUDIO_PLAYBACK_ONSET 360 120 2 caught
1544201074418098 AUDIO_PLAYBACK_ONSET 361 120 3 him
1544201074560161 AUDIO_PLAYBACK_ONSET 362 120 4 stealing
1544201075266991 AUDIO_PLAYBACK_ONSET _ 120 END_OF_WAV
1544201075417311 AUDIO_PLAYBACK_DONE 120.wav
1544201075419927 CHEETAH_SIGNAL SENT_AFTER_TIME 5876.878716
1544201075454927 CHEETAH_SIGNAL SENT_AFTER_TIME 5876.913795
1544201076417228 AUDIO_PLAYBACK_ONSET 363 36 1 she
1544201076819209 AUDIO_PLAYBACK_ONSET 364 36 2 laughed
1544201077578604 AUDIO_PLAYBACK_ONSET _ 36 END_OF_WAV
1544201077667209 AUDIO_PLAYBACK_DONE 36.wav
1544201077665145 CHEETAH_SIGNAL SENT_AFTER_TIME 5879.124038
1544201077700113 CHEETAH_SIGNAL SENT_AFTER_TIME 5879.159075
1544201078667115 AUDIO_PLAYBACK_ONSET 365 145 1 he
1544201078751715 AUDIO_PLAYBACK_ONSET 366 145 2 smelled
1544201079128339 AUDIO_PLAYBACK_ONSET 367 145 3 the
1544201079189085 AUDIO_PLAYBACK_ONSET 368 145 4 flowers
1544201080030181 AUDIO_PLAYBACK_ONSET _ 145 END_OF_WAV
1544201080057751 AUDIO_PLAYBACK_DONE 145.wav
1544201080048456 CHEETAH_SIGNAL SENT_AFTER_TIME 5881.507433
1544201080083081 CHEETAH_SIGNAL SENT_AFTER_TIME 5881.542144
1544201081057650 AUDIO_PLAYBACK_ONSET 369 134 1 who
1544201081253609 AUDIO_PLAYBACK_ONSET 370 134 2 crawled?
1544201081814108 AUDIO_PLAYBACK_ONSET _ 134 END_OF_WAV
1544201081846720 AUDIO_PLAYBACK_DONE 134.wav
1544201081842799 CHEETAH_SIGNAL SENT_AFTER_TIME 5883.301859
1544201081878268 CHEETAH_SIGNAL SENT_AFTER_TIME 5883.337382
1544201082846669 AUDIO_PLAYBACK_ONSET 371 143 1 he
1544201082964189 AUDIO_PLAYBACK_ONSET 372 143 2 was
1544201083205941 AUDIO_PLAYBACK_ONSET 373 143 3 kissed
1544201083892157 AUDIO_PLAYBACK_ONSET _ 143 END_OF_WAV
1544201083963835 AUDIO_PLAYBACK_DONE 143.wav
1544201083959486 CHEETAH_SIGNAL SENT_AFTER_TIME 5885.418612
1544201083994611 CHEETAH_SIGNAL SENT_AFTER_TIME 5885.453811
1544201084963749 AUDIO_PLAYBACK_ONSET 374 42 1 they
1544201085180177 AUDIO_PLAYBACK_ONSET 375 42 2 winked
1544201085890392 AUDIO_PLAYBACK_ONSET _ 42 END_OF_WAV
1544201086119988 AUDIO_PLAYBACK_DONE 42.wav
1544201086117985 CHEETAH_SIGNAL SENT_AFTER_TIME 5887.577219
1544201086152891 CHEETAH_SIGNAL SENT_AFTER_TIME 5887.612204
1544201087119875 AUDIO_PLAYBACK_ONSET 376 126 1 the
1544201087209147 AUDIO_PLAYBACK_ONSET 377 126 2 host
1544201087511007 AUDIO_PLAYBACK_ONSET 378 126 3 will
1544201087675488 AUDIO_PLAYBACK_ONSET 379 126 4 eat
1544201088208183 AUDIO_PLAYBACK_ONSET _ 126 END_OF_WAV
1544201088510512 AUDIO_PLAYBACK_DONE 126.wav
1544201088500953 CHEETAH_SIGNAL SENT_AFTER_TIME 5889.960258
1544201088383478 KEY_PRESS l
1544201088536265 CHEETAH_SIGNAL SENT_AFTER_TIME 5889.995663
1544201089510427 AUDIO_PLAYBACK_ONSET 380 38 1 who
1544201089757141 AUDIO_PLAYBACK_ONSET 381 38 2 sneezes?
1544201090775767 AUDIO_PLAYBACK_ONSET _ 38 END_OF_WAV
1544201090791676 AUDIO_PLAYBACK_DONE 38.wav
1544201090789296 CHEETAH_SIGNAL SENT_AFTER_TIME 5892.248696
1544201088567255 KEY_PRESS l
1544201090824639 CHEETAH_SIGNAL SENT_AFTER_TIME 5892.284140
1544201091791573 AUDIO_PLAYBACK_ONSET 382 103 1 she
1544201092078970 AUDIO_PLAYBACK_ONSET 383 103 2 scratched
1544201093136882 AUDIO_PLAYBACK_ONSET _ 103 END_OF_WAV
1544201093182189 AUDIO_PLAYBACK_DONE 103.wav
1544201093183545 CHEETAH_SIGNAL SENT_AFTER_TIME 5894.643061
1544201093218576 CHEETAH_SIGNAL SENT_AFTER_TIME 5894.678151
1544201094182115 AUDIO_PLAYBACK_ONSET 384 43 1 she
1544201094395927 AUDIO_PLAYBACK_ONSET 385 43 2 remained
1544201095181364 AUDIO_PLAYBACK_ONSET _ 43 END_OF_WAV
1544201095432092 AUDIO_PLAYBACK_DONE 43.wav
1544201095429513 CHEETAH_SIGNAL SENT_AFTER_TIME 5896.889117
1544201095464606 CHEETAH_SIGNAL SENT_AFTER_TIME 5896.924289
1544201096431984 AUDIO_PLAYBACK_ONSET 386 35 1 she
1544201096823155 AUDIO_PLAYBACK_ONSET 387 35 2 disappears
1544201097914171 AUDIO_PLAYBACK_ONSET _ 35 END_OF_WAV
1544201097994482 AUDIO_PLAYBACK_DONE 35.wav
1544201097989824 CHEETAH_SIGNAL SENT_AFTER_TIME 5899.449548
1544201098025105 CHEETAH_SIGNAL SENT_AFTER_TIME 5899.484904
1544201098994366 AUDIO_PLAYBACK_ONSET 388 93 1 who
1544201099118144 AUDIO_PLAYBACK_ONSET 389 93 2 smelled
1544201099504180 AUDIO_PLAYBACK_ONSET 390 93 3 the
1544201099567331 AUDIO_PLAYBACK_ONSET 391 93 4 flowers?
1544201100456538 AUDIO_PLAYBACK_ONSET _ 93 END_OF_WAV
1544201100510012 AUDIO_PLAYBACK_DONE 93.wav
1544201100500104 CHEETAH_SIGNAL SENT_AFTER_TIME 5901.959918
1544201100535167 CHEETAH_SIGNAL SENT_AFTER_TIME 5901.995052
1544201101509926 AUDIO_PLAYBACK_ONSET 392 146 1 he
1544201101593575 AUDIO_PLAYBACK_ONSET 393 146 2 said
1544201101854158 AUDIO_PLAYBACK_ONSET 394 146 3 that
1544201101930854 AUDIO_PLAYBACK_ONSET 395 146 4 she
1544201102116588 AUDIO_PLAYBACK_ONSET 396 146 5 smiled
1544201102710754 AUDIO_PLAYBACK_ONSET _ 146 END_OF_WAV
1544201102884916 AUDIO_PLAYBACK_DONE 146.wav
1544201102880885 CHEETAH_SIGNAL SENT_AFTER_TIME 5904.340792
1544201102915916 CHEETAH_SIGNAL SENT_AFTER_TIME 5904.375899
1544201103884818 AUDIO_PLAYBACK_ONSET 397 110 1 The
1544201104015017 AUDIO_PLAYBACK_ONSET 398 110 2 cake
1544201104256847 AUDIO_PLAYBACK_ONSET 399 110 3 was
1544201104421498 AUDIO_PLAYBACK_ONSET 400 110 4 overcooked
1544201105376469 AUDIO_PLAYBACK_ONSET _ 110 END_OF_WAV
1544201105416070 AUDIO_PLAYBACK_DONE 110.wav
1544201105410509 CHEETAH_SIGNAL SENT_AFTER_TIME 5906.870523
1544201105445509 CHEETAH_SIGNAL SENT_AFTER_TIME 5906.905619
1544201106415943 AUDIO_PLAYBACK_ONSET 401 46 1 they
1544201106588407 AUDIO_PLAYBACK_ONSET 402 46 2 tickle
1544201106888304 AUDIO_PLAYBACK_ONSET 403 46 3 the
1544201107040395 AUDIO_PLAYBACK_ONSET 404 46 4 girl
1544201107458824 AUDIO_PLAYBACK_ONSET _ 46 END_OF_WAV
1544201107478439 AUDIO_PLAYBACK_DONE 46.wav
1544201107477601 CHEETAH_SIGNAL SENT_AFTER_TIME 5908.937693
1544201105630675 KEY_PRESS l
1544201105774728 KEY_PRESS l
1544201107512601 CHEETAH_SIGNAL SENT_AFTER_TIME 5908.972790
1544201108478360 AUDIO_PLAYBACK_ONSET 405 136 1 who
1544201108611516 AUDIO_PLAYBACK_ONSET 406 136 2 kissed
1544201108894086 AUDIO_PLAYBACK_ONSET 407 136 3 the
1544201109010374 AUDIO_PLAYBACK_ONSET 408 136 4 clowns?
1544201109886338 AUDIO_PLAYBACK_ONSET _ 136 END_OF_WAV
1544201110095529 AUDIO_PLAYBACK_DONE 136.wav
1544201110086725 CHEETAH_SIGNAL SENT_AFTER_TIME 5911.546936
1544201110121944 CHEETAH_SIGNAL SENT_AFTER_TIME 5911.582240
1544201111095422 AUDIO_PLAYBACK_ONSET 409 95 1 he
1544201111226809 AUDIO_PLAYBACK_ONSET 410 95 2 streched
1544201112092019 AUDIO_PLAYBACK_ONSET _ 95 END_OF_WAV
1544201112368871 AUDIO_PLAYBACK_DONE 95.wav
1544201112364600 CHEETAH_SIGNAL SENT_AFTER_TIME 5913.824894
1544201112399693 CHEETAH_SIGNAL SENT_AFTER_TIME 5913.860068
1544201113368792 AUDIO_PLAYBACK_ONSET 411 151 1 He
1544201113475890 AUDIO_PLAYBACK_ONSET 412 151 2 heard
1544201113711524 AUDIO_PLAYBACK_ONSET 413 151 3 her
1544201113902804 AUDIO_PLAYBACK_ONSET 414 151 4 play
1544201114384468 AUDIO_PLAYBACK_ONSET _ 151 END_OF_WAV
1544201114400040 AUDIO_PLAYBACK_DONE 151.wav
1544201114399567 CHEETAH_SIGNAL SENT_AFTER_TIME 5915.859963
1544201114434974 CHEETAH_SIGNAL SENT_AFTER_TIME 5915.895442
1544201115399947 AUDIO_PLAYBACK_ONSET 415 30 1 Whom
1544201115660550 AUDIO_PLAYBACK_ONSET 416 30 2 will
1544201115868209 AUDIO_PLAYBACK_ONSET 417 30 3 the
1544201116026472 AUDIO_PLAYBACK_ONSET 418 30 4 boy
1544201116255299 AUDIO_PLAYBACK_ONSET 419 30 5 hear?
1544201116869201 AUDIO_PLAYBACK_ONSET _ 30 END_OF_WAV
1544201116899928 AUDIO_PLAYBACK_DONE 30.wav
1544201116894754 CHEETAH_SIGNAL SENT_AFTER_TIME 5918.355227
1544201116929785 CHEETAH_SIGNAL SENT_AFTER_TIME 5918.390349
1544201117899832 AUDIO_PLAYBACK_ONSET 420 122 1 the
1544201118040709 AUDIO_PLAYBACK_ONSET 421 122 2 girl
1544201118289697 AUDIO_PLAYBACK_ONSET 422 122 3 crawls
1544201118984790 AUDIO_PLAYBACK_ONSET _ 122 END_OF_WAV
1544201119087337 AUDIO_PLAYBACK_DONE 122.wav
1544201119085534 CHEETAH_SIGNAL SENT_AFTER_TIME 5920.546115
1544201119120628 CHEETAH_SIGNAL SENT_AFTER_TIME 5920.581270
1544201120087259 AUDIO_PLAYBACK_ONSET 423 77 1 who
1544201120306435 AUDIO_PLAYBACK_ONSET 424 77 2 heard
1544201120600516 AUDIO_PLAYBACK_ONSET 425 77 3 the
1544201120684237 AUDIO_PLAYBACK_ONSET 426 77 4 men?
1544201121123248 AUDIO_PLAYBACK_ONSET _ 77 END_OF_WAV
1544201121134134 AUDIO_PLAYBACK_DONE 77.wav
1544201121128846 CHEETAH_SIGNAL SENT_AFTER_TIME 5922.589511
1544201121163940 CHEETAH_SIGNAL SENT_AFTER_TIME 5922.624685
1544201122134031 AUDIO_PLAYBACK_ONSET 427 139 1 he
1544201122215315 AUDIO_PLAYBACK_ONSET 428 139 2 saw
1544201122486452 AUDIO_PLAYBACK_ONSET 429 139 3 her
1544201122607750 AUDIO_PLAYBACK_ONSET 430 139 4 winking
1544201123206312 AUDIO_PLAYBACK_ONSET _ 139 END_OF_WAV
1544201123313714 AUDIO_PLAYBACK_DONE 139.wav
1544201123309876 CHEETAH_SIGNAL SENT_AFTER_TIME 5924.770644
1544201123344595 CHEETAH_SIGNAL SENT_AFTER_TIME 5924.805395
1544201124313659 AUDIO_PLAYBACK_ONSET 431 55 1 the
1544201124436979 AUDIO_PLAYBACK_ONSET 432 55 2 girls
1544201124760983 AUDIO_PLAYBACK_ONSET 433 55 3 cough
1544201125337966 AUDIO_PLAYBACK_ONSET _ 55 END_OF_WAV
1544201125501144 AUDIO_PLAYBACK_DONE 55.wav
1544201125500688 CHEETAH_SIGNAL SENT_AFTER_TIME 5926.961522
1544201125536219 CHEETAH_SIGNAL SENT_AFTER_TIME 5926.997129
1544201126501034 AUDIO_PLAYBACK_ONSET 434 107 1 they
1544201126644608 AUDIO_PLAYBACK_ONSET 435 107 2 were
1544201126796374 AUDIO_PLAYBACK_ONSET 436 107 3 loved
1544201127548162 AUDIO_PLAYBACK_ONSET _ 107 END_OF_WAV
1544201127665118 AUDIO_PLAYBACK_DONE 107.wav
1544201127665781 CHEETAH_SIGNAL SENT_AFTER_TIME 5929.126715
1544201127700750 CHEETAH_SIGNAL SENT_AFTER_TIME 5929.161768
1544201128665010 AUDIO_PLAYBACK_ONSET 437 39 1 she
1544201129167172 AUDIO_PLAYBACK_ONSET 438 39 2 excercised
1544201130335259 AUDIO_PLAYBACK_ONSET _ 39 END_OF_WAV
1544201130540002 AUDIO_PLAYBACK_DONE 39.wav
1544201130541530 CHEETAH_SIGNAL SENT_AFTER_TIME 5932.002592
1544201130576686 CHEETAH_SIGNAL SENT_AFTER_TIME 5932.037801
1544201131539905 AUDIO_PLAYBACK_ONSET 439 127 1 the
1544201131632289 AUDIO_PLAYBACK_ONSET 440 127 2 woman
1544201131931173 AUDIO_PLAYBACK_ONSET 441 127 3 will
1544201132020759 AUDIO_PLAYBACK_ONSET 442 127 4 speak
1544201132715250 AUDIO_PLAYBACK_ONSET _ 127 END_OF_WAV
1544201132719590 AUDIO_PLAYBACK_DONE 127.wav
1544201132716748 CHEETAH_SIGNAL SENT_AFTER_TIME 5934.177883
1544201132751873 CHEETAH_SIGNAL SENT_AFTER_TIME 5934.213086
1544201133719492 AUDIO_PLAYBACK_ONSET 443 149 1 the
1544201133827912 AUDIO_PLAYBACK_ONSET 444 149 2 girl
1544201134089774 AUDIO_PLAYBACK_ONSET 445 149 3 cries
1544201134857490 AUDIO_PLAYBACK_ONSET _ 149 END_OF_WAV
1544201134875732 AUDIO_PLAYBACK_DONE 149.wav
1544201134874715 CHEETAH_SIGNAL SENT_AFTER_TIME 5936.335940
1544201134909809 CHEETAH_SIGNAL SENT_AFTER_TIME 5936.371112
1544201135875642 AUDIO_PLAYBACK_ONSET 446 140 1 the
1544201135965645 AUDIO_PLAYBACK_ONSET 447 140 2 actors
1544201136281651 AUDIO_PLAYBACK_ONSET 448 140 3 were
1544201136381533 AUDIO_PLAYBACK_ONSET 449 140 4 scorned
1544201137095347 AUDIO_PLAYBACK_ONSET _ 140 END_OF_WAV
1544201137156889 AUDIO_PLAYBACK_DONE 140.wav
1544201137154433 CHEETAH_SIGNAL SENT_AFTER_TIME 5938.615755
1544201137189902 CHEETAH_SIGNAL SENT_AFTER_TIME 5938.651259
1544201138156835 AUDIO_PLAYBACK_ONSET 450 6 1 Whom
1544201138319656 AUDIO_PLAYBACK_ONSET 451 6 2 did
1544201138474624 AUDIO_PLAYBACK_ONSET 452 6 3 the
1544201138604039 AUDIO_PLAYBACK_ONSET 453 6 4 boy
1544201138815058 AUDIO_PLAYBACK_ONSET 454 6 5 hear?
1544201139297272 AUDIO_PLAYBACK_ONSET _ 6 END_OF_WAV
1544201139383390 AUDIO_PLAYBACK_DONE 6.wav
1544201139384057 CHEETAH_SIGNAL SENT_AFTER_TIME 5940.845451
1544201139419057 CHEETAH_SIGNAL SENT_AFTER_TIME 5940.880543
1544201140383261 AUDIO_PLAYBACK_ONSET 455 131 1 who
1544201140589976 AUDIO_PLAYBACK_ONSET 456 131 2 cried?
1544201141188591 AUDIO_PLAYBACK_ONSET _ 131 END_OF_WAV
1544201141258252 AUDIO_PLAYBACK_DONE 131.wav
1544201141259432 CHEETAH_SIGNAL SENT_AFTER_TIME 5942.720901
1544201141294463 CHEETAH_SIGNAL SENT_AFTER_TIME 5942.756018
1544201142258183 AUDIO_PLAYBACK_ONSET 457 84 1 the
1544201142407313 AUDIO_PLAYBACK_ONSET 458 84 2 girl
1544201142608922 AUDIO_PLAYBACK_ONSET 459 84 3 smiled
1544201143390158 AUDIO_PLAYBACK_ONSET _ 84 END_OF_WAV
1544201143508163 AUDIO_PLAYBACK_DONE 84.wav
1544201143505806 CHEETAH_SIGNAL SENT_AFTER_TIME 5944.967370
1544201143540806 CHEETAH_SIGNAL SENT_AFTER_TIME 5945.002466
1544201144508058 AUDIO_PLAYBACK_ONSET 460 5 1 we
1544201144675702 AUDIO_PLAYBACK_ONSET 461 5 2 guessed
1544201144940161 AUDIO_PLAYBACK_ONSET 462 5 3 that
1544201145097460 AUDIO_PLAYBACK_ONSET 463 5 4 they
1544201145270489 AUDIO_PLAYBACK_ONSET 464 5 5 wink
1544201145794491 AUDIO_PLAYBACK_ONSET _ 5 END_OF_WAV
1544201145970940 AUDIO_PLAYBACK_DONE 5.wav
1544201145971680 CHEETAH_SIGNAL SENT_AFTER_TIME 5947.433351
1544201146006773 CHEETAH_SIGNAL SENT_AFTER_TIME 5947.468519
1544201146970854 AUDIO_PLAYBACK_ONSET 465 24 1 The
1544201147074234 AUDIO_PLAYBACK_ONSET 466 24 2 sandwich
1544201147678314 AUDIO_PLAYBACK_ONSET 467 24 3 is
1544201147868963 AUDIO_PLAYBACK_ONSET 468 24 4 healthy
1544201148434484 AUDIO_PLAYBACK_ONSET _ 24 END_OF_WAV
1544201148564619 AUDIO_PLAYBACK_DONE 24.wav
1544201148558272 CHEETAH_SIGNAL SENT_AFTER_TIME 5950.020046
1544201148116998 KEY_PRESS l
1544201148293033 KEY_PRESS l
1544201148594054 CHEETAH_SIGNAL SENT_AFTER_TIME 5950.055897
1544201149564522 AUDIO_PLAYBACK_ONSET 469 61 1 who
1544201149774723 AUDIO_PLAYBACK_ONSET 470 61 2 tickles
1544201150181975 AUDIO_PLAYBACK_ONSET 471 61 3 the
1544201150302941 AUDIO_PLAYBACK_ONSET 472 61 4 girl?
1544201150777732 AUDIO_PLAYBACK_ONSET _ 61 END_OF_WAV
1544201151064524 AUDIO_PLAYBACK_DONE 61.wav
1544201151060428 CHEETAH_SIGNAL SENT_AFTER_TIME 5952.522325
1544201151095428 CHEETAH_SIGNAL SENT_AFTER_TIME 5952.557382
1544201152064413 AUDIO_PLAYBACK_ONSET 473 1 1 he
1544201152157638 AUDIO_PLAYBACK_ONSET 474 1 2 smiles
1544201152938542 AUDIO_PLAYBACK_ONSET _ 1 END_OF_WAV
1544201152939402 AUDIO_PLAYBACK_DONE 1.wav
1544201152940646 CHEETAH_SIGNAL SENT_AFTER_TIME 5954.402603
1544201152976083 CHEETAH_SIGNAL SENT_AFTER_TIME 5954.438129
1544201153939310 AUDIO_PLAYBACK_ONSET 475 92 1 she
1544201154316930 AUDIO_PLAYBACK_ONSET 476 92 2 blooms
1544201155126727 AUDIO_PLAYBACK_ONSET _ 92 END_OF_WAV
1544201155189311 AUDIO_PLAYBACK_DONE 92.wav
1544201155186239 CHEETAH_SIGNAL SENT_AFTER_TIME 5956.648306
1544201155221301 CHEETAH_SIGNAL SENT_AFTER_TIME 5956.683414
1544201156189244 AUDIO_PLAYBACK_ONSET 477 99 1 they
1544201156479976 AUDIO_PLAYBACK_ONSET 478 99 2 cough
1544201157177530 AUDIO_PLAYBACK_ONSET _ 99 END_OF_WAV
1544201157282985 AUDIO_PLAYBACK_DONE 99.wav
1544201157282144 CHEETAH_SIGNAL SENT_AFTER_TIME 5958.744252
1544201157317269 CHEETAH_SIGNAL SENT_AFTER_TIME 5958.779478
1544201158282889 AUDIO_PLAYBACK_ONSET 479 135 1 the
1544201158428028 AUDIO_PLAYBACK_ONSET 480 135 2 boy
1544201158577029 AUDIO_PLAYBACK_ONSET 481 135 3 heard
1544201158848902 AUDIO_PLAYBACK_ONSET 482 135 4 the
1544201158888447 AUDIO_PLAYBACK_ONSET 483 135 5 men
1544201159294491 AUDIO_PLAYBACK_ONSET _ 135 END_OF_WAV
1544201159333682 AUDIO_PLAYBACK_DONE 135.wav
1544201159335018 CHEETAH_SIGNAL SENT_AFTER_TIME 5960.797244
1544201159370018 CHEETAH_SIGNAL SENT_AFTER_TIME 5960.832308
1544201160333601 AUDIO_PLAYBACK_ONSET 484 70 1 she
1544201160725183 AUDIO_PLAYBACK_ONSET 485 70 2 jumps
1544201161498010 AUDIO_PLAYBACK_ONSET _ 70 END_OF_WAV
1544201161864850 AUDIO_PLAYBACK_DONE 70.wav
1544201161859298 CHEETAH_SIGNAL SENT_AFTER_TIME 5963.321616
1544201161893861 CHEETAH_SIGNAL SENT_AFTER_TIME 5963.356256
1544201162864745 AUDIO_PLAYBACK_ONSET 486 83 1 What
1544201163000288 AUDIO_PLAYBACK_ONSET 487 83 2 will
1544201163220296 AUDIO_PLAYBACK_ONSET 488 83 3 the
1544201163393807 AUDIO_PLAYBACK_ONSET 489 83 4 girl
1544201163802069 AUDIO_PLAYBACK_ONSET 490 83 5 eat?
1544201164332810 AUDIO_PLAYBACK_ONSET _ 83 END_OF_WAV
1544201164552231 AUDIO_PLAYBACK_DONE 83.wav
1544201164554547 CHEETAH_SIGNAL SENT_AFTER_TIME 5966.016985
1544201164590266 CHEETAH_SIGNAL SENT_AFTER_TIME 5966.052781
1544201165552111 AUDIO_PLAYBACK_ONSET 491 63 1 he
1544201165672999 AUDIO_PLAYBACK_ONSET 492 63 2 sneezes
1544201166412270 AUDIO_PLAYBACK_ONSET _ 63 END_OF_WAV
1544201166716169 AUDIO_PLAYBACK_DONE 63.wav
1544201166707859 CHEETAH_SIGNAL SENT_AFTER_TIME 5968.170400
1544201164628278 KEY_PRESS l
1544201164764217 KEY_PRESS l
1544201166743265 CHEETAH_SIGNAL SENT_AFTER_TIME 5968.205866
1544201167716083 AUDIO_PLAYBACK_ONSET 493 29 1 he
1544201168013984 AUDIO_PLAYBACK_ONSET 494 29 2 bloomed
1544201168949454 AUDIO_PLAYBACK_ONSET _ 29 END_OF_WAV
1544201169216062 AUDIO_PLAYBACK_DONE 29.wav
1544201169210514 CHEETAH_SIGNAL SENT_AFTER_TIME 5970.673137
1544201169245920 CHEETAH_SIGNAL SENT_AFTER_TIME 5970.708635
1544201170215948 AUDIO_PLAYBACK_ONSET 495 129 1 who
1544201170384946 AUDIO_PLAYBACK_ONSET 496 129 2 smiles?
1544201171195421 AUDIO_PLAYBACK_ONSET _ 129 END_OF_WAV
1544201171340941 AUDIO_PLAYBACK_DONE 129.wav
1544201171339576 CHEETAH_SIGNAL SENT_AFTER_TIME 5972.802250
1544201171374670 CHEETAH_SIGNAL SENT_AFTER_TIME 5972.837466
1544201172340860 AUDIO_PLAYBACK_ONSET 497 100 1 she
1544201172664593 AUDIO_PLAYBACK_ONSET 498 100 2 fell
1544201173172063 AUDIO_PLAYBACK_ONSET _ 100 END_OF_WAV
1544201173215850 AUDIO_PLAYBACK_DONE 100.wav
1544201173207388 CHEETAH_SIGNAL SENT_AFTER_TIME 5974.670163
1544201173242450 CHEETAH_SIGNAL SENT_AFTER_TIME 5974.705312
1544201174215784 AUDIO_PLAYBACK_ONSET 499 79 1 the
1544201174309745 AUDIO_PLAYBACK_ONSET 500 79 2 boy
1544201174534669 AUDIO_PLAYBACK_ONSET 501 79 3 collapses
1544201175489050 AUDIO_PLAYBACK_ONSET _ 79 END_OF_WAV
1544201175528282 AUDIO_PLAYBACK_DONE 79.wav
1544201175525637 CHEETAH_SIGNAL SENT_AFTER_TIME 5976.988514
1544201175560637 CHEETAH_SIGNAL SENT_AFTER_TIME 5977.023606
1544201176528175 AUDIO_PLAYBACK_ONSET 502 11 1 he
1544201176675840 AUDIO_PLAYBACK_ONSET 503 11 2 will
1544201176871841 AUDIO_PLAYBACK_ONSET 504 11 3 drive
1544201177480343 AUDIO_PLAYBACK_ONSET _ 11 END_OF_WAV
1544201177481303 AUDIO_PLAYBACK_DONE 11.wav
1544201177476511 CHEETAH_SIGNAL SENT_AFTER_TIME 5978.939458
1544201177511605 CHEETAH_SIGNAL SENT_AFTER_TIME 5978.974661
1544201178481216 AUDIO_PLAYBACK_ONSET 505 19 1 who
1544201178722764 AUDIO_PLAYBACK_ONSET 506 19 2 laughs?
1544201179490655 AUDIO_PLAYBACK_ONSET _ 19 END_OF_WAV
1544201179512466 AUDIO_PLAYBACK_DONE 19.wav
1544201179513198 CHEETAH_SIGNAL SENT_AFTER_TIME 5980.976242
1544201179548635 CHEETAH_SIGNAL SENT_AFTER_TIME 5981.011764
1544201180512393 AUDIO_PLAYBACK_ONSET 507 59 1 who
1544201180680322 AUDIO_PLAYBACK_ONSET 508 59 2 arrives?
1544201181479082 AUDIO_PLAYBACK_ONSET _ 59 END_OF_WAV
1544201181817067 AUDIO_PLAYBACK_DONE 59.wav
1544201181811478 CHEETAH_SIGNAL SENT_AFTER_TIME 5983.274621
