1544199089992958 CHEETAH_SIGNAL SENT_AFTER_TIME 3891.379890
1544199092438751 CHEETAH_SIGNAL SENT_AFTER_TIME 3893.825640
1544199092509742 CHEETAH_SIGNAL SENT_AFTER_TIME 3893.896494
1544199092507813 DISPLAY_INSTRUCTIONS Stimuli/instructions_audio_sentences.png
1544199117529479 KEY_PRESS space
1544199117530690 CHEETAH_SIGNAL SENT_AFTER_TIME 3918.917601
1544199117631528 CHEETAH_SIGNAL SENT_AFTER_TIME 3919.018339
1544199117629828 DISPLAY_INSTRUCTIONS OFF
1544199117680383 CHEETAH_SIGNAL SENT_AFTER_TIME 3919.067141
1544199117713789 CHEETAH_SIGNAL SENT_AFTER_TIME 3919.100668
1544199117764706 CHEETAH_SIGNAL SENT_AFTER_TIME 3919.151514
1544199117762980 DISPLAY_FIXATION
1544199120964948 CHEETAH_SIGNAL SENT_AFTER_TIME 3922.351711
1544199121031082 AUDIO_PLAYBACK_ONSET 1 1 1 he
1544199121124307 AUDIO_PLAYBACK_ONSET 2 1 2 smiles
1544199121905211 AUDIO_PLAYBACK_ONSET _ 1 END_OF_WAV
1544199121906093 AUDIO_PLAYBACK_DONE 1.wav
1544199121898759 CHEETAH_SIGNAL SENT_AFTER_TIME 3923.285545
1544199117527311 KEY_PRESS space
1544199117623463 KEY_PRESS space
1544199121934365 CHEETAH_SIGNAL SENT_AFTER_TIME 3923.321273
1544199122906093 AUDIO_PLAYBACK_ONSET 3 2 1 who
1544199123025082 AUDIO_PLAYBACK_ONSET 4 2 2 hugs
1544199123317480 AUDIO_PLAYBACK_ONSET 5 2 3 the
1544199123398702 AUDIO_PLAYBACK_ONSET 6 2 4 friend?
1544199123937633 AUDIO_PLAYBACK_ONSET _ 2 END_OF_WAV
1544199124327978 AUDIO_PLAYBACK_DONE 2.wav
1544199124327913 CHEETAH_SIGNAL SENT_AFTER_TIME 3925.714707
1544199124362342 CHEETAH_SIGNAL SENT_AFTER_TIME 3925.749269
1544199125327978 AUDIO_PLAYBACK_ONSET 7 3 1 They
1544199125446833 AUDIO_PLAYBACK_ONSET 8 3 2 ate
1544199125693524 AUDIO_PLAYBACK_ONSET 9 3 3 the
1544199125811855 AUDIO_PLAYBACK_ONSET 10 3 4 grapes
1544199126169857 AUDIO_PLAYBACK_ONSET 11 3 5 together
1544199126660230 AUDIO_PLAYBACK_ONSET _ 3 END_OF_WAV
1544199126820158 AUDIO_PLAYBACK_DONE 3.wav
1544199126821942 CHEETAH_SIGNAL SENT_AFTER_TIME 3928.208755
1544199126591371 KEY_PRESS l
1544199126711430 KEY_PRESS l
1544199126857346 CHEETAH_SIGNAL SENT_AFTER_TIME 3928.244249
1544199127820158 AUDIO_PLAYBACK_ONSET 12 4 1 he
1544199127929180 AUDIO_PLAYBACK_ONSET 13 4 2 showered
1544199128663418 AUDIO_PLAYBACK_ONSET _ 4 END_OF_WAV
1544199128876780 AUDIO_PLAYBACK_DONE 4.wav
1544199128872168 CHEETAH_SIGNAL SENT_AFTER_TIME 3930.258937
1544199128907121 CHEETAH_SIGNAL SENT_AFTER_TIME 3930.294000
1544199129876780 AUDIO_PLAYBACK_ONSET 14 5 1 we
1544199130044424 AUDIO_PLAYBACK_ONSET 15 5 2 guessed
1544199130308883 AUDIO_PLAYBACK_ONSET 16 5 3 that
1544199130466182 AUDIO_PLAYBACK_ONSET 17 5 4 they
1544199130639211 AUDIO_PLAYBACK_ONSET 18 5 5 wink
1544199131163213 AUDIO_PLAYBACK_ONSET _ 5 END_OF_WAV
1544199131339664 AUDIO_PLAYBACK_DONE 5.wav
1544199131340514 CHEETAH_SIGNAL SENT_AFTER_TIME 3932.727306
1544199131375543 CHEETAH_SIGNAL SENT_AFTER_TIME 3932.762435
1544199132339664 AUDIO_PLAYBACK_ONSET 19 6 1 Whom
1544199132502485 AUDIO_PLAYBACK_ONSET 20 6 2 did
1544199132657453 AUDIO_PLAYBACK_ONSET 21 6 3 the
1544199132786868 AUDIO_PLAYBACK_ONSET 22 6 4 boy
1544199132997887 AUDIO_PLAYBACK_ONSET 23 6 5 hear?
1544199133480101 AUDIO_PLAYBACK_ONSET _ 6 END_OF_WAV
1544199133566224 AUDIO_PLAYBACK_DONE 6.wav
1544199133566295 CHEETAH_SIGNAL SENT_AFTER_TIME 3934.953077
1544199133601658 CHEETAH_SIGNAL SENT_AFTER_TIME 3934.988542
1544199134566224 AUDIO_PLAYBACK_ONSET 24 7 1 he
1544199134723913 AUDIO_PLAYBACK_ONSET 25 7 2 arrived
1544199135558185 AUDIO_PLAYBACK_ONSET _ 7 END_OF_WAV
1544199135659966 AUDIO_PLAYBACK_DONE 7.wav
1544199135659308 CHEETAH_SIGNAL SENT_AFTER_TIME 3937.046088
1544199135694193 CHEETAH_SIGNAL SENT_AFTER_TIME 3937.081112
1544199136659966 AUDIO_PLAYBACK_ONSET 26 8 1 he
1544199136771377 AUDIO_PLAYBACK_ONSET 27 8 2 will
1544199136933900 AUDIO_PLAYBACK_ONSET 28 8 3 sneeze
1544199137795671 AUDIO_PLAYBACK_ONSET _ 8 END_OF_WAV
1544199137839654 AUDIO_PLAYBACK_DONE 8.wav
1544199137836427 CHEETAH_SIGNAL SENT_AFTER_TIME 3939.223202
1544199137871484 CHEETAH_SIGNAL SENT_AFTER_TIME 3939.258337
1544199138839654 AUDIO_PLAYBACK_ONSET 29 9 1 they
1544199139120670 AUDIO_PLAYBACK_ONSET 30 9 2 will
1544199139324799 AUDIO_PLAYBACK_ONSET 31 9 3 drink
1544199139957348 AUDIO_PLAYBACK_ONSET _ 9 END_OF_WAV
1544199140089632 AUDIO_PLAYBACK_DONE 9.wav
1544199140088020 CHEETAH_SIGNAL SENT_AFTER_TIME 3941.474801
1544199140122937 CHEETAH_SIGNAL SENT_AFTER_TIME 3941.509847
1544199141089632 AUDIO_PLAYBACK_ONSET 32 10 1 they
1544199141390937 AUDIO_PLAYBACK_ONSET 33 10 2 wink
1544199141994257 AUDIO_PLAYBACK_ONSET _ 10 END_OF_WAV
1544199142214625 AUDIO_PLAYBACK_DONE 10.wav
1544199142213053 CHEETAH_SIGNAL SENT_AFTER_TIME 3943.599851
1544199140351491 KEY_PRESS l
1544199140383430 KEY_PRESS l
1544199142248366 CHEETAH_SIGNAL SENT_AFTER_TIME 3943.635245
1544199143214625 AUDIO_PLAYBACK_ONSET 34 11 1 he
1544199143362290 AUDIO_PLAYBACK_ONSET 35 11 2 will
1544199143558291 AUDIO_PLAYBACK_ONSET 36 11 3 drive
1544199144166793 AUDIO_PLAYBACK_ONSET _ 11 END_OF_WAV
1544199144167736 AUDIO_PLAYBACK_DONE 11.wav
1544199144164435 CHEETAH_SIGNAL SENT_AFTER_TIME 3945.551212
1544199144199360 CHEETAH_SIGNAL SENT_AFTER_TIME 3945.586276
1544199145167736 AUDIO_PLAYBACK_ONSET 37 12 1 who
1544199145415835 AUDIO_PLAYBACK_ONSET 38 12 2 jumped?
1544199146182271 AUDIO_PLAYBACK_ONSET _ 12 END_OF_WAV
1544199146573976 AUDIO_PLAYBACK_DONE 12.wav
1544199146567971 CHEETAH_SIGNAL SENT_AFTER_TIME 3947.954765
1544199146602901 CHEETAH_SIGNAL SENT_AFTER_TIME 3947.989824
1544199147573976 AUDIO_PLAYBACK_ONSET 39 13 1 she
1544199147843497 AUDIO_PLAYBACK_ONSET 40 13 2 sliced
1544199148287086 AUDIO_PLAYBACK_ONSET 41 13 3 the
1544199148363908 AUDIO_PLAYBACK_ONSET 42 13 4 mushrooms
1544199149296930 AUDIO_PLAYBACK_ONSET _ 13 END_OF_WAV
1544199149417721 AUDIO_PLAYBACK_DONE 13.wav
1544199149417820 CHEETAH_SIGNAL SENT_AFTER_TIME 3950.804611
1544199149453255 CHEETAH_SIGNAL SENT_AFTER_TIME 3950.840169
1544199150417721 AUDIO_PLAYBACK_ONSET 43 14 1 the
1544199150597903 AUDIO_PLAYBACK_ONSET 44 14 2 boy
1544199150817344 AUDIO_PLAYBACK_ONSET 45 14 3 remains
1544199151700529 AUDIO_PLAYBACK_ONSET _ 14 END_OF_WAV
1544199151761466 AUDIO_PLAYBACK_DONE 14.wav
1544199151757346 CHEETAH_SIGNAL SENT_AFTER_TIME 3953.144145
1544199149895441 KEY_PRESS l
1544199150047435 KEY_PRESS l
1544199151792751 CHEETAH_SIGNAL SENT_AFTER_TIME 3953.179632
1544199152761466 AUDIO_PLAYBACK_ONSET 46 15 1 he
1544199152921077 AUDIO_PLAYBACK_ONSET 47 15 2 remains
1544199153815772 AUDIO_PLAYBACK_ONSET _ 15 END_OF_WAV
1544199153823966 AUDIO_PLAYBACK_DONE 15.wav
1544199153824362 CHEETAH_SIGNAL SENT_AFTER_TIME 3955.211125
1544199153859884 CHEETAH_SIGNAL SENT_AFTER_TIME 3955.246793
1544199154823966 AUDIO_PLAYBACK_ONSET 48 16 1 What
1544199155024853 AUDIO_PLAYBACK_ONSET 49 16 2 will
1544199155226211 AUDIO_PLAYBACK_ONSET 50 16 3 the
1544199155367360 AUDIO_PLAYBACK_ONSET 51 16 4 girls
1544199155785869 AUDIO_PLAYBACK_ONSET 52 16 5 find?
1544199156235963 AUDIO_PLAYBACK_ONSET _ 16 END_OF_WAV
1544199156292698 AUDIO_PLAYBACK_DONE 16.wav
1544199156288890 CHEETAH_SIGNAL SENT_AFTER_TIME 3957.675663
1544199156322160 CHEETAH_SIGNAL SENT_AFTER_TIME 3957.709096
1544199157292698 AUDIO_PLAYBACK_ONSET 53 17 1 he
1544199157441575 AUDIO_PLAYBACK_ONSET 54 17 2 was
1544199157672080 AUDIO_PLAYBACK_ONSET 55 17 3 hugged
1544199158198278 AUDIO_PLAYBACK_ONSET _ 17 END_OF_WAV
1544199158292679 AUDIO_PLAYBACK_DONE 17.wav
1544199158292380 CHEETAH_SIGNAL SENT_AFTER_TIME 3959.679179
1544199158327327 CHEETAH_SIGNAL SENT_AFTER_TIME 3959.714214
1544199159292679 AUDIO_PLAYBACK_ONSET 56 18 1 The
1544199159393003 AUDIO_PLAYBACK_ONSET 57 18 2 chef
1544199159666184 AUDIO_PLAYBACK_ONSET 58 18 3 served
1544199160122830 AUDIO_PLAYBACK_ONSET 59 18 4 the
1544199160272022 AUDIO_PLAYBACK_ONSET 60 18 5 cake
1544199160729676 AUDIO_PLAYBACK_ONSET _ 18 END_OF_WAV
1544199160792660 AUDIO_PLAYBACK_DONE 18.wav
1544199160787592 CHEETAH_SIGNAL SENT_AFTER_TIME 3962.174464
1544199160783444 KEY_PRESS l
1544199160822729 CHEETAH_SIGNAL SENT_AFTER_TIME 3962.209631
1544199161792660 AUDIO_PLAYBACK_ONSET 61 19 1 who
1544199162034208 AUDIO_PLAYBACK_ONSET 62 19 2 laughs?
1544199162802099 AUDIO_PLAYBACK_ONSET _ 19 END_OF_WAV
1544199162823910 AUDIO_PLAYBACK_DONE 19.wav
1544199162823493 CHEETAH_SIGNAL SENT_AFTER_TIME 3964.210250
1544199160927429 KEY_PRESS l
1544199162858621 CHEETAH_SIGNAL SENT_AFTER_TIME 3964.245553
1544199163823910 AUDIO_PLAYBACK_ONSET 63 20 1 she
1544199164205195 AUDIO_PLAYBACK_ONSET 64 20 2 sneezed
1544199165038158 AUDIO_PLAYBACK_ONSET _ 20 END_OF_WAV
1544199165042645 AUDIO_PLAYBACK_DONE 20.wav
1544199165041044 CHEETAH_SIGNAL SENT_AFTER_TIME 3966.427880
1544199165075983 CHEETAH_SIGNAL SENT_AFTER_TIME 3966.462919
1544199166042645 AUDIO_PLAYBACK_ONSET 65 21 1 who
1544199166295592 AUDIO_PLAYBACK_ONSET 66 21 2 winks?
1544199167011072 AUDIO_PLAYBACK_ONSET _ 21 END_OF_WAV
1544199167011376 AUDIO_PLAYBACK_DONE 21.wav
1544199167002570 CHEETAH_SIGNAL SENT_AFTER_TIME 3968.389358
1544199167037541 CHEETAH_SIGNAL SENT_AFTER_TIME 3968.424457
1544199168011376 AUDIO_PLAYBACK_ONSET 67 22 1 they
1544199168346692 AUDIO_PLAYBACK_ONSET 68 22 2 vanished
1544199169074778 AUDIO_PLAYBACK_ONSET _ 22 END_OF_WAV
1544199169167637 AUDIO_PLAYBACK_DONE 22.wav
1544199169165917 CHEETAH_SIGNAL SENT_AFTER_TIME 3970.552692
1544199169201372 CHEETAH_SIGNAL SENT_AFTER_TIME 3970.588280
1544199170167637 AUDIO_PLAYBACK_ONSET 69 23 1 they
1544199170445377 AUDIO_PLAYBACK_ONSET 70 23 2 saw
1544199170772993 AUDIO_PLAYBACK_ONSET 71 23 3 him
1544199171007869 AUDIO_PLAYBACK_ONSET 72 23 4 dance
1544199171668141 AUDIO_PLAYBACK_ONSET _ 23 END_OF_WAV
1544199171667617 AUDIO_PLAYBACK_DONE 23.wav
1544199171662114 CHEETAH_SIGNAL SENT_AFTER_TIME 3973.048888
1544199171697058 CHEETAH_SIGNAL SENT_AFTER_TIME 3973.083957
1544199172667617 AUDIO_PLAYBACK_ONSET 73 24 1 The
1544199172770997 AUDIO_PLAYBACK_ONSET 74 24 2 sandwich
1544199173375077 AUDIO_PLAYBACK_ONSET 75 24 3 is
1544199173565726 AUDIO_PLAYBACK_ONSET 76 24 4 healthy
1544199174131247 AUDIO_PLAYBACK_ONSET _ 24 END_OF_WAV
1544199174261363 AUDIO_PLAYBACK_DONE 24.wav
1544199174264249 CHEETAH_SIGNAL SENT_AFTER_TIME 3975.651011
1544199174167394 KEY_PRESS l
1544199174299426 CHEETAH_SIGNAL SENT_AFTER_TIME 3975.686302
1544199175261363 AUDIO_PLAYBACK_ONSET 77 25 1 they
1544199175554224 AUDIO_PLAYBACK_ONSET 78 25 2 hug
1544199175840510 AUDIO_PLAYBACK_ONSET 79 25 3 the
1544199175942323 AUDIO_PLAYBACK_ONSET 80 25 4 friend
1544199176548161 AUDIO_PLAYBACK_ONSET _ 25 END_OF_WAV
1544199176761346 AUDIO_PLAYBACK_DONE 25.wav
1544199176756356 CHEETAH_SIGNAL SENT_AFTER_TIME 3978.143171
1544199174327391 KEY_PRESS l
1544199176791714 CHEETAH_SIGNAL SENT_AFTER_TIME 3978.178567
1544199177761346 AUDIO_PLAYBACK_ONSET 81 26 1 Whom
1544199177978337 AUDIO_PLAYBACK_ONSET 82 26 2 will
1544199178168356 AUDIO_PLAYBACK_ONSET 83 26 3 the
1544199178322746 AUDIO_PLAYBACK_ONSET 84 26 4 boy
1544199178568492 AUDIO_PLAYBACK_ONSET 85 26 5 tickle?
1544199179045366 AUDIO_PLAYBACK_ONSET _ 26 END_OF_WAV
1544199179120716 AUDIO_PLAYBACK_DONE 26.wav
1544199179121682 CHEETAH_SIGNAL SENT_AFTER_TIME 3980.508501
1544199179156613 CHEETAH_SIGNAL SENT_AFTER_TIME 3980.543523
1544199180120716 AUDIO_PLAYBACK_ONSET 86 27 1 Who
1544199180320900 AUDIO_PLAYBACK_ONSET 87 27 2 did
1544199180503484 AUDIO_PLAYBACK_ONSET 88 27 3 the
1544199180654314 AUDIO_PLAYBACK_ONSET 89 27 4 boys
1544199181021750 AUDIO_PLAYBACK_ONSET 90 27 5 kiss?
1544199181719198 AUDIO_PLAYBACK_ONSET _ 27 END_OF_WAV
1544199181808203 AUDIO_PLAYBACK_DONE 27.wav
1544199181810618 CHEETAH_SIGNAL SENT_AFTER_TIME 3983.197396
1544199181845633 CHEETAH_SIGNAL SENT_AFTER_TIME 3983.232541
1544199182808203 AUDIO_PLAYBACK_ONSET 91 28 1 the
1544199182918607 AUDIO_PLAYBACK_ONSET 92 28 2 host
1544199183281505 AUDIO_PLAYBACK_ONSET 93 28 3 was
1544199183452873 AUDIO_PLAYBACK_ONSET 94 28 4 warned
1544199184179677 AUDIO_PLAYBACK_ONSET _ 28 END_OF_WAV
1544199184308207 AUDIO_PLAYBACK_DONE 28.wav
1544199184312694 CHEETAH_SIGNAL SENT_AFTER_TIME 3985.699476
1544199184347705 CHEETAH_SIGNAL SENT_AFTER_TIME 3985.734601
1544199185308207 AUDIO_PLAYBACK_ONSET 95 29 1 he
1544199185606108 AUDIO_PLAYBACK_ONSET 96 29 2 bloomed
1544199186541578 AUDIO_PLAYBACK_ONSET _ 29 END_OF_WAV
1544199186808185 AUDIO_PLAYBACK_DONE 29.wav
1544199186802511 CHEETAH_SIGNAL SENT_AFTER_TIME 3988.189322
1544199186837857 CHEETAH_SIGNAL SENT_AFTER_TIME 3988.224772
1544199187808185 AUDIO_PLAYBACK_ONSET 97 30 1 Whom
1544199188068788 AUDIO_PLAYBACK_ONSET 98 30 2 will
1544199188276447 AUDIO_PLAYBACK_ONSET 99 30 3 the
1544199188434710 AUDIO_PLAYBACK_ONSET 100 30 4 boy
1544199188663537 AUDIO_PLAYBACK_ONSET 101 30 5 hear?
1544199189277439 AUDIO_PLAYBACK_ONSET _ 30 END_OF_WAV
1544199189308168 AUDIO_PLAYBACK_DONE 30.wav
1544199189312582 CHEETAH_SIGNAL SENT_AFTER_TIME 3990.699357
1544199189347738 CHEETAH_SIGNAL SENT_AFTER_TIME 3990.734634
1544199190308168 AUDIO_PLAYBACK_ONSET 102 31 1 she
1544199190731990 AUDIO_PLAYBACK_ONSET 103 31 2 washed
1544199191549348 AUDIO_PLAYBACK_ONSET _ 31 END_OF_WAV
1544199191558146 AUDIO_PLAYBACK_DONE 31.wav
1544199191554643 CHEETAH_SIGNAL SENT_AFTER_TIME 3992.941414
1544199191589663 CHEETAH_SIGNAL SENT_AFTER_TIME 3992.976568
1544199192558146 AUDIO_PLAYBACK_ONSET 104 32 1 the
1544199192702094 AUDIO_PLAYBACK_ONSET 105 32 2 girls
1544199193053818 AUDIO_PLAYBACK_ONSET 106 32 3 appear
1544199193704177 AUDIO_PLAYBACK_ONSET _ 32 END_OF_WAV
1544199193792504 AUDIO_PLAYBACK_DONE 32.wav
1544199193785131 CHEETAH_SIGNAL SENT_AFTER_TIME 3995.171902
1544199193820096 CHEETAH_SIGNAL SENT_AFTER_TIME 3995.206968
1544199194792504 AUDIO_PLAYBACK_ONSET 107 33 1 who
1544199195049701 AUDIO_PLAYBACK_ONSET 108 33 2 falls?
1544199195896728 AUDIO_PLAYBACK_ONSET _ 33 END_OF_WAV
1544199195933118 AUDIO_PLAYBACK_DONE 33.wav
1544199195926789 CHEETAH_SIGNAL SENT_AFTER_TIME 3997.313561
1544199195961822 CHEETAH_SIGNAL SENT_AFTER_TIME 3997.348726
1544199196933118 AUDIO_PLAYBACK_ONSET 109 34 1 the
1544199197138742 AUDIO_PLAYBACK_ONSET 110 34 2 boy
1544199197389160 AUDIO_PLAYBACK_ONSET 111 34 3 laughs
1544199198212490 AUDIO_PLAYBACK_ONSET _ 34 END_OF_WAV
1544199198308109 AUDIO_PLAYBACK_DONE 34.wav
1544199198304926 CHEETAH_SIGNAL SENT_AFTER_TIME 3999.691706
1544199198340275 CHEETAH_SIGNAL SENT_AFTER_TIME 3999.727180
1544199199308109 AUDIO_PLAYBACK_ONSET 112 35 1 she
1544199199699280 AUDIO_PLAYBACK_ONSET 113 35 2 disappears
1544199200790296 AUDIO_PLAYBACK_ONSET _ 35 END_OF_WAV
1544199200870609 AUDIO_PLAYBACK_DONE 35.wav
1544199200865026 CHEETAH_SIGNAL SENT_AFTER_TIME 4002.251817
1544199200900026 CHEETAH_SIGNAL SENT_AFTER_TIME 4002.286897
1544199201870609 AUDIO_PLAYBACK_ONSET 114 36 1 she
1544199202272590 AUDIO_PLAYBACK_ONSET 115 36 2 laughed
1544199203031985 AUDIO_PLAYBACK_ONSET _ 36 END_OF_WAV
1544199203120590 AUDIO_PLAYBACK_DONE 36.wav
1544199203116539 CHEETAH_SIGNAL SENT_AFTER_TIME 4004.503321
1544199203151635 CHEETAH_SIGNAL SENT_AFTER_TIME 4004.538504
1544199204120590 AUDIO_PLAYBACK_ONSET 116 37 1 who
1544199204436313 AUDIO_PLAYBACK_ONSET 117 37 2 blooms?
1544199205213252 AUDIO_PLAYBACK_ONSET _ 37 END_OF_WAV
1544199205214335 AUDIO_PLAYBACK_DONE 37.wav
1544199205214166 CHEETAH_SIGNAL SENT_AFTER_TIME 4006.600899
1544199205249131 CHEETAH_SIGNAL SENT_AFTER_TIME 4006.636012
1544199206214335 AUDIO_PLAYBACK_ONSET 118 38 1 who
1544199206461049 AUDIO_PLAYBACK_ONSET 119 38 2 sneezes?
1544199207479675 AUDIO_PLAYBACK_ONSET _ 38 END_OF_WAV
1544199207495604 AUDIO_PLAYBACK_DONE 38.wav
1544199207491851 CHEETAH_SIGNAL SENT_AFTER_TIME 4008.878636
1544199207526409 CHEETAH_SIGNAL SENT_AFTER_TIME 4008.913273
1544199208495604 AUDIO_PLAYBACK_ONSET 120 39 1 she
1544199208997766 AUDIO_PLAYBACK_ONSET 121 39 2 excercised
1544199210165853 AUDIO_PLAYBACK_ONSET _ 39 END_OF_WAV
1544199210370597 AUDIO_PLAYBACK_DONE 39.wav
1544199210370288 CHEETAH_SIGNAL SENT_AFTER_TIME 4011.757117
1544199210405734 CHEETAH_SIGNAL SENT_AFTER_TIME 4011.792641
1544199211370597 AUDIO_PLAYBACK_ONSET 122 40 1 he
1544199211709220 AUDIO_PLAYBACK_ONSET 123 40 2 cried
1544199212446317 AUDIO_PLAYBACK_ONSET _ 40 END_OF_WAV
1544199212808085 AUDIO_PLAYBACK_DONE 40.wav
1544199212803097 CHEETAH_SIGNAL SENT_AFTER_TIME 4014.189871
1544199212838121 CHEETAH_SIGNAL SENT_AFTER_TIME 4014.224988
1544199213808085 AUDIO_PLAYBACK_ONSET 124 41 1 the
1544199213966785 AUDIO_PLAYBACK_ONSET 125 41 2 boy
1544199214154724 AUDIO_PLAYBACK_ONSET 126 41 3 sneezes
1544199215031776 AUDIO_PLAYBACK_ONSET _ 41 END_OF_WAV
1544199215034664 AUDIO_PLAYBACK_DONE 41.wav
1544199215034720 CHEETAH_SIGNAL SENT_AFTER_TIME 4016.421494
1544199215069695 CHEETAH_SIGNAL SENT_AFTER_TIME 4016.456594
1544199216034664 AUDIO_PLAYBACK_ONSET 127 42 1 they
1544199216251092 AUDIO_PLAYBACK_ONSET 128 42 2 winked
1544199216961307 AUDIO_PLAYBACK_ONSET _ 42 END_OF_WAV
1544199217190903 AUDIO_PLAYBACK_DONE 42.wav
1544199217189056 CHEETAH_SIGNAL SENT_AFTER_TIME 4018.575827
1544199217224097 CHEETAH_SIGNAL SENT_AFTER_TIME 4018.611020
1544199218190903 AUDIO_PLAYBACK_ONSET 129 43 1 she
1544199218404715 AUDIO_PLAYBACK_ONSET 130 43 2 remained
1544199219190152 AUDIO_PLAYBACK_ONSET _ 43 END_OF_WAV
1544199219440906 AUDIO_PLAYBACK_DONE 43.wav
1544199219437452 CHEETAH_SIGNAL SENT_AFTER_TIME 4020.824234
1544199219472564 CHEETAH_SIGNAL SENT_AFTER_TIME 4020.859420
1544199220440906 AUDIO_PLAYBACK_ONSET 131 44 1 The
1544199220509161 AUDIO_PLAYBACK_ONSET 132 44 2 salad
1544199220864289 AUDIO_PLAYBACK_ONSET 133 44 3 is
1544199221037463 AUDIO_PLAYBACK_ONSET 134 44 4 tasty
1544199221613648 AUDIO_PLAYBACK_ONSET _ 44 END_OF_WAV
1544199221628391 AUDIO_PLAYBACK_DONE 44.wav
1544199221626087 CHEETAH_SIGNAL SENT_AFTER_TIME 4023.012867
1544199221591323 KEY_PRESS l
1544199221661732 CHEETAH_SIGNAL SENT_AFTER_TIME 4023.048611
1544199222628391 AUDIO_PLAYBACK_ONSET 135 45 1 Whom
1544199222743448 AUDIO_PLAYBACK_ONSET 136 45 2 does
1544199222940439 AUDIO_PLAYBACK_ONSET 137 45 3 the
1544199223061721 AUDIO_PLAYBACK_ONSET 138 45 4 boy
1544199223306489 AUDIO_PLAYBACK_ONSET 139 45 5 tickle?
1544199223720318 AUDIO_PLAYBACK_ONSET _ 45 END_OF_WAV
1544199223722136 AUDIO_PLAYBACK_DONE 45.wav
1544199223721887 CHEETAH_SIGNAL SENT_AFTER_TIME 4025.108653
1544199221743431 KEY_PRESS l
1544199223756990 CHEETAH_SIGNAL SENT_AFTER_TIME 4025.143907
1544199224722136 AUDIO_PLAYBACK_ONSET 140 46 1 they
1544199224894600 AUDIO_PLAYBACK_ONSET 141 46 2 tickle
1544199225194497 AUDIO_PLAYBACK_ONSET 142 46 3 the
1544199225346588 AUDIO_PLAYBACK_ONSET 143 46 4 girl
1544199225765017 AUDIO_PLAYBACK_ONSET _ 46 END_OF_WAV
1544199225784633 AUDIO_PLAYBACK_DONE 46.wav
1544199225783737 CHEETAH_SIGNAL SENT_AFTER_TIME 4027.170505
1544199225819031 CHEETAH_SIGNAL SENT_AFTER_TIME 4027.205950
1544199226784633 AUDIO_PLAYBACK_ONSET 144 47 1 she
1544199227020659 AUDIO_PLAYBACK_ONSET 145 47 2 will
1544199227140943 AUDIO_PLAYBACK_ONSET 146 47 3 sleep
1544199227833607 AUDIO_PLAYBACK_ONSET _ 47 END_OF_WAV
1544199228018989 AUDIO_PLAYBACK_DONE 47.wav
1544199228021903 CHEETAH_SIGNAL SENT_AFTER_TIME 4029.408716
1544199228056822 CHEETAH_SIGNAL SENT_AFTER_TIME 4029.443747
1544199229018989 AUDIO_PLAYBACK_ONSET 147 48 1 she
1544199229233616 AUDIO_PLAYBACK_ONSET 148 48 2 collapsed
1544199230136137 AUDIO_PLAYBACK_ONSET _ 48 END_OF_WAV
1544199230190851 AUDIO_PLAYBACK_DONE 48.wav
1544199230193467 CHEETAH_SIGNAL SENT_AFTER_TIME 4031.580254
1544199230228387 CHEETAH_SIGNAL SENT_AFTER_TIME 4031.615247
1544199231190851 AUDIO_PLAYBACK_ONSET 149 49 1 the
1544199231360559 AUDIO_PLAYBACK_ONSET 150 49 2 girl
1544199231569795 AUDIO_PLAYBACK_ONSET 151 49 3 ate
1544199231756066 AUDIO_PLAYBACK_ONSET 152 49 4 the
1544199231814755 AUDIO_PLAYBACK_ONSET 153 49 5 salad
1544199232430555 AUDIO_PLAYBACK_ONSET _ 49 END_OF_WAV
1544199232456500 AUDIO_PLAYBACK_DONE 49.wav
1544199232458497 CHEETAH_SIGNAL SENT_AFTER_TIME 4033.845260
1544199232493989 CHEETAH_SIGNAL SENT_AFTER_TIME 4033.880833
1544199233456500 AUDIO_PLAYBACK_ONSET 154 50 1 What
1544199233597547 AUDIO_PLAYBACK_ONSET 155 50 2 did
1544199233749305 AUDIO_PLAYBACK_ONSET 156 50 3 the
1544199233850724 AUDIO_PLAYBACK_ONSET 157 50 4 girl
1544199234083913 AUDIO_PLAYBACK_ONSET 158 50 5 kick?
1544199234552512 AUDIO_PLAYBACK_ONSET _ 50 END_OF_WAV
1544199234558043 AUDIO_PLAYBACK_DONE 50.wav
1544199234559716 CHEETAH_SIGNAL SENT_AFTER_TIME 4035.946517
1544199232503410 KEY_PRESS l
1544199232687439 KEY_PRESS l
1544199234594614 CHEETAH_SIGNAL SENT_AFTER_TIME 4035.981553
1544199235558043 AUDIO_PLAYBACK_ONSET 159 51 1 she
1544199235752673 AUDIO_PLAYBACK_ONSET 160 51 2 smelled
1544199236059711 AUDIO_PLAYBACK_ONSET 161 51 3 it
1544199236237612 AUDIO_PLAYBACK_ONSET 162 51 4 burn
1544199236645792 AUDIO_PLAYBACK_ONSET _ 51 END_OF_WAV
1544199236901790 AUDIO_PLAYBACK_DONE 51.wav
1544199236897975 CHEETAH_SIGNAL SENT_AFTER_TIME 4038.284764
1544199236932781 CHEETAH_SIGNAL SENT_AFTER_TIME 4038.319669
1544199237901790 AUDIO_PLAYBACK_ONSET 163 52 1 he
1544199238045879 AUDIO_PLAYBACK_ONSET 164 52 2 disappeared
1544199238824595 AUDIO_PLAYBACK_ONSET _ 52 END_OF_WAV
1544199239151791 AUDIO_PLAYBACK_DONE 52.wav
1544199239148204 CHEETAH_SIGNAL SENT_AFTER_TIME 4040.534961
1544199239183182 CHEETAH_SIGNAL SENT_AFTER_TIME 4040.570058
1544199240151791 AUDIO_PLAYBACK_ONSET 165 53 1 they
1544199240312598 AUDIO_PLAYBACK_ONSET 166 53 2 heard
1544199240486990 AUDIO_PLAYBACK_ONSET 167 53 3 her
1544199240637189 AUDIO_PLAYBACK_ONSET 168 53 4 coughing
1544199241243027 AUDIO_PLAYBACK_ONSET _ 53 END_OF_WAV
1544199241651769 AUDIO_PLAYBACK_DONE 53.wav
1544199241646074 CHEETAH_SIGNAL SENT_AFTER_TIME 4043.032863
1544199241681494 CHEETAH_SIGNAL SENT_AFTER_TIME 4043.068368
1544199242651769 AUDIO_PLAYBACK_ONSET 169 54 1 she
1544199242945385 AUDIO_PLAYBACK_ONSET 170 54 2 smiled
1544199243737541 AUDIO_PLAYBACK_ONSET _ 54 END_OF_WAV
1544199243901750 AUDIO_PLAYBACK_DONE 54.wav
1544199243898823 CHEETAH_SIGNAL SENT_AFTER_TIME 4045.285600
1544199243933860 CHEETAH_SIGNAL SENT_AFTER_TIME 4045.320786
1544199244901750 AUDIO_PLAYBACK_ONSET 171 55 1 the
1544199245025070 AUDIO_PLAYBACK_ONSET 172 55 2 girls
1544199245349074 AUDIO_PLAYBACK_ONSET 173 55 3 cough
1544199245926057 AUDIO_PLAYBACK_ONSET _ 55 END_OF_WAV
1544199246089233 AUDIO_PLAYBACK_DONE 55.wav
1544199246087426 CHEETAH_SIGNAL SENT_AFTER_TIME 4047.474216
1544199246121979 CHEETAH_SIGNAL SENT_AFTER_TIME 4047.508909
1544199247089233 AUDIO_PLAYBACK_ONSET 174 56 1 we
1544199247214350 AUDIO_PLAYBACK_ONSET 175 56 2 revealed
1544199247586640 AUDIO_PLAYBACK_ONSET 176 56 3 that
1544199247664450 AUDIO_PLAYBACK_ONSET 177 56 4 she
1544199247883515 AUDIO_PLAYBACK_ONSET 178 56 5 jumps
1544199248552680 AUDIO_PLAYBACK_ONSET _ 56 END_OF_WAV
1544199248870485 AUDIO_PLAYBACK_DONE 56.wav
1544199248872173 CHEETAH_SIGNAL SENT_AFTER_TIME 4050.258984
1544199248907176 CHEETAH_SIGNAL SENT_AFTER_TIME 4050.294080
1544199249870485 AUDIO_PLAYBACK_ONSET 179 57 1 who
1544199250050103 AUDIO_PLAYBACK_ONSET 180 57 2 eats
1544199250264953 AUDIO_PLAYBACK_ONSET 181 57 3 the
1544199250332146 AUDIO_PLAYBACK_ONSET 182 57 4 salad?
1544199250952641 AUDIO_PLAYBACK_ONSET _ 57 END_OF_WAV
1544199251104843 AUDIO_PLAYBACK_DONE 57.wav
1544199251107262 CHEETAH_SIGNAL SENT_AFTER_TIME 4052.494060
1544199250887366 KEY_PRESS l
1544199251071433 KEY_PRESS l
1544199251142651 CHEETAH_SIGNAL SENT_AFTER_TIME 4052.529531
1544199252104843 AUDIO_PLAYBACK_ONSET 183 58 1 he
1544199252316298 AUDIO_PLAYBACK_ONSET 184 58 2 laughs
1544199253104325 AUDIO_PLAYBACK_ONSET _ 58 END_OF_WAV
1544199253331399 AUDIO_PLAYBACK_DONE 58.wav
1544199253330957 CHEETAH_SIGNAL SENT_AFTER_TIME 4054.717747
1544199253365912 CHEETAH_SIGNAL SENT_AFTER_TIME 4054.752795
1544199254331399 AUDIO_PLAYBACK_ONSET 185 59 1 who
1544199254499328 AUDIO_PLAYBACK_ONSET 186 59 2 arrives?
1544199255298088 AUDIO_PLAYBACK_ONSET _ 59 END_OF_WAV
1544199255636095 AUDIO_PLAYBACK_DONE 59.wav
1544199255640667 CHEETAH_SIGNAL SENT_AFTER_TIME 4057.027486
1544199255675600 CHEETAH_SIGNAL SENT_AFTER_TIME 4057.062526
1544199256636095 AUDIO_PLAYBACK_ONSET 187 60 1 the
1544199256779168 AUDIO_PLAYBACK_ONSET 188 60 2 boy
1544199256938379 AUDIO_PLAYBACK_ONSET 189 60 3 smelled
1544199257286728 AUDIO_PLAYBACK_ONSET 190 60 4 the
1544199257352567 AUDIO_PLAYBACK_ONSET 191 60 5 flowers
1544199258220446 AUDIO_PLAYBACK_ONSET _ 60 END_OF_WAV
1544199258417346 AUDIO_PLAYBACK_DONE 60.wav
1544199258417650 CHEETAH_SIGNAL SENT_AFTER_TIME 4059.804440
1544199258453516 CHEETAH_SIGNAL SENT_AFTER_TIME 4059.840421
1544199259417346 AUDIO_PLAYBACK_ONSET 192 61 1 who
1544199259627547 AUDIO_PLAYBACK_ONSET 193 61 2 tickles
1544199260034799 AUDIO_PLAYBACK_ONSET 194 61 3 the
1544199260155765 AUDIO_PLAYBACK_ONSET 195 61 4 girl?
1544199260630556 AUDIO_PLAYBACK_ONSET _ 61 END_OF_WAV
1544199260917325 AUDIO_PLAYBACK_DONE 61.wav
1544199260921909 CHEETAH_SIGNAL SENT_AFTER_TIME 4062.308678
1544199260957066 CHEETAH_SIGNAL SENT_AFTER_TIME 4062.343938
1544199261917325 AUDIO_PLAYBACK_ONSET 196 62 1 What
1544199262099458 AUDIO_PLAYBACK_ONSET 197 62 2 will
1544199262222840 AUDIO_PLAYBACK_ONSET 198 62 3 the
1544199262357078 AUDIO_PLAYBACK_ONSET 199 62 4 girl
1544199262615685 AUDIO_PLAYBACK_ONSET 200 62 5 kick?
1544199263285892 AUDIO_PLAYBACK_ONSET _ 62 END_OF_WAV
1544199263386060 AUDIO_PLAYBACK_DONE 62.wav
1544199263379753 CHEETAH_SIGNAL SENT_AFTER_TIME 4064.766535
1544199263414266 CHEETAH_SIGNAL SENT_AFTER_TIME 4064.801137
1544199264386060 AUDIO_PLAYBACK_ONSET 201 63 1 he
1544199264506948 AUDIO_PLAYBACK_ONSET 202 63 2 sneezes
1544199265246219 AUDIO_PLAYBACK_ONSET _ 63 END_OF_WAV
1544199265550120 AUDIO_PLAYBACK_DONE 63.wav
1544199265540773 CHEETAH_SIGNAL SENT_AFTER_TIME 4066.927562
1544199265575725 CHEETAH_SIGNAL SENT_AFTER_TIME 4066.962649
1544199266550120 AUDIO_PLAYBACK_ONSET 203 64 1 who
1544199266705933 AUDIO_PLAYBACK_ONSET 204 64 2 remains?
1544199267528212 AUDIO_PLAYBACK_ONSET _ 64 END_OF_WAV
1544199267534498 AUDIO_PLAYBACK_DONE 64.wav
1544199267530211 CHEETAH_SIGNAL SENT_AFTER_TIME 4068.916997
1544199267565229 CHEETAH_SIGNAL SENT_AFTER_TIME 4068.952149
1544199268534498 AUDIO_PLAYBACK_ONSET 205 65 1 they
1544199268666198 AUDIO_PLAYBACK_ONSET 206 65 2 found
1544199268959122 AUDIO_PLAYBACK_ONSET 207 65 3 the
1544199269079249 AUDIO_PLAYBACK_ONSET 208 65 4 bikes
1544199269728857 AUDIO_PLAYBACK_ONSET _ 65 END_OF_WAV
1544199269909487 AUDIO_PLAYBACK_DONE 65.wav
1544199269904705 CHEETAH_SIGNAL SENT_AFTER_TIME 4071.291519
1544199269939780 CHEETAH_SIGNAL SENT_AFTER_TIME 4071.326680
1544199270909487 AUDIO_PLAYBACK_ONSET 209 66 1 they
1544199271005945 AUDIO_PLAYBACK_ONSET 210 66 2 appeared
1544199271606527 AUDIO_PLAYBACK_ONSET _ 66 END_OF_WAV
1544199272120420 AUDIO_PLAYBACK_DONE 66.wav
1544199272115288 CHEETAH_SIGNAL SENT_AFTER_TIME 4073.502058
1544199272150212 CHEETAH_SIGNAL SENT_AFTER_TIME 4073.537118
1544199273120420 AUDIO_PLAYBACK_ONSET 211 67 1 they
1544199273320241 AUDIO_PLAYBACK_ONSET 212 67 2 appear
1544199273895783 AUDIO_PLAYBACK_ONSET _ 67 END_OF_WAV
1544199274042283 AUDIO_PLAYBACK_DONE 67.wav
1544199274038061 CHEETAH_SIGNAL SENT_AFTER_TIME 4075.424847
1544199274072986 CHEETAH_SIGNAL SENT_AFTER_TIME 4075.459899
1544199275042283 AUDIO_PLAYBACK_ONSET 213 68 1 he
1544199275303836 AUDIO_PLAYBACK_ONSET 214 68 2 crawled
1544199275874148 AUDIO_PLAYBACK_ONSET _ 68 END_OF_WAV
1544199276018837 AUDIO_PLAYBACK_DONE 68.wav
1544199276012093 CHEETAH_SIGNAL SENT_AFTER_TIME 4077.398913
1544199276047049 CHEETAH_SIGNAL SENT_AFTER_TIME 4077.433930
1544199277018837 AUDIO_PLAYBACK_ONSET 215 69 1 the
1544199277160487 AUDIO_PLAYBACK_ONSET 216 69 2 boy
1544199277386219 AUDIO_PLAYBACK_ONSET 217 69 3 jumped
1544199278049471 AUDIO_PLAYBACK_ONSET _ 69 END_OF_WAV
1544199278315712 AUDIO_PLAYBACK_DONE 69.wav
1544199278316577 CHEETAH_SIGNAL SENT_AFTER_TIME 4079.703389
1544199278351483 CHEETAH_SIGNAL SENT_AFTER_TIME 4079.738420
1544199279315712 AUDIO_PLAYBACK_ONSET 218 70 1 she
1544199279707294 AUDIO_PLAYBACK_ONSET 219 70 2 jumps
1544199280480121 AUDIO_PLAYBACK_ONSET _ 70 END_OF_WAV
1544199280846961 AUDIO_PLAYBACK_DONE 70.wav
1544199280849961 CHEETAH_SIGNAL SENT_AFTER_TIME 4082.236785
1544199280885290 CHEETAH_SIGNAL SENT_AFTER_TIME 4082.272169
1544199281846961 AUDIO_PLAYBACK_ONSET 220 71 1 who
1544199282030111 AUDIO_PLAYBACK_ONSET 221 71 2 coughed?
1544199282783454 AUDIO_PLAYBACK_ONSET _ 71 END_OF_WAV
1544199282846941 AUDIO_PLAYBACK_DONE 71.wav
1544199282847045 CHEETAH_SIGNAL SENT_AFTER_TIME 4084.233821
1544199282881941 CHEETAH_SIGNAL SENT_AFTER_TIME 4084.268840
1544199283846941 AUDIO_PLAYBACK_ONSET 222 72 1 the
1544199283991110 AUDIO_PLAYBACK_ONSET 223 72 2 girls
1544199284259450 AUDIO_PLAYBACK_ONSET 224 72 3 found
1544199284501855 AUDIO_PLAYBACK_ONSET 225 72 4 the
1544199284610588 AUDIO_PLAYBACK_ONSET 226 72 5 bikes
1544199285322838 AUDIO_PLAYBACK_ONSET _ 72 END_OF_WAV
1544199285331317 AUDIO_PLAYBACK_DONE 72.wav
1544199285331578 CHEETAH_SIGNAL SENT_AFTER_TIME 4086.718344
1544199285366519 CHEETAH_SIGNAL SENT_AFTER_TIME 4086.753411
1544199286331317 AUDIO_PLAYBACK_ONSET 227 73 1 she
1544199286549557 AUDIO_PLAYBACK_ONSET 228 73 2 heard
1544199286781326 AUDIO_PLAYBACK_ONSET 229 73 3 them
1544199286969171 AUDIO_PLAYBACK_ONSET 230 73 4 crying
1544199287496258 AUDIO_PLAYBACK_ONSET _ 73 END_OF_WAV
1544199287721934 AUDIO_PLAYBACK_DONE 73.wav
1544199287723214 CHEETAH_SIGNAL SENT_AFTER_TIME 4089.109995
1544199287757672 CHEETAH_SIGNAL SENT_AFTER_TIME 4089.144576
1544199288721934 AUDIO_PLAYBACK_ONSET 231 74 1 she
1544199288913087 AUDIO_PLAYBACK_ONSET 232 74 2 eats
1544199289197189 AUDIO_PLAYBACK_ONSET 233 74 3 the
1544199289274599 AUDIO_PLAYBACK_ONSET 234 74 4 salad
1544199289850784 AUDIO_PLAYBACK_ONSET _ 74 END_OF_WAV
1544199289909417 AUDIO_PLAYBACK_DONE 74.wav
1544199289907244 CHEETAH_SIGNAL SENT_AFTER_TIME 4091.294037
1544199289823447 KEY_PRESS l
1544199289942387 CHEETAH_SIGNAL SENT_AFTER_TIME 4091.329266
1544199290909417 AUDIO_PLAYBACK_ONSET 235 75 1 he
1544199291062998 AUDIO_PLAYBACK_ONSET 236 75 2 falls
1544199291800212 AUDIO_PLAYBACK_ONSET _ 75 END_OF_WAV
1544199291909397 AUDIO_PLAYBACK_DONE 75.wav
1544199291909646 CHEETAH_SIGNAL SENT_AFTER_TIME 4093.296424
1544199290023445 KEY_PRESS l
1544199291944790 CHEETAH_SIGNAL SENT_AFTER_TIME 4093.331707
1544199292909397 AUDIO_PLAYBACK_ONSET 237 76 1 the
1544199293043051 AUDIO_PLAYBACK_ONSET 238 76 2 girl
1544199293269738 AUDIO_PLAYBACK_ONSET 239 76 3 disappears
1544199294220591 AUDIO_PLAYBACK_ONSET _ 76 END_OF_WAV
1544199294221896 AUDIO_PLAYBACK_DONE 76.wav
1544199294217507 CHEETAH_SIGNAL SENT_AFTER_TIME 4095.604259
1544199294252677 CHEETAH_SIGNAL SENT_AFTER_TIME 4095.639579
1544199295221896 AUDIO_PLAYBACK_ONSET 240 77 1 who
1544199295441072 AUDIO_PLAYBACK_ONSET 241 77 2 heard
1544199295735153 AUDIO_PLAYBACK_ONSET 242 77 3 the
1544199295818874 AUDIO_PLAYBACK_ONSET 243 77 4 men?
1544199296257885 AUDIO_PLAYBACK_ONSET _ 77 END_OF_WAV
1544199296268767 AUDIO_PLAYBACK_DONE 77.wav
1544199296262598 CHEETAH_SIGNAL SENT_AFTER_TIME 4097.649384
1544199296298036 CHEETAH_SIGNAL SENT_AFTER_TIME 4097.684928
1544199297268767 AUDIO_PLAYBACK_ONSET 244 78 1 she
1544199297499555 AUDIO_PLAYBACK_ONSET 245 78 2 saw
1544199297737487 AUDIO_PLAYBACK_ONSET 246 78 3 that
1544199297903753 AUDIO_PLAYBACK_ONSET 247 78 4 he
1544199298038486 AUDIO_PLAYBACK_ONSET 248 78 5 crawled
1544199298559261 AUDIO_PLAYBACK_ONSET _ 78 END_OF_WAV
1544199298690631 AUDIO_PLAYBACK_DONE 78.wav
1544199298690845 CHEETAH_SIGNAL SENT_AFTER_TIME 4100.077618
1544199298725774 CHEETAH_SIGNAL SENT_AFTER_TIME 4100.112683
1544199299690631 AUDIO_PLAYBACK_ONSET 249 79 1 the
1544199299784592 AUDIO_PLAYBACK_ONSET 250 79 2 boy
1544199300009516 AUDIO_PLAYBACK_ONSET 251 79 3 collapses
1544199300963897 AUDIO_PLAYBACK_ONSET _ 79 END_OF_WAV
1544199301003129 AUDIO_PLAYBACK_DONE 79.wav
1544199300998916 CHEETAH_SIGNAL SENT_AFTER_TIME 4102.385703
1544199301033970 CHEETAH_SIGNAL SENT_AFTER_TIME 4102.420867
1544199302003129 AUDIO_PLAYBACK_ONSET 252 80 1 she
1544199302310701 AUDIO_PLAYBACK_ONSET 253 80 2 crawls
1544199303058484 AUDIO_PLAYBACK_ONSET _ 80 END_OF_WAV
1544199303221861 AUDIO_PLAYBACK_DONE 80.wav
1544199303219315 CHEETAH_SIGNAL SENT_AFTER_TIME 4104.606093
1544199303254252 CHEETAH_SIGNAL SENT_AFTER_TIME 4104.641149
1544199304221861 AUDIO_PLAYBACK_ONSET 254 81 1 the
1544199304312461 AUDIO_PLAYBACK_ONSET 255 81 2 actors
1544199304686742 AUDIO_PLAYBACK_ONSET 256 81 3 will
1544199304782507 AUDIO_PLAYBACK_ONSET 257 81 4 snore
1544199305369864 AUDIO_PLAYBACK_ONSET _ 81 END_OF_WAV
1544199305409365 AUDIO_PLAYBACK_DONE 81.wav
1544199305407169 CHEETAH_SIGNAL SENT_AFTER_TIME 4106.793921
1544199305442138 CHEETAH_SIGNAL SENT_AFTER_TIME 4106.829017
1544199306409365 AUDIO_PLAYBACK_ONSET 258 82 1 the
1544199306551892 AUDIO_PLAYBACK_ONSET 259 82 2 boy
1544199306743907 AUDIO_PLAYBACK_ONSET 260 82 3 will
1544199306880814 AUDIO_PLAYBACK_ONSET 261 82 4 sing
1544199307437055 AUDIO_PLAYBACK_ONSET _ 82 END_OF_WAV
1544199307690617 AUDIO_PLAYBACK_DONE 82.wav
1544199307687173 CHEETAH_SIGNAL SENT_AFTER_TIME 4109.073944
1544199307722875 CHEETAH_SIGNAL SENT_AFTER_TIME 4109.109751
1544199308690617 AUDIO_PLAYBACK_ONSET 262 83 1 What
1544199308826160 AUDIO_PLAYBACK_ONSET 263 83 2 will
1544199309046168 AUDIO_PLAYBACK_ONSET 264 83 3 the
1544199309219679 AUDIO_PLAYBACK_ONSET 265 83 4 girl
1544199309627941 AUDIO_PLAYBACK_ONSET 266 83 5 eat?
1544199310158682 AUDIO_PLAYBACK_ONSET _ 83 END_OF_WAV
1544199310378125 AUDIO_PLAYBACK_DONE 83.wav
1544199310379375 CHEETAH_SIGNAL SENT_AFTER_TIME 4111.766167
1544199310414366 CHEETAH_SIGNAL SENT_AFTER_TIME 4111.801209
1544199311378125 AUDIO_PLAYBACK_ONSET 267 84 1 the
1544199311527255 AUDIO_PLAYBACK_ONSET 268 84 2 girl
1544199311728864 AUDIO_PLAYBACK_ONSET 269 84 3 smiled
1544199312510100 AUDIO_PLAYBACK_ONSET _ 84 END_OF_WAV
1544199312628104 AUDIO_PLAYBACK_DONE 84.wav
1544199312624899 CHEETAH_SIGNAL SENT_AFTER_TIME 4114.011674
1544199312659832 CHEETAH_SIGNAL SENT_AFTER_TIME 4114.046750
1544199313628104 AUDIO_PLAYBACK_ONSET 270 85 1 The
1544199313729720 AUDIO_PLAYBACK_ONSET 271 85 2 cook
1544199313949162 AUDIO_PLAYBACK_ONSET 272 85 3 prepared
1544199314309479 AUDIO_PLAYBACK_ONSET 273 85 4 the
1544199314368178 AUDIO_PLAYBACK_ONSET 274 85 5 meal
1544199314874790 AUDIO_PLAYBACK_ONSET _ 85 END_OF_WAV
1544199314971849 AUDIO_PLAYBACK_DONE 85.wav
1544199314968327 CHEETAH_SIGNAL SENT_AFTER_TIME 4116.355128
1544199314879445 KEY_PRESS l
1544199315003479 CHEETAH_SIGNAL SENT_AFTER_TIME 4116.390360
1544199315971849 AUDIO_PLAYBACK_ONSET 275 86 1 What
1544199316160190 AUDIO_PLAYBACK_ONSET 276 86 2 does
1544199316385995 AUDIO_PLAYBACK_ONSET 277 86 3 the
1544199316492724 AUDIO_PLAYBACK_ONSET 278 86 4 girl
1544199316719411 AUDIO_PLAYBACK_ONSET 279 86 5 eat?
1544199317234530 AUDIO_PLAYBACK_ONSET _ 86 END_OF_WAV
1544199317284346 AUDIO_PLAYBACK_DONE 86.wav
1544199317280385 CHEETAH_SIGNAL SENT_AFTER_TIME 4118.667148
1544199315079431 KEY_PRESS l
1544199317315352 CHEETAH_SIGNAL SENT_AFTER_TIME 4118.702294
1544199318284346 AUDIO_PLAYBACK_ONSET 280 87 1 who
1544199318465908 AUDIO_PLAYBACK_ONSET 281 87 2 kicked
1544199318789473 AUDIO_PLAYBACK_ONSET 282 87 3 the
1544199318939326 AUDIO_PLAYBACK_ONSET 283 87 4 ball?
1544199319319552 AUDIO_PLAYBACK_ONSET _ 87 END_OF_WAV
1544199319393713 AUDIO_PLAYBACK_DONE 87.wav
1544199319397706 CHEETAH_SIGNAL SENT_AFTER_TIME 4120.784483
1544199319432673 CHEETAH_SIGNAL SENT_AFTER_TIME 4120.819586
1544199320393713 AUDIO_PLAYBACK_ONSET 284 88 1 he
1544199320609552 AUDIO_PLAYBACK_ONSET 285 88 2 collapses
1544199321553905 AUDIO_PLAYBACK_ONSET _ 88 END_OF_WAV
1544199321612465 AUDIO_PLAYBACK_DONE 88.wav
1544199321609702 CHEETAH_SIGNAL SENT_AFTER_TIME 4122.996524
1544199321644672 CHEETAH_SIGNAL SENT_AFTER_TIME 4123.031596
1544199322612465 AUDIO_PLAYBACK_ONSET 286 89 1 he
1544199322703394 AUDIO_PLAYBACK_ONSET 287 89 2 hears
1544199323037030 AUDIO_PLAYBACK_ONSET 288 89 3 the
1544199323113254 AUDIO_PLAYBACK_ONSET 289 89 4 men
1544199323510618 AUDIO_PLAYBACK_ONSET _ 89 END_OF_WAV
1544199323542148 AUDIO_PLAYBACK_DONE 89.wav
1544199323539865 CHEETAH_SIGNAL SENT_AFTER_TIME 4124.926667
1544199323575394 CHEETAH_SIGNAL SENT_AFTER_TIME 4124.962229
1544199324542148 AUDIO_PLAYBACK_ONSET 290 90 1 Whom
1544199324781883 AUDIO_PLAYBACK_ONSET 291 90 2 do
1544199324908982 AUDIO_PLAYBACK_ONSET 292 90 3 the
1544199324982812 AUDIO_PLAYBACK_ONSET 293 90 4 women
1544199325292148 AUDIO_PLAYBACK_ONSET 294 90 5 hug?
1544199325751947 AUDIO_PLAYBACK_ONSET _ 90 END_OF_WAV
1544199325932764 AUDIO_PLAYBACK_DONE 90.wav
1544199325933527 CHEETAH_SIGNAL SENT_AFTER_TIME 4127.320303
1544199325968544 CHEETAH_SIGNAL SENT_AFTER_TIME 4127.355443
1544199326932764 AUDIO_PLAYBACK_ONSET 295 91 1 the
1544199327079867 AUDIO_PLAYBACK_ONSET 296 91 2 girl
1544199327288764 AUDIO_PLAYBACK_ONSET 297 91 3 fell
1544199327777206 AUDIO_PLAYBACK_ONSET _ 91 END_OF_WAV
1544199327839001 AUDIO_PLAYBACK_DONE 91.wav
1544199327840503 CHEETAH_SIGNAL SENT_AFTER_TIME 4129.227271
1544199327875497 CHEETAH_SIGNAL SENT_AFTER_TIME 4129.262377
1544199328839001 AUDIO_PLAYBACK_ONSET 298 92 1 she
1544199329216621 AUDIO_PLAYBACK_ONSET 299 92 2 blooms
1544199330026418 AUDIO_PLAYBACK_ONSET _ 92 END_OF_WAV
1544199330088984 AUDIO_PLAYBACK_DONE 92.wav
1544199330086592 CHEETAH_SIGNAL SENT_AFTER_TIME 4131.473409
1544199330121367 CHEETAH_SIGNAL SENT_AFTER_TIME 4131.508257
1544199331088984 AUDIO_PLAYBACK_ONSET 300 93 1 who
1544199331212762 AUDIO_PLAYBACK_ONSET 301 93 2 smelled
1544199331598798 AUDIO_PLAYBACK_ONSET 302 93 3 the
1544199331661949 AUDIO_PLAYBACK_ONSET 303 93 4 flowers?
1544199332551156 AUDIO_PLAYBACK_ONSET _ 93 END_OF_WAV
1544199332604608 AUDIO_PLAYBACK_DONE 93.wav
1544199332603998 CHEETAH_SIGNAL SENT_AFTER_TIME 4133.990781
1544199332639065 CHEETAH_SIGNAL SENT_AFTER_TIME 4134.025957
1544199333604608 AUDIO_PLAYBACK_ONSET 304 94 1 she
1544199333950675 AUDIO_PLAYBACK_ONSET 305 94 2 kicked
1544199334261091 AUDIO_PLAYBACK_ONSET 306 94 3 the
1544199334408518 AUDIO_PLAYBACK_ONSET 307 94 4 ball
1544199334770533 AUDIO_PLAYBACK_ONSET _ 94 END_OF_WAV
1544199334823342 AUDIO_PLAYBACK_DONE 94.wav
1544199334820711 CHEETAH_SIGNAL SENT_AFTER_TIME 4136.207491
1544199334856025 CHEETAH_SIGNAL SENT_AFTER_TIME 4136.242935
1544199335823342 AUDIO_PLAYBACK_ONSET 308 95 1 he
1544199335954729 AUDIO_PLAYBACK_ONSET 309 95 2 streched
1544199336819939 AUDIO_PLAYBACK_ONSET _ 95 END_OF_WAV
1544199337096790 AUDIO_PLAYBACK_DONE 95.wav
1544199337090642 CHEETAH_SIGNAL SENT_AFTER_TIME 4138.477470
1544199337125675 CHEETAH_SIGNAL SENT_AFTER_TIME 4138.512518
1544199338096790 AUDIO_PLAYBACK_ONSET 310 96 1 the
1544199338242594 AUDIO_PLAYBACK_ONSET 311 96 2 girl
1544199338465126 AUDIO_PLAYBACK_ONSET 312 96 3 kicked
1544199338780304 AUDIO_PLAYBACK_ONSET 313 96 4 the
1544199338910190 AUDIO_PLAYBACK_ONSET 314 96 5 ball
1544199339318923 AUDIO_PLAYBACK_ONSET _ 96 END_OF_WAV
1544199339448335 AUDIO_PLAYBACK_DONE 96.wav
1544199339447589 CHEETAH_SIGNAL SENT_AFTER_TIME 4140.834361
1544199339482684 CHEETAH_SIGNAL SENT_AFTER_TIME 4140.869581
1544199340448335 AUDIO_PLAYBACK_ONSET 315 97 1 they
1544199340644350 AUDIO_PLAYBACK_ONSET 316 97 2 kissed
1544199340977483 AUDIO_PLAYBACK_ONSET 317 97 3 the
1544199341094079 AUDIO_PLAYBACK_ONSET 318 97 4 clowns
1544199341901369 AUDIO_PLAYBACK_ONSET _ 97 END_OF_WAV
1544199342100675 AUDIO_PLAYBACK_DONE 97.wav
1544199342097389 CHEETAH_SIGNAL SENT_AFTER_TIME 4143.484194
1544199342132427 CHEETAH_SIGNAL SENT_AFTER_TIME 4143.519323
1544199343100675 AUDIO_PLAYBACK_ONSET 319 98 1 the
1544199343223416 AUDIO_PLAYBACK_ONSET 320 98 2 boy
1544199343544930 AUDIO_PLAYBACK_ONSET 321 98 3 bloomed
1544199344212412 AUDIO_PLAYBACK_ONSET _ 98 END_OF_WAV
1544199344448338 AUDIO_PLAYBACK_DONE 98.wav
1544199344450144 CHEETAH_SIGNAL SENT_AFTER_TIME 4145.836920
1544199344485048 CHEETAH_SIGNAL SENT_AFTER_TIME 4145.871964
1544199345448338 AUDIO_PLAYBACK_ONSET 322 99 1 they
1544199345739070 AUDIO_PLAYBACK_ONSET 323 99 2 cough
1544199346436624 AUDIO_PLAYBACK_ONSET _ 99 END_OF_WAV
1544199346542083 AUDIO_PLAYBACK_DONE 99.wav
1544199346540477 CHEETAH_SIGNAL SENT_AFTER_TIME 4147.927304
1544199346576007 CHEETAH_SIGNAL SENT_AFTER_TIME 4147.962894
1544199347542083 AUDIO_PLAYBACK_ONSET 324 100 1 she
1544199347865816 AUDIO_PLAYBACK_ONSET 325 100 2 fell
1544199348373286 AUDIO_PLAYBACK_ONSET _ 100 END_OF_WAV
1544199348417096 AUDIO_PLAYBACK_DONE 100.wav
1544199348419566 CHEETAH_SIGNAL SENT_AFTER_TIME 4149.806350
1544199348454584 CHEETAH_SIGNAL SENT_AFTER_TIME 4149.841465
1544199349417096 AUDIO_PLAYBACK_ONSET 326 101 1 she
1544199349802439 AUDIO_PLAYBACK_ONSET 327 101 2 cries
1544199350541559 AUDIO_PLAYBACK_ONSET _ 101 END_OF_WAV
1544199350651452 AUDIO_PLAYBACK_DONE 101.wav
1544199350653919 CHEETAH_SIGNAL SENT_AFTER_TIME 4152.040701
1544199350688829 CHEETAH_SIGNAL SENT_AFTER_TIME 4152.075763
1544199351651452 AUDIO_PLAYBACK_ONSET 328 102 1 we
1544199351801959 AUDIO_PLAYBACK_ONSET 329 102 2 heard
1544199352066512 AUDIO_PLAYBACK_ONSET 330 102 3 that
1544199352174689 AUDIO_PLAYBACK_ONSET 331 102 4 she
1544199352393186 AUDIO_PLAYBACK_ONSET 332 102 5 sneezed
1544199353205051 AUDIO_PLAYBACK_ONSET _ 102 END_OF_WAV
1544199353245198 AUDIO_PLAYBACK_DONE 102.wav
1544199353238476 CHEETAH_SIGNAL SENT_AFTER_TIME 4154.625255
1544199353271599 CHEETAH_SIGNAL SENT_AFTER_TIME 4154.658529
1544199354245198 AUDIO_PLAYBACK_ONSET 333 103 1 she
1544199354532595 AUDIO_PLAYBACK_ONSET 334 103 2 scratched
1544199355590507 AUDIO_PLAYBACK_ONSET _ 103 END_OF_WAV
1544199355635833 AUDIO_PLAYBACK_DONE 103.wav
1544199355635785 CHEETAH_SIGNAL SENT_AFTER_TIME 4157.022570
1544199355670724 CHEETAH_SIGNAL SENT_AFTER_TIME 4157.057606
1544199356635833 AUDIO_PLAYBACK_ONSET 335 104 1 they
1544199356878840 AUDIO_PLAYBACK_ONSET 336 104 2 heared
1544199357159500 AUDIO_PLAYBACK_ONSET 337 104 3 that
1544199357264338 AUDIO_PLAYBACK_ONSET 338 104 4 she
1544199357462001 AUDIO_PLAYBACK_ONSET 339 104 5 laughed
1544199358235181 AUDIO_PLAYBACK_ONSET _ 104 END_OF_WAV
1544199358260825 AUDIO_PLAYBACK_DONE 104.wav
1544199358263560 CHEETAH_SIGNAL SENT_AFTER_TIME 4159.650372
1544199358299100 CHEETAH_SIGNAL SENT_AFTER_TIME 4159.685982
1544199359260825 AUDIO_PLAYBACK_ONSET 340 105 1 the
1544199359404129 AUDIO_PLAYBACK_ONSET 341 105 2 boys
1544199359706204 AUDIO_PLAYBACK_ONSET 342 105 3 winked
1544199360376483 AUDIO_PLAYBACK_ONSET _ 105 END_OF_WAV
1544199360475680 AUDIO_PLAYBACK_DONE 105.wav
1544199360476510 CHEETAH_SIGNAL SENT_AFTER_TIME 4161.863302
1544199360511460 CHEETAH_SIGNAL SENT_AFTER_TIME 4161.898337
1544199361475680 AUDIO_PLAYBACK_ONSET 343 106 1 they
1544199361788166 AUDIO_PLAYBACK_ONSET 344 106 2 vanish
1544199362626862 AUDIO_PLAYBACK_ONSET _ 106 END_OF_WAV
1544199362694411 AUDIO_PLAYBACK_DONE 106.wav
1544199362691956 CHEETAH_SIGNAL SENT_AFTER_TIME 4164.078791
1544199362726819 CHEETAH_SIGNAL SENT_AFTER_TIME 4164.113728
1544199363694411 AUDIO_PLAYBACK_ONSET 345 107 1 they
1544199363837985 AUDIO_PLAYBACK_ONSET 346 107 2 were
1544199363989751 AUDIO_PLAYBACK_ONSET 347 107 3 loved
1544199364741539 AUDIO_PLAYBACK_ONSET _ 107 END_OF_WAV
1544199364858495 AUDIO_PLAYBACK_DONE 107.wav
1544199364859171 CHEETAH_SIGNAL SENT_AFTER_TIME 4166.245960
1544199364894205 CHEETAH_SIGNAL SENT_AFTER_TIME 4166.281108
1544199365858495 AUDIO_PLAYBACK_ONSET 348 108 1 she
1544199366111396 AUDIO_PLAYBACK_ONSET 349 108 2 arrives
1544199367020164 AUDIO_PLAYBACK_ONSET _ 108 END_OF_WAV
1544199367342851 AUDIO_PLAYBACK_DONE 108.wav
1544199367342091 CHEETAH_SIGNAL SENT_AFTER_TIME 4168.728880
1544199367377266 CHEETAH_SIGNAL SENT_AFTER_TIME 4168.764161
1544199368342851 AUDIO_PLAYBACK_ONSET 350 109 1 the
1544199368510424 AUDIO_PLAYBACK_ONSET 351 109 2 boy
1544199368727026 AUDIO_PLAYBACK_ONSET 352 109 3 was
1544199368996078 AUDIO_PLAYBACK_ONSET 353 109 4 pushed
1544199369677936 AUDIO_PLAYBACK_ONSET _ 109 END_OF_WAV
1544199369788180 AUDIO_PLAYBACK_DONE 109.wav
1544199369786592 CHEETAH_SIGNAL SENT_AFTER_TIME 4171.173352
1544199369821891 CHEETAH_SIGNAL SENT_AFTER_TIME 4171.208793
1544199370788180 AUDIO_PLAYBACK_ONSET 354 110 1 The
1544199370918379 AUDIO_PLAYBACK_ONSET 355 110 2 cake
1544199371160209 AUDIO_PLAYBACK_ONSET 356 110 3 was
1544199371324860 AUDIO_PLAYBACK_ONSET 357 110 4 overcooked
1544199372279831 AUDIO_PLAYBACK_ONSET _ 110 END_OF_WAV
1544199372319454 AUDIO_PLAYBACK_DONE 110.wav
1544199372311921 CHEETAH_SIGNAL SENT_AFTER_TIME 4173.698772
1544199371959429 KEY_PRESS l
1544199372127403 KEY_PRESS l
1544199372347265 CHEETAH_SIGNAL SENT_AFTER_TIME 4173.734148
1544199373319454 AUDIO_PLAYBACK_ONSET 358 111 1 he
1544199373607499 AUDIO_PLAYBACK_ONSET 359 111 2 jumped
1544199374303230 AUDIO_PLAYBACK_ONSET _ 111 END_OF_WAV
1544199374600703 AUDIO_PLAYBACK_DONE 111.wav
1544199374597001 CHEETAH_SIGNAL SENT_AFTER_TIME 4175.983781
1544199374632370 CHEETAH_SIGNAL SENT_AFTER_TIME 4176.019266
1544199375600703 AUDIO_PLAYBACK_ONSET 360 112 1 who
1544199375754138 AUDIO_PLAYBACK_ONSET 361 112 2 appeared?
1544199376433309 AUDIO_PLAYBACK_ONSET _ 112 END_OF_WAV
1544199376538188 AUDIO_PLAYBACK_DONE 112.wav
1544199376539263 CHEETAH_SIGNAL SENT_AFTER_TIME 4177.926020
1544199376574228 CHEETAH_SIGNAL SENT_AFTER_TIME 4177.961138
1544199377538188 AUDIO_PLAYBACK_ONSET 362 113 1 What
1544199377704066 AUDIO_PLAYBACK_ONSET 363 113 2 will
1544199377850674 AUDIO_PLAYBACK_ONSET 364 113 3 the
1544199377994006 AUDIO_PLAYBACK_ONSET 365 113 4 boy
1544199378175014 AUDIO_PLAYBACK_ONSET 366 113 5 smell?
1544199378709027 AUDIO_PLAYBACK_ONSET _ 113 END_OF_WAV
1544199378756919 AUDIO_PLAYBACK_DONE 113.wav
1544199378755659 CHEETAH_SIGNAL SENT_AFTER_TIME 4180.142443
1544199378790699 CHEETAH_SIGNAL SENT_AFTER_TIME 4180.177601
1544199379756919 AUDIO_PLAYBACK_ONSET 367 114 1 she
1544199379958934 AUDIO_PLAYBACK_ONSET 368 114 2 saw
1544199380142262 AUDIO_PLAYBACK_ONSET 369 114 3 him
1544199380359602 AUDIO_PLAYBACK_ONSET 370 114 4 coming
1544199380838246 AUDIO_PLAYBACK_ONSET _ 114 END_OF_WAV
1544199380991275 AUDIO_PLAYBACK_DONE 114.wav
1544199380993868 CHEETAH_SIGNAL SENT_AFTER_TIME 4182.380641
1544199381028877 CHEETAH_SIGNAL SENT_AFTER_TIME 4182.415779
1544199381991275 AUDIO_PLAYBACK_ONSET 371 115 1 she
1544199382148886 AUDIO_PLAYBACK_ONSET 372 115 2 discovered
1544199382706786 AUDIO_PLAYBACK_ONSET 373 115 3 that
1544199382889129 AUDIO_PLAYBACK_ONSET 374 115 4 they
1544199383028000 AUDIO_PLAYBACK_ONSET 375 115 5 cough
1544199383648694 AUDIO_PLAYBACK_ONSET _ 115 END_OF_WAV
1544199383788168 AUDIO_PLAYBACK_DONE 115.wav
1544199383783328 CHEETAH_SIGNAL SENT_AFTER_TIME 4185.170172
1544199383818285 CHEETAH_SIGNAL SENT_AFTER_TIME 4185.205168
1544199384788168 AUDIO_PLAYBACK_ONSET 376 116 1 who
1544199384942067 AUDIO_PLAYBACK_ONSET 377 116 2 vanished?
1544199385781066 AUDIO_PLAYBACK_ONSET _ 116 END_OF_WAV
1544199385850664 AUDIO_PLAYBACK_DONE 116.wav
1544199385850370 CHEETAH_SIGNAL SENT_AFTER_TIME 4187.237157
1544199385885678 CHEETAH_SIGNAL SENT_AFTER_TIME 4187.272606
1544199386850664 AUDIO_PLAYBACK_ONSET 378 117 1 the
1544199386917680 AUDIO_PLAYBACK_ONSET 379 117 2 women
1544199387169946 AUDIO_PLAYBACK_ONSET 380 117 3 hug
1544199387441618 AUDIO_PLAYBACK_ONSET 381 117 4 the
1544199387501681 AUDIO_PLAYBACK_ONSET 382 117 5 friend
1544199388174390 AUDIO_PLAYBACK_ONSET _ 117 END_OF_WAV
1544199388225679 AUDIO_PLAYBACK_DONE 117.wav
1544199388221975 CHEETAH_SIGNAL SENT_AFTER_TIME 4189.608758
1544199388256945 CHEETAH_SIGNAL SENT_AFTER_TIME 4189.643827
1544199389225679 AUDIO_PLAYBACK_ONSET 383 118 1 the
1544199389308866 AUDIO_PLAYBACK_ONSET 384 118 2 woman
1544199389586079 AUDIO_PLAYBACK_ONSET 385 118 3 was
1544199389853212 AUDIO_PLAYBACK_ONSET 386 118 4 pinched
1544199390686869 AUDIO_PLAYBACK_ONSET _ 118 END_OF_WAV
1544199390725659 AUDIO_PLAYBACK_DONE 118.wav
1544199390720154 CHEETAH_SIGNAL SENT_AFTER_TIME 4192.106932
1544199390755111 CHEETAH_SIGNAL SENT_AFTER_TIME 4192.142009
1544199391725659 AUDIO_PLAYBACK_ONSET 387 119 1 she
1544199391957628 AUDIO_PLAYBACK_ONSET 388 119 2 was
1544199392192294 AUDIO_PLAYBACK_ONSET 389 119 3 kicked
1544199392862103 AUDIO_PLAYBACK_ONSET _ 119 END_OF_WAV
1544199392881899 AUDIO_PLAYBACK_DONE 119.wav
1544199392879929 CHEETAH_SIGNAL SENT_AFTER_TIME 4194.266700
1544199392914972 CHEETAH_SIGNAL SENT_AFTER_TIME 4194.301867
1544199393881899 AUDIO_PLAYBACK_ONSET 390 120 1 they
1544199394020063 AUDIO_PLAYBACK_ONSET 391 120 2 caught
1544199394179557 AUDIO_PLAYBACK_ONSET 392 120 3 him
1544199394321620 AUDIO_PLAYBACK_ONSET 393 120 4 stealing
1544199395028450 AUDIO_PLAYBACK_ONSET _ 120 END_OF_WAV
1544199395178770 AUDIO_PLAYBACK_DONE 120.wav
1544199395169670 CHEETAH_SIGNAL SENT_AFTER_TIME 4196.556448
1544199395204620 CHEETAH_SIGNAL SENT_AFTER_TIME 4196.591533
1544199396178770 AUDIO_PLAYBACK_ONSET 394 121 1 What
1544199396342538 AUDIO_PLAYBACK_ONSET 395 121 2 did
1544199396464261 AUDIO_PLAYBACK_ONSET 396 121 3 the
1544199396569560 AUDIO_PLAYBACK_ONSET 397 121 4 girls
1544199396859375 AUDIO_PLAYBACK_ONSET 398 121 5 find?
1544199397463157 AUDIO_PLAYBACK_ONSET _ 121 END_OF_WAV
1544199397616254 AUDIO_PLAYBACK_DONE 121.wav
1544199397611079 CHEETAH_SIGNAL SENT_AFTER_TIME 4198.997859
1544199397646393 CHEETAH_SIGNAL SENT_AFTER_TIME 4199.033274
1544199398616254 AUDIO_PLAYBACK_ONSET 399 122 1 the
1544199398757131 AUDIO_PLAYBACK_ONSET 400 122 2 girl
1544199399006119 AUDIO_PLAYBACK_ONSET 401 122 3 crawls
1544199399701212 AUDIO_PLAYBACK_ONSET _ 122 END_OF_WAV
1544199399803741 AUDIO_PLAYBACK_DONE 122.wav
1544199399801131 CHEETAH_SIGNAL SENT_AFTER_TIME 4201.187911
1544199399836008 CHEETAH_SIGNAL SENT_AFTER_TIME 4201.222927
1544199400803741 AUDIO_PLAYBACK_ONSET 402 123 1 Who
1544199400877410 AUDIO_PLAYBACK_ONSET 403 123 2 will
1544199400991583 AUDIO_PLAYBACK_ONSET 404 123 3 the
1544199401123188 AUDIO_PLAYBACK_ONSET 405 123 4 boys
1544199401425617 AUDIO_PLAYBACK_ONSET 406 123 5 kiss?
1544199402057493 AUDIO_PLAYBACK_ONSET _ 123 END_OF_WAV
1544199402100610 AUDIO_PLAYBACK_DONE 123.wav
1544199402102913 CHEETAH_SIGNAL SENT_AFTER_TIME 4203.489689
1544199402137869 CHEETAH_SIGNAL SENT_AFTER_TIME 4203.524761
1544199403100610 AUDIO_PLAYBACK_ONSET 407 124 1 who
1544199403208793 AUDIO_PLAYBACK_ONSET 408 124 2 disappeared?
1544199403963596 AUDIO_PLAYBACK_ONSET _ 124 END_OF_WAV
1544199404084969 AUDIO_PLAYBACK_DONE 124.wav
1544199404080398 CHEETAH_SIGNAL SENT_AFTER_TIME 4205.467156
1544199404115501 CHEETAH_SIGNAL SENT_AFTER_TIME 4205.502372
1544199405084969 AUDIO_PLAYBACK_ONSET 409 125 1 we
1544199405197264 AUDIO_PLAYBACK_ONSET 410 125 2 believed
1544199405462634 AUDIO_PLAYBACK_ONSET 411 125 3 that
1544199405589649 AUDIO_PLAYBACK_ONSET 412 125 4 he
1544199405713640 AUDIO_PLAYBACK_ONSET 413 125 5 cried
1544199406186921 AUDIO_PLAYBACK_ONSET _ 125 END_OF_WAV
1544199406209958 AUDIO_PLAYBACK_DONE 125.wav
1544199406208130 CHEETAH_SIGNAL SENT_AFTER_TIME 4207.594909
1544199406242807 CHEETAH_SIGNAL SENT_AFTER_TIME 4207.629678
1544199407209958 AUDIO_PLAYBACK_ONSET 414 126 1 the
1544199407299230 AUDIO_PLAYBACK_ONSET 415 126 2 host
1544199407601090 AUDIO_PLAYBACK_ONSET 416 126 3 will
1544199407765571 AUDIO_PLAYBACK_ONSET 417 126 4 eat
1544199408298266 AUDIO_PLAYBACK_ONSET _ 126 END_OF_WAV
1544199408600594 AUDIO_PLAYBACK_DONE 126.wav
1544199408601042 CHEETAH_SIGNAL SENT_AFTER_TIME 4209.987804
1544199408636437 CHEETAH_SIGNAL SENT_AFTER_TIME 4210.023288
1544199409600594 AUDIO_PLAYBACK_ONSET 418 127 1 the
1544199409692978 AUDIO_PLAYBACK_ONSET 419 127 2 woman
1544199409991862 AUDIO_PLAYBACK_ONSET 420 127 3 will
1544199410081448 AUDIO_PLAYBACK_ONSET 421 127 4 speak
1544199410775939 AUDIO_PLAYBACK_ONSET _ 127 END_OF_WAV
1544199410780278 AUDIO_PLAYBACK_DONE 127.wav
1544199410775278 CHEETAH_SIGNAL SENT_AFTER_TIME 4212.162044
1544199408655377 KEY_PRESS l
1544199408823437 KEY_PRESS l
1544199410810062 CHEETAH_SIGNAL SENT_AFTER_TIME 4212.197026
1544199411780278 AUDIO_PLAYBACK_ONSET 422 128 1 Whom
1544199412004783 AUDIO_PLAYBACK_ONSET 423 128 2 will
1544199412091224 AUDIO_PLAYBACK_ONSET 424 128 3 the
1544199412190896 AUDIO_PLAYBACK_ONSET 425 128 4 women
1544199412452866 AUDIO_PLAYBACK_ONSET 426 128 5 hug?
1544199412932702 AUDIO_PLAYBACK_ONSET _ 128 END_OF_WAV
1544199413092775 AUDIO_PLAYBACK_DONE 128.wav
1544199413088898 CHEETAH_SIGNAL SENT_AFTER_TIME 4214.475679
1544199413124230 CHEETAH_SIGNAL SENT_AFTER_TIME 4214.511129
1544199414092775 AUDIO_PLAYBACK_ONSET 427 129 1 who
1544199414261773 AUDIO_PLAYBACK_ONSET 428 129 2 smiles?
1544199415072248 AUDIO_PLAYBACK_ONSET _ 129 END_OF_WAV
1544199415217767 AUDIO_PLAYBACK_DONE 129.wav
1544199415216385 CHEETAH_SIGNAL SENT_AFTER_TIME 4216.603177
1544199415251346 CHEETAH_SIGNAL SENT_AFTER_TIME 4216.638229
1544199416217767 AUDIO_PLAYBACK_ONSET 429 130 1 they
1544199416434334 AUDIO_PLAYBACK_ONSET 430 130 2 coughed
1544199417194663 AUDIO_PLAYBACK_ONSET _ 130 END_OF_WAV
1544199417530260 AUDIO_PLAYBACK_DONE 130.wav
1544199417526206 CHEETAH_SIGNAL SENT_AFTER_TIME 4218.913025
1544199417561139 CHEETAH_SIGNAL SENT_AFTER_TIME 4218.948030
1544199418530260 AUDIO_PLAYBACK_ONSET 431 131 1 who
1544199418736975 AUDIO_PLAYBACK_ONSET 432 131 2 cried?
1544199419335590 AUDIO_PLAYBACK_ONSET _ 131 END_OF_WAV
1544199419405249 AUDIO_PLAYBACK_DONE 131.wav
1544199419406508 CHEETAH_SIGNAL SENT_AFTER_TIME 4220.793327
1544199419441566 CHEETAH_SIGNAL SENT_AFTER_TIME 4220.828467
1544199420405249 AUDIO_PLAYBACK_ONSET 433 132 1 the
1544199420532663 AUDIO_PLAYBACK_ONSET 434 132 2 boys
1544199420808046 AUDIO_PLAYBACK_ONSET 435 132 3 kissed
1544199421099691 AUDIO_PLAYBACK_ONSET 436 132 4 the
1544199421198352 AUDIO_PLAYBACK_ONSET 437 132 5 clowns
1544199421969207 AUDIO_PLAYBACK_ONSET _ 132 END_OF_WAV
1544199422018536 AUDIO_PLAYBACK_DONE 132.wav
1544199422012560 CHEETAH_SIGNAL SENT_AFTER_TIME 4223.399364
1544199422047594 CHEETAH_SIGNAL SENT_AFTER_TIME 4223.434526
1544199423018536 AUDIO_PLAYBACK_ONSET 438 133 1 who
1544199423109153 AUDIO_PLAYBACK_ONSET 439 133 2 found
1544199423399232 AUDIO_PLAYBACK_ONSET 440 133 3 the
1544199423510801 AUDIO_PLAYBACK_ONSET 441 133 4 bikes?
1544199424281967 AUDIO_PLAYBACK_ONSET _ 133 END_OF_WAV
1544199424346658 AUDIO_PLAYBACK_DONE 133.wav
1544199424349425 CHEETAH_SIGNAL SENT_AFTER_TIME 4225.736244
1544199424384747 CHEETAH_SIGNAL SENT_AFTER_TIME 4225.771664
1544199425346658 AUDIO_PLAYBACK_ONSET 442 134 1 who
1544199425542617 AUDIO_PLAYBACK_ONSET 443 134 2 crawled?
1544199426103116 AUDIO_PLAYBACK_ONSET _ 134 END_OF_WAV
1544199426135706 AUDIO_PLAYBACK_DONE 134.wav
1544199426130279 CHEETAH_SIGNAL SENT_AFTER_TIME 4227.517039
1544199426165243 CHEETAH_SIGNAL SENT_AFTER_TIME 4227.552145
1544199427135706 AUDIO_PLAYBACK_ONSET 444 135 1 the
1544199427280845 AUDIO_PLAYBACK_ONSET 445 135 2 boy
1544199427429846 AUDIO_PLAYBACK_ONSET 446 135 3 heard
1544199427701719 AUDIO_PLAYBACK_ONSET 447 135 4 the
1544199427741264 AUDIO_PLAYBACK_ONSET 448 135 5 men
1544199428147308 AUDIO_PLAYBACK_ONSET _ 135 END_OF_WAV
1544199428186481 AUDIO_PLAYBACK_DONE 135.wav
1544199428187105 CHEETAH_SIGNAL SENT_AFTER_TIME 4229.573878
1544199428221991 CHEETAH_SIGNAL SENT_AFTER_TIME 4229.608925
1544199429186481 AUDIO_PLAYBACK_ONSET 449 136 1 who
1544199429319637 AUDIO_PLAYBACK_ONSET 450 136 2 kissed
1544199429602207 AUDIO_PLAYBACK_ONSET 451 136 3 the
1544199429718495 AUDIO_PLAYBACK_ONSET 452 136 4 clowns?
1544199430594459 AUDIO_PLAYBACK_ONSET _ 136 END_OF_WAV
1544199430803647 AUDIO_PLAYBACK_DONE 136.wav
1544199430805046 CHEETAH_SIGNAL SENT_AFTER_TIME 4232.191825
1544199430839934 CHEETAH_SIGNAL SENT_AFTER_TIME 4232.226862
1544199431803647 AUDIO_PLAYBACK_ONSET 453 137 1 the
1544199431944613 AUDIO_PLAYBACK_ONSET 454 137 2 boys
1544199432255167 AUDIO_PLAYBACK_ONSET 455 137 3 vanished
1544199433118030 AUDIO_PLAYBACK_ONSET _ 137 END_OF_WAV
1544199433225507 AUDIO_PLAYBACK_DONE 137.wav
1544199433225621 CHEETAH_SIGNAL SENT_AFTER_TIME 4234.612455
1544199433260331 CHEETAH_SIGNAL SENT_AFTER_TIME 4234.647198
1544199434225507 AUDIO_PLAYBACK_ONSET 456 138 1 he
1544199434324576 AUDIO_PLAYBACK_ONSET 457 138 2 shaved
1544199435213969 AUDIO_PLAYBACK_ONSET _ 138 END_OF_WAV
1544199435428616 AUDIO_PLAYBACK_DONE 138.wav
1544199435431583 CHEETAH_SIGNAL SENT_AFTER_TIME 4236.818357
1544199435466967 CHEETAH_SIGNAL SENT_AFTER_TIME 4236.853891
1544199436428616 AUDIO_PLAYBACK_ONSET 458 139 1 he
1544199436509900 AUDIO_PLAYBACK_ONSET 459 139 2 saw
1544199436781037 AUDIO_PLAYBACK_ONSET 460 139 3 her
1544199436902335 AUDIO_PLAYBACK_ONSET 461 139 4 winking
1544199437500897 AUDIO_PLAYBACK_ONSET _ 139 END_OF_WAV
1544199437608296 AUDIO_PLAYBACK_DONE 139.wav
1544199437603513 CHEETAH_SIGNAL SENT_AFTER_TIME 4238.990285
1544199437638729 CHEETAH_SIGNAL SENT_AFTER_TIME 4239.025607
1544199438608296 AUDIO_PLAYBACK_ONSET 462 140 1 the
1544199438698299 AUDIO_PLAYBACK_ONSET 463 140 2 actors
1544199439014305 AUDIO_PLAYBACK_ONSET 464 140 3 were
1544199439114187 AUDIO_PLAYBACK_ONSET 465 140 4 scorned
1544199439828001 AUDIO_PLAYBACK_ONSET _ 140 END_OF_WAV
1544199439889545 AUDIO_PLAYBACK_DONE 140.wav
1544199439885937 CHEETAH_SIGNAL SENT_AFTER_TIME 4241.272725
1544199439920845 CHEETAH_SIGNAL SENT_AFTER_TIME 4241.307764
1544199440889545 AUDIO_PLAYBACK_ONSET 466 141 1 who
1544199441034503 AUDIO_PLAYBACK_ONSET 467 141 2 collapsed?
1544199441940082 AUDIO_PLAYBACK_ONSET _ 141 END_OF_WAV
1544199441959840 AUDIO_PLAYBACK_DONE 141.wav
1544199441952658 CHEETAH_SIGNAL SENT_AFTER_TIME 4243.339428
1544199441987610 CHEETAH_SIGNAL SENT_AFTER_TIME 4243.374483
1544199442959840 AUDIO_PLAYBACK_ONSET 468 142 1 he
1544199443097303 AUDIO_PLAYBACK_ONSET 469 142 2 undressed
1544199444007418 AUDIO_PLAYBACK_ONSET _ 142 END_OF_WAV
1544199444405170 AUDIO_PLAYBACK_DONE 142.wav
1544199444402374 CHEETAH_SIGNAL SENT_AFTER_TIME 4245.789157
1544199444437342 CHEETAH_SIGNAL SENT_AFTER_TIME 4245.824212
1544199445405170 AUDIO_PLAYBACK_ONSET 470 143 1 he
1544199445522690 AUDIO_PLAYBACK_ONSET 471 143 2 was
1544199445764442 AUDIO_PLAYBACK_ONSET 472 143 3 kissed
1544199446450658 AUDIO_PLAYBACK_ONSET _ 143 END_OF_WAV
1544199446522359 AUDIO_PLAYBACK_DONE 143.wav
1544199446526805 CHEETAH_SIGNAL SENT_AFTER_TIME 4247.913592
1544199446562076 CHEETAH_SIGNAL SENT_AFTER_TIME 4247.949001
1544199447522359 AUDIO_PLAYBACK_ONSET 473 144 1 the
1544199447643664 AUDIO_PLAYBACK_ONSET 474 144 2 girls
1544199447933859 AUDIO_PLAYBACK_ONSET 475 144 3 arrive
1544199448685368 AUDIO_PLAYBACK_ONSET _ 144 END_OF_WAV
1544199448834854 AUDIO_PLAYBACK_DONE 144.wav
1544199448830281 CHEETAH_SIGNAL SENT_AFTER_TIME 4250.217071
1544199448865184 CHEETAH_SIGNAL SENT_AFTER_TIME 4250.252103
1544199449834854 AUDIO_PLAYBACK_ONSET 476 145 1 he
1544199449919454 AUDIO_PLAYBACK_ONSET 477 145 2 smelled
1544199450296078 AUDIO_PLAYBACK_ONSET 478 145 3 the
1544199450356824 AUDIO_PLAYBACK_ONSET 479 145 4 flowers
1544199451197920 AUDIO_PLAYBACK_ONSET _ 145 END_OF_WAV
1544199451225470 AUDIO_PLAYBACK_DONE 145.wav
1544199451226706 CHEETAH_SIGNAL SENT_AFTER_TIME 4252.613502
1544199451261649 CHEETAH_SIGNAL SENT_AFTER_TIME 4252.648565
1544199452225470 AUDIO_PLAYBACK_ONSET 480 146 1 he
1544199452309119 AUDIO_PLAYBACK_ONSET 481 146 2 said
1544199452569702 AUDIO_PLAYBACK_ONSET 482 146 3 that
1544199452646398 AUDIO_PLAYBACK_ONSET 483 146 4 she
1544199452832132 AUDIO_PLAYBACK_ONSET 484 146 5 smiled
1544199453426298 AUDIO_PLAYBACK_ONSET _ 146 END_OF_WAV
1544199453600457 AUDIO_PLAYBACK_DONE 146.wav
1544199453597507 CHEETAH_SIGNAL SENT_AFTER_TIME 4254.984290
1544199453632373 CHEETAH_SIGNAL SENT_AFTER_TIME 4255.019266
1544199454600457 AUDIO_PLAYBACK_ONSET 485 147 1 the
1544199454737178 AUDIO_PLAYBACK_ONSET 486 147 2 boys
1544199455079605 AUDIO_PLAYBACK_ONSET 487 147 3 tickle
1544199455338469 AUDIO_PLAYBACK_ONSET 488 147 4 the
1544199455472896 AUDIO_PLAYBACK_ONSET 489 147 5 girl
1544199455923410 AUDIO_PLAYBACK_ONSET _ 147 END_OF_WAV
1544199455952001 AUDIO_PLAYBACK_DONE 147.wav
1544199455950434 CHEETAH_SIGNAL SENT_AFTER_TIME 4257.337222
1544199455985447 CHEETAH_SIGNAL SENT_AFTER_TIME 4257.372322
1544199456952001 AUDIO_PLAYBACK_ONSET 490 148 1 The
1544199457068124 AUDIO_PLAYBACK_ONSET 491 148 2 grandpa
1544199457417702 AUDIO_PLAYBACK_ONSET 492 148 3 ate
1544199457659259 AUDIO_PLAYBACK_ONSET 493 148 4 the
1544199457748567 AUDIO_PLAYBACK_ONSET 494 148 5 meal
1544199458185752 AUDIO_PLAYBACK_ONSET _ 148 END_OF_WAV
1544199458217650 AUDIO_PLAYBACK_DONE 148.wav
1544199458219278 CHEETAH_SIGNAL SENT_AFTER_TIME 4259.606056
1544199458254629 CHEETAH_SIGNAL SENT_AFTER_TIME 4259.641522
1544199459217650 AUDIO_PLAYBACK_ONSET 495 149 1 the
1544199459326070 AUDIO_PLAYBACK_ONSET 496 149 2 girl
1544199459587932 AUDIO_PLAYBACK_ONSET 497 149 3 cries
1544199460355648 AUDIO_PLAYBACK_ONSET _ 149 END_OF_WAV
1544199460373886 AUDIO_PLAYBACK_DONE 149.wav
1544199460371686 CHEETAH_SIGNAL SENT_AFTER_TIME 4261.758488
1544199458367427 KEY_PRESS l
1544199458535429 KEY_PRESS l
1544199460407125 CHEETAH_SIGNAL SENT_AFTER_TIME 4261.793988
1544199461373886 AUDIO_PLAYBACK_ONSET 498 150 1 What
1544199461507055 AUDIO_PLAYBACK_ONSET 499 150 2 did
1544199461670862 AUDIO_PLAYBACK_ONSET 500 150 3 the
1544199461789308 AUDIO_PLAYBACK_ONSET 501 150 4 boy
1544199461976636 AUDIO_PLAYBACK_ONSET 502 150 5 smell?
1544199462551223 AUDIO_PLAYBACK_ONSET _ 150 END_OF_WAV
1544199462623888 AUDIO_PLAYBACK_DONE 150.wav
1544199462620868 CHEETAH_SIGNAL SENT_AFTER_TIME 4264.007650
1544199462656270 CHEETAH_SIGNAL SENT_AFTER_TIME 4264.043139
1544199463623888 AUDIO_PLAYBACK_ONSET 503 151 1 He
1544199463730986 AUDIO_PLAYBACK_ONSET 504 151 2 heard
1544199463966620 AUDIO_PLAYBACK_ONSET 505 151 3 her
1544199464157900 AUDIO_PLAYBACK_ONSET 506 151 4 play
1544199464639564 AUDIO_PLAYBACK_ONSET _ 151 END_OF_WAV
1544199464655136 AUDIO_PLAYBACK_DONE 151.wav
1544199464655694 CHEETAH_SIGNAL SENT_AFTER_TIME 4266.042465
1544199464690273 CHEETAH_SIGNAL SENT_AFTER_TIME 4266.077183
1544199465655136 AUDIO_PLAYBACK_ONSET 507 152 1 she
1544199465989687 AUDIO_PLAYBACK_ONSET 508 152 2 dressed
1544199466615188 AUDIO_PLAYBACK_ONSET _ 152 END_OF_WAV
1544199466717654 AUDIO_PLAYBACK_DONE 152.wav
1544199466717260 CHEETAH_SIGNAL SENT_AFTER_TIME 4268.104050
