1544199983960269 CHEETAH_SIGNAL SENT_AFTER_TIME 4785.383271
1544199986411176 CHEETAH_SIGNAL SENT_AFTER_TIME 4787.834201
1544199986466944 CHEETAH_SIGNAL SENT_AFTER_TIME 4787.889882
1544199986465315 DISPLAY_INSTRUCTIONS Stimuli/instructions_audio_sentences.png
1544199999742139 KEY_PRESS space
1544199999743252 CHEETAH_SIGNAL SENT_AFTER_TIME 4801.166275
1544199999838697 CHEETAH_SIGNAL SENT_AFTER_TIME 4801.261615
1544199999836960 DISPLAY_INSTRUCTIONS OFF
1544199999886060 CHEETAH_SIGNAL SENT_AFTER_TIME 4801.309073
1544199999919537 CHEETAH_SIGNAL SENT_AFTER_TIME 4801.342533
1544199999972862 CHEETAH_SIGNAL SENT_AFTER_TIME 4801.395757
1544199999971082 DISPLAY_FIXATION
1544200003174048 CHEETAH_SIGNAL SENT_AFTER_TIME 4804.596967
1544200003237758 AUDIO_PLAYBACK_ONSET 1 8 1 he
1544200003349169 AUDIO_PLAYBACK_ONSET 2 8 2 will
1544200003511692 AUDIO_PLAYBACK_ONSET 3 8 3 sneeze
1544200004373463 AUDIO_PLAYBACK_ONSET _ 8 END_OF_WAV
1544200004417464 AUDIO_PLAYBACK_DONE 8.wav
1544200004413655 CHEETAH_SIGNAL SENT_AFTER_TIME 4805.836564
1544199999739175 KEY_PRESS space
1544199999787171 KEY_PRESS space
1544200004449385 CHEETAH_SIGNAL SENT_AFTER_TIME 4805.872440
1544200005417464 AUDIO_PLAYBACK_ONSET 4 64 1 who
1544200005573277 AUDIO_PLAYBACK_ONSET 5 64 2 remains?
1544200006395556 AUDIO_PLAYBACK_ONSET _ 64 END_OF_WAV
1544200006401842 AUDIO_PLAYBACK_DONE 64.wav
1544200006397729 CHEETAH_SIGNAL SENT_AFTER_TIME 4807.820638
1544200006432732 CHEETAH_SIGNAL SENT_AFTER_TIME 4807.855740
1544200007401842 AUDIO_PLAYBACK_ONSET 6 134 1 who
1544200007597801 AUDIO_PLAYBACK_ONSET 7 134 2 crawled?
1544200008158300 AUDIO_PLAYBACK_ONSET _ 134 END_OF_WAV
1544200008190899 AUDIO_PLAYBACK_DONE 134.wav
1544200008186684 CHEETAH_SIGNAL SENT_AFTER_TIME 4809.609589
1544200008221742 CHEETAH_SIGNAL SENT_AFTER_TIME 4809.644759
1544200009190899 AUDIO_PLAYBACK_ONSET 8 44 1 The
1544200009259154 AUDIO_PLAYBACK_ONSET 9 44 2 salad
1544200009614282 AUDIO_PLAYBACK_ONSET 10 44 3 is
1544200009787456 AUDIO_PLAYBACK_ONSET 11 44 4 tasty
1544200010363641 AUDIO_PLAYBACK_ONSET _ 44 END_OF_WAV
1544200010378403 AUDIO_PLAYBACK_DONE 44.wav
1544200010376453 CHEETAH_SIGNAL SENT_AFTER_TIME 4811.799403
1544200010163336 KEY_PRESS l
1544200010315296 KEY_PRESS l
1544200010412244 CHEETAH_SIGNAL SENT_AFTER_TIME 4811.835256
1544200011378403 AUDIO_PLAYBACK_ONSET 12 46 1 they
1544200011550867 AUDIO_PLAYBACK_ONSET 13 46 2 tickle
1544200011850764 AUDIO_PLAYBACK_ONSET 14 46 3 the
1544200012002855 AUDIO_PLAYBACK_ONSET 15 46 4 girl
1544200012421284 AUDIO_PLAYBACK_ONSET _ 46 END_OF_WAV
1544200012440905 AUDIO_PLAYBACK_DONE 46.wav
1544200012440981 CHEETAH_SIGNAL SENT_AFTER_TIME 4813.863915
1544200012475889 CHEETAH_SIGNAL SENT_AFTER_TIME 4813.898926
1544200013440905 AUDIO_PLAYBACK_ONSET 16 99 1 they
1544200013731637 AUDIO_PLAYBACK_ONSET 17 99 2 cough
1544200014429191 AUDIO_PLAYBACK_ONSET _ 99 END_OF_WAV
1544200014534648 AUDIO_PLAYBACK_DONE 99.wav
1544200014534456 CHEETAH_SIGNAL SENT_AFTER_TIME 4815.957398
1544200014569862 CHEETAH_SIGNAL SENT_AFTER_TIME 4815.992896
1544200015534648 AUDIO_PLAYBACK_ONSET 18 125 1 we
1544200015646943 AUDIO_PLAYBACK_ONSET 19 125 2 believed
1544200015912313 AUDIO_PLAYBACK_ONSET 20 125 3 that
1544200016039328 AUDIO_PLAYBACK_ONSET 21 125 4 he
1544200016163319 AUDIO_PLAYBACK_ONSET 22 125 5 cried
1544200016636600 AUDIO_PLAYBACK_ONSET _ 125 END_OF_WAV
1544200016659642 AUDIO_PLAYBACK_DONE 125.wav
1544200016659169 CHEETAH_SIGNAL SENT_AFTER_TIME 4818.082077
1544200016694064 CHEETAH_SIGNAL SENT_AFTER_TIME 4818.117108
1544200017659642 AUDIO_PLAYBACK_ONSET 23 139 1 he
1544200017740926 AUDIO_PLAYBACK_ONSET 24 139 2 saw
1544200018012063 AUDIO_PLAYBACK_ONSET 25 139 3 her
1544200018133361 AUDIO_PLAYBACK_ONSET 26 139 4 winking
1544200018731923 AUDIO_PLAYBACK_ONSET _ 139 END_OF_WAV
1544200018839327 AUDIO_PLAYBACK_DONE 139.wav
1544200018835413 CHEETAH_SIGNAL SENT_AFTER_TIME 4820.258320
1544200018870421 CHEETAH_SIGNAL SENT_AFTER_TIME 4820.293427
1544200019839327 AUDIO_PLAYBACK_ONSET 27 146 1 he
1544200019922976 AUDIO_PLAYBACK_ONSET 28 146 2 said
1544200020183559 AUDIO_PLAYBACK_ONSET 29 146 3 that
1544200020260255 AUDIO_PLAYBACK_ONSET 30 146 4 she
1544200020445989 AUDIO_PLAYBACK_ONSET 31 146 5 smiled
1544200021040155 AUDIO_PLAYBACK_ONSET _ 146 END_OF_WAV
1544200021214322 AUDIO_PLAYBACK_DONE 146.wav
1544200021212106 CHEETAH_SIGNAL SENT_AFTER_TIME 4822.635060
1544200021247087 CHEETAH_SIGNAL SENT_AFTER_TIME 4822.670121
1544200022214322 AUDIO_PLAYBACK_ONSET 32 59 1 who
1544200022382251 AUDIO_PLAYBACK_ONSET 33 59 2 arrives?
1544200023181011 AUDIO_PLAYBACK_ONSET _ 59 END_OF_WAV
1544200023518996 AUDIO_PLAYBACK_DONE 59.wav
1544200023523945 CHEETAH_SIGNAL SENT_AFTER_TIME 4824.946855
1544200023558979 CHEETAH_SIGNAL SENT_AFTER_TIME 4824.981980
1544200024518996 AUDIO_PLAYBACK_ONSET 34 121 1 What
1544200024682764 AUDIO_PLAYBACK_ONSET 35 121 2 did
1544200024804487 AUDIO_PLAYBACK_ONSET 36 121 3 the
1544200024909786 AUDIO_PLAYBACK_ONSET 37 121 4 girls
1544200025199601 AUDIO_PLAYBACK_ONSET 38 121 5 find?
1544200025803383 AUDIO_PLAYBACK_ONSET _ 121 END_OF_WAV
1544200025956482 AUDIO_PLAYBACK_DONE 121.wav
1544200025952710 CHEETAH_SIGNAL SENT_AFTER_TIME 4827.375619
1544200025988053 CHEETAH_SIGNAL SENT_AFTER_TIME 4827.411090
1544200026956482 AUDIO_PLAYBACK_ONSET 39 1 1 he
1544200027049707 AUDIO_PLAYBACK_ONSET 40 1 2 smiles
1544200027830611 AUDIO_PLAYBACK_ONSET _ 1 END_OF_WAV
1544200027831475 AUDIO_PLAYBACK_DONE 1.wav
1544200027823730 CHEETAH_SIGNAL SENT_AFTER_TIME 4829.246650
1544200027858712 CHEETAH_SIGNAL SENT_AFTER_TIME 4829.281744
1544200028831475 AUDIO_PLAYBACK_ONSET 41 144 1 the
1544200028952780 AUDIO_PLAYBACK_ONSET 42 144 2 girls
1544200029242975 AUDIO_PLAYBACK_ONSET 43 144 3 arrive
1544200029994484 AUDIO_PLAYBACK_ONSET _ 144 END_OF_WAV
1544200030143970 AUDIO_PLAYBACK_DONE 144.wav
1544200030141381 CHEETAH_SIGNAL SENT_AFTER_TIME 4831.564347
1544200030176353 CHEETAH_SIGNAL SENT_AFTER_TIME 4831.599386
1544200031143970 AUDIO_PLAYBACK_ONSET 44 60 1 the
1544200031287043 AUDIO_PLAYBACK_ONSET 45 60 2 boy
1544200031446254 AUDIO_PLAYBACK_ONSET 46 60 3 smelled
1544200031794603 AUDIO_PLAYBACK_ONSET 47 60 4 the
1544200031860442 AUDIO_PLAYBACK_ONSET 48 60 5 flowers
1544200032728321 AUDIO_PLAYBACK_ONSET _ 60 END_OF_WAV
1544200032925243 AUDIO_PLAYBACK_DONE 60.wav
1544200032928143 CHEETAH_SIGNAL SENT_AFTER_TIME 4834.351066
1544200032962702 CHEETAH_SIGNAL SENT_AFTER_TIME 4834.385695
1544200033925243 AUDIO_PLAYBACK_ONSET 49 27 1 Who
1544200034125427 AUDIO_PLAYBACK_ONSET 50 27 2 did
1544200034308011 AUDIO_PLAYBACK_ONSET 51 27 3 the
1544200034458841 AUDIO_PLAYBACK_ONSET 52 27 4 boys
1544200034826277 AUDIO_PLAYBACK_ONSET 53 27 5 kiss?
1544200035523725 AUDIO_PLAYBACK_ONSET _ 27 END_OF_WAV
1544200035612729 AUDIO_PLAYBACK_DONE 27.wav
1544200035606089 CHEETAH_SIGNAL SENT_AFTER_TIME 4837.029021
1544200035641055 CHEETAH_SIGNAL SENT_AFTER_TIME 4837.064092
1544200036612729 AUDIO_PLAYBACK_ONSET 54 93 1 who
1544200036736507 AUDIO_PLAYBACK_ONSET 55 93 2 smelled
1544200037122543 AUDIO_PLAYBACK_ONSET 56 93 3 the
1544200037185694 AUDIO_PLAYBACK_ONSET 57 93 4 flowers?
1544200038074901 AUDIO_PLAYBACK_ONSET _ 93 END_OF_WAV
1544200038128355 AUDIO_PLAYBACK_DONE 93.wav
1544200038128797 CHEETAH_SIGNAL SENT_AFTER_TIME 4839.551694
1544200038163763 CHEETAH_SIGNAL SENT_AFTER_TIME 4839.586813
1544200039128355 AUDIO_PLAYBACK_ONSET 58 122 1 the
1544200039269232 AUDIO_PLAYBACK_ONSET 59 122 2 girl
1544200039518220 AUDIO_PLAYBACK_ONSET 60 122 3 crawls
1544200040213313 AUDIO_PLAYBACK_ONSET _ 122 END_OF_WAV
1544200040315843 AUDIO_PLAYBACK_DONE 122.wav
1544200040313796 CHEETAH_SIGNAL SENT_AFTER_TIME 4841.736700
1544200040348457 CHEETAH_SIGNAL SENT_AFTER_TIME 4841.771435
1544200041315843 AUDIO_PLAYBACK_ONSET 61 138 1 he
1544200041414912 AUDIO_PLAYBACK_ONSET 62 138 2 shaved
1544200042304305 AUDIO_PLAYBACK_ONSET _ 138 END_OF_WAV
1544200042518951 AUDIO_PLAYBACK_DONE 138.wav
1544200042522299 CHEETAH_SIGNAL SENT_AFTER_TIME 4843.945205
1544200042557317 CHEETAH_SIGNAL SENT_AFTER_TIME 4843.980301
1544200043518951 AUDIO_PLAYBACK_ONSET 63 56 1 we
1544200043644068 AUDIO_PLAYBACK_ONSET 64 56 2 revealed
1544200044016358 AUDIO_PLAYBACK_ONSET 65 56 3 that
1544200044094168 AUDIO_PLAYBACK_ONSET 66 56 4 she
1544200044313233 AUDIO_PLAYBACK_ONSET 67 56 5 jumps
1544200044982398 AUDIO_PLAYBACK_ONSET _ 56 END_OF_WAV
1544200045300202 AUDIO_PLAYBACK_DONE 56.wav
1544200045302562 CHEETAH_SIGNAL SENT_AFTER_TIME 4846.725436
1544200045337627 CHEETAH_SIGNAL SENT_AFTER_TIME 4846.760666
1544200046300202 AUDIO_PLAYBACK_ONSET 68 128 1 Whom
1544200046524707 AUDIO_PLAYBACK_ONSET 69 128 2 will
1544200046611148 AUDIO_PLAYBACK_ONSET 70 128 3 the
1544200046710820 AUDIO_PLAYBACK_ONSET 71 128 4 women
1544200046972790 AUDIO_PLAYBACK_ONSET 72 128 5 hug?
1544200047452626 AUDIO_PLAYBACK_ONSET _ 128 END_OF_WAV
1544200047612703 AUDIO_PLAYBACK_DONE 128.wav
1544200047609061 CHEETAH_SIGNAL SENT_AFTER_TIME 4849.031971
1544200047643976 CHEETAH_SIGNAL SENT_AFTER_TIME 4849.066982
1544200048612703 AUDIO_PLAYBACK_ONSET 73 92 1 she
1544200048990323 AUDIO_PLAYBACK_ONSET 74 92 2 blooms
1544200049800120 AUDIO_PLAYBACK_ONSET _ 92 END_OF_WAV
1544200049862682 AUDIO_PLAYBACK_DONE 92.wav
1544200049860410 CHEETAH_SIGNAL SENT_AFTER_TIME 4851.283328
1544200049895914 CHEETAH_SIGNAL SENT_AFTER_TIME 4851.318940
1544200050862682 AUDIO_PLAYBACK_ONSET 75 71 1 who
1544200051045832 AUDIO_PLAYBACK_ONSET 76 71 2 coughed?
1544200051799175 AUDIO_PLAYBACK_ONSET _ 71 END_OF_WAV
1544200051862662 AUDIO_PLAYBACK_DONE 71.wav
1544200051864099 CHEETAH_SIGNAL SENT_AFTER_TIME 4853.287021
1544200051899052 CHEETAH_SIGNAL SENT_AFTER_TIME 4853.322083
1544200052862662 AUDIO_PLAYBACK_ONSET 77 6 1 Whom
1544200053025483 AUDIO_PLAYBACK_ONSET 78 6 2 did
1544200053180451 AUDIO_PLAYBACK_ONSET 79 6 3 the
1544200053309866 AUDIO_PLAYBACK_ONSET 80 6 4 boy
1544200053520885 AUDIO_PLAYBACK_ONSET 81 6 5 hear?
1544200054003099 AUDIO_PLAYBACK_ONSET _ 6 END_OF_WAV
1544200054089218 AUDIO_PLAYBACK_DONE 6.wav
1544200054090060 CHEETAH_SIGNAL SENT_AFTER_TIME 4855.512971
1544200054125046 CHEETAH_SIGNAL SENT_AFTER_TIME 4855.548054
1544200055089218 AUDIO_PLAYBACK_ONSET 82 104 1 they
1544200055332225 AUDIO_PLAYBACK_ONSET 83 104 2 heared
1544200055612885 AUDIO_PLAYBACK_ONSET 84 104 3 that
1544200055717723 AUDIO_PLAYBACK_ONSET 85 104 4 she
1544200055915386 AUDIO_PLAYBACK_ONSET 86 104 5 laughed
1544200056688566 AUDIO_PLAYBACK_ONSET _ 104 END_OF_WAV
1544200056714213 AUDIO_PLAYBACK_DONE 104.wav
1544200056718603 CHEETAH_SIGNAL SENT_AFTER_TIME 4858.141513
1544200056753552 CHEETAH_SIGNAL SENT_AFTER_TIME 4858.176551
1544200057714213 AUDIO_PLAYBACK_ONSET 87 131 1 who
1544200057920928 AUDIO_PLAYBACK_ONSET 88 131 2 cried?
1544200058519543 AUDIO_PLAYBACK_ONSET _ 131 END_OF_WAV
1544200058589204 AUDIO_PLAYBACK_DONE 131.wav
1544200058580852 CHEETAH_SIGNAL SENT_AFTER_TIME 4860.003818
1544200058615805 CHEETAH_SIGNAL SENT_AFTER_TIME 4860.038835
1544200059589204 AUDIO_PLAYBACK_ONSET 89 12 1 who
1544200059837303 AUDIO_PLAYBACK_ONSET 90 12 2 jumped?
1544200060603739 AUDIO_PLAYBACK_ONSET _ 12 END_OF_WAV
1544200060995445 AUDIO_PLAYBACK_DONE 12.wav
1544200060991674 CHEETAH_SIGNAL SENT_AFTER_TIME 4862.414567
1544200061027167 CHEETAH_SIGNAL SENT_AFTER_TIME 4862.450159
1544200061995445 AUDIO_PLAYBACK_ONSET 91 35 1 she
1544200062386616 AUDIO_PLAYBACK_ONSET 92 35 2 disappears
1544200063477632 AUDIO_PLAYBACK_ONSET _ 35 END_OF_WAV
1544200063557966 AUDIO_PLAYBACK_DONE 35.wav
1544200063561575 CHEETAH_SIGNAL SENT_AFTER_TIME 4864.984504
1544200063596468 CHEETAH_SIGNAL SENT_AFTER_TIME 4865.019491
1544200064557966 AUDIO_PLAYBACK_ONSET 93 41 1 the
1544200064716666 AUDIO_PLAYBACK_ONSET 94 41 2 boy
1544200064904605 AUDIO_PLAYBACK_ONSET 95 41 3 sneezes
1544200065781657 AUDIO_PLAYBACK_ONSET _ 41 END_OF_WAV
1544200065784522 AUDIO_PLAYBACK_DONE 41.wav
1544200065775683 CHEETAH_SIGNAL SENT_AFTER_TIME 4867.198598
1544200065810659 CHEETAH_SIGNAL SENT_AFTER_TIME 4867.233684
1544200066784522 AUDIO_PLAYBACK_ONSET 96 148 1 The
1544200066900645 AUDIO_PLAYBACK_ONSET 97 148 2 grandpa
1544200067250223 AUDIO_PLAYBACK_ONSET 98 148 3 ate
1544200067491780 AUDIO_PLAYBACK_ONSET 99 148 4 the
1544200067581088 AUDIO_PLAYBACK_ONSET 100 148 5 meal
1544200068018273 AUDIO_PLAYBACK_ONSET _ 148 END_OF_WAV
1544200068050149 AUDIO_PLAYBACK_DONE 148.wav
1544200068044185 CHEETAH_SIGNAL SENT_AFTER_TIME 4869.467094
1544200068079086 CHEETAH_SIGNAL SENT_AFTER_TIME 4869.502115
1544200069050149 AUDIO_PLAYBACK_ONSET 101 14 1 the
1544200069230331 AUDIO_PLAYBACK_ONSET 102 14 2 boy
1544200069449772 AUDIO_PLAYBACK_ONSET 103 14 3 remains
1544200070332957 AUDIO_PLAYBACK_ONSET _ 14 END_OF_WAV
1544200070393891 AUDIO_PLAYBACK_DONE 14.wav
1544200070390717 CHEETAH_SIGNAL SENT_AFTER_TIME 4871.813669
1544200068283308 KEY_PRESS l
1544200068451297 KEY_PRESS l
1544200070426115 CHEETAH_SIGNAL SENT_AFTER_TIME 4871.849147
1544200071393891 AUDIO_PLAYBACK_ONSET 104 25 1 they
1544200071686752 AUDIO_PLAYBACK_ONSET 105 25 2 hug
1544200071973038 AUDIO_PLAYBACK_ONSET 106 25 3 the
1544200072074851 AUDIO_PLAYBACK_ONSET 107 25 4 friend
1544200072680689 AUDIO_PLAYBACK_ONSET _ 25 END_OF_WAV
1544200072893873 AUDIO_PLAYBACK_DONE 25.wav
1544200072889046 CHEETAH_SIGNAL SENT_AFTER_TIME 4874.311943
1544200072924000 CHEETAH_SIGNAL SENT_AFTER_TIME 4874.347036
1544200073893873 AUDIO_PLAYBACK_ONSET 108 40 1 he
1544200074232496 AUDIO_PLAYBACK_ONSET 109 40 2 cried
1544200074969593 AUDIO_PLAYBACK_ONSET _ 40 END_OF_WAV
1544200075331359 AUDIO_PLAYBACK_DONE 40.wav
1544200075326548 CHEETAH_SIGNAL SENT_AFTER_TIME 4876.749457
1544200075361521 CHEETAH_SIGNAL SENT_AFTER_TIME 4876.784578
1544200076331359 AUDIO_PLAYBACK_ONSET 110 136 1 who
1544200076464515 AUDIO_PLAYBACK_ONSET 111 136 2 kissed
1544200076747085 AUDIO_PLAYBACK_ONSET 112 136 3 the
1544200076863373 AUDIO_PLAYBACK_ONSET 113 136 4 clowns?
1544200077739337 AUDIO_PLAYBACK_ONSET _ 136 END_OF_WAV
1544200077948529 AUDIO_PLAYBACK_DONE 136.wav
1544200077950273 CHEETAH_SIGNAL SENT_AFTER_TIME 4879.373211
1544200077985667 CHEETAH_SIGNAL SENT_AFTER_TIME 4879.408664
1544200078948529 AUDIO_PLAYBACK_ONSET 114 73 1 she
1544200079166769 AUDIO_PLAYBACK_ONSET 115 73 2 heard
1544200079398538 AUDIO_PLAYBACK_ONSET 116 73 3 them
1544200079586383 AUDIO_PLAYBACK_ONSET 117 73 4 crying
1544200080113470 AUDIO_PLAYBACK_ONSET _ 73 END_OF_WAV
1544200080339144 AUDIO_PLAYBACK_DONE 73.wav
1544200080340733 CHEETAH_SIGNAL SENT_AFTER_TIME 4881.763612
1544200080375701 CHEETAH_SIGNAL SENT_AFTER_TIME 4881.798711
1544200081339144 AUDIO_PLAYBACK_ONSET 118 76 1 the
1544200081472798 AUDIO_PLAYBACK_ONSET 119 76 2 girl
1544200081699485 AUDIO_PLAYBACK_ONSET 120 76 3 disappears
1544200082650338 AUDIO_PLAYBACK_ONSET _ 76 END_OF_WAV
1544200082651663 AUDIO_PLAYBACK_DONE 76.wav
1544200082648763 CHEETAH_SIGNAL SENT_AFTER_TIME 4884.071672
1544200082683558 CHEETAH_SIGNAL SENT_AFTER_TIME 4884.106598
1544200083651663 AUDIO_PLAYBACK_ONSET 121 86 1 What
1544200083840004 AUDIO_PLAYBACK_ONSET 122 86 2 does
1544200084065809 AUDIO_PLAYBACK_ONSET 123 86 3 the
1544200084172538 AUDIO_PLAYBACK_ONSET 124 86 4 girl
1544200084399225 AUDIO_PLAYBACK_ONSET 125 86 5 eat?
1544200084914344 AUDIO_PLAYBACK_ONSET _ 86 END_OF_WAV
1544200084964159 AUDIO_PLAYBACK_DONE 86.wav
1544200084962245 CHEETAH_SIGNAL SENT_AFTER_TIME 4886.385189
1544200084997268 CHEETAH_SIGNAL SENT_AFTER_TIME 4886.420274
1544200085964159 AUDIO_PLAYBACK_ONSET 126 57 1 who
1544200086143777 AUDIO_PLAYBACK_ONSET 127 57 2 eats
1544200086358627 AUDIO_PLAYBACK_ONSET 128 57 3 the
1544200086425820 AUDIO_PLAYBACK_ONSET 129 57 4 salad?
1544200087046315 AUDIO_PLAYBACK_ONSET _ 57 END_OF_WAV
1544200087198517 AUDIO_PLAYBACK_DONE 57.wav
1544200087191699 CHEETAH_SIGNAL SENT_AFTER_TIME 4888.614700
1544200085163268 KEY_PRESS l
1544200085339296 KEY_PRESS l
1544200087003297 KEY_PRESS l
1544200087211290 KEY_PRESS l
1544200087228072 CHEETAH_SIGNAL SENT_AFTER_TIME 4888.651088
1544200088198517 AUDIO_PLAYBACK_ONSET 130 23 1 they
1544200088476257 AUDIO_PLAYBACK_ONSET 131 23 2 saw
1544200088803873 AUDIO_PLAYBACK_ONSET 132 23 3 him
1544200089038749 AUDIO_PLAYBACK_ONSET 133 23 4 dance
1544200089699021 AUDIO_PLAYBACK_ONSET _ 23 END_OF_WAV
1544200089698496 AUDIO_PLAYBACK_DONE 23.wav
1544200089693092 CHEETAH_SIGNAL SENT_AFTER_TIME 4891.116006
1544200089727669 CHEETAH_SIGNAL SENT_AFTER_TIME 4891.150685
1544200090698496 AUDIO_PLAYBACK_ONSET 134 39 1 she
1544200091200658 AUDIO_PLAYBACK_ONSET 135 39 2 excercised
1544200092368745 AUDIO_PLAYBACK_ONSET _ 39 END_OF_WAV
1544200092573489 AUDIO_PLAYBACK_DONE 39.wav
1544200092574070 CHEETAH_SIGNAL SENT_AFTER_TIME 4893.996964
1544200092609066 CHEETAH_SIGNAL SENT_AFTER_TIME 4894.032083
1544200093573489 AUDIO_PLAYBACK_ONSET 136 52 1 he
1544200093717578 AUDIO_PLAYBACK_ONSET 137 52 2 disappeared
1544200094496294 AUDIO_PLAYBACK_ONSET _ 52 END_OF_WAV
1544200094823472 AUDIO_PLAYBACK_DONE 52.wav
1544200094822520 CHEETAH_SIGNAL SENT_AFTER_TIME 4896.245433
1544200094857521 CHEETAH_SIGNAL SENT_AFTER_TIME 4896.280559
1544200095823472 AUDIO_PLAYBACK_ONSET 138 42 1 they
1544200096039900 AUDIO_PLAYBACK_ONSET 139 42 2 winked
1544200096750115 AUDIO_PLAYBACK_ONSET _ 42 END_OF_WAV
1544200096979709 AUDIO_PLAYBACK_DONE 42.wav
1544200096978983 CHEETAH_SIGNAL SENT_AFTER_TIME 4898.401892
1544200097013509 CHEETAH_SIGNAL SENT_AFTER_TIME 4898.436504
1544200097979709 AUDIO_PLAYBACK_ONSET 140 145 1 he
1544200098064309 AUDIO_PLAYBACK_ONSET 141 145 2 smelled
1544200098440933 AUDIO_PLAYBACK_ONSET 142 145 3 the
1544200098501679 AUDIO_PLAYBACK_ONSET 143 145 4 flowers
1544200099342775 AUDIO_PLAYBACK_ONSET _ 145 END_OF_WAV
1544200099370325 AUDIO_PLAYBACK_DONE 145.wav
1544200099371294 CHEETAH_SIGNAL SENT_AFTER_TIME 4900.794218
1544200099406636 CHEETAH_SIGNAL SENT_AFTER_TIME 4900.829660
1544200100370325 AUDIO_PLAYBACK_ONSET 144 109 1 the
1544200100537898 AUDIO_PLAYBACK_ONSET 145 109 2 boy
1544200100754500 AUDIO_PLAYBACK_ONSET 146 109 3 was
1544200101023552 AUDIO_PLAYBACK_ONSET 147 109 4 pushed
1544200101705410 AUDIO_PLAYBACK_ONSET _ 109 END_OF_WAV
1544200101815634 AUDIO_PLAYBACK_DONE 109.wav
1544200101813963 CHEETAH_SIGNAL SENT_AFTER_TIME 4903.236865
1544200101848908 CHEETAH_SIGNAL SENT_AFTER_TIME 4903.271942
1544200102815634 AUDIO_PLAYBACK_ONSET 148 96 1 the
1544200102961438 AUDIO_PLAYBACK_ONSET 149 96 2 girl
1544200103183970 AUDIO_PLAYBACK_ONSET 150 96 3 kicked
1544200103499148 AUDIO_PLAYBACK_ONSET 151 96 4 the
1544200103629034 AUDIO_PLAYBACK_ONSET 152 96 5 ball
1544200104037767 AUDIO_PLAYBACK_ONSET _ 96 END_OF_WAV
1544200104167179 AUDIO_PLAYBACK_DONE 96.wav
1544200104166440 CHEETAH_SIGNAL SENT_AFTER_TIME 4905.589354
1544200104201410 CHEETAH_SIGNAL SENT_AFTER_TIME 4905.624435
1544200105167179 AUDIO_PLAYBACK_ONSET 153 129 1 who
1544200105336177 AUDIO_PLAYBACK_ONSET 154 129 2 smiles?
1544200106146652 AUDIO_PLAYBACK_ONSET _ 129 END_OF_WAV
1544200106292192 AUDIO_PLAYBACK_DONE 129.wav
1544200106290768 CHEETAH_SIGNAL SENT_AFTER_TIME 4907.713684
1544200106325774 CHEETAH_SIGNAL SENT_AFTER_TIME 4907.748779
1544200107292192 AUDIO_PLAYBACK_ONSET 155 33 1 who
1544200107549389 AUDIO_PLAYBACK_ONSET 156 33 2 falls?
1544200108396416 AUDIO_PLAYBACK_ONSET _ 33 END_OF_WAV
1544200108432804 AUDIO_PLAYBACK_DONE 33.wav
1544200108426962 CHEETAH_SIGNAL SENT_AFTER_TIME 4909.849871
1544200108462029 CHEETAH_SIGNAL SENT_AFTER_TIME 4909.885044
1544200109432804 AUDIO_PLAYBACK_ONSET 157 38 1 who
1544200109679518 AUDIO_PLAYBACK_ONSET 158 38 2 sneezes?
1544200110698144 AUDIO_PLAYBACK_ONSET _ 38 END_OF_WAV
1544200110714076 AUDIO_PLAYBACK_DONE 38.wav
1544200110710930 CHEETAH_SIGNAL SENT_AFTER_TIME 4912.133830
1544200110746244 CHEETAH_SIGNAL SENT_AFTER_TIME 4912.169293
1544200111714076 AUDIO_PLAYBACK_ONSET 159 87 1 who
1544200111895638 AUDIO_PLAYBACK_ONSET 160 87 2 kicked
1544200112219203 AUDIO_PLAYBACK_ONSET 161 87 3 the
1544200112369056 AUDIO_PLAYBACK_ONSET 162 87 4 ball?
1544200112749282 AUDIO_PLAYBACK_ONSET _ 87 END_OF_WAV
1544200112823443 AUDIO_PLAYBACK_DONE 87.wav
1544200112817859 CHEETAH_SIGNAL SENT_AFTER_TIME 4914.240767
1544200112852839 CHEETAH_SIGNAL SENT_AFTER_TIME 4914.275844
1544200113823443 AUDIO_PLAYBACK_ONSET 163 108 1 she
1544200114076344 AUDIO_PLAYBACK_ONSET 164 108 2 arrives
1544200114985112 AUDIO_PLAYBACK_ONSET _ 108 END_OF_WAV
1544200115307803 AUDIO_PLAYBACK_DONE 108.wav
1544200115307496 CHEETAH_SIGNAL SENT_AFTER_TIME 4916.730446
1544200115342535 CHEETAH_SIGNAL SENT_AFTER_TIME 4916.765559
1544200116307803 AUDIO_PLAYBACK_ONSET 165 80 1 she
1544200116615375 AUDIO_PLAYBACK_ONSET 166 80 2 crawls
1544200117363158 AUDIO_PLAYBACK_ONSET _ 80 END_OF_WAV
1544200117526536 AUDIO_PLAYBACK_DONE 80.wav
1544200117524830 CHEETAH_SIGNAL SENT_AFTER_TIME 4918.947786
1544200117559917 CHEETAH_SIGNAL SENT_AFTER_TIME 4918.982947
1544200118526536 AUDIO_PLAYBACK_ONSET 167 48 1 she
1544200118741163 AUDIO_PLAYBACK_ONSET 168 48 2 collapsed
1544200119643684 AUDIO_PLAYBACK_ONSET _ 48 END_OF_WAV
1544200119698399 AUDIO_PLAYBACK_DONE 48.wav
1544200119692253 CHEETAH_SIGNAL SENT_AFTER_TIME 4921.115176
1544200119727385 CHEETAH_SIGNAL SENT_AFTER_TIME 4921.150366
1544200120698399 AUDIO_PLAYBACK_ONSET 169 7 1 he
1544200120856088 AUDIO_PLAYBACK_ONSET 170 7 2 arrived
1544200121690360 AUDIO_PLAYBACK_ONSET _ 7 END_OF_WAV
1544200121792165 AUDIO_PLAYBACK_DONE 7.wav
1544200121792187 CHEETAH_SIGNAL SENT_AFTER_TIME 4923.215104
1544200121827582 CHEETAH_SIGNAL SENT_AFTER_TIME 4923.250595
1544200122792165 AUDIO_PLAYBACK_ONSET 171 28 1 the
1544200122902569 AUDIO_PLAYBACK_ONSET 172 28 2 host
1544200123265467 AUDIO_PLAYBACK_ONSET 173 28 3 was
1544200123436835 AUDIO_PLAYBACK_ONSET 174 28 4 warned
1544200124163639 AUDIO_PLAYBACK_ONSET _ 28 END_OF_WAV
1544200124292144 AUDIO_PLAYBACK_DONE 28.wav
1544200124286249 CHEETAH_SIGNAL SENT_AFTER_TIME 4925.709172
1544200124321317 CHEETAH_SIGNAL SENT_AFTER_TIME 4925.744331
1544200125292144 AUDIO_PLAYBACK_ONSET 175 13 1 she
1544200125561665 AUDIO_PLAYBACK_ONSET 176 13 2 sliced
1544200126005254 AUDIO_PLAYBACK_ONSET 177 13 3 the
1544200126082076 AUDIO_PLAYBACK_ONSET 178 13 4 mushrooms
1544200127015098 AUDIO_PLAYBACK_ONSET _ 13 END_OF_WAV
1544200127135888 AUDIO_PLAYBACK_DONE 13.wav
1544200127136830 CHEETAH_SIGNAL SENT_AFTER_TIME 4928.559731
1544200126699348 KEY_PRESS l
1544200126947298 KEY_PRESS l
1544200127172635 CHEETAH_SIGNAL SENT_AFTER_TIME 4928.595667
1544200128135888 AUDIO_PLAYBACK_ONSET 179 94 1 she
1544200128481955 AUDIO_PLAYBACK_ONSET 180 94 2 kicked
1544200128792371 AUDIO_PLAYBACK_ONSET 181 94 3 the
1544200128939798 AUDIO_PLAYBACK_ONSET 182 94 4 ball
1544200129301813 AUDIO_PLAYBACK_ONSET _ 94 END_OF_WAV
1544200129354621 AUDIO_PLAYBACK_DONE 94.wav
1544200129353355 CHEETAH_SIGNAL SENT_AFTER_TIME 4930.776324
1544200129388424 CHEETAH_SIGNAL SENT_AFTER_TIME 4930.811463
1544200130354621 AUDIO_PLAYBACK_ONSET 183 142 1 he
1544200130492084 AUDIO_PLAYBACK_ONSET 184 142 2 undressed
1544200131402199 AUDIO_PLAYBACK_ONSET _ 142 END_OF_WAV
1544200131799930 AUDIO_PLAYBACK_DONE 142.wav
1544200131797310 CHEETAH_SIGNAL SENT_AFTER_TIME 4933.220221
1544200131832279 CHEETAH_SIGNAL SENT_AFTER_TIME 4933.255278
1544200132799930 AUDIO_PLAYBACK_ONSET 185 135 1 the
1544200132945069 AUDIO_PLAYBACK_ONSET 186 135 2 boy
1544200133094070 AUDIO_PLAYBACK_ONSET 187 135 3 heard
1544200133365943 AUDIO_PLAYBACK_ONSET 188 135 4 the
1544200133405488 AUDIO_PLAYBACK_ONSET 189 135 5 men
1544200133811532 AUDIO_PLAYBACK_ONSET _ 135 END_OF_WAV
1544200133850725 AUDIO_PLAYBACK_DONE 135.wav
1544200133851940 CHEETAH_SIGNAL SENT_AFTER_TIME 4935.274857
1544200133886920 CHEETAH_SIGNAL SENT_AFTER_TIME 4935.309947
1544200134850725 AUDIO_PLAYBACK_ONSET 190 79 1 the
1544200134944686 AUDIO_PLAYBACK_ONSET 191 79 2 boy
1544200135169610 AUDIO_PLAYBACK_ONSET 192 79 3 collapses
1544200136123991 AUDIO_PLAYBACK_ONSET _ 79 END_OF_WAV
1544200136163221 AUDIO_PLAYBACK_DONE 79.wav
1544200136159483 CHEETAH_SIGNAL SENT_AFTER_TIME 4937.582400
1544200136194498 CHEETAH_SIGNAL SENT_AFTER_TIME 4937.617534
1544200137163221 AUDIO_PLAYBACK_ONSET 193 78 1 she
1544200137394009 AUDIO_PLAYBACK_ONSET 194 78 2 saw
1544200137631941 AUDIO_PLAYBACK_ONSET 195 78 3 that
1544200137798207 AUDIO_PLAYBACK_ONSET 196 78 4 he
1544200137932940 AUDIO_PLAYBACK_ONSET 197 78 5 crawled
1544200138453715 AUDIO_PLAYBACK_ONSET _ 78 END_OF_WAV
1544200138585085 AUDIO_PLAYBACK_DONE 78.wav
1544200138586005 CHEETAH_SIGNAL SENT_AFTER_TIME 4940.008911
1544200138621332 CHEETAH_SIGNAL SENT_AFTER_TIME 4940.044368
1544200139585085 AUDIO_PLAYBACK_ONSET 198 111 1 he
1544200139873130 AUDIO_PLAYBACK_ONSET 199 111 2 jumped
1544200140568861 AUDIO_PLAYBACK_ONSET _ 111 END_OF_WAV
1544200140866336 AUDIO_PLAYBACK_DONE 111.wav
1544200140864364 CHEETAH_SIGNAL SENT_AFTER_TIME 4942.287283
1544200140899332 CHEETAH_SIGNAL SENT_AFTER_TIME 4942.322346
1544200141866336 AUDIO_PLAYBACK_ONSET 200 91 1 the
1544200142013439 AUDIO_PLAYBACK_ONSET 201 91 2 girl
1544200142222336 AUDIO_PLAYBACK_ONSET 202 91 3 fell
1544200142710778 AUDIO_PLAYBACK_ONSET _ 91 END_OF_WAV
1544200142772574 AUDIO_PLAYBACK_DONE 91.wav
1544200142773637 CHEETAH_SIGNAL SENT_AFTER_TIME 4944.196544
1544200142808597 CHEETAH_SIGNAL SENT_AFTER_TIME 4944.231603
1544200143772574 AUDIO_PLAYBACK_ONSET 203 150 1 What
1544200143905743 AUDIO_PLAYBACK_ONSET 204 150 2 did
1544200144069550 AUDIO_PLAYBACK_ONSET 205 150 3 the
1544200144187996 AUDIO_PLAYBACK_ONSET 206 150 4 boy
1544200144375324 AUDIO_PLAYBACK_ONSET 207 150 5 smell?
1544200144949911 AUDIO_PLAYBACK_ONSET _ 150 END_OF_WAV
1544200145022576 AUDIO_PLAYBACK_DONE 150.wav
1544200145021560 CHEETAH_SIGNAL SENT_AFTER_TIME 4946.444527
1544200145056487 CHEETAH_SIGNAL SENT_AFTER_TIME 4946.479544
1544200146022576 AUDIO_PLAYBACK_ONSET 208 2 1 who
1544200146141565 AUDIO_PLAYBACK_ONSET 209 2 2 hugs
1544200146433963 AUDIO_PLAYBACK_ONSET 210 2 3 the
1544200146515185 AUDIO_PLAYBACK_ONSET 211 2 4 friend?
1544200147054116 AUDIO_PLAYBACK_ONSET _ 2 END_OF_WAV
1544200147444437 AUDIO_PLAYBACK_DONE 2.wav
1544200147445410 CHEETAH_SIGNAL SENT_AFTER_TIME 4948.868313
1544200147479960 CHEETAH_SIGNAL SENT_AFTER_TIME 4948.903004
1544200148444437 AUDIO_PLAYBACK_ONSET 212 117 1 the
1544200148511453 AUDIO_PLAYBACK_ONSET 213 117 2 women
1544200148763719 AUDIO_PLAYBACK_ONSET 214 117 3 hug
1544200149035391 AUDIO_PLAYBACK_ONSET 215 117 4 the
1544200149095454 AUDIO_PLAYBACK_ONSET 216 117 5 friend
1544200149768163 AUDIO_PLAYBACK_ONSET _ 117 END_OF_WAV
1544200149819451 AUDIO_PLAYBACK_DONE 117.wav
1544200149815566 CHEETAH_SIGNAL SENT_AFTER_TIME 4951.238481
1544200149851045 CHEETAH_SIGNAL SENT_AFTER_TIME 4951.274071
1544200150819451 AUDIO_PLAYBACK_ONSET 217 120 1 they
1544200150957615 AUDIO_PLAYBACK_ONSET 218 120 2 caught
1544200151117109 AUDIO_PLAYBACK_ONSET 219 120 3 him
1544200151259172 AUDIO_PLAYBACK_ONSET 220 120 4 stealing
1544200151966002 AUDIO_PLAYBACK_ONSET _ 120 END_OF_WAV
1544200152116324 AUDIO_PLAYBACK_DONE 120.wav
1544200152118541 CHEETAH_SIGNAL SENT_AFTER_TIME 4953.541438
1544200152153515 CHEETAH_SIGNAL SENT_AFTER_TIME 4953.576546
1544200153116324 AUDIO_PLAYBACK_ONSET 221 83 1 What
1544200153251867 AUDIO_PLAYBACK_ONSET 222 83 2 will
1544200153471875 AUDIO_PLAYBACK_ONSET 223 83 3 the
1544200153645386 AUDIO_PLAYBACK_ONSET 224 83 4 girl
1544200154053648 AUDIO_PLAYBACK_ONSET 225 83 5 eat?
1544200154584389 AUDIO_PLAYBACK_ONSET _ 83 END_OF_WAV
1544200154803812 AUDIO_PLAYBACK_DONE 83.wav
1544200154795739 CHEETAH_SIGNAL SENT_AFTER_TIME 4956.218653
1544200154830729 CHEETAH_SIGNAL SENT_AFTER_TIME 4956.253761
1544200155803812 AUDIO_PLAYBACK_ONSET 226 147 1 the
1544200155940533 AUDIO_PLAYBACK_ONSET 227 147 2 boys
1544200156282960 AUDIO_PLAYBACK_ONSET 228 147 3 tickle
1544200156541824 AUDIO_PLAYBACK_ONSET 229 147 4 the
1544200156676251 AUDIO_PLAYBACK_ONSET 230 147 5 girl
1544200157126765 AUDIO_PLAYBACK_ONSET _ 147 END_OF_WAV
1544200157155357 AUDIO_PLAYBACK_DONE 147.wav
1544200157155257 CHEETAH_SIGNAL SENT_AFTER_TIME 4958.578177
1544200157190273 CHEETAH_SIGNAL SENT_AFTER_TIME 4958.613281
1544200158155357 AUDIO_PLAYBACK_ONSET 231 30 1 Whom
1544200158415960 AUDIO_PLAYBACK_ONSET 232 30 2 will
1544200158623619 AUDIO_PLAYBACK_ONSET 233 30 3 the
1544200158781882 AUDIO_PLAYBACK_ONSET 234 30 4 boy
1544200159010709 AUDIO_PLAYBACK_ONSET 235 30 5 hear?
1544200159624611 AUDIO_PLAYBACK_ONSET _ 30 END_OF_WAV
1544200159655336 AUDIO_PLAYBACK_DONE 30.wav
1544200159650286 CHEETAH_SIGNAL SENT_AFTER_TIME 4961.073163
1544200159685294 CHEETAH_SIGNAL SENT_AFTER_TIME 4961.108265
1544200160655336 AUDIO_PLAYBACK_ONSET 236 112 1 who
1544200160808771 AUDIO_PLAYBACK_ONSET 237 112 2 appeared?
1544200161487942 AUDIO_PLAYBACK_ONSET _ 112 END_OF_WAV
1544200161592823 AUDIO_PLAYBACK_DONE 112.wav
1544200161594744 CHEETAH_SIGNAL SENT_AFTER_TIME 4963.017661
1544200161629570 CHEETAH_SIGNAL SENT_AFTER_TIME 4963.052622
1544200162592823 AUDIO_PLAYBACK_ONSET 238 61 1 who
1544200162803024 AUDIO_PLAYBACK_ONSET 239 61 2 tickles
1544200163210276 AUDIO_PLAYBACK_ONSET 240 61 3 the
1544200163331242 AUDIO_PLAYBACK_ONSET 241 61 4 girl?
1544200163806033 AUDIO_PLAYBACK_ONSET _ 61 END_OF_WAV
1544200164092803 AUDIO_PLAYBACK_DONE 61.wav
1544200164087772 CHEETAH_SIGNAL SENT_AFTER_TIME 4965.510680
1544200164122738 CHEETAH_SIGNAL SENT_AFTER_TIME 4965.545780
1544200165092803 AUDIO_PLAYBACK_ONSET 242 116 1 who
1544200165246702 AUDIO_PLAYBACK_ONSET 243 116 2 vanished?
1544200166085701 AUDIO_PLAYBACK_ONSET _ 116 END_OF_WAV
1544200166155300 AUDIO_PLAYBACK_DONE 116.wav
1544200166154002 CHEETAH_SIGNAL SENT_AFTER_TIME 4967.576907
1544200166189024 CHEETAH_SIGNAL SENT_AFTER_TIME 4967.612056
1544200167155300 AUDIO_PLAYBACK_ONSET 244 102 1 we
1544200167305807 AUDIO_PLAYBACK_ONSET 245 102 2 heard
1544200167570360 AUDIO_PLAYBACK_ONSET 246 102 3 that
1544200167678537 AUDIO_PLAYBACK_ONSET 247 102 4 she
1544200167897034 AUDIO_PLAYBACK_ONSET 248 102 5 sneezed
1544200168708899 AUDIO_PLAYBACK_ONSET _ 102 END_OF_WAV
1544200168749041 AUDIO_PLAYBACK_DONE 102.wav
1544200168744371 CHEETAH_SIGNAL SENT_AFTER_TIME 4970.167286
1544200168779379 CHEETAH_SIGNAL SENT_AFTER_TIME 4970.202331
1544200169749041 AUDIO_PLAYBACK_ONSET 249 15 1 he
1544200169908652 AUDIO_PLAYBACK_ONSET 250 15 2 remains
1544200170803347 AUDIO_PLAYBACK_ONSET _ 15 END_OF_WAV
1544200170811538 AUDIO_PLAYBACK_DONE 15.wav
1544200170811921 CHEETAH_SIGNAL SENT_AFTER_TIME 4972.234829
1544200170846886 CHEETAH_SIGNAL SENT_AFTER_TIME 4972.269894
1544200171811538 AUDIO_PLAYBACK_ONSET 251 72 1 the
1544200171955707 AUDIO_PLAYBACK_ONSET 252 72 2 girls
1544200172224047 AUDIO_PLAYBACK_ONSET 253 72 3 found
1544200172466452 AUDIO_PLAYBACK_ONSET 254 72 4 the
1544200172575185 AUDIO_PLAYBACK_ONSET 255 72 5 bikes
1544200173287435 AUDIO_PLAYBACK_ONSET _ 72 END_OF_WAV
1544200173295897 AUDIO_PLAYBACK_DONE 72.wav
1544200173295710 CHEETAH_SIGNAL SENT_AFTER_TIME 4974.718620
1544200173331128 CHEETAH_SIGNAL SENT_AFTER_TIME 4974.754145
1544200174295897 AUDIO_PLAYBACK_ONSET 256 110 1 The
1544200174426096 AUDIO_PLAYBACK_ONSET 257 110 2 cake
1544200174667926 AUDIO_PLAYBACK_ONSET 258 110 3 was
1544200174832577 AUDIO_PLAYBACK_ONSET 259 110 4 overcooked
1544200175787548 AUDIO_PLAYBACK_ONSET _ 110 END_OF_WAV
1544200175827146 AUDIO_PLAYBACK_DONE 110.wav
1544200175821530 CHEETAH_SIGNAL SENT_AFTER_TIME 4977.244433
1544200175856561 CHEETAH_SIGNAL SENT_AFTER_TIME 4977.279605
1544200176827146 AUDIO_PLAYBACK_ONSET 260 49 1 the
1544200176996854 AUDIO_PLAYBACK_ONSET 261 49 2 girl
1544200177206090 AUDIO_PLAYBACK_ONSET 262 49 3 ate
1544200177392361 AUDIO_PLAYBACK_ONSET 263 49 4 the
1544200177451050 AUDIO_PLAYBACK_ONSET 264 49 5 salad
1544200178066850 AUDIO_PLAYBACK_ONSET _ 49 END_OF_WAV
1544200178092773 AUDIO_PLAYBACK_DONE 49.wav
1544200178095445 CHEETAH_SIGNAL SENT_AFTER_TIME 4979.518380
1544200175955189 KEY_PRESS l
1544200176107307 KEY_PRESS l
1544200178075297 KEY_PRESS l
1544200178131404 CHEETAH_SIGNAL SENT_AFTER_TIME 4979.554438
1544200179092773 AUDIO_PLAYBACK_ONSET 265 32 1 the
1544200179236721 AUDIO_PLAYBACK_ONSET 266 32 2 girls
1544200179588445 AUDIO_PLAYBACK_ONSET 267 32 3 appear
1544200180238804 AUDIO_PLAYBACK_ONSET _ 32 END_OF_WAV
1544200180327130 AUDIO_PLAYBACK_DONE 32.wav
1544200180320907 CHEETAH_SIGNAL SENT_AFTER_TIME 4981.743819
1544200178315297 KEY_PRESS l
1544200180356110 CHEETAH_SIGNAL SENT_AFTER_TIME 4981.779113
1544200181327130 AUDIO_PLAYBACK_ONSET 268 137 1 the
1544200181468096 AUDIO_PLAYBACK_ONSET 269 137 2 boys
1544200181778650 AUDIO_PLAYBACK_ONSET 270 137 3 vanished
1544200182641513 AUDIO_PLAYBACK_ONSET _ 137 END_OF_WAV
1544200182748993 AUDIO_PLAYBACK_DONE 137.wav
1544200182750017 CHEETAH_SIGNAL SENT_AFTER_TIME 4984.172923
1544200182785338 CHEETAH_SIGNAL SENT_AFTER_TIME 4984.208375
1544200183748993 AUDIO_PLAYBACK_ONSET 271 65 1 they
1544200183880693 AUDIO_PLAYBACK_ONSET 272 65 2 found
1544200184173617 AUDIO_PLAYBACK_ONSET 273 65 3 the
1544200184293744 AUDIO_PLAYBACK_ONSET 274 65 4 bikes
1544200184943352 AUDIO_PLAYBACK_ONSET _ 65 END_OF_WAV
1544200185123986 AUDIO_PLAYBACK_DONE 65.wav
1544200185120226 CHEETAH_SIGNAL SENT_AFTER_TIME 4986.543133
1544200185155348 CHEETAH_SIGNAL SENT_AFTER_TIME 4986.578357
1544200186123986 AUDIO_PLAYBACK_ONSET 275 126 1 the
1544200186213258 AUDIO_PLAYBACK_ONSET 276 126 2 host
1544200186515118 AUDIO_PLAYBACK_ONSET 277 126 3 will
1544200186679599 AUDIO_PLAYBACK_ONSET 278 126 4 eat
1544200187212294 AUDIO_PLAYBACK_ONSET _ 126 END_OF_WAV
1544200187514620 AUDIO_PLAYBACK_DONE 126.wav
1544200187516305 CHEETAH_SIGNAL SENT_AFTER_TIME 4988.939235
1544200187259317 KEY_PRESS l
1544200187459346 KEY_PRESS l
1544200187552233 CHEETAH_SIGNAL SENT_AFTER_TIME 4988.975217
1544200188514620 AUDIO_PLAYBACK_ONSET 279 4 1 he
1544200188623642 AUDIO_PLAYBACK_ONSET 280 4 2 showered
1544200189357880 AUDIO_PLAYBACK_ONSET _ 4 END_OF_WAV
1544200189571245 AUDIO_PLAYBACK_DONE 4.wav
1544200189566217 CHEETAH_SIGNAL SENT_AFTER_TIME 4990.989135
1544200189601245 CHEETAH_SIGNAL SENT_AFTER_TIME 4991.024228
1544200190571245 AUDIO_PLAYBACK_ONSET 281 3 1 They
1544200190690100 AUDIO_PLAYBACK_ONSET 282 3 2 ate
1544200190936791 AUDIO_PLAYBACK_ONSET 283 3 3 the
1544200191055122 AUDIO_PLAYBACK_ONSET 284 3 4 grapes
1544200191413124 AUDIO_PLAYBACK_ONSET 285 3 5 together
1544200191903497 AUDIO_PLAYBACK_ONSET _ 3 END_OF_WAV
1544200192063422 AUDIO_PLAYBACK_DONE 3.wav
1544200192065604 CHEETAH_SIGNAL SENT_AFTER_TIME 4993.488568
1544200191923308 KEY_PRESS l
1544200192099168 KEY_PRESS l
1544200192101403 CHEETAH_SIGNAL SENT_AFTER_TIME 4993.524436
1544200193063422 AUDIO_PLAYBACK_ONSET 286 24 1 The
1544200193166802 AUDIO_PLAYBACK_ONSET 287 24 2 sandwich
1544200193770882 AUDIO_PLAYBACK_ONSET 288 24 3 is
1544200193961531 AUDIO_PLAYBACK_ONSET 289 24 4 healthy
1544200194527052 AUDIO_PLAYBACK_ONSET _ 24 END_OF_WAV
1544200194657167 AUDIO_PLAYBACK_DONE 24.wav
1544200194662375 CHEETAH_SIGNAL SENT_AFTER_TIME 4996.085289
1544200194171295 KEY_PRESS l
1544200194387276 KEY_PRESS l
1544200194697826 CHEETAH_SIGNAL SENT_AFTER_TIME 4996.120820
1544200195657167 AUDIO_PLAYBACK_ONSET 290 29 1 he
1544200195955068 AUDIO_PLAYBACK_ONSET 291 29 2 bloomed
1544200196890538 AUDIO_PLAYBACK_ONSET _ 29 END_OF_WAV
1544200197157169 AUDIO_PLAYBACK_DONE 29.wav
1544200197162424 CHEETAH_SIGNAL SENT_AFTER_TIME 4998.585325
1544200197197388 CHEETAH_SIGNAL SENT_AFTER_TIME 4998.620429
1544200198157169 AUDIO_PLAYBACK_ONSET 292 114 1 she
1544200198359184 AUDIO_PLAYBACK_ONSET 293 114 2 saw
1544200198542512 AUDIO_PLAYBACK_ONSET 294 114 3 him
1544200198759852 AUDIO_PLAYBACK_ONSET 295 114 4 coming
1544200199238496 AUDIO_PLAYBACK_ONSET _ 114 END_OF_WAV
1544200199391524 AUDIO_PLAYBACK_DONE 114.wav
1544200199395646 CHEETAH_SIGNAL SENT_AFTER_TIME 5000.818547
1544200199430584 CHEETAH_SIGNAL SENT_AFTER_TIME 5000.853619
1544200200391524 AUDIO_PLAYBACK_ONSET 296 22 1 they
1544200200726840 AUDIO_PLAYBACK_ONSET 297 22 2 vanished
1544200201454926 AUDIO_PLAYBACK_ONSET _ 22 END_OF_WAV
1544200201547764 AUDIO_PLAYBACK_DONE 22.wav
1544200201546270 CHEETAH_SIGNAL SENT_AFTER_TIME 5002.969181
1544200201581418 CHEETAH_SIGNAL SENT_AFTER_TIME 5003.004432
1544200202547764 AUDIO_PLAYBACK_ONSET 298 17 1 he
1544200202696641 AUDIO_PLAYBACK_ONSET 299 17 2 was
1544200202927146 AUDIO_PLAYBACK_ONSET 300 17 3 hugged
1544200203453344 AUDIO_PLAYBACK_ONSET _ 17 END_OF_WAV
1544200203547765 AUDIO_PLAYBACK_DONE 17.wav
1544200203548961 CHEETAH_SIGNAL SENT_AFTER_TIME 5004.971863
1544200203583787 CHEETAH_SIGNAL SENT_AFTER_TIME 5005.006791
1544200204547765 AUDIO_PLAYBACK_ONSET 301 37 1 who
1544200204863488 AUDIO_PLAYBACK_ONSET 302 37 2 blooms?
1544200205640427 AUDIO_PLAYBACK_ONSET _ 37 END_OF_WAV
1544200205641509 AUDIO_PLAYBACK_DONE 37.wav
1544200205641631 CHEETAH_SIGNAL SENT_AFTER_TIME 5007.064546
1544200205676806 CHEETAH_SIGNAL SENT_AFTER_TIME 5007.099846
1544200206641509 AUDIO_PLAYBACK_ONSET 303 19 1 who
1544200206883057 AUDIO_PLAYBACK_ONSET 304 19 2 laughs?
1544200207650948 AUDIO_PLAYBACK_ONSET _ 19 END_OF_WAV
1544200207672777 AUDIO_PLAYBACK_DONE 19.wav
1544200207672829 CHEETAH_SIGNAL SENT_AFTER_TIME 5009.095735
1544200207708274 CHEETAH_SIGNAL SENT_AFTER_TIME 5009.131271
1544200208672777 AUDIO_PLAYBACK_ONSET 305 88 1 he
1544200208888616 AUDIO_PLAYBACK_ONSET 306 88 2 collapses
1544200209832969 AUDIO_PLAYBACK_ONSET _ 88 END_OF_WAV
1544200209891511 AUDIO_PLAYBACK_DONE 88.wav
1544200209890075 CHEETAH_SIGNAL SENT_AFTER_TIME 5011.312993
1544200209925054 CHEETAH_SIGNAL SENT_AFTER_TIME 5011.348085
1544200210891511 AUDIO_PLAYBACK_ONSET 307 143 1 he
1544200211009031 AUDIO_PLAYBACK_ONSET 308 143 2 was
1544200211250783 AUDIO_PLAYBACK_ONSET 309 143 3 kissed
1544200211936999 AUDIO_PLAYBACK_ONSET _ 143 END_OF_WAV
1544200212008701 AUDIO_PLAYBACK_DONE 143.wav
1544200212004897 CHEETAH_SIGNAL SENT_AFTER_TIME 5013.427817
1544200212039896 CHEETAH_SIGNAL SENT_AFTER_TIME 5013.462905
1544200213008701 AUDIO_PLAYBACK_ONSET 310 98 1 the
1544200213131442 AUDIO_PLAYBACK_ONSET 311 98 2 boy
1544200213452956 AUDIO_PLAYBACK_ONSET 312 98 3 bloomed
1544200214120438 AUDIO_PLAYBACK_ONSET _ 98 END_OF_WAV
1544200214356344 AUDIO_PLAYBACK_DONE 98.wav
1544200214348710 CHEETAH_SIGNAL SENT_AFTER_TIME 5015.771621
1544200214383730 CHEETAH_SIGNAL SENT_AFTER_TIME 5015.806735
1544200215356344 AUDIO_PLAYBACK_ONSET 313 124 1 who
1544200215464527 AUDIO_PLAYBACK_ONSET 314 124 2 disappeared?
1544200216219330 AUDIO_PLAYBACK_ONSET _ 124 END_OF_WAV
1544200216340702 AUDIO_PLAYBACK_DONE 124.wav
1544200216336318 CHEETAH_SIGNAL SENT_AFTER_TIME 5017.759248
1544200216371327 CHEETAH_SIGNAL SENT_AFTER_TIME 5017.794313
1544200217340702 AUDIO_PLAYBACK_ONSET 315 36 1 she
1544200217742683 AUDIO_PLAYBACK_ONSET 316 36 2 laughed
1544200218502078 AUDIO_PLAYBACK_ONSET _ 36 END_OF_WAV
1544200218590679 AUDIO_PLAYBACK_DONE 36.wav
1544200218588494 CHEETAH_SIGNAL SENT_AFTER_TIME 5020.011411
1544200218623909 CHEETAH_SIGNAL SENT_AFTER_TIME 5020.046909
1544200219590679 AUDIO_PLAYBACK_ONSET 317 53 1 they
1544200219751486 AUDIO_PLAYBACK_ONSET 318 53 2 heard
1544200219925878 AUDIO_PLAYBACK_ONSET 319 53 3 her
1544200220076077 AUDIO_PLAYBACK_ONSET 320 53 4 coughing
1544200220681915 AUDIO_PLAYBACK_ONSET _ 53 END_OF_WAV
1544200221090660 AUDIO_PLAYBACK_DONE 53.wav
1544200221095544 CHEETAH_SIGNAL SENT_AFTER_TIME 5022.518467
1544200221130491 CHEETAH_SIGNAL SENT_AFTER_TIME 5022.553527
1544200222090660 AUDIO_PLAYBACK_ONSET 321 18 1 The
1544200222190984 AUDIO_PLAYBACK_ONSET 322 18 2 chef
1544200222464165 AUDIO_PLAYBACK_ONSET 323 18 3 served
1544200222920811 AUDIO_PLAYBACK_ONSET 324 18 4 the
1544200223070003 AUDIO_PLAYBACK_ONSET 325 18 5 cake
1544200223527657 AUDIO_PLAYBACK_ONSET _ 18 END_OF_WAV
1544200223590661 AUDIO_PLAYBACK_DONE 18.wav
1544200223595661 CHEETAH_SIGNAL SENT_AFTER_TIME 5025.018557
1544200223491291 KEY_PRESS l
1544200223630569 CHEETAH_SIGNAL SENT_AFTER_TIME 5025.053576
1544200224590661 AUDIO_PLAYBACK_ONSET 326 34 1 the
1544200224796285 AUDIO_PLAYBACK_ONSET 327 34 2 boy
1544200225046703 AUDIO_PLAYBACK_ONSET 328 34 3 laughs
1544200225870033 AUDIO_PLAYBACK_ONSET _ 34 END_OF_WAV
1544200225965651 AUDIO_PLAYBACK_DONE 34.wav
1544200225961357 CHEETAH_SIGNAL SENT_AFTER_TIME 5027.384258
1544200223699299 KEY_PRESS l
1544200225996471 CHEETAH_SIGNAL SENT_AFTER_TIME 5027.419507
1544200226965651 AUDIO_PLAYBACK_ONSET 329 84 1 the
1544200227114781 AUDIO_PLAYBACK_ONSET 330 84 2 girl
1544200227316390 AUDIO_PLAYBACK_ONSET 331 84 3 smiled
1544200228097626 AUDIO_PLAYBACK_ONSET _ 84 END_OF_WAV
1544200228215653 AUDIO_PLAYBACK_DONE 84.wav
1544200228213761 CHEETAH_SIGNAL SENT_AFTER_TIME 5029.636679
1544200228248703 CHEETAH_SIGNAL SENT_AFTER_TIME 5029.671744
1544200229215653 AUDIO_PLAYBACK_ONSET 332 127 1 the
1544200229308037 AUDIO_PLAYBACK_ONSET 333 127 2 woman
1544200229606921 AUDIO_PLAYBACK_ONSET 334 127 3 will
1544200229696507 AUDIO_PLAYBACK_ONSET 335 127 4 speak
1544200230390998 AUDIO_PLAYBACK_ONSET _ 127 END_OF_WAV
1544200230395338 AUDIO_PLAYBACK_DONE 127.wav
1544200230391585 CHEETAH_SIGNAL SENT_AFTER_TIME 5031.814505
1544200230426619 CHEETAH_SIGNAL SENT_AFTER_TIME 5031.849652
1544200231395338 AUDIO_PLAYBACK_ONSET 336 152 1 she
1544200231729889 AUDIO_PLAYBACK_ONSET 337 152 2 dressed
1544200232355390 AUDIO_PLAYBACK_ONSET _ 152 END_OF_WAV
1544200232457837 AUDIO_PLAYBACK_DONE 152.wav
1544200232457580 CHEETAH_SIGNAL SENT_AFTER_TIME 5033.880519
1544200232492534 CHEETAH_SIGNAL SENT_AFTER_TIME 5033.915563
1544200233457837 AUDIO_PLAYBACK_ONSET 338 20 1 she
1544200233839122 AUDIO_PLAYBACK_ONSET 339 20 2 sneezed
1544200234672085 AUDIO_PLAYBACK_ONSET _ 20 END_OF_WAV
1544200234676567 AUDIO_PLAYBACK_DONE 20.wav
1544200234674336 CHEETAH_SIGNAL SENT_AFTER_TIME 5036.097220
1544200234709908 CHEETAH_SIGNAL SENT_AFTER_TIME 5036.132902
1544200235676567 AUDIO_PLAYBACK_ONSET 340 82 1 the
1544200235819094 AUDIO_PLAYBACK_ONSET 341 82 2 boy
1544200236011109 AUDIO_PLAYBACK_ONSET 342 82 3 will
1544200236148016 AUDIO_PLAYBACK_ONSET 343 82 4 sing
1544200236704257 AUDIO_PLAYBACK_ONSET _ 82 END_OF_WAV
1544200236957817 AUDIO_PLAYBACK_DONE 82.wav
1544200236955226 CHEETAH_SIGNAL SENT_AFTER_TIME 5038.378137
1544200236990229 CHEETAH_SIGNAL SENT_AFTER_TIME 5038.413247
1544200237957817 AUDIO_PLAYBACK_ONSET 344 119 1 she
1544200238189786 AUDIO_PLAYBACK_ONSET 345 119 2 was
1544200238424452 AUDIO_PLAYBACK_ONSET 346 119 3 kicked
1544200239094261 AUDIO_PLAYBACK_ONSET _ 119 END_OF_WAV
1544200239114078 AUDIO_PLAYBACK_DONE 119.wav
1544200239112475 CHEETAH_SIGNAL SENT_AFTER_TIME 5040.535362
1544200239147084 CHEETAH_SIGNAL SENT_AFTER_TIME 5040.570117
1544200240114078 AUDIO_PLAYBACK_ONSET 347 70 1 she
1544200240505660 AUDIO_PLAYBACK_ONSET 348 70 2 jumps
1544200241278487 AUDIO_PLAYBACK_ONSET _ 70 END_OF_WAV
1544200241645327 AUDIO_PLAYBACK_DONE 70.wav
1544200241640046 CHEETAH_SIGNAL SENT_AFTER_TIME 5043.062993
1544200241675009 CHEETAH_SIGNAL SENT_AFTER_TIME 5043.098035
1544200242645327 AUDIO_PLAYBACK_ONSET 349 58 1 he
1544200242856782 AUDIO_PLAYBACK_ONSET 350 58 2 laughs
1544200243644809 AUDIO_PLAYBACK_ONSET _ 58 END_OF_WAV
1544200243871904 AUDIO_PLAYBACK_DONE 58.wav
1544200243872070 CHEETAH_SIGNAL SENT_AFTER_TIME 5045.294979
1544200243907114 CHEETAH_SIGNAL SENT_AFTER_TIME 5045.330152
1544200244871904 AUDIO_PLAYBACK_ONSET 351 11 1 he
1544200245019569 AUDIO_PLAYBACK_ONSET 352 11 2 will
1544200245215570 AUDIO_PLAYBACK_ONSET 353 11 3 drive
1544200245824072 AUDIO_PLAYBACK_ONSET _ 11 END_OF_WAV
1544200245825032 AUDIO_PLAYBACK_DONE 11.wav
1544200245820870 CHEETAH_SIGNAL SENT_AFTER_TIME 5047.243785
1544200245856286 CHEETAH_SIGNAL SENT_AFTER_TIME 5047.279230
1544200246825032 AUDIO_PLAYBACK_ONSET 354 105 1 the
1544200246968336 AUDIO_PLAYBACK_ONSET 355 105 2 boys
1544200247270411 AUDIO_PLAYBACK_ONSET 356 105 3 winked
1544200247940690 AUDIO_PLAYBACK_ONSET _ 105 END_OF_WAV
1544200248039887 AUDIO_PLAYBACK_DONE 105.wav
1544200248041468 CHEETAH_SIGNAL SENT_AFTER_TIME 5049.464265
1544200248076535 CHEETAH_SIGNAL SENT_AFTER_TIME 5049.499566
1544200249039887 AUDIO_PLAYBACK_ONSET 357 10 1 they
1544200249341192 AUDIO_PLAYBACK_ONSET 358 10 2 wink
1544200249944512 AUDIO_PLAYBACK_ONSET _ 10 END_OF_WAV
1544200250164876 AUDIO_PLAYBACK_DONE 10.wav
1544200250164079 CHEETAH_SIGNAL SENT_AFTER_TIME 5051.586987
1544200250199006 CHEETAH_SIGNAL SENT_AFTER_TIME 5051.622041
1544200251164876 AUDIO_PLAYBACK_ONSET 359 118 1 the
1544200251248063 AUDIO_PLAYBACK_ONSET 360 118 2 woman
1544200251525276 AUDIO_PLAYBACK_ONSET 361 118 3 was
1544200251792409 AUDIO_PLAYBACK_ONSET 362 118 4 pinched
1544200252626066 AUDIO_PLAYBACK_ONSET _ 118 END_OF_WAV
1544200252664857 AUDIO_PLAYBACK_DONE 118.wav
1544200252659620 CHEETAH_SIGNAL SENT_AFTER_TIME 5054.082530
1544200252694587 CHEETAH_SIGNAL SENT_AFTER_TIME 5054.117616
1544200253664857 AUDIO_PLAYBACK_ONSET 363 100 1 she
1544200253988590 AUDIO_PLAYBACK_ONSET 364 100 2 fell
1544200254496060 AUDIO_PLAYBACK_ONSET _ 100 END_OF_WAV
1544200254539845 AUDIO_PLAYBACK_DONE 100.wav
1544200254542615 CHEETAH_SIGNAL SENT_AFTER_TIME 5055.965523
1544200254577696 CHEETAH_SIGNAL SENT_AFTER_TIME 5056.000697
1544200255539845 AUDIO_PLAYBACK_ONSET 365 97 1 they
1544200255735860 AUDIO_PLAYBACK_ONSET 366 97 2 kissed
1544200256068993 AUDIO_PLAYBACK_ONSET 367 97 3 the
1544200256185589 AUDIO_PLAYBACK_ONSET 368 97 4 clowns
1544200256992879 AUDIO_PLAYBACK_ONSET _ 97 END_OF_WAV
1544200257192184 AUDIO_PLAYBACK_DONE 97.wav
1544200257188534 CHEETAH_SIGNAL SENT_AFTER_TIME 5058.611484
1544200257223851 CHEETAH_SIGNAL SENT_AFTER_TIME 5058.646883
1544200258192184 AUDIO_PLAYBACK_ONSET 369 123 1 Who
1544200258265853 AUDIO_PLAYBACK_ONSET 370 123 2 will
1544200258380026 AUDIO_PLAYBACK_ONSET 371 123 3 the
1544200258511631 AUDIO_PLAYBACK_ONSET 372 123 4 boys
1544200258814060 AUDIO_PLAYBACK_ONSET 373 123 5 kiss?
1544200259445936 AUDIO_PLAYBACK_ONSET _ 123 END_OF_WAV
1544200259489059 AUDIO_PLAYBACK_DONE 123.wav
1544200259481535 CHEETAH_SIGNAL SENT_AFTER_TIME 5060.904482
1544200259516616 CHEETAH_SIGNAL SENT_AFTER_TIME 5060.939650
1544200260489059 AUDIO_PLAYBACK_ONSET 374 31 1 she
1544200260912881 AUDIO_PLAYBACK_ONSET 375 31 2 washed
1544200261730239 AUDIO_PLAYBACK_ONSET _ 31 END_OF_WAV
1544200261739036 AUDIO_PLAYBACK_DONE 31.wav
1544200261737366 CHEETAH_SIGNAL SENT_AFTER_TIME 5063.160266
1544200261772344 CHEETAH_SIGNAL SENT_AFTER_TIME 5063.195351
1544200262739036 AUDIO_PLAYBACK_ONSET 376 89 1 he
1544200262829965 AUDIO_PLAYBACK_ONSET 377 89 2 hears
1544200263163601 AUDIO_PLAYBACK_ONSET 378 89 3 the
1544200263239825 AUDIO_PLAYBACK_ONSET 379 89 4 men
1544200263637189 AUDIO_PLAYBACK_ONSET _ 89 END_OF_WAV
1544200263668722 AUDIO_PLAYBACK_DONE 89.wav
1544200263668895 CHEETAH_SIGNAL SENT_AFTER_TIME 5065.091814
1544200263703885 CHEETAH_SIGNAL SENT_AFTER_TIME 5065.126899
1544200264668722 AUDIO_PLAYBACK_ONSET 380 16 1 What
1544200264869609 AUDIO_PLAYBACK_ONSET 381 16 2 will
1544200265070967 AUDIO_PLAYBACK_ONSET 382 16 3 the
1544200265212116 AUDIO_PLAYBACK_ONSET 383 16 4 girls
1544200265630625 AUDIO_PLAYBACK_ONSET 384 16 5 find?
1544200266080719 AUDIO_PLAYBACK_ONSET _ 16 END_OF_WAV
1544200266137475 AUDIO_PLAYBACK_DONE 16.wav
1544200266132837 CHEETAH_SIGNAL SENT_AFTER_TIME 5067.555756
1544200266167798 CHEETAH_SIGNAL SENT_AFTER_TIME 5067.590839
1544200267137475 AUDIO_PLAYBACK_ONSET 385 130 1 they
1544200267354042 AUDIO_PLAYBACK_ONSET 386 130 2 coughed
1544200268114371 AUDIO_PLAYBACK_ONSET _ 130 END_OF_WAV
1544200268449974 AUDIO_PLAYBACK_DONE 130.wav
1544200268447253 CHEETAH_SIGNAL SENT_AFTER_TIME 5069.870171
1544200268482429 CHEETAH_SIGNAL SENT_AFTER_TIME 5069.905477
1544200269449974 AUDIO_PLAYBACK_ONSET 387 5 1 we
1544200269617618 AUDIO_PLAYBACK_ONSET 388 5 2 guessed
1544200269882077 AUDIO_PLAYBACK_ONSET 389 5 3 that
1544200270039376 AUDIO_PLAYBACK_ONSET 390 5 4 they
1544200270212405 AUDIO_PLAYBACK_ONSET 391 5 5 wink
1544200270736407 AUDIO_PLAYBACK_ONSET _ 5 END_OF_WAV
1544200270912857 AUDIO_PLAYBACK_DONE 5.wav
1544200270913969 CHEETAH_SIGNAL SENT_AFTER_TIME 5072.336880
1544200270948962 CHEETAH_SIGNAL SENT_AFTER_TIME 5072.371970
1544200271912857 AUDIO_PLAYBACK_ONSET 392 95 1 he
1544200272044244 AUDIO_PLAYBACK_ONSET 393 95 2 streched
1544200272909454 AUDIO_PLAYBACK_ONSET _ 95 END_OF_WAV
1544200273186281 AUDIO_PLAYBACK_DONE 95.wav
1544200273190725 CHEETAH_SIGNAL SENT_AFTER_TIME 5074.613659
1544200273225721 CHEETAH_SIGNAL SENT_AFTER_TIME 5074.648730
1544200274186281 AUDIO_PLAYBACK_ONSET 394 74 1 she
1544200274377434 AUDIO_PLAYBACK_ONSET 395 74 2 eats
1544200274661536 AUDIO_PLAYBACK_ONSET 396 74 3 the
1544200274738946 AUDIO_PLAYBACK_ONSET 397 74 4 salad
1544200275315131 AUDIO_PLAYBACK_ONSET _ 74 END_OF_WAV
1544200275373767 AUDIO_PLAYBACK_DONE 74.wav
1544200275372863 CHEETAH_SIGNAL SENT_AFTER_TIME 5076.795772
1544200275291310 KEY_PRESS l
1544200275408084 CHEETAH_SIGNAL SENT_AFTER_TIME 5076.831114
1544200276373767 AUDIO_PLAYBACK_ONSET 398 107 1 they
1544200276517341 AUDIO_PLAYBACK_ONSET 399 107 2 were
1544200276669107 AUDIO_PLAYBACK_ONSET 400 107 3 loved
1544200277420895 AUDIO_PLAYBACK_ONSET _ 107 END_OF_WAV
1544200277537829 AUDIO_PLAYBACK_DONE 107.wav
1544200277528881 CHEETAH_SIGNAL SENT_AFTER_TIME 5078.951827
1544200275547309 KEY_PRESS l
1544200277563130 CHEETAH_SIGNAL SENT_AFTER_TIME 5078.986201
1544200278537829 AUDIO_PLAYBACK_ONSET 401 103 1 she
1544200278825226 AUDIO_PLAYBACK_ONSET 402 103 2 scratched
1544200279883138 AUDIO_PLAYBACK_ONSET _ 103 END_OF_WAV
1544200279928444 AUDIO_PLAYBACK_DONE 103.wav
1544200279919235 CHEETAH_SIGNAL SENT_AFTER_TIME 5081.342189
1544200279954185 CHEETAH_SIGNAL SENT_AFTER_TIME 5081.377241
1544200280928444 AUDIO_PLAYBACK_ONSET 403 68 1 he
1544200281189997 AUDIO_PLAYBACK_ONSET 404 68 2 crawled
1544200281760309 AUDIO_PLAYBACK_ONSET _ 68 END_OF_WAV
1544200281905020 AUDIO_PLAYBACK_DONE 68.wav
1544200281908563 CHEETAH_SIGNAL SENT_AFTER_TIME 5083.331476
1544200281943536 CHEETAH_SIGNAL SENT_AFTER_TIME 5083.366576
1544200282905020 AUDIO_PLAYBACK_ONSET 405 62 1 What
1544200283087153 AUDIO_PLAYBACK_ONSET 406 62 2 will
1544200283210535 AUDIO_PLAYBACK_ONSET 407 62 3 the
1544200283344773 AUDIO_PLAYBACK_ONSET 408 62 4 girl
1544200283603380 AUDIO_PLAYBACK_ONSET 409 62 5 kick?
1544200284273587 AUDIO_PLAYBACK_ONSET _ 62 END_OF_WAV
1544200284373751 AUDIO_PLAYBACK_DONE 62.wav
1544200284370094 CHEETAH_SIGNAL SENT_AFTER_TIME 5085.793057
1544200284405452 CHEETAH_SIGNAL SENT_AFTER_TIME 5085.828453
1544200285373751 AUDIO_PLAYBACK_ONSET 410 90 1 Whom
1544200285613486 AUDIO_PLAYBACK_ONSET 411 90 2 do
1544200285740585 AUDIO_PLAYBACK_ONSET 412 90 3 the
1544200285814415 AUDIO_PLAYBACK_ONSET 413 90 4 women
1544200286123751 AUDIO_PLAYBACK_ONSET 414 90 5 hug?
1544200286583550 AUDIO_PLAYBACK_ONSET _ 90 END_OF_WAV
1544200286764387 AUDIO_PLAYBACK_DONE 90.wav
1544200286765360 CHEETAH_SIGNAL SENT_AFTER_TIME 5088.188269
1544200286800353 CHEETAH_SIGNAL SENT_AFTER_TIME 5088.223340
1544200287764387 AUDIO_PLAYBACK_ONSET 415 21 1 who
1544200288017334 AUDIO_PLAYBACK_ONSET 416 21 2 winks?
1544200288732814 AUDIO_PLAYBACK_ONSET _ 21 END_OF_WAV
1544200288733118 AUDIO_PLAYBACK_DONE 21.wav
1544200288724578 CHEETAH_SIGNAL SENT_AFTER_TIME 5090.147488
1544200288759662 CHEETAH_SIGNAL SENT_AFTER_TIME 5090.182677
1544200289733118 AUDIO_PLAYBACK_ONSET 417 66 1 they
1544200289829576 AUDIO_PLAYBACK_ONSET 418 66 2 appeared
1544200290430158 AUDIO_PLAYBACK_ONSET _ 66 END_OF_WAV
1544200290944051 AUDIO_PLAYBACK_DONE 66.wav
1544200290939391 CHEETAH_SIGNAL SENT_AFTER_TIME 5092.362304
1544200290974424 CHEETAH_SIGNAL SENT_AFTER_TIME 5092.397448
1544200291944051 AUDIO_PLAYBACK_ONSET 419 50 1 What
1544200292085098 AUDIO_PLAYBACK_ONSET 420 50 2 did
1544200292236856 AUDIO_PLAYBACK_ONSET 421 50 3 the
1544200292338275 AUDIO_PLAYBACK_ONSET 422 50 4 girl
1544200292571464 AUDIO_PLAYBACK_ONSET 423 50 5 kick?
1544200293040063 AUDIO_PLAYBACK_ONSET _ 50 END_OF_WAV
1544200293045618 AUDIO_PLAYBACK_DONE 50.wav
1544200293047092 CHEETAH_SIGNAL SENT_AFTER_TIME 5094.470002
1544200293082057 CHEETAH_SIGNAL SENT_AFTER_TIME 5094.505088
1544200294045618 AUDIO_PLAYBACK_ONSET 424 81 1 the
1544200294136218 AUDIO_PLAYBACK_ONSET 425 81 2 actors
1544200294510499 AUDIO_PLAYBACK_ONSET 426 81 3 will
1544200294606264 AUDIO_PLAYBACK_ONSET 427 81 4 snore
1544200295193621 AUDIO_PLAYBACK_ONSET _ 81 END_OF_WAV
1544200295233104 AUDIO_PLAYBACK_DONE 81.wav
1544200295231390 CHEETAH_SIGNAL SENT_AFTER_TIME 5096.654321
1544200295266804 CHEETAH_SIGNAL SENT_AFTER_TIME 5096.689834
1544200296233104 AUDIO_PLAYBACK_ONSET 428 69 1 the
1544200296374754 AUDIO_PLAYBACK_ONSET 429 69 2 boy
1544200296600486 AUDIO_PLAYBACK_ONSET 430 69 3 jumped
1544200297263738 AUDIO_PLAYBACK_ONSET _ 69 END_OF_WAV
1544200297529978 AUDIO_PLAYBACK_DONE 69.wav
1544200297532390 CHEETAH_SIGNAL SENT_AFTER_TIME 5098.955338
1544200297567309 CHEETAH_SIGNAL SENT_AFTER_TIME 5098.990360
1544200298529978 AUDIO_PLAYBACK_ONSET 431 132 1 the
1544200298657392 AUDIO_PLAYBACK_ONSET 432 132 2 boys
1544200298932775 AUDIO_PLAYBACK_ONSET 433 132 3 kissed
1544200299224420 AUDIO_PLAYBACK_ONSET 434 132 4 the
1544200299323081 AUDIO_PLAYBACK_ONSET 435 132 5 clowns
1544200300093936 AUDIO_PLAYBACK_ONSET _ 132 END_OF_WAV
1544200300143244 AUDIO_PLAYBACK_DONE 132.wav
1544200300138027 CHEETAH_SIGNAL SENT_AFTER_TIME 5101.560937
1544200300173123 CHEETAH_SIGNAL SENT_AFTER_TIME 5101.596135
1544200301143244 AUDIO_PLAYBACK_ONSET 436 77 1 who
1544200301362420 AUDIO_PLAYBACK_ONSET 437 77 2 heard
1544200301656501 AUDIO_PLAYBACK_ONSET 438 77 3 the
1544200301740222 AUDIO_PLAYBACK_ONSET 439 77 4 men?
1544200302179233 AUDIO_PLAYBACK_ONSET _ 77 END_OF_WAV
1544200302190119 AUDIO_PLAYBACK_DONE 77.wav
1544200302185372 CHEETAH_SIGNAL SENT_AFTER_TIME 5103.608286
1544200302220339 CHEETAH_SIGNAL SENT_AFTER_TIME 5103.643376
1544200303190119 AUDIO_PLAYBACK_ONSET 440 51 1 she
1544200303384749 AUDIO_PLAYBACK_ONSET 441 51 2 smelled
1544200303691787 AUDIO_PLAYBACK_ONSET 442 51 3 it
1544200303869688 AUDIO_PLAYBACK_ONSET 443 51 4 burn
1544200304277868 AUDIO_PLAYBACK_ONSET _ 51 END_OF_WAV
1544200304533883 AUDIO_PLAYBACK_DONE 51.wav
1544200304529708 CHEETAH_SIGNAL SENT_AFTER_TIME 5105.952615
1544200304564752 CHEETAH_SIGNAL SENT_AFTER_TIME 5105.987697
1544200305533883 AUDIO_PLAYBACK_ONSET 444 26 1 Whom
1544200305750874 AUDIO_PLAYBACK_ONSET 445 26 2 will
1544200305940893 AUDIO_PLAYBACK_ONSET 446 26 3 the
1544200306095283 AUDIO_PLAYBACK_ONSET 447 26 4 boy
1544200306341029 AUDIO_PLAYBACK_ONSET 448 26 5 tickle?
1544200306817903 AUDIO_PLAYBACK_ONSET _ 26 END_OF_WAV
1544200306893272 AUDIO_PLAYBACK_DONE 26.wav
1544200306894521 CHEETAH_SIGNAL SENT_AFTER_TIME 5108.317443
1544200306929977 CHEETAH_SIGNAL SENT_AFTER_TIME 5108.353019
1544200307893272 AUDIO_PLAYBACK_ONSET 449 67 1 they
1544200308093093 AUDIO_PLAYBACK_ONSET 450 67 2 appear
1544200308668635 AUDIO_PLAYBACK_ONSET _ 67 END_OF_WAV
1544200308815131 AUDIO_PLAYBACK_DONE 67.wav
1544200308811099 CHEETAH_SIGNAL SENT_AFTER_TIME 5110.234007
1544200308846080 CHEETAH_SIGNAL SENT_AFTER_TIME 5110.269113
1544200309815131 AUDIO_PLAYBACK_ONSET 451 101 1 she
1544200310200474 AUDIO_PLAYBACK_ONSET 452 101 2 cries
1544200310939594 AUDIO_PLAYBACK_ONSET _ 101 END_OF_WAV
1544200311049487 AUDIO_PLAYBACK_DONE 101.wav
1544200311052892 CHEETAH_SIGNAL SENT_AFTER_TIME 5112.475808
1544200311087959 CHEETAH_SIGNAL SENT_AFTER_TIME 5112.510993
1544200312049487 AUDIO_PLAYBACK_ONSET 453 133 1 who
1544200312140104 AUDIO_PLAYBACK_ONSET 454 133 2 found
1544200312430183 AUDIO_PLAYBACK_ONSET 455 133 3 the
1544200312541752 AUDIO_PLAYBACK_ONSET 456 133 4 bikes?
1544200313312918 AUDIO_PLAYBACK_ONSET _ 133 END_OF_WAV
1544200313377630 AUDIO_PLAYBACK_DONE 133.wav
1544200313379731 CHEETAH_SIGNAL SENT_AFTER_TIME 5114.802649
1544200313414675 CHEETAH_SIGNAL SENT_AFTER_TIME 5114.837708
1544200314377630 AUDIO_PLAYBACK_ONSET 457 106 1 they
1544200314690116 AUDIO_PLAYBACK_ONSET 458 106 2 vanish
1544200315528812 AUDIO_PLAYBACK_ONSET _ 106 END_OF_WAV
1544200315596361 AUDIO_PLAYBACK_DONE 106.wav
1544200315593352 CHEETAH_SIGNAL SENT_AFTER_TIME 5117.016267
1544200315628328 CHEETAH_SIGNAL SENT_AFTER_TIME 5117.051365
1544200316596361 AUDIO_PLAYBACK_ONSET 459 75 1 he
1544200316749942 AUDIO_PLAYBACK_ONSET 460 75 2 falls
1544200317487156 AUDIO_PLAYBACK_ONSET _ 75 END_OF_WAV
1544200317596342 AUDIO_PLAYBACK_DONE 75.wav
1544200317596378 CHEETAH_SIGNAL SENT_AFTER_TIME 5119.019286
1544200317631720 CHEETAH_SIGNAL SENT_AFTER_TIME 5119.054753
1544200318596342 AUDIO_PLAYBACK_ONSET 461 140 1 the
1544200318686345 AUDIO_PLAYBACK_ONSET 462 140 2 actors
1544200319002351 AUDIO_PLAYBACK_ONSET 463 140 3 were
1544200319102233 AUDIO_PLAYBACK_ONSET 464 140 4 scorned
1544200319816047 AUDIO_PLAYBACK_ONSET _ 140 END_OF_WAV
1544200319877589 AUDIO_PLAYBACK_DONE 140.wav
1544200319874847 CHEETAH_SIGNAL SENT_AFTER_TIME 5121.297753
1544200319909821 CHEETAH_SIGNAL SENT_AFTER_TIME 5121.332854
1544200320877589 AUDIO_PLAYBACK_ONSET 465 54 1 she
1544200321171205 AUDIO_PLAYBACK_ONSET 466 54 2 smiled
1544200321963361 AUDIO_PLAYBACK_ONSET _ 54 END_OF_WAV
1544200322127568 AUDIO_PLAYBACK_DONE 54.wav
1544200322125485 CHEETAH_SIGNAL SENT_AFTER_TIME 5123.548409
1544200322160603 CHEETAH_SIGNAL SENT_AFTER_TIME 5123.583614
1544200323127568 AUDIO_PLAYBACK_ONSET 467 85 1 The
1544200323229184 AUDIO_PLAYBACK_ONSET 468 85 2 cook
1544200323448626 AUDIO_PLAYBACK_ONSET 469 85 3 prepared
1544200323808943 AUDIO_PLAYBACK_ONSET 470 85 4 the
1544200323867642 AUDIO_PLAYBACK_ONSET 471 85 5 meal
1544200324374254 AUDIO_PLAYBACK_ONSET _ 85 END_OF_WAV
1544200324471332 AUDIO_PLAYBACK_DONE 85.wav
1544200324468314 CHEETAH_SIGNAL SENT_AFTER_TIME 5125.891222
1544200324503321 CHEETAH_SIGNAL SENT_AFTER_TIME 5125.926310
1544200325471332 AUDIO_PLAYBACK_ONSET 472 115 1 she
1544200325628943 AUDIO_PLAYBACK_ONSET 473 115 2 discovered
1544200326186843 AUDIO_PLAYBACK_ONSET 474 115 3 that
1544200326369186 AUDIO_PLAYBACK_ONSET 475 115 4 they
1544200326508057 AUDIO_PLAYBACK_ONSET 476 115 5 cough
1544200327128751 AUDIO_PLAYBACK_ONSET _ 115 END_OF_WAV
1544200327268207 AUDIO_PLAYBACK_DONE 115.wav
1544200327264251 CHEETAH_SIGNAL SENT_AFTER_TIME 5128.687138
1544200327299339 CHEETAH_SIGNAL SENT_AFTER_TIME 5128.722339
1544200328268207 AUDIO_PLAYBACK_ONSET 477 9 1 they
1544200328549223 AUDIO_PLAYBACK_ONSET 478 9 2 will
1544200328753352 AUDIO_PLAYBACK_ONSET 479 9 3 drink
1544200329385901 AUDIO_PLAYBACK_ONSET _ 9 END_OF_WAV
1544200329518187 AUDIO_PLAYBACK_DONE 9.wav
1544200329515897 CHEETAH_SIGNAL SENT_AFTER_TIME 5130.938808
1544200329551167 CHEETAH_SIGNAL SENT_AFTER_TIME 5130.974178
1544200330518187 AUDIO_PLAYBACK_ONSET 480 43 1 she
1544200330731999 AUDIO_PLAYBACK_ONSET 481 43 2 remained
1544200331517436 AUDIO_PLAYBACK_ONSET _ 43 END_OF_WAV
1544200331768165 AUDIO_PLAYBACK_DONE 43.wav
1544200331765711 CHEETAH_SIGNAL SENT_AFTER_TIME 5133.188658
1544200331800670 CHEETAH_SIGNAL SENT_AFTER_TIME 5133.223704
1544200332768165 AUDIO_PLAYBACK_ONSET 482 151 1 He
1544200332875263 AUDIO_PLAYBACK_ONSET 483 151 2 heard
1544200333110897 AUDIO_PLAYBACK_ONSET 484 151 3 her
1544200333302177 AUDIO_PLAYBACK_ONSET 485 151 4 play
1544200333783841 AUDIO_PLAYBACK_ONSET _ 151 END_OF_WAV
1544200333799416 AUDIO_PLAYBACK_DONE 151.wav
1544200333799843 CHEETAH_SIGNAL SENT_AFTER_TIME 5135.222758
1544200333834923 CHEETAH_SIGNAL SENT_AFTER_TIME 5135.257922
1544200334799416 AUDIO_PLAYBACK_ONSET 486 45 1 Whom
1544200334914473 AUDIO_PLAYBACK_ONSET 487 45 2 does
1544200335111464 AUDIO_PLAYBACK_ONSET 488 45 3 the
1544200335232746 AUDIO_PLAYBACK_ONSET 489 45 4 boy
1544200335477514 AUDIO_PLAYBACK_ONSET 490 45 5 tickle?
1544200335891343 AUDIO_PLAYBACK_ONSET _ 45 END_OF_WAV
1544200335893158 AUDIO_PLAYBACK_DONE 45.wav
1544200335893142 CHEETAH_SIGNAL SENT_AFTER_TIME 5137.316114
1544200335928134 CHEETAH_SIGNAL SENT_AFTER_TIME 5137.351146
1544200336893158 AUDIO_PLAYBACK_ONSET 491 47 1 she
1544200337129184 AUDIO_PLAYBACK_ONSET 492 47 2 will
1544200337249468 AUDIO_PLAYBACK_ONSET 493 47 3 sleep
1544200337942132 AUDIO_PLAYBACK_ONSET _ 47 END_OF_WAV
1544200338127514 AUDIO_PLAYBACK_DONE 47.wav
1544200338121220 CHEETAH_SIGNAL SENT_AFTER_TIME 5139.544131
1544200338156241 CHEETAH_SIGNAL SENT_AFTER_TIME 5139.579215
1544200339127514 AUDIO_PLAYBACK_ONSET 494 141 1 who
1544200339272472 AUDIO_PLAYBACK_ONSET 495 141 2 collapsed?
1544200340178051 AUDIO_PLAYBACK_ONSET _ 141 END_OF_WAV
1544200340197834 AUDIO_PLAYBACK_DONE 141.wav
1544200340200379 CHEETAH_SIGNAL SENT_AFTER_TIME 5141.623255
1544200340235847 CHEETAH_SIGNAL SENT_AFTER_TIME 5141.658771
1544200341197834 AUDIO_PLAYBACK_ONSET 496 55 1 the
1544200341321154 AUDIO_PLAYBACK_ONSET 497 55 2 girls
1544200341645158 AUDIO_PLAYBACK_ONSET 498 55 3 cough
1544200342222141 AUDIO_PLAYBACK_ONSET _ 55 END_OF_WAV
1544200342385318 AUDIO_PLAYBACK_DONE 55.wav
1544200342383490 CHEETAH_SIGNAL SENT_AFTER_TIME 5143.806412
1544200342418480 CHEETAH_SIGNAL SENT_AFTER_TIME 5143.841509
1544200343385318 AUDIO_PLAYBACK_ONSET 499 149 1 the
1544200343493738 AUDIO_PLAYBACK_ONSET 500 149 2 girl
1544200343755600 AUDIO_PLAYBACK_ONSET 501 149 3 cries
1544200344523316 AUDIO_PLAYBACK_ONSET _ 149 END_OF_WAV
1544200344541575 AUDIO_PLAYBACK_DONE 149.wav
1544200344540532 CHEETAH_SIGNAL SENT_AFTER_TIME 5145.963435
1544200344575464 CHEETAH_SIGNAL SENT_AFTER_TIME 5145.998498
1544200345541575 AUDIO_PLAYBACK_ONSET 502 113 1 What
1544200345707453 AUDIO_PLAYBACK_ONSET 503 113 2 will
1544200345854061 AUDIO_PLAYBACK_ONSET 504 113 3 the
1544200345997393 AUDIO_PLAYBACK_ONSET 505 113 4 boy
1544200346178401 AUDIO_PLAYBACK_ONSET 506 113 5 smell?
1544200346712414 AUDIO_PLAYBACK_ONSET _ 113 END_OF_WAV
1544200346760307 AUDIO_PLAYBACK_DONE 113.wav
1544200346757706 CHEETAH_SIGNAL SENT_AFTER_TIME 5148.180675
1544200346792827 CHEETAH_SIGNAL SENT_AFTER_TIME 5148.215837
1544200347760307 AUDIO_PLAYBACK_ONSET 507 63 1 he
1544200347881195 AUDIO_PLAYBACK_ONSET 508 63 2 sneezes
1544200348620466 AUDIO_PLAYBACK_ONSET _ 63 END_OF_WAV
1544200348924390 AUDIO_PLAYBACK_DONE 63.wav
1544200348925951 CHEETAH_SIGNAL SENT_AFTER_TIME 5150.348845
