1493480735791656 CHEETAH_SIGNAL SENT_AFTER_TIME 794083.124744
1493480738712534 CHEETAH_SIGNAL SENT_AFTER_TIME 794086.046398
1493480738770240 CHEETAH_SIGNAL SENT_AFTER_TIME 794086.103883
1493480738738019 DISPLAY_INSTRUCTIONS Stimuli/instructions_audio_sentences.png
1493480782976386 KEY_PRESS space
1493480783009544 CHEETAH_SIGNAL SENT_AFTER_TIME 794130.344125
1493480783114017 CHEETAH_SIGNAL SENT_AFTER_TIME 794130.448321
1493480783080470 DISPLAY_INSTRUCTIONS OFF
1493480783159102 CHEETAH_SIGNAL SENT_AFTER_TIME 794130.493523
1493480783192475 CHEETAH_SIGNAL SENT_AFTER_TIME 794130.526929
1493480783246894 CHEETAH_SIGNAL SENT_AFTER_TIME 794130.581182
1493480783213320 DISPLAY_FIXATION
1493480786449892 AUDIO_PLAYBACK_ONSET 1.wav
1493480787324867 AUDIO_PLAYBACK_DONE 1.wav
1493480782972746 KEY_PRESS space
1493480783036750 KEY_PRESS space
1493480788324825 AUDIO_PLAYBACK_ONSET 2.wav
1493480789746634 AUDIO_PLAYBACK_DONE 2.wav
1493480790746593 AUDIO_PLAYBACK_ONSET 3.wav
1493480792238711 AUDIO_PLAYBACK_DONE 3.wav
1493480792124510 KEY_PRESS l
1493480793238670 AUDIO_PLAYBACK_ONSET 4.wav
1493480794295247 AUDIO_PLAYBACK_DONE 4.wav
1493480792300378 KEY_PRESS l
1493480795295206 AUDIO_PLAYBACK_ONSET 5.wav
1493480796758029 AUDIO_PLAYBACK_DONE 5.wav
1493480797757988 AUDIO_PLAYBACK_ONSET 6.wav
1493480798984494 AUDIO_PLAYBACK_DONE 6.wav
1493480799984453 AUDIO_PLAYBACK_ONSET 7.wav
1493480801078151 AUDIO_PLAYBACK_DONE 7.wav
1493480802078110 AUDIO_PLAYBACK_ONSET 8.wav
1493480803257749 AUDIO_PLAYBACK_DONE 8.wav
1493480804257708 AUDIO_PLAYBACK_ONSET 9.wav
1493480805507637 AUDIO_PLAYBACK_DONE 9.wav
1493480806507595 AUDIO_PLAYBACK_ONSET 10.wav
1493480807632541 AUDIO_PLAYBACK_DONE 10.wav
1493480808632500 AUDIO_PLAYBACK_ONSET 11.wav
1493480809585571 AUDIO_PLAYBACK_DONE 11.wav
1493480810585530 AUDIO_PLAYBACK_ONSET 12.wav
1493480811991711 AUDIO_PLAYBACK_DONE 12.wav
1493480812991670 AUDIO_PLAYBACK_ONSET 13.wav
1493480814835361 AUDIO_PLAYBACK_DONE 13.wav
1493480814683579 KEY_PRESS l
1493480815835319 AUDIO_PLAYBACK_ONSET 14.wav
1493480817179009 AUDIO_PLAYBACK_DONE 14.wav
1493480814867499 KEY_PRESS l
1493480818178967 AUDIO_PLAYBACK_ONSET 15.wav
1493480819241423 AUDIO_PLAYBACK_DONE 15.wav
1493480820241382 AUDIO_PLAYBACK_ONSET 16.wav
1493480821710052 AUDIO_PLAYBACK_DONE 16.wav
1493480822710011 AUDIO_PLAYBACK_ONSET 17.wav
1493480823709950 AUDIO_PLAYBACK_DONE 17.wav
1493480824709909 AUDIO_PLAYBACK_ONSET 18.wav
1493480826209851 AUDIO_PLAYBACK_DONE 18.wav
1493480827209809 AUDIO_PLAYBACK_ONSET 19.wav
1493480828241017 AUDIO_PLAYBACK_DONE 19.wav
1493480826419059 KEY_PRESS l
1493480826651173 KEY_PRESS l
1493480829240975 AUDIO_PLAYBACK_ONSET 20.wav
1493480830459661 AUDIO_PLAYBACK_DONE 20.wav
1493480831459619 AUDIO_PLAYBACK_ONSET 21.wav
1493480832428309 AUDIO_PLAYBACK_DONE 21.wav
1493480833428268 AUDIO_PLAYBACK_ONSET 22.wav
1493480834584482 AUDIO_PLAYBACK_DONE 22.wav
1493480835584441 AUDIO_PLAYBACK_ONSET 23.wav
1493480837084358 AUDIO_PLAYBACK_DONE 23.wav
1493480838084316 AUDIO_PLAYBACK_ONSET 24.wav
1493480839677997 AUDIO_PLAYBACK_DONE 24.wav
1493480839210553 KEY_PRESS l
1493480839402541 KEY_PRESS l
1493480840677956 AUDIO_PLAYBACK_ONSET 25.wav
1493480842177876 AUDIO_PLAYBACK_DONE 25.wav
1493480843177834 AUDIO_PLAYBACK_ONSET 26.wav
1493480844537148 AUDIO_PLAYBACK_DONE 26.wav
1493480845537107 AUDIO_PLAYBACK_ONSET 27.wav
1493480847224525 AUDIO_PLAYBACK_DONE 27.wav
1493480848224483 AUDIO_PLAYBACK_ONSET 28.wav
1493480849724424 AUDIO_PLAYBACK_DONE 28.wav
1493480850724383 AUDIO_PLAYBACK_ONSET 29.wav
1493480852224300 AUDIO_PLAYBACK_DONE 29.wav
1493480853224258 AUDIO_PLAYBACK_ONSET 30.wav
1493480854724178 AUDIO_PLAYBACK_DONE 30.wav
1493480855724137 AUDIO_PLAYBACK_ONSET 31.wav
1493480856974063 AUDIO_PLAYBACK_DONE 31.wav
1493480857974022 AUDIO_PLAYBACK_ONSET 32.wav
1493480859208329 AUDIO_PLAYBACK_DONE 32.wav
1493480860208287 AUDIO_PLAYBACK_ONSET 33.wav
1493480861348855 AUDIO_PLAYBACK_DONE 33.wav
1493480862348814 AUDIO_PLAYBACK_ONSET 34.wav
1493480863723748 AUDIO_PLAYBACK_DONE 34.wav
1493480864723706 AUDIO_PLAYBACK_ONSET 35.wav
1493480866286142 AUDIO_PLAYBACK_DONE 35.wav
1493480867286100 AUDIO_PLAYBACK_ONSET 36.wav
1493480868536048 AUDIO_PLAYBACK_DONE 36.wav
1493480869536007 AUDIO_PLAYBACK_ONSET 37.wav
1493480870629706 AUDIO_PLAYBACK_DONE 37.wav
1493480871629664 AUDIO_PLAYBACK_ONSET 38.wav
1493480872910880 AUDIO_PLAYBACK_DONE 38.wav
1493480873910839 AUDIO_PLAYBACK_ONSET 39.wav
1493480875785754 AUDIO_PLAYBACK_DONE 39.wav
1493480876785713 AUDIO_PLAYBACK_ONSET 40.wav
1493480878223141 AUDIO_PLAYBACK_DONE 40.wav
1493480879223100 AUDIO_PLAYBACK_ONSET 41.wav
1493480880449603 AUDIO_PLAYBACK_DONE 41.wav
1493480881449562 AUDIO_PLAYBACK_ONSET 42.wav
1493480882605753 AUDIO_PLAYBACK_DONE 42.wav
1493480883605712 AUDIO_PLAYBACK_ONSET 43.wav
1493480884855662 AUDIO_PLAYBACK_DONE 43.wav
1493480885855620 AUDIO_PLAYBACK_ONSET 44.wav
1493480887043056 AUDIO_PLAYBACK_DONE 44.wav
1493480888043015 AUDIO_PLAYBACK_ONSET 45.wav
1493480889136736 AUDIO_PLAYBACK_DONE 45.wav
1493480890136694 AUDIO_PLAYBACK_ONSET 46.wav
1493480891199167 AUDIO_PLAYBACK_DONE 46.wav
1493480892199126 AUDIO_PLAYBACK_ONSET 47.wav
1493480893433432 AUDIO_PLAYBACK_DONE 47.wav
1493480894433390 AUDIO_PLAYBACK_ONSET 48.wav
1493480895605204 AUDIO_PLAYBACK_DONE 48.wav
1493480896605162 AUDIO_PLAYBACK_ONSET 49.wav
1493480897870759 AUDIO_PLAYBACK_DONE 49.wav
1493480898870718 AUDIO_PLAYBACK_ONSET 50.wav
1493480899972218 AUDIO_PLAYBACK_DONE 50.wav
1493480898312111 KEY_PRESS l
1493480898512088 KEY_PRESS l
1493480900972177 AUDIO_PLAYBACK_ONSET 51.wav
1493480902315867 AUDIO_PLAYBACK_DONE 51.wav
1493480903315826 AUDIO_PLAYBACK_ONSET 52.wav
1493480904565777 AUDIO_PLAYBACK_DONE 52.wav
1493480905565735 AUDIO_PLAYBACK_ONSET 53.wav
1493480907065651 AUDIO_PLAYBACK_DONE 53.wav
1493480908065610 AUDIO_PLAYBACK_ONSET 54.wav
1493480909315539 AUDIO_PLAYBACK_DONE 54.wav
1493480910315498 AUDIO_PLAYBACK_ONSET 55.wav
1493480911502955 AUDIO_PLAYBACK_DONE 55.wav
1493480912502913 AUDIO_PLAYBACK_ONSET 56.wav
1493480914284092 AUDIO_PLAYBACK_DONE 56.wav
1493480915284051 AUDIO_PLAYBACK_ONSET 57.wav
1493480916518357 AUDIO_PLAYBACK_DONE 57.wav
1493480917518316 AUDIO_PLAYBACK_ONSET 58.wav
1493480918744821 AUDIO_PLAYBACK_DONE 58.wav
1493480916679352 KEY_PRESS l
1493480916879332 KEY_PRESS l
1493480919744779 AUDIO_PLAYBACK_ONSET 59.wav
1493480921049421 AUDIO_PLAYBACK_DONE 59.wav
1493480922049380 AUDIO_PLAYBACK_ONSET 60.wav
1493480923830557 AUDIO_PLAYBACK_DONE 60.wav
1493480924830516 AUDIO_PLAYBACK_ONSET 61.wav
1493480926330434 AUDIO_PLAYBACK_DONE 61.wav
1493480927330392 AUDIO_PLAYBACK_ONSET 62.wav
1493480928799067 AUDIO_PLAYBACK_DONE 62.wav
1493480929799025 AUDIO_PLAYBACK_ONSET 63.wav
1493480930963036 AUDIO_PLAYBACK_DONE 63.wav
1493480931962995 AUDIO_PLAYBACK_ONSET 64.wav
1493480932947332 AUDIO_PLAYBACK_DONE 64.wav
1493480933947290 AUDIO_PLAYBACK_ONSET 65.wav
1493480935322224 AUDIO_PLAYBACK_DONE 65.wav
1493480936322182 AUDIO_PLAYBACK_ONSET 66.wav
1493480937533066 AUDIO_PLAYBACK_DONE 66.wav
1493480938533025 AUDIO_PLAYBACK_ONSET 67.wav
1493480939454848 AUDIO_PLAYBACK_DONE 67.wav
1493480940454807 AUDIO_PLAYBACK_ONSET 68.wav
1493480941431323 AUDIO_PLAYBACK_DONE 68.wav
1493480942431281 AUDIO_PLAYBACK_ONSET 69.wav
1493480943728099 AUDIO_PLAYBACK_DONE 69.wav
1493480944728058 AUDIO_PLAYBACK_ONSET 70.wav
1493480946259244 AUDIO_PLAYBACK_DONE 70.wav
1493480947259202 AUDIO_PLAYBACK_ONSET 71.wav
1493480948259141 AUDIO_PLAYBACK_DONE 71.wav
1493480949259100 AUDIO_PLAYBACK_ONSET 72.wav
1493480950743392 AUDIO_PLAYBACK_DONE 72.wav
1493480951743351 AUDIO_PLAYBACK_ONSET 73.wav
1493480953133910 AUDIO_PLAYBACK_DONE 73.wav
1493480954133869 AUDIO_PLAYBACK_ONSET 74.wav
1493480955321303 AUDIO_PLAYBACK_DONE 74.wav
1493480956321261 AUDIO_PLAYBACK_ONSET 75.wav
1493480957321200 AUDIO_PLAYBACK_DONE 75.wav
1493480955757734 KEY_PRESS l
1493480955957711 KEY_PRESS l
1493480958321158 AUDIO_PLAYBACK_ONSET 76.wav
1493480959633623 AUDIO_PLAYBACK_DONE 76.wav
1493480960633582 AUDIO_PLAYBACK_ONSET 77.wav
1493480961680410 AUDIO_PLAYBACK_DONE 77.wav
1493480962680369 AUDIO_PLAYBACK_ONSET 78.wav
1493480964102174 AUDIO_PLAYBACK_DONE 78.wav
1493480965102133 AUDIO_PLAYBACK_ONSET 79.wav
1493480966414575 AUDIO_PLAYBACK_DONE 79.wav
1493480967414534 AUDIO_PLAYBACK_ONSET 80.wav
1493480968633216 AUDIO_PLAYBACK_DONE 80.wav
1493480969633175 AUDIO_PLAYBACK_ONSET 81.wav
1493480970820609 AUDIO_PLAYBACK_DONE 81.wav
1493480971820567 AUDIO_PLAYBACK_ONSET 82.wav
1493480973101765 AUDIO_PLAYBACK_DONE 82.wav
1493480974101724 AUDIO_PLAYBACK_ONSET 83.wav
1493480975789140 AUDIO_PLAYBACK_DONE 83.wav
1493480976789099 AUDIO_PLAYBACK_ONSET 84.wav
1493480978039027 AUDIO_PLAYBACK_DONE 84.wav
1493480979038986 AUDIO_PLAYBACK_ONSET 85.wav
1493480980382676 AUDIO_PLAYBACK_DONE 85.wav
1493480981382635 AUDIO_PLAYBACK_ONSET 86.wav
1493480982695075 AUDIO_PLAYBACK_DONE 86.wav
1493480983695034 AUDIO_PLAYBACK_ONSET 87.wav
1493480984804356 AUDIO_PLAYBACK_DONE 87.wav
1493480985804315 AUDIO_PLAYBACK_ONSET 88.wav
1493480987022998 AUDIO_PLAYBACK_DONE 88.wav
1493480988022957 AUDIO_PLAYBACK_ONSET 89.wav
1493480988952601 AUDIO_PLAYBACK_DONE 89.wav
1493480989952560 AUDIO_PLAYBACK_ONSET 90.wav
1493480991343139 AUDIO_PLAYBACK_DONE 90.wav
1493480992343098 AUDIO_PLAYBACK_ONSET 91.wav
1493480993249299 AUDIO_PLAYBACK_DONE 91.wav
1493480994249258 AUDIO_PLAYBACK_ONSET 92.wav
1493480995499207 AUDIO_PLAYBACK_DONE 92.wav
1493480996499166 AUDIO_PLAYBACK_ONSET 93.wav
1493480998014728 AUDIO_PLAYBACK_DONE 93.wav
1493480999014687 AUDIO_PLAYBACK_ONSET 94.wav
1493481000233369 AUDIO_PLAYBACK_DONE 94.wav
1493481001233328 AUDIO_PLAYBACK_ONSET 95.wav
1493481002506724 AUDIO_PLAYBACK_DONE 95.wav
1493481003506683 AUDIO_PLAYBACK_ONSET 96.wav
1493481004858171 AUDIO_PLAYBACK_DONE 96.wav
1493481005858129 AUDIO_PLAYBACK_ONSET 97.wav
1493481007510421 AUDIO_PLAYBACK_DONE 97.wav
1493481008510379 AUDIO_PLAYBACK_ONSET 98.wav
1493481009857988 AUDIO_PLAYBACK_DONE 98.wav
1493481010857946 AUDIO_PLAYBACK_ONSET 99.wav
1493481011951646 AUDIO_PLAYBACK_DONE 99.wav
1493481012951605 AUDIO_PLAYBACK_ONSET 100.wav
1493481013826558 AUDIO_PLAYBACK_DONE 100.wav
1493481014826517 AUDIO_PLAYBACK_ONSET 101.wav
1493481016060822 AUDIO_PLAYBACK_DONE 101.wav
1493481017060780 AUDIO_PLAYBACK_ONSET 102.wav
1493481018654462 AUDIO_PLAYBACK_DONE 102.wav
1493481019654420 AUDIO_PLAYBACK_ONSET 103.wav
1493481021044976 AUDIO_PLAYBACK_DONE 103.wav
1493481022044934 AUDIO_PLAYBACK_ONSET 104.wav
1493481023669859 AUDIO_PLAYBACK_DONE 104.wav
1493481024669817 AUDIO_PLAYBACK_ONSET 105.wav
1493481025884600 AUDIO_PLAYBACK_DONE 105.wav
1493481026884559 AUDIO_PLAYBACK_ONSET 106.wav
1493481028103239 AUDIO_PLAYBACK_DONE 106.wav
1493481029103198 AUDIO_PLAYBACK_ONSET 107.wav
1493481030267230 AUDIO_PLAYBACK_DONE 107.wav
1493481031267188 AUDIO_PLAYBACK_ONSET 108.wav
1493481032751484 AUDIO_PLAYBACK_DONE 108.wav
1493481033751442 AUDIO_PLAYBACK_ONSET 109.wav
1493481035196712 AUDIO_PLAYBACK_DONE 109.wav
1493481036196670 AUDIO_PLAYBACK_ONSET 110.wav
1493481037727880 AUDIO_PLAYBACK_DONE 110.wav
1493481038727838 AUDIO_PLAYBACK_ONSET 111.wav
1493481040009033 AUDIO_PLAYBACK_DONE 111.wav
1493481041008992 AUDIO_PLAYBACK_ONSET 112.wav
1493481041946440 AUDIO_PLAYBACK_DONE 112.wav
1493481042946399 AUDIO_PLAYBACK_ONSET 113.wav
1493481044165079 AUDIO_PLAYBACK_DONE 113.wav
1493481045165038 AUDIO_PLAYBACK_ONSET 114.wav
1493481046399342 AUDIO_PLAYBACK_DONE 114.wav
1493481047399300 AUDIO_PLAYBACK_ONSET 115.wav
1493481049196119 AUDIO_PLAYBACK_DONE 115.wav
1493481050196078 AUDIO_PLAYBACK_ONSET 116.wav
1493481051258532 AUDIO_PLAYBACK_DONE 116.wav
1493481052258490 AUDIO_PLAYBACK_ONSET 117.wav
1493481053633424 AUDIO_PLAYBACK_DONE 117.wav
1493481054633383 AUDIO_PLAYBACK_ONSET 118.wav
1493481056133301 AUDIO_PLAYBACK_DONE 118.wav
1493481057133259 AUDIO_PLAYBACK_ONSET 119.wav
1493481058289471 AUDIO_PLAYBACK_DONE 119.wav
1493481059289429 AUDIO_PLAYBACK_ONSET 120.wav
1493481060586248 AUDIO_PLAYBACK_DONE 120.wav
1493481061586206 AUDIO_PLAYBACK_ONSET 121.wav
1493481063023632 AUDIO_PLAYBACK_DONE 121.wav
1493481064023590 AUDIO_PLAYBACK_ONSET 122.wav
1493481065211047 AUDIO_PLAYBACK_DONE 122.wav
1493481066211006 AUDIO_PLAYBACK_ONSET 123.wav
1493481067507822 AUDIO_PLAYBACK_DONE 123.wav
1493481068507781 AUDIO_PLAYBACK_ONSET 124.wav
1493481069492097 AUDIO_PLAYBACK_DONE 124.wav
1493481070492055 AUDIO_PLAYBACK_ONSET 125.wav
1493481071617000 AUDIO_PLAYBACK_DONE 125.wav
1493481072616958 AUDIO_PLAYBACK_ONSET 126.wav
1493481074007537 AUDIO_PLAYBACK_DONE 126.wav
1493481075007495 AUDIO_PLAYBACK_ONSET 127.wav
1493481076187130 AUDIO_PLAYBACK_DONE 127.wav
1493481077187088 AUDIO_PLAYBACK_ONSET 128.wav
1493481078499531 AUDIO_PLAYBACK_DONE 128.wav
1493481079499489 AUDIO_PLAYBACK_ONSET 129.wav
1493481080624435 AUDIO_PLAYBACK_DONE 129.wav
1493481081624394 AUDIO_PLAYBACK_ONSET 130.wav
1493481082936833 AUDIO_PLAYBACK_DONE 130.wav
1493481083936792 AUDIO_PLAYBACK_ONSET 131.wav
1493481084811747 AUDIO_PLAYBACK_DONE 131.wav
1493481085811705 AUDIO_PLAYBACK_ONSET 132.wav
1493481087424925 AUDIO_PLAYBACK_DONE 132.wav
1493481088424884 AUDIO_PLAYBACK_ONSET 133.wav
1493481089752950 AUDIO_PLAYBACK_DONE 133.wav
1493481090752909 AUDIO_PLAYBACK_ONSET 134.wav
1493481091541947 AUDIO_PLAYBACK_DONE 134.wav
1493481092541906 AUDIO_PLAYBACK_ONSET 135.wav
1493481093592656 AUDIO_PLAYBACK_DONE 135.wav
1493481094592615 AUDIO_PLAYBACK_ONSET 136.wav
1493481096209714 AUDIO_PLAYBACK_DONE 136.wav
1493481097209672 AUDIO_PLAYBACK_ONSET 137.wav
1493481098631474 AUDIO_PLAYBACK_DONE 137.wav
1493481099631433 AUDIO_PLAYBACK_ONSET 138.wav
1493481100834493 AUDIO_PLAYBACK_DONE 138.wav
1493481101834452 AUDIO_PLAYBACK_ONSET 139.wav
1493481103014085 AUDIO_PLAYBACK_DONE 139.wav
1493481104014044 AUDIO_PLAYBACK_ONSET 140.wav
1493481105295239 AUDIO_PLAYBACK_DONE 140.wav
1493481106295197 AUDIO_PLAYBACK_ONSET 141.wav
1493481107365449 AUDIO_PLAYBACK_DONE 141.wav
1493481108365407 AUDIO_PLAYBACK_ONSET 142.wav
1493481109810678 AUDIO_PLAYBACK_DONE 142.wav
1493481110810636 AUDIO_PLAYBACK_ONSET 143.wav
1493481111927780 AUDIO_PLAYBACK_DONE 143.wav
1493481112927739 AUDIO_PLAYBACK_ONSET 144.wav
1493481114240179 AUDIO_PLAYBACK_DONE 144.wav
1493481115240138 AUDIO_PLAYBACK_ONSET 145.wav
1493481116630696 AUDIO_PLAYBACK_DONE 145.wav
1493481117630655 AUDIO_PLAYBACK_ONSET 146.wav
1493481119005586 AUDIO_PLAYBACK_DONE 146.wav
1493481120005545 AUDIO_PLAYBACK_ONSET 147.wav
1493481121357033 AUDIO_PLAYBACK_DONE 147.wav
1493481122356991 AUDIO_PLAYBACK_ONSET 148.wav
1493481123622567 AUDIO_PLAYBACK_DONE 148.wav
1493481124622525 AUDIO_PLAYBACK_ONSET 149.wav
1493481125778715 AUDIO_PLAYBACK_DONE 149.wav
1493481126778673 AUDIO_PLAYBACK_ONSET 150.wav
1493481128028623 AUDIO_PLAYBACK_DONE 150.wav
1493481129028582 AUDIO_PLAYBACK_ONSET 151.wav
1493481130059787 AUDIO_PLAYBACK_DONE 151.wav
1493481131059746 AUDIO_PLAYBACK_ONSET 152.wav
1493481132122220 AUDIO_PLAYBACK_DONE 152.wav
