1493481647693787 CHEETAH_SIGNAL SENT_AFTER_TIME 794995.065144
1493481650517835 CHEETAH_SIGNAL SENT_AFTER_TIME 794997.889416
1493481650583182 CHEETAH_SIGNAL SENT_AFTER_TIME 794997.954392
1493481650550539 DISPLAY_INSTRUCTIONS Stimuli/instructions_audio_sentences.png
1493481671906754 KEY_PRESS space
1493481671939752 CHEETAH_SIGNAL SENT_AFTER_TIME 795019.311225
1493481672038532 CHEETAH_SIGNAL SENT_AFTER_TIME 795019.409642
1493481672004990 DISPLAY_INSTRUCTIONS OFF
1493481672083147 CHEETAH_SIGNAL SENT_AFTER_TIME 795019.454740
1493481672116428 CHEETAH_SIGNAL SENT_AFTER_TIME 795019.487778
1493481672172159 CHEETAH_SIGNAL SENT_AFTER_TIME 795019.543230
1493481672138568 DISPLAY_FIXATION
1493481675373034 AUDIO_PLAYBACK_ONSET 8.wav
1493481676552690 AUDIO_PLAYBACK_DONE 8.wav
1493481671903948 KEY_PRESS space
1493481672287944 KEY_PRESS space
1493481677552649 AUDIO_PLAYBACK_ONSET 64.wav
1493481678536987 AUDIO_PLAYBACK_DONE 64.wav
1493481679536946 AUDIO_PLAYBACK_ONSET 134.wav
1493481680325969 AUDIO_PLAYBACK_DONE 134.wav
1493481681325928 AUDIO_PLAYBACK_ONSET 44.wav
1493481682513361 AUDIO_PLAYBACK_DONE 44.wav
1493481683513320 AUDIO_PLAYBACK_ONSET 46.wav
1493481684575796 AUDIO_PLAYBACK_DONE 46.wav
1493481682551714 KEY_PRESS l
1493481682823593 KEY_PRESS l
1493481685575755 AUDIO_PLAYBACK_ONSET 99.wav
1493481686669452 AUDIO_PLAYBACK_DONE 99.wav
1493481687669411 AUDIO_PLAYBACK_ONSET 125.wav
1493481688794358 AUDIO_PLAYBACK_DONE 125.wav
1493481689794317 AUDIO_PLAYBACK_ONSET 139.wav
1493481690973953 AUDIO_PLAYBACK_DONE 139.wav
1493481691973912 AUDIO_PLAYBACK_ONSET 146.wav
1493481693348850 AUDIO_PLAYBACK_DONE 146.wav
1493481694348808 AUDIO_PLAYBACK_ONSET 59.wav
1493481695653450 AUDIO_PLAYBACK_DONE 59.wav
1493481696653409 AUDIO_PLAYBACK_ONSET 121.wav
1493481698090835 AUDIO_PLAYBACK_DONE 121.wav
1493481699090794 AUDIO_PLAYBACK_ONSET 1.wav
1493481699965771 AUDIO_PLAYBACK_DONE 1.wav
1493481700965729 AUDIO_PLAYBACK_ONSET 144.wav
1493481702278171 AUDIO_PLAYBACK_DONE 144.wav
1493481703278130 AUDIO_PLAYBACK_ONSET 60.wav
1493481705059310 AUDIO_PLAYBACK_DONE 60.wav
1493481706059269 AUDIO_PLAYBACK_ONSET 27.wav
1493481707746685 AUDIO_PLAYBACK_DONE 27.wav
1493481708746643 AUDIO_PLAYBACK_ONSET 93.wav
1493481710262207 AUDIO_PLAYBACK_DONE 93.wav
1493481711262165 AUDIO_PLAYBACK_ONSET 122.wav
1493481712449603 AUDIO_PLAYBACK_DONE 122.wav
1493481713449562 AUDIO_PLAYBACK_ONSET 138.wav
1493481714652620 AUDIO_PLAYBACK_DONE 138.wav
1493481715652578 AUDIO_PLAYBACK_ONSET 56.wav
1493481717433756 AUDIO_PLAYBACK_DONE 56.wav
1493481718433714 AUDIO_PLAYBACK_ONSET 128.wav
1493481719746180 AUDIO_PLAYBACK_DONE 128.wav
1493481720746139 AUDIO_PLAYBACK_ONSET 92.wav
1493481721996066 AUDIO_PLAYBACK_DONE 92.wav
1493481722996024 AUDIO_PLAYBACK_ONSET 71.wav
1493481723995963 AUDIO_PLAYBACK_DONE 71.wav
1493481724995922 AUDIO_PLAYBACK_ONSET 6.wav
1493481726222428 AUDIO_PLAYBACK_DONE 6.wav
1493481727222386 AUDIO_PLAYBACK_ONSET 104.wav
1493481728847314 AUDIO_PLAYBACK_DONE 104.wav
1493481729847273 AUDIO_PLAYBACK_ONSET 131.wav
1493481730722227 AUDIO_PLAYBACK_DONE 131.wav
1493481731722185 AUDIO_PLAYBACK_ONSET 12.wav
1493481733128368 AUDIO_PLAYBACK_DONE 12.wav
1493481734128327 AUDIO_PLAYBACK_ONSET 35.wav
1493481735690783 AUDIO_PLAYBACK_DONE 35.wav
1493481736690741 AUDIO_PLAYBACK_ONSET 41.wav
1493481737917248 AUDIO_PLAYBACK_DONE 41.wav
1493481738917206 AUDIO_PLAYBACK_ONSET 148.wav
1493481740182781 AUDIO_PLAYBACK_DONE 148.wav
1493481741182739 AUDIO_PLAYBACK_ONSET 14.wav
1493481742526426 AUDIO_PLAYBACK_DONE 14.wav
1493481743526384 AUDIO_PLAYBACK_ONSET 25.wav
1493481745026304 AUDIO_PLAYBACK_DONE 25.wav
1493481746026263 AUDIO_PLAYBACK_ONSET 40.wav
1493481747463689 AUDIO_PLAYBACK_DONE 40.wav
1493481748463648 AUDIO_PLAYBACK_ONSET 136.wav
1493481750080751 AUDIO_PLAYBACK_DONE 136.wav
1493481751080710 AUDIO_PLAYBACK_ONSET 73.wav
1493481752471267 AUDIO_PLAYBACK_DONE 73.wav
1493481753471226 AUDIO_PLAYBACK_ONSET 76.wav
1493481754783690 AUDIO_PLAYBACK_DONE 76.wav
1493481755783649 AUDIO_PLAYBACK_ONSET 86.wav
1493481757096091 AUDIO_PLAYBACK_DONE 86.wav
1493481758096049 AUDIO_PLAYBACK_ONSET 57.wav
1493481759330356 AUDIO_PLAYBACK_DONE 57.wav
1493481760330315 AUDIO_PLAYBACK_ONSET 23.wav
1493481761830254 AUDIO_PLAYBACK_DONE 23.wav
1493481762830212 AUDIO_PLAYBACK_ONSET 39.wav
1493481764705128 AUDIO_PLAYBACK_DONE 39.wav
1493481765705086 AUDIO_PLAYBACK_ONSET 52.wav
1493481766955017 AUDIO_PLAYBACK_DONE 52.wav
1493481767954976 AUDIO_PLAYBACK_ONSET 42.wav
1493481769111165 AUDIO_PLAYBACK_DONE 42.wav
1493481770111124 AUDIO_PLAYBACK_ONSET 145.wav
1493481771501682 AUDIO_PLAYBACK_DONE 145.wav
1493481772501641 AUDIO_PLAYBACK_ONSET 109.wav
1493481773946913 AUDIO_PLAYBACK_DONE 109.wav
1493481774946872 AUDIO_PLAYBACK_ONSET 96.wav
1493481776298361 AUDIO_PLAYBACK_DONE 96.wav
1493481777298319 AUDIO_PLAYBACK_ONSET 129.wav
1493481778423267 AUDIO_PLAYBACK_DONE 129.wav
1493481779423225 AUDIO_PLAYBACK_ONSET 33.wav
1493481780563792 AUDIO_PLAYBACK_DONE 33.wav
1493481781563751 AUDIO_PLAYBACK_ONSET 38.wav
1493481782844951 AUDIO_PLAYBACK_DONE 38.wav
1493481783844909 AUDIO_PLAYBACK_ONSET 87.wav
1493481784954229 AUDIO_PLAYBACK_DONE 87.wav
1493481785954188 AUDIO_PLAYBACK_ONSET 108.wav
1493481787438485 AUDIO_PLAYBACK_DONE 108.wav
1493481788438444 AUDIO_PLAYBACK_ONSET 80.wav
1493481789657124 AUDIO_PLAYBACK_DONE 80.wav
1493481790657082 AUDIO_PLAYBACK_ONSET 48.wav
1493481791828896 AUDIO_PLAYBACK_DONE 48.wav
1493481792828854 AUDIO_PLAYBACK_ONSET 7.wav
1493481793922576 AUDIO_PLAYBACK_DONE 7.wav
1493481794922535 AUDIO_PLAYBACK_ONSET 28.wav
1493481796422450 AUDIO_PLAYBACK_DONE 28.wav
1493481797422409 AUDIO_PLAYBACK_ONSET 13.wav
1493481799266079 AUDIO_PLAYBACK_DONE 13.wav
1493481798994772 KEY_PRESS l
1493481800266037 AUDIO_PLAYBACK_ONSET 94.wav
1493481801484720 AUDIO_PLAYBACK_DONE 94.wav
1493481799354795 KEY_PRESS l
1493481802484679 AUDIO_PLAYBACK_ONSET 142.wav
1493481803929928 AUDIO_PLAYBACK_DONE 142.wav
1493481804929886 AUDIO_PLAYBACK_ONSET 135.wav
1493481805980639 AUDIO_PLAYBACK_DONE 135.wav
1493481806980597 AUDIO_PLAYBACK_ONSET 79.wav
1493481808293038 AUDIO_PLAYBACK_DONE 79.wav
1493481809292997 AUDIO_PLAYBACK_ONSET 78.wav
1493481810714803 AUDIO_PLAYBACK_DONE 78.wav
1493481811714761 AUDIO_PLAYBACK_ONSET 111.wav
1493481812995981 AUDIO_PLAYBACK_DONE 111.wav
1493481813995940 AUDIO_PLAYBACK_ONSET 91.wav
1493481814902140 AUDIO_PLAYBACK_DONE 91.wav
1493481815902099 AUDIO_PLAYBACK_ONSET 150.wav
1493481817152048 AUDIO_PLAYBACK_DONE 150.wav
1493481818152007 AUDIO_PLAYBACK_ONSET 2.wav
1493481819573809 AUDIO_PLAYBACK_DONE 2.wav
1493481820573768 AUDIO_PLAYBACK_ONSET 117.wav
1493481821948725 AUDIO_PLAYBACK_DONE 117.wav
1493481822948683 AUDIO_PLAYBACK_ONSET 120.wav
1493481824245503 AUDIO_PLAYBACK_DONE 120.wav
1493481825245461 AUDIO_PLAYBACK_ONSET 83.wav
1493481826932879 AUDIO_PLAYBACK_DONE 83.wav
1493481827932838 AUDIO_PLAYBACK_ONSET 147.wav
1493481829284327 AUDIO_PLAYBACK_DONE 147.wav
1493481830284286 AUDIO_PLAYBACK_ONSET 30.wav
1493481831784202 AUDIO_PLAYBACK_DONE 30.wav
1493481832784161 AUDIO_PLAYBACK_ONSET 112.wav
1493481833721608 AUDIO_PLAYBACK_DONE 112.wav
1493481834721567 AUDIO_PLAYBACK_ONSET 61.wav
1493481836221486 AUDIO_PLAYBACK_DONE 61.wav
1493481837221444 AUDIO_PLAYBACK_ONSET 116.wav
1493481838283896 AUDIO_PLAYBACK_DONE 116.wav
1493481839283855 AUDIO_PLAYBACK_ONSET 102.wav
1493481840877531 AUDIO_PLAYBACK_DONE 102.wav
1493481841877490 AUDIO_PLAYBACK_ONSET 15.wav
1493481842939943 AUDIO_PLAYBACK_DONE 15.wav
1493481843939901 AUDIO_PLAYBACK_ONSET 72.wav
1493481845424218 AUDIO_PLAYBACK_DONE 72.wav
1493481846424176 AUDIO_PLAYBACK_ONSET 110.wav
1493481847955362 AUDIO_PLAYBACK_DONE 110.wav
1493481847384824 KEY_PRESS l
1493481847784789 KEY_PRESS l
1493481848955321 AUDIO_PLAYBACK_ONSET 49.wav
1493481850220896 AUDIO_PLAYBACK_DONE 49.wav
1493481851220855 AUDIO_PLAYBACK_ONSET 32.wav
1493481852455161 AUDIO_PLAYBACK_DONE 32.wav
1493481850320688 KEY_PRESS l
1493481850744668 KEY_PRESS l
1493481853455119 AUDIO_PLAYBACK_ONSET 137.wav
1493481854876919 AUDIO_PLAYBACK_DONE 137.wav
1493481855876878 AUDIO_PLAYBACK_ONSET 65.wav
1493481857251814 AUDIO_PLAYBACK_DONE 65.wav
1493481858251773 AUDIO_PLAYBACK_ONSET 126.wav
1493481859642350 AUDIO_PLAYBACK_DONE 126.wav
1493481860642309 AUDIO_PLAYBACK_ONSET 4.wav
1493481861698890 AUDIO_PLAYBACK_DONE 4.wav
1493481862698849 AUDIO_PLAYBACK_ONSET 3.wav
1493481864190964 AUDIO_PLAYBACK_DONE 3.wav
1493481865190922 AUDIO_PLAYBACK_ONSET 24.wav
1493481866784600 AUDIO_PLAYBACK_DONE 24.wav
1493481864312062 KEY_PRESS l
1493481864712090 KEY_PRESS l
1493481866288027 KEY_PRESS l
1493481866687980 KEY_PRESS l
1493481867784559 AUDIO_PLAYBACK_ONSET 29.wav
1493481869284500 AUDIO_PLAYBACK_DONE 29.wav
1493481870284459 AUDIO_PLAYBACK_ONSET 114.wav
1493481871518763 AUDIO_PLAYBACK_DONE 114.wav
1493481872518722 AUDIO_PLAYBACK_ONSET 22.wav
1493481873674914 AUDIO_PLAYBACK_DONE 22.wav
1493481874674873 AUDIO_PLAYBACK_ONSET 17.wav
1493481875674833 AUDIO_PLAYBACK_DONE 17.wav
1493481876674792 AUDIO_PLAYBACK_ONSET 37.wav
1493481877768490 AUDIO_PLAYBACK_DONE 37.wav
1493481878768448 AUDIO_PLAYBACK_ONSET 19.wav
1493481879799675 AUDIO_PLAYBACK_DONE 19.wav
1493481880799633 AUDIO_PLAYBACK_ONSET 88.wav
1493481882018316 AUDIO_PLAYBACK_DONE 88.wav
1493481883018274 AUDIO_PLAYBACK_ONSET 143.wav
1493481884135418 AUDIO_PLAYBACK_DONE 143.wav
1493481885135377 AUDIO_PLAYBACK_ONSET 98.wav
1493481886482965 AUDIO_PLAYBACK_DONE 98.wav
1493481887482924 AUDIO_PLAYBACK_ONSET 124.wav
1493481888467240 AUDIO_PLAYBACK_DONE 124.wav
1493481889467198 AUDIO_PLAYBACK_ONSET 36.wav
1493481890717125 AUDIO_PLAYBACK_DONE 36.wav
1493481891717083 AUDIO_PLAYBACK_ONSET 53.wav
1493481893217001 AUDIO_PLAYBACK_DONE 53.wav
1493481894216960 AUDIO_PLAYBACK_ONSET 18.wav
1493481895716900 AUDIO_PLAYBACK_DONE 18.wav
1493481896716858 AUDIO_PLAYBACK_ONSET 34.wav
1493481898091791 AUDIO_PLAYBACK_DONE 34.wav
1493481899091750 AUDIO_PLAYBACK_ONSET 84.wav
1493481900341701 AUDIO_PLAYBACK_DONE 84.wav
1493481901341660 AUDIO_PLAYBACK_ONSET 127.wav
1493481902521295 AUDIO_PLAYBACK_DONE 127.wav
1493481903521254 AUDIO_PLAYBACK_ONSET 152.wav
1493481904583728 AUDIO_PLAYBACK_DONE 152.wav
1493481905583686 AUDIO_PLAYBACK_ONSET 20.wav
1493481906802366 AUDIO_PLAYBACK_DONE 20.wav
1493481907802324 AUDIO_PLAYBACK_ONSET 82.wav
1493481909083521 AUDIO_PLAYBACK_DONE 82.wav
1493481910083480 AUDIO_PLAYBACK_ONSET 119.wav
1493481911239693 AUDIO_PLAYBACK_DONE 119.wav
1493481912239652 AUDIO_PLAYBACK_ONSET 70.wav
1493481913770836 AUDIO_PLAYBACK_DONE 70.wav
1493481914770795 AUDIO_PLAYBACK_ONSET 58.wav
1493481915997302 AUDIO_PLAYBACK_DONE 58.wav
1493481916997261 AUDIO_PLAYBACK_ONSET 11.wav
1493481917950327 AUDIO_PLAYBACK_DONE 11.wav
1493481918950286 AUDIO_PLAYBACK_ONSET 105.wav
1493481920165089 AUDIO_PLAYBACK_DONE 105.wav
1493481921165048 AUDIO_PLAYBACK_ONSET 10.wav
1493481922289991 AUDIO_PLAYBACK_DONE 10.wav
1493481923289949 AUDIO_PLAYBACK_ONSET 118.wav
1493481924789868 AUDIO_PLAYBACK_DONE 118.wav
1493481925789827 AUDIO_PLAYBACK_ONSET 100.wav
1493481926664778 AUDIO_PLAYBACK_DONE 100.wav
1493481927664737 AUDIO_PLAYBACK_ONSET 97.wav
1493481929317008 AUDIO_PLAYBACK_DONE 97.wav
1493481930316966 AUDIO_PLAYBACK_ONSET 123.wav
1493481931613806 AUDIO_PLAYBACK_DONE 123.wav
1493481932613765 AUDIO_PLAYBACK_ONSET 31.wav
1493481933863691 AUDIO_PLAYBACK_DONE 31.wav
1493481934863650 AUDIO_PLAYBACK_ONSET 89.wav
1493481935793297 AUDIO_PLAYBACK_DONE 89.wav
1493481936793256 AUDIO_PLAYBACK_ONSET 16.wav
1493481938261926 AUDIO_PLAYBACK_DONE 16.wav
1493481939261885 AUDIO_PLAYBACK_ONSET 130.wav
1493481940574329 AUDIO_PLAYBACK_DONE 130.wav
1493481941574287 AUDIO_PLAYBACK_ONSET 5.wav
1493481943037108 AUDIO_PLAYBACK_DONE 5.wav
1493481944037066 AUDIO_PLAYBACK_ONSET 95.wav
1493481945310438 AUDIO_PLAYBACK_DONE 95.wav
1493481946310397 AUDIO_PLAYBACK_ONSET 74.wav
1493481947497834 AUDIO_PLAYBACK_DONE 74.wav
1493481948497792 AUDIO_PLAYBACK_ONSET 107.wav
1493481949661828 AUDIO_PLAYBACK_DONE 107.wav
1493481947820664 KEY_PRESS l
1493481948196632 KEY_PRESS l
1493481950661787 AUDIO_PLAYBACK_ONSET 103.wav
1493481952052343 AUDIO_PLAYBACK_DONE 103.wav
1493481953052302 AUDIO_PLAYBACK_ONSET 68.wav
1493481954028839 AUDIO_PLAYBACK_DONE 68.wav
1493481955028797 AUDIO_PLAYBACK_ONSET 62.wav
1493481956497465 AUDIO_PLAYBACK_DONE 62.wav
1493481957497424 AUDIO_PLAYBACK_ONSET 90.wav
1493481958888002 AUDIO_PLAYBACK_DONE 90.wav
1493481959887961 AUDIO_PLAYBACK_ONSET 21.wav
1493481960856652 AUDIO_PLAYBACK_DONE 21.wav
1493481961856610 AUDIO_PLAYBACK_ONSET 66.wav
1493481963067493 AUDIO_PLAYBACK_DONE 66.wav
1493481964067452 AUDIO_PLAYBACK_ONSET 50.wav
1493481965168948 AUDIO_PLAYBACK_DONE 50.wav
1493481966168907 AUDIO_PLAYBACK_ONSET 81.wav
1493481967356343 AUDIO_PLAYBACK_DONE 81.wav
1493481968356301 AUDIO_PLAYBACK_ONSET 69.wav
1493481969653144 AUDIO_PLAYBACK_DONE 69.wav
1493481970653102 AUDIO_PLAYBACK_ONSET 132.wav
1493481972266301 AUDIO_PLAYBACK_DONE 132.wav
1493481973266260 AUDIO_PLAYBACK_ONSET 77.wav
1493481974313090 AUDIO_PLAYBACK_DONE 77.wav
1493481975313048 AUDIO_PLAYBACK_ONSET 51.wav
1493481976656757 AUDIO_PLAYBACK_DONE 51.wav
1493481977656715 AUDIO_PLAYBACK_ONSET 26.wav
1493481979016028 AUDIO_PLAYBACK_DONE 26.wav
1493481980015987 AUDIO_PLAYBACK_ONSET 67.wav
1493481980937807 AUDIO_PLAYBACK_DONE 67.wav
1493481981937766 AUDIO_PLAYBACK_ONSET 101.wav
1493481983172072 AUDIO_PLAYBACK_DONE 101.wav
1493481984172031 AUDIO_PLAYBACK_ONSET 133.wav
1493481985500119 AUDIO_PLAYBACK_DONE 133.wav
1493481986500077 AUDIO_PLAYBACK_ONSET 106.wav
1493481987718758 AUDIO_PLAYBACK_DONE 106.wav
1493481988718716 AUDIO_PLAYBACK_ONSET 75.wav
1493481989718657 AUDIO_PLAYBACK_DONE 75.wav
1493481990718616 AUDIO_PLAYBACK_ONSET 140.wav
1493481991999808 AUDIO_PLAYBACK_DONE 140.wav
1493481992999767 AUDIO_PLAYBACK_ONSET 54.wav
1493481994249695 AUDIO_PLAYBACK_DONE 54.wav
1493481995249654 AUDIO_PLAYBACK_ONSET 85.wav
1493481996593361 AUDIO_PLAYBACK_DONE 85.wav
1493481997593320 AUDIO_PLAYBACK_ONSET 115.wav
1493481999390120 AUDIO_PLAYBACK_DONE 115.wav
1493482000390078 AUDIO_PLAYBACK_ONSET 9.wav
1493482001640029 AUDIO_PLAYBACK_DONE 9.wav
1493482002639988 AUDIO_PLAYBACK_ONSET 43.wav
1493482003889914 AUDIO_PLAYBACK_DONE 43.wav
1493482004889873 AUDIO_PLAYBACK_ONSET 151.wav
1493482005921082 AUDIO_PLAYBACK_DONE 151.wav
1493482006921041 AUDIO_PLAYBACK_ONSET 45.wav
1493482008014736 AUDIO_PLAYBACK_DONE 45.wav
1493482009014695 AUDIO_PLAYBACK_ONSET 47.wav
1493482010249001 AUDIO_PLAYBACK_DONE 47.wav
1493482011248960 AUDIO_PLAYBACK_ONSET 141.wav
1493482012319234 AUDIO_PLAYBACK_DONE 141.wav
1493482013319193 AUDIO_PLAYBACK_ONSET 55.wav
1493482014506628 AUDIO_PLAYBACK_DONE 55.wav
1493482015506586 AUDIO_PLAYBACK_ONSET 149.wav
1493482016662795 AUDIO_PLAYBACK_DONE 149.wav
1493482017662754 AUDIO_PLAYBACK_ONSET 113.wav
1493482018881436 AUDIO_PLAYBACK_DONE 113.wav
1493482019881394 AUDIO_PLAYBACK_ONSET 63.wav
1493482021045429 AUDIO_PLAYBACK_DONE 63.wav
