1493482524426843 CHEETAH_SIGNAL SENT_AFTER_TIME 795871.834984
1493482526875233 CHEETAH_SIGNAL SENT_AFTER_TIME 795874.283103
1493482526938314 CHEETAH_SIGNAL SENT_AFTER_TIME 795874.345633
1493482526905399 DISPLAY_INSTRUCTIONS Stimuli/instructions_audio_sentences.png
1493482544335528 KEY_PRESS space
1493482544368558 CHEETAH_SIGNAL SENT_AFTER_TIME 795891.776166
1493482544466958 CHEETAH_SIGNAL SENT_AFTER_TIME 795891.874161
1493482544433385 DISPLAY_INSTRUCTIONS OFF
1493482544512190 CHEETAH_SIGNAL SENT_AFTER_TIME 795891.919344
1493482544545432 CHEETAH_SIGNAL SENT_AFTER_TIME 795891.952938
1493482544593738 CHEETAH_SIGNAL SENT_AFTER_TIME 795892.002014
1493482544561203 DISPLAY_FIXATION
1493482547794555 AUDIO_PLAYBACK_ONSET 44.wav
1493482548982012 AUDIO_PLAYBACK_DONE 44.wav
1493482544331833 KEY_PRESS space
1493482544851811 KEY_PRESS space
1493482549981971 AUDIO_PLAYBACK_ONSET 125.wav
1493482551106940 AUDIO_PLAYBACK_DONE 125.wav
1493482549251759 KEY_PRESS l
1493482549579743 KEY_PRESS l
1493482552106899 AUDIO_PLAYBACK_ONSET 86.wav
1493482553419344 AUDIO_PLAYBACK_DONE 86.wav
1493482554419303 AUDIO_PLAYBACK_ONSET 9.wav
1493482555669228 AUDIO_PLAYBACK_DONE 9.wav
1493482556669187 AUDIO_PLAYBACK_ONSET 41.wav
1493482557895695 AUDIO_PLAYBACK_DONE 41.wav
1493482558895654 AUDIO_PLAYBACK_ONSET 109.wav
1493482560340905 AUDIO_PLAYBACK_DONE 109.wav
1493482561340863 AUDIO_PLAYBACK_ONSET 34.wav
1493482562715799 AUDIO_PLAYBACK_DONE 34.wav
1493482563715757 AUDIO_PLAYBACK_ONSET 53.wav
1493482565215679 AUDIO_PLAYBACK_DONE 53.wav
1493482566215638 AUDIO_PLAYBACK_ONSET 15.wav
1493482567278090 AUDIO_PLAYBACK_DONE 15.wav
1493482568278048 AUDIO_PLAYBACK_ONSET 106.wav
1493482569496732 AUDIO_PLAYBACK_DONE 106.wav
1493482570496690 AUDIO_PLAYBACK_ONSET 130.wav
1493482571809156 AUDIO_PLAYBACK_DONE 130.wav
1493482572809115 AUDIO_PLAYBACK_ONSET 123.wav
1493482574105935 AUDIO_PLAYBACK_DONE 123.wav
1493482575105894 AUDIO_PLAYBACK_ONSET 28.wav
1493482576605813 AUDIO_PLAYBACK_DONE 28.wav
1493482577605772 AUDIO_PLAYBACK_ONSET 21.wav
1493482578574465 AUDIO_PLAYBACK_DONE 21.wav
1493482579574424 AUDIO_PLAYBACK_ONSET 147.wav
1493482580925935 AUDIO_PLAYBACK_DONE 147.wav
1493482581925893 AUDIO_PLAYBACK_ONSET 78.wav
1493482583347696 AUDIO_PLAYBACK_DONE 78.wav
1493482584347655 AUDIO_PLAYBACK_ONSET 51.wav
1493482585691346 AUDIO_PLAYBACK_DONE 51.wav
1493482586691305 AUDIO_PLAYBACK_ONSET 116.wav
1493482587753759 AUDIO_PLAYBACK_DONE 116.wav
1493482588753718 AUDIO_PLAYBACK_ONSET 138.wav
1493482589956778 AUDIO_PLAYBACK_DONE 138.wav
1493482590956736 AUDIO_PLAYBACK_ONSET 60.wav
1493482592737935 AUDIO_PLAYBACK_DONE 60.wav
1493482593737893 AUDIO_PLAYBACK_ONSET 33.wav
1493482594878459 AUDIO_PLAYBACK_DONE 33.wav
1493482595878418 AUDIO_PLAYBACK_ONSET 47.wav
1493482597112725 AUDIO_PLAYBACK_DONE 47.wav
1493482598112684 AUDIO_PLAYBACK_ONSET 152.wav
1493482599175138 AUDIO_PLAYBACK_DONE 152.wav
1493482600175097 AUDIO_PLAYBACK_ONSET 82.wav
1493482601456295 AUDIO_PLAYBACK_DONE 82.wav
1493482602456253 AUDIO_PLAYBACK_ONSET 22.wav
1493482603612466 AUDIO_PLAYBACK_DONE 22.wav
1493482604612425 AUDIO_PLAYBACK_ONSET 52.wav
1493482605862355 AUDIO_PLAYBACK_DONE 52.wav
1493482606862314 AUDIO_PLAYBACK_ONSET 73.wav
1493482608252873 AUDIO_PLAYBACK_DONE 73.wav
1493482609252832 AUDIO_PLAYBACK_ONSET 115.wav
1493482611049654 AUDIO_PLAYBACK_DONE 115.wav
1493482612049613 AUDIO_PLAYBACK_ONSET 89.wav
1493482612979260 AUDIO_PLAYBACK_DONE 89.wav
1493482613979218 AUDIO_PLAYBACK_ONSET 18.wav
1493482615479134 AUDIO_PLAYBACK_DONE 18.wav
1493482616479093 AUDIO_PLAYBACK_ONSET 57.wav
1493482617713400 AUDIO_PLAYBACK_DONE 57.wav
1493482615521021 KEY_PRESS l
1493482615896993 KEY_PRESS l
1493482618713358 AUDIO_PLAYBACK_ONSET 101.wav
1493482619947686 AUDIO_PLAYBACK_DONE 101.wav
1493482617792914 KEY_PRESS l
1493482618184834 KEY_PRESS l
1493482620947645 AUDIO_PLAYBACK_ONSET 12.wav
1493482622353824 AUDIO_PLAYBACK_DONE 12.wav
1493482623353783 AUDIO_PLAYBACK_ONSET 124.wav
1493482624338100 AUDIO_PLAYBACK_DONE 124.wav
1493482625338059 AUDIO_PLAYBACK_ONSET 10.wav
1493482626463001 AUDIO_PLAYBACK_DONE 10.wav
1493482627462960 AUDIO_PLAYBACK_ONSET 40.wav
1493482628900387 AUDIO_PLAYBACK_DONE 40.wav
1493482629900346 AUDIO_PLAYBACK_ONSET 128.wav
1493482631212812 AUDIO_PLAYBACK_DONE 128.wav
1493482632212770 AUDIO_PLAYBACK_ONSET 32.wav
1493482633447074 AUDIO_PLAYBACK_DONE 32.wav
1493482634447033 AUDIO_PLAYBACK_ONSET 121.wav
1493482635884482 AUDIO_PLAYBACK_DONE 121.wav
1493482636884441 AUDIO_PLAYBACK_ONSET 16.wav
1493482638353115 AUDIO_PLAYBACK_DONE 16.wav
1493482639353074 AUDIO_PLAYBACK_ONSET 58.wav
1493482640579580 AUDIO_PLAYBACK_DONE 58.wav
1493482641579539 AUDIO_PLAYBACK_ONSET 104.wav
1493482643204485 AUDIO_PLAYBACK_DONE 104.wav
1493482644204444 AUDIO_PLAYBACK_ONSET 27.wav
1493482645891861 AUDIO_PLAYBACK_DONE 27.wav
1493482646891820 AUDIO_PLAYBACK_ONSET 49.wav
1493482648157392 AUDIO_PLAYBACK_DONE 49.wav
1493482649157351 AUDIO_PLAYBACK_ONSET 88.wav
1493482650376032 AUDIO_PLAYBACK_DONE 88.wav
1493482648639652 KEY_PRESS l
1493482648999657 KEY_PRESS l
1493482651375991 AUDIO_PLAYBACK_ONSET 13.wav
1493482653219658 AUDIO_PLAYBACK_DONE 13.wav
1493482652927475 KEY_PRESS l
1493482654219616 AUDIO_PLAYBACK_ONSET 102.wav
1493482655813317 AUDIO_PLAYBACK_DONE 102.wav
1493482653335439 KEY_PRESS l
1493482656813276 AUDIO_PLAYBACK_ONSET 45.wav
1493482657906974 AUDIO_PLAYBACK_DONE 45.wav
1493482658906932 AUDIO_PLAYBACK_ONSET 71.wav
1493482659906873 AUDIO_PLAYBACK_DONE 71.wav
1493482660906831 AUDIO_PLAYBACK_ONSET 137.wav
1493482662328633 AUDIO_PLAYBACK_DONE 137.wav
1493482663328591 AUDIO_PLAYBACK_ONSET 66.wav
1493482664539474 AUDIO_PLAYBACK_DONE 66.wav
1493482665539433 AUDIO_PLAYBACK_ONSET 105.wav
1493482666754237 AUDIO_PLAYBACK_DONE 105.wav
1493482667754196 AUDIO_PLAYBACK_ONSET 2.wav
1493482669175998 AUDIO_PLAYBACK_DONE 2.wav
1493482670175957 AUDIO_PLAYBACK_ONSET 90.wav
1493482671566514 AUDIO_PLAYBACK_DONE 90.wav
1493482672566473 AUDIO_PLAYBACK_ONSET 74.wav
1493482673753906 AUDIO_PLAYBACK_DONE 74.wav
1493482674753865 AUDIO_PLAYBACK_ONSET 31.wav
1493482676003793 AUDIO_PLAYBACK_DONE 31.wav
1493482673958609 KEY_PRESS l
1493482674262577 KEY_PRESS l
1493482677003752 AUDIO_PLAYBACK_ONSET 141.wav
1493482678074003 AUDIO_PLAYBACK_DONE 141.wav
1493482679073961 AUDIO_PLAYBACK_ONSET 25.wav
1493482680573880 AUDIO_PLAYBACK_DONE 25.wav
1493482681573839 AUDIO_PLAYBACK_ONSET 3.wav
1493482683065957 AUDIO_PLAYBACK_DONE 3.wav
1493482684065916 AUDIO_PLAYBACK_ONSET 37.wav
1493482685159637 AUDIO_PLAYBACK_DONE 37.wav
1493482683150181 KEY_PRESS l
1493482683438197 KEY_PRESS l
1493482686159596 AUDIO_PLAYBACK_ONSET 62.wav
1493482687628269 AUDIO_PLAYBACK_DONE 62.wav
1493482688628228 AUDIO_PLAYBACK_ONSET 20.wav
1493482689846931 AUDIO_PLAYBACK_DONE 20.wav
1493482690846890 AUDIO_PLAYBACK_ONSET 7.wav
1493482691940588 AUDIO_PLAYBACK_DONE 7.wav
1493482692940546 AUDIO_PLAYBACK_ONSET 85.wav
1493482694284257 AUDIO_PLAYBACK_DONE 85.wav
1493482695284215 AUDIO_PLAYBACK_ONSET 65.wav
1493482696659148 AUDIO_PLAYBACK_DONE 65.wav
1493482697659107 AUDIO_PLAYBACK_ONSET 81.wav
1493482698846546 AUDIO_PLAYBACK_DONE 81.wav
1493482699846504 AUDIO_PLAYBACK_ONSET 26.wav
1493482701205817 AUDIO_PLAYBACK_DONE 26.wav
1493482702205776 AUDIO_PLAYBACK_ONSET 56.wav
1493482703986952 AUDIO_PLAYBACK_DONE 56.wav
1493482704986910 AUDIO_PLAYBACK_ONSET 150.wav
1493482706236840 AUDIO_PLAYBACK_DONE 150.wav
1493482707236798 AUDIO_PLAYBACK_ONSET 117.wav
1493482708611755 AUDIO_PLAYBACK_DONE 117.wav
1493482709611714 AUDIO_PLAYBACK_ONSET 23.wav
1493482711111631 AUDIO_PLAYBACK_DONE 23.wav
1493482712111589 AUDIO_PLAYBACK_ONSET 96.wav
1493482713463102 AUDIO_PLAYBACK_DONE 96.wav
1493482714463060 AUDIO_PLAYBACK_ONSET 76.wav
1493482715775503 AUDIO_PLAYBACK_DONE 76.wav
1493482716775461 AUDIO_PLAYBACK_ONSET 80.wav
1493482717994167 AUDIO_PLAYBACK_DONE 80.wav
1493482718994126 AUDIO_PLAYBACK_ONSET 54.wav
1493482720244052 AUDIO_PLAYBACK_DONE 54.wav
1493482721244010 AUDIO_PLAYBACK_ONSET 72.wav
1493482722728307 AUDIO_PLAYBACK_DONE 72.wav
1493482723728266 AUDIO_PLAYBACK_ONSET 4.wav
1493482724784847 AUDIO_PLAYBACK_DONE 4.wav
1493482725784805 AUDIO_PLAYBACK_ONSET 132.wav
1493482727398009 AUDIO_PLAYBACK_DONE 132.wav
1493482728397967 AUDIO_PLAYBACK_ONSET 98.wav
1493482729745555 AUDIO_PLAYBACK_DONE 98.wav
1493482730745514 AUDIO_PLAYBACK_ONSET 64.wav
1493482731729827 AUDIO_PLAYBACK_DONE 64.wav
1493482732729786 AUDIO_PLAYBACK_ONSET 50.wav
1493482733831286 AUDIO_PLAYBACK_DONE 50.wav
1493482734831245 AUDIO_PLAYBACK_ONSET 94.wav
1493482736049926 AUDIO_PLAYBACK_DONE 94.wav
1493482737049885 AUDIO_PLAYBACK_ONSET 14.wav
1493482738393575 AUDIO_PLAYBACK_DONE 14.wav
1493482739393534 AUDIO_PLAYBACK_ONSET 48.wav
1493482740565348 AUDIO_PLAYBACK_DONE 48.wav
1493482741565307 AUDIO_PLAYBACK_ONSET 119.wav
1493482742721498 AUDIO_PLAYBACK_DONE 119.wav
1493482743721457 AUDIO_PLAYBACK_ONSET 75.wav
1493482744721417 AUDIO_PLAYBACK_DONE 75.wav
1493482745721376 AUDIO_PLAYBACK_ONSET 8.wav
1493482746901011 AUDIO_PLAYBACK_DONE 8.wav
1493482747900970 AUDIO_PLAYBACK_ONSET 67.wav
1493482748822795 AUDIO_PLAYBACK_DONE 67.wav
1493482749822753 AUDIO_PLAYBACK_ONSET 112.wav
1493482750760198 AUDIO_PLAYBACK_DONE 112.wav
1493482751760157 AUDIO_PLAYBACK_ONSET 108.wav
1493482753244474 AUDIO_PLAYBACK_DONE 108.wav
1493482754244432 AUDIO_PLAYBACK_ONSET 91.wav
1493482755150631 AUDIO_PLAYBACK_DONE 91.wav
1493482756150589 AUDIO_PLAYBACK_ONSET 133.wav
1493482757478655 AUDIO_PLAYBACK_DONE 133.wav
1493482758478614 AUDIO_PLAYBACK_ONSET 17.wav
1493482759478551 AUDIO_PLAYBACK_DONE 17.wav
1493482760478510 AUDIO_PLAYBACK_ONSET 68.wav
1493482761455027 AUDIO_PLAYBACK_DONE 68.wav
1493482762454985 AUDIO_PLAYBACK_ONSET 97.wav
1493482764107254 AUDIO_PLAYBACK_DONE 97.wav
1493482765107212 AUDIO_PLAYBACK_ONSET 114.wav
1493482766341514 AUDIO_PLAYBACK_DONE 114.wav
1493482767341473 AUDIO_PLAYBACK_ONSET 142.wav
1493482768786723 AUDIO_PLAYBACK_DONE 142.wav
1493482769786682 AUDIO_PLAYBACK_ONSET 87.wav
1493482770896023 AUDIO_PLAYBACK_DONE 87.wav
1493482771895981 AUDIO_PLAYBACK_ONSET 144.wav
1493482773208425 AUDIO_PLAYBACK_DONE 144.wav
1493482774208384 AUDIO_PLAYBACK_ONSET 148.wav
1493482775473954 AUDIO_PLAYBACK_DONE 148.wav
1493482776473913 AUDIO_PLAYBACK_ONSET 69.wav
1493482777770733 AUDIO_PLAYBACK_DONE 69.wav
1493482778770692 AUDIO_PLAYBACK_ONSET 111.wav
1493482780051910 AUDIO_PLAYBACK_DONE 111.wav
1493482781051868 AUDIO_PLAYBACK_ONSET 113.wav
1493482782270549 AUDIO_PLAYBACK_DONE 113.wav
1493482783270507 AUDIO_PLAYBACK_ONSET 118.wav
1493482784770426 AUDIO_PLAYBACK_DONE 118.wav
1493482785770385 AUDIO_PLAYBACK_ONSET 120.wav
1493482787067204 AUDIO_PLAYBACK_DONE 120.wav
1493482788067163 AUDIO_PLAYBACK_ONSET 36.wav
1493482789317090 AUDIO_PLAYBACK_DONE 36.wav
1493482790317049 AUDIO_PLAYBACK_ONSET 145.wav
1493482791707625 AUDIO_PLAYBACK_DONE 145.wav
1493482792707584 AUDIO_PLAYBACK_ONSET 134.wav
1493482793496602 AUDIO_PLAYBACK_DONE 134.wav
1493482794496561 AUDIO_PLAYBACK_ONSET 143.wav
1493482795613705 AUDIO_PLAYBACK_DONE 143.wav
1493482796613664 AUDIO_PLAYBACK_ONSET 42.wav
1493482797769853 AUDIO_PLAYBACK_DONE 42.wav
1493482798769812 AUDIO_PLAYBACK_ONSET 126.wav
1493482800160370 AUDIO_PLAYBACK_DONE 126.wav
1493482801160329 AUDIO_PLAYBACK_ONSET 38.wav
1493482802441546 AUDIO_PLAYBACK_DONE 38.wav
1493482803441504 AUDIO_PLAYBACK_ONSET 103.wav
1493482804832062 AUDIO_PLAYBACK_DONE 103.wav
1493482805832020 AUDIO_PLAYBACK_ONSET 43.wav
1493482807081971 AUDIO_PLAYBACK_DONE 43.wav
1493482808081929 AUDIO_PLAYBACK_ONSET 35.wav
1493482809644361 AUDIO_PLAYBACK_DONE 35.wav
1493482810644319 AUDIO_PLAYBACK_ONSET 93.wav
1493482812159905 AUDIO_PLAYBACK_DONE 93.wav
1493482813159864 AUDIO_PLAYBACK_ONSET 146.wav
1493482814534796 AUDIO_PLAYBACK_DONE 146.wav
1493482815534755 AUDIO_PLAYBACK_ONSET 110.wav
1493482817065941 AUDIO_PLAYBACK_DONE 110.wav
1493482818065900 AUDIO_PLAYBACK_ONSET 46.wav
1493482819128374 AUDIO_PLAYBACK_DONE 46.wav
1493482820128333 AUDIO_PLAYBACK_ONSET 136.wav
1493482821745433 AUDIO_PLAYBACK_DONE 136.wav
1493482822745391 AUDIO_PLAYBACK_ONSET 95.wav
1493482824018767 AUDIO_PLAYBACK_DONE 95.wav
1493482825018726 AUDIO_PLAYBACK_ONSET 151.wav
1493482826049951 AUDIO_PLAYBACK_DONE 151.wav
1493482827049910 AUDIO_PLAYBACK_ONSET 30.wav
1493482828549829 AUDIO_PLAYBACK_DONE 30.wav
1493482829549787 AUDIO_PLAYBACK_ONSET 122.wav
1493482830737242 AUDIO_PLAYBACK_DONE 122.wav
1493482831737201 AUDIO_PLAYBACK_ONSET 77.wav
1493482832784032 AUDIO_PLAYBACK_DONE 77.wav
1493482833783990 AUDIO_PLAYBACK_ONSET 139.wav
1493482834963648 AUDIO_PLAYBACK_DONE 139.wav
1493482835963607 AUDIO_PLAYBACK_ONSET 55.wav
1493482837151043 AUDIO_PLAYBACK_DONE 55.wav
1493482838151001 AUDIO_PLAYBACK_ONSET 107.wav
1493482839315035 AUDIO_PLAYBACK_DONE 107.wav
1493482840314994 AUDIO_PLAYBACK_ONSET 39.wav
1493482842189906 AUDIO_PLAYBACK_DONE 39.wav
1493482843189865 AUDIO_PLAYBACK_ONSET 127.wav
1493482844369499 AUDIO_PLAYBACK_DONE 127.wav
1493482845369458 AUDIO_PLAYBACK_ONSET 149.wav
1493482846525649 AUDIO_PLAYBACK_DONE 149.wav
1493482847525607 AUDIO_PLAYBACK_ONSET 140.wav
1493482848806800 AUDIO_PLAYBACK_DONE 140.wav
1493482849806759 AUDIO_PLAYBACK_ONSET 6.wav
1493482851033262 AUDIO_PLAYBACK_DONE 6.wav
1493482852033221 AUDIO_PLAYBACK_ONSET 131.wav
1493482852908173 AUDIO_PLAYBACK_DONE 131.wav
1493482853908132 AUDIO_PLAYBACK_ONSET 84.wav
1493482855158082 AUDIO_PLAYBACK_DONE 84.wav
1493482856158041 AUDIO_PLAYBACK_ONSET 5.wav
1493482857620860 AUDIO_PLAYBACK_DONE 5.wav
1493482858620819 AUDIO_PLAYBACK_ONSET 24.wav
1493482860214497 AUDIO_PLAYBACK_DONE 24.wav
1493482859758902 KEY_PRESS l
1493482860086882 KEY_PRESS l
1493482861214456 AUDIO_PLAYBACK_ONSET 61.wav
1493482862714374 AUDIO_PLAYBACK_DONE 61.wav
1493482863714333 AUDIO_PLAYBACK_ONSET 1.wav
1493482864589285 AUDIO_PLAYBACK_DONE 1.wav
1493482865589243 AUDIO_PLAYBACK_ONSET 92.wav
1493482866839173 AUDIO_PLAYBACK_DONE 92.wav
1493482867839131 AUDIO_PLAYBACK_ONSET 99.wav
1493482868932848 AUDIO_PLAYBACK_DONE 99.wav
1493482869932807 AUDIO_PLAYBACK_ONSET 135.wav
1493482870983537 AUDIO_PLAYBACK_DONE 135.wav
1493482871983496 AUDIO_PLAYBACK_ONSET 70.wav
1493482873514681 AUDIO_PLAYBACK_DONE 70.wav
1493482874514640 AUDIO_PLAYBACK_ONSET 83.wav
1493482876202054 AUDIO_PLAYBACK_DONE 83.wav
1493482877202013 AUDIO_PLAYBACK_ONSET 63.wav
1493482878366027 AUDIO_PLAYBACK_DONE 63.wav
1493482879365986 AUDIO_PLAYBACK_ONSET 29.wav
1493482880865901 AUDIO_PLAYBACK_DONE 29.wav
1493482881865860 AUDIO_PLAYBACK_ONSET 129.wav
1493482882990805 AUDIO_PLAYBACK_DONE 129.wav
1493482883990764 AUDIO_PLAYBACK_ONSET 100.wav
1493482884865717 AUDIO_PLAYBACK_DONE 100.wav
1493482885865676 AUDIO_PLAYBACK_ONSET 79.wav
1493482887178118 AUDIO_PLAYBACK_DONE 79.wav
1493482888178076 AUDIO_PLAYBACK_ONSET 11.wav
1493482889131167 AUDIO_PLAYBACK_DONE 11.wav
1493482890131125 AUDIO_PLAYBACK_ONSET 19.wav
1493482891162333 AUDIO_PLAYBACK_DONE 19.wav
1493482892162291 AUDIO_PLAYBACK_ONSET 59.wav
1493482893466909 AUDIO_PLAYBACK_DONE 59.wav
