1493481647693787 CHEETAH_SIGNAL SENT_AFTER_TIME 794995.065144
1493481650517835 CHEETAH_SIGNAL SENT_AFTER_TIME 794997.889416
1493481650583182 CHEETAH_SIGNAL SENT_AFTER_TIME 794997.954392
1493481650550539 DISPLAY_INSTRUCTIONS Stimuli/instructions_audio_sentences.png
1493481671906754 KEY_PRESS space
1493481671939752 CHEETAH_SIGNAL SENT_AFTER_TIME 795019.311225
1493481672038532 CHEETAH_SIGNAL SENT_AFTER_TIME 795019.409642
1493481672004990 DISPLAY_INSTRUCTIONS OFF
1493481672083147 CHEETAH_SIGNAL SENT_AFTER_TIME 795019.454740
1493481672116428 CHEETAH_SIGNAL SENT_AFTER_TIME 795019.487778
1493481672172159 CHEETAH_SIGNAL SENT_AFTER_TIME 795019.543230
1493481672138568 DISPLAY_FIXATION
1493481675373034 AUDIO_PLAYBACK_ONSET 1 8 1 he
1493481675484445 AUDIO_PLAYBACK_ONSET 2 8 2 will
1493481675646968 AUDIO_PLAYBACK_ONSET 3 8 3 sneeze
1493481676508739 AUDIO_PLAYBACK_ONSET _ 8 END_OF_WAV
1493481676552690 AUDIO_PLAYBACK_DONE 8.wav
1493481671903948 KEY_PRESS space
1493481672287944 KEY_PRESS space
1493481677552649 AUDIO_PLAYBACK_ONSET 4 64 1 who
1493481677708462 AUDIO_PLAYBACK_ONSET 5 64 2 remains?
1493481678530741 AUDIO_PLAYBACK_ONSET _ 64 END_OF_WAV
1493481678536987 AUDIO_PLAYBACK_DONE 64.wav
1493481679536946 AUDIO_PLAYBACK_ONSET 6 134 1 who
1493481679732905 AUDIO_PLAYBACK_ONSET 7 134 2 crawled?
1493481680293404 AUDIO_PLAYBACK_ONSET _ 134 END_OF_WAV
1493481680325969 AUDIO_PLAYBACK_DONE 134.wav
1493481681325928 AUDIO_PLAYBACK_ONSET 8 44 1 The
1493481681394183 AUDIO_PLAYBACK_ONSET 9 44 2 salad
1493481681749311 AUDIO_PLAYBACK_ONSET 10 44 3 is
1493481681922485 AUDIO_PLAYBACK_ONSET 11 44 4 tasty
1493481682498670 AUDIO_PLAYBACK_ONSET _ 44 END_OF_WAV
1493481682513361 AUDIO_PLAYBACK_DONE 44.wav
1493481683513320 AUDIO_PLAYBACK_ONSET 12 46 1 they
1493481683685784 AUDIO_PLAYBACK_ONSET 13 46 2 tickle
1493481683985681 AUDIO_PLAYBACK_ONSET 14 46 3 the
1493481684137772 AUDIO_PLAYBACK_ONSET 15 46 4 girl
1493481684556201 AUDIO_PLAYBACK_ONSET _ 46 END_OF_WAV
1493481684575796 AUDIO_PLAYBACK_DONE 46.wav
1493481682551714 KEY_PRESS l
1493481682823593 KEY_PRESS l
1493481685575755 AUDIO_PLAYBACK_ONSET 16 99 1 they
1493481685866487 AUDIO_PLAYBACK_ONSET 17 99 2 cough
1493481686564041 AUDIO_PLAYBACK_ONSET _ 99 END_OF_WAV
1493481686669452 AUDIO_PLAYBACK_DONE 99.wav
1493481687669411 AUDIO_PLAYBACK_ONSET 18 125 1 we
1493481687781706 AUDIO_PLAYBACK_ONSET 19 125 2 believed
1493481688047076 AUDIO_PLAYBACK_ONSET 20 125 3 that
1493481688174091 AUDIO_PLAYBACK_ONSET 21 125 4 he
1493481688298082 AUDIO_PLAYBACK_ONSET 22 125 5 cried
1493481688771363 AUDIO_PLAYBACK_ONSET _ 125 END_OF_WAV
1493481688794358 AUDIO_PLAYBACK_DONE 125.wav
1493481689794317 AUDIO_PLAYBACK_ONSET 23 139 1 he
1493481689875601 AUDIO_PLAYBACK_ONSET 24 139 2 saw
1493481690146738 AUDIO_PLAYBACK_ONSET 25 139 3 her
1493481690268036 AUDIO_PLAYBACK_ONSET 26 139 4 winking
1493481690866598 AUDIO_PLAYBACK_ONSET _ 139 END_OF_WAV
1493481690973953 AUDIO_PLAYBACK_DONE 139.wav
1493481691973912 AUDIO_PLAYBACK_ONSET 27 146 1 he
1493481692057561 AUDIO_PLAYBACK_ONSET 28 146 2 said
1493481692318144 AUDIO_PLAYBACK_ONSET 29 146 3 that
1493481692394840 AUDIO_PLAYBACK_ONSET 30 146 4 she
1493481692580574 AUDIO_PLAYBACK_ONSET 31 146 5 smiled
1493481693174740 AUDIO_PLAYBACK_ONSET _ 146 END_OF_WAV
1493481693348850 AUDIO_PLAYBACK_DONE 146.wav
1493481694348808 AUDIO_PLAYBACK_ONSET 32 59 1 who
1493481694516737 AUDIO_PLAYBACK_ONSET 33 59 2 arrives?
1493481695315497 AUDIO_PLAYBACK_ONSET _ 59 END_OF_WAV
1493481695653450 AUDIO_PLAYBACK_DONE 59.wav
1493481696653409 AUDIO_PLAYBACK_ONSET 34 121 1 What
1493481696817177 AUDIO_PLAYBACK_ONSET 35 121 2 did
1493481696938900 AUDIO_PLAYBACK_ONSET 36 121 3 the
1493481697044199 AUDIO_PLAYBACK_ONSET 37 121 4 girls
1493481697334014 AUDIO_PLAYBACK_ONSET 38 121 5 find?
1493481697937796 AUDIO_PLAYBACK_ONSET _ 121 END_OF_WAV
1493481698090835 AUDIO_PLAYBACK_DONE 121.wav
1493481699090794 AUDIO_PLAYBACK_ONSET 39 1 1 he
1493481699184019 AUDIO_PLAYBACK_ONSET 40 1 2 smiles
1493481699964923 AUDIO_PLAYBACK_ONSET _ 1 END_OF_WAV
1493481699965771 AUDIO_PLAYBACK_DONE 1.wav
1493481700965729 AUDIO_PLAYBACK_ONSET 41 144 1 the
1493481701087034 AUDIO_PLAYBACK_ONSET 42 144 2 girls
1493481701377229 AUDIO_PLAYBACK_ONSET 43 144 3 arrive
1493481702128738 AUDIO_PLAYBACK_ONSET _ 144 END_OF_WAV
1493481702278171 AUDIO_PLAYBACK_DONE 144.wav
1493481703278130 AUDIO_PLAYBACK_ONSET 44 60 1 the
1493481703421203 AUDIO_PLAYBACK_ONSET 45 60 2 boy
1493481703580414 AUDIO_PLAYBACK_ONSET 46 60 3 smelled
1493481703928763 AUDIO_PLAYBACK_ONSET 47 60 4 the
1493481703994602 AUDIO_PLAYBACK_ONSET 48 60 5 flowers
1493481704862481 AUDIO_PLAYBACK_ONSET _ 60 END_OF_WAV
1493481705059310 AUDIO_PLAYBACK_DONE 60.wav
1493481706059269 AUDIO_PLAYBACK_ONSET 49 27 1 Who
1493481706259453 AUDIO_PLAYBACK_ONSET 50 27 2 did
1493481706442037 AUDIO_PLAYBACK_ONSET 51 27 3 the
1493481706592867 AUDIO_PLAYBACK_ONSET 52 27 4 boys
1493481706960303 AUDIO_PLAYBACK_ONSET 53 27 5 kiss?
1493481707657751 AUDIO_PLAYBACK_ONSET _ 27 END_OF_WAV
1493481707746685 AUDIO_PLAYBACK_DONE 27.wav
1493481708746643 AUDIO_PLAYBACK_ONSET 54 93 1 who
1493481708870421 AUDIO_PLAYBACK_ONSET 55 93 2 smelled
1493481709256457 AUDIO_PLAYBACK_ONSET 56 93 3 the
1493481709319608 AUDIO_PLAYBACK_ONSET 57 93 4 flowers?
1493481710208815 AUDIO_PLAYBACK_ONSET _ 93 END_OF_WAV
1493481710262207 AUDIO_PLAYBACK_DONE 93.wav
1493481711262165 AUDIO_PLAYBACK_ONSET 58 122 1 the
1493481711403042 AUDIO_PLAYBACK_ONSET 59 122 2 girl
1493481711652030 AUDIO_PLAYBACK_ONSET 60 122 3 crawls
1493481712347123 AUDIO_PLAYBACK_ONSET _ 122 END_OF_WAV
1493481712449603 AUDIO_PLAYBACK_DONE 122.wav
1493481713449562 AUDIO_PLAYBACK_ONSET 61 138 1 he
1493481713548631 AUDIO_PLAYBACK_ONSET 62 138 2 shaved
1493481714438024 AUDIO_PLAYBACK_ONSET _ 138 END_OF_WAV
1493481714652620 AUDIO_PLAYBACK_DONE 138.wav
1493481715652578 AUDIO_PLAYBACK_ONSET 63 56 1 we
1493481715777695 AUDIO_PLAYBACK_ONSET 64 56 2 revealed
1493481716149985 AUDIO_PLAYBACK_ONSET 65 56 3 that
1493481716227795 AUDIO_PLAYBACK_ONSET 66 56 4 she
1493481716446860 AUDIO_PLAYBACK_ONSET 67 56 5 jumps
1493481717116025 AUDIO_PLAYBACK_ONSET _ 56 END_OF_WAV
1493481717433756 AUDIO_PLAYBACK_DONE 56.wav
1493481718433714 AUDIO_PLAYBACK_ONSET 68 128 1 Whom
1493481718658219 AUDIO_PLAYBACK_ONSET 69 128 2 will
1493481718744660 AUDIO_PLAYBACK_ONSET 70 128 3 the
1493481718844332 AUDIO_PLAYBACK_ONSET 71 128 4 women
1493481719106302 AUDIO_PLAYBACK_ONSET 72 128 5 hug?
1493481719586138 AUDIO_PLAYBACK_ONSET _ 128 END_OF_WAV
1493481719746180 AUDIO_PLAYBACK_DONE 128.wav
1493481720746139 AUDIO_PLAYBACK_ONSET 73 92 1 she
1493481721123759 AUDIO_PLAYBACK_ONSET 74 92 2 blooms
1493481721933556 AUDIO_PLAYBACK_ONSET _ 92 END_OF_WAV
1493481721996066 AUDIO_PLAYBACK_DONE 92.wav
1493481722996024 AUDIO_PLAYBACK_ONSET 75 71 1 who
1493481723179174 AUDIO_PLAYBACK_ONSET 76 71 2 coughed?
1493481723932517 AUDIO_PLAYBACK_ONSET _ 71 END_OF_WAV
1493481723995963 AUDIO_PLAYBACK_DONE 71.wav
1493481724995922 AUDIO_PLAYBACK_ONSET 77 6 1 Whom
1493481725158743 AUDIO_PLAYBACK_ONSET 78 6 2 did
1493481725313711 AUDIO_PLAYBACK_ONSET 79 6 3 the
1493481725443126 AUDIO_PLAYBACK_ONSET 80 6 4 boy
1493481725654145 AUDIO_PLAYBACK_ONSET 81 6 5 hear?
1493481726136359 AUDIO_PLAYBACK_ONSET _ 6 END_OF_WAV
1493481726222428 AUDIO_PLAYBACK_DONE 6.wav
1493481727222386 AUDIO_PLAYBACK_ONSET 82 104 1 they
1493481727465393 AUDIO_PLAYBACK_ONSET 83 104 2 heared
1493481727746053 AUDIO_PLAYBACK_ONSET 84 104 3 that
1493481727850891 AUDIO_PLAYBACK_ONSET 85 104 4 she
1493481728048554 AUDIO_PLAYBACK_ONSET 86 104 5 laughed
1493481728821734 AUDIO_PLAYBACK_ONSET _ 104 END_OF_WAV
1493481728847314 AUDIO_PLAYBACK_DONE 104.wav
1493481729847273 AUDIO_PLAYBACK_ONSET 87 131 1 who
1493481730053988 AUDIO_PLAYBACK_ONSET 88 131 2 cried?
1493481730652603 AUDIO_PLAYBACK_ONSET _ 131 END_OF_WAV
1493481730722227 AUDIO_PLAYBACK_DONE 131.wav
1493481731722185 AUDIO_PLAYBACK_ONSET 89 12 1 who
1493481731970284 AUDIO_PLAYBACK_ONSET 90 12 2 jumped?
1493481732736720 AUDIO_PLAYBACK_ONSET _ 12 END_OF_WAV
1493481733128368 AUDIO_PLAYBACK_DONE 12.wav
1493481734128327 AUDIO_PLAYBACK_ONSET 91 35 1 she
1493481734519498 AUDIO_PLAYBACK_ONSET 92 35 2 disappears
1493481735610514 AUDIO_PLAYBACK_ONSET _ 35 END_OF_WAV
1493481735690783 AUDIO_PLAYBACK_DONE 35.wav
1493481736690741 AUDIO_PLAYBACK_ONSET 93 41 1 the
1493481736849441 AUDIO_PLAYBACK_ONSET 94 41 2 boy
1493481737037380 AUDIO_PLAYBACK_ONSET 95 41 3 sneezes
1493481737914432 AUDIO_PLAYBACK_ONSET _ 41 END_OF_WAV
1493481737917248 AUDIO_PLAYBACK_DONE 41.wav
1493481738917206 AUDIO_PLAYBACK_ONSET 96 148 1 The
1493481739033329 AUDIO_PLAYBACK_ONSET 97 148 2 grandpa
1493481739382907 AUDIO_PLAYBACK_ONSET 98 148 3 ate
1493481739624464 AUDIO_PLAYBACK_ONSET 99 148 4 the
1493481739713772 AUDIO_PLAYBACK_ONSET 100 148 5 meal
1493481740150957 AUDIO_PLAYBACK_ONSET _ 148 END_OF_WAV
1493481740182781 AUDIO_PLAYBACK_DONE 148.wav
1493481741182739 AUDIO_PLAYBACK_ONSET 101 14 1 the
1493481741362921 AUDIO_PLAYBACK_ONSET 102 14 2 boy
1493481741582362 AUDIO_PLAYBACK_ONSET 103 14 3 remains
1493481742465547 AUDIO_PLAYBACK_ONSET _ 14 END_OF_WAV
1493481742526426 AUDIO_PLAYBACK_DONE 14.wav
1493481743526384 AUDIO_PLAYBACK_ONSET 104 25 1 they
1493481743819245 AUDIO_PLAYBACK_ONSET 105 25 2 hug
1493481744105531 AUDIO_PLAYBACK_ONSET 106 25 3 the
1493481744207344 AUDIO_PLAYBACK_ONSET 107 25 4 friend
1493481744813182 AUDIO_PLAYBACK_ONSET _ 25 END_OF_WAV
1493481745026304 AUDIO_PLAYBACK_DONE 25.wav
1493481746026263 AUDIO_PLAYBACK_ONSET 108 40 1 he
1493481746364886 AUDIO_PLAYBACK_ONSET 109 40 2 cried
1493481747101983 AUDIO_PLAYBACK_ONSET _ 40 END_OF_WAV
1493481747463689 AUDIO_PLAYBACK_DONE 40.wav
1493481748463648 AUDIO_PLAYBACK_ONSET 110 136 1 who
1493481748596804 AUDIO_PLAYBACK_ONSET 111 136 2 kissed
1493481748879374 AUDIO_PLAYBACK_ONSET 112 136 3 the
1493481748995662 AUDIO_PLAYBACK_ONSET 113 136 4 clowns?
1493481749871626 AUDIO_PLAYBACK_ONSET _ 136 END_OF_WAV
1493481750080751 AUDIO_PLAYBACK_DONE 136.wav
1493481751080710 AUDIO_PLAYBACK_ONSET 114 73 1 she
1493481751298950 AUDIO_PLAYBACK_ONSET 115 73 2 heard
1493481751530719 AUDIO_PLAYBACK_ONSET 116 73 3 them
1493481751718564 AUDIO_PLAYBACK_ONSET 117 73 4 crying
1493481752245651 AUDIO_PLAYBACK_ONSET _ 73 END_OF_WAV
1493481752471267 AUDIO_PLAYBACK_DONE 73.wav
1493481753471226 AUDIO_PLAYBACK_ONSET 118 76 1 the
1493481753604880 AUDIO_PLAYBACK_ONSET 119 76 2 girl
1493481753831567 AUDIO_PLAYBACK_ONSET 120 76 3 disappears
1493481754782420 AUDIO_PLAYBACK_ONSET _ 76 END_OF_WAV
1493481754783690 AUDIO_PLAYBACK_DONE 76.wav
1493481755783649 AUDIO_PLAYBACK_ONSET 121 86 1 What
1493481755971990 AUDIO_PLAYBACK_ONSET 122 86 2 does
1493481756197795 AUDIO_PLAYBACK_ONSET 123 86 3 the
1493481756304524 AUDIO_PLAYBACK_ONSET 124 86 4 girl
1493481756531211 AUDIO_PLAYBACK_ONSET 125 86 5 eat?
1493481757046330 AUDIO_PLAYBACK_ONSET _ 86 END_OF_WAV
1493481757096091 AUDIO_PLAYBACK_DONE 86.wav
1493481758096049 AUDIO_PLAYBACK_ONSET 126 57 1 who
1493481758275667 AUDIO_PLAYBACK_ONSET 127 57 2 eats
1493481758490517 AUDIO_PLAYBACK_ONSET 128 57 3 the
1493481758557710 AUDIO_PLAYBACK_ONSET 129 57 4 salad?
1493481759178205 AUDIO_PLAYBACK_ONSET _ 57 END_OF_WAV
1493481759330356 AUDIO_PLAYBACK_DONE 57.wav
1493481760330315 AUDIO_PLAYBACK_ONSET 130 23 1 they
1493481760608055 AUDIO_PLAYBACK_ONSET 131 23 2 saw
1493481760935671 AUDIO_PLAYBACK_ONSET 132 23 3 him
1493481761170547 AUDIO_PLAYBACK_ONSET 133 23 4 dance
1493481761830819 AUDIO_PLAYBACK_ONSET _ 23 END_OF_WAV
1493481761830254 AUDIO_PLAYBACK_DONE 23.wav
1493481762830212 AUDIO_PLAYBACK_ONSET 134 39 1 she
1493481763332374 AUDIO_PLAYBACK_ONSET 135 39 2 excercised
1493481764500461 AUDIO_PLAYBACK_ONSET _ 39 END_OF_WAV
1493481764705128 AUDIO_PLAYBACK_DONE 39.wav
1493481765705086 AUDIO_PLAYBACK_ONSET 136 52 1 he
1493481765849175 AUDIO_PLAYBACK_ONSET 137 52 2 disappeared
1493481766627891 AUDIO_PLAYBACK_ONSET _ 52 END_OF_WAV
1493481766955017 AUDIO_PLAYBACK_DONE 52.wav
1493481767954976 AUDIO_PLAYBACK_ONSET 138 42 1 they
1493481768171404 AUDIO_PLAYBACK_ONSET 139 42 2 winked
1493481768881619 AUDIO_PLAYBACK_ONSET _ 42 END_OF_WAV
1493481769111165 AUDIO_PLAYBACK_DONE 42.wav
1493481770111124 AUDIO_PLAYBACK_ONSET 140 145 1 he
1493481770195724 AUDIO_PLAYBACK_ONSET 141 145 2 smelled
1493481770572348 AUDIO_PLAYBACK_ONSET 142 145 3 the
1493481770633094 AUDIO_PLAYBACK_ONSET 143 145 4 flowers
1493481771474190 AUDIO_PLAYBACK_ONSET _ 145 END_OF_WAV
1493481771501682 AUDIO_PLAYBACK_DONE 145.wav
1493481772501641 AUDIO_PLAYBACK_ONSET 144 109 1 the
1493481772669214 AUDIO_PLAYBACK_ONSET 145 109 2 boy
1493481772885816 AUDIO_PLAYBACK_ONSET 146 109 3 was
1493481773154868 AUDIO_PLAYBACK_ONSET 147 109 4 pushed
1493481773836726 AUDIO_PLAYBACK_ONSET _ 109 END_OF_WAV
1493481773946913 AUDIO_PLAYBACK_DONE 109.wav
1493481774946872 AUDIO_PLAYBACK_ONSET 148 96 1 the
1493481775092676 AUDIO_PLAYBACK_ONSET 149 96 2 girl
1493481775315208 AUDIO_PLAYBACK_ONSET 150 96 3 kicked
1493481775630386 AUDIO_PLAYBACK_ONSET 151 96 4 the
1493481775760272 AUDIO_PLAYBACK_ONSET 152 96 5 ball
1493481776169005 AUDIO_PLAYBACK_ONSET _ 96 END_OF_WAV
1493481776298361 AUDIO_PLAYBACK_DONE 96.wav
1493481777298319 AUDIO_PLAYBACK_ONSET 153 129 1 who
1493481777467317 AUDIO_PLAYBACK_ONSET 154 129 2 smiles?
1493481778277792 AUDIO_PLAYBACK_ONSET _ 129 END_OF_WAV
1493481778423267 AUDIO_PLAYBACK_DONE 129.wav
1493481779423225 AUDIO_PLAYBACK_ONSET 155 33 1 who
1493481779680422 AUDIO_PLAYBACK_ONSET 156 33 2 falls?
1493481780527449 AUDIO_PLAYBACK_ONSET _ 33 END_OF_WAV
1493481780563792 AUDIO_PLAYBACK_DONE 33.wav
1493481781563751 AUDIO_PLAYBACK_ONSET 157 38 1 who
1493481781810465 AUDIO_PLAYBACK_ONSET 158 38 2 sneezes?
1493481782829091 AUDIO_PLAYBACK_ONSET _ 38 END_OF_WAV
1493481782844951 AUDIO_PLAYBACK_DONE 38.wav
1493481783844909 AUDIO_PLAYBACK_ONSET 159 87 1 who
1493481784026471 AUDIO_PLAYBACK_ONSET 160 87 2 kicked
1493481784350036 AUDIO_PLAYBACK_ONSET 161 87 3 the
1493481784499889 AUDIO_PLAYBACK_ONSET 162 87 4 ball?
1493481784880115 AUDIO_PLAYBACK_ONSET _ 87 END_OF_WAV
1493481784954229 AUDIO_PLAYBACK_DONE 87.wav
1493481785954188 AUDIO_PLAYBACK_ONSET 163 108 1 she
1493481786207089 AUDIO_PLAYBACK_ONSET 164 108 2 arrives
1493481787115857 AUDIO_PLAYBACK_ONSET _ 108 END_OF_WAV
1493481787438485 AUDIO_PLAYBACK_DONE 108.wav
1493481788438444 AUDIO_PLAYBACK_ONSET 165 80 1 she
1493481788746016 AUDIO_PLAYBACK_ONSET 166 80 2 crawls
1493481789493799 AUDIO_PLAYBACK_ONSET _ 80 END_OF_WAV
1493481789657124 AUDIO_PLAYBACK_DONE 80.wav
1493481790657082 AUDIO_PLAYBACK_ONSET 167 48 1 she
1493481790871709 AUDIO_PLAYBACK_ONSET 168 48 2 collapsed
1493481791774230 AUDIO_PLAYBACK_ONSET _ 48 END_OF_WAV
1493481791828896 AUDIO_PLAYBACK_DONE 48.wav
1493481792828854 AUDIO_PLAYBACK_ONSET 169 7 1 he
1493481792986543 AUDIO_PLAYBACK_ONSET 170 7 2 arrived
1493481793820815 AUDIO_PLAYBACK_ONSET _ 7 END_OF_WAV
1493481793922576 AUDIO_PLAYBACK_DONE 7.wav
1493481794922535 AUDIO_PLAYBACK_ONSET 171 28 1 the
1493481795032939 AUDIO_PLAYBACK_ONSET 172 28 2 host
1493481795395837 AUDIO_PLAYBACK_ONSET 173 28 3 was
1493481795567205 AUDIO_PLAYBACK_ONSET 174 28 4 warned
1493481796294009 AUDIO_PLAYBACK_ONSET _ 28 END_OF_WAV
1493481796422450 AUDIO_PLAYBACK_DONE 28.wav
1493481797422409 AUDIO_PLAYBACK_ONSET 175 13 1 she
1493481797691930 AUDIO_PLAYBACK_ONSET 176 13 2 sliced
1493481798135519 AUDIO_PLAYBACK_ONSET 177 13 3 the
1493481798212341 AUDIO_PLAYBACK_ONSET 178 13 4 mushrooms
1493481799145363 AUDIO_PLAYBACK_ONSET _ 13 END_OF_WAV
1493481799266079 AUDIO_PLAYBACK_DONE 13.wav
1493481798994772 KEY_PRESS l
1493481800266037 AUDIO_PLAYBACK_ONSET 179 94 1 she
1493481800612104 AUDIO_PLAYBACK_ONSET 180 94 2 kicked
1493481800922520 AUDIO_PLAYBACK_ONSET 181 94 3 the
1493481801069947 AUDIO_PLAYBACK_ONSET 182 94 4 ball
1493481801431962 AUDIO_PLAYBACK_ONSET _ 94 END_OF_WAV
1493481801484720 AUDIO_PLAYBACK_DONE 94.wav
1493481799354795 KEY_PRESS l
1493481802484679 AUDIO_PLAYBACK_ONSET 183 142 1 he
1493481802622142 AUDIO_PLAYBACK_ONSET 184 142 2 undressed
1493481803532257 AUDIO_PLAYBACK_ONSET _ 142 END_OF_WAV
1493481803929928 AUDIO_PLAYBACK_DONE 142.wav
1493481804929886 AUDIO_PLAYBACK_ONSET 185 135 1 the
1493481805075025 AUDIO_PLAYBACK_ONSET 186 135 2 boy
1493481805224026 AUDIO_PLAYBACK_ONSET 187 135 3 heard
1493481805495899 AUDIO_PLAYBACK_ONSET 188 135 4 the
1493481805535444 AUDIO_PLAYBACK_ONSET 189 135 5 men
1493481805941488 AUDIO_PLAYBACK_ONSET _ 135 END_OF_WAV
1493481805980639 AUDIO_PLAYBACK_DONE 135.wav
1493481806980597 AUDIO_PLAYBACK_ONSET 190 79 1 the
1493481807074558 AUDIO_PLAYBACK_ONSET 191 79 2 boy
1493481807299482 AUDIO_PLAYBACK_ONSET 192 79 3 collapses
1493481808253863 AUDIO_PLAYBACK_ONSET _ 79 END_OF_WAV
1493481808293038 AUDIO_PLAYBACK_DONE 79.wav
1493481809292997 AUDIO_PLAYBACK_ONSET 193 78 1 she
1493481809523785 AUDIO_PLAYBACK_ONSET 194 78 2 saw
1493481809761717 AUDIO_PLAYBACK_ONSET 195 78 3 that
1493481809927983 AUDIO_PLAYBACK_ONSET 196 78 4 he
1493481810062716 AUDIO_PLAYBACK_ONSET 197 78 5 crawled
1493481810583491 AUDIO_PLAYBACK_ONSET _ 78 END_OF_WAV
1493481810714803 AUDIO_PLAYBACK_DONE 78.wav
1493481811714761 AUDIO_PLAYBACK_ONSET 198 111 1 he
1493481812002806 AUDIO_PLAYBACK_ONSET 199 111 2 jumped
1493481812698537 AUDIO_PLAYBACK_ONSET _ 111 END_OF_WAV
1493481812995981 AUDIO_PLAYBACK_DONE 111.wav
1493481813995940 AUDIO_PLAYBACK_ONSET 200 91 1 the
1493481814143043 AUDIO_PLAYBACK_ONSET 201 91 2 girl
1493481814351940 AUDIO_PLAYBACK_ONSET 202 91 3 fell
1493481814840382 AUDIO_PLAYBACK_ONSET _ 91 END_OF_WAV
1493481814902140 AUDIO_PLAYBACK_DONE 91.wav
1493481815902099 AUDIO_PLAYBACK_ONSET 203 150 1 What
1493481816035268 AUDIO_PLAYBACK_ONSET 204 150 2 did
1493481816199075 AUDIO_PLAYBACK_ONSET 205 150 3 the
1493481816317521 AUDIO_PLAYBACK_ONSET 206 150 4 boy
1493481816504849 AUDIO_PLAYBACK_ONSET 207 150 5 smell?
1493481817079436 AUDIO_PLAYBACK_ONSET _ 150 END_OF_WAV
1493481817152048 AUDIO_PLAYBACK_DONE 150.wav
1493481818152007 AUDIO_PLAYBACK_ONSET 208 2 1 who
1493481818270996 AUDIO_PLAYBACK_ONSET 209 2 2 hugs
1493481818563394 AUDIO_PLAYBACK_ONSET 210 2 3 the
1493481818644616 AUDIO_PLAYBACK_ONSET 211 2 4 friend?
1493481819183547 AUDIO_PLAYBACK_ONSET _ 2 END_OF_WAV
1493481819573809 AUDIO_PLAYBACK_DONE 2.wav
1493481820573768 AUDIO_PLAYBACK_ONSET 212 117 1 the
1493481820640784 AUDIO_PLAYBACK_ONSET 213 117 2 women
1493481820893050 AUDIO_PLAYBACK_ONSET 214 117 3 hug
1493481821164722 AUDIO_PLAYBACK_ONSET 215 117 4 the
1493481821224785 AUDIO_PLAYBACK_ONSET 216 117 5 friend
1493481821897494 AUDIO_PLAYBACK_ONSET _ 117 END_OF_WAV
1493481821948725 AUDIO_PLAYBACK_DONE 117.wav
1493481822948683 AUDIO_PLAYBACK_ONSET 217 120 1 they
1493481823086847 AUDIO_PLAYBACK_ONSET 218 120 2 caught
1493481823246341 AUDIO_PLAYBACK_ONSET 219 120 3 him
1493481823388404 AUDIO_PLAYBACK_ONSET 220 120 4 stealing
1493481824095234 AUDIO_PLAYBACK_ONSET _ 120 END_OF_WAV
1493481824245503 AUDIO_PLAYBACK_DONE 120.wav
1493481825245461 AUDIO_PLAYBACK_ONSET 221 83 1 What
1493481825381004 AUDIO_PLAYBACK_ONSET 222 83 2 will
1493481825601012 AUDIO_PLAYBACK_ONSET 223 83 3 the
1493481825774523 AUDIO_PLAYBACK_ONSET 224 83 4 girl
1493481826182785 AUDIO_PLAYBACK_ONSET 225 83 5 eat?
1493481826713526 AUDIO_PLAYBACK_ONSET _ 83 END_OF_WAV
1493481826932879 AUDIO_PLAYBACK_DONE 83.wav
1493481827932838 AUDIO_PLAYBACK_ONSET 226 147 1 the
1493481828069559 AUDIO_PLAYBACK_ONSET 227 147 2 boys
1493481828411986 AUDIO_PLAYBACK_ONSET 228 147 3 tickle
1493481828670850 AUDIO_PLAYBACK_ONSET 229 147 4 the
1493481828805277 AUDIO_PLAYBACK_ONSET 230 147 5 girl
1493481829255791 AUDIO_PLAYBACK_ONSET _ 147 END_OF_WAV
1493481829284327 AUDIO_PLAYBACK_DONE 147.wav
1493481830284286 AUDIO_PLAYBACK_ONSET 231 30 1 Whom
1493481830544889 AUDIO_PLAYBACK_ONSET 232 30 2 will
1493481830752548 AUDIO_PLAYBACK_ONSET 233 30 3 the
1493481830910811 AUDIO_PLAYBACK_ONSET 234 30 4 boy
1493481831139638 AUDIO_PLAYBACK_ONSET 235 30 5 hear?
1493481831753540 AUDIO_PLAYBACK_ONSET _ 30 END_OF_WAV
1493481831784202 AUDIO_PLAYBACK_DONE 30.wav
1493481832784161 AUDIO_PLAYBACK_ONSET 236 112 1 who
1493481832937596 AUDIO_PLAYBACK_ONSET 237 112 2 appeared?
1493481833616767 AUDIO_PLAYBACK_ONSET _ 112 END_OF_WAV
1493481833721608 AUDIO_PLAYBACK_DONE 112.wav
1493481834721567 AUDIO_PLAYBACK_ONSET 238 61 1 who
1493481834931768 AUDIO_PLAYBACK_ONSET 239 61 2 tickles
1493481835339020 AUDIO_PLAYBACK_ONSET 240 61 3 the
1493481835459986 AUDIO_PLAYBACK_ONSET 241 61 4 girl?
1493481835934777 AUDIO_PLAYBACK_ONSET _ 61 END_OF_WAV
1493481836221486 AUDIO_PLAYBACK_DONE 61.wav
1493481837221444 AUDIO_PLAYBACK_ONSET 242 116 1 who
1493481837375343 AUDIO_PLAYBACK_ONSET 243 116 2 vanished?
1493481838214342 AUDIO_PLAYBACK_ONSET _ 116 END_OF_WAV
1493481838283896 AUDIO_PLAYBACK_DONE 116.wav
1493481839283855 AUDIO_PLAYBACK_ONSET 244 102 1 we
1493481839434362 AUDIO_PLAYBACK_ONSET 245 102 2 heard
1493481839698915 AUDIO_PLAYBACK_ONSET 246 102 3 that
1493481839807092 AUDIO_PLAYBACK_ONSET 247 102 4 she
1493481840025589 AUDIO_PLAYBACK_ONSET 248 102 5 sneezed
1493481840837454 AUDIO_PLAYBACK_ONSET _ 102 END_OF_WAV
1493481840877531 AUDIO_PLAYBACK_DONE 102.wav
1493481841877490 AUDIO_PLAYBACK_ONSET 249 15 1 he
1493481842037101 AUDIO_PLAYBACK_ONSET 250 15 2 remains
1493481842931796 AUDIO_PLAYBACK_ONSET _ 15 END_OF_WAV
1493481842939943 AUDIO_PLAYBACK_DONE 15.wav
1493481843939901 AUDIO_PLAYBACK_ONSET 251 72 1 the
1493481844084070 AUDIO_PLAYBACK_ONSET 252 72 2 girls
1493481844352410 AUDIO_PLAYBACK_ONSET 253 72 3 found
1493481844594815 AUDIO_PLAYBACK_ONSET 254 72 4 the
1493481844703548 AUDIO_PLAYBACK_ONSET 255 72 5 bikes
1493481845415798 AUDIO_PLAYBACK_ONSET _ 72 END_OF_WAV
1493481845424218 AUDIO_PLAYBACK_DONE 72.wav
1493481846424176 AUDIO_PLAYBACK_ONSET 256 110 1 The
1493481846554375 AUDIO_PLAYBACK_ONSET 257 110 2 cake
1493481846796205 AUDIO_PLAYBACK_ONSET 258 110 3 was
1493481846960856 AUDIO_PLAYBACK_ONSET 259 110 4 overcooked
1493481847915827 AUDIO_PLAYBACK_ONSET _ 110 END_OF_WAV
1493481847955362 AUDIO_PLAYBACK_DONE 110.wav
1493481847384824 KEY_PRESS l
1493481847784789 KEY_PRESS l
1493481848955321 AUDIO_PLAYBACK_ONSET 260 49 1 the
1493481849125029 AUDIO_PLAYBACK_ONSET 261 49 2 girl
1493481849334265 AUDIO_PLAYBACK_ONSET 262 49 3 ate
1493481849520536 AUDIO_PLAYBACK_ONSET 263 49 4 the
1493481849579225 AUDIO_PLAYBACK_ONSET 264 49 5 salad
1493481850195025 AUDIO_PLAYBACK_ONSET _ 49 END_OF_WAV
1493481850220896 AUDIO_PLAYBACK_DONE 49.wav
1493481851220855 AUDIO_PLAYBACK_ONSET 265 32 1 the
1493481851364803 AUDIO_PLAYBACK_ONSET 266 32 2 girls
1493481851716527 AUDIO_PLAYBACK_ONSET 267 32 3 appear
1493481852366886 AUDIO_PLAYBACK_ONSET _ 32 END_OF_WAV
1493481852455161 AUDIO_PLAYBACK_DONE 32.wav
1493481850320688 KEY_PRESS l
1493481850744668 KEY_PRESS l
1493481853455119 AUDIO_PLAYBACK_ONSET 268 137 1 the
1493481853596085 AUDIO_PLAYBACK_ONSET 269 137 2 boys
1493481853906639 AUDIO_PLAYBACK_ONSET 270 137 3 vanished
1493481854769502 AUDIO_PLAYBACK_ONSET _ 137 END_OF_WAV
1493481854876919 AUDIO_PLAYBACK_DONE 137.wav
1493481855876878 AUDIO_PLAYBACK_ONSET 271 65 1 they
1493481856008578 AUDIO_PLAYBACK_ONSET 272 65 2 found
1493481856301502 AUDIO_PLAYBACK_ONSET 273 65 3 the
1493481856421629 AUDIO_PLAYBACK_ONSET 274 65 4 bikes
1493481857071237 AUDIO_PLAYBACK_ONSET _ 65 END_OF_WAV
1493481857251814 AUDIO_PLAYBACK_DONE 65.wav
1493481858251773 AUDIO_PLAYBACK_ONSET 275 126 1 the
1493481858341045 AUDIO_PLAYBACK_ONSET 276 126 2 host
1493481858642905 AUDIO_PLAYBACK_ONSET 277 126 3 will
1493481858807386 AUDIO_PLAYBACK_ONSET 278 126 4 eat
1493481859340081 AUDIO_PLAYBACK_ONSET _ 126 END_OF_WAV
1493481859642350 AUDIO_PLAYBACK_DONE 126.wav
1493481860642309 AUDIO_PLAYBACK_ONSET 279 4 1 he
1493481860751331 AUDIO_PLAYBACK_ONSET 280 4 2 showered
1493481861485569 AUDIO_PLAYBACK_ONSET _ 4 END_OF_WAV
1493481861698890 AUDIO_PLAYBACK_DONE 4.wav
1493481862698849 AUDIO_PLAYBACK_ONSET 281 3 1 They
1493481862817704 AUDIO_PLAYBACK_ONSET 282 3 2 ate
1493481863064395 AUDIO_PLAYBACK_ONSET 283 3 3 the
1493481863182726 AUDIO_PLAYBACK_ONSET 284 3 4 grapes
1493481863540728 AUDIO_PLAYBACK_ONSET 285 3 5 together
1493481864031101 AUDIO_PLAYBACK_ONSET _ 3 END_OF_WAV
1493481864190964 AUDIO_PLAYBACK_DONE 3.wav
1493481865190922 AUDIO_PLAYBACK_ONSET 286 24 1 The
1493481865294302 AUDIO_PLAYBACK_ONSET 287 24 2 sandwich
1493481865898382 AUDIO_PLAYBACK_ONSET 288 24 3 is
1493481866089031 AUDIO_PLAYBACK_ONSET 289 24 4 healthy
1493481866654552 AUDIO_PLAYBACK_ONSET _ 24 END_OF_WAV
1493481866784600 AUDIO_PLAYBACK_DONE 24.wav
1493481864312062 KEY_PRESS l
1493481864712090 KEY_PRESS l
1493481866288027 KEY_PRESS l
1493481866687980 KEY_PRESS l
1493481867784559 AUDIO_PLAYBACK_ONSET 290 29 1 he
1493481868082460 AUDIO_PLAYBACK_ONSET 291 29 2 bloomed
1493481869017930 AUDIO_PLAYBACK_ONSET _ 29 END_OF_WAV
1493481869284500 AUDIO_PLAYBACK_DONE 29.wav
1493481870284459 AUDIO_PLAYBACK_ONSET 292 114 1 she
1493481870486474 AUDIO_PLAYBACK_ONSET 293 114 2 saw
1493481870669802 AUDIO_PLAYBACK_ONSET 294 114 3 him
1493481870887142 AUDIO_PLAYBACK_ONSET 295 114 4 coming
1493481871365786 AUDIO_PLAYBACK_ONSET _ 114 END_OF_WAV
1493481871518763 AUDIO_PLAYBACK_DONE 114.wav
1493481872518722 AUDIO_PLAYBACK_ONSET 296 22 1 they
1493481872854038 AUDIO_PLAYBACK_ONSET 297 22 2 vanished
1493481873582124 AUDIO_PLAYBACK_ONSET _ 22 END_OF_WAV
1493481873674914 AUDIO_PLAYBACK_DONE 22.wav
1493481874674873 AUDIO_PLAYBACK_ONSET 298 17 1 he
1493481874823750 AUDIO_PLAYBACK_ONSET 299 17 2 was
1493481875054255 AUDIO_PLAYBACK_ONSET 300 17 3 hugged
1493481875580453 AUDIO_PLAYBACK_ONSET _ 17 END_OF_WAV
1493481875674833 AUDIO_PLAYBACK_DONE 17.wav
1493481876674792 AUDIO_PLAYBACK_ONSET 301 37 1 who
1493481876990515 AUDIO_PLAYBACK_ONSET 302 37 2 blooms?
1493481877767454 AUDIO_PLAYBACK_ONSET _ 37 END_OF_WAV
1493481877768490 AUDIO_PLAYBACK_DONE 37.wav
1493481878768448 AUDIO_PLAYBACK_ONSET 303 19 1 who
1493481879009996 AUDIO_PLAYBACK_ONSET 304 19 2 laughs?
1493481879777887 AUDIO_PLAYBACK_ONSET _ 19 END_OF_WAV
1493481879799675 AUDIO_PLAYBACK_DONE 19.wav
1493481880799633 AUDIO_PLAYBACK_ONSET 305 88 1 he
1493481881015472 AUDIO_PLAYBACK_ONSET 306 88 2 collapses
1493481881959825 AUDIO_PLAYBACK_ONSET _ 88 END_OF_WAV
1493481882018316 AUDIO_PLAYBACK_DONE 88.wav
1493481883018274 AUDIO_PLAYBACK_ONSET 307 143 1 he
1493481883135794 AUDIO_PLAYBACK_ONSET 308 143 2 was
1493481883377546 AUDIO_PLAYBACK_ONSET 309 143 3 kissed
1493481884063762 AUDIO_PLAYBACK_ONSET _ 143 END_OF_WAV
1493481884135418 AUDIO_PLAYBACK_DONE 143.wav
1493481885135377 AUDIO_PLAYBACK_ONSET 310 98 1 the
1493481885258118 AUDIO_PLAYBACK_ONSET 311 98 2 boy
1493481885579632 AUDIO_PLAYBACK_ONSET 312 98 3 bloomed
1493481886247114 AUDIO_PLAYBACK_ONSET _ 98 END_OF_WAV
1493481886482965 AUDIO_PLAYBACK_DONE 98.wav
1493481887482924 AUDIO_PLAYBACK_ONSET 313 124 1 who
1493481887591107 AUDIO_PLAYBACK_ONSET 314 124 2 disappeared?
1493481888345910 AUDIO_PLAYBACK_ONSET _ 124 END_OF_WAV
1493481888467240 AUDIO_PLAYBACK_DONE 124.wav
1493481889467198 AUDIO_PLAYBACK_ONSET 315 36 1 she
1493481889869179 AUDIO_PLAYBACK_ONSET 316 36 2 laughed
1493481890628574 AUDIO_PLAYBACK_ONSET _ 36 END_OF_WAV
1493481890717125 AUDIO_PLAYBACK_DONE 36.wav
1493481891717083 AUDIO_PLAYBACK_ONSET 317 53 1 they
1493481891877890 AUDIO_PLAYBACK_ONSET 318 53 2 heard
1493481892052282 AUDIO_PLAYBACK_ONSET 319 53 3 her
1493481892202481 AUDIO_PLAYBACK_ONSET 320 53 4 coughing
1493481892808319 AUDIO_PLAYBACK_ONSET _ 53 END_OF_WAV
1493481893217001 AUDIO_PLAYBACK_DONE 53.wav
1493481894216960 AUDIO_PLAYBACK_ONSET 321 18 1 The
1493481894317284 AUDIO_PLAYBACK_ONSET 322 18 2 chef
1493481894590465 AUDIO_PLAYBACK_ONSET 323 18 3 served
1493481895047111 AUDIO_PLAYBACK_ONSET 324 18 4 the
1493481895196303 AUDIO_PLAYBACK_ONSET 325 18 5 cake
1493481895653957 AUDIO_PLAYBACK_ONSET _ 18 END_OF_WAV
1493481895716900 AUDIO_PLAYBACK_DONE 18.wav
1493481896716858 AUDIO_PLAYBACK_ONSET 326 34 1 the
1493481896922482 AUDIO_PLAYBACK_ONSET 327 34 2 boy
1493481897172900 AUDIO_PLAYBACK_ONSET 328 34 3 laughs
1493481897996230 AUDIO_PLAYBACK_ONSET _ 34 END_OF_WAV
1493481898091791 AUDIO_PLAYBACK_DONE 34.wav
1493481899091750 AUDIO_PLAYBACK_ONSET 329 84 1 the
1493481899240880 AUDIO_PLAYBACK_ONSET 330 84 2 girl
1493481899442489 AUDIO_PLAYBACK_ONSET 331 84 3 smiled
1493481900223725 AUDIO_PLAYBACK_ONSET _ 84 END_OF_WAV
1493481900341701 AUDIO_PLAYBACK_DONE 84.wav
1493481901341660 AUDIO_PLAYBACK_ONSET 332 127 1 the
1493481901434044 AUDIO_PLAYBACK_ONSET 333 127 2 woman
1493481901732928 AUDIO_PLAYBACK_ONSET 334 127 3 will
1493481901822514 AUDIO_PLAYBACK_ONSET 335 127 4 speak
1493481902517005 AUDIO_PLAYBACK_ONSET _ 127 END_OF_WAV
1493481902521295 AUDIO_PLAYBACK_DONE 127.wav
1493481903521254 AUDIO_PLAYBACK_ONSET 336 152 1 she
1493481903855805 AUDIO_PLAYBACK_ONSET 337 152 2 dressed
1493481904481306 AUDIO_PLAYBACK_ONSET _ 152 END_OF_WAV
1493481904583728 AUDIO_PLAYBACK_DONE 152.wav
1493481905583686 AUDIO_PLAYBACK_ONSET 338 20 1 she
1493481905964971 AUDIO_PLAYBACK_ONSET 339 20 2 sneezed
1493481906797934 AUDIO_PLAYBACK_ONSET _ 20 END_OF_WAV
1493481906802366 AUDIO_PLAYBACK_DONE 20.wav
1493481907802324 AUDIO_PLAYBACK_ONSET 340 82 1 the
1493481907944851 AUDIO_PLAYBACK_ONSET 341 82 2 boy
1493481908136866 AUDIO_PLAYBACK_ONSET 342 82 3 will
1493481908273773 AUDIO_PLAYBACK_ONSET 343 82 4 sing
1493481908830014 AUDIO_PLAYBACK_ONSET _ 82 END_OF_WAV
1493481909083521 AUDIO_PLAYBACK_DONE 82.wav
1493481910083480 AUDIO_PLAYBACK_ONSET 344 119 1 she
1493481910315449 AUDIO_PLAYBACK_ONSET 345 119 2 was
1493481910550115 AUDIO_PLAYBACK_ONSET 346 119 3 kicked
1493481911219924 AUDIO_PLAYBACK_ONSET _ 119 END_OF_WAV
1493481911239693 AUDIO_PLAYBACK_DONE 119.wav
1493481912239652 AUDIO_PLAYBACK_ONSET 347 70 1 she
1493481912631234 AUDIO_PLAYBACK_ONSET 348 70 2 jumps
1493481913404061 AUDIO_PLAYBACK_ONSET _ 70 END_OF_WAV
1493481913770836 AUDIO_PLAYBACK_DONE 70.wav
1493481914770795 AUDIO_PLAYBACK_ONSET 349 58 1 he
1493481914982250 AUDIO_PLAYBACK_ONSET 350 58 2 laughs
1493481915770277 AUDIO_PLAYBACK_ONSET _ 58 END_OF_WAV
1493481915997302 AUDIO_PLAYBACK_DONE 58.wav
1493481916997261 AUDIO_PLAYBACK_ONSET 351 11 1 he
1493481917144926 AUDIO_PLAYBACK_ONSET 352 11 2 will
1493481917340927 AUDIO_PLAYBACK_ONSET 353 11 3 drive
1493481917949429 AUDIO_PLAYBACK_ONSET _ 11 END_OF_WAV
1493481917950327 AUDIO_PLAYBACK_DONE 11.wav
1493481918950286 AUDIO_PLAYBACK_ONSET 354 105 1 the
1493481919093590 AUDIO_PLAYBACK_ONSET 355 105 2 boys
1493481919395665 AUDIO_PLAYBACK_ONSET 356 105 3 winked
1493481920065944 AUDIO_PLAYBACK_ONSET _ 105 END_OF_WAV
1493481920165089 AUDIO_PLAYBACK_DONE 105.wav
1493481921165048 AUDIO_PLAYBACK_ONSET 357 10 1 they
1493481921466353 AUDIO_PLAYBACK_ONSET 358 10 2 wink
1493481922069673 AUDIO_PLAYBACK_ONSET _ 10 END_OF_WAV
1493481922289991 AUDIO_PLAYBACK_DONE 10.wav
1493481923289949 AUDIO_PLAYBACK_ONSET 359 118 1 the
1493481923373136 AUDIO_PLAYBACK_ONSET 360 118 2 woman
1493481923650349 AUDIO_PLAYBACK_ONSET 361 118 3 was
1493481923917482 AUDIO_PLAYBACK_ONSET 362 118 4 pinched
1493481924751139 AUDIO_PLAYBACK_ONSET _ 118 END_OF_WAV
1493481924789868 AUDIO_PLAYBACK_DONE 118.wav
1493481925789827 AUDIO_PLAYBACK_ONSET 363 100 1 she
1493481926113560 AUDIO_PLAYBACK_ONSET 364 100 2 fell
1493481926621030 AUDIO_PLAYBACK_ONSET _ 100 END_OF_WAV
1493481926664778 AUDIO_PLAYBACK_DONE 100.wav
1493481927664737 AUDIO_PLAYBACK_ONSET 365 97 1 they
1493481927860752 AUDIO_PLAYBACK_ONSET 366 97 2 kissed
1493481928193885 AUDIO_PLAYBACK_ONSET 367 97 3 the
1493481928310481 AUDIO_PLAYBACK_ONSET 368 97 4 clowns
1493481929117771 AUDIO_PLAYBACK_ONSET _ 97 END_OF_WAV
1493481929317008 AUDIO_PLAYBACK_DONE 97.wav
1493481930316966 AUDIO_PLAYBACK_ONSET 369 123 1 Who
1493481930390635 AUDIO_PLAYBACK_ONSET 370 123 2 will
1493481930504808 AUDIO_PLAYBACK_ONSET 371 123 3 the
1493481930636413 AUDIO_PLAYBACK_ONSET 372 123 4 boys
1493481930938842 AUDIO_PLAYBACK_ONSET 373 123 5 kiss?
1493481931570718 AUDIO_PLAYBACK_ONSET _ 123 END_OF_WAV
1493481931613806 AUDIO_PLAYBACK_DONE 123.wav
1493481932613765 AUDIO_PLAYBACK_ONSET 374 31 1 she
1493481933037587 AUDIO_PLAYBACK_ONSET 375 31 2 washed
1493481933854945 AUDIO_PLAYBACK_ONSET _ 31 END_OF_WAV
1493481933863691 AUDIO_PLAYBACK_DONE 31.wav
1493481934863650 AUDIO_PLAYBACK_ONSET 376 89 1 he
1493481934954579 AUDIO_PLAYBACK_ONSET 377 89 2 hears
1493481935288215 AUDIO_PLAYBACK_ONSET 378 89 3 the
1493481935364439 AUDIO_PLAYBACK_ONSET 379 89 4 men
1493481935761803 AUDIO_PLAYBACK_ONSET _ 89 END_OF_WAV
1493481935793297 AUDIO_PLAYBACK_DONE 89.wav
1493481936793256 AUDIO_PLAYBACK_ONSET 380 16 1 What
1493481936994143 AUDIO_PLAYBACK_ONSET 381 16 2 will
1493481937195501 AUDIO_PLAYBACK_ONSET 382 16 3 the
1493481937336650 AUDIO_PLAYBACK_ONSET 383 16 4 girls
1493481937755159 AUDIO_PLAYBACK_ONSET 384 16 5 find?
1493481938205253 AUDIO_PLAYBACK_ONSET _ 16 END_OF_WAV
1493481938261926 AUDIO_PLAYBACK_DONE 16.wav
1493481939261885 AUDIO_PLAYBACK_ONSET 385 130 1 they
1493481939478452 AUDIO_PLAYBACK_ONSET 386 130 2 coughed
1493481940238781 AUDIO_PLAYBACK_ONSET _ 130 END_OF_WAV
1493481940574329 AUDIO_PLAYBACK_DONE 130.wav
1493481941574287 AUDIO_PLAYBACK_ONSET 387 5 1 we
1493481941741931 AUDIO_PLAYBACK_ONSET 388 5 2 guessed
1493481942006390 AUDIO_PLAYBACK_ONSET 389 5 3 that
1493481942163689 AUDIO_PLAYBACK_ONSET 390 5 4 they
1493481942336718 AUDIO_PLAYBACK_ONSET 391 5 5 wink
1493481942860720 AUDIO_PLAYBACK_ONSET _ 5 END_OF_WAV
1493481943037108 AUDIO_PLAYBACK_DONE 5.wav
1493481944037066 AUDIO_PLAYBACK_ONSET 392 95 1 he
1493481944168453 AUDIO_PLAYBACK_ONSET 393 95 2 streched
1493481945033663 AUDIO_PLAYBACK_ONSET _ 95 END_OF_WAV
1493481945310438 AUDIO_PLAYBACK_DONE 95.wav
1493481946310397 AUDIO_PLAYBACK_ONSET 394 74 1 she
1493481946501550 AUDIO_PLAYBACK_ONSET 395 74 2 eats
1493481946785652 AUDIO_PLAYBACK_ONSET 396 74 3 the
1493481946863062 AUDIO_PLAYBACK_ONSET 397 74 4 salad
1493481947439247 AUDIO_PLAYBACK_ONSET _ 74 END_OF_WAV
1493481947497834 AUDIO_PLAYBACK_DONE 74.wav
1493481948497792 AUDIO_PLAYBACK_ONSET 398 107 1 they
1493481948641366 AUDIO_PLAYBACK_ONSET 399 107 2 were
1493481948793132 AUDIO_PLAYBACK_ONSET 400 107 3 loved
1493481949544920 AUDIO_PLAYBACK_ONSET _ 107 END_OF_WAV
1493481949661828 AUDIO_PLAYBACK_DONE 107.wav
1493481947820664 KEY_PRESS l
1493481948196632 KEY_PRESS l
1493481950661787 AUDIO_PLAYBACK_ONSET 401 103 1 she
1493481950949184 AUDIO_PLAYBACK_ONSET 402 103 2 scratched
1493481952007096 AUDIO_PLAYBACK_ONSET _ 103 END_OF_WAV
1493481952052343 AUDIO_PLAYBACK_DONE 103.wav
1493481953052302 AUDIO_PLAYBACK_ONSET 403 68 1 he
1493481953313855 AUDIO_PLAYBACK_ONSET 404 68 2 crawled
1493481953884167 AUDIO_PLAYBACK_ONSET _ 68 END_OF_WAV
1493481954028839 AUDIO_PLAYBACK_DONE 68.wav
1493481955028797 AUDIO_PLAYBACK_ONSET 405 62 1 What
1493481955210930 AUDIO_PLAYBACK_ONSET 406 62 2 will
1493481955334312 AUDIO_PLAYBACK_ONSET 407 62 3 the
1493481955468550 AUDIO_PLAYBACK_ONSET 408 62 4 girl
1493481955727157 AUDIO_PLAYBACK_ONSET 409 62 5 kick?
1493481956397364 AUDIO_PLAYBACK_ONSET _ 62 END_OF_WAV
1493481956497465 AUDIO_PLAYBACK_DONE 62.wav
1493481957497424 AUDIO_PLAYBACK_ONSET 410 90 1 Whom
1493481957737159 AUDIO_PLAYBACK_ONSET 411 90 2 do
1493481957864258 AUDIO_PLAYBACK_ONSET 412 90 3 the
1493481957938088 AUDIO_PLAYBACK_ONSET 413 90 4 women
1493481958247424 AUDIO_PLAYBACK_ONSET 414 90 5 hug?
1493481958707223 AUDIO_PLAYBACK_ONSET _ 90 END_OF_WAV
1493481958888002 AUDIO_PLAYBACK_DONE 90.wav
1493481959887961 AUDIO_PLAYBACK_ONSET 415 21 1 who
1493481960140908 AUDIO_PLAYBACK_ONSET 416 21 2 winks?
1493481960856388 AUDIO_PLAYBACK_ONSET _ 21 END_OF_WAV
1493481960856652 AUDIO_PLAYBACK_DONE 21.wav
1493481961856610 AUDIO_PLAYBACK_ONSET 417 66 1 they
1493481961953068 AUDIO_PLAYBACK_ONSET 418 66 2 appeared
1493481962553650 AUDIO_PLAYBACK_ONSET _ 66 END_OF_WAV
1493481963067493 AUDIO_PLAYBACK_DONE 66.wav
1493481964067452 AUDIO_PLAYBACK_ONSET 419 50 1 What
1493481964208499 AUDIO_PLAYBACK_ONSET 420 50 2 did
1493481964360257 AUDIO_PLAYBACK_ONSET 421 50 3 the
1493481964461676 AUDIO_PLAYBACK_ONSET 422 50 4 girl
1493481964694865 AUDIO_PLAYBACK_ONSET 423 50 5 kick?
1493481965163464 AUDIO_PLAYBACK_ONSET _ 50 END_OF_WAV
1493481965168948 AUDIO_PLAYBACK_DONE 50.wav
1493481966168907 AUDIO_PLAYBACK_ONSET 424 81 1 the
1493481966259507 AUDIO_PLAYBACK_ONSET 425 81 2 actors
1493481966633788 AUDIO_PLAYBACK_ONSET 426 81 3 will
1493481966729553 AUDIO_PLAYBACK_ONSET 427 81 4 snore
1493481967316910 AUDIO_PLAYBACK_ONSET _ 81 END_OF_WAV
1493481967356343 AUDIO_PLAYBACK_DONE 81.wav
1493481968356301 AUDIO_PLAYBACK_ONSET 428 69 1 the
1493481968497951 AUDIO_PLAYBACK_ONSET 429 69 2 boy
1493481968723683 AUDIO_PLAYBACK_ONSET 430 69 3 jumped
1493481969386935 AUDIO_PLAYBACK_ONSET _ 69 END_OF_WAV
1493481969653144 AUDIO_PLAYBACK_DONE 69.wav
1493481970653102 AUDIO_PLAYBACK_ONSET 431 132 1 the
1493481970780516 AUDIO_PLAYBACK_ONSET 432 132 2 boys
1493481971055899 AUDIO_PLAYBACK_ONSET 433 132 3 kissed
1493481971347544 AUDIO_PLAYBACK_ONSET 434 132 4 the
1493481971446205 AUDIO_PLAYBACK_ONSET 435 132 5 clowns
1493481972217060 AUDIO_PLAYBACK_ONSET _ 132 END_OF_WAV
1493481972266301 AUDIO_PLAYBACK_DONE 132.wav
1493481973266260 AUDIO_PLAYBACK_ONSET 436 77 1 who
1493481973485436 AUDIO_PLAYBACK_ONSET 437 77 2 heard
1493481973779517 AUDIO_PLAYBACK_ONSET 438 77 3 the
1493481973863238 AUDIO_PLAYBACK_ONSET 439 77 4 men?
1493481974302249 AUDIO_PLAYBACK_ONSET _ 77 END_OF_WAV
1493481974313090 AUDIO_PLAYBACK_DONE 77.wav
1493481975313048 AUDIO_PLAYBACK_ONSET 440 51 1 she
1493481975507678 AUDIO_PLAYBACK_ONSET 441 51 2 smelled
1493481975814716 AUDIO_PLAYBACK_ONSET 442 51 3 it
1493481975992617 AUDIO_PLAYBACK_ONSET 443 51 4 burn
1493481976400797 AUDIO_PLAYBACK_ONSET _ 51 END_OF_WAV
1493481976656757 AUDIO_PLAYBACK_DONE 51.wav
1493481977656715 AUDIO_PLAYBACK_ONSET 444 26 1 Whom
1493481977873706 AUDIO_PLAYBACK_ONSET 445 26 2 will
1493481978063725 AUDIO_PLAYBACK_ONSET 446 26 3 the
1493481978218115 AUDIO_PLAYBACK_ONSET 447 26 4 boy
1493481978463861 AUDIO_PLAYBACK_ONSET 448 26 5 tickle?
1493481978940735 AUDIO_PLAYBACK_ONSET _ 26 END_OF_WAV
1493481979016028 AUDIO_PLAYBACK_DONE 26.wav
1493481980015987 AUDIO_PLAYBACK_ONSET 449 67 1 they
1493481980215808 AUDIO_PLAYBACK_ONSET 450 67 2 appear
1493481980791350 AUDIO_PLAYBACK_ONSET _ 67 END_OF_WAV
1493481980937807 AUDIO_PLAYBACK_DONE 67.wav
1493481981937766 AUDIO_PLAYBACK_ONSET 451 101 1 she
1493481982323109 AUDIO_PLAYBACK_ONSET 452 101 2 cries
1493481983062229 AUDIO_PLAYBACK_ONSET _ 101 END_OF_WAV
1493481983172072 AUDIO_PLAYBACK_DONE 101.wav
1493481984172031 AUDIO_PLAYBACK_ONSET 453 133 1 who
1493481984262648 AUDIO_PLAYBACK_ONSET 454 133 2 found
1493481984552727 AUDIO_PLAYBACK_ONSET 455 133 3 the
1493481984664296 AUDIO_PLAYBACK_ONSET 456 133 4 bikes?
1493481985435462 AUDIO_PLAYBACK_ONSET _ 133 END_OF_WAV
1493481985500119 AUDIO_PLAYBACK_DONE 133.wav
1493481986500077 AUDIO_PLAYBACK_ONSET 457 106 1 they
1493481986812563 AUDIO_PLAYBACK_ONSET 458 106 2 vanish
1493481987651259 AUDIO_PLAYBACK_ONSET _ 106 END_OF_WAV
1493481987718758 AUDIO_PLAYBACK_DONE 106.wav
1493481988718716 AUDIO_PLAYBACK_ONSET 459 75 1 he
1493481988872297 AUDIO_PLAYBACK_ONSET 460 75 2 falls
1493481989609511 AUDIO_PLAYBACK_ONSET _ 75 END_OF_WAV
1493481989718657 AUDIO_PLAYBACK_DONE 75.wav
1493481990718616 AUDIO_PLAYBACK_ONSET 461 140 1 the
1493481990808619 AUDIO_PLAYBACK_ONSET 462 140 2 actors
1493481991124625 AUDIO_PLAYBACK_ONSET 463 140 3 were
1493481991224507 AUDIO_PLAYBACK_ONSET 464 140 4 scorned
1493481991938321 AUDIO_PLAYBACK_ONSET _ 140 END_OF_WAV
1493481991999808 AUDIO_PLAYBACK_DONE 140.wav
1493481992999767 AUDIO_PLAYBACK_ONSET 465 54 1 she
1493481993293383 AUDIO_PLAYBACK_ONSET 466 54 2 smiled
1493481994085539 AUDIO_PLAYBACK_ONSET _ 54 END_OF_WAV
1493481994249695 AUDIO_PLAYBACK_DONE 54.wav
1493481995249654 AUDIO_PLAYBACK_ONSET 467 85 1 The
1493481995351270 AUDIO_PLAYBACK_ONSET 468 85 2 cook
1493481995570712 AUDIO_PLAYBACK_ONSET 469 85 3 prepared
1493481995931029 AUDIO_PLAYBACK_ONSET 470 85 4 the
1493481995989728 AUDIO_PLAYBACK_ONSET 471 85 5 meal
1493481996496340 AUDIO_PLAYBACK_ONSET _ 85 END_OF_WAV
1493481996593361 AUDIO_PLAYBACK_DONE 85.wav
1493481997593320 AUDIO_PLAYBACK_ONSET 472 115 1 she
1493481997750931 AUDIO_PLAYBACK_ONSET 473 115 2 discovered
1493481998308831 AUDIO_PLAYBACK_ONSET 474 115 3 that
1493481998491174 AUDIO_PLAYBACK_ONSET 475 115 4 they
1493481998630045 AUDIO_PLAYBACK_ONSET 476 115 5 cough
1493481999250739 AUDIO_PLAYBACK_ONSET _ 115 END_OF_WAV
1493481999390120 AUDIO_PLAYBACK_DONE 115.wav
1493482000390078 AUDIO_PLAYBACK_ONSET 477 9 1 they
1493482000671094 AUDIO_PLAYBACK_ONSET 478 9 2 will
1493482000875223 AUDIO_PLAYBACK_ONSET 479 9 3 drink
1493482001507772 AUDIO_PLAYBACK_ONSET _ 9 END_OF_WAV
1493482001640029 AUDIO_PLAYBACK_DONE 9.wav
1493482002639988 AUDIO_PLAYBACK_ONSET 480 43 1 she
1493482002853800 AUDIO_PLAYBACK_ONSET 481 43 2 remained
1493482003639237 AUDIO_PLAYBACK_ONSET _ 43 END_OF_WAV
1493482003889914 AUDIO_PLAYBACK_DONE 43.wav
1493482004889873 AUDIO_PLAYBACK_ONSET 482 151 1 He
1493482004996971 AUDIO_PLAYBACK_ONSET 483 151 2 heard
1493482005232605 AUDIO_PLAYBACK_ONSET 484 151 3 her
1493482005423885 AUDIO_PLAYBACK_ONSET 485 151 4 play
1493482005905549 AUDIO_PLAYBACK_ONSET _ 151 END_OF_WAV
1493482005921082 AUDIO_PLAYBACK_DONE 151.wav
1493482006921041 AUDIO_PLAYBACK_ONSET 486 45 1 Whom
1493482007036098 AUDIO_PLAYBACK_ONSET 487 45 2 does
1493482007233089 AUDIO_PLAYBACK_ONSET 488 45 3 the
1493482007354371 AUDIO_PLAYBACK_ONSET 489 45 4 boy
1493482007599139 AUDIO_PLAYBACK_ONSET 490 45 5 tickle?
1493482008012968 AUDIO_PLAYBACK_ONSET _ 45 END_OF_WAV
1493482008014736 AUDIO_PLAYBACK_DONE 45.wav
1493482009014695 AUDIO_PLAYBACK_ONSET 491 47 1 she
1493482009250721 AUDIO_PLAYBACK_ONSET 492 47 2 will
1493482009371005 AUDIO_PLAYBACK_ONSET 493 47 3 sleep
1493482010063669 AUDIO_PLAYBACK_ONSET _ 47 END_OF_WAV
1493482010249001 AUDIO_PLAYBACK_DONE 47.wav
1493482011248960 AUDIO_PLAYBACK_ONSET 494 141 1 who
1493482011393918 AUDIO_PLAYBACK_ONSET 495 141 2 collapsed?
1493482012299497 AUDIO_PLAYBACK_ONSET _ 141 END_OF_WAV
1493482012319234 AUDIO_PLAYBACK_DONE 141.wav
1493482013319193 AUDIO_PLAYBACK_ONSET 496 55 1 the
1493482013442513 AUDIO_PLAYBACK_ONSET 497 55 2 girls
1493482013766517 AUDIO_PLAYBACK_ONSET 498 55 3 cough
1493482014343500 AUDIO_PLAYBACK_ONSET _ 55 END_OF_WAV
1493482014506628 AUDIO_PLAYBACK_DONE 55.wav
1493482015506586 AUDIO_PLAYBACK_ONSET 499 149 1 the
1493482015615006 AUDIO_PLAYBACK_ONSET 500 149 2 girl
1493482015876868 AUDIO_PLAYBACK_ONSET 501 149 3 cries
1493482016644584 AUDIO_PLAYBACK_ONSET _ 149 END_OF_WAV
1493482016662795 AUDIO_PLAYBACK_DONE 149.wav
1493482017662754 AUDIO_PLAYBACK_ONSET 502 113 1 What
1493482017828632 AUDIO_PLAYBACK_ONSET 503 113 2 will
1493482017975240 AUDIO_PLAYBACK_ONSET 504 113 3 the
1493482018118572 AUDIO_PLAYBACK_ONSET 505 113 4 boy
1493482018299580 AUDIO_PLAYBACK_ONSET 506 113 5 smell?
1493482018833593 AUDIO_PLAYBACK_ONSET _ 113 END_OF_WAV
1493482018881436 AUDIO_PLAYBACK_DONE 113.wav
1493482019881394 AUDIO_PLAYBACK_ONSET 507 63 1 he
1493482020002282 AUDIO_PLAYBACK_ONSET 508 63 2 sneezes
1493482020741553 AUDIO_PLAYBACK_ONSET _ 63 END_OF_WAV
1493482021045429 AUDIO_PLAYBACK_DONE 63.wav
