1493480735791656 CHEETAH_SIGNAL SENT_AFTER_TIME 794083.124744
1493480738712534 CHEETAH_SIGNAL SENT_AFTER_TIME 794086.046398
1493480738770240 CHEETAH_SIGNAL SENT_AFTER_TIME 794086.103883
1493480738738019 DISPLAY_INSTRUCTIONS Stimuli/instructions_audio_sentences.png
1493480782976386 KEY_PRESS space
1493480783009544 CHEETAH_SIGNAL SENT_AFTER_TIME 794130.344125
1493480783114017 CHEETAH_SIGNAL SENT_AFTER_TIME 794130.448321
1493480783080470 DISPLAY_INSTRUCTIONS OFF
1493480783159102 CHEETAH_SIGNAL SENT_AFTER_TIME 794130.493523
1493480783192475 CHEETAH_SIGNAL SENT_AFTER_TIME 794130.526929
1493480783246894 CHEETAH_SIGNAL SENT_AFTER_TIME 794130.581182
1493480783213320 DISPLAY_FIXATION
1493480786449892 AUDIO_PLAYBACK_ONSET 1 1 1 he
1493480786543117 AUDIO_PLAYBACK_ONSET 2 1 2 smiles
1493480787324021 AUDIO_PLAYBACK_ONSET _ 1 END_OF_WAV
1493480787324867 AUDIO_PLAYBACK_DONE 1.wav
1493480782972746 KEY_PRESS space
1493480783036750 KEY_PRESS space
1493480788324825 AUDIO_PLAYBACK_ONSET 3 2 1 who
1493480788443814 AUDIO_PLAYBACK_ONSET 4 2 2 hugs
1493480788736212 AUDIO_PLAYBACK_ONSET 5 2 3 the
1493480788817434 AUDIO_PLAYBACK_ONSET 6 2 4 friend?
1493480789356365 AUDIO_PLAYBACK_ONSET _ 2 END_OF_WAV
1493480789746634 AUDIO_PLAYBACK_DONE 2.wav
1493480790746593 AUDIO_PLAYBACK_ONSET 7 3 1 They
1493480790865448 AUDIO_PLAYBACK_ONSET 8 3 2 ate
1493480791112139 AUDIO_PLAYBACK_ONSET 9 3 3 the
1493480791230470 AUDIO_PLAYBACK_ONSET 10 3 4 grapes
1493480791588472 AUDIO_PLAYBACK_ONSET 11 3 5 together
1493480792078845 AUDIO_PLAYBACK_ONSET _ 3 END_OF_WAV
1493480792238711 AUDIO_PLAYBACK_DONE 3.wav
1493480792124510 KEY_PRESS l
1493480793238670 AUDIO_PLAYBACK_ONSET 12 4 1 he
1493480793347692 AUDIO_PLAYBACK_ONSET 13 4 2 showered
1493480794081930 AUDIO_PLAYBACK_ONSET _ 4 END_OF_WAV
1493480794295247 AUDIO_PLAYBACK_DONE 4.wav
1493480792300378 KEY_PRESS l
1493480795295206 AUDIO_PLAYBACK_ONSET 14 5 1 we
1493480795462850 AUDIO_PLAYBACK_ONSET 15 5 2 guessed
1493480795727309 AUDIO_PLAYBACK_ONSET 16 5 3 that
1493480795884608 AUDIO_PLAYBACK_ONSET 17 5 4 they
1493480796057637 AUDIO_PLAYBACK_ONSET 18 5 5 wink
1493480796581639 AUDIO_PLAYBACK_ONSET _ 5 END_OF_WAV
1493480796758029 AUDIO_PLAYBACK_DONE 5.wav
1493480797757988 AUDIO_PLAYBACK_ONSET 19 6 1 Whom
1493480797920809 AUDIO_PLAYBACK_ONSET 20 6 2 did
1493480798075777 AUDIO_PLAYBACK_ONSET 21 6 3 the
1493480798205192 AUDIO_PLAYBACK_ONSET 22 6 4 boy
1493480798416211 AUDIO_PLAYBACK_ONSET 23 6 5 hear?
1493480798898425 AUDIO_PLAYBACK_ONSET _ 6 END_OF_WAV
1493480798984494 AUDIO_PLAYBACK_DONE 6.wav
1493480799984453 AUDIO_PLAYBACK_ONSET 24 7 1 he
1493480800142142 AUDIO_PLAYBACK_ONSET 25 7 2 arrived
1493480800976414 AUDIO_PLAYBACK_ONSET _ 7 END_OF_WAV
1493480801078151 AUDIO_PLAYBACK_DONE 7.wav
1493480802078110 AUDIO_PLAYBACK_ONSET 26 8 1 he
1493480802189521 AUDIO_PLAYBACK_ONSET 27 8 2 will
1493480802352044 AUDIO_PLAYBACK_ONSET 28 8 3 sneeze
1493480803213815 AUDIO_PLAYBACK_ONSET _ 8 END_OF_WAV
1493480803257749 AUDIO_PLAYBACK_DONE 8.wav
1493480804257708 AUDIO_PLAYBACK_ONSET 29 9 1 they
1493480804538724 AUDIO_PLAYBACK_ONSET 30 9 2 will
1493480804742853 AUDIO_PLAYBACK_ONSET 31 9 3 drink
1493480805375402 AUDIO_PLAYBACK_ONSET _ 9 END_OF_WAV
1493480805507637 AUDIO_PLAYBACK_DONE 9.wav
1493480806507595 AUDIO_PLAYBACK_ONSET 32 10 1 they
1493480806808900 AUDIO_PLAYBACK_ONSET 33 10 2 wink
1493480807412220 AUDIO_PLAYBACK_ONSET _ 10 END_OF_WAV
1493480807632541 AUDIO_PLAYBACK_DONE 10.wav
1493480808632500 AUDIO_PLAYBACK_ONSET 34 11 1 he
1493480808780165 AUDIO_PLAYBACK_ONSET 35 11 2 will
1493480808976166 AUDIO_PLAYBACK_ONSET 36 11 3 drive
1493480809584668 AUDIO_PLAYBACK_ONSET _ 11 END_OF_WAV
1493480809585571 AUDIO_PLAYBACK_DONE 11.wav
1493480810585530 AUDIO_PLAYBACK_ONSET 37 12 1 who
1493480810833629 AUDIO_PLAYBACK_ONSET 38 12 2 jumped?
1493480811600065 AUDIO_PLAYBACK_ONSET _ 12 END_OF_WAV
1493480811991711 AUDIO_PLAYBACK_DONE 12.wav
1493480812991670 AUDIO_PLAYBACK_ONSET 39 13 1 she
1493480813261191 AUDIO_PLAYBACK_ONSET 40 13 2 sliced
1493480813704780 AUDIO_PLAYBACK_ONSET 41 13 3 the
1493480813781602 AUDIO_PLAYBACK_ONSET 42 13 4 mushrooms
1493480814714624 AUDIO_PLAYBACK_ONSET _ 13 END_OF_WAV
1493480814835361 AUDIO_PLAYBACK_DONE 13.wav
1493480814683579 KEY_PRESS l
1493480815835319 AUDIO_PLAYBACK_ONSET 43 14 1 the
1493480816015501 AUDIO_PLAYBACK_ONSET 44 14 2 boy
1493480816234942 AUDIO_PLAYBACK_ONSET 45 14 3 remains
1493480817118127 AUDIO_PLAYBACK_ONSET _ 14 END_OF_WAV
1493480817179009 AUDIO_PLAYBACK_DONE 14.wav
1493480814867499 KEY_PRESS l
1493480818178967 AUDIO_PLAYBACK_ONSET 46 15 1 he
1493480818338578 AUDIO_PLAYBACK_ONSET 47 15 2 remains
1493480819233273 AUDIO_PLAYBACK_ONSET _ 15 END_OF_WAV
1493480819241423 AUDIO_PLAYBACK_DONE 15.wav
1493480820241382 AUDIO_PLAYBACK_ONSET 48 16 1 What
1493480820442269 AUDIO_PLAYBACK_ONSET 49 16 2 will
1493480820643627 AUDIO_PLAYBACK_ONSET 50 16 3 the
1493480820784776 AUDIO_PLAYBACK_ONSET 51 16 4 girls
1493480821203285 AUDIO_PLAYBACK_ONSET 52 16 5 find?
1493480821653379 AUDIO_PLAYBACK_ONSET _ 16 END_OF_WAV
1493480821710052 AUDIO_PLAYBACK_DONE 16.wav
1493480822710011 AUDIO_PLAYBACK_ONSET 53 17 1 he
1493480822858888 AUDIO_PLAYBACK_ONSET 54 17 2 was
1493480823089393 AUDIO_PLAYBACK_ONSET 55 17 3 hugged
1493480823615591 AUDIO_PLAYBACK_ONSET _ 17 END_OF_WAV
1493480823709950 AUDIO_PLAYBACK_DONE 17.wav
1493480824709909 AUDIO_PLAYBACK_ONSET 56 18 1 The
1493480824810233 AUDIO_PLAYBACK_ONSET 57 18 2 chef
1493480825083414 AUDIO_PLAYBACK_ONSET 58 18 3 served
1493480825540060 AUDIO_PLAYBACK_ONSET 59 18 4 the
1493480825689252 AUDIO_PLAYBACK_ONSET 60 18 5 cake
1493480826146906 AUDIO_PLAYBACK_ONSET _ 18 END_OF_WAV
1493480826209851 AUDIO_PLAYBACK_DONE 18.wav
1493480827209809 AUDIO_PLAYBACK_ONSET 61 19 1 who
1493480827451357 AUDIO_PLAYBACK_ONSET 62 19 2 laughs?
1493480828219248 AUDIO_PLAYBACK_ONSET _ 19 END_OF_WAV
1493480828241017 AUDIO_PLAYBACK_DONE 19.wav
1493480826419059 KEY_PRESS l
1493480826651173 KEY_PRESS l
1493480829240975 AUDIO_PLAYBACK_ONSET 63 20 1 she
1493480829622260 AUDIO_PLAYBACK_ONSET 64 20 2 sneezed
1493480830455223 AUDIO_PLAYBACK_ONSET _ 20 END_OF_WAV
1493480830459661 AUDIO_PLAYBACK_DONE 20.wav
1493480831459619 AUDIO_PLAYBACK_ONSET 65 21 1 who
1493480831712566 AUDIO_PLAYBACK_ONSET 66 21 2 winks?
1493480832428046 AUDIO_PLAYBACK_ONSET _ 21 END_OF_WAV
1493480832428309 AUDIO_PLAYBACK_DONE 21.wav
1493480833428268 AUDIO_PLAYBACK_ONSET 67 22 1 they
1493480833763584 AUDIO_PLAYBACK_ONSET 68 22 2 vanished
1493480834491670 AUDIO_PLAYBACK_ONSET _ 22 END_OF_WAV
1493480834584482 AUDIO_PLAYBACK_DONE 22.wav
1493480835584441 AUDIO_PLAYBACK_ONSET 69 23 1 they
1493480835862181 AUDIO_PLAYBACK_ONSET 70 23 2 saw
1493480836189797 AUDIO_PLAYBACK_ONSET 71 23 3 him
1493480836424673 AUDIO_PLAYBACK_ONSET 72 23 4 dance
1493480837084945 AUDIO_PLAYBACK_ONSET _ 23 END_OF_WAV
1493480837084358 AUDIO_PLAYBACK_DONE 23.wav
1493480838084316 AUDIO_PLAYBACK_ONSET 73 24 1 The
1493480838187696 AUDIO_PLAYBACK_ONSET 74 24 2 sandwich
1493480838791776 AUDIO_PLAYBACK_ONSET 75 24 3 is
1493480838982425 AUDIO_PLAYBACK_ONSET 76 24 4 healthy
1493480839547946 AUDIO_PLAYBACK_ONSET _ 24 END_OF_WAV
1493480839677997 AUDIO_PLAYBACK_DONE 24.wav
1493480839210553 KEY_PRESS l
1493480839402541 KEY_PRESS l
1493480840677956 AUDIO_PLAYBACK_ONSET 77 25 1 they
1493480840970817 AUDIO_PLAYBACK_ONSET 78 25 2 hug
1493480841257103 AUDIO_PLAYBACK_ONSET 79 25 3 the
1493480841358916 AUDIO_PLAYBACK_ONSET 80 25 4 friend
1493480841964754 AUDIO_PLAYBACK_ONSET _ 25 END_OF_WAV
1493480842177876 AUDIO_PLAYBACK_DONE 25.wav
1493480843177834 AUDIO_PLAYBACK_ONSET 81 26 1 Whom
1493480843394825 AUDIO_PLAYBACK_ONSET 82 26 2 will
1493480843584844 AUDIO_PLAYBACK_ONSET 83 26 3 the
1493480843739234 AUDIO_PLAYBACK_ONSET 84 26 4 boy
1493480843984980 AUDIO_PLAYBACK_ONSET 85 26 5 tickle?
1493480844461854 AUDIO_PLAYBACK_ONSET _ 26 END_OF_WAV
1493480844537148 AUDIO_PLAYBACK_DONE 26.wav
1493480845537107 AUDIO_PLAYBACK_ONSET 86 27 1 Who
1493480845737291 AUDIO_PLAYBACK_ONSET 87 27 2 did
1493480845919875 AUDIO_PLAYBACK_ONSET 88 27 3 the
1493480846070705 AUDIO_PLAYBACK_ONSET 89 27 4 boys
1493480846438141 AUDIO_PLAYBACK_ONSET 90 27 5 kiss?
1493480847135589 AUDIO_PLAYBACK_ONSET _ 27 END_OF_WAV
1493480847224525 AUDIO_PLAYBACK_DONE 27.wav
1493480848224483 AUDIO_PLAYBACK_ONSET 91 28 1 the
1493480848334887 AUDIO_PLAYBACK_ONSET 92 28 2 host
1493480848697785 AUDIO_PLAYBACK_ONSET 93 28 3 was
1493480848869153 AUDIO_PLAYBACK_ONSET 94 28 4 warned
1493480849595957 AUDIO_PLAYBACK_ONSET _ 28 END_OF_WAV
1493480849724424 AUDIO_PLAYBACK_DONE 28.wav
1493480850724383 AUDIO_PLAYBACK_ONSET 95 29 1 he
1493480851022284 AUDIO_PLAYBACK_ONSET 96 29 2 bloomed
1493480851957754 AUDIO_PLAYBACK_ONSET _ 29 END_OF_WAV
1493480852224300 AUDIO_PLAYBACK_DONE 29.wav
1493480853224258 AUDIO_PLAYBACK_ONSET 97 30 1 Whom
1493480853484861 AUDIO_PLAYBACK_ONSET 98 30 2 will
1493480853692520 AUDIO_PLAYBACK_ONSET 99 30 3 the
1493480853850783 AUDIO_PLAYBACK_ONSET 100 30 4 boy
1493480854079610 AUDIO_PLAYBACK_ONSET 101 30 5 hear?
1493480854693512 AUDIO_PLAYBACK_ONSET _ 30 END_OF_WAV
1493480854724178 AUDIO_PLAYBACK_DONE 30.wav
1493480855724137 AUDIO_PLAYBACK_ONSET 102 31 1 she
1493480856147959 AUDIO_PLAYBACK_ONSET 103 31 2 washed
1493480856965317 AUDIO_PLAYBACK_ONSET _ 31 END_OF_WAV
1493480856974063 AUDIO_PLAYBACK_DONE 31.wav
1493480857974022 AUDIO_PLAYBACK_ONSET 104 32 1 the
1493480858117970 AUDIO_PLAYBACK_ONSET 105 32 2 girls
1493480858469694 AUDIO_PLAYBACK_ONSET 106 32 3 appear
1493480859120053 AUDIO_PLAYBACK_ONSET _ 32 END_OF_WAV
1493480859208329 AUDIO_PLAYBACK_DONE 32.wav
1493480860208287 AUDIO_PLAYBACK_ONSET 107 33 1 who
1493480860465484 AUDIO_PLAYBACK_ONSET 108 33 2 falls?
1493480861312511 AUDIO_PLAYBACK_ONSET _ 33 END_OF_WAV
1493480861348855 AUDIO_PLAYBACK_DONE 33.wav
1493480862348814 AUDIO_PLAYBACK_ONSET 109 34 1 the
1493480862554438 AUDIO_PLAYBACK_ONSET 110 34 2 boy
1493480862804856 AUDIO_PLAYBACK_ONSET 111 34 3 laughs
1493480863628186 AUDIO_PLAYBACK_ONSET _ 34 END_OF_WAV
1493480863723748 AUDIO_PLAYBACK_DONE 34.wav
1493480864723706 AUDIO_PLAYBACK_ONSET 112 35 1 she
1493480865114877 AUDIO_PLAYBACK_ONSET 113 35 2 disappears
1493480866205893 AUDIO_PLAYBACK_ONSET _ 35 END_OF_WAV
1493480866286142 AUDIO_PLAYBACK_DONE 35.wav
1493480867286100 AUDIO_PLAYBACK_ONSET 114 36 1 she
1493480867688081 AUDIO_PLAYBACK_ONSET 115 36 2 laughed
1493480868447476 AUDIO_PLAYBACK_ONSET _ 36 END_OF_WAV
1493480868536048 AUDIO_PLAYBACK_DONE 36.wav
1493480869536007 AUDIO_PLAYBACK_ONSET 116 37 1 who
1493480869851730 AUDIO_PLAYBACK_ONSET 117 37 2 blooms?
1493480870628669 AUDIO_PLAYBACK_ONSET _ 37 END_OF_WAV
1493480870629706 AUDIO_PLAYBACK_DONE 37.wav
1493480871629664 AUDIO_PLAYBACK_ONSET 118 38 1 who
1493480871876378 AUDIO_PLAYBACK_ONSET 119 38 2 sneezes?
1493480872895004 AUDIO_PLAYBACK_ONSET _ 38 END_OF_WAV
1493480872910880 AUDIO_PLAYBACK_DONE 38.wav
1493480873910839 AUDIO_PLAYBACK_ONSET 120 39 1 she
1493480874413001 AUDIO_PLAYBACK_ONSET 121 39 2 excercised
1493480875581088 AUDIO_PLAYBACK_ONSET _ 39 END_OF_WAV
1493480875785754 AUDIO_PLAYBACK_DONE 39.wav
1493480876785713 AUDIO_PLAYBACK_ONSET 122 40 1 he
1493480877124336 AUDIO_PLAYBACK_ONSET 123 40 2 cried
1493480877861433 AUDIO_PLAYBACK_ONSET _ 40 END_OF_WAV
1493480878223141 AUDIO_PLAYBACK_DONE 40.wav
1493480879223100 AUDIO_PLAYBACK_ONSET 124 41 1 the
1493480879381800 AUDIO_PLAYBACK_ONSET 125 41 2 boy
1493480879569739 AUDIO_PLAYBACK_ONSET 126 41 3 sneezes
1493480880446791 AUDIO_PLAYBACK_ONSET _ 41 END_OF_WAV
1493480880449603 AUDIO_PLAYBACK_DONE 41.wav
1493480881449562 AUDIO_PLAYBACK_ONSET 127 42 1 they
1493480881665990 AUDIO_PLAYBACK_ONSET 128 42 2 winked
1493480882376205 AUDIO_PLAYBACK_ONSET _ 42 END_OF_WAV
1493480882605753 AUDIO_PLAYBACK_DONE 42.wav
1493480883605712 AUDIO_PLAYBACK_ONSET 129 43 1 she
1493480883819524 AUDIO_PLAYBACK_ONSET 130 43 2 remained
1493480884604961 AUDIO_PLAYBACK_ONSET _ 43 END_OF_WAV
1493480884855662 AUDIO_PLAYBACK_DONE 43.wav
1493480885855620 AUDIO_PLAYBACK_ONSET 131 44 1 The
1493480885923875 AUDIO_PLAYBACK_ONSET 132 44 2 salad
1493480886279003 AUDIO_PLAYBACK_ONSET 133 44 3 is
1493480886452177 AUDIO_PLAYBACK_ONSET 134 44 4 tasty
1493480887028362 AUDIO_PLAYBACK_ONSET _ 44 END_OF_WAV
1493480887043056 AUDIO_PLAYBACK_DONE 44.wav
1493480888043015 AUDIO_PLAYBACK_ONSET 135 45 1 Whom
1493480888158072 AUDIO_PLAYBACK_ONSET 136 45 2 does
1493480888355063 AUDIO_PLAYBACK_ONSET 137 45 3 the
1493480888476345 AUDIO_PLAYBACK_ONSET 138 45 4 boy
1493480888721113 AUDIO_PLAYBACK_ONSET 139 45 5 tickle?
1493480889134942 AUDIO_PLAYBACK_ONSET _ 45 END_OF_WAV
1493480889136736 AUDIO_PLAYBACK_DONE 45.wav
1493480890136694 AUDIO_PLAYBACK_ONSET 140 46 1 they
1493480890309158 AUDIO_PLAYBACK_ONSET 141 46 2 tickle
1493480890609055 AUDIO_PLAYBACK_ONSET 142 46 3 the
1493480890761146 AUDIO_PLAYBACK_ONSET 143 46 4 girl
1493480891179575 AUDIO_PLAYBACK_ONSET _ 46 END_OF_WAV
1493480891199167 AUDIO_PLAYBACK_DONE 46.wav
1493480892199126 AUDIO_PLAYBACK_ONSET 144 47 1 she
1493480892435152 AUDIO_PLAYBACK_ONSET 145 47 2 will
1493480892555436 AUDIO_PLAYBACK_ONSET 146 47 3 sleep
1493480893248100 AUDIO_PLAYBACK_ONSET _ 47 END_OF_WAV
1493480893433432 AUDIO_PLAYBACK_DONE 47.wav
1493480894433390 AUDIO_PLAYBACK_ONSET 147 48 1 she
1493480894648017 AUDIO_PLAYBACK_ONSET 148 48 2 collapsed
1493480895550538 AUDIO_PLAYBACK_ONSET _ 48 END_OF_WAV
1493480895605204 AUDIO_PLAYBACK_DONE 48.wav
1493480896605162 AUDIO_PLAYBACK_ONSET 149 49 1 the
1493480896774870 AUDIO_PLAYBACK_ONSET 150 49 2 girl
1493480896984106 AUDIO_PLAYBACK_ONSET 151 49 3 ate
1493480897170377 AUDIO_PLAYBACK_ONSET 152 49 4 the
1493480897229066 AUDIO_PLAYBACK_ONSET 153 49 5 salad
1493480897844866 AUDIO_PLAYBACK_ONSET _ 49 END_OF_WAV
1493480897870759 AUDIO_PLAYBACK_DONE 49.wav
1493480898870718 AUDIO_PLAYBACK_ONSET 154 50 1 What
1493480899011765 AUDIO_PLAYBACK_ONSET 155 50 2 did
1493480899163523 AUDIO_PLAYBACK_ONSET 156 50 3 the
1493480899264942 AUDIO_PLAYBACK_ONSET 157 50 4 girl
1493480899498131 AUDIO_PLAYBACK_ONSET 158 50 5 kick?
1493480899966730 AUDIO_PLAYBACK_ONSET _ 50 END_OF_WAV
1493480899972218 AUDIO_PLAYBACK_DONE 50.wav
1493480898312111 KEY_PRESS l
1493480898512088 KEY_PRESS l
1493480900972177 AUDIO_PLAYBACK_ONSET 159 51 1 she
1493480901166807 AUDIO_PLAYBACK_ONSET 160 51 2 smelled
1493480901473845 AUDIO_PLAYBACK_ONSET 161 51 3 it
1493480901651746 AUDIO_PLAYBACK_ONSET 162 51 4 burn
1493480902059926 AUDIO_PLAYBACK_ONSET _ 51 END_OF_WAV
1493480902315867 AUDIO_PLAYBACK_DONE 51.wav
1493480903315826 AUDIO_PLAYBACK_ONSET 163 52 1 he
1493480903459915 AUDIO_PLAYBACK_ONSET 164 52 2 disappeared
1493480904238631 AUDIO_PLAYBACK_ONSET _ 52 END_OF_WAV
1493480904565777 AUDIO_PLAYBACK_DONE 52.wav
1493480905565735 AUDIO_PLAYBACK_ONSET 165 53 1 they
1493480905726542 AUDIO_PLAYBACK_ONSET 166 53 2 heard
1493480905900934 AUDIO_PLAYBACK_ONSET 167 53 3 her
1493480906051133 AUDIO_PLAYBACK_ONSET 168 53 4 coughing
1493480906656971 AUDIO_PLAYBACK_ONSET _ 53 END_OF_WAV
1493480907065651 AUDIO_PLAYBACK_DONE 53.wav
1493480908065610 AUDIO_PLAYBACK_ONSET 169 54 1 she
1493480908359226 AUDIO_PLAYBACK_ONSET 170 54 2 smiled
1493480909151382 AUDIO_PLAYBACK_ONSET _ 54 END_OF_WAV
1493480909315539 AUDIO_PLAYBACK_DONE 54.wav
1493480910315498 AUDIO_PLAYBACK_ONSET 171 55 1 the
1493480910438818 AUDIO_PLAYBACK_ONSET 172 55 2 girls
1493480910762822 AUDIO_PLAYBACK_ONSET 173 55 3 cough
1493480911339805 AUDIO_PLAYBACK_ONSET _ 55 END_OF_WAV
1493480911502955 AUDIO_PLAYBACK_DONE 55.wav
1493480912502913 AUDIO_PLAYBACK_ONSET 174 56 1 we
1493480912628030 AUDIO_PLAYBACK_ONSET 175 56 2 revealed
1493480913000320 AUDIO_PLAYBACK_ONSET 176 56 3 that
1493480913078130 AUDIO_PLAYBACK_ONSET 177 56 4 she
1493480913297195 AUDIO_PLAYBACK_ONSET 178 56 5 jumps
1493480913966360 AUDIO_PLAYBACK_ONSET _ 56 END_OF_WAV
1493480914284092 AUDIO_PLAYBACK_DONE 56.wav
1493480915284051 AUDIO_PLAYBACK_ONSET 179 57 1 who
1493480915463669 AUDIO_PLAYBACK_ONSET 180 57 2 eats
1493480915678519 AUDIO_PLAYBACK_ONSET 181 57 3 the
1493480915745712 AUDIO_PLAYBACK_ONSET 182 57 4 salad?
1493480916366207 AUDIO_PLAYBACK_ONSET _ 57 END_OF_WAV
1493480916518357 AUDIO_PLAYBACK_DONE 57.wav
1493480917518316 AUDIO_PLAYBACK_ONSET 183 58 1 he
1493480917729771 AUDIO_PLAYBACK_ONSET 184 58 2 laughs
1493480918517798 AUDIO_PLAYBACK_ONSET _ 58 END_OF_WAV
1493480918744821 AUDIO_PLAYBACK_DONE 58.wav
1493480916679352 KEY_PRESS l
1493480916879332 KEY_PRESS l
1493480919744779 AUDIO_PLAYBACK_ONSET 185 59 1 who
1493480919912708 AUDIO_PLAYBACK_ONSET 186 59 2 arrives?
1493480920711468 AUDIO_PLAYBACK_ONSET _ 59 END_OF_WAV
1493480921049421 AUDIO_PLAYBACK_DONE 59.wav
1493480922049380 AUDIO_PLAYBACK_ONSET 187 60 1 the
1493480922192453 AUDIO_PLAYBACK_ONSET 188 60 2 boy
1493480922351664 AUDIO_PLAYBACK_ONSET 189 60 3 smelled
1493480922700013 AUDIO_PLAYBACK_ONSET 190 60 4 the
1493480922765852 AUDIO_PLAYBACK_ONSET 191 60 5 flowers
1493480923633731 AUDIO_PLAYBACK_ONSET _ 60 END_OF_WAV
1493480923830557 AUDIO_PLAYBACK_DONE 60.wav
1493480924830516 AUDIO_PLAYBACK_ONSET 192 61 1 who
1493480925040717 AUDIO_PLAYBACK_ONSET 193 61 2 tickles
1493480925447969 AUDIO_PLAYBACK_ONSET 194 61 3 the
1493480925568935 AUDIO_PLAYBACK_ONSET 195 61 4 girl?
1493480926043726 AUDIO_PLAYBACK_ONSET _ 61 END_OF_WAV
1493480926330434 AUDIO_PLAYBACK_DONE 61.wav
1493480927330392 AUDIO_PLAYBACK_ONSET 196 62 1 What
1493480927512525 AUDIO_PLAYBACK_ONSET 197 62 2 will
1493480927635907 AUDIO_PLAYBACK_ONSET 198 62 3 the
1493480927770145 AUDIO_PLAYBACK_ONSET 199 62 4 girl
1493480928028752 AUDIO_PLAYBACK_ONSET 200 62 5 kick?
1493480928698959 AUDIO_PLAYBACK_ONSET _ 62 END_OF_WAV
1493480928799067 AUDIO_PLAYBACK_DONE 62.wav
1493480929799025 AUDIO_PLAYBACK_ONSET 201 63 1 he
1493480929919913 AUDIO_PLAYBACK_ONSET 202 63 2 sneezes
1493480930659184 AUDIO_PLAYBACK_ONSET _ 63 END_OF_WAV
1493480930963036 AUDIO_PLAYBACK_DONE 63.wav
1493480931962995 AUDIO_PLAYBACK_ONSET 203 64 1 who
1493480932118808 AUDIO_PLAYBACK_ONSET 204 64 2 remains?
1493480932941087 AUDIO_PLAYBACK_ONSET _ 64 END_OF_WAV
1493480932947332 AUDIO_PLAYBACK_DONE 64.wav
1493480933947290 AUDIO_PLAYBACK_ONSET 205 65 1 they
1493480934078990 AUDIO_PLAYBACK_ONSET 206 65 2 found
1493480934371914 AUDIO_PLAYBACK_ONSET 207 65 3 the
1493480934492041 AUDIO_PLAYBACK_ONSET 208 65 4 bikes
1493480935141649 AUDIO_PLAYBACK_ONSET _ 65 END_OF_WAV
1493480935322224 AUDIO_PLAYBACK_DONE 65.wav
1493480936322182 AUDIO_PLAYBACK_ONSET 209 66 1 they
1493480936418640 AUDIO_PLAYBACK_ONSET 210 66 2 appeared
1493480937019222 AUDIO_PLAYBACK_ONSET _ 66 END_OF_WAV
1493480937533066 AUDIO_PLAYBACK_DONE 66.wav
1493480938533025 AUDIO_PLAYBACK_ONSET 211 67 1 they
1493480938732846 AUDIO_PLAYBACK_ONSET 212 67 2 appear
1493480939308388 AUDIO_PLAYBACK_ONSET _ 67 END_OF_WAV
1493480939454848 AUDIO_PLAYBACK_DONE 67.wav
1493480940454807 AUDIO_PLAYBACK_ONSET 213 68 1 he
1493480940716360 AUDIO_PLAYBACK_ONSET 214 68 2 crawled
1493480941286672 AUDIO_PLAYBACK_ONSET _ 68 END_OF_WAV
1493480941431323 AUDIO_PLAYBACK_DONE 68.wav
1493480942431281 AUDIO_PLAYBACK_ONSET 215 69 1 the
1493480942572931 AUDIO_PLAYBACK_ONSET 216 69 2 boy
1493480942798663 AUDIO_PLAYBACK_ONSET 217 69 3 jumped
1493480943461915 AUDIO_PLAYBACK_ONSET _ 69 END_OF_WAV
1493480943728099 AUDIO_PLAYBACK_DONE 69.wav
1493480944728058 AUDIO_PLAYBACK_ONSET 218 70 1 she
1493480945119640 AUDIO_PLAYBACK_ONSET 219 70 2 jumps
1493480945892467 AUDIO_PLAYBACK_ONSET _ 70 END_OF_WAV
1493480946259244 AUDIO_PLAYBACK_DONE 70.wav
1493480947259202 AUDIO_PLAYBACK_ONSET 220 71 1 who
1493480947442352 AUDIO_PLAYBACK_ONSET 221 71 2 coughed?
1493480948195695 AUDIO_PLAYBACK_ONSET _ 71 END_OF_WAV
1493480948259141 AUDIO_PLAYBACK_DONE 71.wav
1493480949259100 AUDIO_PLAYBACK_ONSET 222 72 1 the
1493480949403269 AUDIO_PLAYBACK_ONSET 223 72 2 girls
1493480949671609 AUDIO_PLAYBACK_ONSET 224 72 3 found
1493480949914014 AUDIO_PLAYBACK_ONSET 225 72 4 the
1493480950022747 AUDIO_PLAYBACK_ONSET 226 72 5 bikes
1493480950734997 AUDIO_PLAYBACK_ONSET _ 72 END_OF_WAV
1493480950743392 AUDIO_PLAYBACK_DONE 72.wav
1493480951743351 AUDIO_PLAYBACK_ONSET 227 73 1 she
1493480951961591 AUDIO_PLAYBACK_ONSET 228 73 2 heard
1493480952193360 AUDIO_PLAYBACK_ONSET 229 73 3 them
1493480952381205 AUDIO_PLAYBACK_ONSET 230 73 4 crying
1493480952908292 AUDIO_PLAYBACK_ONSET _ 73 END_OF_WAV
1493480953133910 AUDIO_PLAYBACK_DONE 73.wav
1493480954133869 AUDIO_PLAYBACK_ONSET 231 74 1 she
1493480954325022 AUDIO_PLAYBACK_ONSET 232 74 2 eats
1493480954609124 AUDIO_PLAYBACK_ONSET 233 74 3 the
1493480954686534 AUDIO_PLAYBACK_ONSET 234 74 4 salad
1493480955262719 AUDIO_PLAYBACK_ONSET _ 74 END_OF_WAV
1493480955321303 AUDIO_PLAYBACK_DONE 74.wav
1493480956321261 AUDIO_PLAYBACK_ONSET 235 75 1 he
1493480956474842 AUDIO_PLAYBACK_ONSET 236 75 2 falls
1493480957212056 AUDIO_PLAYBACK_ONSET _ 75 END_OF_WAV
1493480957321200 AUDIO_PLAYBACK_DONE 75.wav
1493480955757734 KEY_PRESS l
1493480955957711 KEY_PRESS l
1493480958321158 AUDIO_PLAYBACK_ONSET 237 76 1 the
1493480958454812 AUDIO_PLAYBACK_ONSET 238 76 2 girl
1493480958681499 AUDIO_PLAYBACK_ONSET 239 76 3 disappears
1493480959632352 AUDIO_PLAYBACK_ONSET _ 76 END_OF_WAV
1493480959633623 AUDIO_PLAYBACK_DONE 76.wav
1493480960633582 AUDIO_PLAYBACK_ONSET 240 77 1 who
1493480960852758 AUDIO_PLAYBACK_ONSET 241 77 2 heard
1493480961146839 AUDIO_PLAYBACK_ONSET 242 77 3 the
1493480961230560 AUDIO_PLAYBACK_ONSET 243 77 4 men?
1493480961669571 AUDIO_PLAYBACK_ONSET _ 77 END_OF_WAV
1493480961680410 AUDIO_PLAYBACK_DONE 77.wav
1493480962680369 AUDIO_PLAYBACK_ONSET 244 78 1 she
1493480962911157 AUDIO_PLAYBACK_ONSET 245 78 2 saw
1493480963149089 AUDIO_PLAYBACK_ONSET 246 78 3 that
1493480963315355 AUDIO_PLAYBACK_ONSET 247 78 4 he
1493480963450088 AUDIO_PLAYBACK_ONSET 248 78 5 crawled
1493480963970863 AUDIO_PLAYBACK_ONSET _ 78 END_OF_WAV
1493480964102174 AUDIO_PLAYBACK_DONE 78.wav
1493480965102133 AUDIO_PLAYBACK_ONSET 249 79 1 the
1493480965196094 AUDIO_PLAYBACK_ONSET 250 79 2 boy
1493480965421018 AUDIO_PLAYBACK_ONSET 251 79 3 collapses
1493480966375399 AUDIO_PLAYBACK_ONSET _ 79 END_OF_WAV
1493480966414575 AUDIO_PLAYBACK_DONE 79.wav
1493480967414534 AUDIO_PLAYBACK_ONSET 252 80 1 she
1493480967722106 AUDIO_PLAYBACK_ONSET 253 80 2 crawls
1493480968469889 AUDIO_PLAYBACK_ONSET _ 80 END_OF_WAV
1493480968633216 AUDIO_PLAYBACK_DONE 80.wav
1493480969633175 AUDIO_PLAYBACK_ONSET 254 81 1 the
1493480969723775 AUDIO_PLAYBACK_ONSET 255 81 2 actors
1493480970098056 AUDIO_PLAYBACK_ONSET 256 81 3 will
1493480970193821 AUDIO_PLAYBACK_ONSET 257 81 4 snore
1493480970781178 AUDIO_PLAYBACK_ONSET _ 81 END_OF_WAV
1493480970820609 AUDIO_PLAYBACK_DONE 81.wav
1493480971820567 AUDIO_PLAYBACK_ONSET 258 82 1 the
1493480971963094 AUDIO_PLAYBACK_ONSET 259 82 2 boy
1493480972155109 AUDIO_PLAYBACK_ONSET 260 82 3 will
1493480972292016 AUDIO_PLAYBACK_ONSET 261 82 4 sing
1493480972848257 AUDIO_PLAYBACK_ONSET _ 82 END_OF_WAV
1493480973101765 AUDIO_PLAYBACK_DONE 82.wav
1493480974101724 AUDIO_PLAYBACK_ONSET 262 83 1 What
1493480974237267 AUDIO_PLAYBACK_ONSET 263 83 2 will
1493480974457275 AUDIO_PLAYBACK_ONSET 264 83 3 the
1493480974630786 AUDIO_PLAYBACK_ONSET 265 83 4 girl
1493480975039048 AUDIO_PLAYBACK_ONSET 266 83 5 eat?
1493480975569789 AUDIO_PLAYBACK_ONSET _ 83 END_OF_WAV
1493480975789140 AUDIO_PLAYBACK_DONE 83.wav
1493480976789099 AUDIO_PLAYBACK_ONSET 267 84 1 the
1493480976938229 AUDIO_PLAYBACK_ONSET 268 84 2 girl
1493480977139838 AUDIO_PLAYBACK_ONSET 269 84 3 smiled
1493480977921074 AUDIO_PLAYBACK_ONSET _ 84 END_OF_WAV
1493480978039027 AUDIO_PLAYBACK_DONE 84.wav
1493480979038986 AUDIO_PLAYBACK_ONSET 270 85 1 The
1493480979140602 AUDIO_PLAYBACK_ONSET 271 85 2 cook
1493480979360044 AUDIO_PLAYBACK_ONSET 272 85 3 prepared
1493480979720361 AUDIO_PLAYBACK_ONSET 273 85 4 the
1493480979779060 AUDIO_PLAYBACK_ONSET 274 85 5 meal
1493480980285672 AUDIO_PLAYBACK_ONSET _ 85 END_OF_WAV
1493480980382676 AUDIO_PLAYBACK_DONE 85.wav
1493480981382635 AUDIO_PLAYBACK_ONSET 275 86 1 What
1493480981570976 AUDIO_PLAYBACK_ONSET 276 86 2 does
1493480981796781 AUDIO_PLAYBACK_ONSET 277 86 3 the
1493480981903510 AUDIO_PLAYBACK_ONSET 278 86 4 girl
1493480982130197 AUDIO_PLAYBACK_ONSET 279 86 5 eat?
1493480982645316 AUDIO_PLAYBACK_ONSET _ 86 END_OF_WAV
1493480982695075 AUDIO_PLAYBACK_DONE 86.wav
1493480983695034 AUDIO_PLAYBACK_ONSET 280 87 1 who
1493480983876596 AUDIO_PLAYBACK_ONSET 281 87 2 kicked
1493480984200161 AUDIO_PLAYBACK_ONSET 282 87 3 the
1493480984350014 AUDIO_PLAYBACK_ONSET 283 87 4 ball?
1493480984730240 AUDIO_PLAYBACK_ONSET _ 87 END_OF_WAV
1493480984804356 AUDIO_PLAYBACK_DONE 87.wav
1493480985804315 AUDIO_PLAYBACK_ONSET 284 88 1 he
1493480986020154 AUDIO_PLAYBACK_ONSET 285 88 2 collapses
1493480986964507 AUDIO_PLAYBACK_ONSET _ 88 END_OF_WAV
1493480987022998 AUDIO_PLAYBACK_DONE 88.wav
1493480988022957 AUDIO_PLAYBACK_ONSET 286 89 1 he
1493480988113886 AUDIO_PLAYBACK_ONSET 287 89 2 hears
1493480988447522 AUDIO_PLAYBACK_ONSET 288 89 3 the
1493480988523746 AUDIO_PLAYBACK_ONSET 289 89 4 men
1493480988921110 AUDIO_PLAYBACK_ONSET _ 89 END_OF_WAV
1493480988952601 AUDIO_PLAYBACK_DONE 89.wav
1493480989952560 AUDIO_PLAYBACK_ONSET 290 90 1 Whom
1493480990192295 AUDIO_PLAYBACK_ONSET 291 90 2 do
1493480990319394 AUDIO_PLAYBACK_ONSET 292 90 3 the
1493480990393224 AUDIO_PLAYBACK_ONSET 293 90 4 women
1493480990702560 AUDIO_PLAYBACK_ONSET 294 90 5 hug?
1493480991162359 AUDIO_PLAYBACK_ONSET _ 90 END_OF_WAV
1493480991343139 AUDIO_PLAYBACK_DONE 90.wav
1493480992343098 AUDIO_PLAYBACK_ONSET 295 91 1 the
1493480992490201 AUDIO_PLAYBACK_ONSET 296 91 2 girl
1493480992699098 AUDIO_PLAYBACK_ONSET 297 91 3 fell
1493480993187540 AUDIO_PLAYBACK_ONSET _ 91 END_OF_WAV
1493480993249299 AUDIO_PLAYBACK_DONE 91.wav
1493480994249258 AUDIO_PLAYBACK_ONSET 298 92 1 she
1493480994626878 AUDIO_PLAYBACK_ONSET 299 92 2 blooms
1493480995436675 AUDIO_PLAYBACK_ONSET _ 92 END_OF_WAV
1493480995499207 AUDIO_PLAYBACK_DONE 92.wav
1493480996499166 AUDIO_PLAYBACK_ONSET 300 93 1 who
1493480996622944 AUDIO_PLAYBACK_ONSET 301 93 2 smelled
1493480997008980 AUDIO_PLAYBACK_ONSET 302 93 3 the
1493480997072131 AUDIO_PLAYBACK_ONSET 303 93 4 flowers?
1493480997961338 AUDIO_PLAYBACK_ONSET _ 93 END_OF_WAV
1493480998014728 AUDIO_PLAYBACK_DONE 93.wav
1493480999014687 AUDIO_PLAYBACK_ONSET 304 94 1 she
1493480999360754 AUDIO_PLAYBACK_ONSET 305 94 2 kicked
1493480999671170 AUDIO_PLAYBACK_ONSET 306 94 3 the
1493480999818597 AUDIO_PLAYBACK_ONSET 307 94 4 ball
1493481000180612 AUDIO_PLAYBACK_ONSET _ 94 END_OF_WAV
1493481000233369 AUDIO_PLAYBACK_DONE 94.wav
1493481001233328 AUDIO_PLAYBACK_ONSET 308 95 1 he
1493481001364715 AUDIO_PLAYBACK_ONSET 309 95 2 streched
1493481002229925 AUDIO_PLAYBACK_ONSET _ 95 END_OF_WAV
1493481002506724 AUDIO_PLAYBACK_DONE 95.wav
1493481003506683 AUDIO_PLAYBACK_ONSET 310 96 1 the
1493481003652487 AUDIO_PLAYBACK_ONSET 311 96 2 girl
1493481003875019 AUDIO_PLAYBACK_ONSET 312 96 3 kicked
1493481004190197 AUDIO_PLAYBACK_ONSET 313 96 4 the
1493481004320083 AUDIO_PLAYBACK_ONSET 314 96 5 ball
1493481004728816 AUDIO_PLAYBACK_ONSET _ 96 END_OF_WAV
1493481004858171 AUDIO_PLAYBACK_DONE 96.wav
1493481005858129 AUDIO_PLAYBACK_ONSET 315 97 1 they
1493481006054144 AUDIO_PLAYBACK_ONSET 316 97 2 kissed
1493481006387277 AUDIO_PLAYBACK_ONSET 317 97 3 the
1493481006503873 AUDIO_PLAYBACK_ONSET 318 97 4 clowns
1493481007311163 AUDIO_PLAYBACK_ONSET _ 97 END_OF_WAV
1493481007510421 AUDIO_PLAYBACK_DONE 97.wav
1493481008510379 AUDIO_PLAYBACK_ONSET 319 98 1 the
1493481008633120 AUDIO_PLAYBACK_ONSET 320 98 2 boy
1493481008954634 AUDIO_PLAYBACK_ONSET 321 98 3 bloomed
1493481009622116 AUDIO_PLAYBACK_ONSET _ 98 END_OF_WAV
1493481009857988 AUDIO_PLAYBACK_DONE 98.wav
1493481010857946 AUDIO_PLAYBACK_ONSET 322 99 1 they
1493481011148678 AUDIO_PLAYBACK_ONSET 323 99 2 cough
1493481011846232 AUDIO_PLAYBACK_ONSET _ 99 END_OF_WAV
1493481011951646 AUDIO_PLAYBACK_DONE 99.wav
1493481012951605 AUDIO_PLAYBACK_ONSET 324 100 1 she
1493481013275338 AUDIO_PLAYBACK_ONSET 325 100 2 fell
1493481013782808 AUDIO_PLAYBACK_ONSET _ 100 END_OF_WAV
1493481013826558 AUDIO_PLAYBACK_DONE 100.wav
1493481014826517 AUDIO_PLAYBACK_ONSET 326 101 1 she
1493481015211860 AUDIO_PLAYBACK_ONSET 327 101 2 cries
1493481015950980 AUDIO_PLAYBACK_ONSET _ 101 END_OF_WAV
1493481016060822 AUDIO_PLAYBACK_DONE 101.wav
1493481017060780 AUDIO_PLAYBACK_ONSET 328 102 1 we
1493481017211287 AUDIO_PLAYBACK_ONSET 329 102 2 heard
1493481017475840 AUDIO_PLAYBACK_ONSET 330 102 3 that
1493481017584017 AUDIO_PLAYBACK_ONSET 331 102 4 she
1493481017802514 AUDIO_PLAYBACK_ONSET 332 102 5 sneezed
1493481018614379 AUDIO_PLAYBACK_ONSET _ 102 END_OF_WAV
1493481018654462 AUDIO_PLAYBACK_DONE 102.wav
1493481019654420 AUDIO_PLAYBACK_ONSET 333 103 1 she
1493481019941817 AUDIO_PLAYBACK_ONSET 334 103 2 scratched
1493481020999729 AUDIO_PLAYBACK_ONSET _ 103 END_OF_WAV
1493481021044976 AUDIO_PLAYBACK_DONE 103.wav
1493481022044934 AUDIO_PLAYBACK_ONSET 335 104 1 they
1493481022287941 AUDIO_PLAYBACK_ONSET 336 104 2 heared
1493481022568601 AUDIO_PLAYBACK_ONSET 337 104 3 that
1493481022673439 AUDIO_PLAYBACK_ONSET 338 104 4 she
1493481022871102 AUDIO_PLAYBACK_ONSET 339 104 5 laughed
1493481023644282 AUDIO_PLAYBACK_ONSET _ 104 END_OF_WAV
1493481023669859 AUDIO_PLAYBACK_DONE 104.wav
1493481024669817 AUDIO_PLAYBACK_ONSET 340 105 1 the
1493481024813121 AUDIO_PLAYBACK_ONSET 341 105 2 boys
1493481025115196 AUDIO_PLAYBACK_ONSET 342 105 3 winked
1493481025785475 AUDIO_PLAYBACK_ONSET _ 105 END_OF_WAV
1493481025884600 AUDIO_PLAYBACK_DONE 105.wav
1493481026884559 AUDIO_PLAYBACK_ONSET 343 106 1 they
1493481027197045 AUDIO_PLAYBACK_ONSET 344 106 2 vanish
1493481028035741 AUDIO_PLAYBACK_ONSET _ 106 END_OF_WAV
1493481028103239 AUDIO_PLAYBACK_DONE 106.wav
1493481029103198 AUDIO_PLAYBACK_ONSET 345 107 1 they
1493481029246772 AUDIO_PLAYBACK_ONSET 346 107 2 were
1493481029398538 AUDIO_PLAYBACK_ONSET 347 107 3 loved
1493481030150326 AUDIO_PLAYBACK_ONSET _ 107 END_OF_WAV
1493481030267230 AUDIO_PLAYBACK_DONE 107.wav
1493481031267188 AUDIO_PLAYBACK_ONSET 348 108 1 she
1493481031520089 AUDIO_PLAYBACK_ONSET 349 108 2 arrives
1493481032428857 AUDIO_PLAYBACK_ONSET _ 108 END_OF_WAV
1493481032751484 AUDIO_PLAYBACK_DONE 108.wav
1493481033751442 AUDIO_PLAYBACK_ONSET 350 109 1 the
1493481033919015 AUDIO_PLAYBACK_ONSET 351 109 2 boy
1493481034135617 AUDIO_PLAYBACK_ONSET 352 109 3 was
1493481034404669 AUDIO_PLAYBACK_ONSET 353 109 4 pushed
1493481035086527 AUDIO_PLAYBACK_ONSET _ 109 END_OF_WAV
1493481035196712 AUDIO_PLAYBACK_DONE 109.wav
1493481036196670 AUDIO_PLAYBACK_ONSET 354 110 1 The
1493481036326869 AUDIO_PLAYBACK_ONSET 355 110 2 cake
1493481036568699 AUDIO_PLAYBACK_ONSET 356 110 3 was
1493481036733350 AUDIO_PLAYBACK_ONSET 357 110 4 overcooked
1493481037688321 AUDIO_PLAYBACK_ONSET _ 110 END_OF_WAV
1493481037727880 AUDIO_PLAYBACK_DONE 110.wav
1493481038727838 AUDIO_PLAYBACK_ONSET 358 111 1 he
1493481039015883 AUDIO_PLAYBACK_ONSET 359 111 2 jumped
1493481039711614 AUDIO_PLAYBACK_ONSET _ 111 END_OF_WAV
1493481040009033 AUDIO_PLAYBACK_DONE 111.wav
1493481041008992 AUDIO_PLAYBACK_ONSET 360 112 1 who
1493481041162427 AUDIO_PLAYBACK_ONSET 361 112 2 appeared?
1493481041841598 AUDIO_PLAYBACK_ONSET _ 112 END_OF_WAV
1493481041946440 AUDIO_PLAYBACK_DONE 112.wav
1493481042946399 AUDIO_PLAYBACK_ONSET 362 113 1 What
1493481043112277 AUDIO_PLAYBACK_ONSET 363 113 2 will
1493481043258885 AUDIO_PLAYBACK_ONSET 364 113 3 the
1493481043402217 AUDIO_PLAYBACK_ONSET 365 113 4 boy
1493481043583225 AUDIO_PLAYBACK_ONSET 366 113 5 smell?
1493481044117238 AUDIO_PLAYBACK_ONSET _ 113 END_OF_WAV
1493481044165079 AUDIO_PLAYBACK_DONE 113.wav
1493481045165038 AUDIO_PLAYBACK_ONSET 367 114 1 she
1493481045367053 AUDIO_PLAYBACK_ONSET 368 114 2 saw
1493481045550381 AUDIO_PLAYBACK_ONSET 369 114 3 him
1493481045767721 AUDIO_PLAYBACK_ONSET 370 114 4 coming
1493481046246365 AUDIO_PLAYBACK_ONSET _ 114 END_OF_WAV
1493481046399342 AUDIO_PLAYBACK_DONE 114.wav
1493481047399300 AUDIO_PLAYBACK_ONSET 371 115 1 she
1493481047556911 AUDIO_PLAYBACK_ONSET 372 115 2 discovered
1493481048114811 AUDIO_PLAYBACK_ONSET 373 115 3 that
1493481048297154 AUDIO_PLAYBACK_ONSET 374 115 4 they
1493481048436025 AUDIO_PLAYBACK_ONSET 375 115 5 cough
1493481049056719 AUDIO_PLAYBACK_ONSET _ 115 END_OF_WAV
1493481049196119 AUDIO_PLAYBACK_DONE 115.wav
1493481050196078 AUDIO_PLAYBACK_ONSET 376 116 1 who
1493481050349977 AUDIO_PLAYBACK_ONSET 377 116 2 vanished?
1493481051188976 AUDIO_PLAYBACK_ONSET _ 116 END_OF_WAV
1493481051258532 AUDIO_PLAYBACK_DONE 116.wav
1493481052258490 AUDIO_PLAYBACK_ONSET 378 117 1 the
1493481052325506 AUDIO_PLAYBACK_ONSET 379 117 2 women
1493481052577772 AUDIO_PLAYBACK_ONSET 380 117 3 hug
1493481052849444 AUDIO_PLAYBACK_ONSET 381 117 4 the
1493481052909507 AUDIO_PLAYBACK_ONSET 382 117 5 friend
1493481053582216 AUDIO_PLAYBACK_ONSET _ 117 END_OF_WAV
1493481053633424 AUDIO_PLAYBACK_DONE 117.wav
1493481054633383 AUDIO_PLAYBACK_ONSET 383 118 1 the
1493481054716570 AUDIO_PLAYBACK_ONSET 384 118 2 woman
1493481054993783 AUDIO_PLAYBACK_ONSET 385 118 3 was
1493481055260916 AUDIO_PLAYBACK_ONSET 386 118 4 pinched
1493481056094573 AUDIO_PLAYBACK_ONSET _ 118 END_OF_WAV
1493481056133301 AUDIO_PLAYBACK_DONE 118.wav
1493481057133259 AUDIO_PLAYBACK_ONSET 387 119 1 she
1493481057365228 AUDIO_PLAYBACK_ONSET 388 119 2 was
1493481057599894 AUDIO_PLAYBACK_ONSET 389 119 3 kicked
1493481058269703 AUDIO_PLAYBACK_ONSET _ 119 END_OF_WAV
1493481058289471 AUDIO_PLAYBACK_DONE 119.wav
1493481059289429 AUDIO_PLAYBACK_ONSET 390 120 1 they
1493481059427593 AUDIO_PLAYBACK_ONSET 391 120 2 caught
1493481059587087 AUDIO_PLAYBACK_ONSET 392 120 3 him
1493481059729150 AUDIO_PLAYBACK_ONSET 393 120 4 stealing
1493481060435980 AUDIO_PLAYBACK_ONSET _ 120 END_OF_WAV
1493481060586248 AUDIO_PLAYBACK_DONE 120.wav
1493481061586206 AUDIO_PLAYBACK_ONSET 394 121 1 What
1493481061749974 AUDIO_PLAYBACK_ONSET 395 121 2 did
1493481061871697 AUDIO_PLAYBACK_ONSET 396 121 3 the
1493481061976996 AUDIO_PLAYBACK_ONSET 397 121 4 girls
1493481062266811 AUDIO_PLAYBACK_ONSET 398 121 5 find?
1493481062870593 AUDIO_PLAYBACK_ONSET _ 121 END_OF_WAV
1493481063023632 AUDIO_PLAYBACK_DONE 121.wav
1493481064023590 AUDIO_PLAYBACK_ONSET 399 122 1 the
1493481064164467 AUDIO_PLAYBACK_ONSET 400 122 2 girl
1493481064413455 AUDIO_PLAYBACK_ONSET 401 122 3 crawls
1493481065108548 AUDIO_PLAYBACK_ONSET _ 122 END_OF_WAV
1493481065211047 AUDIO_PLAYBACK_DONE 122.wav
1493481066211006 AUDIO_PLAYBACK_ONSET 402 123 1 Who
1493481066284675 AUDIO_PLAYBACK_ONSET 403 123 2 will
1493481066398848 AUDIO_PLAYBACK_ONSET 404 123 3 the
1493481066530453 AUDIO_PLAYBACK_ONSET 405 123 4 boys
1493481066832882 AUDIO_PLAYBACK_ONSET 406 123 5 kiss?
1493481067464758 AUDIO_PLAYBACK_ONSET _ 123 END_OF_WAV
1493481067507822 AUDIO_PLAYBACK_DONE 123.wav
1493481068507781 AUDIO_PLAYBACK_ONSET 407 124 1 who
1493481068615964 AUDIO_PLAYBACK_ONSET 408 124 2 disappeared?
1493481069370767 AUDIO_PLAYBACK_ONSET _ 124 END_OF_WAV
1493481069492097 AUDIO_PLAYBACK_DONE 124.wav
1493481070492055 AUDIO_PLAYBACK_ONSET 409 125 1 we
1493481070604350 AUDIO_PLAYBACK_ONSET 410 125 2 believed
1493481070869720 AUDIO_PLAYBACK_ONSET 411 125 3 that
1493481070996735 AUDIO_PLAYBACK_ONSET 412 125 4 he
1493481071120726 AUDIO_PLAYBACK_ONSET 413 125 5 cried
1493481071594007 AUDIO_PLAYBACK_ONSET _ 125 END_OF_WAV
1493481071617000 AUDIO_PLAYBACK_DONE 125.wav
1493481072616958 AUDIO_PLAYBACK_ONSET 414 126 1 the
1493481072706230 AUDIO_PLAYBACK_ONSET 415 126 2 host
1493481073008090 AUDIO_PLAYBACK_ONSET 416 126 3 will
1493481073172571 AUDIO_PLAYBACK_ONSET 417 126 4 eat
1493481073705266 AUDIO_PLAYBACK_ONSET _ 126 END_OF_WAV
1493481074007537 AUDIO_PLAYBACK_DONE 126.wav
1493481075007495 AUDIO_PLAYBACK_ONSET 418 127 1 the
1493481075099879 AUDIO_PLAYBACK_ONSET 419 127 2 woman
1493481075398763 AUDIO_PLAYBACK_ONSET 420 127 3 will
1493481075488349 AUDIO_PLAYBACK_ONSET 421 127 4 speak
1493481076182840 AUDIO_PLAYBACK_ONSET _ 127 END_OF_WAV
1493481076187130 AUDIO_PLAYBACK_DONE 127.wav
1493481077187088 AUDIO_PLAYBACK_ONSET 422 128 1 Whom
1493481077411593 AUDIO_PLAYBACK_ONSET 423 128 2 will
1493481077498034 AUDIO_PLAYBACK_ONSET 424 128 3 the
1493481077597706 AUDIO_PLAYBACK_ONSET 425 128 4 women
1493481077859676 AUDIO_PLAYBACK_ONSET 426 128 5 hug?
1493481078339512 AUDIO_PLAYBACK_ONSET _ 128 END_OF_WAV
1493481078499531 AUDIO_PLAYBACK_DONE 128.wav
1493481079499489 AUDIO_PLAYBACK_ONSET 427 129 1 who
1493481079668487 AUDIO_PLAYBACK_ONSET 428 129 2 smiles?
1493481080478962 AUDIO_PLAYBACK_ONSET _ 129 END_OF_WAV
1493481080624435 AUDIO_PLAYBACK_DONE 129.wav
1493481081624394 AUDIO_PLAYBACK_ONSET 429 130 1 they
1493481081840961 AUDIO_PLAYBACK_ONSET 430 130 2 coughed
1493481082601290 AUDIO_PLAYBACK_ONSET _ 130 END_OF_WAV
1493481082936833 AUDIO_PLAYBACK_DONE 130.wav
1493481083936792 AUDIO_PLAYBACK_ONSET 431 131 1 who
1493481084143507 AUDIO_PLAYBACK_ONSET 432 131 2 cried?
1493481084742122 AUDIO_PLAYBACK_ONSET _ 131 END_OF_WAV
1493481084811747 AUDIO_PLAYBACK_DONE 131.wav
1493481085811705 AUDIO_PLAYBACK_ONSET 433 132 1 the
1493481085939119 AUDIO_PLAYBACK_ONSET 434 132 2 boys
1493481086214502 AUDIO_PLAYBACK_ONSET 435 132 3 kissed
1493481086506147 AUDIO_PLAYBACK_ONSET 436 132 4 the
1493481086604808 AUDIO_PLAYBACK_ONSET 437 132 5 clowns
1493481087375663 AUDIO_PLAYBACK_ONSET _ 132 END_OF_WAV
1493481087424925 AUDIO_PLAYBACK_DONE 132.wav
1493481088424884 AUDIO_PLAYBACK_ONSET 438 133 1 who
1493481088515501 AUDIO_PLAYBACK_ONSET 439 133 2 found
1493481088805580 AUDIO_PLAYBACK_ONSET 440 133 3 the
1493481088917149 AUDIO_PLAYBACK_ONSET 441 133 4 bikes?
1493481089688315 AUDIO_PLAYBACK_ONSET _ 133 END_OF_WAV
1493481089752950 AUDIO_PLAYBACK_DONE 133.wav
1493481090752909 AUDIO_PLAYBACK_ONSET 442 134 1 who
1493481090948868 AUDIO_PLAYBACK_ONSET 443 134 2 crawled?
1493481091509367 AUDIO_PLAYBACK_ONSET _ 134 END_OF_WAV
1493481091541947 AUDIO_PLAYBACK_DONE 134.wav
1493481092541906 AUDIO_PLAYBACK_ONSET 444 135 1 the
1493481092687045 AUDIO_PLAYBACK_ONSET 445 135 2 boy
1493481092836046 AUDIO_PLAYBACK_ONSET 446 135 3 heard
1493481093107919 AUDIO_PLAYBACK_ONSET 447 135 4 the
1493481093147464 AUDIO_PLAYBACK_ONSET 448 135 5 men
1493481093553508 AUDIO_PLAYBACK_ONSET _ 135 END_OF_WAV
1493481093592656 AUDIO_PLAYBACK_DONE 135.wav
1493481094592615 AUDIO_PLAYBACK_ONSET 449 136 1 who
1493481094725771 AUDIO_PLAYBACK_ONSET 450 136 2 kissed
1493481095008341 AUDIO_PLAYBACK_ONSET 451 136 3 the
1493481095124629 AUDIO_PLAYBACK_ONSET 452 136 4 clowns?
1493481096000593 AUDIO_PLAYBACK_ONSET _ 136 END_OF_WAV
1493481096209714 AUDIO_PLAYBACK_DONE 136.wav
1493481097209672 AUDIO_PLAYBACK_ONSET 453 137 1 the
1493481097350638 AUDIO_PLAYBACK_ONSET 454 137 2 boys
1493481097661192 AUDIO_PLAYBACK_ONSET 455 137 3 vanished
1493481098524055 AUDIO_PLAYBACK_ONSET _ 137 END_OF_WAV
1493481098631474 AUDIO_PLAYBACK_DONE 137.wav
1493481099631433 AUDIO_PLAYBACK_ONSET 456 138 1 he
1493481099730502 AUDIO_PLAYBACK_ONSET 457 138 2 shaved
1493481100619895 AUDIO_PLAYBACK_ONSET _ 138 END_OF_WAV
1493481100834493 AUDIO_PLAYBACK_DONE 138.wav
1493481101834452 AUDIO_PLAYBACK_ONSET 458 139 1 he
1493481101915736 AUDIO_PLAYBACK_ONSET 459 139 2 saw
1493481102186873 AUDIO_PLAYBACK_ONSET 460 139 3 her
1493481102308171 AUDIO_PLAYBACK_ONSET 461 139 4 winking
1493481102906733 AUDIO_PLAYBACK_ONSET _ 139 END_OF_WAV
1493481103014085 AUDIO_PLAYBACK_DONE 139.wav
1493481104014044 AUDIO_PLAYBACK_ONSET 462 140 1 the
1493481104104047 AUDIO_PLAYBACK_ONSET 463 140 2 actors
1493481104420053 AUDIO_PLAYBACK_ONSET 464 140 3 were
1493481104519935 AUDIO_PLAYBACK_ONSET 465 140 4 scorned
1493481105233749 AUDIO_PLAYBACK_ONSET _ 140 END_OF_WAV
1493481105295239 AUDIO_PLAYBACK_DONE 140.wav
1493481106295197 AUDIO_PLAYBACK_ONSET 466 141 1 who
1493481106440155 AUDIO_PLAYBACK_ONSET 467 141 2 collapsed?
1493481107345734 AUDIO_PLAYBACK_ONSET _ 141 END_OF_WAV
1493481107365449 AUDIO_PLAYBACK_DONE 141.wav
1493481108365407 AUDIO_PLAYBACK_ONSET 468 142 1 he
1493481108502870 AUDIO_PLAYBACK_ONSET 469 142 2 undressed
1493481109412985 AUDIO_PLAYBACK_ONSET _ 142 END_OF_WAV
1493481109810678 AUDIO_PLAYBACK_DONE 142.wav
1493481110810636 AUDIO_PLAYBACK_ONSET 470 143 1 he
1493481110928156 AUDIO_PLAYBACK_ONSET 471 143 2 was
1493481111169908 AUDIO_PLAYBACK_ONSET 472 143 3 kissed
1493481111856124 AUDIO_PLAYBACK_ONSET _ 143 END_OF_WAV
1493481111927780 AUDIO_PLAYBACK_DONE 143.wav
1493481112927739 AUDIO_PLAYBACK_ONSET 473 144 1 the
1493481113049044 AUDIO_PLAYBACK_ONSET 474 144 2 girls
1493481113339239 AUDIO_PLAYBACK_ONSET 475 144 3 arrive
1493481114090748 AUDIO_PLAYBACK_ONSET _ 144 END_OF_WAV
1493481114240179 AUDIO_PLAYBACK_DONE 144.wav
1493481115240138 AUDIO_PLAYBACK_ONSET 476 145 1 he
1493481115324738 AUDIO_PLAYBACK_ONSET 477 145 2 smelled
1493481115701362 AUDIO_PLAYBACK_ONSET 478 145 3 the
1493481115762108 AUDIO_PLAYBACK_ONSET 479 145 4 flowers
1493481116603204 AUDIO_PLAYBACK_ONSET _ 145 END_OF_WAV
1493481116630696 AUDIO_PLAYBACK_DONE 145.wav
1493481117630655 AUDIO_PLAYBACK_ONSET 480 146 1 he
1493481117714304 AUDIO_PLAYBACK_ONSET 481 146 2 said
1493481117974887 AUDIO_PLAYBACK_ONSET 482 146 3 that
1493481118051583 AUDIO_PLAYBACK_ONSET 483 146 4 she
1493481118237317 AUDIO_PLAYBACK_ONSET 484 146 5 smiled
1493481118831483 AUDIO_PLAYBACK_ONSET _ 146 END_OF_WAV
1493481119005586 AUDIO_PLAYBACK_DONE 146.wav
1493481120005545 AUDIO_PLAYBACK_ONSET 485 147 1 the
1493481120142266 AUDIO_PLAYBACK_ONSET 486 147 2 boys
1493481120484693 AUDIO_PLAYBACK_ONSET 487 147 3 tickle
1493481120743557 AUDIO_PLAYBACK_ONSET 488 147 4 the
1493481120877984 AUDIO_PLAYBACK_ONSET 489 147 5 girl
1493481121328498 AUDIO_PLAYBACK_ONSET _ 147 END_OF_WAV
1493481121357033 AUDIO_PLAYBACK_DONE 147.wav
1493481122356991 AUDIO_PLAYBACK_ONSET 490 148 1 The
1493481122473114 AUDIO_PLAYBACK_ONSET 491 148 2 grandpa
1493481122822692 AUDIO_PLAYBACK_ONSET 492 148 3 ate
1493481123064249 AUDIO_PLAYBACK_ONSET 493 148 4 the
1493481123153557 AUDIO_PLAYBACK_ONSET 494 148 5 meal
1493481123590742 AUDIO_PLAYBACK_ONSET _ 148 END_OF_WAV
1493481123622567 AUDIO_PLAYBACK_DONE 148.wav
1493481124622525 AUDIO_PLAYBACK_ONSET 495 149 1 the
1493481124730945 AUDIO_PLAYBACK_ONSET 496 149 2 girl
1493481124992807 AUDIO_PLAYBACK_ONSET 497 149 3 cries
1493481125760523 AUDIO_PLAYBACK_ONSET _ 149 END_OF_WAV
1493481125778715 AUDIO_PLAYBACK_DONE 149.wav
1493481126778673 AUDIO_PLAYBACK_ONSET 498 150 1 What
1493481126911842 AUDIO_PLAYBACK_ONSET 499 150 2 did
1493481127075649 AUDIO_PLAYBACK_ONSET 500 150 3 the
1493481127194095 AUDIO_PLAYBACK_ONSET 501 150 4 boy
1493481127381423 AUDIO_PLAYBACK_ONSET 502 150 5 smell?
1493481127956010 AUDIO_PLAYBACK_ONSET _ 150 END_OF_WAV
1493481128028623 AUDIO_PLAYBACK_DONE 150.wav
1493481129028582 AUDIO_PLAYBACK_ONSET 503 151 1 He
1493481129135680 AUDIO_PLAYBACK_ONSET 504 151 2 heard
1493481129371314 AUDIO_PLAYBACK_ONSET 505 151 3 her
1493481129562594 AUDIO_PLAYBACK_ONSET 506 151 4 play
1493481130044258 AUDIO_PLAYBACK_ONSET _ 151 END_OF_WAV
1493481130059787 AUDIO_PLAYBACK_DONE 151.wav
1493481131059746 AUDIO_PLAYBACK_ONSET 507 152 1 she
1493481131394297 AUDIO_PLAYBACK_ONSET 508 152 2 dressed
1493481132019798 AUDIO_PLAYBACK_ONSET _ 152 END_OF_WAV
1493481132122220 AUDIO_PLAYBACK_DONE 152.wav
