1493482524426843 CHEETAH_SIGNAL SENT_AFTER_TIME 795871.834984
1493482526875233 CHEETAH_SIGNAL SENT_AFTER_TIME 795874.283103
1493482526938314 CHEETAH_SIGNAL SENT_AFTER_TIME 795874.345633
1493482526905399 DISPLAY_INSTRUCTIONS Stimuli/instructions_audio_sentences.png
1493482544335528 KEY_PRESS space
1493482544368558 CHEETAH_SIGNAL SENT_AFTER_TIME 795891.776166
1493482544466958 CHEETAH_SIGNAL SENT_AFTER_TIME 795891.874161
1493482544433385 DISPLAY_INSTRUCTIONS OFF
1493482544512190 CHEETAH_SIGNAL SENT_AFTER_TIME 795891.919344
1493482544545432 CHEETAH_SIGNAL SENT_AFTER_TIME 795891.952938
1493482544593738 CHEETAH_SIGNAL SENT_AFTER_TIME 795892.002014
1493482544561203 DISPLAY_FIXATION
1493482547794555 AUDIO_PLAYBACK_ONSET 1 44 1 The
1493482547862810 AUDIO_PLAYBACK_ONSET 2 44 2 salad
1493482548217938 AUDIO_PLAYBACK_ONSET 3 44 3 is
1493482548391112 AUDIO_PLAYBACK_ONSET 4 44 4 tasty
1493482548967297 AUDIO_PLAYBACK_ONSET _ 44 END_OF_WAV
1493482548982012 AUDIO_PLAYBACK_DONE 44.wav
1493482544331833 KEY_PRESS space
1493482544851811 KEY_PRESS space
1493482549981971 AUDIO_PLAYBACK_ONSET 5 125 1 we
1493482550094266 AUDIO_PLAYBACK_ONSET 6 125 2 believed
1493482550359636 AUDIO_PLAYBACK_ONSET 7 125 3 that
1493482550486651 AUDIO_PLAYBACK_ONSET 8 125 4 he
1493482550610642 AUDIO_PLAYBACK_ONSET 9 125 5 cried
1493482551083923 AUDIO_PLAYBACK_ONSET _ 125 END_OF_WAV
1493482551106940 AUDIO_PLAYBACK_DONE 125.wav
1493482549251759 KEY_PRESS l
1493482549579743 KEY_PRESS l
1493482552106899 AUDIO_PLAYBACK_ONSET 10 86 1 What
1493482552295240 AUDIO_PLAYBACK_ONSET 11 86 2 does
1493482552521045 AUDIO_PLAYBACK_ONSET 12 86 3 the
1493482552627774 AUDIO_PLAYBACK_ONSET 13 86 4 girl
1493482552854461 AUDIO_PLAYBACK_ONSET 14 86 5 eat?
1493482553369580 AUDIO_PLAYBACK_ONSET _ 86 END_OF_WAV
1493482553419344 AUDIO_PLAYBACK_DONE 86.wav
1493482554419303 AUDIO_PLAYBACK_ONSET 15 9 1 they
1493482554700319 AUDIO_PLAYBACK_ONSET 16 9 2 will
1493482554904448 AUDIO_PLAYBACK_ONSET 17 9 3 drink
1493482555536997 AUDIO_PLAYBACK_ONSET _ 9 END_OF_WAV
1493482555669228 AUDIO_PLAYBACK_DONE 9.wav
1493482556669187 AUDIO_PLAYBACK_ONSET 18 41 1 the
1493482556827887 AUDIO_PLAYBACK_ONSET 19 41 2 boy
1493482557015826 AUDIO_PLAYBACK_ONSET 20 41 3 sneezes
1493482557892878 AUDIO_PLAYBACK_ONSET _ 41 END_OF_WAV
1493482557895695 AUDIO_PLAYBACK_DONE 41.wav
1493482558895654 AUDIO_PLAYBACK_ONSET 21 109 1 the
1493482559063227 AUDIO_PLAYBACK_ONSET 22 109 2 boy
1493482559279829 AUDIO_PLAYBACK_ONSET 23 109 3 was
1493482559548881 AUDIO_PLAYBACK_ONSET 24 109 4 pushed
1493482560230739 AUDIO_PLAYBACK_ONSET _ 109 END_OF_WAV
1493482560340905 AUDIO_PLAYBACK_DONE 109.wav
1493482561340863 AUDIO_PLAYBACK_ONSET 25 34 1 the
1493482561546487 AUDIO_PLAYBACK_ONSET 26 34 2 boy
1493482561796905 AUDIO_PLAYBACK_ONSET 27 34 3 laughs
1493482562620235 AUDIO_PLAYBACK_ONSET _ 34 END_OF_WAV
1493482562715799 AUDIO_PLAYBACK_DONE 34.wav
1493482563715757 AUDIO_PLAYBACK_ONSET 28 53 1 they
1493482563876564 AUDIO_PLAYBACK_ONSET 29 53 2 heard
1493482564050956 AUDIO_PLAYBACK_ONSET 30 53 3 her
1493482564201155 AUDIO_PLAYBACK_ONSET 31 53 4 coughing
1493482564806993 AUDIO_PLAYBACK_ONSET _ 53 END_OF_WAV
1493482565215679 AUDIO_PLAYBACK_DONE 53.wav
1493482566215638 AUDIO_PLAYBACK_ONSET 32 15 1 he
1493482566375249 AUDIO_PLAYBACK_ONSET 33 15 2 remains
1493482567269944 AUDIO_PLAYBACK_ONSET _ 15 END_OF_WAV
1493482567278090 AUDIO_PLAYBACK_DONE 15.wav
1493482568278048 AUDIO_PLAYBACK_ONSET 34 106 1 they
1493482568590534 AUDIO_PLAYBACK_ONSET 35 106 2 vanish
1493482569429230 AUDIO_PLAYBACK_ONSET _ 106 END_OF_WAV
1493482569496732 AUDIO_PLAYBACK_DONE 106.wav
1493482570496690 AUDIO_PLAYBACK_ONSET 36 130 1 they
1493482570713257 AUDIO_PLAYBACK_ONSET 37 130 2 coughed
1493482571473586 AUDIO_PLAYBACK_ONSET _ 130 END_OF_WAV
1493482571809156 AUDIO_PLAYBACK_DONE 130.wav
1493482572809115 AUDIO_PLAYBACK_ONSET 38 123 1 Who
1493482572882784 AUDIO_PLAYBACK_ONSET 39 123 2 will
1493482572996957 AUDIO_PLAYBACK_ONSET 40 123 3 the
1493482573128562 AUDIO_PLAYBACK_ONSET 41 123 4 boys
1493482573430991 AUDIO_PLAYBACK_ONSET 42 123 5 kiss?
1493482574062867 AUDIO_PLAYBACK_ONSET _ 123 END_OF_WAV
1493482574105935 AUDIO_PLAYBACK_DONE 123.wav
1493482575105894 AUDIO_PLAYBACK_ONSET 43 28 1 the
1493482575216298 AUDIO_PLAYBACK_ONSET 44 28 2 host
1493482575579196 AUDIO_PLAYBACK_ONSET 45 28 3 was
1493482575750564 AUDIO_PLAYBACK_ONSET 46 28 4 warned
1493482576477368 AUDIO_PLAYBACK_ONSET _ 28 END_OF_WAV
1493482576605813 AUDIO_PLAYBACK_DONE 28.wav
1493482577605772 AUDIO_PLAYBACK_ONSET 47 21 1 who
1493482577858719 AUDIO_PLAYBACK_ONSET 48 21 2 winks?
1493482578574199 AUDIO_PLAYBACK_ONSET _ 21 END_OF_WAV
1493482578574465 AUDIO_PLAYBACK_DONE 21.wav
1493482579574424 AUDIO_PLAYBACK_ONSET 49 147 1 the
1493482579711145 AUDIO_PLAYBACK_ONSET 50 147 2 boys
1493482580053572 AUDIO_PLAYBACK_ONSET 51 147 3 tickle
1493482580312436 AUDIO_PLAYBACK_ONSET 52 147 4 the
1493482580446863 AUDIO_PLAYBACK_ONSET 53 147 5 girl
1493482580897377 AUDIO_PLAYBACK_ONSET _ 147 END_OF_WAV
1493482580925935 AUDIO_PLAYBACK_DONE 147.wav
1493482581925893 AUDIO_PLAYBACK_ONSET 54 78 1 she
1493482582156681 AUDIO_PLAYBACK_ONSET 55 78 2 saw
1493482582394613 AUDIO_PLAYBACK_ONSET 56 78 3 that
1493482582560879 AUDIO_PLAYBACK_ONSET 57 78 4 he
1493482582695612 AUDIO_PLAYBACK_ONSET 58 78 5 crawled
1493482583216387 AUDIO_PLAYBACK_ONSET _ 78 END_OF_WAV
1493482583347696 AUDIO_PLAYBACK_DONE 78.wav
1493482584347655 AUDIO_PLAYBACK_ONSET 59 51 1 she
1493482584542285 AUDIO_PLAYBACK_ONSET 60 51 2 smelled
1493482584849323 AUDIO_PLAYBACK_ONSET 61 51 3 it
1493482585027224 AUDIO_PLAYBACK_ONSET 62 51 4 burn
1493482585435404 AUDIO_PLAYBACK_ONSET _ 51 END_OF_WAV
1493482585691346 AUDIO_PLAYBACK_DONE 51.wav
1493482586691305 AUDIO_PLAYBACK_ONSET 63 116 1 who
1493482586845204 AUDIO_PLAYBACK_ONSET 64 116 2 vanished?
1493482587684203 AUDIO_PLAYBACK_ONSET _ 116 END_OF_WAV
1493482587753759 AUDIO_PLAYBACK_DONE 116.wav
1493482588753718 AUDIO_PLAYBACK_ONSET 65 138 1 he
1493482588852787 AUDIO_PLAYBACK_ONSET 66 138 2 shaved
1493482589742180 AUDIO_PLAYBACK_ONSET _ 138 END_OF_WAV
1493482589956778 AUDIO_PLAYBACK_DONE 138.wav
1493482590956736 AUDIO_PLAYBACK_ONSET 67 60 1 the
1493482591099809 AUDIO_PLAYBACK_ONSET 68 60 2 boy
1493482591259020 AUDIO_PLAYBACK_ONSET 69 60 3 smelled
1493482591607369 AUDIO_PLAYBACK_ONSET 70 60 4 the
1493482591673208 AUDIO_PLAYBACK_ONSET 71 60 5 flowers
1493482592541087 AUDIO_PLAYBACK_ONSET _ 60 END_OF_WAV
1493482592737935 AUDIO_PLAYBACK_DONE 60.wav
1493482593737893 AUDIO_PLAYBACK_ONSET 72 33 1 who
1493482593995090 AUDIO_PLAYBACK_ONSET 73 33 2 falls?
1493482594842117 AUDIO_PLAYBACK_ONSET _ 33 END_OF_WAV
1493482594878459 AUDIO_PLAYBACK_DONE 33.wav
1493482595878418 AUDIO_PLAYBACK_ONSET 74 47 1 she
1493482596114444 AUDIO_PLAYBACK_ONSET 75 47 2 will
1493482596234728 AUDIO_PLAYBACK_ONSET 76 47 3 sleep
1493482596927392 AUDIO_PLAYBACK_ONSET _ 47 END_OF_WAV
1493482597112725 AUDIO_PLAYBACK_DONE 47.wav
1493482598112684 AUDIO_PLAYBACK_ONSET 77 152 1 she
1493482598447235 AUDIO_PLAYBACK_ONSET 78 152 2 dressed
1493482599072736 AUDIO_PLAYBACK_ONSET _ 152 END_OF_WAV
1493482599175138 AUDIO_PLAYBACK_DONE 152.wav
1493482600175097 AUDIO_PLAYBACK_ONSET 79 82 1 the
1493482600317624 AUDIO_PLAYBACK_ONSET 80 82 2 boy
1493482600509639 AUDIO_PLAYBACK_ONSET 81 82 3 will
1493482600646546 AUDIO_PLAYBACK_ONSET 82 82 4 sing
1493482601202787 AUDIO_PLAYBACK_ONSET _ 82 END_OF_WAV
1493482601456295 AUDIO_PLAYBACK_DONE 82.wav
1493482602456253 AUDIO_PLAYBACK_ONSET 83 22 1 they
1493482602791569 AUDIO_PLAYBACK_ONSET 84 22 2 vanished
1493482603519655 AUDIO_PLAYBACK_ONSET _ 22 END_OF_WAV
1493482603612466 AUDIO_PLAYBACK_DONE 22.wav
1493482604612425 AUDIO_PLAYBACK_ONSET 85 52 1 he
1493482604756514 AUDIO_PLAYBACK_ONSET 86 52 2 disappeared
1493482605535230 AUDIO_PLAYBACK_ONSET _ 52 END_OF_WAV
1493482605862355 AUDIO_PLAYBACK_DONE 52.wav
1493482606862314 AUDIO_PLAYBACK_ONSET 87 73 1 she
1493482607080554 AUDIO_PLAYBACK_ONSET 88 73 2 heard
1493482607312323 AUDIO_PLAYBACK_ONSET 89 73 3 them
1493482607500168 AUDIO_PLAYBACK_ONSET 90 73 4 crying
1493482608027255 AUDIO_PLAYBACK_ONSET _ 73 END_OF_WAV
1493482608252873 AUDIO_PLAYBACK_DONE 73.wav
1493482609252832 AUDIO_PLAYBACK_ONSET 91 115 1 she
1493482609410443 AUDIO_PLAYBACK_ONSET 92 115 2 discovered
1493482609968343 AUDIO_PLAYBACK_ONSET 93 115 3 that
1493482610150686 AUDIO_PLAYBACK_ONSET 94 115 4 they
1493482610289557 AUDIO_PLAYBACK_ONSET 95 115 5 cough
1493482610910251 AUDIO_PLAYBACK_ONSET _ 115 END_OF_WAV
1493482611049654 AUDIO_PLAYBACK_DONE 115.wav
1493482612049613 AUDIO_PLAYBACK_ONSET 96 89 1 he
1493482612140542 AUDIO_PLAYBACK_ONSET 97 89 2 hears
1493482612474178 AUDIO_PLAYBACK_ONSET 98 89 3 the
1493482612550402 AUDIO_PLAYBACK_ONSET 99 89 4 men
1493482612947766 AUDIO_PLAYBACK_ONSET _ 89 END_OF_WAV
1493482612979260 AUDIO_PLAYBACK_DONE 89.wav
1493482613979218 AUDIO_PLAYBACK_ONSET 100 18 1 The
1493482614079542 AUDIO_PLAYBACK_ONSET 101 18 2 chef
1493482614352723 AUDIO_PLAYBACK_ONSET 102 18 3 served
1493482614809369 AUDIO_PLAYBACK_ONSET 103 18 4 the
1493482614958561 AUDIO_PLAYBACK_ONSET 104 18 5 cake
1493482615416215 AUDIO_PLAYBACK_ONSET _ 18 END_OF_WAV
1493482615479134 AUDIO_PLAYBACK_DONE 18.wav
1493482616479093 AUDIO_PLAYBACK_ONSET 105 57 1 who
1493482616658711 AUDIO_PLAYBACK_ONSET 106 57 2 eats
1493482616873561 AUDIO_PLAYBACK_ONSET 107 57 3 the
1493482616940754 AUDIO_PLAYBACK_ONSET 108 57 4 salad?
1493482617561249 AUDIO_PLAYBACK_ONSET _ 57 END_OF_WAV
1493482617713400 AUDIO_PLAYBACK_DONE 57.wav
1493482615521021 KEY_PRESS l
1493482615896993 KEY_PRESS l
1493482618713358 AUDIO_PLAYBACK_ONSET 109 101 1 she
1493482619098701 AUDIO_PLAYBACK_ONSET 110 101 2 cries
1493482619837821 AUDIO_PLAYBACK_ONSET _ 101 END_OF_WAV
1493482619947686 AUDIO_PLAYBACK_DONE 101.wav
1493482617792914 KEY_PRESS l
1493482618184834 KEY_PRESS l
1493482620947645 AUDIO_PLAYBACK_ONSET 111 12 1 who
1493482621195744 AUDIO_PLAYBACK_ONSET 112 12 2 jumped?
1493482621962180 AUDIO_PLAYBACK_ONSET _ 12 END_OF_WAV
1493482622353824 AUDIO_PLAYBACK_DONE 12.wav
1493482623353783 AUDIO_PLAYBACK_ONSET 113 124 1 who
1493482623461966 AUDIO_PLAYBACK_ONSET 114 124 2 disappeared?
1493482624216769 AUDIO_PLAYBACK_ONSET _ 124 END_OF_WAV
1493482624338100 AUDIO_PLAYBACK_DONE 124.wav
1493482625338059 AUDIO_PLAYBACK_ONSET 115 10 1 they
1493482625639364 AUDIO_PLAYBACK_ONSET 116 10 2 wink
1493482626242684 AUDIO_PLAYBACK_ONSET _ 10 END_OF_WAV
1493482626463001 AUDIO_PLAYBACK_DONE 10.wav
1493482627462960 AUDIO_PLAYBACK_ONSET 117 40 1 he
1493482627801583 AUDIO_PLAYBACK_ONSET 118 40 2 cried
1493482628538680 AUDIO_PLAYBACK_ONSET _ 40 END_OF_WAV
1493482628900387 AUDIO_PLAYBACK_DONE 40.wav
1493482629900346 AUDIO_PLAYBACK_ONSET 119 128 1 Whom
1493482630124851 AUDIO_PLAYBACK_ONSET 120 128 2 will
1493482630211292 AUDIO_PLAYBACK_ONSET 121 128 3 the
1493482630310964 AUDIO_PLAYBACK_ONSET 122 128 4 women
1493482630572934 AUDIO_PLAYBACK_ONSET 123 128 5 hug?
1493482631052770 AUDIO_PLAYBACK_ONSET _ 128 END_OF_WAV
1493482631212812 AUDIO_PLAYBACK_DONE 128.wav
1493482632212770 AUDIO_PLAYBACK_ONSET 124 32 1 the
1493482632356718 AUDIO_PLAYBACK_ONSET 125 32 2 girls
1493482632708442 AUDIO_PLAYBACK_ONSET 126 32 3 appear
1493482633358801 AUDIO_PLAYBACK_ONSET _ 32 END_OF_WAV
1493482633447074 AUDIO_PLAYBACK_DONE 32.wav
1493482634447033 AUDIO_PLAYBACK_ONSET 127 121 1 What
1493482634610801 AUDIO_PLAYBACK_ONSET 128 121 2 did
1493482634732524 AUDIO_PLAYBACK_ONSET 129 121 3 the
1493482634837823 AUDIO_PLAYBACK_ONSET 130 121 4 girls
1493482635127638 AUDIO_PLAYBACK_ONSET 131 121 5 find?
1493482635731420 AUDIO_PLAYBACK_ONSET _ 121 END_OF_WAV
1493482635884482 AUDIO_PLAYBACK_DONE 121.wav
1493482636884441 AUDIO_PLAYBACK_ONSET 132 16 1 What
1493482637085328 AUDIO_PLAYBACK_ONSET 133 16 2 will
1493482637286686 AUDIO_PLAYBACK_ONSET 134 16 3 the
1493482637427835 AUDIO_PLAYBACK_ONSET 135 16 4 girls
1493482637846344 AUDIO_PLAYBACK_ONSET 136 16 5 find?
1493482638296438 AUDIO_PLAYBACK_ONSET _ 16 END_OF_WAV
1493482638353115 AUDIO_PLAYBACK_DONE 16.wav
1493482639353074 AUDIO_PLAYBACK_ONSET 137 58 1 he
1493482639564529 AUDIO_PLAYBACK_ONSET 138 58 2 laughs
1493482640352556 AUDIO_PLAYBACK_ONSET _ 58 END_OF_WAV
1493482640579580 AUDIO_PLAYBACK_DONE 58.wav
1493482641579539 AUDIO_PLAYBACK_ONSET 139 104 1 they
1493482641822546 AUDIO_PLAYBACK_ONSET 140 104 2 heared
1493482642103206 AUDIO_PLAYBACK_ONSET 141 104 3 that
1493482642208044 AUDIO_PLAYBACK_ONSET 142 104 4 she
1493482642405707 AUDIO_PLAYBACK_ONSET 143 104 5 laughed
1493482643178887 AUDIO_PLAYBACK_ONSET _ 104 END_OF_WAV
1493482643204485 AUDIO_PLAYBACK_DONE 104.wav
1493482644204444 AUDIO_PLAYBACK_ONSET 144 27 1 Who
1493482644404628 AUDIO_PLAYBACK_ONSET 145 27 2 did
1493482644587212 AUDIO_PLAYBACK_ONSET 146 27 3 the
1493482644738042 AUDIO_PLAYBACK_ONSET 147 27 4 boys
1493482645105478 AUDIO_PLAYBACK_ONSET 148 27 5 kiss?
1493482645802926 AUDIO_PLAYBACK_ONSET _ 27 END_OF_WAV
1493482645891861 AUDIO_PLAYBACK_DONE 27.wav
1493482646891820 AUDIO_PLAYBACK_ONSET 149 49 1 the
1493482647061528 AUDIO_PLAYBACK_ONSET 150 49 2 girl
1493482647270764 AUDIO_PLAYBACK_ONSET 151 49 3 ate
1493482647457035 AUDIO_PLAYBACK_ONSET 152 49 4 the
1493482647515724 AUDIO_PLAYBACK_ONSET 153 49 5 salad
1493482648131524 AUDIO_PLAYBACK_ONSET _ 49 END_OF_WAV
1493482648157392 AUDIO_PLAYBACK_DONE 49.wav
1493482649157351 AUDIO_PLAYBACK_ONSET 154 88 1 he
1493482649373190 AUDIO_PLAYBACK_ONSET 155 88 2 collapses
1493482650317543 AUDIO_PLAYBACK_ONSET _ 88 END_OF_WAV
1493482650376032 AUDIO_PLAYBACK_DONE 88.wav
1493482648639652 KEY_PRESS l
1493482648999657 KEY_PRESS l
1493482651375991 AUDIO_PLAYBACK_ONSET 156 13 1 she
1493482651645512 AUDIO_PLAYBACK_ONSET 157 13 2 sliced
1493482652089101 AUDIO_PLAYBACK_ONSET 158 13 3 the
1493482652165923 AUDIO_PLAYBACK_ONSET 159 13 4 mushrooms
1493482653098945 AUDIO_PLAYBACK_ONSET _ 13 END_OF_WAV
1493482653219658 AUDIO_PLAYBACK_DONE 13.wav
1493482652927475 KEY_PRESS l
1493482654219616 AUDIO_PLAYBACK_ONSET 160 102 1 we
1493482654370123 AUDIO_PLAYBACK_ONSET 161 102 2 heard
1493482654634676 AUDIO_PLAYBACK_ONSET 162 102 3 that
1493482654742853 AUDIO_PLAYBACK_ONSET 163 102 4 she
1493482654961350 AUDIO_PLAYBACK_ONSET 164 102 5 sneezed
1493482655773215 AUDIO_PLAYBACK_ONSET _ 102 END_OF_WAV
1493482655813317 AUDIO_PLAYBACK_DONE 102.wav
1493482653335439 KEY_PRESS l
1493482656813276 AUDIO_PLAYBACK_ONSET 165 45 1 Whom
1493482656928333 AUDIO_PLAYBACK_ONSET 166 45 2 does
1493482657125324 AUDIO_PLAYBACK_ONSET 167 45 3 the
1493482657246606 AUDIO_PLAYBACK_ONSET 168 45 4 boy
1493482657491374 AUDIO_PLAYBACK_ONSET 169 45 5 tickle?
1493482657905203 AUDIO_PLAYBACK_ONSET _ 45 END_OF_WAV
1493482657906974 AUDIO_PLAYBACK_DONE 45.wav
1493482658906932 AUDIO_PLAYBACK_ONSET 170 71 1 who
1493482659090082 AUDIO_PLAYBACK_ONSET 171 71 2 coughed?
1493482659843425 AUDIO_PLAYBACK_ONSET _ 71 END_OF_WAV
1493482659906873 AUDIO_PLAYBACK_DONE 71.wav
1493482660906831 AUDIO_PLAYBACK_ONSET 172 137 1 the
1493482661047797 AUDIO_PLAYBACK_ONSET 173 137 2 boys
1493482661358351 AUDIO_PLAYBACK_ONSET 174 137 3 vanished
1493482662221214 AUDIO_PLAYBACK_ONSET _ 137 END_OF_WAV
1493482662328633 AUDIO_PLAYBACK_DONE 137.wav
1493482663328591 AUDIO_PLAYBACK_ONSET 175 66 1 they
1493482663425049 AUDIO_PLAYBACK_ONSET 176 66 2 appeared
1493482664025631 AUDIO_PLAYBACK_ONSET _ 66 END_OF_WAV
1493482664539474 AUDIO_PLAYBACK_DONE 66.wav
1493482665539433 AUDIO_PLAYBACK_ONSET 177 105 1 the
1493482665682737 AUDIO_PLAYBACK_ONSET 178 105 2 boys
1493482665984812 AUDIO_PLAYBACK_ONSET 179 105 3 winked
1493482666655091 AUDIO_PLAYBACK_ONSET _ 105 END_OF_WAV
1493482666754237 AUDIO_PLAYBACK_DONE 105.wav
1493482667754196 AUDIO_PLAYBACK_ONSET 180 2 1 who
1493482667873185 AUDIO_PLAYBACK_ONSET 181 2 2 hugs
1493482668165583 AUDIO_PLAYBACK_ONSET 182 2 3 the
1493482668246805 AUDIO_PLAYBACK_ONSET 183 2 4 friend?
1493482668785736 AUDIO_PLAYBACK_ONSET _ 2 END_OF_WAV
1493482669175998 AUDIO_PLAYBACK_DONE 2.wav
1493482670175957 AUDIO_PLAYBACK_ONSET 184 90 1 Whom
1493482670415692 AUDIO_PLAYBACK_ONSET 185 90 2 do
1493482670542791 AUDIO_PLAYBACK_ONSET 186 90 3 the
1493482670616621 AUDIO_PLAYBACK_ONSET 187 90 4 women
1493482670925957 AUDIO_PLAYBACK_ONSET 188 90 5 hug?
1493482671385756 AUDIO_PLAYBACK_ONSET _ 90 END_OF_WAV
1493482671566514 AUDIO_PLAYBACK_DONE 90.wav
1493482672566473 AUDIO_PLAYBACK_ONSET 189 74 1 she
1493482672757626 AUDIO_PLAYBACK_ONSET 190 74 2 eats
1493482673041728 AUDIO_PLAYBACK_ONSET 191 74 3 the
1493482673119138 AUDIO_PLAYBACK_ONSET 192 74 4 salad
1493482673695323 AUDIO_PLAYBACK_ONSET _ 74 END_OF_WAV
1493482673753906 AUDIO_PLAYBACK_DONE 74.wav
1493482674753865 AUDIO_PLAYBACK_ONSET 193 31 1 she
1493482675177687 AUDIO_PLAYBACK_ONSET 194 31 2 washed
1493482675995045 AUDIO_PLAYBACK_ONSET _ 31 END_OF_WAV
1493482676003793 AUDIO_PLAYBACK_DONE 31.wav
1493482673958609 KEY_PRESS l
1493482674262577 KEY_PRESS l
1493482677003752 AUDIO_PLAYBACK_ONSET 195 141 1 who
1493482677148710 AUDIO_PLAYBACK_ONSET 196 141 2 collapsed?
1493482678054289 AUDIO_PLAYBACK_ONSET _ 141 END_OF_WAV
1493482678074003 AUDIO_PLAYBACK_DONE 141.wav
1493482679073961 AUDIO_PLAYBACK_ONSET 197 25 1 they
1493482679366822 AUDIO_PLAYBACK_ONSET 198 25 2 hug
1493482679653108 AUDIO_PLAYBACK_ONSET 199 25 3 the
1493482679754921 AUDIO_PLAYBACK_ONSET 200 25 4 friend
1493482680360759 AUDIO_PLAYBACK_ONSET _ 25 END_OF_WAV
1493482680573880 AUDIO_PLAYBACK_DONE 25.wav
1493482681573839 AUDIO_PLAYBACK_ONSET 201 3 1 They
1493482681692694 AUDIO_PLAYBACK_ONSET 202 3 2 ate
1493482681939385 AUDIO_PLAYBACK_ONSET 203 3 3 the
1493482682057716 AUDIO_PLAYBACK_ONSET 204 3 4 grapes
1493482682415718 AUDIO_PLAYBACK_ONSET 205 3 5 together
1493482682906091 AUDIO_PLAYBACK_ONSET _ 3 END_OF_WAV
1493482683065957 AUDIO_PLAYBACK_DONE 3.wav
1493482684065916 AUDIO_PLAYBACK_ONSET 206 37 1 who
1493482684381639 AUDIO_PLAYBACK_ONSET 207 37 2 blooms?
1493482685158578 AUDIO_PLAYBACK_ONSET _ 37 END_OF_WAV
1493482685159637 AUDIO_PLAYBACK_DONE 37.wav
1493482683150181 KEY_PRESS l
1493482683438197 KEY_PRESS l
1493482686159596 AUDIO_PLAYBACK_ONSET 208 62 1 What
1493482686341729 AUDIO_PLAYBACK_ONSET 209 62 2 will
1493482686465111 AUDIO_PLAYBACK_ONSET 210 62 3 the
1493482686599349 AUDIO_PLAYBACK_ONSET 211 62 4 girl
1493482686857956 AUDIO_PLAYBACK_ONSET 212 62 5 kick?
1493482687528163 AUDIO_PLAYBACK_ONSET _ 62 END_OF_WAV
1493482687628269 AUDIO_PLAYBACK_DONE 62.wav
1493482688628228 AUDIO_PLAYBACK_ONSET 213 20 1 she
1493482689009513 AUDIO_PLAYBACK_ONSET 214 20 2 sneezed
1493482689842476 AUDIO_PLAYBACK_ONSET _ 20 END_OF_WAV
1493482689846931 AUDIO_PLAYBACK_DONE 20.wav
1493482690846890 AUDIO_PLAYBACK_ONSET 215 7 1 he
1493482691004579 AUDIO_PLAYBACK_ONSET 216 7 2 arrived
1493482691838851 AUDIO_PLAYBACK_ONSET _ 7 END_OF_WAV
1493482691940588 AUDIO_PLAYBACK_DONE 7.wav
1493482692940546 AUDIO_PLAYBACK_ONSET 217 85 1 The
1493482693042162 AUDIO_PLAYBACK_ONSET 218 85 2 cook
1493482693261604 AUDIO_PLAYBACK_ONSET 219 85 3 prepared
1493482693621921 AUDIO_PLAYBACK_ONSET 220 85 4 the
1493482693680620 AUDIO_PLAYBACK_ONSET 221 85 5 meal
1493482694187232 AUDIO_PLAYBACK_ONSET _ 85 END_OF_WAV
1493482694284257 AUDIO_PLAYBACK_DONE 85.wav
1493482695284215 AUDIO_PLAYBACK_ONSET 222 65 1 they
1493482695415915 AUDIO_PLAYBACK_ONSET 223 65 2 found
1493482695708839 AUDIO_PLAYBACK_ONSET 224 65 3 the
1493482695828966 AUDIO_PLAYBACK_ONSET 225 65 4 bikes
1493482696478574 AUDIO_PLAYBACK_ONSET _ 65 END_OF_WAV
1493482696659148 AUDIO_PLAYBACK_DONE 65.wav
1493482697659107 AUDIO_PLAYBACK_ONSET 226 81 1 the
1493482697749707 AUDIO_PLAYBACK_ONSET 227 81 2 actors
1493482698123988 AUDIO_PLAYBACK_ONSET 228 81 3 will
1493482698219753 AUDIO_PLAYBACK_ONSET 229 81 4 snore
1493482698807110 AUDIO_PLAYBACK_ONSET _ 81 END_OF_WAV
1493482698846546 AUDIO_PLAYBACK_DONE 81.wav
1493482699846504 AUDIO_PLAYBACK_ONSET 230 26 1 Whom
1493482700063495 AUDIO_PLAYBACK_ONSET 231 26 2 will
1493482700253514 AUDIO_PLAYBACK_ONSET 232 26 3 the
1493482700407904 AUDIO_PLAYBACK_ONSET 233 26 4 boy
1493482700653650 AUDIO_PLAYBACK_ONSET 234 26 5 tickle?
1493482701130524 AUDIO_PLAYBACK_ONSET _ 26 END_OF_WAV
1493482701205817 AUDIO_PLAYBACK_DONE 26.wav
1493482702205776 AUDIO_PLAYBACK_ONSET 235 56 1 we
1493482702330893 AUDIO_PLAYBACK_ONSET 236 56 2 revealed
1493482702703183 AUDIO_PLAYBACK_ONSET 237 56 3 that
1493482702780993 AUDIO_PLAYBACK_ONSET 238 56 4 she
1493482703000058 AUDIO_PLAYBACK_ONSET 239 56 5 jumps
1493482703669223 AUDIO_PLAYBACK_ONSET _ 56 END_OF_WAV
1493482703986952 AUDIO_PLAYBACK_DONE 56.wav
1493482704986910 AUDIO_PLAYBACK_ONSET 240 150 1 What
1493482705120079 AUDIO_PLAYBACK_ONSET 241 150 2 did
1493482705283886 AUDIO_PLAYBACK_ONSET 242 150 3 the
1493482705402332 AUDIO_PLAYBACK_ONSET 243 150 4 boy
1493482705589660 AUDIO_PLAYBACK_ONSET 244 150 5 smell?
1493482706164247 AUDIO_PLAYBACK_ONSET _ 150 END_OF_WAV
1493482706236840 AUDIO_PLAYBACK_DONE 150.wav
1493482707236798 AUDIO_PLAYBACK_ONSET 245 117 1 the
1493482707303814 AUDIO_PLAYBACK_ONSET 246 117 2 women
1493482707556080 AUDIO_PLAYBACK_ONSET 247 117 3 hug
1493482707827752 AUDIO_PLAYBACK_ONSET 248 117 4 the
1493482707887815 AUDIO_PLAYBACK_ONSET 249 117 5 friend
1493482708560524 AUDIO_PLAYBACK_ONSET _ 117 END_OF_WAV
1493482708611755 AUDIO_PLAYBACK_DONE 117.wav
1493482709611714 AUDIO_PLAYBACK_ONSET 250 23 1 they
1493482709889454 AUDIO_PLAYBACK_ONSET 251 23 2 saw
1493482710217070 AUDIO_PLAYBACK_ONSET 252 23 3 him
1493482710451946 AUDIO_PLAYBACK_ONSET 253 23 4 dance
1493482711112218 AUDIO_PLAYBACK_ONSET _ 23 END_OF_WAV
1493482711111631 AUDIO_PLAYBACK_DONE 23.wav
1493482712111589 AUDIO_PLAYBACK_ONSET 254 96 1 the
1493482712257393 AUDIO_PLAYBACK_ONSET 255 96 2 girl
1493482712479925 AUDIO_PLAYBACK_ONSET 256 96 3 kicked
1493482712795103 AUDIO_PLAYBACK_ONSET 257 96 4 the
1493482712924989 AUDIO_PLAYBACK_ONSET 258 96 5 ball
1493482713333722 AUDIO_PLAYBACK_ONSET _ 96 END_OF_WAV
1493482713463102 AUDIO_PLAYBACK_DONE 96.wav
1493482714463060 AUDIO_PLAYBACK_ONSET 259 76 1 the
1493482714596714 AUDIO_PLAYBACK_ONSET 260 76 2 girl
1493482714823401 AUDIO_PLAYBACK_ONSET 261 76 3 disappears
1493482715774254 AUDIO_PLAYBACK_ONSET _ 76 END_OF_WAV
1493482715775503 AUDIO_PLAYBACK_DONE 76.wav
1493482716775461 AUDIO_PLAYBACK_ONSET 262 80 1 she
1493482717083033 AUDIO_PLAYBACK_ONSET 263 80 2 crawls
1493482717830816 AUDIO_PLAYBACK_ONSET _ 80 END_OF_WAV
1493482717994167 AUDIO_PLAYBACK_DONE 80.wav
1493482718994126 AUDIO_PLAYBACK_ONSET 264 54 1 she
1493482719287742 AUDIO_PLAYBACK_ONSET 265 54 2 smiled
1493482720079898 AUDIO_PLAYBACK_ONSET _ 54 END_OF_WAV
1493482720244052 AUDIO_PLAYBACK_DONE 54.wav
1493482721244010 AUDIO_PLAYBACK_ONSET 266 72 1 the
1493482721388179 AUDIO_PLAYBACK_ONSET 267 72 2 girls
1493482721656519 AUDIO_PLAYBACK_ONSET 268 72 3 found
1493482721898924 AUDIO_PLAYBACK_ONSET 269 72 4 the
1493482722007657 AUDIO_PLAYBACK_ONSET 270 72 5 bikes
1493482722719907 AUDIO_PLAYBACK_ONSET _ 72 END_OF_WAV
1493482722728307 AUDIO_PLAYBACK_DONE 72.wav
1493482723728266 AUDIO_PLAYBACK_ONSET 271 4 1 he
1493482723837288 AUDIO_PLAYBACK_ONSET 272 4 2 showered
1493482724571526 AUDIO_PLAYBACK_ONSET _ 4 END_OF_WAV
1493482724784847 AUDIO_PLAYBACK_DONE 4.wav
1493482725784805 AUDIO_PLAYBACK_ONSET 273 132 1 the
1493482725912219 AUDIO_PLAYBACK_ONSET 274 132 2 boys
1493482726187602 AUDIO_PLAYBACK_ONSET 275 132 3 kissed
1493482726479247 AUDIO_PLAYBACK_ONSET 276 132 4 the
1493482726577908 AUDIO_PLAYBACK_ONSET 277 132 5 clowns
1493482727348763 AUDIO_PLAYBACK_ONSET _ 132 END_OF_WAV
1493482727398009 AUDIO_PLAYBACK_DONE 132.wav
1493482728397967 AUDIO_PLAYBACK_ONSET 278 98 1 the
1493482728520708 AUDIO_PLAYBACK_ONSET 279 98 2 boy
1493482728842222 AUDIO_PLAYBACK_ONSET 280 98 3 bloomed
1493482729509704 AUDIO_PLAYBACK_ONSET _ 98 END_OF_WAV
1493482729745555 AUDIO_PLAYBACK_DONE 98.wav
1493482730745514 AUDIO_PLAYBACK_ONSET 281 64 1 who
1493482730901327 AUDIO_PLAYBACK_ONSET 282 64 2 remains?
1493482731723606 AUDIO_PLAYBACK_ONSET _ 64 END_OF_WAV
1493482731729827 AUDIO_PLAYBACK_DONE 64.wav
1493482732729786 AUDIO_PLAYBACK_ONSET 283 50 1 What
1493482732870833 AUDIO_PLAYBACK_ONSET 284 50 2 did
1493482733022591 AUDIO_PLAYBACK_ONSET 285 50 3 the
1493482733124010 AUDIO_PLAYBACK_ONSET 286 50 4 girl
1493482733357199 AUDIO_PLAYBACK_ONSET 287 50 5 kick?
1493482733825798 AUDIO_PLAYBACK_ONSET _ 50 END_OF_WAV
1493482733831286 AUDIO_PLAYBACK_DONE 50.wav
1493482734831245 AUDIO_PLAYBACK_ONSET 288 94 1 she
1493482735177312 AUDIO_PLAYBACK_ONSET 289 94 2 kicked
1493482735487728 AUDIO_PLAYBACK_ONSET 290 94 3 the
1493482735635155 AUDIO_PLAYBACK_ONSET 291 94 4 ball
1493482735997170 AUDIO_PLAYBACK_ONSET _ 94 END_OF_WAV
1493482736049926 AUDIO_PLAYBACK_DONE 94.wav
1493482737049885 AUDIO_PLAYBACK_ONSET 292 14 1 the
1493482737230067 AUDIO_PLAYBACK_ONSET 293 14 2 boy
1493482737449508 AUDIO_PLAYBACK_ONSET 294 14 3 remains
1493482738332693 AUDIO_PLAYBACK_ONSET _ 14 END_OF_WAV
1493482738393575 AUDIO_PLAYBACK_DONE 14.wav
1493482739393534 AUDIO_PLAYBACK_ONSET 295 48 1 she
1493482739608161 AUDIO_PLAYBACK_ONSET 296 48 2 collapsed
1493482740510682 AUDIO_PLAYBACK_ONSET _ 48 END_OF_WAV
1493482740565348 AUDIO_PLAYBACK_DONE 48.wav
1493482741565307 AUDIO_PLAYBACK_ONSET 297 119 1 she
1493482741797276 AUDIO_PLAYBACK_ONSET 298 119 2 was
1493482742031942 AUDIO_PLAYBACK_ONSET 299 119 3 kicked
1493482742701751 AUDIO_PLAYBACK_ONSET _ 119 END_OF_WAV
1493482742721498 AUDIO_PLAYBACK_DONE 119.wav
1493482743721457 AUDIO_PLAYBACK_ONSET 300 75 1 he
1493482743875038 AUDIO_PLAYBACK_ONSET 301 75 2 falls
1493482744612252 AUDIO_PLAYBACK_ONSET _ 75 END_OF_WAV
1493482744721417 AUDIO_PLAYBACK_DONE 75.wav
1493482745721376 AUDIO_PLAYBACK_ONSET 302 8 1 he
1493482745832787 AUDIO_PLAYBACK_ONSET 303 8 2 will
1493482745995310 AUDIO_PLAYBACK_ONSET 304 8 3 sneeze
1493482746857081 AUDIO_PLAYBACK_ONSET _ 8 END_OF_WAV
1493482746901011 AUDIO_PLAYBACK_DONE 8.wav
1493482747900970 AUDIO_PLAYBACK_ONSET 305 67 1 they
1493482748100791 AUDIO_PLAYBACK_ONSET 306 67 2 appear
1493482748676333 AUDIO_PLAYBACK_ONSET _ 67 END_OF_WAV
1493482748822795 AUDIO_PLAYBACK_DONE 67.wav
1493482749822753 AUDIO_PLAYBACK_ONSET 307 112 1 who
1493482749976188 AUDIO_PLAYBACK_ONSET 308 112 2 appeared?
1493482750655359 AUDIO_PLAYBACK_ONSET _ 112 END_OF_WAV
1493482750760198 AUDIO_PLAYBACK_DONE 112.wav
1493482751760157 AUDIO_PLAYBACK_ONSET 309 108 1 she
1493482752013058 AUDIO_PLAYBACK_ONSET 310 108 2 arrives
1493482752921826 AUDIO_PLAYBACK_ONSET _ 108 END_OF_WAV
1493482753244474 AUDIO_PLAYBACK_DONE 108.wav
1493482754244432 AUDIO_PLAYBACK_ONSET 311 91 1 the
1493482754391535 AUDIO_PLAYBACK_ONSET 312 91 2 girl
1493482754600432 AUDIO_PLAYBACK_ONSET 313 91 3 fell
1493482755088874 AUDIO_PLAYBACK_ONSET _ 91 END_OF_WAV
1493482755150631 AUDIO_PLAYBACK_DONE 91.wav
1493482756150589 AUDIO_PLAYBACK_ONSET 314 133 1 who
1493482756241206 AUDIO_PLAYBACK_ONSET 315 133 2 found
1493482756531285 AUDIO_PLAYBACK_ONSET 316 133 3 the
1493482756642854 AUDIO_PLAYBACK_ONSET 317 133 4 bikes?
1493482757414020 AUDIO_PLAYBACK_ONSET _ 133 END_OF_WAV
1493482757478655 AUDIO_PLAYBACK_DONE 133.wav
1493482758478614 AUDIO_PLAYBACK_ONSET 318 17 1 he
1493482758627491 AUDIO_PLAYBACK_ONSET 319 17 2 was
1493482758857996 AUDIO_PLAYBACK_ONSET 320 17 3 hugged
1493482759384194 AUDIO_PLAYBACK_ONSET _ 17 END_OF_WAV
1493482759478551 AUDIO_PLAYBACK_DONE 17.wav
1493482760478510 AUDIO_PLAYBACK_ONSET 321 68 1 he
1493482760740063 AUDIO_PLAYBACK_ONSET 322 68 2 crawled
1493482761310375 AUDIO_PLAYBACK_ONSET _ 68 END_OF_WAV
1493482761455027 AUDIO_PLAYBACK_DONE 68.wav
1493482762454985 AUDIO_PLAYBACK_ONSET 323 97 1 they
1493482762651000 AUDIO_PLAYBACK_ONSET 324 97 2 kissed
1493482762984133 AUDIO_PLAYBACK_ONSET 325 97 3 the
1493482763100729 AUDIO_PLAYBACK_ONSET 326 97 4 clowns
1493482763908019 AUDIO_PLAYBACK_ONSET _ 97 END_OF_WAV
1493482764107254 AUDIO_PLAYBACK_DONE 97.wav
1493482765107212 AUDIO_PLAYBACK_ONSET 327 114 1 she
1493482765309227 AUDIO_PLAYBACK_ONSET 328 114 2 saw
1493482765492555 AUDIO_PLAYBACK_ONSET 329 114 3 him
1493482765709895 AUDIO_PLAYBACK_ONSET 330 114 4 coming
1493482766188539 AUDIO_PLAYBACK_ONSET _ 114 END_OF_WAV
1493482766341514 AUDIO_PLAYBACK_DONE 114.wav
1493482767341473 AUDIO_PLAYBACK_ONSET 331 142 1 he
1493482767478936 AUDIO_PLAYBACK_ONSET 332 142 2 undressed
1493482768389051 AUDIO_PLAYBACK_ONSET _ 142 END_OF_WAV
1493482768786723 AUDIO_PLAYBACK_DONE 142.wav
1493482769786682 AUDIO_PLAYBACK_ONSET 333 87 1 who
1493482769968244 AUDIO_PLAYBACK_ONSET 334 87 2 kicked
1493482770291809 AUDIO_PLAYBACK_ONSET 335 87 3 the
1493482770441662 AUDIO_PLAYBACK_ONSET 336 87 4 ball?
1493482770821888 AUDIO_PLAYBACK_ONSET _ 87 END_OF_WAV
1493482770896023 AUDIO_PLAYBACK_DONE 87.wav
1493482771895981 AUDIO_PLAYBACK_ONSET 337 144 1 the
1493482772017286 AUDIO_PLAYBACK_ONSET 338 144 2 girls
1493482772307481 AUDIO_PLAYBACK_ONSET 339 144 3 arrive
1493482773058990 AUDIO_PLAYBACK_ONSET _ 144 END_OF_WAV
1493482773208425 AUDIO_PLAYBACK_DONE 144.wav
1493482774208384 AUDIO_PLAYBACK_ONSET 340 148 1 The
1493482774324507 AUDIO_PLAYBACK_ONSET 341 148 2 grandpa
1493482774674085 AUDIO_PLAYBACK_ONSET 342 148 3 ate
1493482774915642 AUDIO_PLAYBACK_ONSET 343 148 4 the
1493482775004950 AUDIO_PLAYBACK_ONSET 344 148 5 meal
1493482775442135 AUDIO_PLAYBACK_ONSET _ 148 END_OF_WAV
1493482775473954 AUDIO_PLAYBACK_DONE 148.wav
1493482776473913 AUDIO_PLAYBACK_ONSET 345 69 1 the
1493482776615563 AUDIO_PLAYBACK_ONSET 346 69 2 boy
1493482776841295 AUDIO_PLAYBACK_ONSET 347 69 3 jumped
1493482777504547 AUDIO_PLAYBACK_ONSET _ 69 END_OF_WAV
1493482777770733 AUDIO_PLAYBACK_DONE 69.wav
1493482778770692 AUDIO_PLAYBACK_ONSET 348 111 1 he
1493482779058737 AUDIO_PLAYBACK_ONSET 349 111 2 jumped
1493482779754468 AUDIO_PLAYBACK_ONSET _ 111 END_OF_WAV
1493482780051910 AUDIO_PLAYBACK_DONE 111.wav
1493482781051868 AUDIO_PLAYBACK_ONSET 350 113 1 What
1493482781217746 AUDIO_PLAYBACK_ONSET 351 113 2 will
1493482781364354 AUDIO_PLAYBACK_ONSET 352 113 3 the
1493482781507686 AUDIO_PLAYBACK_ONSET 353 113 4 boy
1493482781688694 AUDIO_PLAYBACK_ONSET 354 113 5 smell?
1493482782222707 AUDIO_PLAYBACK_ONSET _ 113 END_OF_WAV
1493482782270549 AUDIO_PLAYBACK_DONE 113.wav
1493482783270507 AUDIO_PLAYBACK_ONSET 355 118 1 the
1493482783353694 AUDIO_PLAYBACK_ONSET 356 118 2 woman
1493482783630907 AUDIO_PLAYBACK_ONSET 357 118 3 was
1493482783898040 AUDIO_PLAYBACK_ONSET 358 118 4 pinched
1493482784731697 AUDIO_PLAYBACK_ONSET _ 118 END_OF_WAV
1493482784770426 AUDIO_PLAYBACK_DONE 118.wav
1493482785770385 AUDIO_PLAYBACK_ONSET 359 120 1 they
1493482785908549 AUDIO_PLAYBACK_ONSET 360 120 2 caught
1493482786068043 AUDIO_PLAYBACK_ONSET 361 120 3 him
1493482786210106 AUDIO_PLAYBACK_ONSET 362 120 4 stealing
1493482786916936 AUDIO_PLAYBACK_ONSET _ 120 END_OF_WAV
1493482787067204 AUDIO_PLAYBACK_DONE 120.wav
1493482788067163 AUDIO_PLAYBACK_ONSET 363 36 1 she
1493482788469144 AUDIO_PLAYBACK_ONSET 364 36 2 laughed
1493482789228539 AUDIO_PLAYBACK_ONSET _ 36 END_OF_WAV
1493482789317090 AUDIO_PLAYBACK_DONE 36.wav
1493482790317049 AUDIO_PLAYBACK_ONSET 365 145 1 he
1493482790401649 AUDIO_PLAYBACK_ONSET 366 145 2 smelled
1493482790778273 AUDIO_PLAYBACK_ONSET 367 145 3 the
1493482790839019 AUDIO_PLAYBACK_ONSET 368 145 4 flowers
1493482791680115 AUDIO_PLAYBACK_ONSET _ 145 END_OF_WAV
1493482791707625 AUDIO_PLAYBACK_DONE 145.wav
1493482792707584 AUDIO_PLAYBACK_ONSET 369 134 1 who
1493482792903543 AUDIO_PLAYBACK_ONSET 370 134 2 crawled?
1493482793464042 AUDIO_PLAYBACK_ONSET _ 134 END_OF_WAV
1493482793496602 AUDIO_PLAYBACK_DONE 134.wav
1493482794496561 AUDIO_PLAYBACK_ONSET 371 143 1 he
1493482794614081 AUDIO_PLAYBACK_ONSET 372 143 2 was
1493482794855833 AUDIO_PLAYBACK_ONSET 373 143 3 kissed
1493482795542049 AUDIO_PLAYBACK_ONSET _ 143 END_OF_WAV
1493482795613705 AUDIO_PLAYBACK_DONE 143.wav
1493482796613664 AUDIO_PLAYBACK_ONSET 374 42 1 they
1493482796830092 AUDIO_PLAYBACK_ONSET 375 42 2 winked
1493482797540307 AUDIO_PLAYBACK_ONSET _ 42 END_OF_WAV
1493482797769853 AUDIO_PLAYBACK_DONE 42.wav
1493482798769812 AUDIO_PLAYBACK_ONSET 376 126 1 the
1493482798859084 AUDIO_PLAYBACK_ONSET 377 126 2 host
1493482799160944 AUDIO_PLAYBACK_ONSET 378 126 3 will
1493482799325425 AUDIO_PLAYBACK_ONSET 379 126 4 eat
1493482799858120 AUDIO_PLAYBACK_ONSET _ 126 END_OF_WAV
1493482800160370 AUDIO_PLAYBACK_DONE 126.wav
1493482801160329 AUDIO_PLAYBACK_ONSET 380 38 1 who
1493482801407043 AUDIO_PLAYBACK_ONSET 381 38 2 sneezes?
1493482802425669 AUDIO_PLAYBACK_ONSET _ 38 END_OF_WAV
1493482802441546 AUDIO_PLAYBACK_DONE 38.wav
1493482803441504 AUDIO_PLAYBACK_ONSET 382 103 1 she
1493482803728901 AUDIO_PLAYBACK_ONSET 383 103 2 scratched
1493482804786813 AUDIO_PLAYBACK_ONSET _ 103 END_OF_WAV
1493482804832062 AUDIO_PLAYBACK_DONE 103.wav
1493482805832020 AUDIO_PLAYBACK_ONSET 384 43 1 she
1493482806045832 AUDIO_PLAYBACK_ONSET 385 43 2 remained
1493482806831269 AUDIO_PLAYBACK_ONSET _ 43 END_OF_WAV
1493482807081971 AUDIO_PLAYBACK_DONE 43.wav
1493482808081929 AUDIO_PLAYBACK_ONSET 386 35 1 she
1493482808473100 AUDIO_PLAYBACK_ONSET 387 35 2 disappears
1493482809564116 AUDIO_PLAYBACK_ONSET _ 35 END_OF_WAV
1493482809644361 AUDIO_PLAYBACK_DONE 35.wav
1493482810644319 AUDIO_PLAYBACK_ONSET 388 93 1 who
1493482810768097 AUDIO_PLAYBACK_ONSET 389 93 2 smelled
1493482811154133 AUDIO_PLAYBACK_ONSET 390 93 3 the
1493482811217284 AUDIO_PLAYBACK_ONSET 391 93 4 flowers?
1493482812106491 AUDIO_PLAYBACK_ONSET _ 93 END_OF_WAV
1493482812159905 AUDIO_PLAYBACK_DONE 93.wav
1493482813159864 AUDIO_PLAYBACK_ONSET 392 146 1 he
1493482813243513 AUDIO_PLAYBACK_ONSET 393 146 2 said
1493482813504096 AUDIO_PLAYBACK_ONSET 394 146 3 that
1493482813580792 AUDIO_PLAYBACK_ONSET 395 146 4 she
1493482813766526 AUDIO_PLAYBACK_ONSET 396 146 5 smiled
1493482814360692 AUDIO_PLAYBACK_ONSET _ 146 END_OF_WAV
1493482814534796 AUDIO_PLAYBACK_DONE 146.wav
1493482815534755 AUDIO_PLAYBACK_ONSET 397 110 1 The
1493482815664954 AUDIO_PLAYBACK_ONSET 398 110 2 cake
1493482815906784 AUDIO_PLAYBACK_ONSET 399 110 3 was
1493482816071435 AUDIO_PLAYBACK_ONSET 400 110 4 overcooked
1493482817026406 AUDIO_PLAYBACK_ONSET _ 110 END_OF_WAV
1493482817065941 AUDIO_PLAYBACK_DONE 110.wav
1493482818065900 AUDIO_PLAYBACK_ONSET 401 46 1 they
1493482818238364 AUDIO_PLAYBACK_ONSET 402 46 2 tickle
1493482818538261 AUDIO_PLAYBACK_ONSET 403 46 3 the
1493482818690352 AUDIO_PLAYBACK_ONSET 404 46 4 girl
1493482819108781 AUDIO_PLAYBACK_ONSET _ 46 END_OF_WAV
1493482819128374 AUDIO_PLAYBACK_DONE 46.wav
1493482820128333 AUDIO_PLAYBACK_ONSET 405 136 1 who
1493482820261489 AUDIO_PLAYBACK_ONSET 406 136 2 kissed
1493482820544059 AUDIO_PLAYBACK_ONSET 407 136 3 the
1493482820660347 AUDIO_PLAYBACK_ONSET 408 136 4 clowns?
1493482821536311 AUDIO_PLAYBACK_ONSET _ 136 END_OF_WAV
1493482821745433 AUDIO_PLAYBACK_DONE 136.wav
1493482822745391 AUDIO_PLAYBACK_ONSET 409 95 1 he
1493482822876778 AUDIO_PLAYBACK_ONSET 410 95 2 streched
1493482823741988 AUDIO_PLAYBACK_ONSET _ 95 END_OF_WAV
1493482824018767 AUDIO_PLAYBACK_DONE 95.wav
1493482825018726 AUDIO_PLAYBACK_ONSET 411 151 1 He
1493482825125824 AUDIO_PLAYBACK_ONSET 412 151 2 heard
1493482825361458 AUDIO_PLAYBACK_ONSET 413 151 3 her
1493482825552738 AUDIO_PLAYBACK_ONSET 414 151 4 play
1493482826034402 AUDIO_PLAYBACK_ONSET _ 151 END_OF_WAV
1493482826049951 AUDIO_PLAYBACK_DONE 151.wav
1493482827049910 AUDIO_PLAYBACK_ONSET 415 30 1 Whom
1493482827310513 AUDIO_PLAYBACK_ONSET 416 30 2 will
1493482827518172 AUDIO_PLAYBACK_ONSET 417 30 3 the
1493482827676435 AUDIO_PLAYBACK_ONSET 418 30 4 boy
1493482827905262 AUDIO_PLAYBACK_ONSET 419 30 5 hear?
1493482828519164 AUDIO_PLAYBACK_ONSET _ 30 END_OF_WAV
1493482828549829 AUDIO_PLAYBACK_DONE 30.wav
1493482829549787 AUDIO_PLAYBACK_ONSET 420 122 1 the
1493482829690664 AUDIO_PLAYBACK_ONSET 421 122 2 girl
1493482829939652 AUDIO_PLAYBACK_ONSET 422 122 3 crawls
1493482830634745 AUDIO_PLAYBACK_ONSET _ 122 END_OF_WAV
1493482830737242 AUDIO_PLAYBACK_DONE 122.wav
1493482831737201 AUDIO_PLAYBACK_ONSET 423 77 1 who
1493482831956377 AUDIO_PLAYBACK_ONSET 424 77 2 heard
1493482832250458 AUDIO_PLAYBACK_ONSET 425 77 3 the
1493482832334179 AUDIO_PLAYBACK_ONSET 426 77 4 men?
1493482832773190 AUDIO_PLAYBACK_ONSET _ 77 END_OF_WAV
1493482832784032 AUDIO_PLAYBACK_DONE 77.wav
1493482833783990 AUDIO_PLAYBACK_ONSET 427 139 1 he
1493482833865274 AUDIO_PLAYBACK_ONSET 428 139 2 saw
1493482834136411 AUDIO_PLAYBACK_ONSET 429 139 3 her
1493482834257709 AUDIO_PLAYBACK_ONSET 430 139 4 winking
1493482834856271 AUDIO_PLAYBACK_ONSET _ 139 END_OF_WAV
1493482834963648 AUDIO_PLAYBACK_DONE 139.wav
1493482835963607 AUDIO_PLAYBACK_ONSET 431 55 1 the
1493482836086927 AUDIO_PLAYBACK_ONSET 432 55 2 girls
1493482836410931 AUDIO_PLAYBACK_ONSET 433 55 3 cough
1493482836987914 AUDIO_PLAYBACK_ONSET _ 55 END_OF_WAV
1493482837151043 AUDIO_PLAYBACK_DONE 55.wav
1493482838151001 AUDIO_PLAYBACK_ONSET 434 107 1 they
1493482838294575 AUDIO_PLAYBACK_ONSET 435 107 2 were
1493482838446341 AUDIO_PLAYBACK_ONSET 436 107 3 loved
1493482839198129 AUDIO_PLAYBACK_ONSET _ 107 END_OF_WAV
1493482839315035 AUDIO_PLAYBACK_DONE 107.wav
1493482840314994 AUDIO_PLAYBACK_ONSET 437 39 1 she
1493482840817156 AUDIO_PLAYBACK_ONSET 438 39 2 excercised
1493482841985243 AUDIO_PLAYBACK_ONSET _ 39 END_OF_WAV
1493482842189906 AUDIO_PLAYBACK_DONE 39.wav
1493482843189865 AUDIO_PLAYBACK_ONSET 439 127 1 the
1493482843282249 AUDIO_PLAYBACK_ONSET 440 127 2 woman
1493482843581133 AUDIO_PLAYBACK_ONSET 441 127 3 will
1493482843670719 AUDIO_PLAYBACK_ONSET 442 127 4 speak
1493482844365210 AUDIO_PLAYBACK_ONSET _ 127 END_OF_WAV
1493482844369499 AUDIO_PLAYBACK_DONE 127.wav
1493482845369458 AUDIO_PLAYBACK_ONSET 443 149 1 the
1493482845477878 AUDIO_PLAYBACK_ONSET 444 149 2 girl
1493482845739740 AUDIO_PLAYBACK_ONSET 445 149 3 cries
1493482846507456 AUDIO_PLAYBACK_ONSET _ 149 END_OF_WAV
1493482846525649 AUDIO_PLAYBACK_DONE 149.wav
1493482847525607 AUDIO_PLAYBACK_ONSET 446 140 1 the
1493482847615610 AUDIO_PLAYBACK_ONSET 447 140 2 actors
1493482847931616 AUDIO_PLAYBACK_ONSET 448 140 3 were
1493482848031498 AUDIO_PLAYBACK_ONSET 449 140 4 scorned
1493482848745312 AUDIO_PLAYBACK_ONSET _ 140 END_OF_WAV
1493482848806800 AUDIO_PLAYBACK_DONE 140.wav
1493482849806759 AUDIO_PLAYBACK_ONSET 450 6 1 Whom
1493482849969580 AUDIO_PLAYBACK_ONSET 451 6 2 did
1493482850124548 AUDIO_PLAYBACK_ONSET 452 6 3 the
1493482850253963 AUDIO_PLAYBACK_ONSET 453 6 4 boy
1493482850464982 AUDIO_PLAYBACK_ONSET 454 6 5 hear?
1493482850947196 AUDIO_PLAYBACK_ONSET _ 6 END_OF_WAV
1493482851033262 AUDIO_PLAYBACK_DONE 6.wav
1493482852033221 AUDIO_PLAYBACK_ONSET 455 131 1 who
1493482852239936 AUDIO_PLAYBACK_ONSET 456 131 2 cried?
1493482852838551 AUDIO_PLAYBACK_ONSET _ 131 END_OF_WAV
1493482852908173 AUDIO_PLAYBACK_DONE 131.wav
1493482853908132 AUDIO_PLAYBACK_ONSET 457 84 1 the
1493482854057262 AUDIO_PLAYBACK_ONSET 458 84 2 girl
1493482854258871 AUDIO_PLAYBACK_ONSET 459 84 3 smiled
1493482855040107 AUDIO_PLAYBACK_ONSET _ 84 END_OF_WAV
1493482855158082 AUDIO_PLAYBACK_DONE 84.wav
1493482856158041 AUDIO_PLAYBACK_ONSET 460 5 1 we
1493482856325685 AUDIO_PLAYBACK_ONSET 461 5 2 guessed
1493482856590144 AUDIO_PLAYBACK_ONSET 462 5 3 that
1493482856747443 AUDIO_PLAYBACK_ONSET 463 5 4 they
1493482856920472 AUDIO_PLAYBACK_ONSET 464 5 5 wink
1493482857444474 AUDIO_PLAYBACK_ONSET _ 5 END_OF_WAV
1493482857620860 AUDIO_PLAYBACK_DONE 5.wav
1493482858620819 AUDIO_PLAYBACK_ONSET 465 24 1 The
1493482858724199 AUDIO_PLAYBACK_ONSET 466 24 2 sandwich
1493482859328279 AUDIO_PLAYBACK_ONSET 467 24 3 is
1493482859518928 AUDIO_PLAYBACK_ONSET 468 24 4 healthy
1493482860084449 AUDIO_PLAYBACK_ONSET _ 24 END_OF_WAV
1493482860214497 AUDIO_PLAYBACK_DONE 24.wav
1493482859758902 KEY_PRESS l
1493482860086882 KEY_PRESS l
1493482861214456 AUDIO_PLAYBACK_ONSET 469 61 1 who
1493482861424657 AUDIO_PLAYBACK_ONSET 470 61 2 tickles
1493482861831909 AUDIO_PLAYBACK_ONSET 471 61 3 the
1493482861952875 AUDIO_PLAYBACK_ONSET 472 61 4 girl?
1493482862427666 AUDIO_PLAYBACK_ONSET _ 61 END_OF_WAV
1493482862714374 AUDIO_PLAYBACK_DONE 61.wav
1493482863714333 AUDIO_PLAYBACK_ONSET 473 1 1 he
1493482863807558 AUDIO_PLAYBACK_ONSET 474 1 2 smiles
1493482864588462 AUDIO_PLAYBACK_ONSET _ 1 END_OF_WAV
1493482864589285 AUDIO_PLAYBACK_DONE 1.wav
1493482865589243 AUDIO_PLAYBACK_ONSET 475 92 1 she
1493482865966863 AUDIO_PLAYBACK_ONSET 476 92 2 blooms
1493482866776660 AUDIO_PLAYBACK_ONSET _ 92 END_OF_WAV
1493482866839173 AUDIO_PLAYBACK_DONE 92.wav
1493482867839131 AUDIO_PLAYBACK_ONSET 477 99 1 they
1493482868129863 AUDIO_PLAYBACK_ONSET 478 99 2 cough
1493482868827417 AUDIO_PLAYBACK_ONSET _ 99 END_OF_WAV
1493482868932848 AUDIO_PLAYBACK_DONE 99.wav
1493482869932807 AUDIO_PLAYBACK_ONSET 479 135 1 the
1493482870077946 AUDIO_PLAYBACK_ONSET 480 135 2 boy
1493482870226947 AUDIO_PLAYBACK_ONSET 481 135 3 heard
1493482870498820 AUDIO_PLAYBACK_ONSET 482 135 4 the
1493482870538365 AUDIO_PLAYBACK_ONSET 483 135 5 men
1493482870944409 AUDIO_PLAYBACK_ONSET _ 135 END_OF_WAV
1493482870983537 AUDIO_PLAYBACK_DONE 135.wav
1493482871983496 AUDIO_PLAYBACK_ONSET 484 70 1 she
1493482872375078 AUDIO_PLAYBACK_ONSET 485 70 2 jumps
1493482873147905 AUDIO_PLAYBACK_ONSET _ 70 END_OF_WAV
1493482873514681 AUDIO_PLAYBACK_DONE 70.wav
1493482874514640 AUDIO_PLAYBACK_ONSET 486 83 1 What
1493482874650183 AUDIO_PLAYBACK_ONSET 487 83 2 will
1493482874870191 AUDIO_PLAYBACK_ONSET 488 83 3 the
1493482875043702 AUDIO_PLAYBACK_ONSET 489 83 4 girl
1493482875451964 AUDIO_PLAYBACK_ONSET 490 83 5 eat?
1493482875982705 AUDIO_PLAYBACK_ONSET _ 83 END_OF_WAV
1493482876202054 AUDIO_PLAYBACK_DONE 83.wav
1493482877202013 AUDIO_PLAYBACK_ONSET 491 63 1 he
1493482877322901 AUDIO_PLAYBACK_ONSET 492 63 2 sneezes
1493482878062172 AUDIO_PLAYBACK_ONSET _ 63 END_OF_WAV
1493482878366027 AUDIO_PLAYBACK_DONE 63.wav
1493482879365986 AUDIO_PLAYBACK_ONSET 493 29 1 he
1493482879663887 AUDIO_PLAYBACK_ONSET 494 29 2 bloomed
1493482880599357 AUDIO_PLAYBACK_ONSET _ 29 END_OF_WAV
1493482880865901 AUDIO_PLAYBACK_DONE 29.wav
1493482881865860 AUDIO_PLAYBACK_ONSET 495 129 1 who
1493482882034858 AUDIO_PLAYBACK_ONSET 496 129 2 smiles?
1493482882845333 AUDIO_PLAYBACK_ONSET _ 129 END_OF_WAV
1493482882990805 AUDIO_PLAYBACK_DONE 129.wav
1493482883990764 AUDIO_PLAYBACK_ONSET 497 100 1 she
1493482884314497 AUDIO_PLAYBACK_ONSET 498 100 2 fell
1493482884821967 AUDIO_PLAYBACK_ONSET _ 100 END_OF_WAV
1493482884865717 AUDIO_PLAYBACK_DONE 100.wav
1493482885865676 AUDIO_PLAYBACK_ONSET 499 79 1 the
1493482885959637 AUDIO_PLAYBACK_ONSET 500 79 2 boy
1493482886184561 AUDIO_PLAYBACK_ONSET 501 79 3 collapses
1493482887138942 AUDIO_PLAYBACK_ONSET _ 79 END_OF_WAV
1493482887178118 AUDIO_PLAYBACK_DONE 79.wav
1493482888178076 AUDIO_PLAYBACK_ONSET 502 11 1 he
1493482888325741 AUDIO_PLAYBACK_ONSET 503 11 2 will
1493482888521742 AUDIO_PLAYBACK_ONSET 504 11 3 drive
1493482889130244 AUDIO_PLAYBACK_ONSET _ 11 END_OF_WAV
1493482889131167 AUDIO_PLAYBACK_DONE 11.wav
1493482890131125 AUDIO_PLAYBACK_ONSET 505 19 1 who
1493482890372673 AUDIO_PLAYBACK_ONSET 506 19 2 laughs?
1493482891140564 AUDIO_PLAYBACK_ONSET _ 19 END_OF_WAV
1493482891162333 AUDIO_PLAYBACK_DONE 19.wav
1493482892162291 AUDIO_PLAYBACK_ONSET 507 59 1 who
1493482892330220 AUDIO_PLAYBACK_ONSET 508 59 2 arrives?
1493482893128980 AUDIO_PLAYBACK_ONSET _ 59 END_OF_WAV
1493482893466909 AUDIO_PLAYBACK_DONE 59.wav
