1520591950272340 CHEETAH_SIGNAL SENT_AFTER_TIME 131104.218217
1520591953118459 CHEETAH_SIGNAL SENT_AFTER_TIME 131107.064378
1520591953190015 CHEETAH_SIGNAL SENT_AFTER_TIME 131107.135812
1520591953188167 DISPLAY_INSTRUCTIONS Stimuli/instructions_audio_sentences.png
1520591954571605 KEY_PRESS F12
1520591954573398 KEY_PRESS F12
1520591954575096 KEY_PRESS F12
1520591954576662 KEY_PRESS F12
1520591954578271 KEY_PRESS F12
1520591954579854 KEY_PRESS F12
1520591954581702 KEY_PRESS F12
1520591954583370 KEY_PRESS F12
1520591954585037 KEY_PRESS F12
1520591954586695 KEY_PRESS F12
1520591954588352 KEY_PRESS F12
1520591954589874 KEY_PRESS F12
1520591954591378 KEY_PRESS F12
1520591954592868 KEY_PRESS F12
1520591954594277 KEY_PRESS F12
1520591954595685 KEY_PRESS F12
1520591954597338 KEY_PRESS F12
1520591954598757 KEY_PRESS F12
1520591954600263 KEY_PRESS F12
1520591954601814 KEY_PRESS F12
1520591954603270 KEY_PRESS F12
1520591954604681 KEY_PRESS F12
1520591954606091 KEY_PRESS F12
1520591954607569 KEY_PRESS F12
1520591954608980 KEY_PRESS F12
1520591954610390 KEY_PRESS F12
1520591954612130 KEY_PRESS F12
1520591954613641 KEY_PRESS F12
1520591954615059 KEY_PRESS F12
1520591954616473 KEY_PRESS F12
1520591954617929 KEY_PRESS F12
1520591954619341 KEY_PRESS F12
1520591954620795 KEY_PRESS F12
1520591954622205 KEY_PRESS F12
1520591954623712 KEY_PRESS F12
1520591954625263 KEY_PRESS F12
1520591954626898 KEY_PRESS F12
1520591954628313 KEY_PRESS F12
1520591954629800 KEY_PRESS F12
1520591954631213 KEY_PRESS F12
1520591954632623 KEY_PRESS F12
1520591954634031 KEY_PRESS F12
1520591954635597 KEY_PRESS F12
1520591954637114 KEY_PRESS F12
1520591954638521 KEY_PRESS F12
1520591954639974 KEY_PRESS F12
1520591954641610 KEY_PRESS F12
1520591954643027 KEY_PRESS F12
1520591954644439 KEY_PRESS F12
1520591954645856 KEY_PRESS F12
1520591954647428 KEY_PRESS F12
1520591954648989 KEY_PRESS F12
1520591954971777 KEY_PRESS F12
1520591954973490 KEY_PRESS F12
1520591954975167 KEY_PRESS F12
1520591954976823 KEY_PRESS F12
1520591954978691 KEY_PRESS F12
1520591954980216 KEY_PRESS F12
1520591954981691 KEY_PRESS F12
1520591954983174 KEY_PRESS F12
1520591954984829 KEY_PRESS F12
1520591954986461 KEY_PRESS F12
1520591954988045 KEY_PRESS F12
1520591954989475 KEY_PRESS F12
1520591954990893 KEY_PRESS F12
1520591954992328 KEY_PRESS F12
1520591954993983 KEY_PRESS F12
1520591954995405 KEY_PRESS F12
1520591954996812 KEY_PRESS F12
1520591954998243 KEY_PRESS F12
1520591954999662 KEY_PRESS F12
1520591955001091 KEY_PRESS F12
1520591955002614 KEY_PRESS F12
1520591955004115 KEY_PRESS F12
1520591955005557 KEY_PRESS F12
1520591955007028 KEY_PRESS F12
1520591955008668 KEY_PRESS F12
1520591955010104 KEY_PRESS F12
1520591955011540 KEY_PRESS F12
1520591955012975 KEY_PRESS F12
1520591955014461 KEY_PRESS F12
1520591955016040 KEY_PRESS F12
1520591955017468 KEY_PRESS F12
1520591955018886 KEY_PRESS F12
1520591955020351 KEY_PRESS F12
1520591955021769 KEY_PRESS F12
1520591955023411 KEY_PRESS F12
1520591955024823 KEY_PRESS F12
1520591955026348 KEY_PRESS F12
1520591955027870 KEY_PRESS F12
1520591955029294 KEY_PRESS F12
1520591955030727 KEY_PRESS F12
1520591955032135 KEY_PRESS F12
1520591955034044 KEY_PRESS F12
1520591955163459 KEY_PRESS F12
1520591955165177 KEY_PRESS F12
1520591955167134 KEY_PRESS F12
1520591955168808 KEY_PRESS F12
1520591955170434 KEY_PRESS F12
1520591955171957 KEY_PRESS F12
1520591955173473 KEY_PRESS F12
1520591955174929 KEY_PRESS F12
1520591955176393 KEY_PRESS F12
1520591955177979 KEY_PRESS F12
1520591955179592 KEY_PRESS F12
1520591955181228 KEY_PRESS F12
1520591955182919 KEY_PRESS F12
1520591955184329 KEY_PRESS F12
1520591955185767 KEY_PRESS F12
1520591955187234 KEY_PRESS F12
1520591955188655 KEY_PRESS F12
1520591955190070 KEY_PRESS F12
1520591955191484 KEY_PRESS F12
1520591955192937 KEY_PRESS F12
1520591955194396 KEY_PRESS F12
1520591955195957 KEY_PRESS F12
1520591955197605 KEY_PRESS F12
1520591955199033 KEY_PRESS F12
1520591955200450 KEY_PRESS F12
1520591955201874 KEY_PRESS F12
1520591955203364 KEY_PRESS F12
1520591955204790 KEY_PRESS F12
1520591955206224 KEY_PRESS F12
1520591955207862 KEY_PRESS F12
1520591955209273 KEY_PRESS F12
1520591955210695 KEY_PRESS F12
1520591955212329 KEY_PRESS F12
1520591955213766 KEY_PRESS F12
1520591955215182 KEY_PRESS F12
1520591955216592 KEY_PRESS F12
1520591955218032 KEY_PRESS F12
1520591955219700 KEY_PRESS F12
1520591955221110 KEY_PRESS F12
1520591955222534 KEY_PRESS F12
1520591955223950 KEY_PRESS F12
1520591955225363 KEY_PRESS F12
1520591955227000 KEY_PRESS F12
1520591955228433 KEY_PRESS F12
1520591955229888 KEY_PRESS F12
1520591955231456 KEY_PRESS F12
1520591955233041 KEY_PRESS F12
1520591955340004 KEY_PRESS F12
1520591955342570 KEY_PRESS F12
1520591955344739 KEY_PRESS F12
1520591955346632 KEY_PRESS F12
1520591955348253 KEY_PRESS F12
1520591955350174 KEY_PRESS F12
1520591955351655 KEY_PRESS F12
1520591955353118 KEY_PRESS F12
1520591955354524 KEY_PRESS F12
1520591955355922 KEY_PRESS F12
1520591955357318 KEY_PRESS F12
1520591955358715 KEY_PRESS F12
1520591955360111 KEY_PRESS F12
1520591955361504 KEY_PRESS F12
1520591955362898 KEY_PRESS F12
1520591955364584 KEY_PRESS F12
1520591955365991 KEY_PRESS F12
1520591955367394 KEY_PRESS F12
1520591955368794 KEY_PRESS F12
1520591955370607 KEY_PRESS F12
1520591955372018 KEY_PRESS F12
1520591955373524 KEY_PRESS F12
1520591955374923 KEY_PRESS F12
1520591955376320 KEY_PRESS F12
1520591955377715 KEY_PRESS F12
1520591955379333 KEY_PRESS F12
1520591955380834 KEY_PRESS F12
1520591955382330 KEY_PRESS F12
1520591955383832 KEY_PRESS F12
1520591955385230 KEY_PRESS F12
1520591955386679 KEY_PRESS F12
1520591955388123 KEY_PRESS F12
1520591955389519 KEY_PRESS F12
1520591955390917 KEY_PRESS F12
1520591955392312 KEY_PRESS F12
1520591955394040 KEY_PRESS F12
1520591955395524 KEY_PRESS F12
1520591955396922 KEY_PRESS F12
1520591955398322 KEY_PRESS F12
1520591955399717 KEY_PRESS F12
1520591955401112 KEY_PRESS F12
1520591955402505 KEY_PRESS F12
1520591955403970 KEY_PRESS F12
1520591955405478 KEY_PRESS F12
1520591955406982 KEY_PRESS F12
1520591955408598 KEY_PRESS F12
1520591955409999 KEY_PRESS F12
1520591955411394 KEY_PRESS F12
1520591955412794 KEY_PRESS F12
1520591955414189 KEY_PRESS F12
1520591955415583 KEY_PRESS F12
1520591955417525 KEY_PRESS F12
1520591955515133 KEY_PRESS F12
1520591955517479 KEY_PRESS F12
1520591955520032 KEY_PRESS F12
1520591955522522 KEY_PRESS F12
1520591955524151 KEY_PRESS F12
1520591955526024 KEY_PRESS F12
1520591955527534 KEY_PRESS F12
1520591955528980 KEY_PRESS F12
1520591955530424 KEY_PRESS F12
1520591955531866 KEY_PRESS F12
1520591955533314 KEY_PRESS F12
1520591955534757 KEY_PRESS F12
1520591955536222 KEY_PRESS F12
1520591955537901 KEY_PRESS F12
1520591955539476 KEY_PRESS F12
1520591955541031 KEY_PRESS F12
1520591955542471 KEY_PRESS F12
1520591955543874 KEY_PRESS F12
1520591955545272 KEY_PRESS F12
1520591955546669 KEY_PRESS F12
1520591955548463 KEY_PRESS F12
1520591955549875 KEY_PRESS F12
1520591955551277 KEY_PRESS F12
1520591955552927 KEY_PRESS F12
1520591955554396 KEY_PRESS F12
1520591955555794 KEY_PRESS F12
1520591955557190 KEY_PRESS F12
1520591955558587 KEY_PRESS F12
1520591955560181 KEY_PRESS F12
1520591955561600 KEY_PRESS F12
1520591955563000 KEY_PRESS F12
1520591955564395 KEY_PRESS F12
1520591955565790 KEY_PRESS F12
1520591955567406 KEY_PRESS F12
1520591955568805 KEY_PRESS F12
1520591955570247 KEY_PRESS F12
1520591955571830 KEY_PRESS F12
1520591955573238 KEY_PRESS F12
1520591955574633 KEY_PRESS F12
1520591955576028 KEY_PRESS F12
1520591955578041 KEY_PRESS F12
1520591955684117 KEY_PRESS F12
1520591955686686 KEY_PRESS F12
1520591955689367 KEY_PRESS F12
1520591955691033 KEY_PRESS F12
1520591955692530 KEY_PRESS F12
1520591955694024 KEY_PRESS F12
1520591955695669 KEY_PRESS F12
1520591955697127 KEY_PRESS F12
1520591955698845 KEY_PRESS F12
1520591955701535 KEY_PRESS F12
1520591955703705 KEY_PRESS F12
1520591955705158 KEY_PRESS F12
1520591955706883 KEY_PRESS F12
1520591955708332 KEY_PRESS F12
1520591955709777 KEY_PRESS F12
1520591955711219 KEY_PRESS F12
1520591955712661 KEY_PRESS F12
1520591955714057 KEY_PRESS F12
1520591955715869 KEY_PRESS F12
1520591955717282 KEY_PRESS F12
1520591955718685 KEY_PRESS F12
1520591955720109 KEY_PRESS F12
1520591955721730 KEY_PRESS F12
1520591955723130 KEY_PRESS F12
1520591955724528 KEY_PRESS F12
1520591955725924 KEY_PRESS F12
1520591955727497 KEY_PRESS F12
1520591955728943 KEY_PRESS F12
1520591955730338 KEY_PRESS F12
1520591955731732 KEY_PRESS F12
1520591955733125 KEY_PRESS F12
1520591955734519 KEY_PRESS F12
1520591955736208 KEY_PRESS F12
1520591955738231 KEY_PRESS F12
1520591955883611 KEY_PRESS F12
1520591955886047 KEY_PRESS F12
1520591955888231 KEY_PRESS F12
1520591955890209 KEY_PRESS F12
1520591955891845 KEY_PRESS F12
1520591955893473 KEY_PRESS F12
1520591955894944 KEY_PRESS F12
1520591955896388 KEY_PRESS F12
1520591955898102 KEY_PRESS F12
1520591955899576 KEY_PRESS F12
1520591955901018 KEY_PRESS F12
1520591955902462 KEY_PRESS F12
1520591955903927 KEY_PRESS F12
1520591955905330 KEY_PRESS F12
1520591955906795 KEY_PRESS F12
1520591955908195 KEY_PRESS F12
1520591955909591 KEY_PRESS F12
1520591955910984 KEY_PRESS F12
1520591955912789 KEY_PRESS F12
1520591974370359 KEY_PRESS F11
1520591974372455 KEY_PRESS F11
1520591974374194 KEY_PRESS F11
1520591974375848 KEY_PRESS F11
1520591974377583 KEY_PRESS F11
1520591974380055 KEY_PRESS F11
1520591974382723 KEY_PRESS F11
1520591974385411 KEY_PRESS F11
1520591974388074 KEY_PRESS F11
1520591974391361 KEY_PRESS F11
1520591974394016 KEY_PRESS F11
1520591974396656 KEY_PRESS F11
1520591974399293 KEY_PRESS F11
1520591974401936 KEY_PRESS F11
1520591974404567 KEY_PRESS F11
1520591974407194 KEY_PRESS F11
1520591974409820 KEY_PRESS F11
1520591974412447 KEY_PRESS F11
1520591974415079 KEY_PRESS F11
1520591974418114 KEY_PRESS F11
1520591974420765 KEY_PRESS F11
1520591974423395 KEY_PRESS F11
1520591974426031 KEY_PRESS F11
1520591974428657 KEY_PRESS F11
1520591974431279 KEY_PRESS F11
1520591974433904 KEY_PRESS F11
1520591974436540 KEY_PRESS F11
1520591974439162 KEY_PRESS F11
1520591974441781 KEY_PRESS F11
1520591974444808 KEY_PRESS F11
1520591974447453 KEY_PRESS F11
1520591974450074 KEY_PRESS F11
1520591974452707 KEY_PRESS F11
1520591974455334 KEY_PRESS F11
1520591974457951 KEY_PRESS F11
1520591974460586 KEY_PRESS F11
1520591974463200 KEY_PRESS F11
1520591974465843 KEY_PRESS F11
1520591974468460 KEY_PRESS F11
1520591974471494 KEY_PRESS F11
1520591977812641 KEY_PRESS space
1520591977813887 CHEETAH_SIGNAL SENT_AFTER_TIME 131131.760820
1520591977912169 CHEETAH_SIGNAL SENT_AFTER_TIME 131131.859036
1520591977910640 DISPLAY_INSTRUCTIONS OFF
1520591977957606 CHEETAH_SIGNAL SENT_AFTER_TIME 131131.904468
1520591977990936 CHEETAH_SIGNAL SENT_AFTER_TIME 131131.937898
1520591978044346 CHEETAH_SIGNAL SENT_AFTER_TIME 131131.991230
1520591978042775 DISPLAY_FIXATION
1520591981298367 AUDIO_PLAYBACK_ONSET 1.wav
1520591982173342 AUDIO_PLAYBACK_DONE 1.wav
1520591954568545 KEY_PRESS F12
1520591954648539 KEY_PRESS F12
1520591954968529 KEY_PRESS F12
1520591955032531 KEY_PRESS F12
1520591955160519 KEY_PRESS F12
1520591955232517 KEY_PRESS F12
1520591955336512 KEY_PRESS F12
1520591955416495 KEY_PRESS F12
1520591955512506 KEY_PRESS F12
1520591955576502 KEY_PRESS F12
1520591955680481 KEY_PRESS F12
1520591955736477 KEY_PRESS F12
1520591955880474 KEY_PRESS F12
1520591955912474 KEY_PRESS F12
1520591974367733 KEY_PRESS F11
1520591974471724 KEY_PRESS F11
1520591977807588 KEY_PRESS space
1520591978255562 KEY_PRESS space
1520591983173301 AUDIO_PLAYBACK_ONSET 2.wav
1520591984595132 AUDIO_PLAYBACK_DONE 2.wav
1520591982183546 KEY_PRESS F12
1520591982279529 KEY_PRESS F12
1520591982391450 KEY_PRESS F12
1520591982479583 KEY_PRESS F12
1520591982575513 KEY_PRESS F12
1520591982647516 KEY_PRESS F12
1520591982735478 KEY_PRESS F12
1520591982775503 KEY_PRESS F12
1520591985595091 AUDIO_PLAYBACK_ONSET 3.wav
1520591987087213 AUDIO_PLAYBACK_DONE 3.wav
1520591986271357 KEY_PRESS l
1520591986655340 KEY_PRESS l
1520591988087171 AUDIO_PLAYBACK_ONSET 4.wav
1520591989143775 AUDIO_PLAYBACK_DONE 4.wav
1520591988919249 KEY_PRESS l
1520591990143734 AUDIO_PLAYBACK_ONSET 5.wav
1520591991606557 AUDIO_PLAYBACK_DONE 5.wav
1520591989191237 KEY_PRESS l
1520591992606516 AUDIO_PLAYBACK_ONSET 6.wav
1520591993833022 AUDIO_PLAYBACK_DONE 6.wav
1520591994832980 AUDIO_PLAYBACK_ONSET 7.wav
1520591995926681 AUDIO_PLAYBACK_DONE 7.wav
1520591996926640 AUDIO_PLAYBACK_ONSET 8.wav
1520591998106278 AUDIO_PLAYBACK_DONE 8.wav
1520591999106236 AUDIO_PLAYBACK_ONSET 9.wav
1520592000356166 AUDIO_PLAYBACK_DONE 9.wav
1520592000238804 KEY_PRESS l
1520592001356125 AUDIO_PLAYBACK_ONSET 10.wav
1520592002481068 AUDIO_PLAYBACK_DONE 10.wav
1520592000518773 KEY_PRESS l
1520592003481027 AUDIO_PLAYBACK_ONSET 11.wav
1520592004434094 AUDIO_PLAYBACK_DONE 11.wav
1520592005434053 AUDIO_PLAYBACK_ONSET 12.wav
1520592006840237 AUDIO_PLAYBACK_DONE 12.wav
1520592007840195 AUDIO_PLAYBACK_ONSET 13.wav
1520592009683869 AUDIO_PLAYBACK_DONE 13.wav
1520592009334325 KEY_PRESS l
1520592010683828 AUDIO_PLAYBACK_ONSET 14.wav
1520592012027518 AUDIO_PLAYBACK_DONE 14.wav
1520592009694392 KEY_PRESS l
1520592013027477 AUDIO_PLAYBACK_ONSET 15.wav
1520592014089950 AUDIO_PLAYBACK_DONE 15.wav
1520592015089909 AUDIO_PLAYBACK_ONSET 16.wav
1520592016558579 AUDIO_PLAYBACK_DONE 16.wav
1520592017558538 AUDIO_PLAYBACK_ONSET 17.wav
1520592018558474 AUDIO_PLAYBACK_DONE 17.wav
1520592019558432 AUDIO_PLAYBACK_ONSET 18.wav
1520592021058352 AUDIO_PLAYBACK_DONE 18.wav
1520592020925945 KEY_PRESS l
1520592022058310 AUDIO_PLAYBACK_ONSET 19.wav
1520592023089517 AUDIO_PLAYBACK_DONE 19.wav
1520592021309914 KEY_PRESS l
1520592024089476 AUDIO_PLAYBACK_ONSET 20.wav
1520592025308160 AUDIO_PLAYBACK_DONE 20.wav
1520592026308118 AUDIO_PLAYBACK_ONSET 21.wav
1520592027276809 AUDIO_PLAYBACK_DONE 21.wav
1520592028276768 AUDIO_PLAYBACK_ONSET 22.wav
1520592029432960 AUDIO_PLAYBACK_DONE 22.wav
1520592030432918 AUDIO_PLAYBACK_ONSET 23.wav
1520592031932839 AUDIO_PLAYBACK_DONE 23.wav
1520592032932797 AUDIO_PLAYBACK_ONSET 24.wav
1520592034526476 AUDIO_PLAYBACK_DONE 24.wav
1520592034061497 KEY_PRESS l
1520592034469372 KEY_PRESS l
1520592035526434 AUDIO_PLAYBACK_ONSET 25.wav
1520592037026351 AUDIO_PLAYBACK_DONE 25.wav
1520592038026309 AUDIO_PLAYBACK_ONSET 26.wav
1520592039385618 AUDIO_PLAYBACK_DONE 26.wav
1520592040385577 AUDIO_PLAYBACK_ONSET 27.wav
1520592042072996 AUDIO_PLAYBACK_DONE 27.wav
1520592043072954 AUDIO_PLAYBACK_ONSET 28.wav
1520592044572870 AUDIO_PLAYBACK_DONE 28.wav
1520592045572828 AUDIO_PLAYBACK_ONSET 29.wav
1520592047072747 AUDIO_PLAYBACK_DONE 29.wav
1520592048072705 AUDIO_PLAYBACK_ONSET 30.wav
1520592049572626 AUDIO_PLAYBACK_DONE 30.wav
1520592050572584 AUDIO_PLAYBACK_ONSET 31.wav
1520592051822510 AUDIO_PLAYBACK_DONE 31.wav
1520592052822469 AUDIO_PLAYBACK_ONSET 32.wav
1520592054056777 AUDIO_PLAYBACK_DONE 32.wav
1520592055056736 AUDIO_PLAYBACK_ONSET 33.wav
1520592056197302 AUDIO_PLAYBACK_DONE 33.wav
1520592057197260 AUDIO_PLAYBACK_ONSET 34.wav
1520592058572197 AUDIO_PLAYBACK_DONE 34.wav
1520592059572155 AUDIO_PLAYBACK_ONSET 35.wav
1520592061134590 AUDIO_PLAYBACK_DONE 35.wav
1520592062134549 AUDIO_PLAYBACK_ONSET 36.wav
1520592063384475 AUDIO_PLAYBACK_DONE 36.wav
1520592064384434 AUDIO_PLAYBACK_ONSET 37.wav
1520592065478131 AUDIO_PLAYBACK_DONE 37.wav
1520592066478090 AUDIO_PLAYBACK_ONSET 38.wav
1520592067759284 AUDIO_PLAYBACK_DONE 38.wav
1520592068759243 AUDIO_PLAYBACK_ONSET 39.wav
1520592070634158 AUDIO_PLAYBACK_DONE 39.wav
1520592071634116 AUDIO_PLAYBACK_ONSET 40.wav
1520592073071546 AUDIO_PLAYBACK_DONE 40.wav
1520592074071505 AUDIO_PLAYBACK_ONSET 41.wav
1520592075298011 AUDIO_PLAYBACK_DONE 41.wav
1520592076297970 AUDIO_PLAYBACK_ONSET 42.wav
1520592077454163 AUDIO_PLAYBACK_DONE 42.wav
1520592078454121 AUDIO_PLAYBACK_ONSET 43.wav
1520592079704050 AUDIO_PLAYBACK_DONE 43.wav
1520592080704009 AUDIO_PLAYBACK_ONSET 44.wav
1520592081891446 AUDIO_PLAYBACK_DONE 44.wav
1520592082891404 AUDIO_PLAYBACK_ONSET 45.wav
1520592083985101 AUDIO_PLAYBACK_DONE 45.wav
1520592082395402 KEY_PRESS l
1520592082715455 KEY_PRESS l
1520592084985060 AUDIO_PLAYBACK_ONSET 46.wav
1520592086047512 AUDIO_PLAYBACK_DONE 46.wav
1520592087047471 AUDIO_PLAYBACK_ONSET 47.wav
1520592088281774 AUDIO_PLAYBACK_DONE 47.wav
1520592089281733 AUDIO_PLAYBACK_ONSET 48.wav
1520592090453545 AUDIO_PLAYBACK_DONE 48.wav
1520592091453504 AUDIO_PLAYBACK_ONSET 49.wav
1520592092719101 AUDIO_PLAYBACK_DONE 49.wav
1520592092434928 KEY_PRESS l
1520592093719060 AUDIO_PLAYBACK_ONSET 50.wav
1520592094820561 AUDIO_PLAYBACK_DONE 50.wav
1520592092818966 KEY_PRESS l
1520592095820520 AUDIO_PLAYBACK_ONSET 51.wav
1520592097164207 AUDIO_PLAYBACK_DONE 51.wav
1520592098164166 AUDIO_PLAYBACK_ONSET 52.wav
1520592099414095 AUDIO_PLAYBACK_DONE 52.wav
1520592097242790 KEY_PRESS l
1520592097522780 KEY_PRESS l
1520592100414053 AUDIO_PLAYBACK_ONSET 53.wav
1520592101913969 AUDIO_PLAYBACK_DONE 53.wav
1520592102913928 AUDIO_PLAYBACK_ONSET 54.wav
1520592104163876 AUDIO_PLAYBACK_DONE 54.wav
1520592105163835 AUDIO_PLAYBACK_ONSET 55.wav
1520592106351270 AUDIO_PLAYBACK_DONE 55.wav
1520592107351228 AUDIO_PLAYBACK_ONSET 56.wav
1520592109132406 AUDIO_PLAYBACK_DONE 56.wav
1520592110132365 AUDIO_PLAYBACK_ONSET 57.wav
1520592111366690 AUDIO_PLAYBACK_DONE 57.wav
1520592112366649 AUDIO_PLAYBACK_ONSET 58.wav
1520592113593152 AUDIO_PLAYBACK_DONE 58.wav
1520592111698179 KEY_PRESS l
1520592111978156 KEY_PRESS l
1520592114593111 AUDIO_PLAYBACK_ONSET 59.wav
1520592115897728 AUDIO_PLAYBACK_DONE 59.wav
1520592116897687 AUDIO_PLAYBACK_ONSET 60.wav
1520592118678865 AUDIO_PLAYBACK_DONE 60.wav
1520592119678823 AUDIO_PLAYBACK_ONSET 61.wav
1520592121178739 AUDIO_PLAYBACK_DONE 61.wav
1520592122178697 AUDIO_PLAYBACK_ONSET 62.wav
1520592123647368 AUDIO_PLAYBACK_DONE 62.wav
1520592124647327 AUDIO_PLAYBACK_ONSET 63.wav
1520592125811339 AUDIO_PLAYBACK_DONE 63.wav
1520592126811297 AUDIO_PLAYBACK_ONSET 64.wav
1520592127795611 AUDIO_PLAYBACK_DONE 64.wav
1520592128795570 AUDIO_PLAYBACK_ONSET 65.wav
1520592130170503 AUDIO_PLAYBACK_DONE 65.wav
1520592131170462 AUDIO_PLAYBACK_ONSET 66.wav
1520592132381342 AUDIO_PLAYBACK_DONE 66.wav
1520592133381301 AUDIO_PLAYBACK_ONSET 67.wav
1520592134303125 AUDIO_PLAYBACK_DONE 67.wav
1520592135303083 AUDIO_PLAYBACK_ONSET 68.wav
1520592136279596 AUDIO_PLAYBACK_DONE 68.wav
1520592137279555 AUDIO_PLAYBACK_ONSET 69.wav
1520592138576373 AUDIO_PLAYBACK_DONE 69.wav
1520592139576331 AUDIO_PLAYBACK_ONSET 70.wav
1520592141107517 AUDIO_PLAYBACK_DONE 70.wav
1520592142107476 AUDIO_PLAYBACK_ONSET 71.wav
1520592143107413 AUDIO_PLAYBACK_DONE 71.wav
1520592144107372 AUDIO_PLAYBACK_ONSET 72.wav
1520592145591666 AUDIO_PLAYBACK_DONE 72.wav
1520592146591625 AUDIO_PLAYBACK_ONSET 73.wav
1520592147982180 AUDIO_PLAYBACK_DONE 73.wav
1520592148982139 AUDIO_PLAYBACK_ONSET 74.wav
1520592150169574 AUDIO_PLAYBACK_DONE 74.wav
1520592149960652 KEY_PRESS l
1520592151169533 AUDIO_PLAYBACK_ONSET 75.wav
1520592152169469 AUDIO_PLAYBACK_DONE 75.wav
1520592150552591 KEY_PRESS l
1520592153169428 AUDIO_PLAYBACK_ONSET 76.wav
1520592154481869 AUDIO_PLAYBACK_DONE 76.wav
1520592155481828 AUDIO_PLAYBACK_ONSET 77.wav
1520592156528655 AUDIO_PLAYBACK_DONE 77.wav
1520592157528614 AUDIO_PLAYBACK_ONSET 78.wav
1520592158950417 AUDIO_PLAYBACK_DONE 78.wav
1520592159950376 AUDIO_PLAYBACK_ONSET 79.wav
1520592161262819 AUDIO_PLAYBACK_DONE 79.wav
1520592162262777 AUDIO_PLAYBACK_ONSET 80.wav
1520592163481458 AUDIO_PLAYBACK_DONE 80.wav
1520592164481417 AUDIO_PLAYBACK_ONSET 81.wav
1520592165668853 AUDIO_PLAYBACK_DONE 81.wav
1520592166668812 AUDIO_PLAYBACK_ONSET 82.wav
1520592167950008 AUDIO_PLAYBACK_DONE 82.wav
1520592168949967 AUDIO_PLAYBACK_ONSET 83.wav
1520592170637381 AUDIO_PLAYBACK_DONE 83.wav
1520592171637340 AUDIO_PLAYBACK_ONSET 84.wav
1520592172887268 AUDIO_PLAYBACK_DONE 84.wav
1520592173887226 AUDIO_PLAYBACK_ONSET 85.wav
1520592175230936 AUDIO_PLAYBACK_DONE 85.wav
1520592175151464 KEY_PRESS l
1520592176230895 AUDIO_PLAYBACK_ONSET 86.wav
1520592177543339 AUDIO_PLAYBACK_DONE 86.wav
1520592175535564 KEY_PRESS l
1520592178543297 AUDIO_PLAYBACK_ONSET 87.wav
1520592179652618 AUDIO_PLAYBACK_DONE 87.wav
1520592180652577 AUDIO_PLAYBACK_ONSET 88.wav
1520592181871282 AUDIO_PLAYBACK_DONE 88.wav
1520592182871241 AUDIO_PLAYBACK_ONSET 89.wav
1520592183800888 AUDIO_PLAYBACK_DONE 89.wav
1520592184800847 AUDIO_PLAYBACK_ONSET 90.wav
1520592186191404 AUDIO_PLAYBACK_DONE 90.wav
1520592187191363 AUDIO_PLAYBACK_ONSET 91.wav
1520592188097563 AUDIO_PLAYBACK_DONE 91.wav
1520592189097522 AUDIO_PLAYBACK_ONSET 92.wav
1520592190347449 AUDIO_PLAYBACK_DONE 92.wav
1520592191347408 AUDIO_PLAYBACK_ONSET 93.wav
1520592192862968 AUDIO_PLAYBACK_DONE 93.wav
1520592193862927 AUDIO_PLAYBACK_ONSET 94.wav
1520592195081610 AUDIO_PLAYBACK_DONE 94.wav
1520592196081569 AUDIO_PLAYBACK_ONSET 95.wav
1520592197354942 AUDIO_PLAYBACK_DONE 95.wav
1520592198354901 AUDIO_PLAYBACK_ONSET 96.wav
1520592199706386 AUDIO_PLAYBACK_DONE 96.wav
1520592200706345 AUDIO_PLAYBACK_ONSET 97.wav
1520592202358638 AUDIO_PLAYBACK_DONE 97.wav
1520592203358597 AUDIO_PLAYBACK_ONSET 98.wav
1520592204706184 AUDIO_PLAYBACK_DONE 98.wav
1520592205706143 AUDIO_PLAYBACK_ONSET 99.wav
1520592206799840 AUDIO_PLAYBACK_DONE 99.wav
1520592207799799 AUDIO_PLAYBACK_ONSET 100.wav
1520592208674752 AUDIO_PLAYBACK_DONE 100.wav
1520592209674711 AUDIO_PLAYBACK_ONSET 101.wav
1520592210909014 AUDIO_PLAYBACK_DONE 101.wav
1520592211908972 AUDIO_PLAYBACK_ONSET 102.wav
1520592213502648 AUDIO_PLAYBACK_DONE 102.wav
1520592214502607 AUDIO_PLAYBACK_ONSET 103.wav
1520592215893162 AUDIO_PLAYBACK_DONE 103.wav
1520592216893121 AUDIO_PLAYBACK_ONSET 104.wav
1520592218518043 AUDIO_PLAYBACK_DONE 104.wav
1520592219518002 AUDIO_PLAYBACK_ONSET 105.wav
1520592220732784 AUDIO_PLAYBACK_DONE 105.wav
1520592221732743 AUDIO_PLAYBACK_ONSET 106.wav
1520592222951423 AUDIO_PLAYBACK_DONE 106.wav
1520592223951382 AUDIO_PLAYBACK_ONSET 107.wav
1520592225115395 AUDIO_PLAYBACK_DONE 107.wav
1520592226115354 AUDIO_PLAYBACK_ONSET 108.wav
1520592227599646 AUDIO_PLAYBACK_DONE 108.wav
1520592228599605 AUDIO_PLAYBACK_ONSET 109.wav
1520592230044853 AUDIO_PLAYBACK_DONE 109.wav
1520592231044812 AUDIO_PLAYBACK_ONSET 110.wav
1520592232575998 AUDIO_PLAYBACK_DONE 110.wav
1520592233575957 AUDIO_PLAYBACK_ONSET 111.wav
1520592234857152 AUDIO_PLAYBACK_DONE 111.wav
1520592235857110 AUDIO_PLAYBACK_ONSET 112.wav
1520592236794555 AUDIO_PLAYBACK_DONE 112.wav
1520592237794514 AUDIO_PLAYBACK_ONSET 113.wav
1520592239013194 AUDIO_PLAYBACK_DONE 113.wav
1520592240013153 AUDIO_PLAYBACK_ONSET 114.wav
1520592241247456 AUDIO_PLAYBACK_DONE 114.wav
1520592242247415 AUDIO_PLAYBACK_ONSET 115.wav
1520592244044212 AUDIO_PLAYBACK_DONE 115.wav
1520592245044171 AUDIO_PLAYBACK_ONSET 116.wav
1520592246106623 AUDIO_PLAYBACK_DONE 116.wav
1520592247106582 AUDIO_PLAYBACK_ONSET 117.wav
1520592248481514 AUDIO_PLAYBACK_DONE 117.wav
1520592249481473 AUDIO_PLAYBACK_ONSET 118.wav
1520592250981411 AUDIO_PLAYBACK_DONE 118.wav
1520592251981370 AUDIO_PLAYBACK_ONSET 119.wav
1520592253137558 AUDIO_PLAYBACK_DONE 119.wav
1520592254137517 AUDIO_PLAYBACK_ONSET 120.wav
1520592255434336 AUDIO_PLAYBACK_DONE 120.wav
1520592256434294 AUDIO_PLAYBACK_ONSET 121.wav
1520592257871717 AUDIO_PLAYBACK_DONE 121.wav
1520592258871676 AUDIO_PLAYBACK_ONSET 122.wav
1520592260059112 AUDIO_PLAYBACK_DONE 122.wav
1520592261059071 AUDIO_PLAYBACK_ONSET 123.wav
1520592262355888 AUDIO_PLAYBACK_DONE 123.wav
1520592263355847 AUDIO_PLAYBACK_ONSET 124.wav
1520592264340161 AUDIO_PLAYBACK_DONE 124.wav
1520592265340119 AUDIO_PLAYBACK_ONSET 125.wav
1520592266465066 AUDIO_PLAYBACK_DONE 125.wav
1520592267465025 AUDIO_PLAYBACK_ONSET 126.wav
1520592268855581 AUDIO_PLAYBACK_DONE 126.wav
1520592269855539 AUDIO_PLAYBACK_ONSET 127.wav
1520592271035173 AUDIO_PLAYBACK_DONE 127.wav
1520592272035132 AUDIO_PLAYBACK_ONSET 128.wav
1520592273347595 AUDIO_PLAYBACK_DONE 128.wav
1520592274347554 AUDIO_PLAYBACK_ONSET 129.wav
1520592275472498 AUDIO_PLAYBACK_DONE 129.wav
1520592276472457 AUDIO_PLAYBACK_ONSET 130.wav
1520592277784922 AUDIO_PLAYBACK_DONE 130.wav
1520592278784880 AUDIO_PLAYBACK_ONSET 131.wav
1520592279659832 AUDIO_PLAYBACK_DONE 131.wav
1520592280659791 AUDIO_PLAYBACK_ONSET 132.wav
1520592282272991 AUDIO_PLAYBACK_DONE 132.wav
1520592283272949 AUDIO_PLAYBACK_ONSET 133.wav
1520592284601015 AUDIO_PLAYBACK_DONE 133.wav
1520592285600973 AUDIO_PLAYBACK_ONSET 134.wav
1520592286389988 AUDIO_PLAYBACK_DONE 134.wav
1520592287389947 AUDIO_PLAYBACK_ONSET 135.wav
1520592288440674 AUDIO_PLAYBACK_DONE 135.wav
1520592289440633 AUDIO_PLAYBACK_ONSET 136.wav
1520592291057736 AUDIO_PLAYBACK_DONE 136.wav
1520592292057694 AUDIO_PLAYBACK_ONSET 137.wav
1520592293479498 AUDIO_PLAYBACK_DONE 137.wav
1520592294479457 AUDIO_PLAYBACK_ONSET 138.wav
1520592295682514 AUDIO_PLAYBACK_DONE 138.wav
1520592296682473 AUDIO_PLAYBACK_ONSET 139.wav
1520592297862107 AUDIO_PLAYBACK_DONE 139.wav
1520592298862066 AUDIO_PLAYBACK_ONSET 140.wav
1520592300143260 AUDIO_PLAYBACK_DONE 140.wav
1520592301143219 AUDIO_PLAYBACK_ONSET 141.wav
1520592302213470 AUDIO_PLAYBACK_DONE 141.wav
1520592303213429 AUDIO_PLAYBACK_ONSET 142.wav
1520592304658701 AUDIO_PLAYBACK_DONE 142.wav
1520592305658660 AUDIO_PLAYBACK_ONSET 143.wav
1520592306775780 AUDIO_PLAYBACK_DONE 143.wav
1520592307775739 AUDIO_PLAYBACK_ONSET 144.wav
1520592309088178 AUDIO_PLAYBACK_DONE 144.wav
1520592310088136 AUDIO_PLAYBACK_ONSET 145.wav
1520592311478692 AUDIO_PLAYBACK_DONE 145.wav
1520592312478651 AUDIO_PLAYBACK_ONSET 146.wav
1520592313853582 AUDIO_PLAYBACK_DONE 146.wav
1520592314853541 AUDIO_PLAYBACK_ONSET 147.wav
1520592316205028 AUDIO_PLAYBACK_DONE 147.wav
1520592317204987 AUDIO_PLAYBACK_ONSET 148.wav
1520592318470560 AUDIO_PLAYBACK_DONE 148.wav
1520592319470519 AUDIO_PLAYBACK_ONSET 149.wav
1520592320626707 AUDIO_PLAYBACK_DONE 149.wav
1520592318577676 KEY_PRESS l
1520592319041647 KEY_PRESS l
1520592321626666 AUDIO_PLAYBACK_ONSET 150.wav
1520592322876594 AUDIO_PLAYBACK_DONE 150.wav
1520592323876553 AUDIO_PLAYBACK_ONSET 151.wav
1520592324907760 AUDIO_PLAYBACK_DONE 151.wav
1520592325907718 AUDIO_PLAYBACK_ONSET 152.wav
1520592326970171 AUDIO_PLAYBACK_DONE 152.wav
