1520592847824995 CHEETAH_SIGNAL SENT_AFTER_TIME 132001.813871
1520592850895878 CHEETAH_SIGNAL SENT_AFTER_TIME 132004.884826
1520592850958477 CHEETAH_SIGNAL SENT_AFTER_TIME 132004.947273
1520592850956737 DISPLAY_INSTRUCTIONS Stimuli/instructions_audio_sentences.png
1520592870479067 KEY_PRESS space
1520592870480176 CHEETAH_SIGNAL SENT_AFTER_TIME 132024.469919
1520592870579858 CHEETAH_SIGNAL SENT_AFTER_TIME 132024.569508
1520592870578293 DISPLAY_INSTRUCTIONS OFF
1520592870625308 CHEETAH_SIGNAL SENT_AFTER_TIME 132024.614954
1520592870658620 CHEETAH_SIGNAL SENT_AFTER_TIME 132024.648347
1520592870714051 CHEETAH_SIGNAL SENT_AFTER_TIME 132024.703707
1520592870712478 DISPLAY_FIXATION
1520592873965627 AUDIO_PLAYBACK_ONSET 8.wav
1520592875145283 AUDIO_PLAYBACK_DONE 8.wav
1520592870476818 KEY_PRESS space
1520592870852789 KEY_PRESS space
1520592876145242 AUDIO_PLAYBACK_ONSET 64.wav
1520592877129561 AUDIO_PLAYBACK_DONE 64.wav
1520592875548715 KEY_PRESS F12
1520592875612715 KEY_PRESS l
1520592875652715 KEY_PRESS F12
1520592875868584 KEY_PRESS l
1520592878129520 AUDIO_PLAYBACK_ONSET 134.wav
1520592878918542 AUDIO_PLAYBACK_DONE 134.wav
1520592879918501 AUDIO_PLAYBACK_ONSET 44.wav
1520592881105935 AUDIO_PLAYBACK_DONE 44.wav
1520592880916499 KEY_PRESS l
1520592882105893 AUDIO_PLAYBACK_ONSET 46.wav
1520592883168347 AUDIO_PLAYBACK_DONE 46.wav
1520592881204486 KEY_PRESS l
1520592884168305 AUDIO_PLAYBACK_ONSET 99.wav
1520592885262006 AUDIO_PLAYBACK_DONE 99.wav
1520592886261965 AUDIO_PLAYBACK_ONSET 125.wav
1520592887386911 AUDIO_PLAYBACK_DONE 125.wav
1520592888386870 AUDIO_PLAYBACK_ONSET 139.wav
1520592889566506 AUDIO_PLAYBACK_DONE 139.wav
1520592890566465 AUDIO_PLAYBACK_ONSET 146.wav
1520592891941397 AUDIO_PLAYBACK_DONE 146.wav
1520592892941356 AUDIO_PLAYBACK_ONSET 59.wav
1520592894245977 AUDIO_PLAYBACK_DONE 59.wav
1520592895245936 AUDIO_PLAYBACK_ONSET 121.wav
1520592896683363 AUDIO_PLAYBACK_DONE 121.wav
1520592897683321 AUDIO_PLAYBACK_ONSET 1.wav
1520592898558277 AUDIO_PLAYBACK_DONE 1.wav
1520592899558236 AUDIO_PLAYBACK_ONSET 144.wav
1520592900870679 AUDIO_PLAYBACK_DONE 144.wav
1520592901870638 AUDIO_PLAYBACK_ONSET 60.wav
1520592903651816 AUDIO_PLAYBACK_DONE 60.wav
1520592904651775 AUDIO_PLAYBACK_ONSET 27.wav
1520592906339194 AUDIO_PLAYBACK_DONE 27.wav
1520592903627571 KEY_PRESS l
1520592904603520 KEY_PRESS l
1520592907339152 AUDIO_PLAYBACK_ONSET 93.wav
1520592908854717 AUDIO_PLAYBACK_DONE 93.wav
1520592909854676 AUDIO_PLAYBACK_ONSET 122.wav
1520592911042114 AUDIO_PLAYBACK_DONE 122.wav
1520592912042073 AUDIO_PLAYBACK_ONSET 138.wav
1520592913245133 AUDIO_PLAYBACK_DONE 138.wav
1520592914245092 AUDIO_PLAYBACK_ONSET 56.wav
1520592916026269 AUDIO_PLAYBACK_DONE 56.wav
1520592917026228 AUDIO_PLAYBACK_ONSET 128.wav
1520592918338674 AUDIO_PLAYBACK_DONE 128.wav
1520592919338633 AUDIO_PLAYBACK_ONSET 92.wav
1520592920588562 AUDIO_PLAYBACK_DONE 92.wav
1520592921588521 AUDIO_PLAYBACK_ONSET 71.wav
1520592922588460 AUDIO_PLAYBACK_DONE 71.wav
1520592923588419 AUDIO_PLAYBACK_ONSET 6.wav
1520592924814924 AUDIO_PLAYBACK_DONE 6.wav
1520592925814883 AUDIO_PLAYBACK_ONSET 104.wav
1520592927439808 AUDIO_PLAYBACK_DONE 104.wav
1520592928439767 AUDIO_PLAYBACK_ONSET 131.wav
1520592929314723 AUDIO_PLAYBACK_DONE 131.wav
1520592930314682 AUDIO_PLAYBACK_ONSET 12.wav
1520592931720863 AUDIO_PLAYBACK_DONE 12.wav
1520592932720821 AUDIO_PLAYBACK_ONSET 35.wav
1520592934283257 AUDIO_PLAYBACK_DONE 35.wav
1520592935283216 AUDIO_PLAYBACK_ONSET 41.wav
1520592936509720 AUDIO_PLAYBACK_DONE 41.wav
1520592937509679 AUDIO_PLAYBACK_ONSET 148.wav
1520592938775255 AUDIO_PLAYBACK_DONE 148.wav
1520592939775214 AUDIO_PLAYBACK_ONSET 14.wav
1520592941118903 AUDIO_PLAYBACK_DONE 14.wav
1520592938890132 KEY_PRESS l
1520592939202093 KEY_PRESS l
1520592942118862 AUDIO_PLAYBACK_ONSET 25.wav
1520592943618781 AUDIO_PLAYBACK_DONE 25.wav
1520592944618740 AUDIO_PLAYBACK_ONSET 40.wav
1520592946056168 AUDIO_PLAYBACK_DONE 40.wav
1520592947056127 AUDIO_PLAYBACK_ONSET 136.wav
1520592948673230 AUDIO_PLAYBACK_DONE 136.wav
1520592949673189 AUDIO_PLAYBACK_ONSET 73.wav
1520592951063747 AUDIO_PLAYBACK_DONE 73.wav
1520592952063705 AUDIO_PLAYBACK_ONSET 76.wav
1520592953376149 AUDIO_PLAYBACK_DONE 76.wav
1520592954376108 AUDIO_PLAYBACK_ONSET 86.wav
1520592955688552 AUDIO_PLAYBACK_DONE 86.wav
1520592956688511 AUDIO_PLAYBACK_ONSET 57.wav
1520592957922818 AUDIO_PLAYBACK_DONE 57.wav
1520592955817419 KEY_PRESS l
1520592956569380 KEY_PRESS l
1520592957673326 KEY_PRESS l
1520592958922777 AUDIO_PLAYBACK_ONSET 23.wav
1520592960422697 AUDIO_PLAYBACK_DONE 23.wav
1520592958049317 KEY_PRESS l
1520592961422656 AUDIO_PLAYBACK_ONSET 39.wav
1520592963297571 AUDIO_PLAYBACK_DONE 39.wav
1520592964297530 AUDIO_PLAYBACK_ONSET 52.wav
1520592965547479 AUDIO_PLAYBACK_DONE 52.wav
1520592966547437 AUDIO_PLAYBACK_ONSET 42.wav
1520592967703631 AUDIO_PLAYBACK_DONE 42.wav
1520592968703590 AUDIO_PLAYBACK_ONSET 145.wav
1520592970094147 AUDIO_PLAYBACK_DONE 145.wav
1520592971094106 AUDIO_PLAYBACK_ONSET 109.wav
1520592972539357 AUDIO_PLAYBACK_DONE 109.wav
1520592973539316 AUDIO_PLAYBACK_ONSET 96.wav
1520592974890806 AUDIO_PLAYBACK_DONE 96.wav
1520592975890764 AUDIO_PLAYBACK_ONSET 129.wav
1520592977015711 AUDIO_PLAYBACK_DONE 129.wav
1520592978015670 AUDIO_PLAYBACK_ONSET 33.wav
1520592979156239 AUDIO_PLAYBACK_DONE 33.wav
1520592980156198 AUDIO_PLAYBACK_ONSET 38.wav
1520592981437395 AUDIO_PLAYBACK_DONE 38.wav
1520592982437354 AUDIO_PLAYBACK_ONSET 87.wav
1520592983546676 AUDIO_PLAYBACK_DONE 87.wav
1520592984546635 AUDIO_PLAYBACK_ONSET 108.wav
1520592986030932 AUDIO_PLAYBACK_DONE 108.wav
1520592987030891 AUDIO_PLAYBACK_ONSET 80.wav
1520592988249573 AUDIO_PLAYBACK_DONE 80.wav
1520592989249532 AUDIO_PLAYBACK_ONSET 48.wav
1520592990421347 AUDIO_PLAYBACK_DONE 48.wav
1520592991421305 AUDIO_PLAYBACK_ONSET 7.wav
1520592992515005 AUDIO_PLAYBACK_DONE 7.wav
1520592993514964 AUDIO_PLAYBACK_ONSET 28.wav
1520592995014881 AUDIO_PLAYBACK_DONE 28.wav
1520592996014840 AUDIO_PLAYBACK_ONSET 13.wav
1520592997858512 AUDIO_PLAYBACK_DONE 13.wav
1520592998858471 AUDIO_PLAYBACK_ONSET 94.wav
1520593000077155 AUDIO_PLAYBACK_DONE 94.wav
1520593001077113 AUDIO_PLAYBACK_ONSET 142.wav
1520593002522364 AUDIO_PLAYBACK_DONE 142.wav
1520593003522323 AUDIO_PLAYBACK_ONSET 135.wav
1520593004573053 AUDIO_PLAYBACK_DONE 135.wav
1520593005573012 AUDIO_PLAYBACK_ONSET 79.wav
1520593006885455 AUDIO_PLAYBACK_DONE 79.wav
1520593007885414 AUDIO_PLAYBACK_ONSET 78.wav
1520593009307220 AUDIO_PLAYBACK_DONE 78.wav
1520593010307179 AUDIO_PLAYBACK_ONSET 111.wav
1520593011588377 AUDIO_PLAYBACK_DONE 111.wav
1520593012588336 AUDIO_PLAYBACK_ONSET 91.wav
1520593013494537 AUDIO_PLAYBACK_DONE 91.wav
1520593014494495 AUDIO_PLAYBACK_ONSET 150.wav
1520593015744425 AUDIO_PLAYBACK_DONE 150.wav
1520593016744384 AUDIO_PLAYBACK_ONSET 2.wav
1520593018166188 AUDIO_PLAYBACK_DONE 2.wav
1520593019166147 AUDIO_PLAYBACK_ONSET 117.wav
1520593020541081 AUDIO_PLAYBACK_DONE 117.wav
1520593021541040 AUDIO_PLAYBACK_ONSET 120.wav
1520593022837862 AUDIO_PLAYBACK_DONE 120.wav
1520593023837820 AUDIO_PLAYBACK_ONSET 83.wav
1520593025525235 AUDIO_PLAYBACK_DONE 83.wav
1520593026525194 AUDIO_PLAYBACK_ONSET 147.wav
1520593027876686 AUDIO_PLAYBACK_DONE 147.wav
1520593028876645 AUDIO_PLAYBACK_ONSET 30.wav
1520593030376563 AUDIO_PLAYBACK_DONE 30.wav
1520593031376522 AUDIO_PLAYBACK_ONSET 112.wav
1520593032313968 AUDIO_PLAYBACK_DONE 112.wav
1520593033313927 AUDIO_PLAYBACK_ONSET 61.wav
1520593034813846 AUDIO_PLAYBACK_DONE 61.wav
1520593035813805 AUDIO_PLAYBACK_ONSET 116.wav
1520593036876260 AUDIO_PLAYBACK_DONE 116.wav
1520593037876219 AUDIO_PLAYBACK_ONSET 102.wav
1520593039469898 AUDIO_PLAYBACK_DONE 102.wav
1520593040469857 AUDIO_PLAYBACK_ONSET 15.wav
1520593041532311 AUDIO_PLAYBACK_DONE 15.wav
1520593042532270 AUDIO_PLAYBACK_ONSET 72.wav
1520593044016565 AUDIO_PLAYBACK_DONE 72.wav
1520593045016524 AUDIO_PLAYBACK_ONSET 110.wav
1520593046547712 AUDIO_PLAYBACK_DONE 110.wav
1520593046197697 KEY_PRESS l
1520593047547671 AUDIO_PLAYBACK_ONSET 49.wav
1520593048813246 AUDIO_PLAYBACK_DONE 49.wav
1520593046597662 KEY_PRESS l
1520593048701575 KEY_PRESS l
1520593049813205 AUDIO_PLAYBACK_ONSET 32.wav
1520593051047513 AUDIO_PLAYBACK_DONE 32.wav
1520593049061562 KEY_PRESS l
1520593052047472 AUDIO_PLAYBACK_ONSET 137.wav
1520593053469277 AUDIO_PLAYBACK_DONE 137.wav
1520593054469236 AUDIO_PLAYBACK_ONSET 65.wav
1520593055844172 AUDIO_PLAYBACK_DONE 65.wav
1520593056844131 AUDIO_PLAYBACK_ONSET 126.wav
1520593058234690 AUDIO_PLAYBACK_DONE 126.wav
1520593059234649 AUDIO_PLAYBACK_ONSET 4.wav
1520593060291230 AUDIO_PLAYBACK_DONE 4.wav
1520593061291189 AUDIO_PLAYBACK_ONSET 3.wav
1520593062783307 AUDIO_PLAYBACK_DONE 3.wav
1520593062701015 KEY_PRESS l
1520593063783266 AUDIO_PLAYBACK_ONSET 24.wav
1520593065376947 AUDIO_PLAYBACK_DONE 24.wav
1520593063092979 KEY_PRESS l
1520593064700923 KEY_PRESS l
1520593064988796 KEY_PRESS l
1520593066376905 AUDIO_PLAYBACK_ONSET 29.wav
1520593067876824 AUDIO_PLAYBACK_DONE 29.wav
1520593068876783 AUDIO_PLAYBACK_ONSET 114.wav
1520593070111089 AUDIO_PLAYBACK_DONE 114.wav
1520593071111048 AUDIO_PLAYBACK_ONSET 22.wav
1520593072267240 AUDIO_PLAYBACK_DONE 22.wav
1520593073267198 AUDIO_PLAYBACK_ONSET 17.wav
1520593074267138 AUDIO_PLAYBACK_DONE 17.wav
1520593075267097 AUDIO_PLAYBACK_ONSET 37.wav
1520593076360797 AUDIO_PLAYBACK_DONE 37.wav
1520593077360756 AUDIO_PLAYBACK_ONSET 19.wav
1520593078391964 AUDIO_PLAYBACK_DONE 19.wav
1520593079391923 AUDIO_PLAYBACK_ONSET 88.wav
1520593080610606 AUDIO_PLAYBACK_DONE 88.wav
1520593081610565 AUDIO_PLAYBACK_ONSET 143.wav
1520593082727688 AUDIO_PLAYBACK_DONE 143.wav
1520593083727647 AUDIO_PLAYBACK_ONSET 98.wav
1520593085075236 AUDIO_PLAYBACK_DONE 98.wav
1520593086075195 AUDIO_PLAYBACK_ONSET 124.wav
1520593087059511 AUDIO_PLAYBACK_DONE 124.wav
1520593088059470 AUDIO_PLAYBACK_ONSET 36.wav
1520593089309401 AUDIO_PLAYBACK_DONE 36.wav
1520593090309360 AUDIO_PLAYBACK_ONSET 53.wav
1520593091809280 AUDIO_PLAYBACK_DONE 53.wav
1520593092809239 AUDIO_PLAYBACK_ONSET 18.wav
1520593094309158 AUDIO_PLAYBACK_DONE 18.wav
1520593095309117 AUDIO_PLAYBACK_ONSET 34.wav
1520593096684052 AUDIO_PLAYBACK_DONE 34.wav
1520593094883689 KEY_PRESS [{
1520593095539643 KEY_PRESS [{
1520593097684011 AUDIO_PLAYBACK_ONSET 84.wav
1520593098933940 AUDIO_PLAYBACK_DONE 84.wav
1520593097195589 KEY_PRESS l
1520593097611562 KEY_PRESS l
1520593099933898 AUDIO_PLAYBACK_ONSET 127.wav
1520593101113535 AUDIO_PLAYBACK_DONE 127.wav
1520593102113494 AUDIO_PLAYBACK_ONSET 152.wav
1520593103175949 AUDIO_PLAYBACK_DONE 152.wav
1520593104175908 AUDIO_PLAYBACK_ONSET 20.wav
1520593105394593 AUDIO_PLAYBACK_DONE 20.wav
1520593106394552 AUDIO_PLAYBACK_ONSET 82.wav
1520593107675751 AUDIO_PLAYBACK_DONE 82.wav
1520593108675710 AUDIO_PLAYBACK_ONSET 119.wav
1520593109831902 AUDIO_PLAYBACK_DONE 119.wav
1520593110831861 AUDIO_PLAYBACK_ONSET 70.wav
1520593112363051 AUDIO_PLAYBACK_DONE 70.wav
1520593113363010 AUDIO_PLAYBACK_ONSET 58.wav
1520593114589513 AUDIO_PLAYBACK_DONE 58.wav
1520593115589472 AUDIO_PLAYBACK_ONSET 11.wav
1520593116542543 AUDIO_PLAYBACK_DONE 11.wav
1520593117542502 AUDIO_PLAYBACK_ONSET 105.wav
1520593118757286 AUDIO_PLAYBACK_DONE 105.wav
1520593119757244 AUDIO_PLAYBACK_ONSET 10.wav
1520593120882190 AUDIO_PLAYBACK_DONE 10.wav
1520593121882149 AUDIO_PLAYBACK_ONSET 118.wav
1520593123382089 AUDIO_PLAYBACK_DONE 118.wav
1520593124382048 AUDIO_PLAYBACK_ONSET 100.wav
1520593125257024 AUDIO_PLAYBACK_DONE 100.wav
1520593126256983 AUDIO_PLAYBACK_ONSET 97.wav
1520593127909273 AUDIO_PLAYBACK_DONE 97.wav
1520593128909232 AUDIO_PLAYBACK_ONSET 123.wav
1520593130206054 AUDIO_PLAYBACK_DONE 123.wav
1520593131206013 AUDIO_PLAYBACK_ONSET 31.wav
1520593132455939 AUDIO_PLAYBACK_DONE 31.wav
1520593133455898 AUDIO_PLAYBACK_ONSET 89.wav
1520593134385543 AUDIO_PLAYBACK_DONE 89.wav
1520593135385501 AUDIO_PLAYBACK_ONSET 16.wav
1520593136854172 AUDIO_PLAYBACK_DONE 16.wav
1520593137854131 AUDIO_PLAYBACK_ONSET 130.wav
1520593139166577 AUDIO_PLAYBACK_DONE 130.wav
1520593140166535 AUDIO_PLAYBACK_ONSET 5.wav
1520593141629359 AUDIO_PLAYBACK_DONE 5.wav
1520593142629318 AUDIO_PLAYBACK_ONSET 95.wav
1520593143902693 AUDIO_PLAYBACK_DONE 95.wav
1520593144902652 AUDIO_PLAYBACK_ONSET 74.wav
1520593146090090 AUDIO_PLAYBACK_DONE 74.wav
1520593147090049 AUDIO_PLAYBACK_ONSET 107.wav
1520593148254063 AUDIO_PLAYBACK_DONE 107.wav
1520593149254022 AUDIO_PLAYBACK_ONSET 103.wav
1520593150644582 AUDIO_PLAYBACK_DONE 103.wav
1520593148905461 KEY_PRESS l
1520593149145419 KEY_PRESS l
1520593151644540 AUDIO_PLAYBACK_ONSET 68.wav
1520593152621057 AUDIO_PLAYBACK_DONE 68.wav
1520593153621016 AUDIO_PLAYBACK_ONSET 62.wav
1520593155089688 AUDIO_PLAYBACK_DONE 62.wav
1520593156089647 AUDIO_PLAYBACK_ONSET 90.wav
1520593157480226 AUDIO_PLAYBACK_DONE 90.wav
1520593158480185 AUDIO_PLAYBACK_ONSET 21.wav
1520593159448879 AUDIO_PLAYBACK_DONE 21.wav
1520593160448837 AUDIO_PLAYBACK_ONSET 66.wav
1520593161659741 AUDIO_PLAYBACK_DONE 66.wav
1520593162659699 AUDIO_PLAYBACK_ONSET 50.wav
1520593163761198 AUDIO_PLAYBACK_DONE 50.wav
1520593164761157 AUDIO_PLAYBACK_ONSET 81.wav
1520593165948593 AUDIO_PLAYBACK_DONE 81.wav
1520593166948552 AUDIO_PLAYBACK_ONSET 69.wav
1520593168245369 AUDIO_PLAYBACK_DONE 69.wav
1520593169245328 AUDIO_PLAYBACK_ONSET 132.wav
1520593170858529 AUDIO_PLAYBACK_DONE 132.wav
1520593171858488 AUDIO_PLAYBACK_ONSET 77.wav
1520593172905318 AUDIO_PLAYBACK_DONE 77.wav
1520593173905277 AUDIO_PLAYBACK_ONSET 51.wav
1520593175248987 AUDIO_PLAYBACK_DONE 51.wav
1520593176248945 AUDIO_PLAYBACK_ONSET 26.wav
1520593177608276 AUDIO_PLAYBACK_DONE 26.wav
1520593178608235 AUDIO_PLAYBACK_ONSET 67.wav
1520593179530080 AUDIO_PLAYBACK_DONE 67.wav
1520593180530039 AUDIO_PLAYBACK_ONSET 101.wav
1520593181764346 AUDIO_PLAYBACK_DONE 101.wav
1520593182764305 AUDIO_PLAYBACK_ONSET 133.wav
1520593184092392 AUDIO_PLAYBACK_DONE 133.wav
1520593185092351 AUDIO_PLAYBACK_ONSET 106.wav
1520593186311034 AUDIO_PLAYBACK_DONE 106.wav
1520593187310992 AUDIO_PLAYBACK_ONSET 75.wav
1520593188310952 AUDIO_PLAYBACK_DONE 75.wav
1520593189310911 AUDIO_PLAYBACK_ONSET 140.wav
1520593190592108 AUDIO_PLAYBACK_DONE 140.wav
1520593191592067 AUDIO_PLAYBACK_ONSET 54.wav
1520593192841994 AUDIO_PLAYBACK_DONE 54.wav
1520593193841953 AUDIO_PLAYBACK_ONSET 85.wav
1520593195185662 AUDIO_PLAYBACK_DONE 85.wav
1520593196185621 AUDIO_PLAYBACK_ONSET 115.wav
1520593197982443 AUDIO_PLAYBACK_DONE 115.wav
1520593198982401 AUDIO_PLAYBACK_ONSET 9.wav
1520593200232332 AUDIO_PLAYBACK_DONE 9.wav
1520593201232291 AUDIO_PLAYBACK_ONSET 43.wav
1520593202482217 AUDIO_PLAYBACK_DONE 43.wav
1520593203482176 AUDIO_PLAYBACK_ONSET 151.wav
1520593204513401 AUDIO_PLAYBACK_DONE 151.wav
1520593205513360 AUDIO_PLAYBACK_ONSET 45.wav
1520593206607060 AUDIO_PLAYBACK_DONE 45.wav
1520593207607019 AUDIO_PLAYBACK_ONSET 47.wav
1520593208841341 AUDIO_PLAYBACK_DONE 47.wav
1520593209841300 AUDIO_PLAYBACK_ONSET 141.wav
1520593210911575 AUDIO_PLAYBACK_DONE 141.wav
1520593211911534 AUDIO_PLAYBACK_ONSET 55.wav
1520593213098971 AUDIO_PLAYBACK_DONE 55.wav
1520593214098929 AUDIO_PLAYBACK_ONSET 149.wav
1520593215255122 AUDIO_PLAYBACK_DONE 149.wav
1520593216255081 AUDIO_PLAYBACK_ONSET 113.wav
1520593217473765 AUDIO_PLAYBACK_DONE 113.wav
1520593218473724 AUDIO_PLAYBACK_ONSET 63.wav
1520593219637756 AUDIO_PLAYBACK_DONE 63.wav
