1520593697698885 CHEETAH_SIGNAL SENT_AFTER_TIME 132851.699738
1520593700938122 CHEETAH_SIGNAL SENT_AFTER_TIME 132854.939102
1520593701001448 CHEETAH_SIGNAL SENT_AFTER_TIME 132855.002274
1520593700999668 DISPLAY_INSTRUCTIONS Stimuli/instructions_audio_sentences.png
1520593719140713 KEY_PRESS space
1520593719142048 CHEETAH_SIGNAL SENT_AFTER_TIME 132873.143699
1520593719240007 CHEETAH_SIGNAL SENT_AFTER_TIME 132873.241608
1520593719238376 DISPLAY_INSTRUCTIONS OFF
1520593719285368 CHEETAH_SIGNAL SENT_AFTER_TIME 132873.286993
1520593719318747 CHEETAH_SIGNAL SENT_AFTER_TIME 132873.320454
1520593719373048 CHEETAH_SIGNAL SENT_AFTER_TIME 132873.374689
1520593719371483 DISPLAY_FIXATION
1520593722623252 AUDIO_PLAYBACK_ONSET 44.wav
1520593723810709 AUDIO_PLAYBACK_DONE 44.wav
1520593719136826 KEY_PRESS space
1520593719400951 KEY_PRESS space
1520593721288868 KEY_PRESS l
1520593721464860 KEY_PRESS l
1520593724810668 AUDIO_PLAYBACK_ONSET 125.wav
1520593725935635 AUDIO_PLAYBACK_DONE 125.wav
1520593724208767 KEY_PRESS l
1520593724536724 KEY_PRESS l
1520593726935594 AUDIO_PLAYBACK_ONSET 86.wav
1520593728248042 AUDIO_PLAYBACK_DONE 86.wav
1520593729248000 AUDIO_PLAYBACK_ONSET 9.wav
1520593730497934 AUDIO_PLAYBACK_DONE 9.wav
1520593728264596 KEY_PRESS l
1520593728568557 KEY_PRESS l
1520593730352363 KEY_PRESS l
1520593731497893 AUDIO_PLAYBACK_ONSET 41.wav
1520593732724398 AUDIO_PLAYBACK_DONE 41.wav
1520593730608361 KEY_PRESS l
1520593733724357 AUDIO_PLAYBACK_ONSET 109.wav
1520593735169608 AUDIO_PLAYBACK_DONE 109.wav
1520593736169567 AUDIO_PLAYBACK_ONSET 34.wav
1520593737544505 AUDIO_PLAYBACK_DONE 34.wav
1520593738544464 AUDIO_PLAYBACK_ONSET 53.wav
1520593740044402 AUDIO_PLAYBACK_DONE 53.wav
1520593741044361 AUDIO_PLAYBACK_ONSET 15.wav
1520593742106813 AUDIO_PLAYBACK_DONE 15.wav
1520593743106772 AUDIO_PLAYBACK_ONSET 106.wav
1520593744325456 AUDIO_PLAYBACK_DONE 106.wav
1520593745325415 AUDIO_PLAYBACK_ONSET 130.wav
1520593746637860 AUDIO_PLAYBACK_DONE 130.wav
1520593747637818 AUDIO_PLAYBACK_ONSET 123.wav
1520593748934638 AUDIO_PLAYBACK_DONE 123.wav
1520593749934597 AUDIO_PLAYBACK_ONSET 28.wav
1520593751434518 AUDIO_PLAYBACK_DONE 28.wav
1520593752434477 AUDIO_PLAYBACK_ONSET 21.wav
1520593753403190 AUDIO_PLAYBACK_DONE 21.wav
1520593754403149 AUDIO_PLAYBACK_ONSET 147.wav
1520593755754635 AUDIO_PLAYBACK_DONE 147.wav
1520593753495549 KEY_PRESS l
1520593753871522 KEY_PRESS l
1520593756754594 AUDIO_PLAYBACK_ONSET 78.wav
1520593758176396 AUDIO_PLAYBACK_DONE 78.wav
1520593759176355 AUDIO_PLAYBACK_ONSET 51.wav
1520593760520043 AUDIO_PLAYBACK_DONE 51.wav
1520593761520001 AUDIO_PLAYBACK_ONSET 116.wav
1520593762582452 AUDIO_PLAYBACK_DONE 116.wav
1520593761231238 KEY_PRESS l
1520593761495200 KEY_PRESS l
1520593763582410 AUDIO_PLAYBACK_ONSET 138.wav
1520593764785473 AUDIO_PLAYBACK_DONE 138.wav
1520593765785432 AUDIO_PLAYBACK_ONSET 60.wav
1520593767566609 AUDIO_PLAYBACK_DONE 60.wav
1520593768566568 AUDIO_PLAYBACK_ONSET 33.wav
1520593769707137 AUDIO_PLAYBACK_DONE 33.wav
1520593770707096 AUDIO_PLAYBACK_ONSET 47.wav
1520593771941402 AUDIO_PLAYBACK_DONE 47.wav
1520593772941361 AUDIO_PLAYBACK_ONSET 152.wav
1520593774003816 AUDIO_PLAYBACK_DONE 152.wav
1520593775003775 AUDIO_PLAYBACK_ONSET 82.wav
1520593776284969 AUDIO_PLAYBACK_DONE 82.wav
1520593777284928 AUDIO_PLAYBACK_ONSET 22.wav
1520593778441142 AUDIO_PLAYBACK_DONE 22.wav
1520593779441101 AUDIO_PLAYBACK_ONSET 52.wav
1520593780691026 AUDIO_PLAYBACK_DONE 52.wav
1520593781690985 AUDIO_PLAYBACK_ONSET 73.wav
1520593783081545 AUDIO_PLAYBACK_DONE 73.wav
1520593784081504 AUDIO_PLAYBACK_ONSET 115.wav
1520593785878302 AUDIO_PLAYBACK_DONE 115.wav
1520593786878260 AUDIO_PLAYBACK_ONSET 89.wav
1520593787807909 AUDIO_PLAYBACK_DONE 89.wav
1520593788807868 AUDIO_PLAYBACK_ONSET 18.wav
1520593790307784 AUDIO_PLAYBACK_DONE 18.wav
1520593790070039 KEY_PRESS l
1520593791307743 AUDIO_PLAYBACK_ONSET 57.wav
1520593792542049 AUDIO_PLAYBACK_DONE 57.wav
1520593790494013 KEY_PRESS l
1520593792357929 KEY_PRESS l
1520593793542008 AUDIO_PLAYBACK_ONSET 101.wav
1520593794776311 AUDIO_PLAYBACK_DONE 101.wav
1520593792653921 KEY_PRESS l
1520593795776270 AUDIO_PLAYBACK_ONSET 12.wav
1520593797182449 AUDIO_PLAYBACK_DONE 12.wav
1520593798182407 AUDIO_PLAYBACK_ONSET 124.wav
1520593799166721 AUDIO_PLAYBACK_DONE 124.wav
1520593800166680 AUDIO_PLAYBACK_ONSET 10.wav
1520593801291624 AUDIO_PLAYBACK_DONE 10.wav
1520593802291583 AUDIO_PLAYBACK_ONSET 40.wav
1520593803729008 AUDIO_PLAYBACK_DONE 40.wav
1520593804728967 AUDIO_PLAYBACK_ONSET 128.wav
1520593806041434 AUDIO_PLAYBACK_DONE 128.wav
1520593807041392 AUDIO_PLAYBACK_ONSET 32.wav
1520593808275700 AUDIO_PLAYBACK_DONE 32.wav
1520593809275658 AUDIO_PLAYBACK_ONSET 121.wav
1520593810713082 AUDIO_PLAYBACK_DONE 121.wav
1520593811713041 AUDIO_PLAYBACK_ONSET 16.wav
1520593813181711 AUDIO_PLAYBACK_DONE 16.wav
1520593814181670 AUDIO_PLAYBACK_ONSET 58.wav
1520593815408174 AUDIO_PLAYBACK_DONE 58.wav
1520593816408132 AUDIO_PLAYBACK_ONSET 104.wav
1520593818033054 AUDIO_PLAYBACK_DONE 104.wav
1520593819033013 AUDIO_PLAYBACK_ONSET 27.wav
1520593820720433 AUDIO_PLAYBACK_DONE 27.wav
1520593821720391 AUDIO_PLAYBACK_ONSET 49.wav
1520593822985966 AUDIO_PLAYBACK_DONE 49.wav
1520593823985925 AUDIO_PLAYBACK_ONSET 88.wav
1520593825204606 AUDIO_PLAYBACK_DONE 88.wav
1520593826204565 AUDIO_PLAYBACK_ONSET 13.wav
1520593828048232 AUDIO_PLAYBACK_DONE 13.wav
1520593826188571 KEY_PRESS l
1520593826380794 KEY_PRESS l
1520593827660489 KEY_PRESS l
1520593827940459 KEY_PRESS l
1520593829048190 AUDIO_PLAYBACK_ONSET 102.wav
1520593830641868 AUDIO_PLAYBACK_DONE 102.wav
1520593831641827 AUDIO_PLAYBACK_ONSET 45.wav
1520593832735523 AUDIO_PLAYBACK_DONE 45.wav
1520593833735482 AUDIO_PLAYBACK_ONSET 71.wav
1520593834735420 AUDIO_PLAYBACK_DONE 71.wav
1520593835735379 AUDIO_PLAYBACK_ONSET 137.wav
1520593837157180 AUDIO_PLAYBACK_DONE 137.wav
1520593838157139 AUDIO_PLAYBACK_ONSET 66.wav
1520593839368020 AUDIO_PLAYBACK_DONE 66.wav
1520593840367979 AUDIO_PLAYBACK_ONSET 105.wav
1520593841582758 AUDIO_PLAYBACK_DONE 105.wav
1520593842582717 AUDIO_PLAYBACK_ONSET 2.wav
1520593844004541 AUDIO_PLAYBACK_DONE 2.wav
1520593845004500 AUDIO_PLAYBACK_ONSET 90.wav
1520593846395082 AUDIO_PLAYBACK_DONE 90.wav
1520593847395040 AUDIO_PLAYBACK_ONSET 74.wav
1520593848582475 AUDIO_PLAYBACK_DONE 74.wav
1520593849582434 AUDIO_PLAYBACK_ONSET 31.wav
1520593850832364 AUDIO_PLAYBACK_DONE 31.wav
1520593848827626 KEY_PRESS l
1520593849083607 KEY_PRESS l
1520593851832322 AUDIO_PLAYBACK_ONSET 141.wav
1520593852902575 AUDIO_PLAYBACK_DONE 141.wav
1520593853902534 AUDIO_PLAYBACK_ONSET 25.wav
1520593855402453 AUDIO_PLAYBACK_DONE 25.wav
1520593856402412 AUDIO_PLAYBACK_ONSET 3.wav
1520593857894529 AUDIO_PLAYBACK_DONE 3.wav
1520593857163286 KEY_PRESS l
1520593857443253 KEY_PRESS l
1520593858894487 AUDIO_PLAYBACK_ONSET 37.wav
1520593859988187 AUDIO_PLAYBACK_DONE 37.wav
1520593860988146 AUDIO_PLAYBACK_ONSET 62.wav
1520593862456817 AUDIO_PLAYBACK_DONE 62.wav
1520593863456775 AUDIO_PLAYBACK_ONSET 20.wav
1520593864675457 AUDIO_PLAYBACK_DONE 20.wav
1520593863298985 KEY_PRESS l
1520593863603032 KEY_PRESS l
1520593865675416 AUDIO_PLAYBACK_ONSET 7.wav
1520593866769113 AUDIO_PLAYBACK_DONE 7.wav
1520593867769072 AUDIO_PLAYBACK_ONSET 85.wav
1520593869112763 AUDIO_PLAYBACK_DONE 85.wav
1520593868954799 KEY_PRESS l
1520593870112722 AUDIO_PLAYBACK_ONSET 65.wav
1520593871487655 AUDIO_PLAYBACK_DONE 65.wav
1520593869386785 KEY_PRESS l
1520593872487614 AUDIO_PLAYBACK_ONSET 81.wav
1520593873675048 AUDIO_PLAYBACK_DONE 81.wav
1520593874675007 AUDIO_PLAYBACK_ONSET 26.wav
1520593876034318 AUDIO_PLAYBACK_DONE 26.wav
1520593877034277 AUDIO_PLAYBACK_ONSET 56.wav
1520593878815452 AUDIO_PLAYBACK_DONE 56.wav
1520593879815411 AUDIO_PLAYBACK_ONSET 150.wav
1520593881065338 AUDIO_PLAYBACK_DONE 150.wav
1520593882065297 AUDIO_PLAYBACK_ONSET 117.wav
1520593883440229 AUDIO_PLAYBACK_DONE 117.wav
1520593884440188 AUDIO_PLAYBACK_ONSET 23.wav
1520593885940128 AUDIO_PLAYBACK_DONE 23.wav
1520593886940087 AUDIO_PLAYBACK_ONSET 96.wav
1520593888291572 AUDIO_PLAYBACK_DONE 96.wav
1520593889291531 AUDIO_PLAYBACK_ONSET 76.wav
1520593890603973 AUDIO_PLAYBACK_DONE 76.wav
1520593891603931 AUDIO_PLAYBACK_ONSET 80.wav
1520593892822612 AUDIO_PLAYBACK_DONE 80.wav
1520593893822571 AUDIO_PLAYBACK_ONSET 54.wav
1520593895072498 AUDIO_PLAYBACK_DONE 54.wav
1520593896072457 AUDIO_PLAYBACK_ONSET 72.wav
1520593897556750 AUDIO_PLAYBACK_DONE 72.wav
1520593898556709 AUDIO_PLAYBACK_ONSET 4.wav
1520593899613290 AUDIO_PLAYBACK_DONE 4.wav
1520593900613249 AUDIO_PLAYBACK_ONSET 132.wav
1520593902226472 AUDIO_PLAYBACK_DONE 132.wav
1520593903226430 AUDIO_PLAYBACK_ONSET 98.wav
1520593904574016 AUDIO_PLAYBACK_DONE 98.wav
1520593905573975 AUDIO_PLAYBACK_ONSET 64.wav
1520593906558289 AUDIO_PLAYBACK_DONE 64.wav
1520593907558248 AUDIO_PLAYBACK_ONSET 50.wav
1520593908659746 AUDIO_PLAYBACK_DONE 50.wav
1520593909659704 AUDIO_PLAYBACK_ONSET 94.wav
1520593910878406 AUDIO_PLAYBACK_DONE 94.wav
1520593911878365 AUDIO_PLAYBACK_ONSET 14.wav
1520593913222075 AUDIO_PLAYBACK_DONE 14.wav
1520593914222033 AUDIO_PLAYBACK_ONSET 48.wav
1520593915393845 AUDIO_PLAYBACK_DONE 48.wav
1520593916393804 AUDIO_PLAYBACK_ONSET 119.wav
1520593917550017 AUDIO_PLAYBACK_DONE 119.wav
1520593918549976 AUDIO_PLAYBACK_ONSET 75.wav
1520593919549935 AUDIO_PLAYBACK_DONE 75.wav
1520593920549894 AUDIO_PLAYBACK_ONSET 8.wav
1520593921729529 AUDIO_PLAYBACK_DONE 8.wav
1520593922729488 AUDIO_PLAYBACK_ONSET 67.wav
1520593923651311 AUDIO_PLAYBACK_DONE 67.wav
1520593924651270 AUDIO_PLAYBACK_ONSET 112.wav
1520593925588717 AUDIO_PLAYBACK_DONE 112.wav
1520593926588676 AUDIO_PLAYBACK_ONSET 108.wav
1520593928072969 AUDIO_PLAYBACK_DONE 108.wav
1520593929072928 AUDIO_PLAYBACK_ONSET 91.wav
1520593929979127 AUDIO_PLAYBACK_DONE 91.wav
1520593930979086 AUDIO_PLAYBACK_ONSET 133.wav
1520593932307149 AUDIO_PLAYBACK_DONE 133.wav
1520593933307108 AUDIO_PLAYBACK_ONSET 17.wav
1520593934307048 AUDIO_PLAYBACK_DONE 17.wav
1520593935307006 AUDIO_PLAYBACK_ONSET 68.wav
1520593936283543 AUDIO_PLAYBACK_DONE 68.wav
1520593937283502 AUDIO_PLAYBACK_ONSET 97.wav
1520593938935771 AUDIO_PLAYBACK_DONE 97.wav
1520593939935730 AUDIO_PLAYBACK_ONSET 114.wav
1520593941170033 AUDIO_PLAYBACK_DONE 114.wav
1520593942169992 AUDIO_PLAYBACK_ONSET 142.wav
1520593943615240 AUDIO_PLAYBACK_DONE 142.wav
1520593944615199 AUDIO_PLAYBACK_ONSET 87.wav
1520593945724519 AUDIO_PLAYBACK_DONE 87.wav
1520593946724478 AUDIO_PLAYBACK_ONSET 144.wav
1520593948036941 AUDIO_PLAYBACK_DONE 144.wav
1520593949036900 AUDIO_PLAYBACK_ONSET 148.wav
1520593950302493 AUDIO_PLAYBACK_DONE 148.wav
1520593951302452 AUDIO_PLAYBACK_ONSET 69.wav
1520593952599272 AUDIO_PLAYBACK_DONE 69.wav
1520593952207362 KEY_PRESS l
1520593952415339 KEY_PRESS l
1520593953599231 AUDIO_PLAYBACK_ONSET 111.wav
1520593954880425 AUDIO_PLAYBACK_DONE 111.wav
1520593955880384 AUDIO_PLAYBACK_ONSET 113.wav
1520593957099067 AUDIO_PLAYBACK_DONE 113.wav
1520593958099026 AUDIO_PLAYBACK_ONSET 118.wav
1520593959598942 AUDIO_PLAYBACK_DONE 118.wav
1520593960598901 AUDIO_PLAYBACK_ONSET 120.wav
1520593961895720 AUDIO_PLAYBACK_DONE 120.wav
1520593962895678 AUDIO_PLAYBACK_ONSET 36.wav
1520593964145627 AUDIO_PLAYBACK_DONE 36.wav
1520593965145586 AUDIO_PLAYBACK_ONSET 145.wav
1520593966536141 AUDIO_PLAYBACK_DONE 145.wav
1520593967536100 AUDIO_PLAYBACK_ONSET 134.wav
1520593968325116 AUDIO_PLAYBACK_DONE 134.wav
1520593969325074 AUDIO_PLAYBACK_ONSET 143.wav
1520593970442195 AUDIO_PLAYBACK_DONE 143.wav
1520593971442154 AUDIO_PLAYBACK_ONSET 42.wav
1520593972598343 AUDIO_PLAYBACK_DONE 42.wav
1520593971974538 KEY_PRESS l
1520593973598301 AUDIO_PLAYBACK_ONSET 126.wav
1520593974988857 AUDIO_PLAYBACK_DONE 126.wav
1520593972734497 KEY_PRESS l
1520593975988816 AUDIO_PLAYBACK_ONSET 38.wav
1520593977270010 AUDIO_PLAYBACK_DONE 38.wav
1520593978269969 AUDIO_PLAYBACK_ONSET 103.wav
1520593979660524 AUDIO_PLAYBACK_DONE 103.wav
1520593980660483 AUDIO_PLAYBACK_ONSET 43.wav
1520593981910411 AUDIO_PLAYBACK_DONE 43.wav
1520593982910370 AUDIO_PLAYBACK_ONSET 35.wav
1520593984472801 AUDIO_PLAYBACK_DONE 35.wav
1520593985472760 AUDIO_PLAYBACK_ONSET 93.wav
1520593986988322 AUDIO_PLAYBACK_DONE 93.wav
1520593987988281 AUDIO_PLAYBACK_ONSET 146.wav
1520593989363237 AUDIO_PLAYBACK_DONE 146.wav
1520593990363195 AUDIO_PLAYBACK_ONSET 110.wav
1520593991894380 AUDIO_PLAYBACK_DONE 110.wav
1520593991493739 KEY_PRESS l
1520593992894339 AUDIO_PLAYBACK_ONSET 46.wav
1520593993956790 AUDIO_PLAYBACK_DONE 46.wav
1520593991917705 KEY_PRESS l
1520593994956749 AUDIO_PLAYBACK_ONSET 136.wav
1520593996573848 AUDIO_PLAYBACK_DONE 136.wav
1520593997573807 AUDIO_PLAYBACK_ONSET 95.wav
1520593998847181 AUDIO_PLAYBACK_DONE 95.wav
1520593999847140 AUDIO_PLAYBACK_ONSET 151.wav
1520594000878346 AUDIO_PLAYBACK_DONE 151.wav
1520594001878305 AUDIO_PLAYBACK_ONSET 30.wav
1520594003378221 AUDIO_PLAYBACK_DONE 30.wav
1520594004378180 AUDIO_PLAYBACK_ONSET 122.wav
1520594005565638 AUDIO_PLAYBACK_DONE 122.wav
1520594006565597 AUDIO_PLAYBACK_ONSET 77.wav
1520594007612448 AUDIO_PLAYBACK_DONE 77.wav
1520594008612406 AUDIO_PLAYBACK_ONSET 139.wav
1520594009792042 AUDIO_PLAYBACK_DONE 139.wav
1520594010792001 AUDIO_PLAYBACK_ONSET 55.wav
1520594011979437 AUDIO_PLAYBACK_DONE 55.wav
1520594012979395 AUDIO_PLAYBACK_ONSET 107.wav
1520594014143406 AUDIO_PLAYBACK_DONE 107.wav
1520594015143365 AUDIO_PLAYBACK_ONSET 39.wav
1520594017018276 AUDIO_PLAYBACK_DONE 39.wav
1520594018018235 AUDIO_PLAYBACK_ONSET 127.wav
1520594019197891 AUDIO_PLAYBACK_DONE 127.wav
1520594020197850 AUDIO_PLAYBACK_ONSET 149.wav
1520594021354038 AUDIO_PLAYBACK_DONE 149.wav
1520594022353997 AUDIO_PLAYBACK_ONSET 140.wav
1520594023635191 AUDIO_PLAYBACK_DONE 140.wav
1520594024635150 AUDIO_PLAYBACK_ONSET 6.wav
1520594025861654 AUDIO_PLAYBACK_DONE 6.wav
1520594026861613 AUDIO_PLAYBACK_ONSET 131.wav
1520594027736565 AUDIO_PLAYBACK_DONE 131.wav
1520594028736524 AUDIO_PLAYBACK_ONSET 84.wav
1520594029986451 AUDIO_PLAYBACK_DONE 84.wav
1520594030986410 AUDIO_PLAYBACK_ONSET 5.wav
1520594032449231 AUDIO_PLAYBACK_DONE 5.wav
1520594033449190 AUDIO_PLAYBACK_ONSET 24.wav
1520594035042869 AUDIO_PLAYBACK_DONE 24.wav
1520594034739962 KEY_PRESS l
1520594036042828 AUDIO_PLAYBACK_ONSET 61.wav
1520594037542744 AUDIO_PLAYBACK_DONE 61.wav
1520594035131930 KEY_PRESS l
1520594038542703 AUDIO_PLAYBACK_ONSET 1.wav
1520594039417656 AUDIO_PLAYBACK_DONE 1.wav
1520594040417615 AUDIO_PLAYBACK_ONSET 92.wav
1520594041667540 AUDIO_PLAYBACK_DONE 92.wav
1520594042667499 AUDIO_PLAYBACK_ONSET 99.wav
1520594043761199 AUDIO_PLAYBACK_DONE 99.wav
1520594044761158 AUDIO_PLAYBACK_ONSET 135.wav
1520594045811885 AUDIO_PLAYBACK_DONE 135.wav
1520594046811844 AUDIO_PLAYBACK_ONSET 70.wav
1520594048343029 AUDIO_PLAYBACK_DONE 70.wav
1520594049342988 AUDIO_PLAYBACK_ONSET 83.wav
1520594051030401 AUDIO_PLAYBACK_DONE 83.wav
1520594052030360 AUDIO_PLAYBACK_ONSET 63.wav
1520594053194374 AUDIO_PLAYBACK_DONE 63.wav
1520594050995327 KEY_PRESS l
1520594051323254 KEY_PRESS l
1520594054194333 AUDIO_PLAYBACK_ONSET 29.wav
1520594055694248 AUDIO_PLAYBACK_DONE 29.wav
1520594056694207 AUDIO_PLAYBACK_ONSET 129.wav
1520594057819149 AUDIO_PLAYBACK_DONE 129.wav
1520594058819108 AUDIO_PLAYBACK_ONSET 100.wav
1520594059694062 AUDIO_PLAYBACK_DONE 100.wav
1520594060694021 AUDIO_PLAYBACK_ONSET 79.wav
1520594062006462 AUDIO_PLAYBACK_DONE 79.wav
1520594063006421 AUDIO_PLAYBACK_ONSET 11.wav
1520594063959489 AUDIO_PLAYBACK_DONE 11.wav
1520594064959448 AUDIO_PLAYBACK_ONSET 19.wav
1520594065990654 AUDIO_PLAYBACK_DONE 19.wav
1520594066990612 AUDIO_PLAYBACK_ONSET 59.wav
1520594068295231 AUDIO_PLAYBACK_DONE 59.wav
