1520592786897995 CHEETAH_SIGNAL SENT_AFTER_TIME 132001.813871
1520592789968877 CHEETAH_SIGNAL SENT_AFTER_TIME 132004.884826
1520592790031476 CHEETAH_SIGNAL SENT_AFTER_TIME 132004.947273
1520592790029737 DISPLAY_INSTRUCTIONS Stimuli/instructions_audio_sentences.png
1520592809552066 KEY_PRESS space
1520592809553176 CHEETAH_SIGNAL SENT_AFTER_TIME 132024.469919
1520592809652858 CHEETAH_SIGNAL SENT_AFTER_TIME 132024.569508
1520592809651293 DISPLAY_INSTRUCTIONS OFF
1520592809698307 CHEETAH_SIGNAL SENT_AFTER_TIME 132024.614954
1520592809731620 CHEETAH_SIGNAL SENT_AFTER_TIME 132024.648347
1520592809787050 CHEETAH_SIGNAL SENT_AFTER_TIME 132024.703707
1520592809785477 DISPLAY_FIXATION
1520592813038626 AUDIO_PLAYBACK_ONSET 1 8 1 he
1520592813150037 AUDIO_PLAYBACK_ONSET 2 8 2 will
1520592813312560 AUDIO_PLAYBACK_ONSET 3 8 3 sneeze
1520592814174331 AUDIO_PLAYBACK_ONSET _ 8 END_OF_WAV
1520592814218283 AUDIO_PLAYBACK_DONE 8.wav
1520592809549817 KEY_PRESS space
1520592809925789 KEY_PRESS space
1520592815218241 AUDIO_PLAYBACK_ONSET 4 64 1 who
1520592815374054 AUDIO_PLAYBACK_ONSET 5 64 2 remains?
1520592816196333 AUDIO_PLAYBACK_ONSET _ 64 END_OF_WAV
1520592816202561 AUDIO_PLAYBACK_DONE 64.wav
1520592814621714 KEY_PRESS F12
1520592814685714 KEY_PRESS l
1520592814725715 KEY_PRESS F12
1520592814941584 KEY_PRESS l
1520592817202520 AUDIO_PLAYBACK_ONSET 6 134 1 who
1520592817398479 AUDIO_PLAYBACK_ONSET 7 134 2 crawled?
1520592817958978 AUDIO_PLAYBACK_ONSET _ 134 END_OF_WAV
1520592817991541 AUDIO_PLAYBACK_DONE 134.wav
1520592818991500 AUDIO_PLAYBACK_ONSET 8 44 1 The
1520592819059755 AUDIO_PLAYBACK_ONSET 9 44 2 salad
1520592819414883 AUDIO_PLAYBACK_ONSET 10 44 3 is
1520592819588057 AUDIO_PLAYBACK_ONSET 11 44 4 tasty
1520592820164242 AUDIO_PLAYBACK_ONSET _ 44 END_OF_WAV
1520592820178934 AUDIO_PLAYBACK_DONE 44.wav
1520592819989499 KEY_PRESS l
1520592821178893 AUDIO_PLAYBACK_ONSET 12 46 1 they
1520592821351357 AUDIO_PLAYBACK_ONSET 13 46 2 tickle
1520592821651254 AUDIO_PLAYBACK_ONSET 14 46 3 the
1520592821803345 AUDIO_PLAYBACK_ONSET 15 46 4 girl
1520592822221774 AUDIO_PLAYBACK_ONSET _ 46 END_OF_WAV
1520592822241346 AUDIO_PLAYBACK_DONE 46.wav
1520592820277485 KEY_PRESS l
1520592823241305 AUDIO_PLAYBACK_ONSET 16 99 1 they
1520592823532037 AUDIO_PLAYBACK_ONSET 17 99 2 cough
1520592824229591 AUDIO_PLAYBACK_ONSET _ 99 END_OF_WAV
1520592824335006 AUDIO_PLAYBACK_DONE 99.wav
1520592825334965 AUDIO_PLAYBACK_ONSET 18 125 1 we
1520592825447260 AUDIO_PLAYBACK_ONSET 19 125 2 believed
1520592825712630 AUDIO_PLAYBACK_ONSET 20 125 3 that
1520592825839645 AUDIO_PLAYBACK_ONSET 21 125 4 he
1520592825963636 AUDIO_PLAYBACK_ONSET 22 125 5 cried
1520592826436917 AUDIO_PLAYBACK_ONSET _ 125 END_OF_WAV
1520592826459910 AUDIO_PLAYBACK_DONE 125.wav
1520592827459869 AUDIO_PLAYBACK_ONSET 23 139 1 he
1520592827541153 AUDIO_PLAYBACK_ONSET 24 139 2 saw
1520592827812290 AUDIO_PLAYBACK_ONSET 25 139 3 her
1520592827933588 AUDIO_PLAYBACK_ONSET 26 139 4 winking
1520592828532150 AUDIO_PLAYBACK_ONSET _ 139 END_OF_WAV
1520592828639505 AUDIO_PLAYBACK_DONE 139.wav
1520592829639464 AUDIO_PLAYBACK_ONSET 27 146 1 he
1520592829723113 AUDIO_PLAYBACK_ONSET 28 146 2 said
1520592829983696 AUDIO_PLAYBACK_ONSET 29 146 3 that
1520592830060392 AUDIO_PLAYBACK_ONSET 30 146 4 she
1520592830246126 AUDIO_PLAYBACK_ONSET 31 146 5 smiled
1520592830840292 AUDIO_PLAYBACK_ONSET _ 146 END_OF_WAV
1520592831014396 AUDIO_PLAYBACK_DONE 146.wav
1520592832014355 AUDIO_PLAYBACK_ONSET 32 59 1 who
1520592832182284 AUDIO_PLAYBACK_ONSET 33 59 2 arrives?
1520592832981044 AUDIO_PLAYBACK_ONSET _ 59 END_OF_WAV
1520592833318977 AUDIO_PLAYBACK_DONE 59.wav
1520592834318935 AUDIO_PLAYBACK_ONSET 34 121 1 What
1520592834482703 AUDIO_PLAYBACK_ONSET 35 121 2 did
1520592834604426 AUDIO_PLAYBACK_ONSET 36 121 3 the
1520592834709725 AUDIO_PLAYBACK_ONSET 37 121 4 girls
1520592834999540 AUDIO_PLAYBACK_ONSET 38 121 5 find?
1520592835603322 AUDIO_PLAYBACK_ONSET _ 121 END_OF_WAV
1520592835756362 AUDIO_PLAYBACK_DONE 121.wav
1520592836756321 AUDIO_PLAYBACK_ONSET 39 1 1 he
1520592836849546 AUDIO_PLAYBACK_ONSET 40 1 2 smiles
1520592837630450 AUDIO_PLAYBACK_ONSET _ 1 END_OF_WAV
1520592837631277 AUDIO_PLAYBACK_DONE 1.wav
1520592838631236 AUDIO_PLAYBACK_ONSET 41 144 1 the
1520592838752541 AUDIO_PLAYBACK_ONSET 42 144 2 girls
1520592839042736 AUDIO_PLAYBACK_ONSET 43 144 3 arrive
1520592839794245 AUDIO_PLAYBACK_ONSET _ 144 END_OF_WAV
1520592839943679 AUDIO_PLAYBACK_DONE 144.wav
1520592840943637 AUDIO_PLAYBACK_ONSET 44 60 1 the
1520592841086710 AUDIO_PLAYBACK_ONSET 45 60 2 boy
1520592841245921 AUDIO_PLAYBACK_ONSET 46 60 3 smelled
1520592841594270 AUDIO_PLAYBACK_ONSET 47 60 4 the
1520592841660109 AUDIO_PLAYBACK_ONSET 48 60 5 flowers
1520592842527988 AUDIO_PLAYBACK_ONSET _ 60 END_OF_WAV
1520592842724816 AUDIO_PLAYBACK_DONE 60.wav
1520592843724775 AUDIO_PLAYBACK_ONSET 49 27 1 Who
1520592843924959 AUDIO_PLAYBACK_ONSET 50 27 2 did
1520592844107543 AUDIO_PLAYBACK_ONSET 51 27 3 the
1520592844258373 AUDIO_PLAYBACK_ONSET 52 27 4 boys
1520592844625809 AUDIO_PLAYBACK_ONSET 53 27 5 kiss?
1520592845323257 AUDIO_PLAYBACK_ONSET _ 27 END_OF_WAV
1520592845412193 AUDIO_PLAYBACK_DONE 27.wav
1520592842700571 KEY_PRESS l
1520592843676520 KEY_PRESS l
1520592846412152 AUDIO_PLAYBACK_ONSET 54 93 1 who
1520592846535930 AUDIO_PLAYBACK_ONSET 55 93 2 smelled
1520592846921966 AUDIO_PLAYBACK_ONSET 56 93 3 the
1520592846985117 AUDIO_PLAYBACK_ONSET 57 93 4 flowers?
1520592847874324 AUDIO_PLAYBACK_ONSET _ 93 END_OF_WAV
1520592847927716 AUDIO_PLAYBACK_DONE 93.wav
1520592848927675 AUDIO_PLAYBACK_ONSET 58 122 1 the
1520592849068552 AUDIO_PLAYBACK_ONSET 59 122 2 girl
1520592849317540 AUDIO_PLAYBACK_ONSET 60 122 3 crawls
1520592850012633 AUDIO_PLAYBACK_ONSET _ 122 END_OF_WAV
1520592850115113 AUDIO_PLAYBACK_DONE 122.wav
1520592851115072 AUDIO_PLAYBACK_ONSET 61 138 1 he
1520592851214141 AUDIO_PLAYBACK_ONSET 62 138 2 shaved
1520592852103534 AUDIO_PLAYBACK_ONSET _ 138 END_OF_WAV
1520592852318133 AUDIO_PLAYBACK_DONE 138.wav
1520592853318091 AUDIO_PLAYBACK_ONSET 63 56 1 we
1520592853443208 AUDIO_PLAYBACK_ONSET 64 56 2 revealed
1520592853815498 AUDIO_PLAYBACK_ONSET 65 56 3 that
1520592853893308 AUDIO_PLAYBACK_ONSET 66 56 4 she
1520592854112373 AUDIO_PLAYBACK_ONSET 67 56 5 jumps
1520592854781538 AUDIO_PLAYBACK_ONSET _ 56 END_OF_WAV
1520592855099269 AUDIO_PLAYBACK_DONE 56.wav
1520592856099228 AUDIO_PLAYBACK_ONSET 68 128 1 Whom
1520592856323733 AUDIO_PLAYBACK_ONSET 69 128 2 will
1520592856410174 AUDIO_PLAYBACK_ONSET 70 128 3 the
1520592856509846 AUDIO_PLAYBACK_ONSET 71 128 4 women
1520592856771816 AUDIO_PLAYBACK_ONSET 72 128 5 hug?
1520592857251652 AUDIO_PLAYBACK_ONSET _ 128 END_OF_WAV
1520592857411674 AUDIO_PLAYBACK_DONE 128.wav
1520592858411632 AUDIO_PLAYBACK_ONSET 73 92 1 she
1520592858789252 AUDIO_PLAYBACK_ONSET 74 92 2 blooms
1520592859599049 AUDIO_PLAYBACK_ONSET _ 92 END_OF_WAV
1520592859661562 AUDIO_PLAYBACK_DONE 92.wav
1520592860661521 AUDIO_PLAYBACK_ONSET 75 71 1 who
1520592860844671 AUDIO_PLAYBACK_ONSET 76 71 2 coughed?
1520592861598014 AUDIO_PLAYBACK_ONSET _ 71 END_OF_WAV
1520592861661459 AUDIO_PLAYBACK_DONE 71.wav
1520592862661418 AUDIO_PLAYBACK_ONSET 77 6 1 Whom
1520592862824239 AUDIO_PLAYBACK_ONSET 78 6 2 did
1520592862979207 AUDIO_PLAYBACK_ONSET 79 6 3 the
1520592863108622 AUDIO_PLAYBACK_ONSET 80 6 4 boy
1520592863319641 AUDIO_PLAYBACK_ONSET 81 6 5 hear?
1520592863801855 AUDIO_PLAYBACK_ONSET _ 6 END_OF_WAV
1520592863887924 AUDIO_PLAYBACK_DONE 6.wav
1520592864887883 AUDIO_PLAYBACK_ONSET 82 104 1 they
1520592865130890 AUDIO_PLAYBACK_ONSET 83 104 2 heared
1520592865411550 AUDIO_PLAYBACK_ONSET 84 104 3 that
1520592865516388 AUDIO_PLAYBACK_ONSET 85 104 4 she
1520592865714051 AUDIO_PLAYBACK_ONSET 86 104 5 laughed
1520592866487231 AUDIO_PLAYBACK_ONSET _ 104 END_OF_WAV
1520592866512808 AUDIO_PLAYBACK_DONE 104.wav
1520592867512766 AUDIO_PLAYBACK_ONSET 87 131 1 who
1520592867719481 AUDIO_PLAYBACK_ONSET 88 131 2 cried?
1520592868318096 AUDIO_PLAYBACK_ONSET _ 131 END_OF_WAV
1520592868387722 AUDIO_PLAYBACK_DONE 131.wav
1520592869387681 AUDIO_PLAYBACK_ONSET 89 12 1 who
1520592869635780 AUDIO_PLAYBACK_ONSET 90 12 2 jumped?
1520592870402216 AUDIO_PLAYBACK_ONSET _ 12 END_OF_WAV
1520592870793862 AUDIO_PLAYBACK_DONE 12.wav
1520592871793821 AUDIO_PLAYBACK_ONSET 91 35 1 she
1520592872184992 AUDIO_PLAYBACK_ONSET 92 35 2 disappears
1520592873276008 AUDIO_PLAYBACK_ONSET _ 35 END_OF_WAV
1520592873356257 AUDIO_PLAYBACK_DONE 35.wav
1520592874356215 AUDIO_PLAYBACK_ONSET 93 41 1 the
1520592874514915 AUDIO_PLAYBACK_ONSET 94 41 2 boy
1520592874702854 AUDIO_PLAYBACK_ONSET 95 41 3 sneezes
1520592875579906 AUDIO_PLAYBACK_ONSET _ 41 END_OF_WAV
1520592875582720 AUDIO_PLAYBACK_DONE 41.wav
1520592876582679 AUDIO_PLAYBACK_ONSET 96 148 1 The
1520592876698802 AUDIO_PLAYBACK_ONSET 97 148 2 grandpa
1520592877048380 AUDIO_PLAYBACK_ONSET 98 148 3 ate
1520592877289937 AUDIO_PLAYBACK_ONSET 99 148 4 the
1520592877379245 AUDIO_PLAYBACK_ONSET 100 148 5 meal
1520592877816430 AUDIO_PLAYBACK_ONSET _ 148 END_OF_WAV
1520592877848254 AUDIO_PLAYBACK_DONE 148.wav
1520592878848213 AUDIO_PLAYBACK_ONSET 101 14 1 the
1520592879028395 AUDIO_PLAYBACK_ONSET 102 14 2 boy
1520592879247836 AUDIO_PLAYBACK_ONSET 103 14 3 remains
1520592880131021 AUDIO_PLAYBACK_ONSET _ 14 END_OF_WAV
1520592880191903 AUDIO_PLAYBACK_DONE 14.wav
1520592877963132 KEY_PRESS l
1520592878275093 KEY_PRESS l
1520592881191862 AUDIO_PLAYBACK_ONSET 104 25 1 they
1520592881484723 AUDIO_PLAYBACK_ONSET 105 25 2 hug
1520592881771009 AUDIO_PLAYBACK_ONSET 106 25 3 the
1520592881872822 AUDIO_PLAYBACK_ONSET 107 25 4 friend
1520592882478660 AUDIO_PLAYBACK_ONSET _ 25 END_OF_WAV
1520592882691781 AUDIO_PLAYBACK_DONE 25.wav
1520592883691740 AUDIO_PLAYBACK_ONSET 108 40 1 he
1520592884030363 AUDIO_PLAYBACK_ONSET 109 40 2 cried
1520592884767460 AUDIO_PLAYBACK_ONSET _ 40 END_OF_WAV
1520592885129167 AUDIO_PLAYBACK_DONE 40.wav
1520592886129126 AUDIO_PLAYBACK_ONSET 110 136 1 who
1520592886262282 AUDIO_PLAYBACK_ONSET 111 136 2 kissed
1520592886544852 AUDIO_PLAYBACK_ONSET 112 136 3 the
1520592886661140 AUDIO_PLAYBACK_ONSET 113 136 4 clowns?
1520592887537104 AUDIO_PLAYBACK_ONSET _ 136 END_OF_WAV
1520592887746229 AUDIO_PLAYBACK_DONE 136.wav
1520592888746188 AUDIO_PLAYBACK_ONSET 114 73 1 she
1520592888964428 AUDIO_PLAYBACK_ONSET 115 73 2 heard
1520592889196197 AUDIO_PLAYBACK_ONSET 116 73 3 them
1520592889384042 AUDIO_PLAYBACK_ONSET 117 73 4 crying
1520592889911129 AUDIO_PLAYBACK_ONSET _ 73 END_OF_WAV
1520592890136746 AUDIO_PLAYBACK_DONE 73.wav
1520592891136705 AUDIO_PLAYBACK_ONSET 118 76 1 the
1520592891270359 AUDIO_PLAYBACK_ONSET 119 76 2 girl
1520592891497046 AUDIO_PLAYBACK_ONSET 120 76 3 disappears
1520592892447899 AUDIO_PLAYBACK_ONSET _ 76 END_OF_WAV
1520592892449149 AUDIO_PLAYBACK_DONE 76.wav
1520592893449107 AUDIO_PLAYBACK_ONSET 121 86 1 What
1520592893637448 AUDIO_PLAYBACK_ONSET 122 86 2 does
1520592893863253 AUDIO_PLAYBACK_ONSET 123 86 3 the
1520592893969982 AUDIO_PLAYBACK_ONSET 124 86 4 girl
1520592894196669 AUDIO_PLAYBACK_ONSET 125 86 5 eat?
1520592894711788 AUDIO_PLAYBACK_ONSET _ 86 END_OF_WAV
1520592894761551 AUDIO_PLAYBACK_DONE 86.wav
1520592895761510 AUDIO_PLAYBACK_ONSET 126 57 1 who
1520592895941128 AUDIO_PLAYBACK_ONSET 127 57 2 eats
1520592896155978 AUDIO_PLAYBACK_ONSET 128 57 3 the
1520592896223171 AUDIO_PLAYBACK_ONSET 129 57 4 salad?
1520592896843666 AUDIO_PLAYBACK_ONSET _ 57 END_OF_WAV
1520592896995817 AUDIO_PLAYBACK_DONE 57.wav
1520592894890418 KEY_PRESS l
1520592895642379 KEY_PRESS l
1520592896746326 KEY_PRESS l
1520592897995776 AUDIO_PLAYBACK_ONSET 130 23 1 they
1520592898273516 AUDIO_PLAYBACK_ONSET 131 23 2 saw
1520592898601132 AUDIO_PLAYBACK_ONSET 132 23 3 him
1520592898836008 AUDIO_PLAYBACK_ONSET 133 23 4 dance
1520592899496280 AUDIO_PLAYBACK_ONSET _ 23 END_OF_WAV
1520592899495696 AUDIO_PLAYBACK_DONE 23.wav
1520592897122316 KEY_PRESS l
1520592900495655 AUDIO_PLAYBACK_ONSET 134 39 1 she
1520592900997817 AUDIO_PLAYBACK_ONSET 135 39 2 excercised
1520592902165904 AUDIO_PLAYBACK_ONSET _ 39 END_OF_WAV
1520592902370571 AUDIO_PLAYBACK_DONE 39.wav
1520592903370530 AUDIO_PLAYBACK_ONSET 136 52 1 he
1520592903514619 AUDIO_PLAYBACK_ONSET 137 52 2 disappeared
1520592904293335 AUDIO_PLAYBACK_ONSET _ 52 END_OF_WAV
1520592904620478 AUDIO_PLAYBACK_DONE 52.wav
1520592905620437 AUDIO_PLAYBACK_ONSET 138 42 1 they
1520592905836865 AUDIO_PLAYBACK_ONSET 139 42 2 winked
1520592906547080 AUDIO_PLAYBACK_ONSET _ 42 END_OF_WAV
1520592906776630 AUDIO_PLAYBACK_DONE 42.wav
1520592907776589 AUDIO_PLAYBACK_ONSET 140 145 1 he
1520592907861189 AUDIO_PLAYBACK_ONSET 141 145 2 smelled
1520592908237813 AUDIO_PLAYBACK_ONSET 142 145 3 the
1520592908298559 AUDIO_PLAYBACK_ONSET 143 145 4 flowers
1520592909139655 AUDIO_PLAYBACK_ONSET _ 145 END_OF_WAV
1520592909167147 AUDIO_PLAYBACK_DONE 145.wav
1520592910167105 AUDIO_PLAYBACK_ONSET 144 109 1 the
1520592910334678 AUDIO_PLAYBACK_ONSET 145 109 2 boy
1520592910551280 AUDIO_PLAYBACK_ONSET 146 109 3 was
1520592910820332 AUDIO_PLAYBACK_ONSET 147 109 4 pushed
1520592911502190 AUDIO_PLAYBACK_ONSET _ 109 END_OF_WAV
1520592911612357 AUDIO_PLAYBACK_DONE 109.wav
1520592912612316 AUDIO_PLAYBACK_ONSET 148 96 1 the
1520592912758120 AUDIO_PLAYBACK_ONSET 149 96 2 girl
1520592912980652 AUDIO_PLAYBACK_ONSET 150 96 3 kicked
1520592913295830 AUDIO_PLAYBACK_ONSET 151 96 4 the
1520592913425716 AUDIO_PLAYBACK_ONSET 152 96 5 ball
1520592913834449 AUDIO_PLAYBACK_ONSET _ 96 END_OF_WAV
1520592913963805 AUDIO_PLAYBACK_DONE 96.wav
1520592914963764 AUDIO_PLAYBACK_ONSET 153 129 1 who
1520592915132762 AUDIO_PLAYBACK_ONSET 154 129 2 smiles?
1520592915943237 AUDIO_PLAYBACK_ONSET _ 129 END_OF_WAV
1520592916088710 AUDIO_PLAYBACK_DONE 129.wav
1520592917088669 AUDIO_PLAYBACK_ONSET 155 33 1 who
1520592917345866 AUDIO_PLAYBACK_ONSET 156 33 2 falls?
1520592918192893 AUDIO_PLAYBACK_ONSET _ 33 END_OF_WAV
1520592918229238 AUDIO_PLAYBACK_DONE 33.wav
1520592919229197 AUDIO_PLAYBACK_ONSET 157 38 1 who
1520592919475911 AUDIO_PLAYBACK_ONSET 158 38 2 sneezes?
1520592920494537 AUDIO_PLAYBACK_ONSET _ 38 END_OF_WAV
1520592920510394 AUDIO_PLAYBACK_DONE 38.wav
1520592921510353 AUDIO_PLAYBACK_ONSET 159 87 1 who
1520592921691915 AUDIO_PLAYBACK_ONSET 160 87 2 kicked
1520592922015480 AUDIO_PLAYBACK_ONSET 161 87 3 the
1520592922165333 AUDIO_PLAYBACK_ONSET 162 87 4 ball?
1520592922545559 AUDIO_PLAYBACK_ONSET _ 87 END_OF_WAV
1520592922619675 AUDIO_PLAYBACK_DONE 87.wav
1520592923619634 AUDIO_PLAYBACK_ONSET 163 108 1 she
1520592923872535 AUDIO_PLAYBACK_ONSET 164 108 2 arrives
1520592924781303 AUDIO_PLAYBACK_ONSET _ 108 END_OF_WAV
1520592925103932 AUDIO_PLAYBACK_DONE 108.wav
1520592926103891 AUDIO_PLAYBACK_ONSET 165 80 1 she
1520592926411463 AUDIO_PLAYBACK_ONSET 166 80 2 crawls
1520592927159246 AUDIO_PLAYBACK_ONSET _ 80 END_OF_WAV
1520592927322572 AUDIO_PLAYBACK_DONE 80.wav
1520592928322531 AUDIO_PLAYBACK_ONSET 167 48 1 she
1520592928537158 AUDIO_PLAYBACK_ONSET 168 48 2 collapsed
1520592929439679 AUDIO_PLAYBACK_ONSET _ 48 END_OF_WAV
1520592929494346 AUDIO_PLAYBACK_DONE 48.wav
1520592930494305 AUDIO_PLAYBACK_ONSET 169 7 1 he
1520592930651994 AUDIO_PLAYBACK_ONSET 170 7 2 arrived
1520592931486266 AUDIO_PLAYBACK_ONSET _ 7 END_OF_WAV
1520592931588005 AUDIO_PLAYBACK_DONE 7.wav
1520592932587963 AUDIO_PLAYBACK_ONSET 171 28 1 the
1520592932698367 AUDIO_PLAYBACK_ONSET 172 28 2 host
1520592933061265 AUDIO_PLAYBACK_ONSET 173 28 3 was
1520592933232633 AUDIO_PLAYBACK_ONSET 174 28 4 warned
1520592933959437 AUDIO_PLAYBACK_ONSET _ 28 END_OF_WAV
1520592934087881 AUDIO_PLAYBACK_DONE 28.wav
1520592935087839 AUDIO_PLAYBACK_ONSET 175 13 1 she
1520592935357360 AUDIO_PLAYBACK_ONSET 176 13 2 sliced
1520592935800949 AUDIO_PLAYBACK_ONSET 177 13 3 the
1520592935877771 AUDIO_PLAYBACK_ONSET 178 13 4 mushrooms
1520592936810793 AUDIO_PLAYBACK_ONSET _ 13 END_OF_WAV
1520592936931511 AUDIO_PLAYBACK_DONE 13.wav
1520592937931470 AUDIO_PLAYBACK_ONSET 179 94 1 she
1520592938277537 AUDIO_PLAYBACK_ONSET 180 94 2 kicked
1520592938587953 AUDIO_PLAYBACK_ONSET 181 94 3 the
1520592938735380 AUDIO_PLAYBACK_ONSET 182 94 4 ball
1520592939097395 AUDIO_PLAYBACK_ONSET _ 94 END_OF_WAV
1520592939150154 AUDIO_PLAYBACK_DONE 94.wav
1520592940150113 AUDIO_PLAYBACK_ONSET 183 142 1 he
1520592940287576 AUDIO_PLAYBACK_ONSET 184 142 2 undressed
1520592941197691 AUDIO_PLAYBACK_ONSET _ 142 END_OF_WAV
1520592941595363 AUDIO_PLAYBACK_DONE 142.wav
1520592942595322 AUDIO_PLAYBACK_ONSET 185 135 1 the
1520592942740461 AUDIO_PLAYBACK_ONSET 186 135 2 boy
1520592942889462 AUDIO_PLAYBACK_ONSET 187 135 3 heard
1520592943161335 AUDIO_PLAYBACK_ONSET 188 135 4 the
1520592943200880 AUDIO_PLAYBACK_ONSET 189 135 5 men
1520592943606924 AUDIO_PLAYBACK_ONSET _ 135 END_OF_WAV
1520592943646053 AUDIO_PLAYBACK_DONE 135.wav
1520592944646012 AUDIO_PLAYBACK_ONSET 190 79 1 the
1520592944739973 AUDIO_PLAYBACK_ONSET 191 79 2 boy
1520592944964897 AUDIO_PLAYBACK_ONSET 192 79 3 collapses
1520592945919278 AUDIO_PLAYBACK_ONSET _ 79 END_OF_WAV
1520592945958454 AUDIO_PLAYBACK_DONE 79.wav
1520592946958413 AUDIO_PLAYBACK_ONSET 193 78 1 she
1520592947189201 AUDIO_PLAYBACK_ONSET 194 78 2 saw
1520592947427133 AUDIO_PLAYBACK_ONSET 195 78 3 that
1520592947593399 AUDIO_PLAYBACK_ONSET 196 78 4 he
1520592947728132 AUDIO_PLAYBACK_ONSET 197 78 5 crawled
1520592948248907 AUDIO_PLAYBACK_ONSET _ 78 END_OF_WAV
1520592948380220 AUDIO_PLAYBACK_DONE 78.wav
1520592949380178 AUDIO_PLAYBACK_ONSET 198 111 1 he
1520592949668223 AUDIO_PLAYBACK_ONSET 199 111 2 jumped
1520592950363954 AUDIO_PLAYBACK_ONSET _ 111 END_OF_WAV
1520592950661377 AUDIO_PLAYBACK_DONE 111.wav
1520592951661335 AUDIO_PLAYBACK_ONSET 200 91 1 the
1520592951808438 AUDIO_PLAYBACK_ONSET 201 91 2 girl
1520592952017335 AUDIO_PLAYBACK_ONSET 202 91 3 fell
1520592952505777 AUDIO_PLAYBACK_ONSET _ 91 END_OF_WAV
1520592952567536 AUDIO_PLAYBACK_DONE 91.wav
1520592953567495 AUDIO_PLAYBACK_ONSET 203 150 1 What
1520592953700664 AUDIO_PLAYBACK_ONSET 204 150 2 did
1520592953864471 AUDIO_PLAYBACK_ONSET 205 150 3 the
1520592953982917 AUDIO_PLAYBACK_ONSET 206 150 4 boy
1520592954170245 AUDIO_PLAYBACK_ONSET 207 150 5 smell?
1520592954744832 AUDIO_PLAYBACK_ONSET _ 150 END_OF_WAV
1520592954817424 AUDIO_PLAYBACK_DONE 150.wav
1520592955817383 AUDIO_PLAYBACK_ONSET 208 2 1 who
1520592955936372 AUDIO_PLAYBACK_ONSET 209 2 2 hugs
1520592956228770 AUDIO_PLAYBACK_ONSET 210 2 3 the
1520592956309992 AUDIO_PLAYBACK_ONSET 211 2 4 friend?
1520592956848923 AUDIO_PLAYBACK_ONSET _ 2 END_OF_WAV
1520592957239188 AUDIO_PLAYBACK_DONE 2.wav
1520592958239146 AUDIO_PLAYBACK_ONSET 212 117 1 the
1520592958306162 AUDIO_PLAYBACK_ONSET 213 117 2 women
1520592958558428 AUDIO_PLAYBACK_ONSET 214 117 3 hug
1520592958830100 AUDIO_PLAYBACK_ONSET 215 117 4 the
1520592958890163 AUDIO_PLAYBACK_ONSET 216 117 5 friend
1520592959562872 AUDIO_PLAYBACK_ONSET _ 117 END_OF_WAV
1520592959614081 AUDIO_PLAYBACK_DONE 117.wav
1520592960614039 AUDIO_PLAYBACK_ONSET 217 120 1 they
1520592960752203 AUDIO_PLAYBACK_ONSET 218 120 2 caught
1520592960911697 AUDIO_PLAYBACK_ONSET 219 120 3 him
1520592961053760 AUDIO_PLAYBACK_ONSET 220 120 4 stealing
1520592961760590 AUDIO_PLAYBACK_ONSET _ 120 END_OF_WAV
1520592961910861 AUDIO_PLAYBACK_DONE 120.wav
1520592962910820 AUDIO_PLAYBACK_ONSET 221 83 1 What
1520592963046363 AUDIO_PLAYBACK_ONSET 222 83 2 will
1520592963266371 AUDIO_PLAYBACK_ONSET 223 83 3 the
1520592963439882 AUDIO_PLAYBACK_ONSET 224 83 4 girl
1520592963848144 AUDIO_PLAYBACK_ONSET 225 83 5 eat?
1520592964378885 AUDIO_PLAYBACK_ONSET _ 83 END_OF_WAV
1520592964598234 AUDIO_PLAYBACK_DONE 83.wav
1520592965598193 AUDIO_PLAYBACK_ONSET 226 147 1 the
1520592965734914 AUDIO_PLAYBACK_ONSET 227 147 2 boys
1520592966077341 AUDIO_PLAYBACK_ONSET 228 147 3 tickle
1520592966336205 AUDIO_PLAYBACK_ONSET 229 147 4 the
1520592966470632 AUDIO_PLAYBACK_ONSET 230 147 5 girl
1520592966921146 AUDIO_PLAYBACK_ONSET _ 147 END_OF_WAV
1520592966949685 AUDIO_PLAYBACK_DONE 147.wav
1520592967949644 AUDIO_PLAYBACK_ONSET 231 30 1 Whom
1520592968210247 AUDIO_PLAYBACK_ONSET 232 30 2 will
1520592968417906 AUDIO_PLAYBACK_ONSET 233 30 3 the
1520592968576169 AUDIO_PLAYBACK_ONSET 234 30 4 boy
1520592968804996 AUDIO_PLAYBACK_ONSET 235 30 5 hear?
1520592969418898 AUDIO_PLAYBACK_ONSET _ 30 END_OF_WAV
1520592969449562 AUDIO_PLAYBACK_DONE 30.wav
1520592970449521 AUDIO_PLAYBACK_ONSET 236 112 1 who
1520592970602956 AUDIO_PLAYBACK_ONSET 237 112 2 appeared?
1520592971282127 AUDIO_PLAYBACK_ONSET _ 112 END_OF_WAV
1520592971386968 AUDIO_PLAYBACK_DONE 112.wav
1520592972386926 AUDIO_PLAYBACK_ONSET 238 61 1 who
1520592972597127 AUDIO_PLAYBACK_ONSET 239 61 2 tickles
1520592973004379 AUDIO_PLAYBACK_ONSET 240 61 3 the
1520592973125345 AUDIO_PLAYBACK_ONSET 241 61 4 girl?
1520592973600136 AUDIO_PLAYBACK_ONSET _ 61 END_OF_WAV
1520592973886846 AUDIO_PLAYBACK_DONE 61.wav
1520592974886804 AUDIO_PLAYBACK_ONSET 242 116 1 who
1520592975040703 AUDIO_PLAYBACK_ONSET 243 116 2 vanished?
1520592975879702 AUDIO_PLAYBACK_ONSET _ 116 END_OF_WAV
1520592975949260 AUDIO_PLAYBACK_DONE 116.wav
1520592976949218 AUDIO_PLAYBACK_ONSET 244 102 1 we
1520592977099725 AUDIO_PLAYBACK_ONSET 245 102 2 heard
1520592977364278 AUDIO_PLAYBACK_ONSET 246 102 3 that
1520592977472455 AUDIO_PLAYBACK_ONSET 247 102 4 she
1520592977690952 AUDIO_PLAYBACK_ONSET 248 102 5 sneezed
1520592978502817 AUDIO_PLAYBACK_ONSET _ 102 END_OF_WAV
1520592978542898 AUDIO_PLAYBACK_DONE 102.wav
1520592979542856 AUDIO_PLAYBACK_ONSET 249 15 1 he
1520592979702467 AUDIO_PLAYBACK_ONSET 250 15 2 remains
1520592980597162 AUDIO_PLAYBACK_ONSET _ 15 END_OF_WAV
1520592980605311 AUDIO_PLAYBACK_DONE 15.wav
1520592981605269 AUDIO_PLAYBACK_ONSET 251 72 1 the
1520592981749438 AUDIO_PLAYBACK_ONSET 252 72 2 girls
1520592982017778 AUDIO_PLAYBACK_ONSET 253 72 3 found
1520592982260183 AUDIO_PLAYBACK_ONSET 254 72 4 the
1520592982368916 AUDIO_PLAYBACK_ONSET 255 72 5 bikes
1520592983081166 AUDIO_PLAYBACK_ONSET _ 72 END_OF_WAV
1520592983089564 AUDIO_PLAYBACK_DONE 72.wav
1520592984089523 AUDIO_PLAYBACK_ONSET 256 110 1 The
1520592984219722 AUDIO_PLAYBACK_ONSET 257 110 2 cake
1520592984461552 AUDIO_PLAYBACK_ONSET 258 110 3 was
1520592984626203 AUDIO_PLAYBACK_ONSET 259 110 4 overcooked
1520592985581174 AUDIO_PLAYBACK_ONSET _ 110 END_OF_WAV
1520592985620712 AUDIO_PLAYBACK_DONE 110.wav
1520592985270696 KEY_PRESS l
1520592986620671 AUDIO_PLAYBACK_ONSET 260 49 1 the
1520592986790379 AUDIO_PLAYBACK_ONSET 261 49 2 girl
1520592986999615 AUDIO_PLAYBACK_ONSET 262 49 3 ate
1520592987185886 AUDIO_PLAYBACK_ONSET 263 49 4 the
1520592987244575 AUDIO_PLAYBACK_ONSET 264 49 5 salad
1520592987860375 AUDIO_PLAYBACK_ONSET _ 49 END_OF_WAV
1520592987886246 AUDIO_PLAYBACK_DONE 49.wav
1520592985670662 KEY_PRESS l
1520592987774574 KEY_PRESS l
1520592988886204 AUDIO_PLAYBACK_ONSET 265 32 1 the
1520592989030152 AUDIO_PLAYBACK_ONSET 266 32 2 girls
1520592989381876 AUDIO_PLAYBACK_ONSET 267 32 3 appear
1520592990032235 AUDIO_PLAYBACK_ONSET _ 32 END_OF_WAV
1520592990120512 AUDIO_PLAYBACK_DONE 32.wav
1520592988134561 KEY_PRESS l
1520592991120471 AUDIO_PLAYBACK_ONSET 268 137 1 the
1520592991261437 AUDIO_PLAYBACK_ONSET 269 137 2 boys
1520592991571991 AUDIO_PLAYBACK_ONSET 270 137 3 vanished
1520592992434854 AUDIO_PLAYBACK_ONSET _ 137 END_OF_WAV
1520592992542277 AUDIO_PLAYBACK_DONE 137.wav
1520592993542235 AUDIO_PLAYBACK_ONSET 271 65 1 they
1520592993673935 AUDIO_PLAYBACK_ONSET 272 65 2 found
1520592993966859 AUDIO_PLAYBACK_ONSET 273 65 3 the
1520592994086986 AUDIO_PLAYBACK_ONSET 274 65 4 bikes
1520592994736594 AUDIO_PLAYBACK_ONSET _ 65 END_OF_WAV
1520592994917172 AUDIO_PLAYBACK_DONE 65.wav
1520592995917131 AUDIO_PLAYBACK_ONSET 275 126 1 the
1520592996006403 AUDIO_PLAYBACK_ONSET 276 126 2 host
1520592996308263 AUDIO_PLAYBACK_ONSET 277 126 3 will
1520592996472744 AUDIO_PLAYBACK_ONSET 278 126 4 eat
1520592997005439 AUDIO_PLAYBACK_ONSET _ 126 END_OF_WAV
1520592997307689 AUDIO_PLAYBACK_DONE 126.wav
1520592998307648 AUDIO_PLAYBACK_ONSET 279 4 1 he
1520592998416670 AUDIO_PLAYBACK_ONSET 280 4 2 showered
1520592999150908 AUDIO_PLAYBACK_ONSET _ 4 END_OF_WAV
1520592999364230 AUDIO_PLAYBACK_DONE 4.wav
1520593000364188 AUDIO_PLAYBACK_ONSET 281 3 1 They
1520593000483043 AUDIO_PLAYBACK_ONSET 282 3 2 ate
1520593000729734 AUDIO_PLAYBACK_ONSET 283 3 3 the
1520593000848065 AUDIO_PLAYBACK_ONSET 284 3 4 grapes
1520593001206067 AUDIO_PLAYBACK_ONSET 285 3 5 together
1520593001696440 AUDIO_PLAYBACK_ONSET _ 3 END_OF_WAV
1520593001856307 AUDIO_PLAYBACK_DONE 3.wav
1520593001774014 KEY_PRESS l
1520593002856266 AUDIO_PLAYBACK_ONSET 286 24 1 The
1520593002959646 AUDIO_PLAYBACK_ONSET 287 24 2 sandwich
1520593003563726 AUDIO_PLAYBACK_ONSET 288 24 3 is
1520593003754375 AUDIO_PLAYBACK_ONSET 289 24 4 healthy
1520593004319896 AUDIO_PLAYBACK_ONSET _ 24 END_OF_WAV
1520593004449946 AUDIO_PLAYBACK_DONE 24.wav
1520593002165978 KEY_PRESS l
1520593003773923 KEY_PRESS l
1520593004061795 KEY_PRESS l
1520593005449905 AUDIO_PLAYBACK_ONSET 290 29 1 he
1520593005747806 AUDIO_PLAYBACK_ONSET 291 29 2 bloomed
1520593006683276 AUDIO_PLAYBACK_ONSET _ 29 END_OF_WAV
1520593006949824 AUDIO_PLAYBACK_DONE 29.wav
1520593007949783 AUDIO_PLAYBACK_ONSET 292 114 1 she
1520593008151798 AUDIO_PLAYBACK_ONSET 293 114 2 saw
1520593008335126 AUDIO_PLAYBACK_ONSET 294 114 3 him
1520593008552466 AUDIO_PLAYBACK_ONSET 295 114 4 coming
1520593009031110 AUDIO_PLAYBACK_ONSET _ 114 END_OF_WAV
1520593009184089 AUDIO_PLAYBACK_DONE 114.wav
1520593010184048 AUDIO_PLAYBACK_ONSET 296 22 1 they
1520593010519364 AUDIO_PLAYBACK_ONSET 297 22 2 vanished
1520593011247450 AUDIO_PLAYBACK_ONSET _ 22 END_OF_WAV
1520593011340239 AUDIO_PLAYBACK_DONE 22.wav
1520593012340198 AUDIO_PLAYBACK_ONSET 298 17 1 he
1520593012489075 AUDIO_PLAYBACK_ONSET 299 17 2 was
1520593012719580 AUDIO_PLAYBACK_ONSET 300 17 3 hugged
1520593013245778 AUDIO_PLAYBACK_ONSET _ 17 END_OF_WAV
1520593013340138 AUDIO_PLAYBACK_DONE 17.wav
1520593014340096 AUDIO_PLAYBACK_ONSET 301 37 1 who
1520593014655819 AUDIO_PLAYBACK_ONSET 302 37 2 blooms?
1520593015432758 AUDIO_PLAYBACK_ONSET _ 37 END_OF_WAV
1520593015433796 AUDIO_PLAYBACK_DONE 37.wav
1520593016433755 AUDIO_PLAYBACK_ONSET 303 19 1 who
1520593016675303 AUDIO_PLAYBACK_ONSET 304 19 2 laughs?
1520593017443194 AUDIO_PLAYBACK_ONSET _ 19 END_OF_WAV
1520593017464964 AUDIO_PLAYBACK_DONE 19.wav
1520593018464922 AUDIO_PLAYBACK_ONSET 305 88 1 he
1520593018680761 AUDIO_PLAYBACK_ONSET 306 88 2 collapses
1520593019625114 AUDIO_PLAYBACK_ONSET _ 88 END_OF_WAV
1520593019683605 AUDIO_PLAYBACK_DONE 88.wav
1520593020683564 AUDIO_PLAYBACK_ONSET 307 143 1 he
1520593020801084 AUDIO_PLAYBACK_ONSET 308 143 2 was
1520593021042836 AUDIO_PLAYBACK_ONSET 309 143 3 kissed
1520593021729052 AUDIO_PLAYBACK_ONSET _ 143 END_OF_WAV
1520593021800688 AUDIO_PLAYBACK_DONE 143.wav
1520593022800647 AUDIO_PLAYBACK_ONSET 310 98 1 the
1520593022923388 AUDIO_PLAYBACK_ONSET 311 98 2 boy
1520593023244902 AUDIO_PLAYBACK_ONSET 312 98 3 bloomed
1520593023912384 AUDIO_PLAYBACK_ONSET _ 98 END_OF_WAV
1520593024148235 AUDIO_PLAYBACK_DONE 98.wav
1520593025148194 AUDIO_PLAYBACK_ONSET 313 124 1 who
1520593025256377 AUDIO_PLAYBACK_ONSET 314 124 2 disappeared?
1520593026011180 AUDIO_PLAYBACK_ONSET _ 124 END_OF_WAV
1520593026132510 AUDIO_PLAYBACK_DONE 124.wav
1520593027132469 AUDIO_PLAYBACK_ONSET 315 36 1 she
1520593027534450 AUDIO_PLAYBACK_ONSET 316 36 2 laughed
1520593028293845 AUDIO_PLAYBACK_ONSET _ 36 END_OF_WAV
1520593028382401 AUDIO_PLAYBACK_DONE 36.wav
1520593029382359 AUDIO_PLAYBACK_ONSET 317 53 1 they
1520593029543166 AUDIO_PLAYBACK_ONSET 318 53 2 heard
1520593029717558 AUDIO_PLAYBACK_ONSET 319 53 3 her
1520593029867757 AUDIO_PLAYBACK_ONSET 320 53 4 coughing
1520593030473595 AUDIO_PLAYBACK_ONSET _ 53 END_OF_WAV
1520593030882280 AUDIO_PLAYBACK_DONE 53.wav
1520593031882238 AUDIO_PLAYBACK_ONSET 321 18 1 The
1520593031982562 AUDIO_PLAYBACK_ONSET 322 18 2 chef
1520593032255743 AUDIO_PLAYBACK_ONSET 323 18 3 served
1520593032712389 AUDIO_PLAYBACK_ONSET 324 18 4 the
1520593032861581 AUDIO_PLAYBACK_ONSET 325 18 5 cake
1520593033319235 AUDIO_PLAYBACK_ONSET _ 18 END_OF_WAV
1520593033382158 AUDIO_PLAYBACK_DONE 18.wav
1520593034382116 AUDIO_PLAYBACK_ONSET 326 34 1 the
1520593034587740 AUDIO_PLAYBACK_ONSET 327 34 2 boy
1520593034838158 AUDIO_PLAYBACK_ONSET 328 34 3 laughs
1520593035661488 AUDIO_PLAYBACK_ONSET _ 34 END_OF_WAV
1520593035757052 AUDIO_PLAYBACK_DONE 34.wav
1520593033956689 KEY_PRESS [{
1520593034612643 KEY_PRESS [{
1520593036757011 AUDIO_PLAYBACK_ONSET 329 84 1 the
1520593036906141 AUDIO_PLAYBACK_ONSET 330 84 2 girl
1520593037107750 AUDIO_PLAYBACK_ONSET 331 84 3 smiled
1520593037888986 AUDIO_PLAYBACK_ONSET _ 84 END_OF_WAV
1520593038006939 AUDIO_PLAYBACK_DONE 84.wav
1520593036268589 KEY_PRESS l
1520593036684562 KEY_PRESS l
1520593039006898 AUDIO_PLAYBACK_ONSET 332 127 1 the
1520593039099282 AUDIO_PLAYBACK_ONSET 333 127 2 woman
1520593039398166 AUDIO_PLAYBACK_ONSET 334 127 3 will
1520593039487752 AUDIO_PLAYBACK_ONSET 335 127 4 speak
1520593040182243 AUDIO_PLAYBACK_ONSET _ 127 END_OF_WAV
1520593040186534 AUDIO_PLAYBACK_DONE 127.wav
1520593041186493 AUDIO_PLAYBACK_ONSET 336 152 1 she
1520593041521044 AUDIO_PLAYBACK_ONSET 337 152 2 dressed
1520593042146545 AUDIO_PLAYBACK_ONSET _ 152 END_OF_WAV
1520593042248948 AUDIO_PLAYBACK_DONE 152.wav
1520593043248907 AUDIO_PLAYBACK_ONSET 338 20 1 she
1520593043630192 AUDIO_PLAYBACK_ONSET 339 20 2 sneezed
1520593044463155 AUDIO_PLAYBACK_ONSET _ 20 END_OF_WAV
1520593044467593 AUDIO_PLAYBACK_DONE 20.wav
1520593045467552 AUDIO_PLAYBACK_ONSET 340 82 1 the
1520593045610079 AUDIO_PLAYBACK_ONSET 341 82 2 boy
1520593045802094 AUDIO_PLAYBACK_ONSET 342 82 3 will
1520593045939001 AUDIO_PLAYBACK_ONSET 343 82 4 sing
1520593046495242 AUDIO_PLAYBACK_ONSET _ 82 END_OF_WAV
1520593046748751 AUDIO_PLAYBACK_DONE 82.wav
1520593047748710 AUDIO_PLAYBACK_ONSET 344 119 1 she
1520593047980679 AUDIO_PLAYBACK_ONSET 345 119 2 was
1520593048215345 AUDIO_PLAYBACK_ONSET 346 119 3 kicked
1520593048885154 AUDIO_PLAYBACK_ONSET _ 119 END_OF_WAV
1520593048904902 AUDIO_PLAYBACK_DONE 119.wav
1520593049904861 AUDIO_PLAYBACK_ONSET 347 70 1 she
1520593050296443 AUDIO_PLAYBACK_ONSET 348 70 2 jumps
1520593051069270 AUDIO_PLAYBACK_ONSET _ 70 END_OF_WAV
1520593051436051 AUDIO_PLAYBACK_DONE 70.wav
1520593052436009 AUDIO_PLAYBACK_ONSET 349 58 1 he
1520593052647464 AUDIO_PLAYBACK_ONSET 350 58 2 laughs
1520593053435491 AUDIO_PLAYBACK_ONSET _ 58 END_OF_WAV
1520593053662513 AUDIO_PLAYBACK_DONE 58.wav
1520593054662472 AUDIO_PLAYBACK_ONSET 351 11 1 he
1520593054810137 AUDIO_PLAYBACK_ONSET 352 11 2 will
1520593055006138 AUDIO_PLAYBACK_ONSET 353 11 3 drive
1520593055614640 AUDIO_PLAYBACK_ONSET _ 11 END_OF_WAV
1520593055615542 AUDIO_PLAYBACK_DONE 11.wav
1520593056615501 AUDIO_PLAYBACK_ONSET 354 105 1 the
1520593056758805 AUDIO_PLAYBACK_ONSET 355 105 2 boys
1520593057060880 AUDIO_PLAYBACK_ONSET 356 105 3 winked
1520593057731159 AUDIO_PLAYBACK_ONSET _ 105 END_OF_WAV
1520593057830285 AUDIO_PLAYBACK_DONE 105.wav
1520593058830244 AUDIO_PLAYBACK_ONSET 357 10 1 they
1520593059131549 AUDIO_PLAYBACK_ONSET 358 10 2 wink
1520593059734869 AUDIO_PLAYBACK_ONSET _ 10 END_OF_WAV
1520593059955190 AUDIO_PLAYBACK_DONE 10.wav
1520593060955148 AUDIO_PLAYBACK_ONSET 359 118 1 the
1520593061038335 AUDIO_PLAYBACK_ONSET 360 118 2 woman
1520593061315548 AUDIO_PLAYBACK_ONSET 361 118 3 was
1520593061582681 AUDIO_PLAYBACK_ONSET 362 118 4 pinched
1520593062416338 AUDIO_PLAYBACK_ONSET _ 118 END_OF_WAV
1520593062455088 AUDIO_PLAYBACK_DONE 118.wav
1520593063455047 AUDIO_PLAYBACK_ONSET 363 100 1 she
1520593063778780 AUDIO_PLAYBACK_ONSET 364 100 2 fell
1520593064286250 AUDIO_PLAYBACK_ONSET _ 100 END_OF_WAV
1520593064330023 AUDIO_PLAYBACK_DONE 100.wav
1520593065329982 AUDIO_PLAYBACK_ONSET 365 97 1 they
1520593065525997 AUDIO_PLAYBACK_ONSET 366 97 2 kissed
1520593065859130 AUDIO_PLAYBACK_ONSET 367 97 3 the
1520593065975726 AUDIO_PLAYBACK_ONSET 368 97 4 clowns
1520593066783016 AUDIO_PLAYBACK_ONSET _ 97 END_OF_WAV
1520593066982273 AUDIO_PLAYBACK_DONE 97.wav
1520593067982232 AUDIO_PLAYBACK_ONSET 369 123 1 Who
1520593068055901 AUDIO_PLAYBACK_ONSET 370 123 2 will
1520593068170074 AUDIO_PLAYBACK_ONSET 371 123 3 the
1520593068301679 AUDIO_PLAYBACK_ONSET 372 123 4 boys
1520593068604108 AUDIO_PLAYBACK_ONSET 373 123 5 kiss?
1520593069235984 AUDIO_PLAYBACK_ONSET _ 123 END_OF_WAV
1520593069279053 AUDIO_PLAYBACK_DONE 123.wav
1520593070279012 AUDIO_PLAYBACK_ONSET 374 31 1 she
1520593070702834 AUDIO_PLAYBACK_ONSET 375 31 2 washed
1520593071520192 AUDIO_PLAYBACK_ONSET _ 31 END_OF_WAV
1520593071528939 AUDIO_PLAYBACK_DONE 31.wav
1520593072528897 AUDIO_PLAYBACK_ONSET 376 89 1 he
1520593072619826 AUDIO_PLAYBACK_ONSET 377 89 2 hears
1520593072953462 AUDIO_PLAYBACK_ONSET 378 89 3 the
1520593073029686 AUDIO_PLAYBACK_ONSET 379 89 4 men
1520593073427050 AUDIO_PLAYBACK_ONSET _ 89 END_OF_WAV
1520593073458542 AUDIO_PLAYBACK_DONE 89.wav
1520593074458501 AUDIO_PLAYBACK_ONSET 380 16 1 What
1520593074659388 AUDIO_PLAYBACK_ONSET 381 16 2 will
1520593074860746 AUDIO_PLAYBACK_ONSET 382 16 3 the
1520593075001895 AUDIO_PLAYBACK_ONSET 383 16 4 girls
1520593075420404 AUDIO_PLAYBACK_ONSET 384 16 5 find?
1520593075870498 AUDIO_PLAYBACK_ONSET _ 16 END_OF_WAV
1520593075927171 AUDIO_PLAYBACK_DONE 16.wav
1520593076927130 AUDIO_PLAYBACK_ONSET 385 130 1 they
1520593077143697 AUDIO_PLAYBACK_ONSET 386 130 2 coughed
1520593077904026 AUDIO_PLAYBACK_ONSET _ 130 END_OF_WAV
1520593078239576 AUDIO_PLAYBACK_DONE 130.wav
1520593079239535 AUDIO_PLAYBACK_ONSET 387 5 1 we
1520593079407179 AUDIO_PLAYBACK_ONSET 388 5 2 guessed
1520593079671638 AUDIO_PLAYBACK_ONSET 389 5 3 that
1520593079828937 AUDIO_PLAYBACK_ONSET 390 5 4 they
1520593080001966 AUDIO_PLAYBACK_ONSET 391 5 5 wink
1520593080525968 AUDIO_PLAYBACK_ONSET _ 5 END_OF_WAV
1520593080702358 AUDIO_PLAYBACK_DONE 5.wav
1520593081702317 AUDIO_PLAYBACK_ONSET 392 95 1 he
1520593081833704 AUDIO_PLAYBACK_ONSET 393 95 2 streched
1520593082698914 AUDIO_PLAYBACK_ONSET _ 95 END_OF_WAV
1520593082975693 AUDIO_PLAYBACK_DONE 95.wav
1520593083975652 AUDIO_PLAYBACK_ONSET 394 74 1 she
1520593084166805 AUDIO_PLAYBACK_ONSET 395 74 2 eats
1520593084450907 AUDIO_PLAYBACK_ONSET 396 74 3 the
1520593084528317 AUDIO_PLAYBACK_ONSET 397 74 4 salad
1520593085104502 AUDIO_PLAYBACK_ONSET _ 74 END_OF_WAV
1520593085163090 AUDIO_PLAYBACK_DONE 74.wav
1520593086163048 AUDIO_PLAYBACK_ONSET 398 107 1 they
1520593086306622 AUDIO_PLAYBACK_ONSET 399 107 2 were
1520593086458388 AUDIO_PLAYBACK_ONSET 400 107 3 loved
1520593087210176 AUDIO_PLAYBACK_ONSET _ 107 END_OF_WAV
1520593087327062 AUDIO_PLAYBACK_DONE 107.wav
1520593088327021 AUDIO_PLAYBACK_ONSET 401 103 1 she
1520593088614418 AUDIO_PLAYBACK_ONSET 402 103 2 scratched
1520593089672330 AUDIO_PLAYBACK_ONSET _ 103 END_OF_WAV
1520593089717581 AUDIO_PLAYBACK_DONE 103.wav
1520593087978461 KEY_PRESS l
1520593088218419 KEY_PRESS l
1520593090717540 AUDIO_PLAYBACK_ONSET 403 68 1 he
1520593090979093 AUDIO_PLAYBACK_ONSET 404 68 2 crawled
1520593091549405 AUDIO_PLAYBACK_ONSET _ 68 END_OF_WAV
1520593091694056 AUDIO_PLAYBACK_DONE 68.wav
1520593092694015 AUDIO_PLAYBACK_ONSET 405 62 1 What
1520593092876148 AUDIO_PLAYBACK_ONSET 406 62 2 will
1520593092999530 AUDIO_PLAYBACK_ONSET 407 62 3 the
1520593093133768 AUDIO_PLAYBACK_ONSET 408 62 4 girl
1520593093392375 AUDIO_PLAYBACK_ONSET 409 62 5 kick?
1520593094062582 AUDIO_PLAYBACK_ONSET _ 62 END_OF_WAV
1520593094162688 AUDIO_PLAYBACK_DONE 62.wav
1520593095162647 AUDIO_PLAYBACK_ONSET 410 90 1 Whom
1520593095402382 AUDIO_PLAYBACK_ONSET 411 90 2 do
1520593095529481 AUDIO_PLAYBACK_ONSET 412 90 3 the
1520593095603311 AUDIO_PLAYBACK_ONSET 413 90 4 women
1520593095912647 AUDIO_PLAYBACK_ONSET 414 90 5 hug?
1520593096372446 AUDIO_PLAYBACK_ONSET _ 90 END_OF_WAV
1520593096553225 AUDIO_PLAYBACK_DONE 90.wav
1520593097553184 AUDIO_PLAYBACK_ONSET 415 21 1 who
1520593097806131 AUDIO_PLAYBACK_ONSET 416 21 2 winks?
1520593098521611 AUDIO_PLAYBACK_ONSET _ 21 END_OF_WAV
1520593098521878 AUDIO_PLAYBACK_DONE 21.wav
1520593099521837 AUDIO_PLAYBACK_ONSET 417 66 1 they
1520593099618295 AUDIO_PLAYBACK_ONSET 418 66 2 appeared
1520593100218877 AUDIO_PLAYBACK_ONSET _ 66 END_OF_WAV
1520593100732740 AUDIO_PLAYBACK_DONE 66.wav
1520593101732699 AUDIO_PLAYBACK_ONSET 419 50 1 What
1520593101873746 AUDIO_PLAYBACK_ONSET 420 50 2 did
1520593102025504 AUDIO_PLAYBACK_ONSET 421 50 3 the
1520593102126923 AUDIO_PLAYBACK_ONSET 422 50 4 girl
1520593102360112 AUDIO_PLAYBACK_ONSET 423 50 5 kick?
1520593102828711 AUDIO_PLAYBACK_ONSET _ 50 END_OF_WAV
1520593102834197 AUDIO_PLAYBACK_DONE 50.wav
1520593103834156 AUDIO_PLAYBACK_ONSET 424 81 1 the
1520593103924756 AUDIO_PLAYBACK_ONSET 425 81 2 actors
1520593104299037 AUDIO_PLAYBACK_ONSET 426 81 3 will
1520593104394802 AUDIO_PLAYBACK_ONSET 427 81 4 snore
1520593104982159 AUDIO_PLAYBACK_ONSET _ 81 END_OF_WAV
1520593105021592 AUDIO_PLAYBACK_DONE 81.wav
1520593106021551 AUDIO_PLAYBACK_ONSET 428 69 1 the
1520593106163201 AUDIO_PLAYBACK_ONSET 429 69 2 boy
1520593106388933 AUDIO_PLAYBACK_ONSET 430 69 3 jumped
1520593107052185 AUDIO_PLAYBACK_ONSET _ 69 END_OF_WAV
1520593107318369 AUDIO_PLAYBACK_DONE 69.wav
1520593108318327 AUDIO_PLAYBACK_ONSET 431 132 1 the
1520593108445741 AUDIO_PLAYBACK_ONSET 432 132 2 boys
1520593108721124 AUDIO_PLAYBACK_ONSET 433 132 3 kissed
1520593109012769 AUDIO_PLAYBACK_ONSET 434 132 4 the
1520593109111430 AUDIO_PLAYBACK_ONSET 435 132 5 clowns
1520593109882285 AUDIO_PLAYBACK_ONSET _ 132 END_OF_WAV
1520593109931529 AUDIO_PLAYBACK_DONE 132.wav
1520593110931488 AUDIO_PLAYBACK_ONSET 436 77 1 who
1520593111150664 AUDIO_PLAYBACK_ONSET 437 77 2 heard
1520593111444745 AUDIO_PLAYBACK_ONSET 438 77 3 the
1520593111528466 AUDIO_PLAYBACK_ONSET 439 77 4 men?
1520593111967477 AUDIO_PLAYBACK_ONSET _ 77 END_OF_WAV
1520593111978318 AUDIO_PLAYBACK_DONE 77.wav
1520593112978276 AUDIO_PLAYBACK_ONSET 440 51 1 she
1520593113172906 AUDIO_PLAYBACK_ONSET 441 51 2 smelled
1520593113479944 AUDIO_PLAYBACK_ONSET 442 51 3 it
1520593113657845 AUDIO_PLAYBACK_ONSET 443 51 4 burn
1520593114066025 AUDIO_PLAYBACK_ONSET _ 51 END_OF_WAV
1520593114321986 AUDIO_PLAYBACK_DONE 51.wav
1520593115321945 AUDIO_PLAYBACK_ONSET 444 26 1 Whom
1520593115538936 AUDIO_PLAYBACK_ONSET 445 26 2 will
1520593115728955 AUDIO_PLAYBACK_ONSET 446 26 3 the
1520593115883345 AUDIO_PLAYBACK_ONSET 447 26 4 boy
1520593116129091 AUDIO_PLAYBACK_ONSET 448 26 5 tickle?
1520593116605965 AUDIO_PLAYBACK_ONSET _ 26 END_OF_WAV
1520593116681276 AUDIO_PLAYBACK_DONE 26.wav
1520593117681235 AUDIO_PLAYBACK_ONSET 449 67 1 they
1520593117881056 AUDIO_PLAYBACK_ONSET 450 67 2 appear
1520593118456598 AUDIO_PLAYBACK_ONSET _ 67 END_OF_WAV
1520593118603080 AUDIO_PLAYBACK_DONE 67.wav
1520593119603038 AUDIO_PLAYBACK_ONSET 451 101 1 she
1520593119988381 AUDIO_PLAYBACK_ONSET 452 101 2 cries
1520593120727501 AUDIO_PLAYBACK_ONSET _ 101 END_OF_WAV
1520593120837345 AUDIO_PLAYBACK_DONE 101.wav
1520593121837304 AUDIO_PLAYBACK_ONSET 453 133 1 who
1520593121927921 AUDIO_PLAYBACK_ONSET 454 133 2 found
1520593122218000 AUDIO_PLAYBACK_ONSET 455 133 3 the
1520593122329569 AUDIO_PLAYBACK_ONSET 456 133 4 bikes?
1520593123100735 AUDIO_PLAYBACK_ONSET _ 133 END_OF_WAV
1520593123165392 AUDIO_PLAYBACK_DONE 133.wav
1520593124165350 AUDIO_PLAYBACK_ONSET 457 106 1 they
1520593124477836 AUDIO_PLAYBACK_ONSET 458 106 2 vanish
1520593125316532 AUDIO_PLAYBACK_ONSET _ 106 END_OF_WAV
1520593125384033 AUDIO_PLAYBACK_DONE 106.wav
1520593126383992 AUDIO_PLAYBACK_ONSET 459 75 1 he
1520593126537573 AUDIO_PLAYBACK_ONSET 460 75 2 falls
1520593127274787 AUDIO_PLAYBACK_ONSET _ 75 END_OF_WAV
1520593127383952 AUDIO_PLAYBACK_DONE 75.wav
1520593128383910 AUDIO_PLAYBACK_ONSET 461 140 1 the
1520593128473913 AUDIO_PLAYBACK_ONSET 462 140 2 actors
1520593128789919 AUDIO_PLAYBACK_ONSET 463 140 3 were
1520593128889801 AUDIO_PLAYBACK_ONSET 464 140 4 scorned
1520593129603615 AUDIO_PLAYBACK_ONSET _ 140 END_OF_WAV
1520593129665108 AUDIO_PLAYBACK_DONE 140.wav
1520593130665066 AUDIO_PLAYBACK_ONSET 465 54 1 she
1520593130958682 AUDIO_PLAYBACK_ONSET 466 54 2 smiled
1520593131750838 AUDIO_PLAYBACK_ONSET _ 54 END_OF_WAV
1520593131914994 AUDIO_PLAYBACK_DONE 54.wav
1520593132914953 AUDIO_PLAYBACK_ONSET 467 85 1 The
1520593133016569 AUDIO_PLAYBACK_ONSET 468 85 2 cook
1520593133236011 AUDIO_PLAYBACK_ONSET 469 85 3 prepared
1520593133596328 AUDIO_PLAYBACK_ONSET 470 85 4 the
1520593133655027 AUDIO_PLAYBACK_ONSET 471 85 5 meal
1520593134161639 AUDIO_PLAYBACK_ONSET _ 85 END_OF_WAV
1520593134258661 AUDIO_PLAYBACK_DONE 85.wav
1520593135258620 AUDIO_PLAYBACK_ONSET 472 115 1 she
1520593135416231 AUDIO_PLAYBACK_ONSET 473 115 2 discovered
1520593135974131 AUDIO_PLAYBACK_ONSET 474 115 3 that
1520593136156474 AUDIO_PLAYBACK_ONSET 475 115 4 they
1520593136295345 AUDIO_PLAYBACK_ONSET 476 115 5 cough
1520593136916039 AUDIO_PLAYBACK_ONSET _ 115 END_OF_WAV
1520593137055442 AUDIO_PLAYBACK_DONE 115.wav
1520593138055401 AUDIO_PLAYBACK_ONSET 477 9 1 they
1520593138336417 AUDIO_PLAYBACK_ONSET 478 9 2 will
1520593138540546 AUDIO_PLAYBACK_ONSET 479 9 3 drink
1520593139173095 AUDIO_PLAYBACK_ONSET _ 9 END_OF_WAV
1520593139305331 AUDIO_PLAYBACK_DONE 9.wav
1520593140305290 AUDIO_PLAYBACK_ONSET 480 43 1 she
1520593140519102 AUDIO_PLAYBACK_ONSET 481 43 2 remained
1520593141304539 AUDIO_PLAYBACK_ONSET _ 43 END_OF_WAV
1520593141555217 AUDIO_PLAYBACK_DONE 43.wav
1520593142555175 AUDIO_PLAYBACK_ONSET 482 151 1 He
1520593142662273 AUDIO_PLAYBACK_ONSET 483 151 2 heard
1520593142897907 AUDIO_PLAYBACK_ONSET 484 151 3 her
1520593143089187 AUDIO_PLAYBACK_ONSET 485 151 4 play
1520593143570851 AUDIO_PLAYBACK_ONSET _ 151 END_OF_WAV
1520593143586401 AUDIO_PLAYBACK_DONE 151.wav
1520593144586360 AUDIO_PLAYBACK_ONSET 486 45 1 Whom
1520593144701417 AUDIO_PLAYBACK_ONSET 487 45 2 does
1520593144898408 AUDIO_PLAYBACK_ONSET 488 45 3 the
1520593145019690 AUDIO_PLAYBACK_ONSET 489 45 4 boy
1520593145264458 AUDIO_PLAYBACK_ONSET 490 45 5 tickle?
1520593145678287 AUDIO_PLAYBACK_ONSET _ 45 END_OF_WAV
1520593145680060 AUDIO_PLAYBACK_DONE 45.wav
1520593146680018 AUDIO_PLAYBACK_ONSET 491 47 1 she
1520593146916044 AUDIO_PLAYBACK_ONSET 492 47 2 will
1520593147036328 AUDIO_PLAYBACK_ONSET 493 47 3 sleep
1520593147728992 AUDIO_PLAYBACK_ONSET _ 47 END_OF_WAV
1520593147914341 AUDIO_PLAYBACK_DONE 47.wav
1520593148914299 AUDIO_PLAYBACK_ONSET 494 141 1 who
1520593149059257 AUDIO_PLAYBACK_ONSET 495 141 2 collapsed?
1520593149964836 AUDIO_PLAYBACK_ONSET _ 141 END_OF_WAV
1520593149984574 AUDIO_PLAYBACK_DONE 141.wav
1520593150984533 AUDIO_PLAYBACK_ONSET 496 55 1 the
1520593151107853 AUDIO_PLAYBACK_ONSET 497 55 2 girls
1520593151431857 AUDIO_PLAYBACK_ONSET 498 55 3 cough
1520593152008840 AUDIO_PLAYBACK_ONSET _ 55 END_OF_WAV
1520593152171970 AUDIO_PLAYBACK_DONE 55.wav
1520593153171929 AUDIO_PLAYBACK_ONSET 499 149 1 the
1520593153280349 AUDIO_PLAYBACK_ONSET 500 149 2 girl
1520593153542211 AUDIO_PLAYBACK_ONSET 501 149 3 cries
1520593154309927 AUDIO_PLAYBACK_ONSET _ 149 END_OF_WAV
1520593154328121 AUDIO_PLAYBACK_DONE 149.wav
1520593155328080 AUDIO_PLAYBACK_ONSET 502 113 1 What
1520593155493958 AUDIO_PLAYBACK_ONSET 503 113 2 will
1520593155640566 AUDIO_PLAYBACK_ONSET 504 113 3 the
1520593155783898 AUDIO_PLAYBACK_ONSET 505 113 4 boy
1520593155964906 AUDIO_PLAYBACK_ONSET 506 113 5 smell?
1520593156498919 AUDIO_PLAYBACK_ONSET _ 113 END_OF_WAV
1520593156546765 AUDIO_PLAYBACK_DONE 113.wav
1520593157546724 AUDIO_PLAYBACK_ONSET 507 63 1 he
1520593157667612 AUDIO_PLAYBACK_ONSET 508 63 2 sneezes
1520593158406883 AUDIO_PLAYBACK_ONSET _ 63 END_OF_WAV
1520593158710756 AUDIO_PLAYBACK_DONE 63.wav
