1520593636748884 CHEETAH_SIGNAL SENT_AFTER_TIME 132851.699738
1520593639988121 CHEETAH_SIGNAL SENT_AFTER_TIME 132854.939102
1520593640051448 CHEETAH_SIGNAL SENT_AFTER_TIME 132855.002274
1520593640049667 DISPLAY_INSTRUCTIONS Stimuli/instructions_audio_sentences.png
1520593658190712 KEY_PRESS space
1520593658192047 CHEETAH_SIGNAL SENT_AFTER_TIME 132873.143699
1520593658290006 CHEETAH_SIGNAL SENT_AFTER_TIME 132873.241608
1520593658288375 DISPLAY_INSTRUCTIONS OFF
1520593658335367 CHEETAH_SIGNAL SENT_AFTER_TIME 132873.286993
1520593658368746 CHEETAH_SIGNAL SENT_AFTER_TIME 132873.320454
1520593658423048 CHEETAH_SIGNAL SENT_AFTER_TIME 132873.374689
1520593658421483 DISPLAY_FIXATION
1520593661673252 AUDIO_PLAYBACK_ONSET 1 44 1 The
1520593661741507 AUDIO_PLAYBACK_ONSET 2 44 2 salad
1520593662096635 AUDIO_PLAYBACK_ONSET 3 44 3 is
1520593662269809 AUDIO_PLAYBACK_ONSET 4 44 4 tasty
1520593662845994 AUDIO_PLAYBACK_ONSET _ 44 END_OF_WAV
1520593662860709 AUDIO_PLAYBACK_DONE 44.wav
1520593658186825 KEY_PRESS space
1520593658450951 KEY_PRESS space
1520593660338868 KEY_PRESS l
1520593660514860 KEY_PRESS l
1520593663860668 AUDIO_PLAYBACK_ONSET 5 125 1 we
1520593663972963 AUDIO_PLAYBACK_ONSET 6 125 2 believed
1520593664238333 AUDIO_PLAYBACK_ONSET 7 125 3 that
1520593664365348 AUDIO_PLAYBACK_ONSET 8 125 4 he
1520593664489339 AUDIO_PLAYBACK_ONSET 9 125 5 cried
1520593664962620 AUDIO_PLAYBACK_ONSET _ 125 END_OF_WAV
1520593664985634 AUDIO_PLAYBACK_DONE 125.wav
1520593663258766 KEY_PRESS l
1520593663586723 KEY_PRESS l
1520593665985593 AUDIO_PLAYBACK_ONSET 10 86 1 What
1520593666173934 AUDIO_PLAYBACK_ONSET 11 86 2 does
1520593666399739 AUDIO_PLAYBACK_ONSET 12 86 3 the
1520593666506468 AUDIO_PLAYBACK_ONSET 13 86 4 girl
1520593666733155 AUDIO_PLAYBACK_ONSET 14 86 5 eat?
1520593667248274 AUDIO_PLAYBACK_ONSET _ 86 END_OF_WAV
1520593667298041 AUDIO_PLAYBACK_DONE 86.wav
1520593668298000 AUDIO_PLAYBACK_ONSET 15 9 1 they
1520593668579016 AUDIO_PLAYBACK_ONSET 16 9 2 will
1520593668783145 AUDIO_PLAYBACK_ONSET 17 9 3 drink
1520593669415694 AUDIO_PLAYBACK_ONSET _ 9 END_OF_WAV
1520593669547933 AUDIO_PLAYBACK_DONE 9.wav
1520593667314595 KEY_PRESS l
1520593667618557 KEY_PRESS l
1520593669402362 KEY_PRESS l
1520593670547892 AUDIO_PLAYBACK_ONSET 18 41 1 the
1520593670706592 AUDIO_PLAYBACK_ONSET 19 41 2 boy
1520593670894531 AUDIO_PLAYBACK_ONSET 20 41 3 sneezes
1520593671771583 AUDIO_PLAYBACK_ONSET _ 41 END_OF_WAV
1520593671774398 AUDIO_PLAYBACK_DONE 41.wav
1520593669658361 KEY_PRESS l
1520593672774356 AUDIO_PLAYBACK_ONSET 21 109 1 the
1520593672941929 AUDIO_PLAYBACK_ONSET 22 109 2 boy
1520593673158531 AUDIO_PLAYBACK_ONSET 23 109 3 was
1520593673427583 AUDIO_PLAYBACK_ONSET 24 109 4 pushed
1520593674109441 AUDIO_PLAYBACK_ONSET _ 109 END_OF_WAV
1520593674219608 AUDIO_PLAYBACK_DONE 109.wav
1520593675219567 AUDIO_PLAYBACK_ONSET 25 34 1 the
1520593675425191 AUDIO_PLAYBACK_ONSET 26 34 2 boy
1520593675675609 AUDIO_PLAYBACK_ONSET 27 34 3 laughs
1520593676498939 AUDIO_PLAYBACK_ONSET _ 34 END_OF_WAV
1520593676594505 AUDIO_PLAYBACK_DONE 34.wav
1520593677594464 AUDIO_PLAYBACK_ONSET 28 53 1 they
1520593677755271 AUDIO_PLAYBACK_ONSET 29 53 2 heard
1520593677929663 AUDIO_PLAYBACK_ONSET 30 53 3 her
1520593678079862 AUDIO_PLAYBACK_ONSET 31 53 4 coughing
1520593678685700 AUDIO_PLAYBACK_ONSET _ 53 END_OF_WAV
1520593679094402 AUDIO_PLAYBACK_DONE 53.wav
1520593680094361 AUDIO_PLAYBACK_ONSET 32 15 1 he
1520593680253972 AUDIO_PLAYBACK_ONSET 33 15 2 remains
1520593681148667 AUDIO_PLAYBACK_ONSET _ 15 END_OF_WAV
1520593681156813 AUDIO_PLAYBACK_DONE 15.wav
1520593682156772 AUDIO_PLAYBACK_ONSET 34 106 1 they
1520593682469258 AUDIO_PLAYBACK_ONSET 35 106 2 vanish
1520593683307954 AUDIO_PLAYBACK_ONSET _ 106 END_OF_WAV
1520593683375455 AUDIO_PLAYBACK_DONE 106.wav
1520593684375414 AUDIO_PLAYBACK_ONSET 36 130 1 they
1520593684591981 AUDIO_PLAYBACK_ONSET 37 130 2 coughed
1520593685352310 AUDIO_PLAYBACK_ONSET _ 130 END_OF_WAV
1520593685687859 AUDIO_PLAYBACK_DONE 130.wav
1520593686687818 AUDIO_PLAYBACK_ONSET 38 123 1 Who
1520593686761487 AUDIO_PLAYBACK_ONSET 39 123 2 will
1520593686875660 AUDIO_PLAYBACK_ONSET 40 123 3 the
1520593687007265 AUDIO_PLAYBACK_ONSET 41 123 4 boys
1520593687309694 AUDIO_PLAYBACK_ONSET 42 123 5 kiss?
1520593687941570 AUDIO_PLAYBACK_ONSET _ 123 END_OF_WAV
1520593687984637 AUDIO_PLAYBACK_DONE 123.wav
1520593688984596 AUDIO_PLAYBACK_ONSET 43 28 1 the
1520593689095000 AUDIO_PLAYBACK_ONSET 44 28 2 host
1520593689457898 AUDIO_PLAYBACK_ONSET 45 28 3 was
1520593689629266 AUDIO_PLAYBACK_ONSET 46 28 4 warned
1520593690356070 AUDIO_PLAYBACK_ONSET _ 28 END_OF_WAV
1520593690484517 AUDIO_PLAYBACK_DONE 28.wav
1520593691484476 AUDIO_PLAYBACK_ONSET 47 21 1 who
1520593691737423 AUDIO_PLAYBACK_ONSET 48 21 2 winks?
1520593692452903 AUDIO_PLAYBACK_ONSET _ 21 END_OF_WAV
1520593692453189 AUDIO_PLAYBACK_DONE 21.wav
1520593693453148 AUDIO_PLAYBACK_ONSET 49 147 1 the
1520593693589869 AUDIO_PLAYBACK_ONSET 50 147 2 boys
1520593693932296 AUDIO_PLAYBACK_ONSET 51 147 3 tickle
1520593694191160 AUDIO_PLAYBACK_ONSET 52 147 4 the
1520593694325587 AUDIO_PLAYBACK_ONSET 53 147 5 girl
1520593694776101 AUDIO_PLAYBACK_ONSET _ 147 END_OF_WAV
1520593694804634 AUDIO_PLAYBACK_DONE 147.wav
1520593692545549 KEY_PRESS l
1520593692921521 KEY_PRESS l
1520593695804593 AUDIO_PLAYBACK_ONSET 54 78 1 she
1520593696035381 AUDIO_PLAYBACK_ONSET 55 78 2 saw
1520593696273313 AUDIO_PLAYBACK_ONSET 56 78 3 that
1520593696439579 AUDIO_PLAYBACK_ONSET 57 78 4 he
1520593696574312 AUDIO_PLAYBACK_ONSET 58 78 5 crawled
1520593697095087 AUDIO_PLAYBACK_ONSET _ 78 END_OF_WAV
1520593697226396 AUDIO_PLAYBACK_DONE 78.wav
1520593698226354 AUDIO_PLAYBACK_ONSET 59 51 1 she
1520593698420984 AUDIO_PLAYBACK_ONSET 60 51 2 smelled
1520593698728022 AUDIO_PLAYBACK_ONSET 61 51 3 it
1520593698905923 AUDIO_PLAYBACK_ONSET 62 51 4 burn
1520593699314103 AUDIO_PLAYBACK_ONSET _ 51 END_OF_WAV
1520593699570042 AUDIO_PLAYBACK_DONE 51.wav
1520593700570001 AUDIO_PLAYBACK_ONSET 63 116 1 who
1520593700723900 AUDIO_PLAYBACK_ONSET 64 116 2 vanished?
1520593701562899 AUDIO_PLAYBACK_ONSET _ 116 END_OF_WAV
1520593701632451 AUDIO_PLAYBACK_DONE 116.wav
1520593700281238 KEY_PRESS l
1520593700545200 KEY_PRESS l
1520593702632410 AUDIO_PLAYBACK_ONSET 65 138 1 he
1520593702731479 AUDIO_PLAYBACK_ONSET 66 138 2 shaved
1520593703620872 AUDIO_PLAYBACK_ONSET _ 138 END_OF_WAV
1520593703835472 AUDIO_PLAYBACK_DONE 138.wav
1520593704835431 AUDIO_PLAYBACK_ONSET 67 60 1 the
1520593704978504 AUDIO_PLAYBACK_ONSET 68 60 2 boy
1520593705137715 AUDIO_PLAYBACK_ONSET 69 60 3 smelled
1520593705486064 AUDIO_PLAYBACK_ONSET 70 60 4 the
1520593705551903 AUDIO_PLAYBACK_ONSET 71 60 5 flowers
1520593706419782 AUDIO_PLAYBACK_ONSET _ 60 END_OF_WAV
1520593706616609 AUDIO_PLAYBACK_DONE 60.wav
1520593707616567 AUDIO_PLAYBACK_ONSET 72 33 1 who
1520593707873764 AUDIO_PLAYBACK_ONSET 73 33 2 falls?
1520593708720791 AUDIO_PLAYBACK_ONSET _ 33 END_OF_WAV
1520593708757136 AUDIO_PLAYBACK_DONE 33.wav
1520593709757095 AUDIO_PLAYBACK_ONSET 74 47 1 she
1520593709993121 AUDIO_PLAYBACK_ONSET 75 47 2 will
1520593710113405 AUDIO_PLAYBACK_ONSET 76 47 3 sleep
1520593710806069 AUDIO_PLAYBACK_ONSET _ 47 END_OF_WAV
1520593710991401 AUDIO_PLAYBACK_DONE 47.wav
1520593711991360 AUDIO_PLAYBACK_ONSET 77 152 1 she
1520593712325911 AUDIO_PLAYBACK_ONSET 78 152 2 dressed
1520593712951412 AUDIO_PLAYBACK_ONSET _ 152 END_OF_WAV
1520593713053815 AUDIO_PLAYBACK_DONE 152.wav
1520593714053774 AUDIO_PLAYBACK_ONSET 79 82 1 the
1520593714196301 AUDIO_PLAYBACK_ONSET 80 82 2 boy
1520593714388316 AUDIO_PLAYBACK_ONSET 81 82 3 will
1520593714525223 AUDIO_PLAYBACK_ONSET 82 82 4 sing
1520593715081464 AUDIO_PLAYBACK_ONSET _ 82 END_OF_WAV
1520593715334968 AUDIO_PLAYBACK_DONE 82.wav
1520593716334927 AUDIO_PLAYBACK_ONSET 83 22 1 they
1520593716670243 AUDIO_PLAYBACK_ONSET 84 22 2 vanished
1520593717398329 AUDIO_PLAYBACK_ONSET _ 22 END_OF_WAV
1520593717491141 AUDIO_PLAYBACK_DONE 22.wav
1520593718491100 AUDIO_PLAYBACK_ONSET 85 52 1 he
1520593718635189 AUDIO_PLAYBACK_ONSET 86 52 2 disappeared
1520593719413905 AUDIO_PLAYBACK_ONSET _ 52 END_OF_WAV
1520593719741026 AUDIO_PLAYBACK_DONE 52.wav
1520593720740985 AUDIO_PLAYBACK_ONSET 87 73 1 she
1520593720959225 AUDIO_PLAYBACK_ONSET 88 73 2 heard
1520593721190994 AUDIO_PLAYBACK_ONSET 89 73 3 them
1520593721378839 AUDIO_PLAYBACK_ONSET 90 73 4 crying
1520593721905926 AUDIO_PLAYBACK_ONSET _ 73 END_OF_WAV
1520593722131544 AUDIO_PLAYBACK_DONE 73.wav
1520593723131503 AUDIO_PLAYBACK_ONSET 91 115 1 she
1520593723289114 AUDIO_PLAYBACK_ONSET 92 115 2 discovered
1520593723847014 AUDIO_PLAYBACK_ONSET 93 115 3 that
1520593724029357 AUDIO_PLAYBACK_ONSET 94 115 4 they
1520593724168228 AUDIO_PLAYBACK_ONSET 95 115 5 cough
1520593724788922 AUDIO_PLAYBACK_ONSET _ 115 END_OF_WAV
1520593724928301 AUDIO_PLAYBACK_DONE 115.wav
1520593725928260 AUDIO_PLAYBACK_ONSET 96 89 1 he
1520593726019189 AUDIO_PLAYBACK_ONSET 97 89 2 hears
1520593726352825 AUDIO_PLAYBACK_ONSET 98 89 3 the
1520593726429049 AUDIO_PLAYBACK_ONSET 99 89 4 men
1520593726826413 AUDIO_PLAYBACK_ONSET _ 89 END_OF_WAV
1520593726857908 AUDIO_PLAYBACK_DONE 89.wav
1520593727857867 AUDIO_PLAYBACK_ONSET 100 18 1 The
1520593727958191 AUDIO_PLAYBACK_ONSET 101 18 2 chef
1520593728231372 AUDIO_PLAYBACK_ONSET 102 18 3 served
1520593728688018 AUDIO_PLAYBACK_ONSET 103 18 4 the
1520593728837210 AUDIO_PLAYBACK_ONSET 104 18 5 cake
1520593729294864 AUDIO_PLAYBACK_ONSET _ 18 END_OF_WAV
1520593729357783 AUDIO_PLAYBACK_DONE 18.wav
1520593729120038 KEY_PRESS l
1520593730357742 AUDIO_PLAYBACK_ONSET 105 57 1 who
1520593730537360 AUDIO_PLAYBACK_ONSET 106 57 2 eats
1520593730752210 AUDIO_PLAYBACK_ONSET 107 57 3 the
1520593730819403 AUDIO_PLAYBACK_ONSET 108 57 4 salad?
1520593731439898 AUDIO_PLAYBACK_ONSET _ 57 END_OF_WAV
1520593731592048 AUDIO_PLAYBACK_DONE 57.wav
1520593729544013 KEY_PRESS l
1520593731407928 KEY_PRESS l
1520593732592007 AUDIO_PLAYBACK_ONSET 109 101 1 she
1520593732977350 AUDIO_PLAYBACK_ONSET 110 101 2 cries
1520593733716470 AUDIO_PLAYBACK_ONSET _ 101 END_OF_WAV
1520593733826310 AUDIO_PLAYBACK_DONE 101.wav
1520593731703921 KEY_PRESS l
1520593734826269 AUDIO_PLAYBACK_ONSET 111 12 1 who
1520593735074368 AUDIO_PLAYBACK_ONSET 112 12 2 jumped?
1520593735840804 AUDIO_PLAYBACK_ONSET _ 12 END_OF_WAV
1520593736232448 AUDIO_PLAYBACK_DONE 12.wav
1520593737232407 AUDIO_PLAYBACK_ONSET 113 124 1 who
1520593737340590 AUDIO_PLAYBACK_ONSET 114 124 2 disappeared?
1520593738095393 AUDIO_PLAYBACK_ONSET _ 124 END_OF_WAV
1520593738216720 AUDIO_PLAYBACK_DONE 124.wav
1520593739216679 AUDIO_PLAYBACK_ONSET 115 10 1 they
1520593739517984 AUDIO_PLAYBACK_ONSET 116 10 2 wink
1520593740121304 AUDIO_PLAYBACK_ONSET _ 10 END_OF_WAV
1520593740341624 AUDIO_PLAYBACK_DONE 10.wav
1520593741341583 AUDIO_PLAYBACK_ONSET 117 40 1 he
1520593741680206 AUDIO_PLAYBACK_ONSET 118 40 2 cried
1520593742417303 AUDIO_PLAYBACK_ONSET _ 40 END_OF_WAV
1520593742779007 AUDIO_PLAYBACK_DONE 40.wav
1520593743778966 AUDIO_PLAYBACK_ONSET 119 128 1 Whom
1520593744003471 AUDIO_PLAYBACK_ONSET 120 128 2 will
1520593744089912 AUDIO_PLAYBACK_ONSET 121 128 3 the
1520593744189584 AUDIO_PLAYBACK_ONSET 122 128 4 women
1520593744451554 AUDIO_PLAYBACK_ONSET 123 128 5 hug?
1520593744931390 AUDIO_PLAYBACK_ONSET _ 128 END_OF_WAV
1520593745091433 AUDIO_PLAYBACK_DONE 128.wav
1520593746091392 AUDIO_PLAYBACK_ONSET 124 32 1 the
1520593746235340 AUDIO_PLAYBACK_ONSET 125 32 2 girls
1520593746587064 AUDIO_PLAYBACK_ONSET 126 32 3 appear
1520593747237423 AUDIO_PLAYBACK_ONSET _ 32 END_OF_WAV
1520593747325699 AUDIO_PLAYBACK_DONE 32.wav
1520593748325658 AUDIO_PLAYBACK_ONSET 127 121 1 What
1520593748489426 AUDIO_PLAYBACK_ONSET 128 121 2 did
1520593748611149 AUDIO_PLAYBACK_ONSET 129 121 3 the
1520593748716448 AUDIO_PLAYBACK_ONSET 130 121 4 girls
1520593749006263 AUDIO_PLAYBACK_ONSET 131 121 5 find?
1520593749610045 AUDIO_PLAYBACK_ONSET _ 121 END_OF_WAV
1520593749763082 AUDIO_PLAYBACK_DONE 121.wav
1520593750763040 AUDIO_PLAYBACK_ONSET 132 16 1 What
1520593750963927 AUDIO_PLAYBACK_ONSET 133 16 2 will
1520593751165285 AUDIO_PLAYBACK_ONSET 134 16 3 the
1520593751306434 AUDIO_PLAYBACK_ONSET 135 16 4 girls
1520593751724943 AUDIO_PLAYBACK_ONSET 136 16 5 find?
1520593752175037 AUDIO_PLAYBACK_ONSET _ 16 END_OF_WAV
1520593752231711 AUDIO_PLAYBACK_DONE 16.wav
1520593753231670 AUDIO_PLAYBACK_ONSET 137 58 1 he
1520593753443125 AUDIO_PLAYBACK_ONSET 138 58 2 laughs
1520593754231152 AUDIO_PLAYBACK_ONSET _ 58 END_OF_WAV
1520593754458173 AUDIO_PLAYBACK_DONE 58.wav
1520593755458132 AUDIO_PLAYBACK_ONSET 139 104 1 they
1520593755701139 AUDIO_PLAYBACK_ONSET 140 104 2 heared
1520593755981799 AUDIO_PLAYBACK_ONSET 141 104 3 that
1520593756086637 AUDIO_PLAYBACK_ONSET 142 104 4 she
1520593756284300 AUDIO_PLAYBACK_ONSET 143 104 5 laughed
1520593757057480 AUDIO_PLAYBACK_ONSET _ 104 END_OF_WAV
1520593757083054 AUDIO_PLAYBACK_DONE 104.wav
1520593758083013 AUDIO_PLAYBACK_ONSET 144 27 1 Who
1520593758283197 AUDIO_PLAYBACK_ONSET 145 27 2 did
1520593758465781 AUDIO_PLAYBACK_ONSET 146 27 3 the
1520593758616611 AUDIO_PLAYBACK_ONSET 147 27 4 boys
1520593758984047 AUDIO_PLAYBACK_ONSET 148 27 5 kiss?
1520593759681495 AUDIO_PLAYBACK_ONSET _ 27 END_OF_WAV
1520593759770432 AUDIO_PLAYBACK_DONE 27.wav
1520593760770391 AUDIO_PLAYBACK_ONSET 149 49 1 the
1520593760940099 AUDIO_PLAYBACK_ONSET 150 49 2 girl
1520593761149335 AUDIO_PLAYBACK_ONSET 151 49 3 ate
1520593761335606 AUDIO_PLAYBACK_ONSET 152 49 4 the
1520593761394295 AUDIO_PLAYBACK_ONSET 153 49 5 salad
1520593762010095 AUDIO_PLAYBACK_ONSET _ 49 END_OF_WAV
1520593762035966 AUDIO_PLAYBACK_DONE 49.wav
1520593763035925 AUDIO_PLAYBACK_ONSET 154 88 1 he
1520593763251764 AUDIO_PLAYBACK_ONSET 155 88 2 collapses
1520593764196117 AUDIO_PLAYBACK_ONSET _ 88 END_OF_WAV
1520593764254605 AUDIO_PLAYBACK_DONE 88.wav
1520593765254564 AUDIO_PLAYBACK_ONSET 156 13 1 she
1520593765524085 AUDIO_PLAYBACK_ONSET 157 13 2 sliced
1520593765967674 AUDIO_PLAYBACK_ONSET 158 13 3 the
1520593766044496 AUDIO_PLAYBACK_ONSET 159 13 4 mushrooms
1520593766977518 AUDIO_PLAYBACK_ONSET _ 13 END_OF_WAV
1520593767098231 AUDIO_PLAYBACK_DONE 13.wav
1520593765238571 KEY_PRESS l
1520593765430794 KEY_PRESS l
1520593766710488 KEY_PRESS l
1520593766990459 KEY_PRESS l
1520593768098190 AUDIO_PLAYBACK_ONSET 160 102 1 we
1520593768248697 AUDIO_PLAYBACK_ONSET 161 102 2 heard
1520593768513250 AUDIO_PLAYBACK_ONSET 162 102 3 that
1520593768621427 AUDIO_PLAYBACK_ONSET 163 102 4 she
1520593768839924 AUDIO_PLAYBACK_ONSET 164 102 5 sneezed
1520593769651789 AUDIO_PLAYBACK_ONSET _ 102 END_OF_WAV
1520593769691867 AUDIO_PLAYBACK_DONE 102.wav
1520593770691826 AUDIO_PLAYBACK_ONSET 165 45 1 Whom
1520593770806883 AUDIO_PLAYBACK_ONSET 166 45 2 does
1520593771003874 AUDIO_PLAYBACK_ONSET 167 45 3 the
1520593771125156 AUDIO_PLAYBACK_ONSET 168 45 4 boy
1520593771369924 AUDIO_PLAYBACK_ONSET 169 45 5 tickle?
1520593771783753 AUDIO_PLAYBACK_ONSET _ 45 END_OF_WAV
1520593771785523 AUDIO_PLAYBACK_DONE 45.wav
1520593772785482 AUDIO_PLAYBACK_ONSET 170 71 1 who
1520593772968632 AUDIO_PLAYBACK_ONSET 171 71 2 coughed?
1520593773721975 AUDIO_PLAYBACK_ONSET _ 71 END_OF_WAV
1520593773785420 AUDIO_PLAYBACK_DONE 71.wav
1520593774785378 AUDIO_PLAYBACK_ONSET 172 137 1 the
1520593774926344 AUDIO_PLAYBACK_ONSET 173 137 2 boys
1520593775236898 AUDIO_PLAYBACK_ONSET 174 137 3 vanished
1520593776099761 AUDIO_PLAYBACK_ONSET _ 137 END_OF_WAV
1520593776207180 AUDIO_PLAYBACK_DONE 137.wav
1520593777207138 AUDIO_PLAYBACK_ONSET 175 66 1 they
1520593777303596 AUDIO_PLAYBACK_ONSET 176 66 2 appeared
1520593777904178 AUDIO_PLAYBACK_ONSET _ 66 END_OF_WAV
1520593778418020 AUDIO_PLAYBACK_DONE 66.wav
1520593779417978 AUDIO_PLAYBACK_ONSET 177 105 1 the
1520593779561282 AUDIO_PLAYBACK_ONSET 178 105 2 boys
1520593779863357 AUDIO_PLAYBACK_ONSET 179 105 3 winked
1520593780533636 AUDIO_PLAYBACK_ONSET _ 105 END_OF_WAV
1520593780632757 AUDIO_PLAYBACK_DONE 105.wav
1520593781632716 AUDIO_PLAYBACK_ONSET 180 2 1 who
1520593781751705 AUDIO_PLAYBACK_ONSET 181 2 2 hugs
1520593782044103 AUDIO_PLAYBACK_ONSET 182 2 3 the
1520593782125325 AUDIO_PLAYBACK_ONSET 183 2 4 friend?
1520593782664256 AUDIO_PLAYBACK_ONSET _ 2 END_OF_WAV
1520593783054541 AUDIO_PLAYBACK_DONE 2.wav
1520593784054499 AUDIO_PLAYBACK_ONSET 184 90 1 Whom
1520593784294234 AUDIO_PLAYBACK_ONSET 185 90 2 do
1520593784421333 AUDIO_PLAYBACK_ONSET 186 90 3 the
1520593784495163 AUDIO_PLAYBACK_ONSET 187 90 4 women
1520593784804499 AUDIO_PLAYBACK_ONSET 188 90 5 hug?
1520593785264298 AUDIO_PLAYBACK_ONSET _ 90 END_OF_WAV
1520593785445081 AUDIO_PLAYBACK_DONE 90.wav
1520593786445040 AUDIO_PLAYBACK_ONSET 189 74 1 she
1520593786636193 AUDIO_PLAYBACK_ONSET 190 74 2 eats
1520593786920295 AUDIO_PLAYBACK_ONSET 191 74 3 the
1520593786997705 AUDIO_PLAYBACK_ONSET 192 74 4 salad
1520593787573890 AUDIO_PLAYBACK_ONSET _ 74 END_OF_WAV
1520593787632475 AUDIO_PLAYBACK_DONE 74.wav
1520593788632434 AUDIO_PLAYBACK_ONSET 193 31 1 she
1520593789056256 AUDIO_PLAYBACK_ONSET 194 31 2 washed
1520593789873614 AUDIO_PLAYBACK_ONSET _ 31 END_OF_WAV
1520593789882363 AUDIO_PLAYBACK_DONE 31.wav
1520593787877626 KEY_PRESS l
1520593788133606 KEY_PRESS l
1520593790882322 AUDIO_PLAYBACK_ONSET 195 141 1 who
1520593791027280 AUDIO_PLAYBACK_ONSET 196 141 2 collapsed?
1520593791932859 AUDIO_PLAYBACK_ONSET _ 141 END_OF_WAV
1520593791952575 AUDIO_PLAYBACK_DONE 141.wav
1520593792952534 AUDIO_PLAYBACK_ONSET 197 25 1 they
1520593793245395 AUDIO_PLAYBACK_ONSET 198 25 2 hug
1520593793531681 AUDIO_PLAYBACK_ONSET 199 25 3 the
1520593793633494 AUDIO_PLAYBACK_ONSET 200 25 4 friend
1520593794239332 AUDIO_PLAYBACK_ONSET _ 25 END_OF_WAV
1520593794452453 AUDIO_PLAYBACK_DONE 25.wav
1520593795452412 AUDIO_PLAYBACK_ONSET 201 3 1 They
1520593795571267 AUDIO_PLAYBACK_ONSET 202 3 2 ate
1520593795817958 AUDIO_PLAYBACK_ONSET 203 3 3 the
1520593795936289 AUDIO_PLAYBACK_ONSET 204 3 4 grapes
1520593796294291 AUDIO_PLAYBACK_ONSET 205 3 5 together
1520593796784664 AUDIO_PLAYBACK_ONSET _ 3 END_OF_WAV
1520593796944528 AUDIO_PLAYBACK_DONE 3.wav
1520593796213285 KEY_PRESS l
1520593796493253 KEY_PRESS l
1520593797944487 AUDIO_PLAYBACK_ONSET 206 37 1 who
1520593798260210 AUDIO_PLAYBACK_ONSET 207 37 2 blooms?
1520593799037149 AUDIO_PLAYBACK_ONSET _ 37 END_OF_WAV
1520593799038187 AUDIO_PLAYBACK_DONE 37.wav
1520593800038146 AUDIO_PLAYBACK_ONSET 208 62 1 What
1520593800220279 AUDIO_PLAYBACK_ONSET 209 62 2 will
1520593800343661 AUDIO_PLAYBACK_ONSET 210 62 3 the
1520593800477899 AUDIO_PLAYBACK_ONSET 211 62 4 girl
1520593800736506 AUDIO_PLAYBACK_ONSET 212 62 5 kick?
1520593801406713 AUDIO_PLAYBACK_ONSET _ 62 END_OF_WAV
1520593801506816 AUDIO_PLAYBACK_DONE 62.wav
1520593802506775 AUDIO_PLAYBACK_ONSET 213 20 1 she
1520593802888060 AUDIO_PLAYBACK_ONSET 214 20 2 sneezed
1520593803721023 AUDIO_PLAYBACK_ONSET _ 20 END_OF_WAV
1520593803725457 AUDIO_PLAYBACK_DONE 20.wav
1520593802348984 KEY_PRESS l
1520593802653032 KEY_PRESS l
1520593804725415 AUDIO_PLAYBACK_ONSET 215 7 1 he
1520593804883104 AUDIO_PLAYBACK_ONSET 216 7 2 arrived
1520593805717376 AUDIO_PLAYBACK_ONSET _ 7 END_OF_WAV
1520593805819112 AUDIO_PLAYBACK_DONE 7.wav
1520593806819071 AUDIO_PLAYBACK_ONSET 217 85 1 The
1520593806920687 AUDIO_PLAYBACK_ONSET 218 85 2 cook
1520593807140129 AUDIO_PLAYBACK_ONSET 219 85 3 prepared
1520593807500446 AUDIO_PLAYBACK_ONSET 220 85 4 the
1520593807559145 AUDIO_PLAYBACK_ONSET 221 85 5 meal
1520593808065757 AUDIO_PLAYBACK_ONSET _ 85 END_OF_WAV
1520593808162763 AUDIO_PLAYBACK_DONE 85.wav
1520593808004798 KEY_PRESS l
1520593809162722 AUDIO_PLAYBACK_ONSET 222 65 1 they
1520593809294422 AUDIO_PLAYBACK_ONSET 223 65 2 found
1520593809587346 AUDIO_PLAYBACK_ONSET 224 65 3 the
1520593809707473 AUDIO_PLAYBACK_ONSET 225 65 4 bikes
1520593810357081 AUDIO_PLAYBACK_ONSET _ 65 END_OF_WAV
1520593810537655 AUDIO_PLAYBACK_DONE 65.wav
1520593808436784 KEY_PRESS l
1520593811537614 AUDIO_PLAYBACK_ONSET 226 81 1 the
1520593811628214 AUDIO_PLAYBACK_ONSET 227 81 2 actors
1520593812002495 AUDIO_PLAYBACK_ONSET 228 81 3 will
1520593812098260 AUDIO_PLAYBACK_ONSET 229 81 4 snore
1520593812685617 AUDIO_PLAYBACK_ONSET _ 81 END_OF_WAV
1520593812725048 AUDIO_PLAYBACK_DONE 81.wav
1520593813725007 AUDIO_PLAYBACK_ONSET 230 26 1 Whom
1520593813941998 AUDIO_PLAYBACK_ONSET 231 26 2 will
1520593814132017 AUDIO_PLAYBACK_ONSET 232 26 3 the
1520593814286407 AUDIO_PLAYBACK_ONSET 233 26 4 boy
1520593814532153 AUDIO_PLAYBACK_ONSET 234 26 5 tickle?
1520593815009027 AUDIO_PLAYBACK_ONSET _ 26 END_OF_WAV
1520593815084318 AUDIO_PLAYBACK_DONE 26.wav
1520593816084276 AUDIO_PLAYBACK_ONSET 235 56 1 we
1520593816209393 AUDIO_PLAYBACK_ONSET 236 56 2 revealed
1520593816581683 AUDIO_PLAYBACK_ONSET 237 56 3 that
1520593816659493 AUDIO_PLAYBACK_ONSET 238 56 4 she
1520593816878558 AUDIO_PLAYBACK_ONSET 239 56 5 jumps
1520593817547723 AUDIO_PLAYBACK_ONSET _ 56 END_OF_WAV
1520593817865452 AUDIO_PLAYBACK_DONE 56.wav
1520593818865411 AUDIO_PLAYBACK_ONSET 240 150 1 What
1520593818998580 AUDIO_PLAYBACK_ONSET 241 150 2 did
1520593819162387 AUDIO_PLAYBACK_ONSET 242 150 3 the
1520593819280833 AUDIO_PLAYBACK_ONSET 243 150 4 boy
1520593819468161 AUDIO_PLAYBACK_ONSET 244 150 5 smell?
1520593820042748 AUDIO_PLAYBACK_ONSET _ 150 END_OF_WAV
1520593820115337 AUDIO_PLAYBACK_DONE 150.wav
1520593821115296 AUDIO_PLAYBACK_ONSET 245 117 1 the
1520593821182312 AUDIO_PLAYBACK_ONSET 246 117 2 women
1520593821434578 AUDIO_PLAYBACK_ONSET 247 117 3 hug
1520593821706250 AUDIO_PLAYBACK_ONSET 248 117 4 the
1520593821766313 AUDIO_PLAYBACK_ONSET 249 117 5 friend
1520593822439022 AUDIO_PLAYBACK_ONSET _ 117 END_OF_WAV
1520593822490228 AUDIO_PLAYBACK_DONE 117.wav
1520593823490187 AUDIO_PLAYBACK_ONSET 250 23 1 they
1520593823767927 AUDIO_PLAYBACK_ONSET 251 23 2 saw
1520593824095543 AUDIO_PLAYBACK_ONSET 252 23 3 him
1520593824330419 AUDIO_PLAYBACK_ONSET 253 23 4 dance
1520593824990691 AUDIO_PLAYBACK_ONSET _ 23 END_OF_WAV
1520593824990127 AUDIO_PLAYBACK_DONE 23.wav
1520593825990086 AUDIO_PLAYBACK_ONSET 254 96 1 the
1520593826135890 AUDIO_PLAYBACK_ONSET 255 96 2 girl
1520593826358422 AUDIO_PLAYBACK_ONSET 256 96 3 kicked
1520593826673600 AUDIO_PLAYBACK_ONSET 257 96 4 the
1520593826803486 AUDIO_PLAYBACK_ONSET 258 96 5 ball
1520593827212219 AUDIO_PLAYBACK_ONSET _ 96 END_OF_WAV
1520593827341571 AUDIO_PLAYBACK_DONE 96.wav
1520593828341530 AUDIO_PLAYBACK_ONSET 259 76 1 the
1520593828475184 AUDIO_PLAYBACK_ONSET 260 76 2 girl
1520593828701871 AUDIO_PLAYBACK_ONSET 261 76 3 disappears
1520593829652724 AUDIO_PLAYBACK_ONSET _ 76 END_OF_WAV
1520593829653972 AUDIO_PLAYBACK_DONE 76.wav
1520593830653931 AUDIO_PLAYBACK_ONSET 262 80 1 she
1520593830961503 AUDIO_PLAYBACK_ONSET 263 80 2 crawls
1520593831709286 AUDIO_PLAYBACK_ONSET _ 80 END_OF_WAV
1520593831872612 AUDIO_PLAYBACK_DONE 80.wav
1520593832872570 AUDIO_PLAYBACK_ONSET 264 54 1 she
1520593833166186 AUDIO_PLAYBACK_ONSET 265 54 2 smiled
1520593833958342 AUDIO_PLAYBACK_ONSET _ 54 END_OF_WAV
1520593834122498 AUDIO_PLAYBACK_DONE 54.wav
1520593835122457 AUDIO_PLAYBACK_ONSET 266 72 1 the
1520593835266626 AUDIO_PLAYBACK_ONSET 267 72 2 girls
1520593835534966 AUDIO_PLAYBACK_ONSET 268 72 3 found
1520593835777371 AUDIO_PLAYBACK_ONSET 269 72 4 the
1520593835886104 AUDIO_PLAYBACK_ONSET 270 72 5 bikes
1520593836598354 AUDIO_PLAYBACK_ONSET _ 72 END_OF_WAV
1520593836606750 AUDIO_PLAYBACK_DONE 72.wav
1520593837606708 AUDIO_PLAYBACK_ONSET 271 4 1 he
1520593837715730 AUDIO_PLAYBACK_ONSET 272 4 2 showered
1520593838449968 AUDIO_PLAYBACK_ONSET _ 4 END_OF_WAV
1520593838663290 AUDIO_PLAYBACK_DONE 4.wav
1520593839663249 AUDIO_PLAYBACK_ONSET 273 132 1 the
1520593839790663 AUDIO_PLAYBACK_ONSET 274 132 2 boys
1520593840066046 AUDIO_PLAYBACK_ONSET 275 132 3 kissed
1520593840357691 AUDIO_PLAYBACK_ONSET 276 132 4 the
1520593840456352 AUDIO_PLAYBACK_ONSET 277 132 5 clowns
1520593841227207 AUDIO_PLAYBACK_ONSET _ 132 END_OF_WAV
1520593841276471 AUDIO_PLAYBACK_DONE 132.wav
1520593842276430 AUDIO_PLAYBACK_ONSET 278 98 1 the
1520593842399171 AUDIO_PLAYBACK_ONSET 279 98 2 boy
1520593842720685 AUDIO_PLAYBACK_ONSET 280 98 3 bloomed
1520593843388167 AUDIO_PLAYBACK_ONSET _ 98 END_OF_WAV
1520593843624015 AUDIO_PLAYBACK_DONE 98.wav
1520593844623974 AUDIO_PLAYBACK_ONSET 281 64 1 who
1520593844779787 AUDIO_PLAYBACK_ONSET 282 64 2 remains?
1520593845602066 AUDIO_PLAYBACK_ONSET _ 64 END_OF_WAV
1520593845608289 AUDIO_PLAYBACK_DONE 64.wav
1520593846608247 AUDIO_PLAYBACK_ONSET 283 50 1 What
1520593846749294 AUDIO_PLAYBACK_ONSET 284 50 2 did
1520593846901052 AUDIO_PLAYBACK_ONSET 285 50 3 the
1520593847002471 AUDIO_PLAYBACK_ONSET 286 50 4 girl
1520593847235660 AUDIO_PLAYBACK_ONSET 287 50 5 kick?
1520593847704259 AUDIO_PLAYBACK_ONSET _ 50 END_OF_WAV
1520593847709745 AUDIO_PLAYBACK_DONE 50.wav
1520593848709704 AUDIO_PLAYBACK_ONSET 288 94 1 she
1520593849055771 AUDIO_PLAYBACK_ONSET 289 94 2 kicked
1520593849366187 AUDIO_PLAYBACK_ONSET 290 94 3 the
1520593849513614 AUDIO_PLAYBACK_ONSET 291 94 4 ball
1520593849875629 AUDIO_PLAYBACK_ONSET _ 94 END_OF_WAV
1520593849928406 AUDIO_PLAYBACK_DONE 94.wav
1520593850928364 AUDIO_PLAYBACK_ONSET 292 14 1 the
1520593851108546 AUDIO_PLAYBACK_ONSET 293 14 2 boy
1520593851327987 AUDIO_PLAYBACK_ONSET 294 14 3 remains
1520593852211172 AUDIO_PLAYBACK_ONSET _ 14 END_OF_WAV
1520593852272074 AUDIO_PLAYBACK_DONE 14.wav
1520593853272033 AUDIO_PLAYBACK_ONSET 295 48 1 she
1520593853486660 AUDIO_PLAYBACK_ONSET 296 48 2 collapsed
1520593854389181 AUDIO_PLAYBACK_ONSET _ 48 END_OF_WAV
1520593854443844 AUDIO_PLAYBACK_DONE 48.wav
1520593855443803 AUDIO_PLAYBACK_ONSET 297 119 1 she
1520593855675772 AUDIO_PLAYBACK_ONSET 298 119 2 was
1520593855910438 AUDIO_PLAYBACK_ONSET 299 119 3 kicked
1520593856580247 AUDIO_PLAYBACK_ONSET _ 119 END_OF_WAV
1520593856600017 AUDIO_PLAYBACK_DONE 119.wav
1520593857599975 AUDIO_PLAYBACK_ONSET 300 75 1 he
1520593857753556 AUDIO_PLAYBACK_ONSET 301 75 2 falls
1520593858490770 AUDIO_PLAYBACK_ONSET _ 75 END_OF_WAV
1520593858599934 AUDIO_PLAYBACK_DONE 75.wav
1520593859599893 AUDIO_PLAYBACK_ONSET 302 8 1 he
1520593859711304 AUDIO_PLAYBACK_ONSET 303 8 2 will
1520593859873827 AUDIO_PLAYBACK_ONSET 304 8 3 sneeze
1520593860735598 AUDIO_PLAYBACK_ONSET _ 8 END_OF_WAV
1520593860779528 AUDIO_PLAYBACK_DONE 8.wav
1520593861779487 AUDIO_PLAYBACK_ONSET 305 67 1 they
1520593861979308 AUDIO_PLAYBACK_ONSET 306 67 2 appear
1520593862554850 AUDIO_PLAYBACK_ONSET _ 67 END_OF_WAV
1520593862701310 AUDIO_PLAYBACK_DONE 67.wav
1520593863701269 AUDIO_PLAYBACK_ONSET 307 112 1 who
1520593863854704 AUDIO_PLAYBACK_ONSET 308 112 2 appeared?
1520593864533875 AUDIO_PLAYBACK_ONSET _ 112 END_OF_WAV
1520593864638716 AUDIO_PLAYBACK_DONE 112.wav
1520593865638675 AUDIO_PLAYBACK_ONSET 309 108 1 she
1520593865891576 AUDIO_PLAYBACK_ONSET 310 108 2 arrives
1520593866800344 AUDIO_PLAYBACK_ONSET _ 108 END_OF_WAV
1520593867122969 AUDIO_PLAYBACK_DONE 108.wav
1520593868122928 AUDIO_PLAYBACK_ONSET 311 91 1 the
1520593868270031 AUDIO_PLAYBACK_ONSET 312 91 2 girl
1520593868478928 AUDIO_PLAYBACK_ONSET 313 91 3 fell
1520593868967370 AUDIO_PLAYBACK_ONSET _ 91 END_OF_WAV
1520593869029126 AUDIO_PLAYBACK_DONE 91.wav
1520593870029085 AUDIO_PLAYBACK_ONSET 314 133 1 who
1520593870119702 AUDIO_PLAYBACK_ONSET 315 133 2 found
1520593870409781 AUDIO_PLAYBACK_ONSET 316 133 3 the
1520593870521350 AUDIO_PLAYBACK_ONSET 317 133 4 bikes?
1520593871292516 AUDIO_PLAYBACK_ONSET _ 133 END_OF_WAV
1520593871357148 AUDIO_PLAYBACK_DONE 133.wav
1520593872357107 AUDIO_PLAYBACK_ONSET 318 17 1 he
1520593872505984 AUDIO_PLAYBACK_ONSET 319 17 2 was
1520593872736489 AUDIO_PLAYBACK_ONSET 320 17 3 hugged
1520593873262687 AUDIO_PLAYBACK_ONSET _ 17 END_OF_WAV
1520593873357047 AUDIO_PLAYBACK_DONE 17.wav
1520593874357006 AUDIO_PLAYBACK_ONSET 321 68 1 he
1520593874618559 AUDIO_PLAYBACK_ONSET 322 68 2 crawled
1520593875188871 AUDIO_PLAYBACK_ONSET _ 68 END_OF_WAV
1520593875333543 AUDIO_PLAYBACK_DONE 68.wav
1520593876333501 AUDIO_PLAYBACK_ONSET 323 97 1 they
1520593876529516 AUDIO_PLAYBACK_ONSET 324 97 2 kissed
1520593876862649 AUDIO_PLAYBACK_ONSET 325 97 3 the
1520593876979245 AUDIO_PLAYBACK_ONSET 326 97 4 clowns
1520593877786535 AUDIO_PLAYBACK_ONSET _ 97 END_OF_WAV
1520593877985770 AUDIO_PLAYBACK_DONE 97.wav
1520593878985729 AUDIO_PLAYBACK_ONSET 327 114 1 she
1520593879187744 AUDIO_PLAYBACK_ONSET 328 114 2 saw
1520593879371072 AUDIO_PLAYBACK_ONSET 329 114 3 him
1520593879588412 AUDIO_PLAYBACK_ONSET 330 114 4 coming
1520593880067056 AUDIO_PLAYBACK_ONSET _ 114 END_OF_WAV
1520593880220032 AUDIO_PLAYBACK_DONE 114.wav
1520593881219991 AUDIO_PLAYBACK_ONSET 331 142 1 he
1520593881357454 AUDIO_PLAYBACK_ONSET 332 142 2 undressed
1520593882267569 AUDIO_PLAYBACK_ONSET _ 142 END_OF_WAV
1520593882665239 AUDIO_PLAYBACK_DONE 142.wav
1520593883665198 AUDIO_PLAYBACK_ONSET 333 87 1 who
1520593883846760 AUDIO_PLAYBACK_ONSET 334 87 2 kicked
1520593884170325 AUDIO_PLAYBACK_ONSET 335 87 3 the
1520593884320178 AUDIO_PLAYBACK_ONSET 336 87 4 ball?
1520593884700404 AUDIO_PLAYBACK_ONSET _ 87 END_OF_WAV
1520593884774518 AUDIO_PLAYBACK_DONE 87.wav
1520593885774477 AUDIO_PLAYBACK_ONSET 337 144 1 the
1520593885895782 AUDIO_PLAYBACK_ONSET 338 144 2 girls
1520593886185977 AUDIO_PLAYBACK_ONSET 339 144 3 arrive
1520593886937486 AUDIO_PLAYBACK_ONSET _ 144 END_OF_WAV
1520593887086940 AUDIO_PLAYBACK_DONE 144.wav
1520593888086899 AUDIO_PLAYBACK_ONSET 340 148 1 The
1520593888203022 AUDIO_PLAYBACK_ONSET 341 148 2 grandpa
1520593888552600 AUDIO_PLAYBACK_ONSET 342 148 3 ate
1520593888794157 AUDIO_PLAYBACK_ONSET 343 148 4 the
1520593888883465 AUDIO_PLAYBACK_ONSET 344 148 5 meal
1520593889320650 AUDIO_PLAYBACK_ONSET _ 148 END_OF_WAV
1520593889352493 AUDIO_PLAYBACK_DONE 148.wav
1520593890352452 AUDIO_PLAYBACK_ONSET 345 69 1 the
1520593890494102 AUDIO_PLAYBACK_ONSET 346 69 2 boy
1520593890719834 AUDIO_PLAYBACK_ONSET 347 69 3 jumped
1520593891383086 AUDIO_PLAYBACK_ONSET _ 69 END_OF_WAV
1520593891649271 AUDIO_PLAYBACK_DONE 69.wav
1520593891257361 KEY_PRESS l
1520593891465339 KEY_PRESS l
1520593892649230 AUDIO_PLAYBACK_ONSET 348 111 1 he
1520593892937275 AUDIO_PLAYBACK_ONSET 349 111 2 jumped
1520593893633006 AUDIO_PLAYBACK_ONSET _ 111 END_OF_WAV
1520593893930424 AUDIO_PLAYBACK_DONE 111.wav
1520593894930383 AUDIO_PLAYBACK_ONSET 350 113 1 What
1520593895096261 AUDIO_PLAYBACK_ONSET 351 113 2 will
1520593895242869 AUDIO_PLAYBACK_ONSET 352 113 3 the
1520593895386201 AUDIO_PLAYBACK_ONSET 353 113 4 boy
1520593895567209 AUDIO_PLAYBACK_ONSET 354 113 5 smell?
1520593896101222 AUDIO_PLAYBACK_ONSET _ 113 END_OF_WAV
1520593896149067 AUDIO_PLAYBACK_DONE 113.wav
1520593897149026 AUDIO_PLAYBACK_ONSET 355 118 1 the
1520593897232213 AUDIO_PLAYBACK_ONSET 356 118 2 woman
1520593897509426 AUDIO_PLAYBACK_ONSET 357 118 3 was
1520593897776559 AUDIO_PLAYBACK_ONSET 358 118 4 pinched
1520593898610216 AUDIO_PLAYBACK_ONSET _ 118 END_OF_WAV
1520593898648942 AUDIO_PLAYBACK_DONE 118.wav
1520593899648900 AUDIO_PLAYBACK_ONSET 359 120 1 they
1520593899787064 AUDIO_PLAYBACK_ONSET 360 120 2 caught
1520593899946558 AUDIO_PLAYBACK_ONSET 361 120 3 him
1520593900088621 AUDIO_PLAYBACK_ONSET 362 120 4 stealing
1520593900795451 AUDIO_PLAYBACK_ONSET _ 120 END_OF_WAV
1520593900945719 AUDIO_PLAYBACK_DONE 120.wav
1520593901945678 AUDIO_PLAYBACK_ONSET 363 36 1 she
1520593902347659 AUDIO_PLAYBACK_ONSET 364 36 2 laughed
1520593903107054 AUDIO_PLAYBACK_ONSET _ 36 END_OF_WAV
1520593903195626 AUDIO_PLAYBACK_DONE 36.wav
1520593904195585 AUDIO_PLAYBACK_ONSET 365 145 1 he
1520593904280185 AUDIO_PLAYBACK_ONSET 366 145 2 smelled
1520593904656809 AUDIO_PLAYBACK_ONSET 367 145 3 the
1520593904717555 AUDIO_PLAYBACK_ONSET 368 145 4 flowers
1520593905558651 AUDIO_PLAYBACK_ONSET _ 145 END_OF_WAV
1520593905586141 AUDIO_PLAYBACK_DONE 145.wav
1520593906586100 AUDIO_PLAYBACK_ONSET 369 134 1 who
1520593906782059 AUDIO_PLAYBACK_ONSET 370 134 2 crawled?
1520593907342558 AUDIO_PLAYBACK_ONSET _ 134 END_OF_WAV
1520593907375115 AUDIO_PLAYBACK_DONE 134.wav
1520593908375074 AUDIO_PLAYBACK_ONSET 371 143 1 he
1520593908492594 AUDIO_PLAYBACK_ONSET 372 143 2 was
1520593908734346 AUDIO_PLAYBACK_ONSET 373 143 3 kissed
1520593909420562 AUDIO_PLAYBACK_ONSET _ 143 END_OF_WAV
1520593909492195 AUDIO_PLAYBACK_DONE 143.wav
1520593910492154 AUDIO_PLAYBACK_ONSET 374 42 1 they
1520593910708582 AUDIO_PLAYBACK_ONSET 375 42 2 winked
1520593911418797 AUDIO_PLAYBACK_ONSET _ 42 END_OF_WAV
1520593911648342 AUDIO_PLAYBACK_DONE 42.wav
1520593911024538 KEY_PRESS l
1520593912648301 AUDIO_PLAYBACK_ONSET 376 126 1 the
1520593912737573 AUDIO_PLAYBACK_ONSET 377 126 2 host
1520593913039433 AUDIO_PLAYBACK_ONSET 378 126 3 will
1520593913203914 AUDIO_PLAYBACK_ONSET 379 126 4 eat
1520593913736609 AUDIO_PLAYBACK_ONSET _ 126 END_OF_WAV
1520593914038856 AUDIO_PLAYBACK_DONE 126.wav
1520593911784496 KEY_PRESS l
1520593915038815 AUDIO_PLAYBACK_ONSET 380 38 1 who
1520593915285529 AUDIO_PLAYBACK_ONSET 381 38 2 sneezes?
1520593916304155 AUDIO_PLAYBACK_ONSET _ 38 END_OF_WAV
1520593916320009 AUDIO_PLAYBACK_DONE 38.wav
1520593917319968 AUDIO_PLAYBACK_ONSET 382 103 1 she
1520593917607365 AUDIO_PLAYBACK_ONSET 383 103 2 scratched
1520593918665277 AUDIO_PLAYBACK_ONSET _ 103 END_OF_WAV
1520593918710524 AUDIO_PLAYBACK_DONE 103.wav
1520593919710483 AUDIO_PLAYBACK_ONSET 384 43 1 she
1520593919924295 AUDIO_PLAYBACK_ONSET 385 43 2 remained
1520593920709732 AUDIO_PLAYBACK_ONSET _ 43 END_OF_WAV
1520593920960410 AUDIO_PLAYBACK_DONE 43.wav
1520593921960369 AUDIO_PLAYBACK_ONSET 386 35 1 she
1520593922351540 AUDIO_PLAYBACK_ONSET 387 35 2 disappears
1520593923442556 AUDIO_PLAYBACK_ONSET _ 35 END_OF_WAV
1520593923522801 AUDIO_PLAYBACK_DONE 35.wav
1520593924522759 AUDIO_PLAYBACK_ONSET 388 93 1 who
1520593924646537 AUDIO_PLAYBACK_ONSET 389 93 2 smelled
1520593925032573 AUDIO_PLAYBACK_ONSET 390 93 3 the
1520593925095724 AUDIO_PLAYBACK_ONSET 391 93 4 flowers?
1520593925984931 AUDIO_PLAYBACK_ONSET _ 93 END_OF_WAV
1520593926038322 AUDIO_PLAYBACK_DONE 93.wav
1520593927038281 AUDIO_PLAYBACK_ONSET 392 146 1 he
1520593927121930 AUDIO_PLAYBACK_ONSET 393 146 2 said
1520593927382513 AUDIO_PLAYBACK_ONSET 394 146 3 that
1520593927459209 AUDIO_PLAYBACK_ONSET 395 146 4 she
1520593927644943 AUDIO_PLAYBACK_ONSET 396 146 5 smiled
1520593928239109 AUDIO_PLAYBACK_ONSET _ 146 END_OF_WAV
1520593928413236 AUDIO_PLAYBACK_DONE 146.wav
1520593929413195 AUDIO_PLAYBACK_ONSET 397 110 1 The
1520593929543394 AUDIO_PLAYBACK_ONSET 398 110 2 cake
1520593929785224 AUDIO_PLAYBACK_ONSET 399 110 3 was
1520593929949875 AUDIO_PLAYBACK_ONSET 400 110 4 overcooked
1520593930904846 AUDIO_PLAYBACK_ONSET _ 110 END_OF_WAV
1520593930944380 AUDIO_PLAYBACK_DONE 110.wav
1520593930543738 KEY_PRESS l
1520593931944339 AUDIO_PLAYBACK_ONSET 401 46 1 they
1520593932116803 AUDIO_PLAYBACK_ONSET 402 46 2 tickle
1520593932416700 AUDIO_PLAYBACK_ONSET 403 46 3 the
1520593932568791 AUDIO_PLAYBACK_ONSET 404 46 4 girl
1520593932987220 AUDIO_PLAYBACK_ONSET _ 46 END_OF_WAV
1520593933006790 AUDIO_PLAYBACK_DONE 46.wav
1520593930967705 KEY_PRESS l
1520593934006749 AUDIO_PLAYBACK_ONSET 405 136 1 who
1520593934139905 AUDIO_PLAYBACK_ONSET 406 136 2 kissed
1520593934422475 AUDIO_PLAYBACK_ONSET 407 136 3 the
1520593934538763 AUDIO_PLAYBACK_ONSET 408 136 4 clowns?
1520593935414727 AUDIO_PLAYBACK_ONSET _ 136 END_OF_WAV
1520593935623848 AUDIO_PLAYBACK_DONE 136.wav
1520593936623807 AUDIO_PLAYBACK_ONSET 409 95 1 he
1520593936755194 AUDIO_PLAYBACK_ONSET 410 95 2 streched
1520593937620404 AUDIO_PLAYBACK_ONSET _ 95 END_OF_WAV
1520593937897180 AUDIO_PLAYBACK_DONE 95.wav
1520593938897139 AUDIO_PLAYBACK_ONSET 411 151 1 He
1520593939004237 AUDIO_PLAYBACK_ONSET 412 151 2 heard
1520593939239871 AUDIO_PLAYBACK_ONSET 413 151 3 her
1520593939431151 AUDIO_PLAYBACK_ONSET 414 151 4 play
1520593939912815 AUDIO_PLAYBACK_ONSET _ 151 END_OF_WAV
1520593939928346 AUDIO_PLAYBACK_DONE 151.wav
1520593940928304 AUDIO_PLAYBACK_ONSET 415 30 1 Whom
1520593941188907 AUDIO_PLAYBACK_ONSET 416 30 2 will
1520593941396566 AUDIO_PLAYBACK_ONSET 417 30 3 the
1520593941554829 AUDIO_PLAYBACK_ONSET 418 30 4 boy
1520593941783656 AUDIO_PLAYBACK_ONSET 419 30 5 hear?
1520593942397558 AUDIO_PLAYBACK_ONSET _ 30 END_OF_WAV
1520593942428220 AUDIO_PLAYBACK_DONE 30.wav
1520593943428179 AUDIO_PLAYBACK_ONSET 420 122 1 the
1520593943569056 AUDIO_PLAYBACK_ONSET 421 122 2 girl
1520593943818044 AUDIO_PLAYBACK_ONSET 422 122 3 crawls
1520593944513137 AUDIO_PLAYBACK_ONSET _ 122 END_OF_WAV
1520593944615637 AUDIO_PLAYBACK_DONE 122.wav
1520593945615596 AUDIO_PLAYBACK_ONSET 423 77 1 who
1520593945834772 AUDIO_PLAYBACK_ONSET 424 77 2 heard
1520593946128853 AUDIO_PLAYBACK_ONSET 425 77 3 the
1520593946212574 AUDIO_PLAYBACK_ONSET 426 77 4 men?
1520593946651585 AUDIO_PLAYBACK_ONSET _ 77 END_OF_WAV
1520593946662447 AUDIO_PLAYBACK_DONE 77.wav
1520593947662406 AUDIO_PLAYBACK_ONSET 427 139 1 he
1520593947743690 AUDIO_PLAYBACK_ONSET 428 139 2 saw
1520593948014827 AUDIO_PLAYBACK_ONSET 429 139 3 her
1520593948136125 AUDIO_PLAYBACK_ONSET 430 139 4 winking
1520593948734687 AUDIO_PLAYBACK_ONSET _ 139 END_OF_WAV
1520593948842041 AUDIO_PLAYBACK_DONE 139.wav
1520593949842000 AUDIO_PLAYBACK_ONSET 431 55 1 the
1520593949965320 AUDIO_PLAYBACK_ONSET 432 55 2 girls
1520593950289324 AUDIO_PLAYBACK_ONSET 433 55 3 cough
1520593950866307 AUDIO_PLAYBACK_ONSET _ 55 END_OF_WAV
1520593951029436 AUDIO_PLAYBACK_DONE 55.wav
1520593952029395 AUDIO_PLAYBACK_ONSET 434 107 1 they
1520593952172969 AUDIO_PLAYBACK_ONSET 435 107 2 were
1520593952324735 AUDIO_PLAYBACK_ONSET 436 107 3 loved
1520593953076523 AUDIO_PLAYBACK_ONSET _ 107 END_OF_WAV
1520593953193406 AUDIO_PLAYBACK_DONE 107.wav
1520593954193365 AUDIO_PLAYBACK_ONSET 437 39 1 she
1520593954695527 AUDIO_PLAYBACK_ONSET 438 39 2 excercised
1520593955863614 AUDIO_PLAYBACK_ONSET _ 39 END_OF_WAV
1520593956068275 AUDIO_PLAYBACK_DONE 39.wav
1520593957068234 AUDIO_PLAYBACK_ONSET 439 127 1 the
1520593957160618 AUDIO_PLAYBACK_ONSET 440 127 2 woman
1520593957459502 AUDIO_PLAYBACK_ONSET 441 127 3 will
1520593957549088 AUDIO_PLAYBACK_ONSET 442 127 4 speak
1520593958243579 AUDIO_PLAYBACK_ONSET _ 127 END_OF_WAV
1520593958247891 AUDIO_PLAYBACK_DONE 127.wav
1520593959247849 AUDIO_PLAYBACK_ONSET 443 149 1 the
1520593959356269 AUDIO_PLAYBACK_ONSET 444 149 2 girl
1520593959618131 AUDIO_PLAYBACK_ONSET 445 149 3 cries
1520593960385847 AUDIO_PLAYBACK_ONSET _ 149 END_OF_WAV
1520593960404038 AUDIO_PLAYBACK_DONE 149.wav
1520593961403996 AUDIO_PLAYBACK_ONSET 446 140 1 the
1520593961493999 AUDIO_PLAYBACK_ONSET 447 140 2 actors
1520593961810005 AUDIO_PLAYBACK_ONSET 448 140 3 were
1520593961909887 AUDIO_PLAYBACK_ONSET 449 140 4 scorned
1520593962623701 AUDIO_PLAYBACK_ONSET _ 140 END_OF_WAV
1520593962685191 AUDIO_PLAYBACK_DONE 140.wav
1520593963685149 AUDIO_PLAYBACK_ONSET 450 6 1 Whom
1520593963847970 AUDIO_PLAYBACK_ONSET 451 6 2 did
1520593964002938 AUDIO_PLAYBACK_ONSET 452 6 3 the
1520593964132353 AUDIO_PLAYBACK_ONSET 453 6 4 boy
1520593964343372 AUDIO_PLAYBACK_ONSET 454 6 5 hear?
1520593964825586 AUDIO_PLAYBACK_ONSET _ 6 END_OF_WAV
1520593964911654 AUDIO_PLAYBACK_DONE 6.wav
1520593965911613 AUDIO_PLAYBACK_ONSET 455 131 1 who
1520593966118328 AUDIO_PLAYBACK_ONSET 456 131 2 cried?
1520593966716943 AUDIO_PLAYBACK_ONSET _ 131 END_OF_WAV
1520593966786565 AUDIO_PLAYBACK_DONE 131.wav
1520593967786523 AUDIO_PLAYBACK_ONSET 457 84 1 the
1520593967935653 AUDIO_PLAYBACK_ONSET 458 84 2 girl
1520593968137262 AUDIO_PLAYBACK_ONSET 459 84 3 smiled
1520593968918498 AUDIO_PLAYBACK_ONSET _ 84 END_OF_WAV
1520593969036451 AUDIO_PLAYBACK_DONE 84.wav
1520593970036410 AUDIO_PLAYBACK_ONSET 460 5 1 we
1520593970204054 AUDIO_PLAYBACK_ONSET 461 5 2 guessed
1520593970468513 AUDIO_PLAYBACK_ONSET 462 5 3 that
1520593970625812 AUDIO_PLAYBACK_ONSET 463 5 4 they
1520593970798841 AUDIO_PLAYBACK_ONSET 464 5 5 wink
1520593971322843 AUDIO_PLAYBACK_ONSET _ 5 END_OF_WAV
1520593971499230 AUDIO_PLAYBACK_DONE 5.wav
1520593972499189 AUDIO_PLAYBACK_ONSET 465 24 1 The
1520593972602569 AUDIO_PLAYBACK_ONSET 466 24 2 sandwich
1520593973206649 AUDIO_PLAYBACK_ONSET 467 24 3 is
1520593973397298 AUDIO_PLAYBACK_ONSET 468 24 4 healthy
1520593973962819 AUDIO_PLAYBACK_ONSET _ 24 END_OF_WAV
1520593974092869 AUDIO_PLAYBACK_DONE 24.wav
1520593973789961 KEY_PRESS l
1520593975092827 AUDIO_PLAYBACK_ONSET 469 61 1 who
1520593975303028 AUDIO_PLAYBACK_ONSET 470 61 2 tickles
1520593975710280 AUDIO_PLAYBACK_ONSET 471 61 3 the
1520593975831246 AUDIO_PLAYBACK_ONSET 472 61 4 girl?
1520593976306037 AUDIO_PLAYBACK_ONSET _ 61 END_OF_WAV
1520593976592744 AUDIO_PLAYBACK_DONE 61.wav
1520593974181930 KEY_PRESS l
1520593977592702 AUDIO_PLAYBACK_ONSET 473 1 1 he
1520593977685927 AUDIO_PLAYBACK_ONSET 474 1 2 smiles
1520593978466831 AUDIO_PLAYBACK_ONSET _ 1 END_OF_WAV
1520593978467655 AUDIO_PLAYBACK_DONE 1.wav
1520593979467614 AUDIO_PLAYBACK_ONSET 475 92 1 she
1520593979845234 AUDIO_PLAYBACK_ONSET 476 92 2 blooms
1520593980655031 AUDIO_PLAYBACK_ONSET _ 92 END_OF_WAV
1520593980717540 AUDIO_PLAYBACK_DONE 92.wav
1520593981717498 AUDIO_PLAYBACK_ONSET 477 99 1 they
1520593982008230 AUDIO_PLAYBACK_ONSET 478 99 2 cough
1520593982705784 AUDIO_PLAYBACK_ONSET _ 99 END_OF_WAV
1520593982811198 AUDIO_PLAYBACK_DONE 99.wav
1520593983811157 AUDIO_PLAYBACK_ONSET 479 135 1 the
1520593983956296 AUDIO_PLAYBACK_ONSET 480 135 2 boy
1520593984105297 AUDIO_PLAYBACK_ONSET 481 135 3 heard
1520593984377170 AUDIO_PLAYBACK_ONSET 482 135 4 the
1520593984416715 AUDIO_PLAYBACK_ONSET 483 135 5 men
1520593984822759 AUDIO_PLAYBACK_ONSET _ 135 END_OF_WAV
1520593984861885 AUDIO_PLAYBACK_DONE 135.wav
1520593985861844 AUDIO_PLAYBACK_ONSET 484 70 1 she
1520593986253426 AUDIO_PLAYBACK_ONSET 485 70 2 jumps
1520593987026253 AUDIO_PLAYBACK_ONSET _ 70 END_OF_WAV
1520593987393028 AUDIO_PLAYBACK_DONE 70.wav
1520593988392987 AUDIO_PLAYBACK_ONSET 486 83 1 What
1520593988528530 AUDIO_PLAYBACK_ONSET 487 83 2 will
1520593988748538 AUDIO_PLAYBACK_ONSET 488 83 3 the
1520593988922049 AUDIO_PLAYBACK_ONSET 489 83 4 girl
1520593989330311 AUDIO_PLAYBACK_ONSET 490 83 5 eat?
1520593989861052 AUDIO_PLAYBACK_ONSET _ 83 END_OF_WAV
1520593990080401 AUDIO_PLAYBACK_DONE 83.wav
1520593991080359 AUDIO_PLAYBACK_ONSET 491 63 1 he
1520593991201247 AUDIO_PLAYBACK_ONSET 492 63 2 sneezes
1520593991940518 AUDIO_PLAYBACK_ONSET _ 63 END_OF_WAV
1520593992244373 AUDIO_PLAYBACK_DONE 63.wav
1520593990045326 KEY_PRESS l
1520593990373254 KEY_PRESS l
1520593993244332 AUDIO_PLAYBACK_ONSET 493 29 1 he
1520593993542233 AUDIO_PLAYBACK_ONSET 494 29 2 bloomed
1520593994477703 AUDIO_PLAYBACK_ONSET _ 29 END_OF_WAV
1520593994744247 AUDIO_PLAYBACK_DONE 29.wav
1520593995744206 AUDIO_PLAYBACK_ONSET 495 129 1 who
1520593995913204 AUDIO_PLAYBACK_ONSET 496 129 2 smiles?
1520593996723679 AUDIO_PLAYBACK_ONSET _ 129 END_OF_WAV
1520593996869149 AUDIO_PLAYBACK_DONE 129.wav
1520593997869108 AUDIO_PLAYBACK_ONSET 497 100 1 she
1520593998192841 AUDIO_PLAYBACK_ONSET 498 100 2 fell
1520593998700311 AUDIO_PLAYBACK_ONSET _ 100 END_OF_WAV
1520593998744062 AUDIO_PLAYBACK_DONE 100.wav
1520593999744020 AUDIO_PLAYBACK_ONSET 499 79 1 the
1520593999837981 AUDIO_PLAYBACK_ONSET 500 79 2 boy
1520594000062905 AUDIO_PLAYBACK_ONSET 501 79 3 collapses
1520594001017286 AUDIO_PLAYBACK_ONSET _ 79 END_OF_WAV
1520594001056461 AUDIO_PLAYBACK_DONE 79.wav
1520594002056420 AUDIO_PLAYBACK_ONSET 502 11 1 he
1520594002204085 AUDIO_PLAYBACK_ONSET 503 11 2 will
1520594002400086 AUDIO_PLAYBACK_ONSET 504 11 3 drive
1520594003008588 AUDIO_PLAYBACK_ONSET _ 11 END_OF_WAV
1520594003009489 AUDIO_PLAYBACK_DONE 11.wav
1520594004009448 AUDIO_PLAYBACK_ONSET 505 19 1 who
1520594004250996 AUDIO_PLAYBACK_ONSET 506 19 2 laughs?
1520594005018887 AUDIO_PLAYBACK_ONSET _ 19 END_OF_WAV
1520594005040653 AUDIO_PLAYBACK_DONE 19.wav
1520594006040612 AUDIO_PLAYBACK_ONSET 507 59 1 who
1520594006208541 AUDIO_PLAYBACK_ONSET 508 59 2 arrives?
1520594007007301 AUDIO_PLAYBACK_ONSET _ 59 END_OF_WAV
1520594007345230 AUDIO_PLAYBACK_DONE 59.wav
