1520591889339339 CHEETAH_SIGNAL SENT_AFTER_TIME 131104.218217
1520591892185458 CHEETAH_SIGNAL SENT_AFTER_TIME 131107.064378
1520591892257014 CHEETAH_SIGNAL SENT_AFTER_TIME 131107.135812
1520591892255166 DISPLAY_INSTRUCTIONS Stimuli/instructions_audio_sentences.png
1520591893638604 KEY_PRESS F12
1520591893640397 KEY_PRESS F12
1520591893642095 KEY_PRESS F12
1520591893643662 KEY_PRESS F12
1520591893645271 KEY_PRESS F12
1520591893646854 KEY_PRESS F12
1520591893648702 KEY_PRESS F12
1520591893650370 KEY_PRESS F12
1520591893652037 KEY_PRESS F12
1520591893653695 KEY_PRESS F12
1520591893655351 KEY_PRESS F12
1520591893656873 KEY_PRESS F12
1520591893658377 KEY_PRESS F12
1520591893659867 KEY_PRESS F12
1520591893661276 KEY_PRESS F12
1520591893662684 KEY_PRESS F12
1520591893664337 KEY_PRESS F12
1520591893665756 KEY_PRESS F12
1520591893667262 KEY_PRESS F12
1520591893668814 KEY_PRESS F12
1520591893670270 KEY_PRESS F12
1520591893671681 KEY_PRESS F12
1520591893673091 KEY_PRESS F12
1520591893674569 KEY_PRESS F12
1520591893675980 KEY_PRESS F12
1520591893677390 KEY_PRESS F12
1520591893679129 KEY_PRESS F12
1520591893680640 KEY_PRESS F12
1520591893682058 KEY_PRESS F12
1520591893683472 KEY_PRESS F12
1520591893684928 KEY_PRESS F12
1520591893686340 KEY_PRESS F12
1520591893687794 KEY_PRESS F12
1520591893689204 KEY_PRESS F12
1520591893690711 KEY_PRESS F12
1520591893692263 KEY_PRESS F12
1520591893693898 KEY_PRESS F12
1520591893695313 KEY_PRESS F12
1520591893696800 KEY_PRESS F12
1520591893698213 KEY_PRESS F12
1520591893699623 KEY_PRESS F12
1520591893701031 KEY_PRESS F12
1520591893702596 KEY_PRESS F12
1520591893704113 KEY_PRESS F12
1520591893705520 KEY_PRESS F12
1520591893706973 KEY_PRESS F12
1520591893708609 KEY_PRESS F12
1520591893710026 KEY_PRESS F12
1520591893711438 KEY_PRESS F12
1520591893712855 KEY_PRESS F12
1520591893714427 KEY_PRESS F12
1520591893715989 KEY_PRESS F12
1520591894038777 KEY_PRESS F12
1520591894040490 KEY_PRESS F12
1520591894042166 KEY_PRESS F12
1520591894043822 KEY_PRESS F12
1520591894045690 KEY_PRESS F12
1520591894047215 KEY_PRESS F12
1520591894048690 KEY_PRESS F12
1520591894050173 KEY_PRESS F12
1520591894051828 KEY_PRESS F12
1520591894053460 KEY_PRESS F12
1520591894055044 KEY_PRESS F12
1520591894056475 KEY_PRESS F12
1520591894057893 KEY_PRESS F12
1520591894059328 KEY_PRESS F12
1520591894060983 KEY_PRESS F12
1520591894062405 KEY_PRESS F12
1520591894063812 KEY_PRESS F12
1520591894065243 KEY_PRESS F12
1520591894066661 KEY_PRESS F12
1520591894068090 KEY_PRESS F12
1520591894069613 KEY_PRESS F12
1520591894071114 KEY_PRESS F12
1520591894072556 KEY_PRESS F12
1520591894074027 KEY_PRESS F12
1520591894075667 KEY_PRESS F12
1520591894077103 KEY_PRESS F12
1520591894078539 KEY_PRESS F12
1520591894079975 KEY_PRESS F12
1520591894081461 KEY_PRESS F12
1520591894083040 KEY_PRESS F12
1520591894084468 KEY_PRESS F12
1520591894085886 KEY_PRESS F12
1520591894087351 KEY_PRESS F12
1520591894088769 KEY_PRESS F12
1520591894090411 KEY_PRESS F12
1520591894091822 KEY_PRESS F12
1520591894093347 KEY_PRESS F12
1520591894094869 KEY_PRESS F12
1520591894096293 KEY_PRESS F12
1520591894097726 KEY_PRESS F12
1520591894099134 KEY_PRESS F12
1520591894101043 KEY_PRESS F12
1520591894230459 KEY_PRESS F12
1520591894232177 KEY_PRESS F12
1520591894234134 KEY_PRESS F12
1520591894235808 KEY_PRESS F12
1520591894237433 KEY_PRESS F12
1520591894238956 KEY_PRESS F12
1520591894240472 KEY_PRESS F12
1520591894241928 KEY_PRESS F12
1520591894243392 KEY_PRESS F12
1520591894244978 KEY_PRESS F12
1520591894246591 KEY_PRESS F12
1520591894248227 KEY_PRESS F12
1520591894249919 KEY_PRESS F12
1520591894251329 KEY_PRESS F12
1520591894252767 KEY_PRESS F12
1520591894254234 KEY_PRESS F12
1520591894255655 KEY_PRESS F12
1520591894257070 KEY_PRESS F12
1520591894258484 KEY_PRESS F12
1520591894259937 KEY_PRESS F12
1520591894261395 KEY_PRESS F12
1520591894262956 KEY_PRESS F12
1520591894264604 KEY_PRESS F12
1520591894266032 KEY_PRESS F12
1520591894267449 KEY_PRESS F12
1520591894268873 KEY_PRESS F12
1520591894270363 KEY_PRESS F12
1520591894271789 KEY_PRESS F12
1520591894273223 KEY_PRESS F12
1520591894274862 KEY_PRESS F12
1520591894276273 KEY_PRESS F12
1520591894277695 KEY_PRESS F12
1520591894279329 KEY_PRESS F12
1520591894280766 KEY_PRESS F12
1520591894282182 KEY_PRESS F12
1520591894283592 KEY_PRESS F12
1520591894285031 KEY_PRESS F12
1520591894286699 KEY_PRESS F12
1520591894288109 KEY_PRESS F12
1520591894289533 KEY_PRESS F12
1520591894290949 KEY_PRESS F12
1520591894292362 KEY_PRESS F12
1520591894293999 KEY_PRESS F12
1520591894295432 KEY_PRESS F12
1520591894296887 KEY_PRESS F12
1520591894298456 KEY_PRESS F12
1520591894300041 KEY_PRESS F12
1520591894407003 KEY_PRESS F12
1520591894409569 KEY_PRESS F12
1520591894411738 KEY_PRESS F12
1520591894413631 KEY_PRESS F12
1520591894415252 KEY_PRESS F12
1520591894417173 KEY_PRESS F12
1520591894418654 KEY_PRESS F12
1520591894420118 KEY_PRESS F12
1520591894421524 KEY_PRESS F12
1520591894422922 KEY_PRESS F12
1520591894424318 KEY_PRESS F12
1520591894425715 KEY_PRESS F12
1520591894427111 KEY_PRESS F12
1520591894428504 KEY_PRESS F12
1520591894429898 KEY_PRESS F12
1520591894431583 KEY_PRESS F12
1520591894432990 KEY_PRESS F12
1520591894434393 KEY_PRESS F12
1520591894435793 KEY_PRESS F12
1520591894437606 KEY_PRESS F12
1520591894439017 KEY_PRESS F12
1520591894440523 KEY_PRESS F12
1520591894441922 KEY_PRESS F12
1520591894443319 KEY_PRESS F12
1520591894444715 KEY_PRESS F12
1520591894446333 KEY_PRESS F12
1520591894447834 KEY_PRESS F12
1520591894449330 KEY_PRESS F12
1520591894450832 KEY_PRESS F12
1520591894452230 KEY_PRESS F12
1520591894453679 KEY_PRESS F12
1520591894455122 KEY_PRESS F12
1520591894456518 KEY_PRESS F12
1520591894457916 KEY_PRESS F12
1520591894459311 KEY_PRESS F12
1520591894461039 KEY_PRESS F12
1520591894462523 KEY_PRESS F12
1520591894463921 KEY_PRESS F12
1520591894465321 KEY_PRESS F12
1520591894466716 KEY_PRESS F12
1520591894468111 KEY_PRESS F12
1520591894469505 KEY_PRESS F12
1520591894470970 KEY_PRESS F12
1520591894472478 KEY_PRESS F12
1520591894473982 KEY_PRESS F12
1520591894475598 KEY_PRESS F12
1520591894476999 KEY_PRESS F12
1520591894478394 KEY_PRESS F12
1520591894479793 KEY_PRESS F12
1520591894481188 KEY_PRESS F12
1520591894482582 KEY_PRESS F12
1520591894484524 KEY_PRESS F12
1520591894582132 KEY_PRESS F12
1520591894584478 KEY_PRESS F12
1520591894587031 KEY_PRESS F12
1520591894589521 KEY_PRESS F12
1520591894591151 KEY_PRESS F12
1520591894593024 KEY_PRESS F12
1520591894594534 KEY_PRESS F12
1520591894595980 KEY_PRESS F12
1520591894597424 KEY_PRESS F12
1520591894598866 KEY_PRESS F12
1520591894600313 KEY_PRESS F12
1520591894601756 KEY_PRESS F12
1520591894603221 KEY_PRESS F12
1520591894604900 KEY_PRESS F12
1520591894606475 KEY_PRESS F12
1520591894608030 KEY_PRESS F12
1520591894609470 KEY_PRESS F12
1520591894610873 KEY_PRESS F12
1520591894612271 KEY_PRESS F12
1520591894613668 KEY_PRESS F12
1520591894615463 KEY_PRESS F12
1520591894616875 KEY_PRESS F12
1520591894618277 KEY_PRESS F12
1520591894619927 KEY_PRESS F12
1520591894621396 KEY_PRESS F12
1520591894622794 KEY_PRESS F12
1520591894624190 KEY_PRESS F12
1520591894625586 KEY_PRESS F12
1520591894627180 KEY_PRESS F12
1520591894628599 KEY_PRESS F12
1520591894629999 KEY_PRESS F12
1520591894631394 KEY_PRESS F12
1520591894632789 KEY_PRESS F12
1520591894634405 KEY_PRESS F12
1520591894635804 KEY_PRESS F12
1520591894637246 KEY_PRESS F12
1520591894638830 KEY_PRESS F12
1520591894640238 KEY_PRESS F12
1520591894641633 KEY_PRESS F12
1520591894643028 KEY_PRESS F12
1520591894645041 KEY_PRESS F12
1520591894751116 KEY_PRESS F12
1520591894753685 KEY_PRESS F12
1520591894756366 KEY_PRESS F12
1520591894758032 KEY_PRESS F12
1520591894759530 KEY_PRESS F12
1520591894761024 KEY_PRESS F12
1520591894762669 KEY_PRESS F12
1520591894764127 KEY_PRESS F12
1520591894765845 KEY_PRESS F12
1520591894768535 KEY_PRESS F12
1520591894770704 KEY_PRESS F12
1520591894772157 KEY_PRESS F12
1520591894773882 KEY_PRESS F12
1520591894775331 KEY_PRESS F12
1520591894776776 KEY_PRESS F12
1520591894778218 KEY_PRESS F12
1520591894779660 KEY_PRESS F12
1520591894781056 KEY_PRESS F12
1520591894782868 KEY_PRESS F12
1520591894784282 KEY_PRESS F12
1520591894785685 KEY_PRESS F12
1520591894787109 KEY_PRESS F12
1520591894788730 KEY_PRESS F12
1520591894790130 KEY_PRESS F12
1520591894791528 KEY_PRESS F12
1520591894792924 KEY_PRESS F12
1520591894794496 KEY_PRESS F12
1520591894795942 KEY_PRESS F12
1520591894797337 KEY_PRESS F12
1520591894798731 KEY_PRESS F12
1520591894800124 KEY_PRESS F12
1520591894801518 KEY_PRESS F12
1520591894803207 KEY_PRESS F12
1520591894805230 KEY_PRESS F12
1520591894950610 KEY_PRESS F12
1520591894953046 KEY_PRESS F12
1520591894955231 KEY_PRESS F12
1520591894957209 KEY_PRESS F12
1520591894958845 KEY_PRESS F12
1520591894960473 KEY_PRESS F12
1520591894961944 KEY_PRESS F12
1520591894963388 KEY_PRESS F12
1520591894965101 KEY_PRESS F12
1520591894966575 KEY_PRESS F12
1520591894968017 KEY_PRESS F12
1520591894969461 KEY_PRESS F12
1520591894970926 KEY_PRESS F12
1520591894972329 KEY_PRESS F12
1520591894973794 KEY_PRESS F12
1520591894975194 KEY_PRESS F12
1520591894976590 KEY_PRESS F12
1520591894977984 KEY_PRESS F12
1520591894979789 KEY_PRESS F12
1520591913437358 KEY_PRESS F11
1520591913439454 KEY_PRESS F11
1520591913441193 KEY_PRESS F11
1520591913442847 KEY_PRESS F11
1520591913444583 KEY_PRESS F11
1520591913447055 KEY_PRESS F11
1520591913449723 KEY_PRESS F11
1520591913452411 KEY_PRESS F11
1520591913455073 KEY_PRESS F11
1520591913458360 KEY_PRESS F11
1520591913461015 KEY_PRESS F11
1520591913463655 KEY_PRESS F11
1520591913466292 KEY_PRESS F11
1520591913468936 KEY_PRESS F11
1520591913471567 KEY_PRESS F11
1520591913474194 KEY_PRESS F11
1520591913476820 KEY_PRESS F11
1520591913479446 KEY_PRESS F11
1520591913482078 KEY_PRESS F11
1520591913485113 KEY_PRESS F11
1520591913487764 KEY_PRESS F11
1520591913490394 KEY_PRESS F11
1520591913493031 KEY_PRESS F11
1520591913495657 KEY_PRESS F11
1520591913498279 KEY_PRESS F11
1520591913500904 KEY_PRESS F11
1520591913503539 KEY_PRESS F11
1520591913506161 KEY_PRESS F11
1520591913508780 KEY_PRESS F11
1520591913511807 KEY_PRESS F11
1520591913514452 KEY_PRESS F11
1520591913517074 KEY_PRESS F11
1520591913519707 KEY_PRESS F11
1520591913522334 KEY_PRESS F11
1520591913524951 KEY_PRESS F11
1520591913527585 KEY_PRESS F11
1520591913530199 KEY_PRESS F11
1520591913532842 KEY_PRESS F11
1520591913535459 KEY_PRESS F11
1520591913538493 KEY_PRESS F11
1520591916879640 KEY_PRESS space
1520591916880886 CHEETAH_SIGNAL SENT_AFTER_TIME 131131.760820
1520591916979168 CHEETAH_SIGNAL SENT_AFTER_TIME 131131.859036
1520591916977639 DISPLAY_INSTRUCTIONS OFF
1520591917024605 CHEETAH_SIGNAL SENT_AFTER_TIME 131131.904468
1520591917057935 CHEETAH_SIGNAL SENT_AFTER_TIME 131131.937898
1520591917111346 CHEETAH_SIGNAL SENT_AFTER_TIME 131131.991230
1520591917109775 DISPLAY_FIXATION
1520591920365367 AUDIO_PLAYBACK_ONSET 1 1 1 he
1520591920458592 AUDIO_PLAYBACK_ONSET 2 1 2 smiles
1520591921239496 AUDIO_PLAYBACK_ONSET _ 1 END_OF_WAV
1520591921240342 AUDIO_PLAYBACK_DONE 1.wav
1520591893635544 KEY_PRESS F12
1520591893715538 KEY_PRESS F12
1520591894035529 KEY_PRESS F12
1520591894099530 KEY_PRESS F12
1520591894227519 KEY_PRESS F12
1520591894299517 KEY_PRESS F12
1520591894403512 KEY_PRESS F12
1520591894483494 KEY_PRESS F12
1520591894579505 KEY_PRESS F12
1520591894643502 KEY_PRESS F12
1520591894747480 KEY_PRESS F12
1520591894803476 KEY_PRESS F12
1520591894947473 KEY_PRESS F12
1520591894979474 KEY_PRESS F12
1520591913434732 KEY_PRESS F11
1520591913538723 KEY_PRESS F11
1520591916874588 KEY_PRESS space
1520591917322561 KEY_PRESS space
1520591922240300 AUDIO_PLAYBACK_ONSET 3 2 1 who
1520591922359289 AUDIO_PLAYBACK_ONSET 4 2 2 hugs
1520591922651687 AUDIO_PLAYBACK_ONSET 5 2 3 the
1520591922732909 AUDIO_PLAYBACK_ONSET 6 2 4 friend?
1520591923271840 AUDIO_PLAYBACK_ONSET _ 2 END_OF_WAV
1520591923662132 AUDIO_PLAYBACK_DONE 2.wav
1520591921250545 KEY_PRESS F12
1520591921346528 KEY_PRESS F12
1520591921458450 KEY_PRESS F12
1520591921546582 KEY_PRESS F12
1520591921642512 KEY_PRESS F12
1520591921714515 KEY_PRESS F12
1520591921802477 KEY_PRESS F12
1520591921842503 KEY_PRESS F12
1520591924662091 AUDIO_PLAYBACK_ONSET 7 3 1 They
1520591924780946 AUDIO_PLAYBACK_ONSET 8 3 2 ate
1520591925027637 AUDIO_PLAYBACK_ONSET 9 3 3 the
1520591925145968 AUDIO_PLAYBACK_ONSET 10 3 4 grapes
1520591925503970 AUDIO_PLAYBACK_ONSET 11 3 5 together
1520591925994343 AUDIO_PLAYBACK_ONSET _ 3 END_OF_WAV
1520591926154212 AUDIO_PLAYBACK_DONE 3.wav
1520591925338357 KEY_PRESS l
1520591925722340 KEY_PRESS l
1520591927154171 AUDIO_PLAYBACK_ONSET 12 4 1 he
1520591927263193 AUDIO_PLAYBACK_ONSET 13 4 2 showered
1520591927997431 AUDIO_PLAYBACK_ONSET _ 4 END_OF_WAV
1520591928210774 AUDIO_PLAYBACK_DONE 4.wav
1520591927986249 KEY_PRESS l
1520591929210733 AUDIO_PLAYBACK_ONSET 14 5 1 we
1520591929378377 AUDIO_PLAYBACK_ONSET 15 5 2 guessed
1520591929642836 AUDIO_PLAYBACK_ONSET 16 5 3 that
1520591929800135 AUDIO_PLAYBACK_ONSET 17 5 4 they
1520591929973164 AUDIO_PLAYBACK_ONSET 18 5 5 wink
1520591930497166 AUDIO_PLAYBACK_ONSET _ 5 END_OF_WAV
1520591930673557 AUDIO_PLAYBACK_DONE 5.wav
1520591928258236 KEY_PRESS l
1520591931673516 AUDIO_PLAYBACK_ONSET 19 6 1 Whom
1520591931836337 AUDIO_PLAYBACK_ONSET 20 6 2 did
1520591931991305 AUDIO_PLAYBACK_ONSET 21 6 3 the
1520591932120720 AUDIO_PLAYBACK_ONSET 22 6 4 boy
1520591932331739 AUDIO_PLAYBACK_ONSET 23 6 5 hear?
1520591932813953 AUDIO_PLAYBACK_ONSET _ 6 END_OF_WAV
1520591932900021 AUDIO_PLAYBACK_DONE 6.wav
1520591933899980 AUDIO_PLAYBACK_ONSET 24 7 1 he
1520591934057669 AUDIO_PLAYBACK_ONSET 25 7 2 arrived
1520591934891941 AUDIO_PLAYBACK_ONSET _ 7 END_OF_WAV
1520591934993681 AUDIO_PLAYBACK_DONE 7.wav
1520591935993640 AUDIO_PLAYBACK_ONSET 26 8 1 he
1520591936105051 AUDIO_PLAYBACK_ONSET 27 8 2 will
1520591936267574 AUDIO_PLAYBACK_ONSET 28 8 3 sneeze
1520591937129345 AUDIO_PLAYBACK_ONSET _ 8 END_OF_WAV
1520591937173277 AUDIO_PLAYBACK_DONE 8.wav
1520591938173236 AUDIO_PLAYBACK_ONSET 29 9 1 they
1520591938454252 AUDIO_PLAYBACK_ONSET 30 9 2 will
1520591938658381 AUDIO_PLAYBACK_ONSET 31 9 3 drink
1520591939290930 AUDIO_PLAYBACK_ONSET _ 9 END_OF_WAV
1520591939423165 AUDIO_PLAYBACK_DONE 9.wav
1520591939305803 KEY_PRESS l
1520591940423124 AUDIO_PLAYBACK_ONSET 32 10 1 they
1520591940724429 AUDIO_PLAYBACK_ONSET 33 10 2 wink
1520591941327749 AUDIO_PLAYBACK_ONSET _ 10 END_OF_WAV
1520591941548068 AUDIO_PLAYBACK_DONE 10.wav
1520591939585773 KEY_PRESS l
1520591942548026 AUDIO_PLAYBACK_ONSET 34 11 1 he
1520591942695691 AUDIO_PLAYBACK_ONSET 35 11 2 will
1520591942891692 AUDIO_PLAYBACK_ONSET 36 11 3 drive
1520591943500194 AUDIO_PLAYBACK_ONSET _ 11 END_OF_WAV
1520591943501093 AUDIO_PLAYBACK_DONE 11.wav
1520591944501052 AUDIO_PLAYBACK_ONSET 37 12 1 who
1520591944749151 AUDIO_PLAYBACK_ONSET 38 12 2 jumped?
1520591945515587 AUDIO_PLAYBACK_ONSET _ 12 END_OF_WAV
1520591945907236 AUDIO_PLAYBACK_DONE 12.wav
1520591946907195 AUDIO_PLAYBACK_ONSET 39 13 1 she
1520591947176716 AUDIO_PLAYBACK_ONSET 40 13 2 sliced
1520591947620305 AUDIO_PLAYBACK_ONSET 41 13 3 the
1520591947697127 AUDIO_PLAYBACK_ONSET 42 13 4 mushrooms
1520591948630149 AUDIO_PLAYBACK_ONSET _ 13 END_OF_WAV
1520591948750869 AUDIO_PLAYBACK_DONE 13.wav
1520591948401324 KEY_PRESS l
1520591949750828 AUDIO_PLAYBACK_ONSET 43 14 1 the
1520591949931010 AUDIO_PLAYBACK_ONSET 44 14 2 boy
1520591950150451 AUDIO_PLAYBACK_ONSET 45 14 3 remains
1520591951033636 AUDIO_PLAYBACK_ONSET _ 14 END_OF_WAV
1520591951094517 AUDIO_PLAYBACK_DONE 14.wav
1520591948761391 KEY_PRESS l
1520591952094476 AUDIO_PLAYBACK_ONSET 46 15 1 he
1520591952254087 AUDIO_PLAYBACK_ONSET 47 15 2 remains
1520591953148782 AUDIO_PLAYBACK_ONSET _ 15 END_OF_WAV
1520591953156949 AUDIO_PLAYBACK_DONE 15.wav
1520591954156908 AUDIO_PLAYBACK_ONSET 48 16 1 What
1520591954357795 AUDIO_PLAYBACK_ONSET 49 16 2 will
1520591954559153 AUDIO_PLAYBACK_ONSET 50 16 3 the
1520591954700302 AUDIO_PLAYBACK_ONSET 51 16 4 girls
1520591955118811 AUDIO_PLAYBACK_ONSET 52 16 5 find?
1520591955568905 AUDIO_PLAYBACK_ONSET _ 16 END_OF_WAV
1520591955625579 AUDIO_PLAYBACK_DONE 16.wav
1520591956625537 AUDIO_PLAYBACK_ONSET 53 17 1 he
1520591956774414 AUDIO_PLAYBACK_ONSET 54 17 2 was
1520591957004919 AUDIO_PLAYBACK_ONSET 55 17 3 hugged
1520591957531117 AUDIO_PLAYBACK_ONSET _ 17 END_OF_WAV
1520591957625473 AUDIO_PLAYBACK_DONE 17.wav
1520591958625432 AUDIO_PLAYBACK_ONSET 56 18 1 The
1520591958725756 AUDIO_PLAYBACK_ONSET 57 18 2 chef
1520591958998937 AUDIO_PLAYBACK_ONSET 58 18 3 served
1520591959455583 AUDIO_PLAYBACK_ONSET 59 18 4 the
1520591959604775 AUDIO_PLAYBACK_ONSET 60 18 5 cake
1520591960062429 AUDIO_PLAYBACK_ONSET _ 18 END_OF_WAV
1520591960125351 AUDIO_PLAYBACK_DONE 18.wav
1520591959992945 KEY_PRESS l
1520591961125310 AUDIO_PLAYBACK_ONSET 61 19 1 who
1520591961366858 AUDIO_PLAYBACK_ONSET 62 19 2 laughs?
1520591962134749 AUDIO_PLAYBACK_ONSET _ 19 END_OF_WAV
1520591962156516 AUDIO_PLAYBACK_DONE 19.wav
1520591960376914 KEY_PRESS l
1520591963156475 AUDIO_PLAYBACK_ONSET 63 20 1 she
1520591963537760 AUDIO_PLAYBACK_ONSET 64 20 2 sneezed
1520591964370723 AUDIO_PLAYBACK_ONSET _ 20 END_OF_WAV
1520591964375159 AUDIO_PLAYBACK_DONE 20.wav
1520591965375118 AUDIO_PLAYBACK_ONSET 65 21 1 who
1520591965628065 AUDIO_PLAYBACK_ONSET 66 21 2 winks?
1520591966343545 AUDIO_PLAYBACK_ONSET _ 21 END_OF_WAV
1520591966343809 AUDIO_PLAYBACK_DONE 21.wav
1520591967343768 AUDIO_PLAYBACK_ONSET 67 22 1 they
1520591967679084 AUDIO_PLAYBACK_ONSET 68 22 2 vanished
1520591968407170 AUDIO_PLAYBACK_ONSET _ 22 END_OF_WAV
1520591968499959 AUDIO_PLAYBACK_DONE 22.wav
1520591969499918 AUDIO_PLAYBACK_ONSET 69 23 1 they
1520591969777658 AUDIO_PLAYBACK_ONSET 70 23 2 saw
1520591970105274 AUDIO_PLAYBACK_ONSET 71 23 3 him
1520591970340150 AUDIO_PLAYBACK_ONSET 72 23 4 dance
1520591971000422 AUDIO_PLAYBACK_ONSET _ 23 END_OF_WAV
1520591970999838 AUDIO_PLAYBACK_DONE 23.wav
1520591971999797 AUDIO_PLAYBACK_ONSET 73 24 1 The
1520591972103177 AUDIO_PLAYBACK_ONSET 74 24 2 sandwich
1520591972707257 AUDIO_PLAYBACK_ONSET 75 24 3 is
1520591972897906 AUDIO_PLAYBACK_ONSET 76 24 4 healthy
1520591973463427 AUDIO_PLAYBACK_ONSET _ 24 END_OF_WAV
1520591973593475 AUDIO_PLAYBACK_DONE 24.wav
1520591973128496 KEY_PRESS l
1520591973536371 KEY_PRESS l
1520591974593434 AUDIO_PLAYBACK_ONSET 77 25 1 they
1520591974886295 AUDIO_PLAYBACK_ONSET 78 25 2 hug
1520591975172581 AUDIO_PLAYBACK_ONSET 79 25 3 the
1520591975274394 AUDIO_PLAYBACK_ONSET 80 25 4 friend
1520591975880232 AUDIO_PLAYBACK_ONSET _ 25 END_OF_WAV
1520591976093350 AUDIO_PLAYBACK_DONE 25.wav
1520591977093309 AUDIO_PLAYBACK_ONSET 81 26 1 Whom
1520591977310300 AUDIO_PLAYBACK_ONSET 82 26 2 will
1520591977500319 AUDIO_PLAYBACK_ONSET 83 26 3 the
1520591977654709 AUDIO_PLAYBACK_ONSET 84 26 4 boy
1520591977900455 AUDIO_PLAYBACK_ONSET 85 26 5 tickle?
1520591978377329 AUDIO_PLAYBACK_ONSET _ 26 END_OF_WAV
1520591978452618 AUDIO_PLAYBACK_DONE 26.wav
1520591979452577 AUDIO_PLAYBACK_ONSET 86 27 1 Who
1520591979652761 AUDIO_PLAYBACK_ONSET 87 27 2 did
1520591979835345 AUDIO_PLAYBACK_ONSET 88 27 3 the
1520591979986175 AUDIO_PLAYBACK_ONSET 89 27 4 boys
1520591980353611 AUDIO_PLAYBACK_ONSET 90 27 5 kiss?
1520591981051059 AUDIO_PLAYBACK_ONSET _ 27 END_OF_WAV
1520591981139995 AUDIO_PLAYBACK_DONE 27.wav
1520591982139954 AUDIO_PLAYBACK_ONSET 91 28 1 the
1520591982250358 AUDIO_PLAYBACK_ONSET 92 28 2 host
1520591982613256 AUDIO_PLAYBACK_ONSET 93 28 3 was
1520591982784624 AUDIO_PLAYBACK_ONSET 94 28 4 warned
1520591983511428 AUDIO_PLAYBACK_ONSET _ 28 END_OF_WAV
1520591983639869 AUDIO_PLAYBACK_DONE 28.wav
1520591984639828 AUDIO_PLAYBACK_ONSET 95 29 1 he
1520591984937729 AUDIO_PLAYBACK_ONSET 96 29 2 bloomed
1520591985873199 AUDIO_PLAYBACK_ONSET _ 29 END_OF_WAV
1520591986139746 AUDIO_PLAYBACK_DONE 29.wav
1520591987139705 AUDIO_PLAYBACK_ONSET 97 30 1 Whom
1520591987400308 AUDIO_PLAYBACK_ONSET 98 30 2 will
1520591987607967 AUDIO_PLAYBACK_ONSET 99 30 3 the
1520591987766230 AUDIO_PLAYBACK_ONSET 100 30 4 boy
1520591987995057 AUDIO_PLAYBACK_ONSET 101 30 5 hear?
1520591988608959 AUDIO_PLAYBACK_ONSET _ 30 END_OF_WAV
1520591988639625 AUDIO_PLAYBACK_DONE 30.wav
1520591989639584 AUDIO_PLAYBACK_ONSET 102 31 1 she
1520591990063406 AUDIO_PLAYBACK_ONSET 103 31 2 washed
1520591990880764 AUDIO_PLAYBACK_ONSET _ 31 END_OF_WAV
1520591990889509 AUDIO_PLAYBACK_DONE 31.wav
1520591991889468 AUDIO_PLAYBACK_ONSET 104 32 1 the
1520591992033416 AUDIO_PLAYBACK_ONSET 105 32 2 girls
1520591992385140 AUDIO_PLAYBACK_ONSET 106 32 3 appear
1520591993035499 AUDIO_PLAYBACK_ONSET _ 32 END_OF_WAV
1520591993123776 AUDIO_PLAYBACK_DONE 32.wav
1520591994123735 AUDIO_PLAYBACK_ONSET 107 33 1 who
1520591994380932 AUDIO_PLAYBACK_ONSET 108 33 2 falls?
1520591995227959 AUDIO_PLAYBACK_ONSET _ 33 END_OF_WAV
1520591995264301 AUDIO_PLAYBACK_DONE 33.wav
1520591996264260 AUDIO_PLAYBACK_ONSET 109 34 1 the
1520591996469884 AUDIO_PLAYBACK_ONSET 110 34 2 boy
1520591996720302 AUDIO_PLAYBACK_ONSET 111 34 3 laughs
1520591997543632 AUDIO_PLAYBACK_ONSET _ 34 END_OF_WAV
1520591997639196 AUDIO_PLAYBACK_DONE 34.wav
1520591998639155 AUDIO_PLAYBACK_ONSET 112 35 1 she
1520591999030326 AUDIO_PLAYBACK_ONSET 113 35 2 disappears
1520592000121342 AUDIO_PLAYBACK_ONSET _ 35 END_OF_WAV
1520592000201590 AUDIO_PLAYBACK_DONE 35.wav
1520592001201548 AUDIO_PLAYBACK_ONSET 114 36 1 she
1520592001603529 AUDIO_PLAYBACK_ONSET 115 36 2 laughed
1520592002362924 AUDIO_PLAYBACK_ONSET _ 36 END_OF_WAV
1520592002451475 AUDIO_PLAYBACK_DONE 36.wav
1520592003451434 AUDIO_PLAYBACK_ONSET 116 37 1 who
1520592003767157 AUDIO_PLAYBACK_ONSET 117 37 2 blooms?
1520592004544096 AUDIO_PLAYBACK_ONSET _ 37 END_OF_WAV
1520592004545131 AUDIO_PLAYBACK_DONE 37.wav
1520592005545089 AUDIO_PLAYBACK_ONSET 118 38 1 who
1520592005791803 AUDIO_PLAYBACK_ONSET 119 38 2 sneezes?
1520592006810429 AUDIO_PLAYBACK_ONSET _ 38 END_OF_WAV
1520592006826283 AUDIO_PLAYBACK_DONE 38.wav
1520592007826242 AUDIO_PLAYBACK_ONSET 120 39 1 she
1520592008328404 AUDIO_PLAYBACK_ONSET 121 39 2 excercised
1520592009496491 AUDIO_PLAYBACK_ONSET _ 39 END_OF_WAV
1520592009701157 AUDIO_PLAYBACK_DONE 39.wav
1520592010701116 AUDIO_PLAYBACK_ONSET 122 40 1 he
1520592011039739 AUDIO_PLAYBACK_ONSET 123 40 2 cried
1520592011776836 AUDIO_PLAYBACK_ONSET _ 40 END_OF_WAV
1520592012138546 AUDIO_PLAYBACK_DONE 40.wav
1520592013138504 AUDIO_PLAYBACK_ONSET 124 41 1 the
1520592013297204 AUDIO_PLAYBACK_ONSET 125 41 2 boy
1520592013485143 AUDIO_PLAYBACK_ONSET 126 41 3 sneezes
1520592014362195 AUDIO_PLAYBACK_ONSET _ 41 END_OF_WAV
1520592014365011 AUDIO_PLAYBACK_DONE 41.wav
1520592015364970 AUDIO_PLAYBACK_ONSET 127 42 1 they
1520592015581398 AUDIO_PLAYBACK_ONSET 128 42 2 winked
1520592016291613 AUDIO_PLAYBACK_ONSET _ 42 END_OF_WAV
1520592016521162 AUDIO_PLAYBACK_DONE 42.wav
1520592017521121 AUDIO_PLAYBACK_ONSET 129 43 1 she
1520592017734933 AUDIO_PLAYBACK_ONSET 130 43 2 remained
1520592018520370 AUDIO_PLAYBACK_ONSET _ 43 END_OF_WAV
1520592018771049 AUDIO_PLAYBACK_DONE 43.wav
1520592019771008 AUDIO_PLAYBACK_ONSET 131 44 1 The
1520592019839263 AUDIO_PLAYBACK_ONSET 132 44 2 salad
1520592020194391 AUDIO_PLAYBACK_ONSET 133 44 3 is
1520592020367565 AUDIO_PLAYBACK_ONSET 134 44 4 tasty
1520592020943750 AUDIO_PLAYBACK_ONSET _ 44 END_OF_WAV
1520592020958445 AUDIO_PLAYBACK_DONE 44.wav
1520592021958404 AUDIO_PLAYBACK_ONSET 135 45 1 Whom
1520592022073461 AUDIO_PLAYBACK_ONSET 136 45 2 does
1520592022270452 AUDIO_PLAYBACK_ONSET 137 45 3 the
1520592022391734 AUDIO_PLAYBACK_ONSET 138 45 4 boy
1520592022636502 AUDIO_PLAYBACK_ONSET 139 45 5 tickle?
1520592023050331 AUDIO_PLAYBACK_ONSET _ 45 END_OF_WAV
1520592023052101 AUDIO_PLAYBACK_DONE 45.wav
1520592021462401 KEY_PRESS l
1520592021782454 KEY_PRESS l
1520592024052060 AUDIO_PLAYBACK_ONSET 140 46 1 they
1520592024224524 AUDIO_PLAYBACK_ONSET 141 46 2 tickle
1520592024524421 AUDIO_PLAYBACK_ONSET 142 46 3 the
1520592024676512 AUDIO_PLAYBACK_ONSET 143 46 4 girl
1520592025094941 AUDIO_PLAYBACK_ONSET _ 46 END_OF_WAV
1520592025114512 AUDIO_PLAYBACK_DONE 46.wav
1520592026114471 AUDIO_PLAYBACK_ONSET 144 47 1 she
1520592026350497 AUDIO_PLAYBACK_ONSET 145 47 2 will
1520592026470781 AUDIO_PLAYBACK_ONSET 146 47 3 sleep
1520592027163445 AUDIO_PLAYBACK_ONSET _ 47 END_OF_WAV
1520592027348774 AUDIO_PLAYBACK_DONE 47.wav
1520592028348733 AUDIO_PLAYBACK_ONSET 147 48 1 she
1520592028563360 AUDIO_PLAYBACK_ONSET 148 48 2 collapsed
1520592029465881 AUDIO_PLAYBACK_ONSET _ 48 END_OF_WAV
1520592029520544 AUDIO_PLAYBACK_DONE 48.wav
1520592030520503 AUDIO_PLAYBACK_ONSET 149 49 1 the
1520592030690211 AUDIO_PLAYBACK_ONSET 150 49 2 girl
1520592030899447 AUDIO_PLAYBACK_ONSET 151 49 3 ate
1520592031085718 AUDIO_PLAYBACK_ONSET 152 49 4 the
1520592031144407 AUDIO_PLAYBACK_ONSET 153 49 5 salad
1520592031760207 AUDIO_PLAYBACK_ONSET _ 49 END_OF_WAV
1520592031786101 AUDIO_PLAYBACK_DONE 49.wav
1520592031501928 KEY_PRESS l
1520592032786060 AUDIO_PLAYBACK_ONSET 154 50 1 What
1520592032927107 AUDIO_PLAYBACK_ONSET 155 50 2 did
1520592033078865 AUDIO_PLAYBACK_ONSET 156 50 3 the
1520592033180284 AUDIO_PLAYBACK_ONSET 157 50 4 girl
1520592033413473 AUDIO_PLAYBACK_ONSET 158 50 5 kick?
1520592033882072 AUDIO_PLAYBACK_ONSET _ 50 END_OF_WAV
1520592033887560 AUDIO_PLAYBACK_DONE 50.wav
1520592031885966 KEY_PRESS l
1520592034887519 AUDIO_PLAYBACK_ONSET 159 51 1 she
1520592035082149 AUDIO_PLAYBACK_ONSET 160 51 2 smelled
1520592035389187 AUDIO_PLAYBACK_ONSET 161 51 3 it
1520592035567088 AUDIO_PLAYBACK_ONSET 162 51 4 burn
1520592035975268 AUDIO_PLAYBACK_ONSET _ 51 END_OF_WAV
1520592036231207 AUDIO_PLAYBACK_DONE 51.wav
1520592037231165 AUDIO_PLAYBACK_ONSET 163 52 1 he
1520592037375254 AUDIO_PLAYBACK_ONSET 164 52 2 disappeared
1520592038153970 AUDIO_PLAYBACK_ONSET _ 52 END_OF_WAV
1520592038481094 AUDIO_PLAYBACK_DONE 52.wav
1520592036309789 KEY_PRESS l
1520592036589780 KEY_PRESS l
1520592039481053 AUDIO_PLAYBACK_ONSET 165 53 1 they
1520592039641860 AUDIO_PLAYBACK_ONSET 166 53 2 heard
1520592039816252 AUDIO_PLAYBACK_ONSET 167 53 3 her
1520592039966451 AUDIO_PLAYBACK_ONSET 168 53 4 coughing
1520592040572289 AUDIO_PLAYBACK_ONSET _ 53 END_OF_WAV
1520592040980969 AUDIO_PLAYBACK_DONE 53.wav
1520592041980928 AUDIO_PLAYBACK_ONSET 169 54 1 she
1520592042274544 AUDIO_PLAYBACK_ONSET 170 54 2 smiled
1520592043066700 AUDIO_PLAYBACK_ONSET _ 54 END_OF_WAV
1520592043230875 AUDIO_PLAYBACK_DONE 54.wav
1520592044230834 AUDIO_PLAYBACK_ONSET 171 55 1 the
1520592044354154 AUDIO_PLAYBACK_ONSET 172 55 2 girls
1520592044678158 AUDIO_PLAYBACK_ONSET 173 55 3 cough
1520592045255141 AUDIO_PLAYBACK_ONSET _ 55 END_OF_WAV
1520592045418269 AUDIO_PLAYBACK_DONE 55.wav
1520592046418228 AUDIO_PLAYBACK_ONSET 174 56 1 we
1520592046543345 AUDIO_PLAYBACK_ONSET 175 56 2 revealed
1520592046915635 AUDIO_PLAYBACK_ONSET 176 56 3 that
1520592046993445 AUDIO_PLAYBACK_ONSET 177 56 4 she
1520592047212510 AUDIO_PLAYBACK_ONSET 178 56 5 jumps
1520592047881675 AUDIO_PLAYBACK_ONSET _ 56 END_OF_WAV
1520592048199405 AUDIO_PLAYBACK_DONE 56.wav
1520592049199364 AUDIO_PLAYBACK_ONSET 179 57 1 who
1520592049378982 AUDIO_PLAYBACK_ONSET 180 57 2 eats
1520592049593832 AUDIO_PLAYBACK_ONSET 181 57 3 the
1520592049661025 AUDIO_PLAYBACK_ONSET 182 57 4 salad?
1520592050281520 AUDIO_PLAYBACK_ONSET _ 57 END_OF_WAV
1520592050433689 AUDIO_PLAYBACK_DONE 57.wav
1520592051433648 AUDIO_PLAYBACK_ONSET 183 58 1 he
1520592051645103 AUDIO_PLAYBACK_ONSET 184 58 2 laughs
1520592052433130 AUDIO_PLAYBACK_ONSET _ 58 END_OF_WAV
1520592052660152 AUDIO_PLAYBACK_DONE 58.wav
1520592050765179 KEY_PRESS l
1520592051045155 KEY_PRESS l
1520592053660110 AUDIO_PLAYBACK_ONSET 185 59 1 who
1520592053828039 AUDIO_PLAYBACK_ONSET 186 59 2 arrives?
1520592054626799 AUDIO_PLAYBACK_ONSET _ 59 END_OF_WAV
1520592054964728 AUDIO_PLAYBACK_DONE 59.wav
1520592055964686 AUDIO_PLAYBACK_ONSET 187 60 1 the
1520592056107759 AUDIO_PLAYBACK_ONSET 188 60 2 boy
1520592056266970 AUDIO_PLAYBACK_ONSET 189 60 3 smelled
1520592056615319 AUDIO_PLAYBACK_ONSET 190 60 4 the
1520592056681158 AUDIO_PLAYBACK_ONSET 191 60 5 flowers
1520592057549037 AUDIO_PLAYBACK_ONSET _ 60 END_OF_WAV
1520592057745864 AUDIO_PLAYBACK_DONE 60.wav
1520592058745823 AUDIO_PLAYBACK_ONSET 192 61 1 who
1520592058956024 AUDIO_PLAYBACK_ONSET 193 61 2 tickles
1520592059363276 AUDIO_PLAYBACK_ONSET 194 61 3 the
1520592059484242 AUDIO_PLAYBACK_ONSET 195 61 4 girl?
1520592059959033 AUDIO_PLAYBACK_ONSET _ 61 END_OF_WAV
1520592060245738 AUDIO_PLAYBACK_DONE 61.wav
1520592061245697 AUDIO_PLAYBACK_ONSET 196 62 1 What
1520592061427830 AUDIO_PLAYBACK_ONSET 197 62 2 will
1520592061551212 AUDIO_PLAYBACK_ONSET 198 62 3 the
1520592061685450 AUDIO_PLAYBACK_ONSET 199 62 4 girl
1520592061944057 AUDIO_PLAYBACK_ONSET 200 62 5 kick?
1520592062614264 AUDIO_PLAYBACK_ONSET _ 62 END_OF_WAV
1520592062714367 AUDIO_PLAYBACK_DONE 62.wav
1520592063714326 AUDIO_PLAYBACK_ONSET 201 63 1 he
1520592063835214 AUDIO_PLAYBACK_ONSET 202 63 2 sneezes
1520592064574485 AUDIO_PLAYBACK_ONSET _ 63 END_OF_WAV
1520592064878338 AUDIO_PLAYBACK_DONE 63.wav
1520592065878297 AUDIO_PLAYBACK_ONSET 203 64 1 who
1520592066034110 AUDIO_PLAYBACK_ONSET 204 64 2 remains?
1520592066856389 AUDIO_PLAYBACK_ONSET _ 64 END_OF_WAV
1520592066862610 AUDIO_PLAYBACK_DONE 64.wav
1520592067862569 AUDIO_PLAYBACK_ONSET 205 65 1 they
1520592067994269 AUDIO_PLAYBACK_ONSET 206 65 2 found
1520592068287193 AUDIO_PLAYBACK_ONSET 207 65 3 the
1520592068407320 AUDIO_PLAYBACK_ONSET 208 65 4 bikes
1520592069056928 AUDIO_PLAYBACK_ONSET _ 65 END_OF_WAV
1520592069237502 AUDIO_PLAYBACK_DONE 65.wav
1520592070237461 AUDIO_PLAYBACK_ONSET 209 66 1 they
1520592070333919 AUDIO_PLAYBACK_ONSET 210 66 2 appeared
1520592070934501 AUDIO_PLAYBACK_ONSET _ 66 END_OF_WAV
1520592071448341 AUDIO_PLAYBACK_DONE 66.wav
1520592072448300 AUDIO_PLAYBACK_ONSET 211 67 1 they
1520592072648121 AUDIO_PLAYBACK_ONSET 212 67 2 appear
1520592073223663 AUDIO_PLAYBACK_ONSET _ 67 END_OF_WAV
1520592073370124 AUDIO_PLAYBACK_DONE 67.wav
1520592074370083 AUDIO_PLAYBACK_ONSET 213 68 1 he
1520592074631636 AUDIO_PLAYBACK_ONSET 214 68 2 crawled
1520592075201948 AUDIO_PLAYBACK_ONSET _ 68 END_OF_WAV
1520592075346596 AUDIO_PLAYBACK_DONE 68.wav
1520592076346554 AUDIO_PLAYBACK_ONSET 215 69 1 the
1520592076488204 AUDIO_PLAYBACK_ONSET 216 69 2 boy
1520592076713936 AUDIO_PLAYBACK_ONSET 217 69 3 jumped
1520592077377188 AUDIO_PLAYBACK_ONSET _ 69 END_OF_WAV
1520592077643372 AUDIO_PLAYBACK_DONE 69.wav
1520592078643331 AUDIO_PLAYBACK_ONSET 218 70 1 she
1520592079034913 AUDIO_PLAYBACK_ONSET 219 70 2 jumps
1520592079807740 AUDIO_PLAYBACK_ONSET _ 70 END_OF_WAV
1520592080174517 AUDIO_PLAYBACK_DONE 70.wav
1520592081174475 AUDIO_PLAYBACK_ONSET 220 71 1 who
1520592081357625 AUDIO_PLAYBACK_ONSET 221 71 2 coughed?
1520592082110968 AUDIO_PLAYBACK_ONSET _ 71 END_OF_WAV
1520592082174412 AUDIO_PLAYBACK_DONE 71.wav
1520592083174371 AUDIO_PLAYBACK_ONSET 222 72 1 the
1520592083318540 AUDIO_PLAYBACK_ONSET 223 72 2 girls
1520592083586880 AUDIO_PLAYBACK_ONSET 224 72 3 found
1520592083829285 AUDIO_PLAYBACK_ONSET 225 72 4 the
1520592083938018 AUDIO_PLAYBACK_ONSET 226 72 5 bikes
1520592084650268 AUDIO_PLAYBACK_ONSET _ 72 END_OF_WAV
1520592084658666 AUDIO_PLAYBACK_DONE 72.wav
1520592085658625 AUDIO_PLAYBACK_ONSET 227 73 1 she
1520592085876865 AUDIO_PLAYBACK_ONSET 228 73 2 heard
1520592086108634 AUDIO_PLAYBACK_ONSET 229 73 3 them
1520592086296479 AUDIO_PLAYBACK_ONSET 230 73 4 crying
1520592086823566 AUDIO_PLAYBACK_ONSET _ 73 END_OF_WAV
1520592087049179 AUDIO_PLAYBACK_DONE 73.wav
1520592088049138 AUDIO_PLAYBACK_ONSET 231 74 1 she
1520592088240291 AUDIO_PLAYBACK_ONSET 232 74 2 eats
1520592088524393 AUDIO_PLAYBACK_ONSET 233 74 3 the
1520592088601803 AUDIO_PLAYBACK_ONSET 234 74 4 salad
1520592089177988 AUDIO_PLAYBACK_ONSET _ 74 END_OF_WAV
1520592089236573 AUDIO_PLAYBACK_DONE 74.wav
1520592089027652 KEY_PRESS l
1520592090236532 AUDIO_PLAYBACK_ONSET 235 75 1 he
1520592090390113 AUDIO_PLAYBACK_ONSET 236 75 2 falls
1520592091127327 AUDIO_PLAYBACK_ONSET _ 75 END_OF_WAV
1520592091236469 AUDIO_PLAYBACK_DONE 75.wav
1520592089619590 KEY_PRESS l
1520592092236428 AUDIO_PLAYBACK_ONSET 237 76 1 the
1520592092370082 AUDIO_PLAYBACK_ONSET 238 76 2 girl
1520592092596769 AUDIO_PLAYBACK_ONSET 239 76 3 disappears
1520592093547622 AUDIO_PLAYBACK_ONSET _ 76 END_OF_WAV
1520592093548869 AUDIO_PLAYBACK_DONE 76.wav
1520592094548827 AUDIO_PLAYBACK_ONSET 240 77 1 who
1520592094768003 AUDIO_PLAYBACK_ONSET 241 77 2 heard
1520592095062084 AUDIO_PLAYBACK_ONSET 242 77 3 the
1520592095145805 AUDIO_PLAYBACK_ONSET 243 77 4 men?
1520592095584816 AUDIO_PLAYBACK_ONSET _ 77 END_OF_WAV
1520592095595654 AUDIO_PLAYBACK_DONE 77.wav
1520592096595613 AUDIO_PLAYBACK_ONSET 244 78 1 she
1520592096826401 AUDIO_PLAYBACK_ONSET 245 78 2 saw
1520592097064333 AUDIO_PLAYBACK_ONSET 246 78 3 that
1520592097230599 AUDIO_PLAYBACK_ONSET 247 78 4 he
1520592097365332 AUDIO_PLAYBACK_ONSET 248 78 5 crawled
1520592097886107 AUDIO_PLAYBACK_ONSET _ 78 END_OF_WAV
1520592098017416 AUDIO_PLAYBACK_DONE 78.wav
1520592099017375 AUDIO_PLAYBACK_ONSET 249 79 1 the
1520592099111336 AUDIO_PLAYBACK_ONSET 250 79 2 boy
1520592099336260 AUDIO_PLAYBACK_ONSET 251 79 3 collapses
1520592100290641 AUDIO_PLAYBACK_ONSET _ 79 END_OF_WAV
1520592100329818 AUDIO_PLAYBACK_DONE 79.wav
1520592101329777 AUDIO_PLAYBACK_ONSET 252 80 1 she
1520592101637349 AUDIO_PLAYBACK_ONSET 253 80 2 crawls
1520592102385132 AUDIO_PLAYBACK_ONSET _ 80 END_OF_WAV
1520592102548458 AUDIO_PLAYBACK_DONE 80.wav
1520592103548416 AUDIO_PLAYBACK_ONSET 254 81 1 the
1520592103639016 AUDIO_PLAYBACK_ONSET 255 81 2 actors
1520592104013297 AUDIO_PLAYBACK_ONSET 256 81 3 will
1520592104109062 AUDIO_PLAYBACK_ONSET 257 81 4 snore
1520592104696419 AUDIO_PLAYBACK_ONSET _ 81 END_OF_WAV
1520592104735852 AUDIO_PLAYBACK_DONE 81.wav
1520592105735811 AUDIO_PLAYBACK_ONSET 258 82 1 the
1520592105878338 AUDIO_PLAYBACK_ONSET 259 82 2 boy
1520592106070353 AUDIO_PLAYBACK_ONSET 260 82 3 will
1520592106207260 AUDIO_PLAYBACK_ONSET 261 82 4 sing
1520592106763501 AUDIO_PLAYBACK_ONSET _ 82 END_OF_WAV
1520592107017007 AUDIO_PLAYBACK_DONE 82.wav
1520592108016966 AUDIO_PLAYBACK_ONSET 262 83 1 What
1520592108152509 AUDIO_PLAYBACK_ONSET 263 83 2 will
1520592108372517 AUDIO_PLAYBACK_ONSET 264 83 3 the
1520592108546028 AUDIO_PLAYBACK_ONSET 265 83 4 girl
1520592108954290 AUDIO_PLAYBACK_ONSET 266 83 5 eat?
1520592109485031 AUDIO_PLAYBACK_ONSET _ 83 END_OF_WAV
1520592109704381 AUDIO_PLAYBACK_DONE 83.wav
1520592110704340 AUDIO_PLAYBACK_ONSET 267 84 1 the
1520592110853470 AUDIO_PLAYBACK_ONSET 268 84 2 girl
1520592111055079 AUDIO_PLAYBACK_ONSET 269 84 3 smiled
1520592111836315 AUDIO_PLAYBACK_ONSET _ 84 END_OF_WAV
1520592111954267 AUDIO_PLAYBACK_DONE 84.wav
1520592112954226 AUDIO_PLAYBACK_ONSET 270 85 1 The
1520592113055842 AUDIO_PLAYBACK_ONSET 271 85 2 cook
1520592113275284 AUDIO_PLAYBACK_ONSET 272 85 3 prepared
1520592113635601 AUDIO_PLAYBACK_ONSET 273 85 4 the
1520592113694300 AUDIO_PLAYBACK_ONSET 274 85 5 meal
1520592114200912 AUDIO_PLAYBACK_ONSET _ 85 END_OF_WAV
1520592114297935 AUDIO_PLAYBACK_DONE 85.wav
1520592114218464 KEY_PRESS l
1520592115297894 AUDIO_PLAYBACK_ONSET 275 86 1 What
1520592115486235 AUDIO_PLAYBACK_ONSET 276 86 2 does
1520592115712040 AUDIO_PLAYBACK_ONSET 277 86 3 the
1520592115818769 AUDIO_PLAYBACK_ONSET 278 86 4 girl
1520592116045456 AUDIO_PLAYBACK_ONSET 279 86 5 eat?
1520592116560575 AUDIO_PLAYBACK_ONSET _ 86 END_OF_WAV
1520592116610338 AUDIO_PLAYBACK_DONE 86.wav
1520592114602564 KEY_PRESS l
1520592117610297 AUDIO_PLAYBACK_ONSET 280 87 1 who
1520592117791859 AUDIO_PLAYBACK_ONSET 281 87 2 kicked
1520592118115424 AUDIO_PLAYBACK_ONSET 282 87 3 the
1520592118265277 AUDIO_PLAYBACK_ONSET 283 87 4 ball?
1520592118645503 AUDIO_PLAYBACK_ONSET _ 87 END_OF_WAV
1520592118719617 AUDIO_PLAYBACK_DONE 87.wav
1520592119719576 AUDIO_PLAYBACK_ONSET 284 88 1 he
1520592119935415 AUDIO_PLAYBACK_ONSET 285 88 2 collapses
1520592120879768 AUDIO_PLAYBACK_ONSET _ 88 END_OF_WAV
1520592120938282 AUDIO_PLAYBACK_DONE 88.wav
1520592121938241 AUDIO_PLAYBACK_ONSET 286 89 1 he
1520592122029170 AUDIO_PLAYBACK_ONSET 287 89 2 hears
1520592122362806 AUDIO_PLAYBACK_ONSET 288 89 3 the
1520592122439030 AUDIO_PLAYBACK_ONSET 289 89 4 men
1520592122836394 AUDIO_PLAYBACK_ONSET _ 89 END_OF_WAV
1520592122867887 AUDIO_PLAYBACK_DONE 89.wav
1520592123867846 AUDIO_PLAYBACK_ONSET 290 90 1 Whom
1520592124107581 AUDIO_PLAYBACK_ONSET 291 90 2 do
1520592124234680 AUDIO_PLAYBACK_ONSET 292 90 3 the
1520592124308510 AUDIO_PLAYBACK_ONSET 293 90 4 women
1520592124617846 AUDIO_PLAYBACK_ONSET 294 90 5 hug?
1520592125077645 AUDIO_PLAYBACK_ONSET _ 90 END_OF_WAV
1520592125258404 AUDIO_PLAYBACK_DONE 90.wav
1520592126258363 AUDIO_PLAYBACK_ONSET 295 91 1 the
1520592126405466 AUDIO_PLAYBACK_ONSET 296 91 2 girl
1520592126614363 AUDIO_PLAYBACK_ONSET 297 91 3 fell
1520592127102805 AUDIO_PLAYBACK_ONSET _ 91 END_OF_WAV
1520592127164562 AUDIO_PLAYBACK_DONE 91.wav
1520592128164521 AUDIO_PLAYBACK_ONSET 298 92 1 she
1520592128542141 AUDIO_PLAYBACK_ONSET 299 92 2 blooms
1520592129351938 AUDIO_PLAYBACK_ONSET _ 92 END_OF_WAV
1520592129414448 AUDIO_PLAYBACK_DONE 92.wav
1520592130414407 AUDIO_PLAYBACK_ONSET 300 93 1 who
1520592130538185 AUDIO_PLAYBACK_ONSET 301 93 2 smelled
1520592130924221 AUDIO_PLAYBACK_ONSET 302 93 3 the
1520592130987372 AUDIO_PLAYBACK_ONSET 303 93 4 flowers?
1520592131876579 AUDIO_PLAYBACK_ONSET _ 93 END_OF_WAV
1520592131929968 AUDIO_PLAYBACK_DONE 93.wav
1520592132929927 AUDIO_PLAYBACK_ONSET 304 94 1 she
1520592133275994 AUDIO_PLAYBACK_ONSET 305 94 2 kicked
1520592133586410 AUDIO_PLAYBACK_ONSET 306 94 3 the
1520592133733837 AUDIO_PLAYBACK_ONSET 307 94 4 ball
1520592134095852 AUDIO_PLAYBACK_ONSET _ 94 END_OF_WAV
1520592134148609 AUDIO_PLAYBACK_DONE 94.wav
1520592135148568 AUDIO_PLAYBACK_ONSET 308 95 1 he
1520592135279955 AUDIO_PLAYBACK_ONSET 309 95 2 streched
1520592136145165 AUDIO_PLAYBACK_ONSET _ 95 END_OF_WAV
1520592136421942 AUDIO_PLAYBACK_DONE 95.wav
1520592137421900 AUDIO_PLAYBACK_ONSET 310 96 1 the
1520592137567704 AUDIO_PLAYBACK_ONSET 311 96 2 girl
1520592137790236 AUDIO_PLAYBACK_ONSET 312 96 3 kicked
1520592138105414 AUDIO_PLAYBACK_ONSET 313 96 4 the
1520592138235300 AUDIO_PLAYBACK_ONSET 314 96 5 ball
1520592138644033 AUDIO_PLAYBACK_ONSET _ 96 END_OF_WAV
1520592138773386 AUDIO_PLAYBACK_DONE 96.wav
1520592139773345 AUDIO_PLAYBACK_ONSET 315 97 1 they
1520592139969360 AUDIO_PLAYBACK_ONSET 316 97 2 kissed
1520592140302493 AUDIO_PLAYBACK_ONSET 317 97 3 the
1520592140419089 AUDIO_PLAYBACK_ONSET 318 97 4 clowns
1520592141226379 AUDIO_PLAYBACK_ONSET _ 97 END_OF_WAV
1520592141425637 AUDIO_PLAYBACK_DONE 97.wav
1520592142425596 AUDIO_PLAYBACK_ONSET 319 98 1 the
1520592142548337 AUDIO_PLAYBACK_ONSET 320 98 2 boy
1520592142869851 AUDIO_PLAYBACK_ONSET 321 98 3 bloomed
1520592143537333 AUDIO_PLAYBACK_ONSET _ 98 END_OF_WAV
1520592143773184 AUDIO_PLAYBACK_DONE 98.wav
1520592144773143 AUDIO_PLAYBACK_ONSET 322 99 1 they
1520592145063875 AUDIO_PLAYBACK_ONSET 323 99 2 cough
1520592145761429 AUDIO_PLAYBACK_ONSET _ 99 END_OF_WAV
1520592145866839 AUDIO_PLAYBACK_DONE 99.wav
1520592146866798 AUDIO_PLAYBACK_ONSET 324 100 1 she
1520592147190531 AUDIO_PLAYBACK_ONSET 325 100 2 fell
1520592147698001 AUDIO_PLAYBACK_ONSET _ 100 END_OF_WAV
1520592147741751 AUDIO_PLAYBACK_DONE 100.wav
1520592148741710 AUDIO_PLAYBACK_ONSET 326 101 1 she
1520592149127053 AUDIO_PLAYBACK_ONSET 327 101 2 cries
1520592149866173 AUDIO_PLAYBACK_ONSET _ 101 END_OF_WAV
1520592149976013 AUDIO_PLAYBACK_DONE 101.wav
1520592150975972 AUDIO_PLAYBACK_ONSET 328 102 1 we
1520592151126479 AUDIO_PLAYBACK_ONSET 329 102 2 heard
1520592151391032 AUDIO_PLAYBACK_ONSET 330 102 3 that
1520592151499209 AUDIO_PLAYBACK_ONSET 331 102 4 she
1520592151717706 AUDIO_PLAYBACK_ONSET 332 102 5 sneezed
1520592152529571 AUDIO_PLAYBACK_ONSET _ 102 END_OF_WAV
1520592152569647 AUDIO_PLAYBACK_DONE 102.wav
1520592153569606 AUDIO_PLAYBACK_ONSET 333 103 1 she
1520592153857003 AUDIO_PLAYBACK_ONSET 334 103 2 scratched
1520592154914915 AUDIO_PLAYBACK_ONSET _ 103 END_OF_WAV
1520592154960162 AUDIO_PLAYBACK_DONE 103.wav
1520592155960120 AUDIO_PLAYBACK_ONSET 335 104 1 they
1520592156203127 AUDIO_PLAYBACK_ONSET 336 104 2 heared
1520592156483787 AUDIO_PLAYBACK_ONSET 337 104 3 that
1520592156588625 AUDIO_PLAYBACK_ONSET 338 104 4 she
1520592156786288 AUDIO_PLAYBACK_ONSET 339 104 5 laughed
1520592157559468 AUDIO_PLAYBACK_ONSET _ 104 END_OF_WAV
1520592157585043 AUDIO_PLAYBACK_DONE 104.wav
1520592158585001 AUDIO_PLAYBACK_ONSET 340 105 1 the
1520592158728305 AUDIO_PLAYBACK_ONSET 341 105 2 boys
1520592159030380 AUDIO_PLAYBACK_ONSET 342 105 3 winked
1520592159700659 AUDIO_PLAYBACK_ONSET _ 105 END_OF_WAV
1520592159799783 AUDIO_PLAYBACK_DONE 105.wav
1520592160799742 AUDIO_PLAYBACK_ONSET 343 106 1 they
1520592161112228 AUDIO_PLAYBACK_ONSET 344 106 2 vanish
1520592161950924 AUDIO_PLAYBACK_ONSET _ 106 END_OF_WAV
1520592162018423 AUDIO_PLAYBACK_DONE 106.wav
1520592163018382 AUDIO_PLAYBACK_ONSET 345 107 1 they
1520592163161956 AUDIO_PLAYBACK_ONSET 346 107 2 were
1520592163313722 AUDIO_PLAYBACK_ONSET 347 107 3 loved
1520592164065510 AUDIO_PLAYBACK_ONSET _ 107 END_OF_WAV
1520592164182395 AUDIO_PLAYBACK_DONE 107.wav
1520592165182353 AUDIO_PLAYBACK_ONSET 348 108 1 she
1520592165435254 AUDIO_PLAYBACK_ONSET 349 108 2 arrives
1520592166344022 AUDIO_PLAYBACK_ONSET _ 108 END_OF_WAV
1520592166666645 AUDIO_PLAYBACK_DONE 108.wav
1520592167666604 AUDIO_PLAYBACK_ONSET 350 109 1 the
1520592167834177 AUDIO_PLAYBACK_ONSET 351 109 2 boy
1520592168050779 AUDIO_PLAYBACK_ONSET 352 109 3 was
1520592168319831 AUDIO_PLAYBACK_ONSET 353 109 4 pushed
1520592169001689 AUDIO_PLAYBACK_ONSET _ 109 END_OF_WAV
1520592169111852 AUDIO_PLAYBACK_DONE 109.wav
1520592170111811 AUDIO_PLAYBACK_ONSET 354 110 1 The
1520592170242010 AUDIO_PLAYBACK_ONSET 355 110 2 cake
1520592170483840 AUDIO_PLAYBACK_ONSET 356 110 3 was
1520592170648491 AUDIO_PLAYBACK_ONSET 357 110 4 overcooked
1520592171603462 AUDIO_PLAYBACK_ONSET _ 110 END_OF_WAV
1520592171642997 AUDIO_PLAYBACK_DONE 110.wav
1520592172642956 AUDIO_PLAYBACK_ONSET 358 111 1 he
1520592172931001 AUDIO_PLAYBACK_ONSET 359 111 2 jumped
1520592173626732 AUDIO_PLAYBACK_ONSET _ 111 END_OF_WAV
1520592173924151 AUDIO_PLAYBACK_DONE 111.wav
1520592174924110 AUDIO_PLAYBACK_ONSET 360 112 1 who
1520592175077545 AUDIO_PLAYBACK_ONSET 361 112 2 appeared?
1520592175756716 AUDIO_PLAYBACK_ONSET _ 112 END_OF_WAV
1520592175861554 AUDIO_PLAYBACK_DONE 112.wav
1520592176861513 AUDIO_PLAYBACK_ONSET 362 113 1 What
1520592177027391 AUDIO_PLAYBACK_ONSET 363 113 2 will
1520592177173999 AUDIO_PLAYBACK_ONSET 364 113 3 the
1520592177317331 AUDIO_PLAYBACK_ONSET 365 113 4 boy
1520592177498339 AUDIO_PLAYBACK_ONSET 366 113 5 smell?
1520592178032352 AUDIO_PLAYBACK_ONSET _ 113 END_OF_WAV
1520592178080194 AUDIO_PLAYBACK_DONE 113.wav
1520592179080153 AUDIO_PLAYBACK_ONSET 367 114 1 she
1520592179282168 AUDIO_PLAYBACK_ONSET 368 114 2 saw
1520592179465496 AUDIO_PLAYBACK_ONSET 369 114 3 him
1520592179682836 AUDIO_PLAYBACK_ONSET 370 114 4 coming
1520592180161480 AUDIO_PLAYBACK_ONSET _ 114 END_OF_WAV
1520592180314456 AUDIO_PLAYBACK_DONE 114.wav
1520592181314415 AUDIO_PLAYBACK_ONSET 371 115 1 she
1520592181472026 AUDIO_PLAYBACK_ONSET 372 115 2 discovered
1520592182029926 AUDIO_PLAYBACK_ONSET 373 115 3 that
1520592182212269 AUDIO_PLAYBACK_ONSET 374 115 4 they
1520592182351140 AUDIO_PLAYBACK_ONSET 375 115 5 cough
1520592182971834 AUDIO_PLAYBACK_ONSET _ 115 END_OF_WAV
1520592183111212 AUDIO_PLAYBACK_DONE 115.wav
1520592184111170 AUDIO_PLAYBACK_ONSET 376 116 1 who
1520592184265069 AUDIO_PLAYBACK_ONSET 377 116 2 vanished?
1520592185104068 AUDIO_PLAYBACK_ONSET _ 116 END_OF_WAV
1520592185173623 AUDIO_PLAYBACK_DONE 116.wav
1520592186173581 AUDIO_PLAYBACK_ONSET 378 117 1 the
1520592186240597 AUDIO_PLAYBACK_ONSET 379 117 2 women
1520592186492863 AUDIO_PLAYBACK_ONSET 380 117 3 hug
1520592186764535 AUDIO_PLAYBACK_ONSET 381 117 4 the
1520592186824598 AUDIO_PLAYBACK_ONSET 382 117 5 friend
1520592187497307 AUDIO_PLAYBACK_ONSET _ 117 END_OF_WAV
1520592187548514 AUDIO_PLAYBACK_DONE 117.wav
1520592188548472 AUDIO_PLAYBACK_ONSET 383 118 1 the
1520592188631659 AUDIO_PLAYBACK_ONSET 384 118 2 woman
1520592188908872 AUDIO_PLAYBACK_ONSET 385 118 3 was
1520592189176005 AUDIO_PLAYBACK_ONSET 386 118 4 pinched
1520592190009662 AUDIO_PLAYBACK_ONSET _ 118 END_OF_WAV
1520592190048411 AUDIO_PLAYBACK_DONE 118.wav
1520592191048369 AUDIO_PLAYBACK_ONSET 387 119 1 she
1520592191280338 AUDIO_PLAYBACK_ONSET 388 119 2 was
1520592191515004 AUDIO_PLAYBACK_ONSET 389 119 3 kicked
1520592192184813 AUDIO_PLAYBACK_ONSET _ 119 END_OF_WAV
1520592192204558 AUDIO_PLAYBACK_DONE 119.wav
1520592193204517 AUDIO_PLAYBACK_ONSET 390 120 1 they
1520592193342681 AUDIO_PLAYBACK_ONSET 391 120 2 caught
1520592193502175 AUDIO_PLAYBACK_ONSET 392 120 3 him
1520592193644238 AUDIO_PLAYBACK_ONSET 393 120 4 stealing
1520592194351068 AUDIO_PLAYBACK_ONSET _ 120 END_OF_WAV
1520592194501335 AUDIO_PLAYBACK_DONE 120.wav
1520592195501294 AUDIO_PLAYBACK_ONSET 394 121 1 What
1520592195665062 AUDIO_PLAYBACK_ONSET 395 121 2 did
1520592195786785 AUDIO_PLAYBACK_ONSET 396 121 3 the
1520592195892084 AUDIO_PLAYBACK_ONSET 397 121 4 girls
1520592196181899 AUDIO_PLAYBACK_ONSET 398 121 5 find?
1520592196785681 AUDIO_PLAYBACK_ONSET _ 121 END_OF_WAV
1520592196938717 AUDIO_PLAYBACK_DONE 121.wav
1520592197938675 AUDIO_PLAYBACK_ONSET 399 122 1 the
1520592198079552 AUDIO_PLAYBACK_ONSET 400 122 2 girl
1520592198328540 AUDIO_PLAYBACK_ONSET 401 122 3 crawls
1520592199023633 AUDIO_PLAYBACK_ONSET _ 122 END_OF_WAV
1520592199126112 AUDIO_PLAYBACK_DONE 122.wav
1520592200126070 AUDIO_PLAYBACK_ONSET 402 123 1 Who
1520592200199739 AUDIO_PLAYBACK_ONSET 403 123 2 will
1520592200313912 AUDIO_PLAYBACK_ONSET 404 123 3 the
1520592200445517 AUDIO_PLAYBACK_ONSET 405 123 4 boys
1520592200747946 AUDIO_PLAYBACK_ONSET 406 123 5 kiss?
1520592201379822 AUDIO_PLAYBACK_ONSET _ 123 END_OF_WAV
1520592201422888 AUDIO_PLAYBACK_DONE 123.wav
1520592202422847 AUDIO_PLAYBACK_ONSET 407 124 1 who
1520592202531030 AUDIO_PLAYBACK_ONSET 408 124 2 disappeared?
1520592203285833 AUDIO_PLAYBACK_ONSET _ 124 END_OF_WAV
1520592203407160 AUDIO_PLAYBACK_DONE 124.wav
1520592204407119 AUDIO_PLAYBACK_ONSET 409 125 1 we
1520592204519414 AUDIO_PLAYBACK_ONSET 410 125 2 believed
1520592204784784 AUDIO_PLAYBACK_ONSET 411 125 3 that
1520592204911799 AUDIO_PLAYBACK_ONSET 412 125 4 he
1520592205035790 AUDIO_PLAYBACK_ONSET 413 125 5 cried
1520592205509071 AUDIO_PLAYBACK_ONSET _ 125 END_OF_WAV
1520592205532066 AUDIO_PLAYBACK_DONE 125.wav
1520592206532024 AUDIO_PLAYBACK_ONSET 414 126 1 the
1520592206621296 AUDIO_PLAYBACK_ONSET 415 126 2 host
1520592206923156 AUDIO_PLAYBACK_ONSET 416 126 3 will
1520592207087637 AUDIO_PLAYBACK_ONSET 417 126 4 eat
1520592207620332 AUDIO_PLAYBACK_ONSET _ 126 END_OF_WAV
1520592207922580 AUDIO_PLAYBACK_DONE 126.wav
1520592208922539 AUDIO_PLAYBACK_ONSET 418 127 1 the
1520592209014923 AUDIO_PLAYBACK_ONSET 419 127 2 woman
1520592209313807 AUDIO_PLAYBACK_ONSET 420 127 3 will
1520592209403393 AUDIO_PLAYBACK_ONSET 421 127 4 speak
1520592210097884 AUDIO_PLAYBACK_ONSET _ 127 END_OF_WAV
1520592210102172 AUDIO_PLAYBACK_DONE 127.wav
1520592211102131 AUDIO_PLAYBACK_ONSET 422 128 1 Whom
1520592211326636 AUDIO_PLAYBACK_ONSET 423 128 2 will
1520592211413077 AUDIO_PLAYBACK_ONSET 424 128 3 the
1520592211512749 AUDIO_PLAYBACK_ONSET 425 128 4 women
1520592211774719 AUDIO_PLAYBACK_ONSET 426 128 5 hug?
1520592212254555 AUDIO_PLAYBACK_ONSET _ 128 END_OF_WAV
1520592212414595 AUDIO_PLAYBACK_DONE 128.wav
1520592213414554 AUDIO_PLAYBACK_ONSET 427 129 1 who
1520592213583552 AUDIO_PLAYBACK_ONSET 428 129 2 smiles?
1520592214394027 AUDIO_PLAYBACK_ONSET _ 129 END_OF_WAV
1520592214539497 AUDIO_PLAYBACK_DONE 129.wav
1520592215539456 AUDIO_PLAYBACK_ONSET 429 130 1 they
1520592215756023 AUDIO_PLAYBACK_ONSET 430 130 2 coughed
1520592216516352 AUDIO_PLAYBACK_ONSET _ 130 END_OF_WAV
1520592216851921 AUDIO_PLAYBACK_DONE 130.wav
1520592217851880 AUDIO_PLAYBACK_ONSET 431 131 1 who
1520592218058595 AUDIO_PLAYBACK_ONSET 432 131 2 cried?
1520592218657210 AUDIO_PLAYBACK_ONSET _ 131 END_OF_WAV
1520592218726832 AUDIO_PLAYBACK_DONE 131.wav
1520592219726791 AUDIO_PLAYBACK_ONSET 433 132 1 the
1520592219854205 AUDIO_PLAYBACK_ONSET 434 132 2 boys
1520592220129588 AUDIO_PLAYBACK_ONSET 435 132 3 kissed
1520592220421233 AUDIO_PLAYBACK_ONSET 436 132 4 the
1520592220519894 AUDIO_PLAYBACK_ONSET 437 132 5 clowns
1520592221290749 AUDIO_PLAYBACK_ONSET _ 132 END_OF_WAV
1520592221339990 AUDIO_PLAYBACK_DONE 132.wav
1520592222339949 AUDIO_PLAYBACK_ONSET 438 133 1 who
1520592222430566 AUDIO_PLAYBACK_ONSET 439 133 2 found
1520592222720645 AUDIO_PLAYBACK_ONSET 440 133 3 the
1520592222832214 AUDIO_PLAYBACK_ONSET 441 133 4 bikes?
1520592223603380 AUDIO_PLAYBACK_ONSET _ 133 END_OF_WAV
1520592223668014 AUDIO_PLAYBACK_DONE 133.wav
1520592224667973 AUDIO_PLAYBACK_ONSET 442 134 1 who
1520592224863932 AUDIO_PLAYBACK_ONSET 443 134 2 crawled?
1520592225424431 AUDIO_PLAYBACK_ONSET _ 134 END_OF_WAV
1520592225456987 AUDIO_PLAYBACK_DONE 134.wav
1520592226456946 AUDIO_PLAYBACK_ONSET 444 135 1 the
1520592226602085 AUDIO_PLAYBACK_ONSET 445 135 2 boy
1520592226751086 AUDIO_PLAYBACK_ONSET 446 135 3 heard
1520592227022959 AUDIO_PLAYBACK_ONSET 447 135 4 the
1520592227062504 AUDIO_PLAYBACK_ONSET 448 135 5 men
1520592227468548 AUDIO_PLAYBACK_ONSET _ 135 END_OF_WAV
1520592227507674 AUDIO_PLAYBACK_DONE 135.wav
1520592228507633 AUDIO_PLAYBACK_ONSET 449 136 1 who
1520592228640789 AUDIO_PLAYBACK_ONSET 450 136 2 kissed
1520592228923359 AUDIO_PLAYBACK_ONSET 451 136 3 the
1520592229039647 AUDIO_PLAYBACK_ONSET 452 136 4 clowns?
1520592229915611 AUDIO_PLAYBACK_ONSET _ 136 END_OF_WAV
1520592230124735 AUDIO_PLAYBACK_DONE 136.wav
1520592231124694 AUDIO_PLAYBACK_ONSET 453 137 1 the
1520592231265660 AUDIO_PLAYBACK_ONSET 454 137 2 boys
1520592231576214 AUDIO_PLAYBACK_ONSET 455 137 3 vanished
1520592232439077 AUDIO_PLAYBACK_ONSET _ 137 END_OF_WAV
1520592232546497 AUDIO_PLAYBACK_DONE 137.wav
1520592233546456 AUDIO_PLAYBACK_ONSET 456 138 1 he
1520592233645525 AUDIO_PLAYBACK_ONSET 457 138 2 shaved
1520592234534918 AUDIO_PLAYBACK_ONSET _ 138 END_OF_WAV
1520592234749513 AUDIO_PLAYBACK_DONE 138.wav
1520592235749472 AUDIO_PLAYBACK_ONSET 458 139 1 he
1520592235830756 AUDIO_PLAYBACK_ONSET 459 139 2 saw
1520592236101893 AUDIO_PLAYBACK_ONSET 460 139 3 her
1520592236223191 AUDIO_PLAYBACK_ONSET 461 139 4 winking
1520592236821753 AUDIO_PLAYBACK_ONSET _ 139 END_OF_WAV
1520592236929107 AUDIO_PLAYBACK_DONE 139.wav
1520592237929065 AUDIO_PLAYBACK_ONSET 462 140 1 the
1520592238019068 AUDIO_PLAYBACK_ONSET 463 140 2 actors
1520592238335074 AUDIO_PLAYBACK_ONSET 464 140 3 were
1520592238434956 AUDIO_PLAYBACK_ONSET 465 140 4 scorned
1520592239148770 AUDIO_PLAYBACK_ONSET _ 140 END_OF_WAV
1520592239210260 AUDIO_PLAYBACK_DONE 140.wav
1520592240210218 AUDIO_PLAYBACK_ONSET 466 141 1 who
1520592240355176 AUDIO_PLAYBACK_ONSET 467 141 2 collapsed?
1520592241260755 AUDIO_PLAYBACK_ONSET _ 141 END_OF_WAV
1520592241280469 AUDIO_PLAYBACK_DONE 141.wav
1520592242280428 AUDIO_PLAYBACK_ONSET 468 142 1 he
1520592242417891 AUDIO_PLAYBACK_ONSET 469 142 2 undressed
1520592243328006 AUDIO_PLAYBACK_ONSET _ 142 END_OF_WAV
1520592243725701 AUDIO_PLAYBACK_DONE 142.wav
1520592244725659 AUDIO_PLAYBACK_ONSET 470 143 1 he
1520592244843179 AUDIO_PLAYBACK_ONSET 471 143 2 was
1520592245084931 AUDIO_PLAYBACK_ONSET 472 143 3 kissed
1520592245771147 AUDIO_PLAYBACK_ONSET _ 143 END_OF_WAV
1520592245842779 AUDIO_PLAYBACK_DONE 143.wav
1520592246842738 AUDIO_PLAYBACK_ONSET 473 144 1 the
1520592246964043 AUDIO_PLAYBACK_ONSET 474 144 2 girls
1520592247254238 AUDIO_PLAYBACK_ONSET 475 144 3 arrive
1520592248005747 AUDIO_PLAYBACK_ONSET _ 144 END_OF_WAV
1520592248155177 AUDIO_PLAYBACK_DONE 144.wav
1520592249155136 AUDIO_PLAYBACK_ONSET 476 145 1 he
1520592249239736 AUDIO_PLAYBACK_ONSET 477 145 2 smelled
1520592249616360 AUDIO_PLAYBACK_ONSET 478 145 3 the
1520592249677106 AUDIO_PLAYBACK_ONSET 479 145 4 flowers
1520592250518202 AUDIO_PLAYBACK_ONSET _ 145 END_OF_WAV
1520592250545691 AUDIO_PLAYBACK_DONE 145.wav
1520592251545650 AUDIO_PLAYBACK_ONSET 480 146 1 he
1520592251629299 AUDIO_PLAYBACK_ONSET 481 146 2 said
1520592251889882 AUDIO_PLAYBACK_ONSET 482 146 3 that
1520592251966578 AUDIO_PLAYBACK_ONSET 483 146 4 she
1520592252152312 AUDIO_PLAYBACK_ONSET 484 146 5 smiled
1520592252746478 AUDIO_PLAYBACK_ONSET _ 146 END_OF_WAV
1520592252920582 AUDIO_PLAYBACK_DONE 146.wav
1520592253920540 AUDIO_PLAYBACK_ONSET 485 147 1 the
1520592254057261 AUDIO_PLAYBACK_ONSET 486 147 2 boys
1520592254399688 AUDIO_PLAYBACK_ONSET 487 147 3 tickle
1520592254658552 AUDIO_PLAYBACK_ONSET 488 147 4 the
1520592254792979 AUDIO_PLAYBACK_ONSET 489 147 5 girl
1520592255243493 AUDIO_PLAYBACK_ONSET _ 147 END_OF_WAV
1520592255272028 AUDIO_PLAYBACK_DONE 147.wav
1520592256271986 AUDIO_PLAYBACK_ONSET 490 148 1 The
1520592256388109 AUDIO_PLAYBACK_ONSET 491 148 2 grandpa
1520592256737687 AUDIO_PLAYBACK_ONSET 492 148 3 ate
1520592256979244 AUDIO_PLAYBACK_ONSET 493 148 4 the
1520592257068552 AUDIO_PLAYBACK_ONSET 494 148 5 meal
1520592257505737 AUDIO_PLAYBACK_ONSET _ 148 END_OF_WAV
1520592257537559 AUDIO_PLAYBACK_DONE 148.wav
1520592258537518 AUDIO_PLAYBACK_ONSET 495 149 1 the
1520592258645938 AUDIO_PLAYBACK_ONSET 496 149 2 girl
1520592258907800 AUDIO_PLAYBACK_ONSET 497 149 3 cries
1520592259675516 AUDIO_PLAYBACK_ONSET _ 149 END_OF_WAV
1520592259693706 AUDIO_PLAYBACK_DONE 149.wav
1520592257644676 KEY_PRESS l
1520592258108647 KEY_PRESS l
1520592260693665 AUDIO_PLAYBACK_ONSET 498 150 1 What
1520592260826834 AUDIO_PLAYBACK_ONSET 499 150 2 did
1520592260990641 AUDIO_PLAYBACK_ONSET 500 150 3 the
1520592261109087 AUDIO_PLAYBACK_ONSET 501 150 4 boy
1520592261296415 AUDIO_PLAYBACK_ONSET 502 150 5 smell?
1520592261871002 AUDIO_PLAYBACK_ONSET _ 150 END_OF_WAV
1520592261943594 AUDIO_PLAYBACK_DONE 150.wav
1520592262943553 AUDIO_PLAYBACK_ONSET 503 151 1 He
1520592263050651 AUDIO_PLAYBACK_ONSET 504 151 2 heard
1520592263286285 AUDIO_PLAYBACK_ONSET 505 151 3 her
1520592263477565 AUDIO_PLAYBACK_ONSET 506 151 4 play
1520592263959229 AUDIO_PLAYBACK_ONSET _ 151 END_OF_WAV
1520592263974759 AUDIO_PLAYBACK_DONE 151.wav
1520592264974718 AUDIO_PLAYBACK_ONSET 507 152 1 she
1520592265309269 AUDIO_PLAYBACK_ONSET 508 152 2 dressed
1520592265934770 AUDIO_PLAYBACK_ONSET _ 152 END_OF_WAV
1520592266037170 AUDIO_PLAYBACK_DONE 152.wav
