793479720606 CHEETAH_SIGNAL SENT_AFTER_TIME 793479.659730
793482539952 CHEETAH_SIGNAL SENT_AFTER_TIME 793482.506265
793482658931 CHEETAH_SIGNAL SENT_AFTER_TIME 793482.624066
793482623552 DISPLAY_INSTRUCTIONS Stimuli/instructions_sentences.png
793587060355 KEY_PRESS space
793587093393 CHEETAH_SIGNAL SENT_AFTER_TIME 793587.060634
793587190478 CHEETAH_SIGNAL SENT_AFTER_TIME 793587.157348
793587156955 DISPLAY_INSTRUCTIONS OFF
793587237296 CHEETAH_SIGNAL SENT_AFTER_TIME 793587.204083
793587270538 CHEETAH_SIGNAL SENT_AFTER_TIME 793587.237638
793587471881 CHEETAH_SIGNAL SENT_AFTER_TIME 793587.439830
793587439512 DISPLAY_FIXATION
 793587052161 KEY_PRESS space
793587132171 KEY_PRESS space
793592490626 CHEETAH_SIGNAL SENT_AFTER_TIME 793592.458465
793592458022 DISPLAY_TEXT 1 1 1 He
793592708443 CHEETAH_SIGNAL SENT_AFTER_TIME 793592.676204
793592675742 DISPLAY_TEXT OFF
793593024481 CHEETAH_SIGNAL SENT_AFTER_TIME 793592.992331
793592991896 DISPLAY_TEXT 2 1 2 smiles.
793593240967 CHEETAH_SIGNAL SENT_AFTER_TIME 793593.208840
793593208406 DISPLAY_TEXT OFF
793594258179 CHEETAH_SIGNAL SENT_AFTER_TIME 793594.226036
793594225592 DISPLAY_TEXT 3 2 1 Who
793594475296 CHEETAH_SIGNAL SENT_AFTER_TIME 793594.443189
793594442837 DISPLAY_TEXT OFF
793594791593 CHEETAH_SIGNAL SENT_AFTER_TIME 793594.759481
793594759044 DISPLAY_TEXT 4 2 2 hugs
793595007692 CHEETAH_SIGNAL SENT_AFTER_TIME 793594.975569
793594975133 DISPLAY_TEXT OFF
793595324950 CHEETAH_SIGNAL SENT_AFTER_TIME 793595.292778
793595292428 DISPLAY_TEXT 5 2 3 the
793595541252 CHEETAH_SIGNAL SENT_AFTER_TIME 793595.509009
793595508576 DISPLAY_TEXT OFF
793595858321 CHEETAH_SIGNAL SENT_AFTER_TIME 793595.826214
793595825781 DISPLAY_TEXT 6 2 4 friend?
793596074962 CHEETAH_SIGNAL SENT_AFTER_TIME 793596.042745
793596042299 DISPLAY_TEXT OFF
793597092211 CHEETAH_SIGNAL SENT_AFTER_TIME 793597.059980
793597059533 DISPLAY_TEXT 7 3 1 They
793597308150 CHEETAH_SIGNAL SENT_AFTER_TIME 793597.276030
793597275594 DISPLAY_TEXT OFF
793597625514 CHEETAH_SIGNAL SENT_AFTER_TIME 793597.593325
793597592880 DISPLAY_TEXT 8 3 2 ate
793597841540 CHEETAH_SIGNAL SENT_AFTER_TIME 793597.809430
793597808993 DISPLAY_TEXT OFF
793598158644 CHEETAH_SIGNAL SENT_AFTER_TIME 793598.126668
793598126231 DISPLAY_TEXT 9 3 3 the
793598374983 CHEETAH_SIGNAL SENT_AFTER_TIME 793598.342800
793598342364 DISPLAY_TEXT OFF
793598692263 CHEETAH_SIGNAL SENT_AFTER_TIME 793598.660113
793598659680 DISPLAY_TEXT 10 3 4 grapes
793598908259 CHEETAH_SIGNAL SENT_AFTER_TIME 793598.876155
793598875800 DISPLAY_TEXT OFF
793599225676 CHEETAH_SIGNAL SENT_AFTER_TIME 793599.193520
793599193074 DISPLAY_TEXT 11 3 5 together.
793599442239 CHEETAH_SIGNAL SENT_AFTER_TIME 793599.410010
793599409562 DISPLAY_TEXT OFF
793600459083 CHEETAH_SIGNAL SENT_AFTER_TIME 793600.427224
793600426771 DISPLAY_TEXT 12 4 1 He
793600675669 CHEETAH_SIGNAL SENT_AFTER_TIME 793600.643357
793600642897 DISPLAY_TEXT OFF
793600992811 CHEETAH_SIGNAL SENT_AFTER_TIME 793600.960617
793600960180 DISPLAY_TEXT 13 4 2 showered.
793601209334 CHEETAH_SIGNAL SENT_AFTER_TIME 793601.177225
793601176783 DISPLAY_TEXT OFF
793601484301 KEY_PRESS l
793601668294 KEY_PRESS l
793602226182 CHEETAH_SIGNAL SENT_AFTER_TIME 793602.193980
793602193538 DISPLAY_TEXT 14 5 1 We
793602442333 CHEETAH_SIGNAL SENT_AFTER_TIME 793602.410125
793602409691 DISPLAY_TEXT OFF
793602759469 CHEETAH_SIGNAL SENT_AFTER_TIME 793602.727346
793602726910 DISPLAY_TEXT 15 5 2 guessed
793602975778 CHEETAH_SIGNAL SENT_AFTER_TIME 793602.943512
793602943062 DISPLAY_TEXT OFF
793603292915 CHEETAH_SIGNAL SENT_AFTER_TIME 793603.260770
793603260324 DISPLAY_TEXT 16 5 3 that
793603508913 CHEETAH_SIGNAL SENT_AFTER_TIME 793603.476781
793603476428 DISPLAY_TEXT OFF
793603826224 CHEETAH_SIGNAL SENT_AFTER_TIME 793603.794127
793603793696 DISPLAY_TEXT 17 5 4 they
793604043823 CHEETAH_SIGNAL SENT_AFTER_TIME 793604.011607
793604011172 DISPLAY_TEXT OFF
793604359867 CHEETAH_SIGNAL SENT_AFTER_TIME 793604.327698
793604327265 DISPLAY_TEXT 18 5 5 wink.
793604576328 CHEETAH_SIGNAL SENT_AFTER_TIME 793604.544150
793604543703 DISPLAY_TEXT OFF
793605593638 CHEETAH_SIGNAL SENT_AFTER_TIME 793605.561448
793605561004 DISPLAY_TEXT 19 6 1 Whom
793605810007 CHEETAH_SIGNAL SENT_AFTER_TIME 793605.777804
793605777370 DISPLAY_TEXT OFF
793606127235 CHEETAH_SIGNAL SENT_AFTER_TIME 793606.095105
793606094672 DISPLAY_TEXT 20 6 2 did
793606343524 CHEETAH_SIGNAL SENT_AFTER_TIME 793606.311221
793606310774 DISPLAY_TEXT OFF
793606660502 CHEETAH_SIGNAL SENT_AFTER_TIME 793606.628436
793606628002 DISPLAY_TEXT 21 6 3 the
793606876761 CHEETAH_SIGNAL SENT_AFTER_TIME 793606.844541
793606844188 DISPLAY_TEXT OFF
793607194192 CHEETAH_SIGNAL SENT_AFTER_TIME 793607.161918
793607161474 DISPLAY_TEXT 22 6 4 boy
793607410229 CHEETAH_SIGNAL SENT_AFTER_TIME 793607.377959
793607377610 DISPLAY_TEXT OFF
793607727539 CHEETAH_SIGNAL SENT_AFTER_TIME 793607.695330
793607694895 DISPLAY_TEXT 23 6 5 hear?
793607944077 CHEETAH_SIGNAL SENT_AFTER_TIME 793607.911942
793607911510 DISPLAY_TEXT OFF
793608960081 CHEETAH_SIGNAL SENT_AFTER_TIME 793608.927972
793608927538 DISPLAY_TEXT 24 7 1 He
793609177440 CHEETAH_SIGNAL SENT_AFTER_TIME 793609.145227
793609144875 DISPLAY_TEXT OFF
793609493666 CHEETAH_SIGNAL SENT_AFTER_TIME 793609.461449
793609461017 DISPLAY_TEXT 25 7 2 arrived.
793609710158 CHEETAH_SIGNAL SENT_AFTER_TIME 793609.677916
793609677470 DISPLAY_TEXT OFF
793610727518 CHEETAH_SIGNAL SENT_AFTER_TIME 793610.695200
793610694771 DISPLAY_TEXT 26 8 1 He
793610944691 CHEETAH_SIGNAL SENT_AFTER_TIME 793610.912484
793610912049 DISPLAY_TEXT OFF
793611260818 CHEETAH_SIGNAL SENT_AFTER_TIME 793611.228647
793611228212 DISPLAY_TEXT 27 8 2 will
793611477073 CHEETAH_SIGNAL SENT_AFTER_TIME 793611.444853
793611444417 DISPLAY_TEXT OFF
793611794498 CHEETAH_SIGNAL SENT_AFTER_TIME 793611.762178
793611761732 DISPLAY_TEXT 28 8 3 sneeze.
793612010827 CHEETAH_SIGNAL SENT_AFTER_TIME 793611.978637
793611978192 DISPLAY_TEXT OFF
793613028070 CHEETAH_SIGNAL SENT_AFTER_TIME 793612.995863
793612995512 DISPLAY_TEXT 29 9 1 They
793613244258 CHEETAH_SIGNAL SENT_AFTER_TIME 793613.212042
793613211693 DISPLAY_TEXT OFF
793613561494 CHEETAH_SIGNAL SENT_AFTER_TIME 793613.529389
793613528936 DISPLAY_TEXT 30 9 2 will
793613777736 CHEETAH_SIGNAL SENT_AFTER_TIME 793613.745507
793613745060 DISPLAY_TEXT OFF
793614095081 CHEETAH_SIGNAL SENT_AFTER_TIME 793614.062791
793614062346 DISPLAY_TEXT 31 9 3 drink.
793614311565 CHEETAH_SIGNAL SENT_AFTER_TIME 793614.279361
793614278911 DISPLAY_TEXT OFF
793614788306 KEY_PRESS l
793615028297 KEY_PRESS l
793615328340 CHEETAH_SIGNAL SENT_AFTER_TIME 793615.296086
793615295656 DISPLAY_TEXT 32 10 1 They
793615544510 CHEETAH_SIGNAL SENT_AFTER_TIME 793615.512248
793615511802 DISPLAY_TEXT OFF
793615861409 CHEETAH_SIGNAL SENT_AFTER_TIME 793615.829056
793615828606 DISPLAY_TEXT 33 10 2 wink.
793616078944 CHEETAH_SIGNAL SENT_AFTER_TIME 793616.046705
793616046256 DISPLAY_TEXT OFF
793617095068 CHEETAH_SIGNAL SENT_AFTER_TIME 793617.062877
793617062442 DISPLAY_TEXT 34 11 1 He
793617312471 CHEETAH_SIGNAL SENT_AFTER_TIME 793617.280247
793617279812 DISPLAY_TEXT OFF
793617628681 CHEETAH_SIGNAL SENT_AFTER_TIME 793617.596433
793617596001 DISPLAY_TEXT 35 11 2 will
793617844725 CHEETAH_SIGNAL SENT_AFTER_TIME 793617.812593
793617812157 DISPLAY_TEXT OFF
793618161925 CHEETAH_SIGNAL SENT_AFTER_TIME 793618.129783
793618129432 DISPLAY_TEXT 36 11 3 drive.
793618378562 CHEETAH_SIGNAL SENT_AFTER_TIME 793618.346491
793618346055 DISPLAY_TEXT OFF
793619396000 CHEETAH_SIGNAL SENT_AFTER_TIME 793619.363801
793619363359 DISPLAY_TEXT 37 12 1 Who
793619612815 CHEETAH_SIGNAL SENT_AFTER_TIME 793619.580561
793619580115 DISPLAY_TEXT OFF
793619929129 CHEETAH_SIGNAL SENT_AFTER_TIME 793619.896962
793619896608 DISPLAY_TEXT 38 12 2 jumped?
793620144532 CHEETAH_SIGNAL SENT_AFTER_TIME 793620.112350
793620111980 DISPLAY_TEXT OFF
793621162864 CHEETAH_SIGNAL SENT_AFTER_TIME 793621.130680
793621130244 DISPLAY_TEXT 39 13 1 She
793621378995 CHEETAH_SIGNAL SENT_AFTER_TIME 793621.346836
793621346388 DISPLAY_TEXT OFF
793621696392 CHEETAH_SIGNAL SENT_AFTER_TIME 793621.664112
793621663666 DISPLAY_TEXT 40 13 2 sliced
793621912448 CHEETAH_SIGNAL SENT_AFTER_TIME 793621.880236
793621879799 DISPLAY_TEXT OFF
793622229864 CHEETAH_SIGNAL SENT_AFTER_TIME 793622.197562
793622197130 DISPLAY_TEXT 41 13 3 the
793622446606 CHEETAH_SIGNAL SENT_AFTER_TIME 793622.414277
793622413845 DISPLAY_TEXT OFF
793622762465 CHEETAH_SIGNAL SENT_AFTER_TIME 793622.730347
793622729915 DISPLAY_TEXT 42 13 4 mushrooms.
793622979085 CHEETAH_SIGNAL SENT_AFTER_TIME 793622.946989
793622946550 DISPLAY_TEXT OFF
793623996510 CHEETAH_SIGNAL SENT_AFTER_TIME 793623.964250
793623963900 DISPLAY_TEXT 43 14 1 The
793624212583 CHEETAH_SIGNAL SENT_AFTER_TIME 793624.180442
793624180005 DISPLAY_TEXT OFF
793624529924 CHEETAH_SIGNAL SENT_AFTER_TIME 793624.497754
793624497320 DISPLAY_TEXT 44 14 2 boy
793624746160 CHEETAH_SIGNAL SENT_AFTER_TIME 793624.713945
793624713495 DISPLAY_TEXT OFF
793625063425 CHEETAH_SIGNAL SENT_AFTER_TIME 793625.031177
793625030742 DISPLAY_TEXT 45 14 3 remains.
793625280143 CHEETAH_SIGNAL SENT_AFTER_TIME 793625.247879
793625247443 DISPLAY_TEXT OFF
793626296269 CHEETAH_SIGNAL SENT_AFTER_TIME 793626.264069
793626263633 DISPLAY_TEXT 46 15 1 He
793626513515 CHEETAH_SIGNAL SENT_AFTER_TIME 793626.481302
793626480866 DISPLAY_TEXT OFF
793626829688 CHEETAH_SIGNAL SENT_AFTER_TIME 793626.797500
793626797051 DISPLAY_TEXT 47 15 2 remains.
793627047419 CHEETAH_SIGNAL SENT_AFTER_TIME 793627.015145
793627014701 DISPLAY_TEXT OFF
793628064209 CHEETAH_SIGNAL SENT_AFTER_TIME 793628.031961
793628031512 DISPLAY_TEXT 48 16 1 What
793628280458 CHEETAH_SIGNAL SENT_AFTER_TIME 793628.248159
793628247715 DISPLAY_TEXT OFF
793628596547 CHEETAH_SIGNAL SENT_AFTER_TIME 793628.564334
793628563889 DISPLAY_TEXT 49 16 2 will
793628813618 CHEETAH_SIGNAL SENT_AFTER_TIME 793628.781440
793628781001 DISPLAY_TEXT OFF
793629130830 CHEETAH_SIGNAL SENT_AFTER_TIME 793629.098684
793629098331 DISPLAY_TEXT 50 16 3 the
793629347195 CHEETAH_SIGNAL SENT_AFTER_TIME 793629.314943
793629314510 DISPLAY_TEXT OFF
793629664499 CHEETAH_SIGNAL SENT_AFTER_TIME 793629.632207
793629631772 DISPLAY_TEXT 51 16 4 girls
793629880483 CHEETAH_SIGNAL SENT_AFTER_TIME 793629.848335
793629847901 DISPLAY_TEXT OFF
793630197797 CHEETAH_SIGNAL SENT_AFTER_TIME 793630.165615
793630165172 DISPLAY_TEXT 52 16 5 find?
793630414389 CHEETAH_SIGNAL SENT_AFTER_TIME 793630.382195
793630381774 DISPLAY_TEXT OFF
793631430634 CHEETAH_SIGNAL SENT_AFTER_TIME 793631.398436
793631398086 DISPLAY_TEXT 53 17 1 He
793631647841 CHEETAH_SIGNAL SENT_AFTER_TIME 793631.615717
793631615283 DISPLAY_TEXT OFF
793631963967 CHEETAH_SIGNAL SENT_AFTER_TIME 793631.931858
793631931424 DISPLAY_TEXT 54 17 2 was
793632181346 CHEETAH_SIGNAL SENT_AFTER_TIME 793632.149120
793632148685 DISPLAY_TEXT OFF
793632497368 CHEETAH_SIGNAL SENT_AFTER_TIME 793632.465145
793632464791 DISPLAY_TEXT 55 17 3 hugged.
793632713855 CHEETAH_SIGNAL SENT_AFTER_TIME 793632.681650
793632681215 DISPLAY_TEXT OFF
793633730939 CHEETAH_SIGNAL SENT_AFTER_TIME 793633.698813
793633698379 DISPLAY_TEXT 56 18 1 The
793633947910 CHEETAH_SIGNAL SENT_AFTER_TIME 793633.915625
793633915177 DISPLAY_TEXT OFF
793634265149 CHEETAH_SIGNAL SENT_AFTER_TIME 793634.232908
793634232477 DISPLAY_TEXT 57 18 2 chef
793634481420 CHEETAH_SIGNAL SENT_AFTER_TIME 793634.449139
793634448702 DISPLAY_TEXT OFF
793634798752 CHEETAH_SIGNAL SENT_AFTER_TIME 793634.766480
793634766032 DISPLAY_TEXT 58 18 3 served
793635014770 CHEETAH_SIGNAL SENT_AFTER_TIME 793634.982525
793634982077 DISPLAY_TEXT OFF
793635332036 CHEETAH_SIGNAL SENT_AFTER_TIME 793635.299853
793635299395 DISPLAY_TEXT 59 18 4 the
793635548279 CHEETAH_SIGNAL SENT_AFTER_TIME 793635.515999
793635515551 DISPLAY_TEXT OFF
793635865583 CHEETAH_SIGNAL SENT_AFTER_TIME 793635.833230
793635832788 DISPLAY_TEXT 60 18 5 cake.
793636081823 CHEETAH_SIGNAL SENT_AFTER_TIME 793636.049601
793636049250 DISPLAY_TEXT OFF
793636388302 KEY_PRESS l
793636556293 KEY_PRESS l
793637099026 CHEETAH_SIGNAL SENT_AFTER_TIME 793637.066928
793637066486 DISPLAY_TEXT 61 19 1 Who
793637315156 CHEETAH_SIGNAL SENT_AFTER_TIME 793637.282920
793637282466 DISPLAY_TEXT OFF
793637632489 CHEETAH_SIGNAL SENT_AFTER_TIME 793637.600212
793637599775 DISPLAY_TEXT 62 19 2 laughs?
793637848854 CHEETAH_SIGNAL SENT_AFTER_TIME 793637.816710
793637816271 DISPLAY_TEXT OFF
793638864956 CHEETAH_SIGNAL SENT_AFTER_TIME 793638.832745
793638832305 DISPLAY_TEXT 63 20 1 She
793639082110 CHEETAH_SIGNAL SENT_AFTER_TIME 793639.049945
793639049594 DISPLAY_TEXT OFF
793639398473 CHEETAH_SIGNAL SENT_AFTER_TIME 793639.366218
793639365782 DISPLAY_TEXT 64 20 2 sneezed.
793639616111 CHEETAH_SIGNAL SENT_AFTER_TIME 793639.583824
793639583380 DISPLAY_TEXT OFF
793640632147 CHEETAH_SIGNAL SENT_AFTER_TIME 793640.600000
793640599569 DISPLAY_TEXT 65 21 1 Who
793640849471 CHEETAH_SIGNAL SENT_AFTER_TIME 793640.817318
793640816871 DISPLAY_TEXT OFF
793641165559 CHEETAH_SIGNAL SENT_AFTER_TIME 793641.133423
793641132988 DISPLAY_TEXT 66 21 2 winks?
793641382099 CHEETAH_SIGNAL SENT_AFTER_TIME 793641.349827
793641349386 DISPLAY_TEXT OFF
793642399218 CHEETAH_SIGNAL SENT_AFTER_TIME 793642.367088
793642366738 DISPLAY_TEXT 67 22 1 They
793642615469 CHEETAH_SIGNAL SENT_AFTER_TIME 793642.583255
793642582814 DISPLAY_TEXT OFF
793642932794 CHEETAH_SIGNAL SENT_AFTER_TIME 793642.900558
793642900120 DISPLAY_TEXT 68 22 2 vanished.
793643149233 CHEETAH_SIGNAL SENT_AFTER_TIME 793643.117013
793643116639 DISPLAY_TEXT OFF
793644166287 CHEETAH_SIGNAL SENT_AFTER_TIME 793644.134411
793644133977 DISPLAY_TEXT 69 23 1 They
793644382654 CHEETAH_SIGNAL SENT_AFTER_TIME 793644.350478
793644350027 DISPLAY_TEXT OFF
793644699861 CHEETAH_SIGNAL SENT_AFTER_TIME 793644.667654
793644667206 DISPLAY_TEXT 70 23 2 saw
793644915930 CHEETAH_SIGNAL SENT_AFTER_TIME 793644.883722
793644883275 DISPLAY_TEXT OFF
793645233208 CHEETAH_SIGNAL SENT_AFTER_TIME 793645.201047
793645200609 DISPLAY_TEXT 71 23 3 him
793645449420 CHEETAH_SIGNAL SENT_AFTER_TIME 793645.417186
793645416752 DISPLAY_TEXT OFF
793645766547 CHEETAH_SIGNAL SENT_AFTER_TIME 793645.734368
793645734017 DISPLAY_TEXT 72 23 4 dance.
793645983162 CHEETAH_SIGNAL SENT_AFTER_TIME 793645.950939
793645950489 DISPLAY_TEXT OFF
793647000424 CHEETAH_SIGNAL SENT_AFTER_TIME 793646.968223
793646967778 DISPLAY_TEXT 73 24 1 The
793647216544 CHEETAH_SIGNAL SENT_AFTER_TIME 793647.184355
793647183912 DISPLAY_TEXT OFF
793647533918 CHEETAH_SIGNAL SENT_AFTER_TIME 793647.501718
793647501286 DISPLAY_TEXT 74 24 2 sandwich
793647750073 CHEETAH_SIGNAL SENT_AFTER_TIME 793647.717835
793647717398 DISPLAY_TEXT OFF
793648067235 CHEETAH_SIGNAL SENT_AFTER_TIME 793648.035078
793648034631 DISPLAY_TEXT 75 24 3 is
793648188319 KEY_PRESS l
793648283104 CHEETAH_SIGNAL SENT_AFTER_TIME 793648.250935
793648250485 DISPLAY_TEXT OFF
793648372175 KEY_PRESS l
793648600640 CHEETAH_SIGNAL SENT_AFTER_TIME 793648.568460
793648568015 DISPLAY_TEXT 76 24 4 healthy.
793648817253 CHEETAH_SIGNAL SENT_AFTER_TIME 793648.785144
793648784695 DISPLAY_TEXT OFF
793649833464 CHEETAH_SIGNAL SENT_AFTER_TIME 793649.801257
793649800910 DISPLAY_TEXT 77 25 1 They
793650050461 CHEETAH_SIGNAL SENT_AFTER_TIME 793650.018315
793650017960 DISPLAY_TEXT OFF
793650367445 CHEETAH_SIGNAL SENT_AFTER_TIME 793650.335265
793650334818 DISPLAY_TEXT 78 25 2 hug
793650583614 CHEETAH_SIGNAL SENT_AFTER_TIME 793650.551414
793650550966 DISPLAY_TEXT OFF
793650900829 CHEETAH_SIGNAL SENT_AFTER_TIME 793650.868699
793650868254 DISPLAY_TEXT 79 25 3 the
793651116996 CHEETAH_SIGNAL SENT_AFTER_TIME 793651.084808
793651084361 DISPLAY_TEXT OFF
793651434417 CHEETAH_SIGNAL SENT_AFTER_TIME 793651.402122
793651401771 DISPLAY_TEXT 80 25 4 friend.
793651650810 CHEETAH_SIGNAL SENT_AFTER_TIME 793651.618624
793651618270 DISPLAY_TEXT OFF
793652668147 CHEETAH_SIGNAL SENT_AFTER_TIME 793652.635975
793652635541 DISPLAY_TEXT 81 26 1 Whom
793652884249 CHEETAH_SIGNAL SENT_AFTER_TIME 793652.852013
793652851565 DISPLAY_TEXT OFF
793653200975 CHEETAH_SIGNAL SENT_AFTER_TIME 793653.168803
793653168353 DISPLAY_TEXT 82 26 2 will
793653418285 CHEETAH_SIGNAL SENT_AFTER_TIME 793653.386052
793653385604 DISPLAY_TEXT OFF
793653734389 CHEETAH_SIGNAL SENT_AFTER_TIME 793653.702127
793653701774 DISPLAY_TEXT 83 26 3 the
793653951628 CHEETAH_SIGNAL SENT_AFTER_TIME 793653.919466
793653919029 DISPLAY_TEXT OFF
793654267897 CHEETAH_SIGNAL SENT_AFTER_TIME 793654.235594
793654235147 DISPLAY_TEXT 84 26 4 boy
793654485016 CHEETAH_SIGNAL SENT_AFTER_TIME 793654.452878
793654452446 DISPLAY_TEXT OFF
793654801374 CHEETAH_SIGNAL SENT_AFTER_TIME 793654.769072
793654768637 DISPLAY_TEXT 85 26 5 tickle?
793655017927 CHEETAH_SIGNAL SENT_AFTER_TIME 793654.985738
793654985305 DISPLAY_TEXT OFF
793656035266 CHEETAH_SIGNAL SENT_AFTER_TIME 793656.003058
793656002621 DISPLAY_TEXT 86 27 1 Who
793656251456 CHEETAH_SIGNAL SENT_AFTER_TIME 793656.219228
793656218793 DISPLAY_TEXT OFF
793656568546 CHEETAH_SIGNAL SENT_AFTER_TIME 793656.536358
793656535907 DISPLAY_TEXT 87 27 2 did
793656785432 CHEETAH_SIGNAL SENT_AFTER_TIME 793656.753176
793656752726 DISPLAY_TEXT OFF
793657101554 CHEETAH_SIGNAL SENT_AFTER_TIME 793657.069315
793657068960 DISPLAY_TEXT 88 27 3 the
793657318866 CHEETAH_SIGNAL SENT_AFTER_TIME 793657.286638
793657286191 DISPLAY_TEXT OFF
793657635192 CHEETAH_SIGNAL SENT_AFTER_TIME 793657.602890
793657602443 DISPLAY_TEXT 89 27 4 boys
793657852471 CHEETAH_SIGNAL SENT_AFTER_TIME 793657.820193
793657819742 DISPLAY_TEXT OFF
793658168590 CHEETAH_SIGNAL SENT_AFTER_TIME 793658.136328
793658135878 DISPLAY_TEXT 90 27 5 kiss?
793658385042 CHEETAH_SIGNAL SENT_AFTER_TIME 793658.352885
793658352451 DISPLAY_TEXT OFF
793659401365 CHEETAH_SIGNAL SENT_AFTER_TIME 793659.369462
793659369026 DISPLAY_TEXT 91 28 1 The
793659618885 CHEETAH_SIGNAL SENT_AFTER_TIME 793659.586669
793659586238 DISPLAY_TEXT OFF
793659935241 CHEETAH_SIGNAL SENT_AFTER_TIME 793659.902947
793659902504 DISPLAY_TEXT 92 28 2 host
793660152903 CHEETAH_SIGNAL SENT_AFTER_TIME 793660.120667
793660120217 DISPLAY_TEXT OFF
793660469007 CHEETAH_SIGNAL SENT_AFTER_TIME 793660.436819
793660436376 DISPLAY_TEXT 93 28 3 was
793660685229 CHEETAH_SIGNAL SENT_AFTER_TIME 793660.652989
793660652542 DISPLAY_TEXT OFF
793661002542 CHEETAH_SIGNAL SENT_AFTER_TIME 793660.970317
793660969885 DISPLAY_TEXT 94 28 4 warned.
793661218957 CHEETAH_SIGNAL SENT_AFTER_TIME 793661.186764
793661186330 DISPLAY_TEXT OFF
793662236263 CHEETAH_SIGNAL SENT_AFTER_TIME 793662.204087
793662203647 DISPLAY_TEXT 95 29 1 He
793662452498 CHEETAH_SIGNAL SENT_AFTER_TIME 793662.420246
793662419811 DISPLAY_TEXT OFF
793662769796 CHEETAH_SIGNAL SENT_AFTER_TIME 793662.737484
793662737040 DISPLAY_TEXT 96 29 2 bloomed.
793662983921 CHEETAH_SIGNAL SENT_AFTER_TIME 793662.952085
793662951801 DISPLAY_TEXT OFF
793664002808 CHEETAH_SIGNAL SENT_AFTER_TIME 793663.970530
793663970095 DISPLAY_TEXT 97 30 1 Whom
793664219917 CHEETAH_SIGNAL SENT_AFTER_TIME 793664.187721
793664187278 DISPLAY_TEXT OFF
793664535900 CHEETAH_SIGNAL SENT_AFTER_TIME 793664.503729
793664503284 DISPLAY_TEXT 98 30 2 will
793664753386 CHEETAH_SIGNAL SENT_AFTER_TIME 793664.721019
793664720572 DISPLAY_TEXT OFF
793665069288 CHEETAH_SIGNAL SENT_AFTER_TIME 793665.037070
793665036621 DISPLAY_TEXT 99 30 3 the
793665285995 CHEETAH_SIGNAL SENT_AFTER_TIME 793665.253837
793665253389 DISPLAY_TEXT OFF
793665603406 CHEETAH_SIGNAL SENT_AFTER_TIME 793665.571123
793665570687 DISPLAY_TEXT 100 30 4 boy
793665819461 CHEETAH_SIGNAL SENT_AFTER_TIME 793665.787323
793665786888 DISPLAY_TEXT OFF
793666136998 CHEETAH_SIGNAL SENT_AFTER_TIME 793666.104641
793666104196 DISPLAY_TEXT 101 30 5 hear?
793666353413 CHEETAH_SIGNAL SENT_AFTER_TIME 793666.321159
793666320727 DISPLAY_TEXT OFF
793667369459 CHEETAH_SIGNAL SENT_AFTER_TIME 793667.337262
793667336825 DISPLAY_TEXT 102 31 1 She
793667586776 CHEETAH_SIGNAL SENT_AFTER_TIME 793667.554529
793667554096 DISPLAY_TEXT OFF
793667904032 CHEETAH_SIGNAL SENT_AFTER_TIME 793667.871815
793667871366 DISPLAY_TEXT 103 31 2 washed.
793668120537 CHEETAH_SIGNAL SENT_AFTER_TIME 793668.088314
793668087882 DISPLAY_TEXT OFF
793669136701 CHEETAH_SIGNAL SENT_AFTER_TIME 793669.104514
793669104080 DISPLAY_TEXT 104 32 1 The
793669353977 CHEETAH_SIGNAL SENT_AFTER_TIME 793669.321768
793669321414 DISPLAY_TEXT OFF
793669670130 CHEETAH_SIGNAL SENT_AFTER_TIME 793669.637939
793669637496 DISPLAY_TEXT 105 32 2 girls
793669887510 CHEETAH_SIGNAL SENT_AFTER_TIME 793669.855177
793669854745 DISPLAY_TEXT OFF
793670203615 CHEETAH_SIGNAL SENT_AFTER_TIME 793670.171337
793670170896 DISPLAY_TEXT 106 32 3 appear.
793670420154 CHEETAH_SIGNAL SENT_AFTER_TIME 793670.387919
793670387480 DISPLAY_TEXT OFF
793671437427 CHEETAH_SIGNAL SENT_AFTER_TIME 793671.405203
793671404767 DISPLAY_TEXT 107 33 1 Who
793671653525 CHEETAH_SIGNAL SENT_AFTER_TIME 793671.621329
793671620890 DISPLAY_TEXT OFF
793671970742 CHEETAH_SIGNAL SENT_AFTER_TIME 793671.938555
793671938119 DISPLAY_TEXT 108 33 2 falls?
793672187367 CHEETAH_SIGNAL SENT_AFTER_TIME 793672.155139
793672154693 DISPLAY_TEXT OFF
793673204708 CHEETAH_SIGNAL SENT_AFTER_TIME 793673.172435
793673172001 DISPLAY_TEXT 109 34 1 The
793673420751 CHEETAH_SIGNAL SENT_AFTER_TIME 793673.388517
793673388080 DISPLAY_TEXT OFF
793673737905 CHEETAH_SIGNAL SENT_AFTER_TIME 793673.705796
793673705353 DISPLAY_TEXT 110 34 2 boy
793673954247 CHEETAH_SIGNAL SENT_AFTER_TIME 793673.921932
793673921485 DISPLAY_TEXT OFF
793674271486 CHEETAH_SIGNAL SENT_AFTER_TIME 793674.239167
793674238720 DISPLAY_TEXT 111 34 3 laughs.
793674487894 CHEETAH_SIGNAL SENT_AFTER_TIME 793674.455712
793674455265 DISPLAY_TEXT OFF
793675505148 CHEETAH_SIGNAL SENT_AFTER_TIME 793675.472910
793675472471 DISPLAY_TEXT 112 35 1 She
793675721113 CHEETAH_SIGNAL SENT_AFTER_TIME 793675.688931
793675688499 DISPLAY_TEXT OFF
793676038251 CHEETAH_SIGNAL SENT_AFTER_TIME 793676.006077
793676005728 DISPLAY_TEXT 113 35 2 disappears.
793676254902 CHEETAH_SIGNAL SENT_AFTER_TIME 793676.222681
793676222234 DISPLAY_TEXT OFF
793677272090 CHEETAH_SIGNAL SENT_AFTER_TIME 793677.239945
793677239515 DISPLAY_TEXT 114 36 1 She
793677488388 CHEETAH_SIGNAL SENT_AFTER_TIME 793677.456104
793677455672 DISPLAY_TEXT OFF
793677805287 CHEETAH_SIGNAL SENT_AFTER_TIME 793677.773432
793677773001 DISPLAY_TEXT 115 36 2 laughed.
793678022163 CHEETAH_SIGNAL SENT_AFTER_TIME 793677.989968
793677989521 DISPLAY_TEXT OFF
793679038491 CHEETAH_SIGNAL SENT_AFTER_TIME 793679.006164
793679005719 DISPLAY_TEXT 116 37 1 Who
793679255579 CHEETAH_SIGNAL SENT_AFTER_TIME 793679.223334
793679222980 DISPLAY_TEXT OFF
793679571528 CHEETAH_SIGNAL SENT_AFTER_TIME 793679.539503
793679539067 DISPLAY_TEXT 117 37 2 blooms?
793679788356 CHEETAH_SIGNAL SENT_AFTER_TIME 793679.756042
793679755609 DISPLAY_TEXT OFF
793680805490 CHEETAH_SIGNAL SENT_AFTER_TIME 793680.773309
793680772873 DISPLAY_TEXT 118 38 1 Who
793681022851 CHEETAH_SIGNAL SENT_AFTER_TIME 793680.990603
793680990261 DISPLAY_TEXT OFF
793681339051 CHEETAH_SIGNAL SENT_AFTER_TIME 793681.306891
793681306460 DISPLAY_TEXT 119 38 2 sneezes?
793681555723 CHEETAH_SIGNAL SENT_AFTER_TIME 793681.523487
793681523049 DISPLAY_TEXT OFF
793682572858 CHEETAH_SIGNAL SENT_AFTER_TIME 793682.540685
793682540333 DISPLAY_TEXT 120 39 1 She
793682789087 CHEETAH_SIGNAL SENT_AFTER_TIME 793682.756884
793682756450 DISPLAY_TEXT OFF
793683106475 CHEETAH_SIGNAL SENT_AFTER_TIME 793683.074213
793683073776 DISPLAY_TEXT 121 39 2 excercised.
793683322957 CHEETAH_SIGNAL SENT_AFTER_TIME 793683.290802
793683290369 DISPLAY_TEXT OFF
793684339275 CHEETAH_SIGNAL SENT_AFTER_TIME 793684.306932
793684306489 DISPLAY_TEXT 122 40 1 He
793684556279 CHEETAH_SIGNAL SENT_AFTER_TIME 793684.524083
793684523649 DISPLAY_TEXT OFF
793684872367 CHEETAH_SIGNAL SENT_AFTER_TIME 793684.840133
793684839779 DISPLAY_TEXT 123 40 2 cried.
793685090124 CHEETAH_SIGNAL SENT_AFTER_TIME 793685.057851
793685057418 DISPLAY_TEXT OFF
793686106231 CHEETAH_SIGNAL SENT_AFTER_TIME 793686.074040
793686073605 DISPLAY_TEXT 124 41 1 The
793686323484 CHEETAH_SIGNAL SENT_AFTER_TIME 793686.291216
793686290780 DISPLAY_TEXT OFF
793686639551 CHEETAH_SIGNAL SENT_AFTER_TIME 793686.607402
793686606955 DISPLAY_TEXT 125 41 2 boy
793686857102 CHEETAH_SIGNAL SENT_AFTER_TIME 793686.824829
793686824395 DISPLAY_TEXT OFF
793687173236 CHEETAH_SIGNAL SENT_AFTER_TIME 793687.140930
793687140481 DISPLAY_TEXT 126 41 3 sneezes.
793687389681 CHEETAH_SIGNAL SENT_AFTER_TIME 793687.357452
793687357018 DISPLAY_TEXT OFF
793688407065 CHEETAH_SIGNAL SENT_AFTER_TIME 793688.374770
793688374319 DISPLAY_TEXT 127 42 1 They
793688623264 CHEETAH_SIGNAL SENT_AFTER_TIME 793688.590893
793688590451 DISPLAY_TEXT OFF
793688940280 CHEETAH_SIGNAL SENT_AFTER_TIME 793688.908127
793688907692 DISPLAY_TEXT 128 42 2 winked.
793689156922 CHEETAH_SIGNAL SENT_AFTER_TIME 793689.124651
793689124197 DISPLAY_TEXT OFF
793690174166 CHEETAH_SIGNAL SENT_AFTER_TIME 793690.141884
793690141441 DISPLAY_TEXT 129 43 1 She
793690390281 CHEETAH_SIGNAL SENT_AFTER_TIME 793690.358072
793690357624 DISPLAY_TEXT OFF
793690707784 CHEETAH_SIGNAL SENT_AFTER_TIME 793690.675494
793690675048 DISPLAY_TEXT 130 43 2 remained.
793690924173 CHEETAH_SIGNAL SENT_AFTER_TIME 793690.891936
793690891502 DISPLAY_TEXT OFF
793691940575 CHEETAH_SIGNAL SENT_AFTER_TIME 793691.908346
793691907910 DISPLAY_TEXT 131 44 1 The
793692157927 CHEETAH_SIGNAL SENT_AFTER_TIME 793692.125628
793692125181 DISPLAY_TEXT OFF
793692473865 CHEETAH_SIGNAL SENT_AFTER_TIME 793692.441774
793692441340 DISPLAY_TEXT 132 44 2 salad
793692691389 CHEETAH_SIGNAL SENT_AFTER_TIME 793692.659035
793692658588 DISPLAY_TEXT OFF
793693007507 CHEETAH_SIGNAL SENT_AFTER_TIME 793692.975155
793692974709 DISPLAY_TEXT 133 44 3 is
793693224570 CHEETAH_SIGNAL SENT_AFTER_TIME 793693.192366
793693192010 DISPLAY_TEXT OFF
793693292305 KEY_PRESS l
793693541459 CHEETAH_SIGNAL SENT_AFTER_TIME 793693.509192
793693508756 DISPLAY_TEXT 134 44 4 tasty.
793693500232 KEY_PRESS l
793693758363 CHEETAH_SIGNAL SENT_AFTER_TIME 793693.726075
793693725627 DISPLAY_TEXT OFF
793694774349 CHEETAH_SIGNAL SENT_AFTER_TIME 793694.742148
793694741703 DISPLAY_TEXT 135 45 1 Whom
793694991637 CHEETAH_SIGNAL SENT_AFTER_TIME 793694.959310
793694958864 DISPLAY_TEXT OFF
793695307742 CHEETAH_SIGNAL SENT_AFTER_TIME 793695.275493
793695275047 DISPLAY_TEXT 136 45 2 does
793695524958 CHEETAH_SIGNAL SENT_AFTER_TIME 793695.492704
793695492267 DISPLAY_TEXT OFF
793695841079 CHEETAH_SIGNAL SENT_AFTER_TIME 793695.808888
793695808453 DISPLAY_TEXT 137 45 3 the
793696058238 CHEETAH_SIGNAL SENT_AFTER_TIME 793696.026126
793696025689 DISPLAY_TEXT OFF
793696374218 CHEETAH_SIGNAL SENT_AFTER_TIME 793696.342306
793696341876 DISPLAY_TEXT 138 45 4 boy
793696591887 CHEETAH_SIGNAL SENT_AFTER_TIME 793696.559590
793696559144 DISPLAY_TEXT OFF
793696907926 CHEETAH_SIGNAL SENT_AFTER_TIME 793696.875766
793696875321 DISPLAY_TEXT 139 45 5 tickle?
793697124365 CHEETAH_SIGNAL SENT_AFTER_TIME 793697.092222
793697091772 DISPLAY_TEXT OFF
793698141648 CHEETAH_SIGNAL SENT_AFTER_TIME 793698.109492
793698109113 DISPLAY_TEXT 140 46 1 They
793698357882 CHEETAH_SIGNAL SENT_AFTER_TIME 793698.325677
793698325231 DISPLAY_TEXT OFF
793698675186 CHEETAH_SIGNAL SENT_AFTER_TIME 793698.642909
793698642463 DISPLAY_TEXT 141 46 2 tickle
793698892526 CHEETAH_SIGNAL SENT_AFTER_TIME 793698.860197
793698859754 DISPLAY_TEXT OFF
793699208455 CHEETAH_SIGNAL SENT_AFTER_TIME 793699.176285
793699175937 DISPLAY_TEXT 142 46 3 the
793699425402 CHEETAH_SIGNAL SENT_AFTER_TIME 793699.393110
793699392678 DISPLAY_TEXT OFF
793699741544 CHEETAH_SIGNAL SENT_AFTER_TIME 793699.709271
793699708836 DISPLAY_TEXT 143 46 4 girl.
793699959254 CHEETAH_SIGNAL SENT_AFTER_TIME 793699.927006
793699926571 DISPLAY_TEXT OFF
793700975356 CHEETAH_SIGNAL SENT_AFTER_TIME 793700.943158
793700942727 DISPLAY_TEXT 144 47 1 She
793701192619 CHEETAH_SIGNAL SENT_AFTER_TIME 793701.160415
793701159969 DISPLAY_TEXT OFF
793701508819 CHEETAH_SIGNAL SENT_AFTER_TIME 793701.476636
793701476206 DISPLAY_TEXT 145 47 2 will
793701726121 CHEETAH_SIGNAL SENT_AFTER_TIME 793701.693864
793701693432 DISPLAY_TEXT OFF
793702042319 CHEETAH_SIGNAL SENT_AFTER_TIME 793702.010061
793702009627 DISPLAY_TEXT 146 47 3 sleep.
793702258849 CHEETAH_SIGNAL SENT_AFTER_TIME 793702.226608
793702226169 DISPLAY_TEXT OFF
793703276061 CHEETAH_SIGNAL SENT_AFTER_TIME 793703.243890
793703243455 DISPLAY_TEXT 147 48 1 She
793703492236 CHEETAH_SIGNAL SENT_AFTER_TIME 793703.460020
793703459585 DISPLAY_TEXT OFF
793703809577 CHEETAH_SIGNAL SENT_AFTER_TIME 793703.777319
793703776887 DISPLAY_TEXT 148 48 2 collapsed.
793704026136 CHEETAH_SIGNAL SENT_AFTER_TIME 793703.993853
793703993407 DISPLAY_TEXT OFF
793705043298 CHEETAH_SIGNAL SENT_AFTER_TIME 793705.011126
793705010697 DISPLAY_TEXT 149 49 1 The
793705259571 CHEETAH_SIGNAL SENT_AFTER_TIME 793705.227286
793705226852 DISPLAY_TEXT OFF
793705576700 CHEETAH_SIGNAL SENT_AFTER_TIME 793705.544500
793705544052 DISPLAY_TEXT 150 49 2 girl
793705792961 CHEETAH_SIGNAL SENT_AFTER_TIME 793705.760656
793705760213 DISPLAY_TEXT OFF
793706110103 CHEETAH_SIGNAL SENT_AFTER_TIME 793706.077935
793706077502 DISPLAY_TEXT 151 49 3 ate
793706326356 CHEETAH_SIGNAL SENT_AFTER_TIME 793706.294068
793706293623 DISPLAY_TEXT OFF
793706643694 CHEETAH_SIGNAL SENT_AFTER_TIME 793706.611396
793706610946 DISPLAY_TEXT 152 49 4 the
793706859612 CHEETAH_SIGNAL SENT_AFTER_TIME 793706.827499
793706827065 DISPLAY_TEXT OFF
793707177025 CHEETAH_SIGNAL SENT_AFTER_TIME 793707.144760
793707144306 DISPLAY_TEXT 153 49 5 salad.
793707393571 CHEETAH_SIGNAL SENT_AFTER_TIME 793707.361234
793707360788 DISPLAY_TEXT OFF
793708004307 KEY_PRESS l
793708204297 KEY_PRESS l
793708409532 CHEETAH_SIGNAL SENT_AFTER_TIME 793708.377407
793708376967 DISPLAY_TEXT 154 50 1 What
793708626808 CHEETAH_SIGNAL SENT_AFTER_TIME 793708.594550
793708594198 DISPLAY_TEXT OFF
793708943002 CHEETAH_SIGNAL SENT_AFTER_TIME 793708.910788
793708910340 DISPLAY_TEXT 155 50 2 did
793709160337 CHEETAH_SIGNAL SENT_AFTER_TIME 793709.128076
793709127631 DISPLAY_TEXT OFF
793709476349 CHEETAH_SIGNAL SENT_AFTER_TIME 793709.444183
793709443749 DISPLAY_TEXT 156 50 3 the
793709693741 CHEETAH_SIGNAL SENT_AFTER_TIME 793709.661471
793709661027 DISPLAY_TEXT OFF
793710009881 CHEETAH_SIGNAL SENT_AFTER_TIME 793709.977615
793709977174 DISPLAY_TEXT 157 50 4 girl
793710226897 CHEETAH_SIGNAL SENT_AFTER_TIME 793710.194728
793710194349 DISPLAY_TEXT OFF
793710544298 CHEETAH_SIGNAL SENT_AFTER_TIME 793710.512034
793710511683 DISPLAY_TEXT 158 50 5 kick?
793710760851 CHEETAH_SIGNAL SENT_AFTER_TIME 793710.728611
793710728180 DISPLAY_TEXT OFF
793711777508 CHEETAH_SIGNAL SENT_AFTER_TIME 793711.745328
793711744902 DISPLAY_TEXT 159 51 1 She
793711993687 CHEETAH_SIGNAL SENT_AFTER_TIME 793711.961467
793711961037 DISPLAY_TEXT OFF
793712310975 CHEETAH_SIGNAL SENT_AFTER_TIME 793712.278726
793712278294 DISPLAY_TEXT 160 51 2 smelled
793712527159 CHEETAH_SIGNAL SENT_AFTER_TIME 793712.494812
793712494376 DISPLAY_TEXT OFF
793712844254 CHEETAH_SIGNAL SENT_AFTER_TIME 793712.812109
793712811676 DISPLAY_TEXT 161 51 3 it
793713060145 CHEETAH_SIGNAL SENT_AFTER_TIME 793713.028145
793713027711 DISPLAY_TEXT OFF
793713377639 CHEETAH_SIGNAL SENT_AFTER_TIME 793713.345365
793713344913 DISPLAY_TEXT 162 51 4 burn.
793713594269 CHEETAH_SIGNAL SENT_AFTER_TIME 793713.562101
793713561623 DISPLAY_TEXT OFF
793714611674 CHEETAH_SIGNAL SENT_AFTER_TIME 793714.579472
793714579121 DISPLAY_TEXT 163 52 1 He
793714827794 CHEETAH_SIGNAL SENT_AFTER_TIME 793714.795624
793714795192 DISPLAY_TEXT OFF
793715144864 CHEETAH_SIGNAL SENT_AFTER_TIME 793715.112606
793715112172 DISPLAY_TEXT 164 52 2 disappeared.
793715361235 CHEETAH_SIGNAL SENT_AFTER_TIME 793715.329005
793715328570 DISPLAY_TEXT OFF
793716378484 CHEETAH_SIGNAL SENT_AFTER_TIME 793716.346224
793716345779 DISPLAY_TEXT 165 53 1 They
793716594558 CHEETAH_SIGNAL SENT_AFTER_TIME 793716.562360
793716561915 DISPLAY_TEXT OFF
793716911738 CHEETAH_SIGNAL SENT_AFTER_TIME 793716.879608
793716879173 DISPLAY_TEXT 166 53 2 heard
793717127959 CHEETAH_SIGNAL SENT_AFTER_TIME 793717.095738
793717095300 DISPLAY_TEXT OFF
793717445372 CHEETAH_SIGNAL SENT_AFTER_TIME 793717.413046
793717412600 DISPLAY_TEXT 167 53 3 her
793717661489 CHEETAH_SIGNAL SENT_AFTER_TIME 793717.629213
793717628772 DISPLAY_TEXT OFF
793717978593 CHEETAH_SIGNAL SENT_AFTER_TIME 793717.946419
793717945986 DISPLAY_TEXT 168 53 4 coughing.
793718195237 CHEETAH_SIGNAL SENT_AFTER_TIME 793718.163055
793718162620 DISPLAY_TEXT OFF
793719211392 CHEETAH_SIGNAL SENT_AFTER_TIME 793719.179200
793719178768 DISPLAY_TEXT 169 54 1 She
793719428600 CHEETAH_SIGNAL SENT_AFTER_TIME 793719.396363
793719396008 DISPLAY_TEXT OFF
793719744832 CHEETAH_SIGNAL SENT_AFTER_TIME 793719.712596
793719712147 DISPLAY_TEXT 170 54 2 smiled.
793719961552 CHEETAH_SIGNAL SENT_AFTER_TIME 793719.929262
793719928810 DISPLAY_TEXT OFF
793720978866 CHEETAH_SIGNAL SENT_AFTER_TIME 793720.946527
793720946094 DISPLAY_TEXT 171 55 1 The
793721196070 CHEETAH_SIGNAL SENT_AFTER_TIME 793721.163778
793721163414 DISPLAY_TEXT OFF
793721512380 CHEETAH_SIGNAL SENT_AFTER_TIME 793721.480084
793721479637 DISPLAY_TEXT 172 55 2 girls
793721728372 CHEETAH_SIGNAL SENT_AFTER_TIME 793721.696163
793721695717 DISPLAY_TEXT OFF
793722045481 CHEETAH_SIGNAL SENT_AFTER_TIME 793722.013327
793722012895 DISPLAY_TEXT 173 55 3 cough.
793722262063 CHEETAH_SIGNAL SENT_AFTER_TIME 793722.229829
793722229381 DISPLAY_TEXT OFF
793723279421 CHEETAH_SIGNAL SENT_AFTER_TIME 793723.247062
793723246617 DISPLAY_TEXT 174 56 1 We
793723495479 CHEETAH_SIGNAL SENT_AFTER_TIME 793723.463183
793723462750 DISPLAY_TEXT OFF
793723812519 CHEETAH_SIGNAL SENT_AFTER_TIME 793723.780434
793723779996 DISPLAY_TEXT 175 56 2 revealed
793724028830 CHEETAH_SIGNAL SENT_AFTER_TIME 793723.996537
793723996093 DISPLAY_TEXT OFF
793724346136 CHEETAH_SIGNAL SENT_AFTER_TIME 793724.313823
793724313376 DISPLAY_TEXT 176 56 3 that
793724563446 CHEETAH_SIGNAL SENT_AFTER_TIME 793724.531169
793724530733 DISPLAY_TEXT OFF
793724879481 CHEETAH_SIGNAL SENT_AFTER_TIME 793724.847288
793724846839 DISPLAY_TEXT 177 56 4 she
793725095576 CHEETAH_SIGNAL SENT_AFTER_TIME 793725.063400
793725062968 DISPLAY_TEXT OFF
793725412901 CHEETAH_SIGNAL SENT_AFTER_TIME 793725.380669
793725380233 DISPLAY_TEXT 178 56 5 jumps.
793725629507 CHEETAH_SIGNAL SENT_AFTER_TIME 793725.597161
793725596715 DISPLAY_TEXT OFF
793726646703 CHEETAH_SIGNAL SENT_AFTER_TIME 793726.614434
793726614002 DISPLAY_TEXT 179 57 1 Who
793726862849 CHEETAH_SIGNAL SENT_AFTER_TIME 793726.830565
793726830131 DISPLAY_TEXT OFF
793727179899 CHEETAH_SIGNAL SENT_AFTER_TIME 793727.147749
793727147315 DISPLAY_TEXT 180 57 2 eats
793727396067 CHEETAH_SIGNAL SENT_AFTER_TIME 793727.363818
793727363371 DISPLAY_TEXT OFF
793727713469 CHEETAH_SIGNAL SENT_AFTER_TIME 793727.681075
793727680632 DISPLAY_TEXT 181 57 3 the
793727796307 KEY_PRESS l
793727929662 CHEETAH_SIGNAL SENT_AFTER_TIME 793727.897404
793727896969 DISPLAY_TEXT OFF
793727964222 KEY_PRESS l
793728247123 CHEETAH_SIGNAL SENT_AFTER_TIME 793728.214865
793728214513 DISPLAY_TEXT 182 57 4 salad?
793728463716 CHEETAH_SIGNAL SENT_AFTER_TIME 793728.431531
793728431095 DISPLAY_TEXT OFF
793729076299 KEY_PRESS l
793729252294 KEY_PRESS l
793729480483 CHEETAH_SIGNAL SENT_AFTER_TIME 793729.448146
793729447696 DISPLAY_TEXT 183 58 1 He
793729696465 CHEETAH_SIGNAL SENT_AFTER_TIME 793729.664224
793729663778 DISPLAY_TEXT OFF
793730013918 CHEETAH_SIGNAL SENT_AFTER_TIME 793729.981488
793729981039 DISPLAY_TEXT 184 58 2 laughs.
793730230172 CHEETAH_SIGNAL SENT_AFTER_TIME 793730.198009
793730197575 DISPLAY_TEXT OFF
793731247594 CHEETAH_SIGNAL SENT_AFTER_TIME 793731.215320
793731214875 DISPLAY_TEXT 185 59 1 Who
793731463653 CHEETAH_SIGNAL SENT_AFTER_TIME 793731.431433
793731430985 DISPLAY_TEXT OFF
793731780930 CHEETAH_SIGNAL SENT_AFTER_TIME 793731.748656
793731748208 DISPLAY_TEXT 186 59 2 arrives?
793731997401 CHEETAH_SIGNAL SENT_AFTER_TIME 793731.965142
793731964706 DISPLAY_TEXT OFF
793733013644 CHEETAH_SIGNAL SENT_AFTER_TIME 793732.981416
793732980985 DISPLAY_TEXT 187 60 1 The
793733230801 CHEETAH_SIGNAL SENT_AFTER_TIME 793733.198647
793733198211 DISPLAY_TEXT OFF
793733547133 CHEETAH_SIGNAL SENT_AFTER_TIME 793733.514806
793733514356 DISPLAY_TEXT 188 60 2 boy
793733764284 CHEETAH_SIGNAL SENT_AFTER_TIME 793733.732064
793733731613 DISPLAY_TEXT OFF
793734080487 CHEETAH_SIGNAL SENT_AFTER_TIME 793734.048291
793734047845 DISPLAY_TEXT 189 60 3 smelled
793734297721 CHEETAH_SIGNAL SENT_AFTER_TIME 793734.265458
793734265022 DISPLAY_TEXT OFF
793734614442 CHEETAH_SIGNAL SENT_AFTER_TIME 793734.582220
793734581781 DISPLAY_TEXT 190 60 4 the
793734830445 CHEETAH_SIGNAL SENT_AFTER_TIME 793734.798328
793734797894 DISPLAY_TEXT OFF
793735147468 CHEETAH_SIGNAL SENT_AFTER_TIME 793735.115167
793735114730 DISPLAY_TEXT 191 60 5 flowers.
793735365064 CHEETAH_SIGNAL SENT_AFTER_TIME 793735.332776
793735332341 DISPLAY_TEXT OFF
793736380929 CHEETAH_SIGNAL SENT_AFTER_TIME 793736.348746
793736348317 DISPLAY_TEXT 192 61 1 Who
793736598297 CHEETAH_SIGNAL SENT_AFTER_TIME 793736.565997
793736565553 DISPLAY_TEXT OFF
793736914365 CHEETAH_SIGNAL SENT_AFTER_TIME 793736.882144
793736881702 DISPLAY_TEXT 193 61 2 tickles
793737131580 CHEETAH_SIGNAL SENT_AFTER_TIME 793737.099318
793737098883 DISPLAY_TEXT OFF
793737447721 CHEETAH_SIGNAL SENT_AFTER_TIME 793737.415519
793737415090 DISPLAY_TEXT 194 61 3 the
793737665089 CHEETAH_SIGNAL SENT_AFTER_TIME 793737.632790
793737632356 DISPLAY_TEXT OFF
793737981180 CHEETAH_SIGNAL SENT_AFTER_TIME 793737.948899
793737948451 DISPLAY_TEXT 195 61 4 girl?
793738198236 CHEETAH_SIGNAL SENT_AFTER_TIME 793738.165960
793738165523 DISPLAY_TEXT OFF
793739215487 CHEETAH_SIGNAL SENT_AFTER_TIME 793739.183233
793739182787 DISPLAY_TEXT 196 62 1 What
793739431449 CHEETAH_SIGNAL SENT_AFTER_TIME 793739.399244
793739398894 DISPLAY_TEXT OFF
793739748923 CHEETAH_SIGNAL SENT_AFTER_TIME 793739.716665
793739716218 DISPLAY_TEXT 197 62 2 will
793739965220 CHEETAH_SIGNAL SENT_AFTER_TIME 793739.932967
793739932519 DISPLAY_TEXT OFF
793740282450 CHEETAH_SIGNAL SENT_AFTER_TIME 793740.250189
793740249760 DISPLAY_TEXT 198 62 3 the
793740498530 CHEETAH_SIGNAL SENT_AFTER_TIME 793740.466350
793740465914 DISPLAY_TEXT OFF
793740815973 CHEETAH_SIGNAL SENT_AFTER_TIME 793740.783642
793740783196 DISPLAY_TEXT 199 62 4 girl
793741031985 CHEETAH_SIGNAL SENT_AFTER_TIME 793740.999730
793740999263 DISPLAY_TEXT OFF
793741349264 CHEETAH_SIGNAL SENT_AFTER_TIME 793741.317034
793741316590 DISPLAY_TEXT 200 62 5 kick?
793741565886 CHEETAH_SIGNAL SENT_AFTER_TIME 793741.533580
793741533133 DISPLAY_TEXT OFF
793742581754 CHEETAH_SIGNAL SENT_AFTER_TIME 793742.549617
793742549223 DISPLAY_TEXT 201 63 1 He
793742799032 CHEETAH_SIGNAL SENT_AFTER_TIME 793742.766855
793742766498 DISPLAY_TEXT OFF
793743115326 CHEETAH_SIGNAL SENT_AFTER_TIME 793743.083088
793743082641 DISPLAY_TEXT 202 63 2 sneezes.
793743332960 CHEETAH_SIGNAL SENT_AFTER_TIME 793743.300695
793743300315 DISPLAY_TEXT OFF
793744349287 CHEETAH_SIGNAL SENT_AFTER_TIME 793744.317019
793744316576 DISPLAY_TEXT 203 64 1 Who
793744566525 CHEETAH_SIGNAL SENT_AFTER_TIME 793744.534255
793744533811 DISPLAY_TEXT OFF
793744882602 CHEETAH_SIGNAL SENT_AFTER_TIME 793744.850351
793744849915 DISPLAY_TEXT 204 64 2 remains?
793745099821 CHEETAH_SIGNAL SENT_AFTER_TIME 793745.067497
793745067038 DISPLAY_TEXT OFF
793746115707 CHEETAH_SIGNAL SENT_AFTER_TIME 793746.083578
793746083225 DISPLAY_TEXT 205 65 1 They
793746333080 CHEETAH_SIGNAL SENT_AFTER_TIME 793746.300841
793746300489 DISPLAY_TEXT OFF
793746649378 CHEETAH_SIGNAL SENT_AFTER_TIME 793746.617097
793746616652 DISPLAY_TEXT 206 65 2 found
793746866691 CHEETAH_SIGNAL SENT_AFTER_TIME 793746.834354
793746833905 DISPLAY_TEXT OFF
793747182745 CHEETAH_SIGNAL SENT_AFTER_TIME 793747.150443
793747149997 DISPLAY_TEXT 207 65 3 the
793747400093 CHEETAH_SIGNAL SENT_AFTER_TIME 793747.367799
793747367366 DISPLAY_TEXT OFF
793747716275 CHEETAH_SIGNAL SENT_AFTER_TIME 793747.683978
793747683532 DISPLAY_TEXT 208 65 4 bikes.
793747932745 CHEETAH_SIGNAL SENT_AFTER_TIME 793747.900472
793747900023 DISPLAY_TEXT OFF
793748950504 CHEETAH_SIGNAL SENT_AFTER_TIME 793748.918240
793748917796 DISPLAY_TEXT 209 66 1 They
793749166567 CHEETAH_SIGNAL SENT_AFTER_TIME 793749.134365
793749133929 DISPLAY_TEXT OFF
793749483919 CHEETAH_SIGNAL SENT_AFTER_TIME 793749.451617
793749451179 DISPLAY_TEXT 210 66 2 appeared.
793749700375 CHEETAH_SIGNAL SENT_AFTER_TIME 793749.668082
793749667632 DISPLAY_TEXT OFF
793750716547 CHEETAH_SIGNAL SENT_AFTER_TIME 793750.684227
793750683781 DISPLAY_TEXT 211 67 1 They
793750933611 CHEETAH_SIGNAL SENT_AFTER_TIME 793750.901357
793750901005 DISPLAY_TEXT OFF
793751249928 CHEETAH_SIGNAL SENT_AFTER_TIME 793751.217610
793751217166 DISPLAY_TEXT 212 67 2 appear.
793751467550 CHEETAH_SIGNAL SENT_AFTER_TIME 793751.435264
793751434828 DISPLAY_TEXT OFF
793752483578 CHEETAH_SIGNAL SENT_AFTER_TIME 793752.451393
793752450960 DISPLAY_TEXT 213 68 1 He
793752700290 CHEETAH_SIGNAL SENT_AFTER_TIME 793752.668044
793752667693 DISPLAY_TEXT OFF
793753017634 CHEETAH_SIGNAL SENT_AFTER_TIME 793752.985423
793752984990 DISPLAY_TEXT 214 68 2 crawled.
793753234165 CHEETAH_SIGNAL SENT_AFTER_TIME 793753.201946
793753201594 DISPLAY_TEXT OFF
793754250488 CHEETAH_SIGNAL SENT_AFTER_TIME 793754.218195
793754217764 DISPLAY_TEXT 215 69 1 The
793754467639 CHEETAH_SIGNAL SENT_AFTER_TIME 793754.435392
793754434942 DISPLAY_TEXT OFF
793754783757 CHEETAH_SIGNAL SENT_AFTER_TIME 793754.751519
793754751079 DISPLAY_TEXT 216 69 2 boy
793755001106 CHEETAH_SIGNAL SENT_AFTER_TIME 793754.968777
793754968333 DISPLAY_TEXT OFF
793755317278 CHEETAH_SIGNAL SENT_AFTER_TIME 793755.285027
793755284590 DISPLAY_TEXT 217 69 3 jumped.
793755534952 CHEETAH_SIGNAL SENT_AFTER_TIME 793755.502630
793755502181 DISPLAY_TEXT OFF
793756551083 CHEETAH_SIGNAL SENT_AFTER_TIME 793756.518757
793756518312 DISPLAY_TEXT 218 70 1 She
793756768216 CHEETAH_SIGNAL SENT_AFTER_TIME 793756.736001
793756735566 DISPLAY_TEXT OFF
793757084379 CHEETAH_SIGNAL SENT_AFTER_TIME 793757.052111
793757051662 DISPLAY_TEXT 219 70 2 jumps.
793757302067 CHEETAH_SIGNAL SENT_AFTER_TIME 793757.269752
793757269308 DISPLAY_TEXT OFF
793758318126 CHEETAH_SIGNAL SENT_AFTER_TIME 793758.285928
793758285491 DISPLAY_TEXT 220 71 1 Who
793758535425 CHEETAH_SIGNAL SENT_AFTER_TIME 793758.503148
793758502714 DISPLAY_TEXT OFF
793758851618 CHEETAH_SIGNAL SENT_AFTER_TIME 793758.819365
793758818931 DISPLAY_TEXT 221 71 2 coughed?
793759066694 CHEETAH_SIGNAL SENT_AFTER_TIME 793759.034620
793759034331 DISPLAY_TEXT OFF
793760085302 CHEETAH_SIGNAL SENT_AFTER_TIME 793760.053030
793760052583 DISPLAY_TEXT 222 72 1 The
793760302594 CHEETAH_SIGNAL SENT_AFTER_TIME 793760.270345
793760269901 DISPLAY_TEXT OFF
793760618802 CHEETAH_SIGNAL SENT_AFTER_TIME 793760.586493
793760586047 DISPLAY_TEXT 223 72 2 girls
793760834894 CHEETAH_SIGNAL SENT_AFTER_TIME 793760.802659
793760802242 DISPLAY_TEXT OFF
793761152326 CHEETAH_SIGNAL SENT_AFTER_TIME 793761.120028
793761119576 DISPLAY_TEXT 224 72 3 found
793761368342 CHEETAH_SIGNAL SENT_AFTER_TIME 793761.336096
793761335745 DISPLAY_TEXT OFF
793761685724 CHEETAH_SIGNAL SENT_AFTER_TIME 793761.653400
793761652952 DISPLAY_TEXT 225 72 4 the
793761901919 CHEETAH_SIGNAL SENT_AFTER_TIME 793761.869579
793761869144 DISPLAY_TEXT OFF
793762219188 CHEETAH_SIGNAL SENT_AFTER_TIME 793762.186878
793762186446 DISPLAY_TEXT 226 72 5 bikes.
793762435632 CHEETAH_SIGNAL SENT_AFTER_TIME 793762.403350
793762402912 DISPLAY_TEXT OFF
793763452884 CHEETAH_SIGNAL SENT_AFTER_TIME 793763.420664
793763420224 DISPLAY_TEXT 227 73 1 She
793763668833 CHEETAH_SIGNAL SENT_AFTER_TIME 793763.636599
793763636165 DISPLAY_TEXT OFF
793763985947 CHEETAH_SIGNAL SENT_AFTER_TIME 793763.953758
793763953406 DISPLAY_TEXT 228 73 2 heard
793764202432 CHEETAH_SIGNAL SENT_AFTER_TIME 793764.170078
793764169633 DISPLAY_TEXT OFF
793764519562 CHEETAH_SIGNAL SENT_AFTER_TIME 793764.487347
793764486901 DISPLAY_TEXT 229 73 3 them
793764735707 CHEETAH_SIGNAL SENT_AFTER_TIME 793764.703419
793764702973 DISPLAY_TEXT OFF
793765052962 CHEETAH_SIGNAL SENT_AFTER_TIME 793765.020707
793765020257 DISPLAY_TEXT 230 73 4 crying.
793765269515 CHEETAH_SIGNAL SENT_AFTER_TIME 793765.237192
793765236758 DISPLAY_TEXT OFF
793766286683 CHEETAH_SIGNAL SENT_AFTER_TIME 793766.254443
793766254002 DISPLAY_TEXT 231 74 1 She
793766502899 CHEETAH_SIGNAL SENT_AFTER_TIME 793766.470590
793766470142 DISPLAY_TEXT OFF
793766820077 CHEETAH_SIGNAL SENT_AFTER_TIME 793766.787873
793766787442 DISPLAY_TEXT 232 74 2 eats
793767036115 CHEETAH_SIGNAL SENT_AFTER_TIME 793767.003906
793767003556 DISPLAY_TEXT OFF
793767353619 CHEETAH_SIGNAL SENT_AFTER_TIME 793767.321313
793767320865 DISPLAY_TEXT 233 74 3 the
793767569711 CHEETAH_SIGNAL SENT_AFTER_TIME 793767.537434
793767536980 DISPLAY_TEXT OFF
793767886942 CHEETAH_SIGNAL SENT_AFTER_TIME 793767.854638
793767854206 DISPLAY_TEXT 234 74 4 salad.
793768103487 CHEETAH_SIGNAL SENT_AFTER_TIME 793768.071156
793768070712 DISPLAY_TEXT OFF
793768724259 KEY_PRESS l
793768996296 KEY_PRESS l
793769120153 CHEETAH_SIGNAL SENT_AFTER_TIME 793769.087873
793769087428 DISPLAY_TEXT 235 75 1 He
793769336216 CHEETAH_SIGNAL SENT_AFTER_TIME 793769.303962
793769303516 DISPLAY_TEXT OFF
793769653508 CHEETAH_SIGNAL SENT_AFTER_TIME 793769.621237
793769620810 DISPLAY_TEXT 236 75 2 falls.
793769870041 CHEETAH_SIGNAL SENT_AFTER_TIME 793769.837778
793769837337 DISPLAY_TEXT OFF
793770887248 CHEETAH_SIGNAL SENT_AFTER_TIME 793770.855074
793770854643 DISPLAY_TEXT 237 76 1 The
793771103481 CHEETAH_SIGNAL SENT_AFTER_TIME 793771.071205
793771070770 DISPLAY_TEXT OFF
793771421068 CHEETAH_SIGNAL SENT_AFTER_TIME 793771.388726
793771388283 DISPLAY_TEXT 238 76 2 girl
793771636928 CHEETAH_SIGNAL SENT_AFTER_TIME 793771.604841
793771604408 DISPLAY_TEXT OFF
793771954443 CHEETAH_SIGNAL SENT_AFTER_TIME 793771.922154
793771921718 DISPLAY_TEXT 239 76 3 disappears.
793772171163 CHEETAH_SIGNAL SENT_AFTER_TIME 793772.138875
793772138431 DISPLAY_TEXT OFF
793773187305 CHEETAH_SIGNAL SENT_AFTER_TIME 793773.154985
793773154555 DISPLAY_TEXT 240 77 1 Who
793773404575 CHEETAH_SIGNAL SENT_AFTER_TIME 793773.372239
793773371792 DISPLAY_TEXT OFF
793773720776 CHEETAH_SIGNAL SENT_AFTER_TIME 793773.688436
793773687985 DISPLAY_TEXT 241 77 2 heard
793773937461 CHEETAH_SIGNAL SENT_AFTER_TIME 793773.905162
793773904714 DISPLAY_TEXT OFF
793774254710 CHEETAH_SIGNAL SENT_AFTER_TIME 793774.222438
793774222003 DISPLAY_TEXT 242 77 3 the
793774470800 CHEETAH_SIGNAL SENT_AFTER_TIME 793774.438623
793774438190 DISPLAY_TEXT OFF
793774788162 CHEETAH_SIGNAL SENT_AFTER_TIME 793774.755836
793774755404 DISPLAY_TEXT 243 77 4 men?
793775004704 CHEETAH_SIGNAL SENT_AFTER_TIME 793774.972384
793774971939 DISPLAY_TEXT OFF
793776020828 CHEETAH_SIGNAL SENT_AFTER_TIME 793775.988585
793775988206 DISPLAY_TEXT 244 78 1 She
793776238121 CHEETAH_SIGNAL SENT_AFTER_TIME 793776.205853
793776205418 DISPLAY_TEXT OFF
793776554335 CHEETAH_SIGNAL SENT_AFTER_TIME 793776.522039
793776521595 DISPLAY_TEXT 245 78 2 saw
793776771589 CHEETAH_SIGNAL SENT_AFTER_TIME 793776.739307
793776738859 DISPLAY_TEXT OFF
793777087625 CHEETAH_SIGNAL SENT_AFTER_TIME 793777.055379
793777054942 DISPLAY_TEXT 246 78 3 that
793777304895 CHEETAH_SIGNAL SENT_AFTER_TIME 793777.272644
793777272192 DISPLAY_TEXT OFF
793777621119 CHEETAH_SIGNAL SENT_AFTER_TIME 793777.588794
793777588340 DISPLAY_TEXT 247 78 4 he
793777838650 CHEETAH_SIGNAL SENT_AFTER_TIME 793777.806284
793777805838 DISPLAY_TEXT OFF
793778154654 CHEETAH_SIGNAL SENT_AFTER_TIME 793778.122438
793778122003 DISPLAY_TEXT 248 78 5 crawled.
793778371269 CHEETAH_SIGNAL SENT_AFTER_TIME 793778.338970
793778338518 DISPLAY_TEXT OFF
793779388533 CHEETAH_SIGNAL SENT_AFTER_TIME 793779.356225
793779355785 DISPLAY_TEXT 249 79 1 The
793779604639 CHEETAH_SIGNAL SENT_AFTER_TIME 793779.572353
793779571905 DISPLAY_TEXT OFF
793779921981 CHEETAH_SIGNAL SENT_AFTER_TIME 793779.889711
793779889247 DISPLAY_TEXT 250 79 2 boy
793780138015 CHEETAH_SIGNAL SENT_AFTER_TIME 793780.105791
793780105354 DISPLAY_TEXT OFF
793780455427 CHEETAH_SIGNAL SENT_AFTER_TIME 793780.423086
793780422642 DISPLAY_TEXT 251 79 3 collapses.
793780671995 CHEETAH_SIGNAL SENT_AFTER_TIME 793780.639749
793780639304 DISPLAY_TEXT OFF
793781689246 CHEETAH_SIGNAL SENT_AFTER_TIME 793781.657033
793781656591 DISPLAY_TEXT 252 80 1 She
793781905477 CHEETAH_SIGNAL SENT_AFTER_TIME 793781.873167
793781872732 DISPLAY_TEXT OFF
793782221702 CHEETAH_SIGNAL SENT_AFTER_TIME 793782.189406
793782188958 DISPLAY_TEXT 253 80 2 crawls.
793782438654 CHEETAH_SIGNAL SENT_AFTER_TIME 793782.406402
793782405972 DISPLAY_TEXT OFF
793783455943 CHEETAH_SIGNAL SENT_AFTER_TIME 793783.423684
793783423254 DISPLAY_TEXT 254 81 1 The
793783672118 CHEETAH_SIGNAL SENT_AFTER_TIME 793783.639826
793783639378 DISPLAY_TEXT OFF
793783989274 CHEETAH_SIGNAL SENT_AFTER_TIME 793783.957053
793783956621 DISPLAY_TEXT 255 81 2 actors
793784205484 CHEETAH_SIGNAL SENT_AFTER_TIME 793784.173190
793784172740 DISPLAY_TEXT OFF
793784522798 CHEETAH_SIGNAL SENT_AFTER_TIME 793784.490476
793784490029 DISPLAY_TEXT 256 81 3 will
793784738714 CHEETAH_SIGNAL SENT_AFTER_TIME 793784.706535
793784706096 DISPLAY_TEXT OFF
793785056072 CHEETAH_SIGNAL SENT_AFTER_TIME 793785.023856
793785023414 DISPLAY_TEXT 257 81 4 snore.
793785272646 CHEETAH_SIGNAL SENT_AFTER_TIME 793785.240430
793785239994 DISPLAY_TEXT OFF
793786289912 CHEETAH_SIGNAL SENT_AFTER_TIME 793786.257648
793786257214 DISPLAY_TEXT 258 82 1 The
793786505943 CHEETAH_SIGNAL SENT_AFTER_TIME 793786.473705
793786473268 DISPLAY_TEXT OFF
793786823133 CHEETAH_SIGNAL SENT_AFTER_TIME 793786.790924
793786790573 DISPLAY_TEXT 259 82 2 boy
793787039395 CHEETAH_SIGNAL SENT_AFTER_TIME 793787.007076
793787006640 DISPLAY_TEXT OFF
793787356781 CHEETAH_SIGNAL SENT_AFTER_TIME 793787.324446
793787324000 DISPLAY_TEXT 260 82 3 will
793787572869 CHEETAH_SIGNAL SENT_AFTER_TIME 793787.540610
793787540176 DISPLAY_TEXT OFF
793787890151 CHEETAH_SIGNAL SENT_AFTER_TIME 793787.857835
793787857386 DISPLAY_TEXT 261 82 4 sing.
793788106735 CHEETAH_SIGNAL SENT_AFTER_TIME 793788.074384
793788073941 DISPLAY_TEXT OFF
793789122735 CHEETAH_SIGNAL SENT_AFTER_TIME 793789.090509
793789090052 DISPLAY_TEXT 262 83 1 What
793789339903 CHEETAH_SIGNAL SENT_AFTER_TIME 793789.307636
793789307283 DISPLAY_TEXT OFF
793789656119 CHEETAH_SIGNAL SENT_AFTER_TIME 793789.623869
793789623427 DISPLAY_TEXT 263 83 2 will
793789873406 CHEETAH_SIGNAL SENT_AFTER_TIME 793789.841109
793789840660 DISPLAY_TEXT OFF
793790190594 CHEETAH_SIGNAL SENT_AFTER_TIME 793790.158311
793790157865 DISPLAY_TEXT 264 83 3 the
793790406562 CHEETAH_SIGNAL SENT_AFTER_TIME 793790.374385
793790374032 DISPLAY_TEXT OFF
793790723156 CHEETAH_SIGNAL SENT_AFTER_TIME 793790.690919
793790690472 DISPLAY_TEXT 265 83 4 girl
793790940163 CHEETAH_SIGNAL SENT_AFTER_TIME 793790.907879
793790907432 DISPLAY_TEXT OFF
793791257473 CHEETAH_SIGNAL SENT_AFTER_TIME 793791.225168
793791224723 DISPLAY_TEXT 266 83 5 eat?
793791474008 CHEETAH_SIGNAL SENT_AFTER_TIME 793791.441704
793791441256 DISPLAY_TEXT OFF
793792490104 CHEETAH_SIGNAL SENT_AFTER_TIME 793792.457809
793792457365 DISPLAY_TEXT 267 84 1 The
793792707298 CHEETAH_SIGNAL SENT_AFTER_TIME 793792.675058
793792674617 DISPLAY_TEXT OFF
793793023506 CHEETAH_SIGNAL SENT_AFTER_TIME 793792.991215
793792990769 DISPLAY_TEXT 268 84 2 girl
793793240716 CHEETAH_SIGNAL SENT_AFTER_TIME 793793.208419
793793207972 DISPLAY_TEXT OFF
793793556842 CHEETAH_SIGNAL SENT_AFTER_TIME 793793.524540
793793524108 DISPLAY_TEXT 269 84 3 smiled.
793793774501 CHEETAH_SIGNAL SENT_AFTER_TIME 793793.742246
793793741810 DISPLAY_TEXT OFF
793794790669 CHEETAH_SIGNAL SENT_AFTER_TIME 793794.758383
793794757940 DISPLAY_TEXT 270 85 1 The
793795007897 CHEETAH_SIGNAL SENT_AFTER_TIME 793794.975655
793794975217 DISPLAY_TEXT OFF
793795323813 CHEETAH_SIGNAL SENT_AFTER_TIME 793795.291711
793795291366 DISPLAY_TEXT 271 85 2 cook
793795541483 CHEETAH_SIGNAL SENT_AFTER_TIME 793795.509054
793795508606 DISPLAY_TEXT OFF
793795857550 CHEETAH_SIGNAL SENT_AFTER_TIME 793795.825238
793795824793 DISPLAY_TEXT 272 85 3 prepared
793796074764 CHEETAH_SIGNAL SENT_AFTER_TIME 793796.042483
793796042054 DISPLAY_TEXT OFF
793796390886 CHEETAH_SIGNAL SENT_AFTER_TIME 793796.358594
793796358161 DISPLAY_TEXT 273 85 4 the
793796608348 CHEETAH_SIGNAL SENT_AFTER_TIME 793796.575869
793796575422 DISPLAY_TEXT OFF
793796924372 CHEETAH_SIGNAL SENT_AFTER_TIME 793796.892038
793796891590 DISPLAY_TEXT 274 85 5 meal.
793797140729 CHEETAH_SIGNAL SENT_AFTER_TIME 793797.108447
793797108000 DISPLAY_TEXT OFF
793798158042 CHEETAH_SIGNAL SENT_AFTER_TIME 793798.125820
793798125381 DISPLAY_TEXT 275 86 1 What
793798375066 CHEETAH_SIGNAL SENT_AFTER_TIME 793798.343059
793798342707 DISPLAY_TEXT OFF
793798691538 CHEETAH_SIGNAL SENT_AFTER_TIME 793798.659263
793798658830 DISPLAY_TEXT 276 86 2 does
793798907613 CHEETAH_SIGNAL SENT_AFTER_TIME 793798.875352
793798875002 DISPLAY_TEXT OFF
793799225064 CHEETAH_SIGNAL SENT_AFTER_TIME 793799.192801
793799192369 DISPLAY_TEXT 277 86 3 the
793799441034 CHEETAH_SIGNAL SENT_AFTER_TIME 793799.408802
793799408352 DISPLAY_TEXT OFF
793799758360 CHEETAH_SIGNAL SENT_AFTER_TIME 793799.726065
793799725617 DISPLAY_TEXT 278 86 4 girl
793799975691 CHEETAH_SIGNAL SENT_AFTER_TIME 793799.943344
793799942894 DISPLAY_TEXT OFF
793800291730 CHEETAH_SIGNAL SENT_AFTER_TIME 793800.259429
793800258978 DISPLAY_TEXT 279 86 5 eat?
793800508174 CHEETAH_SIGNAL SENT_AFTER_TIME 793800.475936
793800475501 DISPLAY_TEXT OFF
793801525591 CHEETAH_SIGNAL SENT_AFTER_TIME 793801.493240
793801492794 DISPLAY_TEXT 280 87 1 Who
793801741387 CHEETAH_SIGNAL SENT_AFTER_TIME 793801.709235
793801708884 DISPLAY_TEXT OFF
793802059047 CHEETAH_SIGNAL SENT_AFTER_TIME 793802.026662
793802026214 DISPLAY_TEXT 281 87 2 kicked
793802275114 CHEETAH_SIGNAL SENT_AFTER_TIME 793802.242781
793802242348 DISPLAY_TEXT OFF
793802592266 CHEETAH_SIGNAL SENT_AFTER_TIME 793802.559954
793802559561 DISPLAY_TEXT 282 87 3 the
793802808462 CHEETAH_SIGNAL SENT_AFTER_TIME 793802.776135
793802775689 DISPLAY_TEXT OFF
793803125184 CHEETAH_SIGNAL SENT_AFTER_TIME 793803.092983
793803092546 DISPLAY_TEXT 283 87 4 ball?
793803342900 CHEETAH_SIGNAL SENT_AFTER_TIME 793803.310539
793803310094 DISPLAY_TEXT OFF
793804358920 CHEETAH_SIGNAL SENT_AFTER_TIME 793804.326689
793804326253 DISPLAY_TEXT 284 88 1 He
793804576355 CHEETAH_SIGNAL SENT_AFTER_TIME 793804.544018
793804543586 DISPLAY_TEXT OFF
793804892290 CHEETAH_SIGNAL SENT_AFTER_TIME 793804.859971
793804859592 DISPLAY_TEXT 285 88 2 collapses.
793805108915 CHEETAH_SIGNAL SENT_AFTER_TIME 793805.076663
793805076216 DISPLAY_TEXT OFF
793806126174 CHEETAH_SIGNAL SENT_AFTER_TIME 793806.093940
793806093506 DISPLAY_TEXT 286 89 1 He
793806342317 CHEETAH_SIGNAL SENT_AFTER_TIME 793806.310051
793806309597 DISPLAY_TEXT OFF
793806659479 CHEETAH_SIGNAL SENT_AFTER_TIME 793806.627263
793806626816 DISPLAY_TEXT 287 89 2 hears
793806875684 CHEETAH_SIGNAL SENT_AFTER_TIME 793806.843384
793806842933 DISPLAY_TEXT OFF
793807192845 CHEETAH_SIGNAL SENT_AFTER_TIME 793807.160630
793807160182 DISPLAY_TEXT 288 89 3 the
793807409788 CHEETAH_SIGNAL SENT_AFTER_TIME 793807.377628
793807377290 DISPLAY_TEXT OFF
793807726182 CHEETAH_SIGNAL SENT_AFTER_TIME 793807.693903
793807693466 DISPLAY_TEXT 289 89 4 men.
793807942676 CHEETAH_SIGNAL SENT_AFTER_TIME 793807.910427
793807909986 DISPLAY_TEXT OFF
793808959565 CHEETAH_SIGNAL SENT_AFTER_TIME 793808.927213
793808926780 DISPLAY_TEXT 290 90 1 Whom
793809176771 CHEETAH_SIGNAL SENT_AFTER_TIME 793809.144504
793809144070 DISPLAY_TEXT OFF
793809492939 CHEETAH_SIGNAL SENT_AFTER_TIME 793809.460628
793809460181 DISPLAY_TEXT 291 90 2 do
793809710201 CHEETAH_SIGNAL SENT_AFTER_TIME 793809.677906
793809677460 DISPLAY_TEXT OFF
793810026256 CHEETAH_SIGNAL SENT_AFTER_TIME 793809.994065
793809993631 DISPLAY_TEXT 292 90 3 the
793810243454 CHEETAH_SIGNAL SENT_AFTER_TIME 793810.211201
793810210846 DISPLAY_TEXT OFF
793810559721 CHEETAH_SIGNAL SENT_AFTER_TIME 793810.527459
793810527026 DISPLAY_TEXT 293 90 4 women
793810777081 CHEETAH_SIGNAL SENT_AFTER_TIME 793810.744754
793810744402 DISPLAY_TEXT OFF
793811093048 CHEETAH_SIGNAL SENT_AFTER_TIME 793811.060923
793811060571 DISPLAY_TEXT 294 90 5 hug?
793811309894 CHEETAH_SIGNAL SENT_AFTER_TIME 793811.277594
793811277155 DISPLAY_TEXT OFF
793812327138 CHEETAH_SIGNAL SENT_AFTER_TIME 793812.294884
793812294438 DISPLAY_TEXT 295 91 1 The
793812543814 CHEETAH_SIGNAL SENT_AFTER_TIME 793812.511577
793812511144 DISPLAY_TEXT OFF
793812859896 CHEETAH_SIGNAL SENT_AFTER_TIME 793812.827726
793812827293 DISPLAY_TEXT 296 91 2 girl
793813077708 CHEETAH_SIGNAL SENT_AFTER_TIME 793813.045412
793813044980 DISPLAY_TEXT OFF
793813393832 CHEETAH_SIGNAL SENT_AFTER_TIME 793813.361549
793813361118 DISPLAY_TEXT 297 91 3 fell.
793813610399 CHEETAH_SIGNAL SENT_AFTER_TIME 793813.578098
793813577653 DISPLAY_TEXT OFF
793814627547 CHEETAH_SIGNAL SENT_AFTER_TIME 793814.595359
793814594918 DISPLAY_TEXT 298 92 1 She
793814843699 CHEETAH_SIGNAL SENT_AFTER_TIME 793814.811418
793814810986 DISPLAY_TEXT OFF
793815161050 CHEETAH_SIGNAL SENT_AFTER_TIME 793815.128716
793815128269 DISPLAY_TEXT 299 92 2 blooms.
793815377492 CHEETAH_SIGNAL SENT_AFTER_TIME 793815.345219
793815344784 DISPLAY_TEXT OFF
793816394860 CHEETAH_SIGNAL SENT_AFTER_TIME 793816.362487
793816362040 DISPLAY_TEXT 300 93 1 Who
793816610944 CHEETAH_SIGNAL SENT_AFTER_TIME 793816.578643
793816578194 DISPLAY_TEXT OFF
793816928240 CHEETAH_SIGNAL SENT_AFTER_TIME 793816.895953
793816895505 DISPLAY_TEXT 301 93 2 smelled
793817144238 CHEETAH_SIGNAL SENT_AFTER_TIME 793817.112040
793817111600 DISPLAY_TEXT OFF
793817461478 CHEETAH_SIGNAL SENT_AFTER_TIME 793817.429262
793817428814 DISPLAY_TEXT 302 93 3 the
793817677439 CHEETAH_SIGNAL SENT_AFTER_TIME 793817.645171
793817644737 DISPLAY_TEXT OFF
793817994752 CHEETAH_SIGNAL SENT_AFTER_TIME 793817.962386
793817961941 DISPLAY_TEXT 303 93 4 flowers?
793818211128 CHEETAH_SIGNAL SENT_AFTER_TIME 793818.178855
793818178415 DISPLAY_TEXT OFF
793819228471 CHEETAH_SIGNAL SENT_AFTER_TIME 793819.196182
793819195747 DISPLAY_TEXT 304 94 1 She
793819444565 CHEETAH_SIGNAL SENT_AFTER_TIME 793819.412311
793819411875 DISPLAY_TEXT OFF
793819761897 CHEETAH_SIGNAL SENT_AFTER_TIME 793819.729582
793819729139 DISPLAY_TEXT 305 94 2 kicked
793819977992 CHEETAH_SIGNAL SENT_AFTER_TIME 793819.945703
793819945267 DISPLAY_TEXT OFF
793820295263 CHEETAH_SIGNAL SENT_AFTER_TIME 793820.262954
793820262507 DISPLAY_TEXT 306 94 3 the
793820511541 CHEETAH_SIGNAL SENT_AFTER_TIME 793820.479140
793820478692 DISPLAY_TEXT OFF
793820828646 CHEETAH_SIGNAL SENT_AFTER_TIME 793820.796338
793820795877 DISPLAY_TEXT 307 94 4 ball.
793821044594 CHEETAH_SIGNAL SENT_AFTER_TIME 793821.012294
793821011848 DISPLAY_TEXT OFF
793822061918 CHEETAH_SIGNAL SENT_AFTER_TIME 793822.029615
793822029180 DISPLAY_TEXT 308 95 1 He
793822278276 CHEETAH_SIGNAL SENT_AFTER_TIME 793822.245946
793822245590 DISPLAY_TEXT OFF
793822595549 CHEETAH_SIGNAL SENT_AFTER_TIME 793822.563247
793822562815 DISPLAY_TEXT 309 95 2 streched.
793822812000 CHEETAH_SIGNAL SENT_AFTER_TIME 793822.779721
793822779287 DISPLAY_TEXT OFF
793823829280 CHEETAH_SIGNAL SENT_AFTER_TIME 793823.797056
793823796623 DISPLAY_TEXT 310 96 1 The
793824045492 CHEETAH_SIGNAL SENT_AFTER_TIME 793824.013241
793824012794 DISPLAY_TEXT OFF
793824362568 CHEETAH_SIGNAL SENT_AFTER_TIME 793824.330373
793824329938 DISPLAY_TEXT 311 96 2 girl
793824578543 CHEETAH_SIGNAL SENT_AFTER_TIME 793824.546522
793824546083 DISPLAY_TEXT OFF
793824896151 CHEETAH_SIGNAL SENT_AFTER_TIME 793824.863817
793824863373 DISPLAY_TEXT 312 96 3 kicked
793825110893 CHEETAH_SIGNAL SENT_AFTER_TIME 793825.078704
793825078349 DISPLAY_TEXT OFF
793825429716 CHEETAH_SIGNAL SENT_AFTER_TIME 793825.397419
793825397066 DISPLAY_TEXT 313 96 4 the
793825646024 CHEETAH_SIGNAL SENT_AFTER_TIME 793825.613706
793825613259 DISPLAY_TEXT OFF
793825962072 CHEETAH_SIGNAL SENT_AFTER_TIME 793825.929868
793825929422 DISPLAY_TEXT 314 96 5 ball.
793826179843 CHEETAH_SIGNAL SENT_AFTER_TIME 793826.147569
793826147135 DISPLAY_TEXT OFF
793827195986 CHEETAH_SIGNAL SENT_AFTER_TIME 793827.163646
793827163213 DISPLAY_TEXT 315 97 1 They
793827413232 CHEETAH_SIGNAL SENT_AFTER_TIME 793827.380934
793827380488 DISPLAY_TEXT OFF
793827729289 CHEETAH_SIGNAL SENT_AFTER_TIME 793827.697009
793827696562 DISPLAY_TEXT 316 97 2 kissed
793827946600 CHEETAH_SIGNAL SENT_AFTER_TIME 793827.914256
793827913807 DISPLAY_TEXT OFF
793828262665 CHEETAH_SIGNAL SENT_AFTER_TIME 793828.230425
793828229980 DISPLAY_TEXT 317 97 3 the
793828479869 CHEETAH_SIGNAL SENT_AFTER_TIME 793828.447667
793828447246 DISPLAY_TEXT OFF
793828796056 CHEETAH_SIGNAL SENT_AFTER_TIME 793828.763783
793828763334 DISPLAY_TEXT 318 97 4 clowns.
793829012602 CHEETAH_SIGNAL SENT_AFTER_TIME 793828.980409
793828979962 DISPLAY_TEXT OFF
793830030025 CHEETAH_SIGNAL SENT_AFTER_TIME 793829.997740
793829997288 DISPLAY_TEXT 319 98 1 The
793830246159 CHEETAH_SIGNAL SENT_AFTER_TIME 793830.213829
793830213392 DISPLAY_TEXT OFF
793830563404 CHEETAH_SIGNAL SENT_AFTER_TIME 793830.531147
793830530713 DISPLAY_TEXT 320 98 2 boy
793830780339 CHEETAH_SIGNAL SENT_AFTER_TIME 793830.748052
793830747702 DISPLAY_TEXT OFF
793831096571 CHEETAH_SIGNAL SENT_AFTER_TIME 793831.064241
793831063797 DISPLAY_TEXT 321 98 3 bloomed.
793831313154 CHEETAH_SIGNAL SENT_AFTER_TIME 793831.280854
793831280419 DISPLAY_TEXT OFF
793832330551 CHEETAH_SIGNAL SENT_AFTER_TIME 793832.298241
793832297781 DISPLAY_TEXT 322 99 1 They
793832546644 CHEETAH_SIGNAL SENT_AFTER_TIME 793832.514307
793832513860 DISPLAY_TEXT OFF
793832863824 CHEETAH_SIGNAL SENT_AFTER_TIME 793832.831593
793832831148 DISPLAY_TEXT 323 99 2 cough.
793833080132 CHEETAH_SIGNAL SENT_AFTER_TIME 793833.047895
793833047448 DISPLAY_TEXT OFF
793834097287 CHEETAH_SIGNAL SENT_AFTER_TIME 793834.065073
793834064719 DISPLAY_TEXT 324 100 1 She
793834313647 CHEETAH_SIGNAL SENT_AFTER_TIME 793834.281376
793834280940 DISPLAY_TEXT OFF
793834630977 CHEETAH_SIGNAL SENT_AFTER_TIME 793834.598668
793834598237 DISPLAY_TEXT 325 100 2 fell.
793834847493 CHEETAH_SIGNAL SENT_AFTER_TIME 793834.815143
793834814704 DISPLAY_TEXT OFF
793835864856 CHEETAH_SIGNAL SENT_AFTER_TIME 793835.832540
793835832103 DISPLAY_TEXT 326 101 1 She
793836080871 CHEETAH_SIGNAL SENT_AFTER_TIME 793836.048630
793836048279 DISPLAY_TEXT OFF
793836397012 CHEETAH_SIGNAL SENT_AFTER_TIME 793836.364870
793836364423 DISPLAY_TEXT 327 101 2 cries.
793836614772 CHEETAH_SIGNAL SENT_AFTER_TIME 793836.582427
793836581980 DISPLAY_TEXT OFF
793837630727 CHEETAH_SIGNAL SENT_AFTER_TIME 793837.598503
793837598066 DISPLAY_TEXT 328 102 1 We
793837847973 CHEETAH_SIGNAL SENT_AFTER_TIME 793837.815709
793837815266 DISPLAY_TEXT OFF
793838164261 CHEETAH_SIGNAL SENT_AFTER_TIME 793838.131884
793838131436 DISPLAY_TEXT 329 102 2 heard
793838381283 CHEETAH_SIGNAL SENT_AFTER_TIME 793838.349066
793838348715 DISPLAY_TEXT OFF
793838697514 CHEETAH_SIGNAL SENT_AFTER_TIME 793838.665246
793838664811 DISPLAY_TEXT 330 102 3 that
793838914740 CHEETAH_SIGNAL SENT_AFTER_TIME 793838.882522
793838882077 DISPLAY_TEXT OFF
793839231115 CHEETAH_SIGNAL SENT_AFTER_TIME 793839.198748
793839198304 DISPLAY_TEXT 331 102 4 she
793839448252 CHEETAH_SIGNAL SENT_AFTER_TIME 793839.415952
793839415520 DISPLAY_TEXT OFF
793839764459 CHEETAH_SIGNAL SENT_AFTER_TIME 793839.732117
793839731681 DISPLAY_TEXT 332 102 5 sneezed.
793839982051 CHEETAH_SIGNAL SENT_AFTER_TIME 793839.949748
793839949382 DISPLAY_TEXT OFF
793840998095 CHEETAH_SIGNAL SENT_AFTER_TIME 793840.965807
793840965428 DISPLAY_TEXT 333 103 1 She
793841215310 CHEETAH_SIGNAL SENT_AFTER_TIME 793841.183127
793841182698 DISPLAY_TEXT OFF
793841531579 CHEETAH_SIGNAL SENT_AFTER_TIME 793841.499306
793841498874 DISPLAY_TEXT 334 103 2 scratched.
793841748055 CHEETAH_SIGNAL SENT_AFTER_TIME 793841.715822
793841715376 DISPLAY_TEXT OFF
793842765441 CHEETAH_SIGNAL SENT_AFTER_TIME 793842.733109
793842732669 DISPLAY_TEXT 335 104 1 They
793842981507 CHEETAH_SIGNAL SENT_AFTER_TIME 793842.949232
793842948795 DISPLAY_TEXT OFF
793843298796 CHEETAH_SIGNAL SENT_AFTER_TIME 793843.266462
793843266030 DISPLAY_TEXT 336 104 2 heared
793843515979 CHEETAH_SIGNAL SENT_AFTER_TIME 793843.483719
793843483285 DISPLAY_TEXT OFF
793843832103 CHEETAH_SIGNAL SENT_AFTER_TIME 793843.799892
793843799448 DISPLAY_TEXT 337 104 3 that
793844049477 CHEETAH_SIGNAL SENT_AFTER_TIME 793844.017118
793844016672 DISPLAY_TEXT OFF
793844365612 CHEETAH_SIGNAL SENT_AFTER_TIME 793844.333279
793844332831 DISPLAY_TEXT 338 104 4 she
793844582853 CHEETAH_SIGNAL SENT_AFTER_TIME 793844.550522
793844550089 DISPLAY_TEXT OFF
793844899058 CHEETAH_SIGNAL SENT_AFTER_TIME 793844.866744
793844866307 DISPLAY_TEXT 339 104 5 laughed.
793845115575 CHEETAH_SIGNAL SENT_AFTER_TIME 793845.083226
793845082783 DISPLAY_TEXT OFF
793846132847 CHEETAH_SIGNAL SENT_AFTER_TIME 793846.100586
793846100136 DISPLAY_TEXT 340 105 1 The
793846348897 CHEETAH_SIGNAL SENT_AFTER_TIME 793846.316747
793846316309 DISPLAY_TEXT OFF
793846666402 CHEETAH_SIGNAL SENT_AFTER_TIME 793846.634115
793846633680 DISPLAY_TEXT 341 105 2 boys
793846882489 CHEETAH_SIGNAL SENT_AFTER_TIME 793846.850291
793846849855 DISPLAY_TEXT OFF
793847199827 CHEETAH_SIGNAL SENT_AFTER_TIME 793847.167553
793847167105 DISPLAY_TEXT 342 105 3 winked.
793847416474 CHEETAH_SIGNAL SENT_AFTER_TIME 793847.384251
793847383902 DISPLAY_TEXT OFF
793848432811 CHEETAH_SIGNAL SENT_AFTER_TIME 793848.400508
793848400051 DISPLAY_TEXT 343 106 1 They
793848650089 CHEETAH_SIGNAL SENT_AFTER_TIME 793848.617761
793848617314 DISPLAY_TEXT OFF
793848966324 CHEETAH_SIGNAL SENT_AFTER_TIME 793848.933951
793848933506 DISPLAY_TEXT 344 106 2 vanish.
793849182745 CHEETAH_SIGNAL SENT_AFTER_TIME 793849.150468
793849150023 DISPLAY_TEXT OFF
793850200022 CHEETAH_SIGNAL SENT_AFTER_TIME 793850.167768
793850167333 DISPLAY_TEXT 345 107 1 They
793850416086 CHEETAH_SIGNAL SENT_AFTER_TIME 793850.383849
793850383496 DISPLAY_TEXT OFF
793850733480 CHEETAH_SIGNAL SENT_AFTER_TIME 793850.701170
793850700819 DISPLAY_TEXT 346 107 2 were
793850949673 CHEETAH_SIGNAL SENT_AFTER_TIME 793850.917385
793850916937 DISPLAY_TEXT OFF
793851266988 CHEETAH_SIGNAL SENT_AFTER_TIME 793851.234659
793851234226 DISPLAY_TEXT 347 107 3 loved.
793851483494 CHEETAH_SIGNAL SENT_AFTER_TIME 793851.451164
793851450728 DISPLAY_TEXT OFF
793852500530 CHEETAH_SIGNAL SENT_AFTER_TIME 793852.468308
793852467970 DISPLAY_TEXT 348 108 1 She
793852716775 CHEETAH_SIGNAL SENT_AFTER_TIME 793852.684544
793852684112 DISPLAY_TEXT OFF
793853034082 CHEETAH_SIGNAL SENT_AFTER_TIME 793853.001843
793853001406 DISPLAY_TEXT 349 108 2 arrives.
793853250509 CHEETAH_SIGNAL SENT_AFTER_TIME 793853.218351
793853217916 DISPLAY_TEXT OFF
793854266792 CHEETAH_SIGNAL SENT_AFTER_TIME 793854.234533
793854234087 DISPLAY_TEXT 350 109 1 The
793854483949 CHEETAH_SIGNAL SENT_AFTER_TIME 793854.451795
793854451359 DISPLAY_TEXT OFF
793854799957 CHEETAH_SIGNAL SENT_AFTER_TIME 793854.767839
793854767489 DISPLAY_TEXT 351 109 2 boy
793855017534 CHEETAH_SIGNAL SENT_AFTER_TIME 793854.985232
793854984778 DISPLAY_TEXT OFF
793855333609 CHEETAH_SIGNAL SENT_AFTER_TIME 793855.301319
793855300979 DISPLAY_TEXT 352 109 3 was
793855550983 CHEETAH_SIGNAL SENT_AFTER_TIME 793855.518664
793855518229 DISPLAY_TEXT OFF
793855867208 CHEETAH_SIGNAL SENT_AFTER_TIME 793855.834890
793855834457 DISPLAY_TEXT 353 109 4 pushed.
793856083674 CHEETAH_SIGNAL SENT_AFTER_TIME 793856.051413
793856050966 DISPLAY_TEXT OFF
793857100873 CHEETAH_SIGNAL SENT_AFTER_TIME 793857.068670
793857068241 DISPLAY_TEXT 354 110 1 The
793857318100 CHEETAH_SIGNAL SENT_AFTER_TIME 793857.285866
793857285514 DISPLAY_TEXT OFF
793857634402 CHEETAH_SIGNAL SENT_AFTER_TIME 793857.602093
793857601659 DISPLAY_TEXT 355 110 2 cake
793857851589 CHEETAH_SIGNAL SENT_AFTER_TIME 793857.819199
793857818756 DISPLAY_TEXT OFF
793858167528 CHEETAH_SIGNAL SENT_AFTER_TIME 793858.135368
793858134927 DISPLAY_TEXT 356 110 3 was
793858276306 KEY_PRESS l
793858385173 CHEETAH_SIGNAL SENT_AFTER_TIME 793858.352844
793858352401 DISPLAY_TEXT OFF
793858508294 KEY_PRESS l
793858701493 CHEETAH_SIGNAL SENT_AFTER_TIME 793858.669154
793858668775 DISPLAY_TEXT 357 110 4 overcooked.
793858918043 CHEETAH_SIGNAL SENT_AFTER_TIME 793858.885764
793858885412 DISPLAY_TEXT OFF
793859934259 CHEETAH_SIGNAL SENT_AFTER_TIME 793859.902034
793859901681 DISPLAY_TEXT 358 111 1 He
793860151752 CHEETAH_SIGNAL SENT_AFTER_TIME 793860.119370
793860118922 DISPLAY_TEXT OFF
793860468861 CHEETAH_SIGNAL SENT_AFTER_TIME 793860.436547
793860436112 DISPLAY_TEXT 359 111 2 jumped.
793860685292 CHEETAH_SIGNAL SENT_AFTER_TIME 793860.652966
793860652613 DISPLAY_TEXT OFF
793861701343 CHEETAH_SIGNAL SENT_AFTER_TIME 793861.669030
793861668682 DISPLAY_TEXT 360 112 1 Who
793861918170 CHEETAH_SIGNAL SENT_AFTER_TIME 793861.885872
793861885435 DISPLAY_TEXT OFF
793862235494 CHEETAH_SIGNAL SENT_AFTER_TIME 793862.203202
793862202767 DISPLAY_TEXT 361 112 2 appeared?
793862451981 CHEETAH_SIGNAL SENT_AFTER_TIME 793862.419633
793862419188 DISPLAY_TEXT OFF
793863469262 CHEETAH_SIGNAL SENT_AFTER_TIME 793863.436961
793863436516 DISPLAY_TEXT 362 113 1 What
793863685421 CHEETAH_SIGNAL SENT_AFTER_TIME 793863.653114
793863652661 DISPLAY_TEXT OFF
793864002606 CHEETAH_SIGNAL SENT_AFTER_TIME 793863.970366
793863969917 DISPLAY_TEXT 363 113 2 will
793864218819 CHEETAH_SIGNAL SENT_AFTER_TIME 793864.186491
793864186058 DISPLAY_TEXT OFF
793864536198 CHEETAH_SIGNAL SENT_AFTER_TIME 793864.503847
793864503398 DISPLAY_TEXT 364 113 3 the
793864752251 CHEETAH_SIGNAL SENT_AFTER_TIME 793864.719936
793864719476 DISPLAY_TEXT OFF
793865069483 CHEETAH_SIGNAL SENT_AFTER_TIME 793865.037202
793865036768 DISPLAY_TEXT 365 113 4 boy
793865285588 CHEETAH_SIGNAL SENT_AFTER_TIME 793865.253335
793865252899 DISPLAY_TEXT OFF
793865602907 CHEETAH_SIGNAL SENT_AFTER_TIME 793865.570583
793865570133 DISPLAY_TEXT 366 113 5 smell?
793865819472 CHEETAH_SIGNAL SENT_AFTER_TIME 793865.787292
793865786856 DISPLAY_TEXT OFF
793866835798 CHEETAH_SIGNAL SENT_AFTER_TIME 793866.803469
793866803036 DISPLAY_TEXT 367 114 1 She
793867052983 CHEETAH_SIGNAL SENT_AFTER_TIME 793867.020675
793867020241 DISPLAY_TEXT OFF
793867369022 CHEETAH_SIGNAL SENT_AFTER_TIME 793867.336739
793867336390 DISPLAY_TEXT 368 114 2 saw
793867586405 CHEETAH_SIGNAL SENT_AFTER_TIME 793867.554096
793867553658 DISPLAY_TEXT OFF
793867902547 CHEETAH_SIGNAL SENT_AFTER_TIME 793867.870253
793867869819 DISPLAY_TEXT 369 114 3 him
793868119838 CHEETAH_SIGNAL SENT_AFTER_TIME 793868.087569
793868087138 DISPLAY_TEXT OFF
793868436090 CHEETAH_SIGNAL SENT_AFTER_TIME 793868.403742
793868403298 DISPLAY_TEXT 370 114 4 coming.
793868652408 CHEETAH_SIGNAL SENT_AFTER_TIME 793868.620134
793868619779 DISPLAY_TEXT OFF
793869669193 CHEETAH_SIGNAL SENT_AFTER_TIME 793869.636989
793869636636 DISPLAY_TEXT 371 115 1 She
793869886573 CHEETAH_SIGNAL SENT_AFTER_TIME 793869.854338
793869853903 DISPLAY_TEXT OFF
793870202838 CHEETAH_SIGNAL SENT_AFTER_TIME 793870.170440
793870169995 DISPLAY_TEXT 372 115 2 discovered
793870420042 CHEETAH_SIGNAL SENT_AFTER_TIME 793870.387709
793870387261 DISPLAY_TEXT OFF
793870736113 CHEETAH_SIGNAL SENT_AFTER_TIME 793870.703865
793870703453 DISPLAY_TEXT 373 115 3 that
793870953417 CHEETAH_SIGNAL SENT_AFTER_TIME 793870.921098
793870920651 DISPLAY_TEXT OFF
793871269608 CHEETAH_SIGNAL SENT_AFTER_TIME 793871.237275
793871236828 DISPLAY_TEXT 374 115 4 they
793871486860 CHEETAH_SIGNAL SENT_AFTER_TIME 793871.454526
793871454091 DISPLAY_TEXT OFF
793871802886 CHEETAH_SIGNAL SENT_AFTER_TIME 793871.770652
793871770213 DISPLAY_TEXT 375 115 5 cough.
793872020711 CHEETAH_SIGNAL SENT_AFTER_TIME 793871.988395
793871987960 DISPLAY_TEXT OFF
793873036908 CHEETAH_SIGNAL SENT_AFTER_TIME 793873.004550
793873004196 DISPLAY_TEXT 376 116 1 Who
793873254051 CHEETAH_SIGNAL SENT_AFTER_TIME 793873.221799
793873221446 DISPLAY_TEXT OFF
793873570275 CHEETAH_SIGNAL SENT_AFTER_TIME 793873.538035
793873537601 DISPLAY_TEXT 377 116 2 vanished?
793873786761 CHEETAH_SIGNAL SENT_AFTER_TIME 793873.754444
793873754094 DISPLAY_TEXT OFF
793874804114 CHEETAH_SIGNAL SENT_AFTER_TIME 793874.771779
793874771331 DISPLAY_TEXT 378 117 1 The
793875020510 CHEETAH_SIGNAL SENT_AFTER_TIME 793874.988233
793874987786 DISPLAY_TEXT OFF
793875337095 CHEETAH_SIGNAL SENT_AFTER_TIME 793875.304923
793875304488 DISPLAY_TEXT 379 117 2 women
793875554465 CHEETAH_SIGNAL SENT_AFTER_TIME 793875.522157
793875521714 DISPLAY_TEXT OFF
793875870628 CHEETAH_SIGNAL SENT_AFTER_TIME 793875.838353
793875837910 DISPLAY_TEXT 380 117 3 hug
793876088009 CHEETAH_SIGNAL SENT_AFTER_TIME 793876.055669
793876055235 DISPLAY_TEXT OFF
793876404076 CHEETAH_SIGNAL SENT_AFTER_TIME 793876.371730
793876371377 DISPLAY_TEXT 381 117 4 the
793876621486 CHEETAH_SIGNAL SENT_AFTER_TIME 793876.589080
793876588645 DISPLAY_TEXT OFF
793876937545 CHEETAH_SIGNAL SENT_AFTER_TIME 793876.905232
793876904797 DISPLAY_TEXT 382 117 5 friend.
793877154035 CHEETAH_SIGNAL SENT_AFTER_TIME 793877.121776
793877121329 DISPLAY_TEXT OFF
793878171131 CHEETAH_SIGNAL SENT_AFTER_TIME 793878.138988
793878138636 DISPLAY_TEXT 383 118 1 The
793878387495 CHEETAH_SIGNAL SENT_AFTER_TIME 793878.355194
793878354761 DISPLAY_TEXT OFF
793878704277 CHEETAH_SIGNAL SENT_AFTER_TIME 793878.671992
793878671553 DISPLAY_TEXT 384 118 2 woman
793878921528 CHEETAH_SIGNAL SENT_AFTER_TIME 793878.889243
793878888808 DISPLAY_TEXT OFF
793879237755 CHEETAH_SIGNAL SENT_AFTER_TIME 793879.205404
793879204958 DISPLAY_TEXT 385 118 3 was
793879454919 CHEETAH_SIGNAL SENT_AFTER_TIME 793879.422618
793879422168 DISPLAY_TEXT OFF
793879770970 CHEETAH_SIGNAL SENT_AFTER_TIME 793879.738756
793879738322 DISPLAY_TEXT 386 118 4 pinched.
793879988682 CHEETAH_SIGNAL SENT_AFTER_TIME 793879.956381
793879955949 DISPLAY_TEXT OFF
793881004635 CHEETAH_SIGNAL SENT_AFTER_TIME 793880.972453
793880972104 DISPLAY_TEXT 387 119 1 She
793881222245 CHEETAH_SIGNAL SENT_AFTER_TIME 793881.189906
793881189464 DISPLAY_TEXT OFF
793881538597 CHEETAH_SIGNAL SENT_AFTER_TIME 793881.506246
793881505798 DISPLAY_TEXT 388 119 2 was
793881754538 CHEETAH_SIGNAL SENT_AFTER_TIME 793881.722260
793881721906 DISPLAY_TEXT OFF
793882071821 CHEETAH_SIGNAL SENT_AFTER_TIME 793882.039571
793882039166 DISPLAY_TEXT 389 119 3 kicked.
793882288529 CHEETAH_SIGNAL SENT_AFTER_TIME 793882.256192
793882255744 DISPLAY_TEXT OFF
793883305127 CHEETAH_SIGNAL SENT_AFTER_TIME 793883.272779
793883272334 DISPLAY_TEXT 390 120 1 They
793883522317 CHEETAH_SIGNAL SENT_AFTER_TIME 793883.490007
793883489571 DISPLAY_TEXT OFF
793883838518 CHEETAH_SIGNAL SENT_AFTER_TIME 793883.806151
793883805715 DISPLAY_TEXT 391 120 2 caught
793884055706 CHEETAH_SIGNAL SENT_AFTER_TIME 793884.023359
793884022912 DISPLAY_TEXT OFF
793884371886 CHEETAH_SIGNAL SENT_AFTER_TIME 793884.339549
793884339088 DISPLAY_TEXT 392 120 3 him
793884585811 CHEETAH_SIGNAL SENT_AFTER_TIME 793884.553993
793884553800 DISPLAY_TEXT OFF
793884905692 CHEETAH_SIGNAL SENT_AFTER_TIME 793884.873453
793884873019 DISPLAY_TEXT 393 120 4 stealing.
793885122460 CHEETAH_SIGNAL SENT_AFTER_TIME 793885.090057
793885089613 DISPLAY_TEXT OFF
793886139589 CHEETAH_SIGNAL SENT_AFTER_TIME 793886.107347
793886106911 DISPLAY_TEXT 394 121 1 What
793886355714 CHEETAH_SIGNAL SENT_AFTER_TIME 793886.323415
793886322968 DISPLAY_TEXT OFF
793886672417 CHEETAH_SIGNAL SENT_AFTER_TIME 793886.640165
793886639732 DISPLAY_TEXT 395 121 2 did
793886889492 CHEETAH_SIGNAL SENT_AFTER_TIME 793886.857244
793886856812 DISPLAY_TEXT OFF
793887205562 CHEETAH_SIGNAL SENT_AFTER_TIME 793887.173346
793887172907 DISPLAY_TEXT 396 121 3 the
793887422860 CHEETAH_SIGNAL SENT_AFTER_TIME 793887.390649
793887390204 DISPLAY_TEXT OFF
793887738995 CHEETAH_SIGNAL SENT_AFTER_TIME 793887.706745
793887706392 DISPLAY_TEXT 397 121 4 girls
793887956267 CHEETAH_SIGNAL SENT_AFTER_TIME 793887.924038
793887923602 DISPLAY_TEXT OFF
793888272505 CHEETAH_SIGNAL SENT_AFTER_TIME 793888.240209
793888239774 DISPLAY_TEXT 398 121 5 find?
793888489036 CHEETAH_SIGNAL SENT_AFTER_TIME 793888.456838
793888456407 DISPLAY_TEXT OFF
793889506449 CHEETAH_SIGNAL SENT_AFTER_TIME 793889.474141
793889473696 DISPLAY_TEXT 399 122 1 The
793889722698 CHEETAH_SIGNAL SENT_AFTER_TIME 793889.690466
793889690036 DISPLAY_TEXT OFF
793890040154 CHEETAH_SIGNAL SENT_AFTER_TIME 793890.007834
793890007386 DISPLAY_TEXT 400 122 2 girl
793890256076 CHEETAH_SIGNAL SENT_AFTER_TIME 793890.223852
793890223416 DISPLAY_TEXT OFF
793890573475 CHEETAH_SIGNAL SENT_AFTER_TIME 793890.541166
793890540732 DISPLAY_TEXT 401 122 3 crawls.
793890790071 CHEETAH_SIGNAL SENT_AFTER_TIME 793890.757705
793890757252 DISPLAY_TEXT OFF
793891806680 CHEETAH_SIGNAL SENT_AFTER_TIME 793891.774391
793891773956 DISPLAY_TEXT 402 123 1 Who
793892023487 CHEETAH_SIGNAL SENT_AFTER_TIME 793891.991222
793891990868 DISPLAY_TEXT OFF
793892339561 CHEETAH_SIGNAL SENT_AFTER_TIME 793892.307349
793892306915 DISPLAY_TEXT 403 123 2 will
793892556851 CHEETAH_SIGNAL SENT_AFTER_TIME 793892.524545
793892524109 DISPLAY_TEXT OFF
793892872938 CHEETAH_SIGNAL SENT_AFTER_TIME 793892.840770
793892840335 DISPLAY_TEXT 404 123 3 the
793893090506 CHEETAH_SIGNAL SENT_AFTER_TIME 793893.058080
793893057645 DISPLAY_TEXT OFF
793893406482 CHEETAH_SIGNAL SENT_AFTER_TIME 793893.374100
793893373749 DISPLAY_TEXT 405 123 4 boys
793893623802 CHEETAH_SIGNAL SENT_AFTER_TIME 793893.591466
793893591022 DISPLAY_TEXT OFF
793893939951 CHEETAH_SIGNAL SENT_AFTER_TIME 793893.907599
793893907247 DISPLAY_TEXT 406 123 5 kiss?
793894156518 CHEETAH_SIGNAL SENT_AFTER_TIME 793894.124216
793894123768 DISPLAY_TEXT OFF
793895173752 CHEETAH_SIGNAL SENT_AFTER_TIME 793895.141393
793895140934 DISPLAY_TEXT 407 124 1 Who
793895390520 CHEETAH_SIGNAL SENT_AFTER_TIME 793895.358110
793895357659 DISPLAY_TEXT OFF
793895707648 CHEETAH_SIGNAL SENT_AFTER_TIME 793895.675318
793895674869 DISPLAY_TEXT 408 124 2 disappeared?
793895924201 CHEETAH_SIGNAL SENT_AFTER_TIME 793895.891899
793895891460 DISPLAY_TEXT OFF
793896940500 CHEETAH_SIGNAL SENT_AFTER_TIME 793896.908112
793896907661 DISPLAY_TEXT 409 125 1 We
793897157706 CHEETAH_SIGNAL SENT_AFTER_TIME 793897.125358
793897124925 DISPLAY_TEXT OFF
793897473762 CHEETAH_SIGNAL SENT_AFTER_TIME 793897.441489
793897441056 DISPLAY_TEXT 410 125 2 believed
793897691073 CHEETAH_SIGNAL SENT_AFTER_TIME 793897.658739
793897658303 DISPLAY_TEXT OFF
793898008270 CHEETAH_SIGNAL SENT_AFTER_TIME 793897.975965
793897975517 DISPLAY_TEXT 411 125 3 that
793898224385 CHEETAH_SIGNAL SENT_AFTER_TIME 793898.192099
793898191660 DISPLAY_TEXT OFF
793898541770 CHEETAH_SIGNAL SENT_AFTER_TIME 793898.509423
793898508975 DISPLAY_TEXT 412 125 4 he
793898757747 CHEETAH_SIGNAL SENT_AFTER_TIME 793898.725491
793898725060 DISPLAY_TEXT OFF
793899075124 CHEETAH_SIGNAL SENT_AFTER_TIME 793899.042801
793899042341 DISPLAY_TEXT 413 125 5 cried.
793899291602 CHEETAH_SIGNAL SENT_AFTER_TIME 793899.259297
793899258860 DISPLAY_TEXT OFF
793900307738 CHEETAH_SIGNAL SENT_AFTER_TIME 793900.275383
793900274944 DISPLAY_TEXT 414 126 1 The
793900524954 CHEETAH_SIGNAL SENT_AFTER_TIME 793900.492631
793900492194 DISPLAY_TEXT OFF
793900841312 CHEETAH_SIGNAL SENT_AFTER_TIME 793900.808963
793900808527 DISPLAY_TEXT 415 126 2 host
793901058574 CHEETAH_SIGNAL SENT_AFTER_TIME 793901.026235
793901025788 DISPLAY_TEXT OFF
793901374722 CHEETAH_SIGNAL SENT_AFTER_TIME 793901.342382
793901341938 DISPLAY_TEXT 416 126 3 will
793901591901 CHEETAH_SIGNAL SENT_AFTER_TIME 793901.559655
793901559218 DISPLAY_TEXT OFF
793901908094 CHEETAH_SIGNAL SENT_AFTER_TIME 793901.875745
793901875299 DISPLAY_TEXT 417 126 4 eat.
793902124587 CHEETAH_SIGNAL SENT_AFTER_TIME 793902.092226
793902091789 DISPLAY_TEXT OFF
793902700296 KEY_PRESS l
793902948294 KEY_PRESS l
793903142338 CHEETAH_SIGNAL SENT_AFTER_TIME 793903.110032
793903109579 DISPLAY_TEXT 418 127 1 The
793903358344 CHEETAH_SIGNAL SENT_AFTER_TIME 793903.326133
793903325691 DISPLAY_TEXT OFF
793903675706 CHEETAH_SIGNAL SENT_AFTER_TIME 793903.643312
793903642877 DISPLAY_TEXT 419 127 2 woman
793903892514 CHEETAH_SIGNAL SENT_AFTER_TIME 793903.860050
793903859602 DISPLAY_TEXT OFF
793904208469 CHEETAH_SIGNAL SENT_AFTER_TIME 793904.176147
793904175698 DISPLAY_TEXT 420 127 3 will
793904425661 CHEETAH_SIGNAL SENT_AFTER_TIME 793904.393404
793904392968 DISPLAY_TEXT OFF
793904741812 CHEETAH_SIGNAL SENT_AFTER_TIME 793904.709549
793904709197 DISPLAY_TEXT 421 127 4 speak.
793904958311 CHEETAH_SIGNAL SENT_AFTER_TIME 793904.926097
793904925660 DISPLAY_TEXT OFF
793905975655 CHEETAH_SIGNAL SENT_AFTER_TIME 793905.943404
793905942959 DISPLAY_TEXT 422 128 1 Whom
793906191977 CHEETAH_SIGNAL SENT_AFTER_TIME 793906.159680
793906159232 DISPLAY_TEXT OFF
793906509033 CHEETAH_SIGNAL SENT_AFTER_TIME 793906.476789
793906476342 DISPLAY_TEXT 423 128 2 will
793906726308 CHEETAH_SIGNAL SENT_AFTER_TIME 793906.693974
793906693623 DISPLAY_TEXT OFF
793907042525 CHEETAH_SIGNAL SENT_AFTER_TIME 793907.010249
793907009817 DISPLAY_TEXT 424 128 3 the
793907258518 CHEETAH_SIGNAL SENT_AFTER_TIME 793907.226189
793907225778 DISPLAY_TEXT OFF
793907575562 CHEETAH_SIGNAL SENT_AFTER_TIME 793907.543343
793907542909 DISPLAY_TEXT 425 128 4 women
793907792930 CHEETAH_SIGNAL SENT_AFTER_TIME 793907.760626
793907760188 DISPLAY_TEXT OFF
793908108914 CHEETAH_SIGNAL SENT_AFTER_TIME 793908.076658
793908076220 DISPLAY_TEXT 426 128 5 hug?
793908326788 CHEETAH_SIGNAL SENT_AFTER_TIME 793908.294377
793908293930 DISPLAY_TEXT OFF
793909342850 CHEETAH_SIGNAL SENT_AFTER_TIME 793909.310509
793909310072 DISPLAY_TEXT 427 129 1 Who
793909560148 CHEETAH_SIGNAL SENT_AFTER_TIME 793909.527736
793909527288 DISPLAY_TEXT OFF
793909876331 CHEETAH_SIGNAL SENT_AFTER_TIME 793909.843925
793909843462 DISPLAY_TEXT 428 129 2 smiles?
793910092845 CHEETAH_SIGNAL SENT_AFTER_TIME 793910.060489
793910060030 DISPLAY_TEXT OFF
793911110099 CHEETAH_SIGNAL SENT_AFTER_TIME 793911.077857
793911077415 DISPLAY_TEXT 429 130 1 They
793911326749 CHEETAH_SIGNAL SENT_AFTER_TIME 793911.294416
793911293978 DISPLAY_TEXT OFF
793911642917 CHEETAH_SIGNAL SENT_AFTER_TIME 793911.610580
793911610135 DISPLAY_TEXT 430 130 2 coughed.
793911859525 CHEETAH_SIGNAL SENT_AFTER_TIME 793911.827166
793911826719 DISPLAY_TEXT OFF
793912876882 CHEETAH_SIGNAL SENT_AFTER_TIME 793912.844521
793912844088 DISPLAY_TEXT 431 131 1 Who
793913092898 CHEETAH_SIGNAL SENT_AFTER_TIME 793913.060593
793913060239 DISPLAY_TEXT OFF
793913410212 CHEETAH_SIGNAL SENT_AFTER_TIME 793913.377908
793913377462 DISPLAY_TEXT 432 131 2 cried?
793913626796 CHEETAH_SIGNAL SENT_AFTER_TIME 793913.594496
793913594062 DISPLAY_TEXT OFF
793914642964 CHEETAH_SIGNAL SENT_AFTER_TIME 793914.610824
793914610484 DISPLAY_TEXT 433 132 1 The
793914860494 CHEETAH_SIGNAL SENT_AFTER_TIME 793914.828188
793914827745 DISPLAY_TEXT OFF
793915176659 CHEETAH_SIGNAL SENT_AFTER_TIME 793915.144367
793915143935 DISPLAY_TEXT 434 132 2 boys
793915393896 CHEETAH_SIGNAL SENT_AFTER_TIME 793915.361610
793915361177 DISPLAY_TEXT OFF
793915710028 CHEETAH_SIGNAL SENT_AFTER_TIME 793915.677730
793915677378 DISPLAY_TEXT 435 132 3 kissed
793915927312 CHEETAH_SIGNAL SENT_AFTER_TIME 793915.895108
793915894675 DISPLAY_TEXT OFF
793916243382 CHEETAH_SIGNAL SENT_AFTER_TIME 793916.211313
793916211018 DISPLAY_TEXT 436 132 4 the
793916460878 CHEETAH_SIGNAL SENT_AFTER_TIME 793916.428697
793916428266 DISPLAY_TEXT OFF
793916776969 CHEETAH_SIGNAL SENT_AFTER_TIME 793916.744798
793916744423 DISPLAY_TEXT 437 132 5 clowns.
793916993544 CHEETAH_SIGNAL SENT_AFTER_TIME 793916.961318
793916960962 DISPLAY_TEXT OFF
793918011461 CHEETAH_SIGNAL SENT_AFTER_TIME 793917.979087
793917978654 DISPLAY_TEXT 438 133 1 Who
793918228082 CHEETAH_SIGNAL SENT_AFTER_TIME 793918.195853
793918195408 DISPLAY_TEXT OFF
793918544200 CHEETAH_SIGNAL SENT_AFTER_TIME 793918.511999
793918511564 DISPLAY_TEXT 439 133 2 found
793918761543 CHEETAH_SIGNAL SENT_AFTER_TIME 793918.729221
793918728773 DISPLAY_TEXT OFF
793919077724 CHEETAH_SIGNAL SENT_AFTER_TIME 793919.045412
793919044941 DISPLAY_TEXT 440 133 3 the
793919294821 CHEETAH_SIGNAL SENT_AFTER_TIME 793919.262547
793919262195 DISPLAY_TEXT OFF
793919610996 CHEETAH_SIGNAL SENT_AFTER_TIME 793919.578749
793919578306 DISPLAY_TEXT 441 133 4 bikes?
793919827737 CHEETAH_SIGNAL SENT_AFTER_TIME 793919.795354
793919794910 DISPLAY_TEXT OFF
793920845033 CHEETAH_SIGNAL SENT_AFTER_TIME 793920.812661
793920812212 DISPLAY_TEXT 442 134 1 Who
793921060947 CHEETAH_SIGNAL SENT_AFTER_TIME 793921.028664
793921028311 DISPLAY_TEXT OFF
793921378030 CHEETAH_SIGNAL SENT_AFTER_TIME 793921.346007
793921345571 DISPLAY_TEXT 443 134 2 crawled?
793921594876 CHEETAH_SIGNAL SENT_AFTER_TIME 793921.562557
793921562121 DISPLAY_TEXT OFF
793922612028 CHEETAH_SIGNAL SENT_AFTER_TIME 793922.579825
793922579367 DISPLAY_TEXT 444 135 1 The
793922828316 CHEETAH_SIGNAL SENT_AFTER_TIME 793922.795939
793922795497 DISPLAY_TEXT OFF
793923145466 CHEETAH_SIGNAL SENT_AFTER_TIME 793923.113112
793923112671 DISPLAY_TEXT 445 135 2 boy
793923362058 CHEETAH_SIGNAL SENT_AFTER_TIME 793923.329719
793923329269 DISPLAY_TEXT OFF
793923677972 CHEETAH_SIGNAL SENT_AFTER_TIME 793923.645767
793923645335 DISPLAY_TEXT 446 135 3 heard
793923895354 CHEETAH_SIGNAL SENT_AFTER_TIME 793923.863082
793923862648 DISPLAY_TEXT OFF
793924211472 CHEETAH_SIGNAL SENT_AFTER_TIME 793924.179179
793924178746 DISPLAY_TEXT 447 135 4 the
793924429074 CHEETAH_SIGNAL SENT_AFTER_TIME 793924.396727
793924396377 DISPLAY_TEXT OFF
793924745348 CHEETAH_SIGNAL SENT_AFTER_TIME 793924.713007
793924712564 DISPLAY_TEXT 448 135 5 men.
793924961844 CHEETAH_SIGNAL SENT_AFTER_TIME 793924.929465
793924929029 DISPLAY_TEXT OFF
793925979390 CHEETAH_SIGNAL SENT_AFTER_TIME 793925.947060
793925946630 DISPLAY_TEXT 449 136 1 Who
793926195520 CHEETAH_SIGNAL SENT_AFTER_TIME 793926.163208
793926162777 DISPLAY_TEXT OFF
793926512759 CHEETAH_SIGNAL SENT_AFTER_TIME 793926.480471
793926480037 DISPLAY_TEXT 450 136 2 kissed
793926728711 CHEETAH_SIGNAL SENT_AFTER_TIME 793926.696477
793926696034 DISPLAY_TEXT OFF
793927044889 CHEETAH_SIGNAL SENT_AFTER_TIME 793927.012614
793927012248 DISPLAY_TEXT 451 136 3 the
793927262136 CHEETAH_SIGNAL SENT_AFTER_TIME 793927.229922
793927229485 DISPLAY_TEXT OFF
793927579497 CHEETAH_SIGNAL SENT_AFTER_TIME 793927.547211
793927546777 DISPLAY_TEXT 452 136 4 clowns?
793927795930 CHEETAH_SIGNAL SENT_AFTER_TIME 793927.763738
793927763390 DISPLAY_TEXT OFF
793928812294 CHEETAH_SIGNAL SENT_AFTER_TIME 793928.779992
793928779561 DISPLAY_TEXT 453 137 1 The
793929029589 CHEETAH_SIGNAL SENT_AFTER_TIME 793928.997257
793928996813 DISPLAY_TEXT OFF
793929345816 CHEETAH_SIGNAL SENT_AFTER_TIME 793929.313452
793929313008 DISPLAY_TEXT 454 137 2 boys
793929562993 CHEETAH_SIGNAL SENT_AFTER_TIME 793929.530644
793929530225 DISPLAY_TEXT OFF
793929879253 CHEETAH_SIGNAL SENT_AFTER_TIME 793929.846914
793929846471 DISPLAY_TEXT 455 137 3 vanished.
793930095729 CHEETAH_SIGNAL SENT_AFTER_TIME 793930.063446
793930062996 DISPLAY_TEXT OFF
793931112790 CHEETAH_SIGNAL SENT_AFTER_TIME 793931.080657
793931080362 DISPLAY_TEXT 456 138 1 He
793931330467 CHEETAH_SIGNAL SENT_AFTER_TIME 793931.298055
793931297608 DISPLAY_TEXT OFF
793931646605 CHEETAH_SIGNAL SENT_AFTER_TIME 793931.614207
793931613762 DISPLAY_TEXT 457 138 2 shaved.
793931862961 CHEETAH_SIGNAL SENT_AFTER_TIME 793931.830660
793931830224 DISPLAY_TEXT OFF
793932880285 CHEETAH_SIGNAL SENT_AFTER_TIME 793932.847959
793932847511 DISPLAY_TEXT 458 139 1 He
793933096377 CHEETAH_SIGNAL SENT_AFTER_TIME 793933.064123
793933063677 DISPLAY_TEXT OFF
793933413209 CHEETAH_SIGNAL SENT_AFTER_TIME 793933.381116
793933380820 DISPLAY_TEXT 459 139 2 saw
793933629766 CHEETAH_SIGNAL SENT_AFTER_TIME 793933.597402
793933596970 DISPLAY_TEXT OFF
793933947093 CHEETAH_SIGNAL SENT_AFTER_TIME 793933.914700
793933914250 DISPLAY_TEXT 460 139 3 her
793934163105 CHEETAH_SIGNAL SENT_AFTER_TIME 793934.130795
793934130334 DISPLAY_TEXT OFF
793934480434 CHEETAH_SIGNAL SENT_AFTER_TIME 793934.448124
793934447676 DISPLAY_TEXT 461 139 4 winking.
793934696800 CHEETAH_SIGNAL SENT_AFTER_TIME 793934.664588
793934664237 DISPLAY_TEXT OFF
793935714214 CHEETAH_SIGNAL SENT_AFTER_TIME 793935.681954
793935681508 DISPLAY_TEXT 462 140 1 The
793935930539 CHEETAH_SIGNAL SENT_AFTER_TIME 793935.898087
793935897624 DISPLAY_TEXT OFF
793936247599 CHEETAH_SIGNAL SENT_AFTER_TIME 793936.215349
793936214914 DISPLAY_TEXT 463 140 2 actors
793936463676 CHEETAH_SIGNAL SENT_AFTER_TIME 793936.431464
793936431013 DISPLAY_TEXT OFF
793936780960 CHEETAH_SIGNAL SENT_AFTER_TIME 793936.748734
793936748301 DISPLAY_TEXT 464 140 3 were
793936997138 CHEETAH_SIGNAL SENT_AFTER_TIME 793936.964847
793936964408 DISPLAY_TEXT OFF
793937314499 CHEETAH_SIGNAL SENT_AFTER_TIME 793937.282113
793937281674 DISPLAY_TEXT 465 140 4 scorned.
793937530996 CHEETAH_SIGNAL SENT_AFTER_TIME 793937.498653
793937498217 DISPLAY_TEXT OFF
793938547082 CHEETAH_SIGNAL SENT_AFTER_TIME 793938.514835
793938514385 DISPLAY_TEXT 466 141 1 Who
793938764176 CHEETAH_SIGNAL SENT_AFTER_TIME 793938.731980
793938731630 DISPLAY_TEXT OFF
793939081611 CHEETAH_SIGNAL SENT_AFTER_TIME 793939.049319
793939048884 DISPLAY_TEXT 467 141 2 collapsed?
793939298142 CHEETAH_SIGNAL SENT_AFTER_TIME 793939.265826
793939265392 DISPLAY_TEXT OFF
793940314351 CHEETAH_SIGNAL SENT_AFTER_TIME 793940.281995
793940281560 DISPLAY_TEXT 468 142 1 He
793940531510 CHEETAH_SIGNAL SENT_AFTER_TIME 793940.499253
793940498822 DISPLAY_TEXT OFF
793940847785 CHEETAH_SIGNAL SENT_AFTER_TIME 793940.815416
793940814982 DISPLAY_TEXT 469 142 2 undressed.
793941065267 CHEETAH_SIGNAL SENT_AFTER_TIME 793941.032901
793941032453 DISPLAY_TEXT OFF
793942081426 CHEETAH_SIGNAL SENT_AFTER_TIME 793942.049105
793942048754 DISPLAY_TEXT 470 143 1 He
793942298749 CHEETAH_SIGNAL SENT_AFTER_TIME 793942.266438
793942266001 DISPLAY_TEXT OFF
793942614875 CHEETAH_SIGNAL SENT_AFTER_TIME 793942.582513
793942582077 DISPLAY_TEXT 471 143 2 was
793942832098 CHEETAH_SIGNAL SENT_AFTER_TIME 793942.799837
793942799402 DISPLAY_TEXT OFF
793943148312 CHEETAH_SIGNAL SENT_AFTER_TIME 793943.115979
793943115550 DISPLAY_TEXT 472 143 3 kissed.
793943364890 CHEETAH_SIGNAL SENT_AFTER_TIME 793943.332517
793943332069 DISPLAY_TEXT OFF
793944382162 CHEETAH_SIGNAL SENT_AFTER_TIME 793944.349789
793944349344 DISPLAY_TEXT 473 144 1 The
793944598007 CHEETAH_SIGNAL SENT_AFTER_TIME 793944.565895
793944565458 DISPLAY_TEXT OFF
793944915537 CHEETAH_SIGNAL SENT_AFTER_TIME 793944.883113
793944882675 DISPLAY_TEXT 474 144 2 girls
793945131621 CHEETAH_SIGNAL SENT_AFTER_TIME 793945.099268
793945098821 DISPLAY_TEXT OFF
793945448808 CHEETAH_SIGNAL SENT_AFTER_TIME 793945.416517
793945416164 DISPLAY_TEXT 475 144 3 arrive.
793945665325 CHEETAH_SIGNAL SENT_AFTER_TIME 793945.633099
793945632660 DISPLAY_TEXT OFF
793946682689 CHEETAH_SIGNAL SENT_AFTER_TIME 793946.650419
793946649986 DISPLAY_TEXT 476 145 1 He
793946898722 CHEETAH_SIGNAL SENT_AFTER_TIME 793946.866417
793946865968 DISPLAY_TEXT OFF
793947216017 CHEETAH_SIGNAL SENT_AFTER_TIME 793947.183658
793947183207 DISPLAY_TEXT 477 145 2 smelled
793947432066 CHEETAH_SIGNAL SENT_AFTER_TIME 793947.399745
793947399307 DISPLAY_TEXT OFF
793947749455 CHEETAH_SIGNAL SENT_AFTER_TIME 793947.717036
793947716589 DISPLAY_TEXT 478 145 3 the
793947965514 CHEETAH_SIGNAL SENT_AFTER_TIME 793947.933144
793947932697 DISPLAY_TEXT OFF
793948282757 CHEETAH_SIGNAL SENT_AFTER_TIME 793948.250400
793948249955 DISPLAY_TEXT 479 145 4 flowers.
793948499219 CHEETAH_SIGNAL SENT_AFTER_TIME 793948.466938
793948466502 DISPLAY_TEXT OFF
793949516471 CHEETAH_SIGNAL SENT_AFTER_TIME 793949.484187
793949483739 DISPLAY_TEXT 480 146 1 He
793949732580 CHEETAH_SIGNAL SENT_AFTER_TIME 793949.700280
793949699928 DISPLAY_TEXT OFF
793950049326 CHEETAH_SIGNAL SENT_AFTER_TIME 793950.017103
793950016655 DISPLAY_TEXT 481 146 2 said
793950266690 CHEETAH_SIGNAL SENT_AFTER_TIME 793950.234302
793950233858 DISPLAY_TEXT OFF
793950582741 CHEETAH_SIGNAL SENT_AFTER_TIME 793950.550464
793950550023 DISPLAY_TEXT 482 146 3 that
793950799655 CHEETAH_SIGNAL SENT_AFTER_TIME 793950.767338
793950766894 DISPLAY_TEXT OFF
793951116973 CHEETAH_SIGNAL SENT_AFTER_TIME 793951.084586
793951084134 DISPLAY_TEXT 483 146 4 she
793951333273 CHEETAH_SIGNAL SENT_AFTER_TIME 793951.300918
793951300564 DISPLAY_TEXT OFF
793951649512 CHEETAH_SIGNAL SENT_AFTER_TIME 793951.617166
793951616736 DISPLAY_TEXT 484 146 5 smiled.
793951866045 CHEETAH_SIGNAL SENT_AFTER_TIME 793951.833802
793951833354 DISPLAY_TEXT OFF
793952883480 CHEETAH_SIGNAL SENT_AFTER_TIME 793952.851094
793952850660 DISPLAY_TEXT 485 147 1 The
793953099492 CHEETAH_SIGNAL SENT_AFTER_TIME 793953.067254
793953066797 DISPLAY_TEXT OFF
793953416781 CHEETAH_SIGNAL SENT_AFTER_TIME 793953.384440
793953384001 DISPLAY_TEXT 486 147 2 boys
793953632936 CHEETAH_SIGNAL SENT_AFTER_TIME 793953.600539
793953600106 DISPLAY_TEXT OFF
793953950183 CHEETAH_SIGNAL SENT_AFTER_TIME 793953.917877
793953917525 DISPLAY_TEXT 487 147 3 tickle
793954166368 CHEETAH_SIGNAL SENT_AFTER_TIME 793954.134086
793954133646 DISPLAY_TEXT OFF
793954483659 CHEETAH_SIGNAL SENT_AFTER_TIME 793954.451351
793954450917 DISPLAY_TEXT 488 147 4 the
793954699781 CHEETAH_SIGNAL SENT_AFTER_TIME 793954.667476
793954667041 DISPLAY_TEXT OFF
793955016985 CHEETAH_SIGNAL SENT_AFTER_TIME 793954.984705
793954984258 DISPLAY_TEXT 489 147 5 girl.
793955233532 CHEETAH_SIGNAL SENT_AFTER_TIME 793955.201177
793955200742 DISPLAY_TEXT OFF
793956250883 CHEETAH_SIGNAL SENT_AFTER_TIME 793956.218568
793956218133 DISPLAY_TEXT 490 148 1 The
793956466935 CHEETAH_SIGNAL SENT_AFTER_TIME 793956.434666
793956434232 DISPLAY_TEXT OFF
793956784158 CHEETAH_SIGNAL SENT_AFTER_TIME 793956.751941
793956751511 DISPLAY_TEXT 491 148 2 grandpa
793957000470 CHEETAH_SIGNAL SENT_AFTER_TIME 793956.968082
793956967649 DISPLAY_TEXT OFF
793957317592 CHEETAH_SIGNAL SENT_AFTER_TIME 793957.285292
793957284858 DISPLAY_TEXT 492 148 3 ate
793957533556 CHEETAH_SIGNAL SENT_AFTER_TIME 793957.501354
793957500992 DISPLAY_TEXT OFF
793957851047 CHEETAH_SIGNAL SENT_AFTER_TIME 793957.818716
793957818276 DISPLAY_TEXT 493 148 4 the
793958067097 CHEETAH_SIGNAL SENT_AFTER_TIME 793958.034796
793958034346 DISPLAY_TEXT OFF
793958384456 CHEETAH_SIGNAL SENT_AFTER_TIME 793958.352072
793958351626 DISPLAY_TEXT 494 148 5 meal.
793958600867 CHEETAH_SIGNAL SENT_AFTER_TIME 793958.568676
793958568241 DISPLAY_TEXT OFF
793959618202 CHEETAH_SIGNAL SENT_AFTER_TIME 793959.585924
793959585484 DISPLAY_TEXT 495 149 1 The
793959834294 CHEETAH_SIGNAL SENT_AFTER_TIME 793959.802024
793959801670 DISPLAY_TEXT OFF
793960151603 CHEETAH_SIGNAL SENT_AFTER_TIME 793960.119369
793960118937 DISPLAY_TEXT 496 149 2 girl
793960367789 CHEETAH_SIGNAL SENT_AFTER_TIME 793960.335520
793960335085 DISPLAY_TEXT OFF
793960685101 CHEETAH_SIGNAL SENT_AFTER_TIME 793960.652803
793960652369 DISPLAY_TEXT 497 149 3 cries.
793960901178 CHEETAH_SIGNAL SENT_AFTER_TIME 793960.868840
793960868392 DISPLAY_TEXT OFF
793961918303 CHEETAH_SIGNAL SENT_AFTER_TIME 793961.886069
793961885632 DISPLAY_TEXT 498 150 1 What
793962134394 CHEETAH_SIGNAL SENT_AFTER_TIME 793962.102180
793962101746 DISPLAY_TEXT OFF
793962451767 CHEETAH_SIGNAL SENT_AFTER_TIME 793962.419433
793962419077 DISPLAY_TEXT 499 150 2 did
793962667938 CHEETAH_SIGNAL SENT_AFTER_TIME 793962.635613
793962635165 DISPLAY_TEXT OFF
793962985144 CHEETAH_SIGNAL SENT_AFTER_TIME 793962.952872
793962952439 DISPLAY_TEXT 500 150 3 the
793963201282 CHEETAH_SIGNAL SENT_AFTER_TIME 793963.168958
793963168610 DISPLAY_TEXT OFF
793963518638 CHEETAH_SIGNAL SENT_AFTER_TIME 793963.486279
793963485831 DISPLAY_TEXT 501 150 4 boy
793963734751 CHEETAH_SIGNAL SENT_AFTER_TIME 793963.702397
793963701962 DISPLAY_TEXT OFF
793964052067 CHEETAH_SIGNAL SENT_AFTER_TIME 793964.019679
793964019227 DISPLAY_TEXT 502 150 5 smell?
793964268455 CHEETAH_SIGNAL SENT_AFTER_TIME 793964.236135
793964235702 DISPLAY_TEXT OFF
793965285636 CHEETAH_SIGNAL SENT_AFTER_TIME 793965.253430
793965252998 DISPLAY_TEXT 503 151 1 He
793965501892 CHEETAH_SIGNAL SENT_AFTER_TIME 793965.469574
793965469129 DISPLAY_TEXT OFF
793965818873 CHEETAH_SIGNAL SENT_AFTER_TIME 793965.786591
793965786145 DISPLAY_TEXT 504 151 2 heard
793966034930 CHEETAH_SIGNAL SENT_AFTER_TIME 793966.002636
793966002284 DISPLAY_TEXT OFF
793966352286 CHEETAH_SIGNAL SENT_AFTER_TIME 793966.320031
793966319595 DISPLAY_TEXT 505 151 3 her
793966568548 CHEETAH_SIGNAL SENT_AFTER_TIME 793966.536147
793966535701 DISPLAY_TEXT OFF
793966885679 CHEETAH_SIGNAL SENT_AFTER_TIME 793966.853412
793966852963 DISPLAY_TEXT 506 151 4 play.
793967102237 CHEETAH_SIGNAL SENT_AFTER_TIME 793967.069950
793967069516 DISPLAY_TEXT OFF
793968119581 CHEETAH_SIGNAL SENT_AFTER_TIME 793968.087211
793968086764 DISPLAY_TEXT 507 152 1 She
793968335780 CHEETAH_SIGNAL SENT_AFTER_TIME 793968.303400
793968302955 DISPLAY_TEXT OFF
793968653062 CHEETAH_SIGNAL SENT_AFTER_TIME 793968.620675
793968620232 DISPLAY_TEXT 508 152 2 dressed.
793968868836 CHEETAH_SIGNAL SENT_AFTER_TIME 793968.836674
793968836321 DISPLAY_TEXT OFF
