793479.720606 CHEETAH_SIGNAL SENT_AFTER_TIME 793479.659730
793482.539952 CHEETAH_SIGNAL SENT_AFTER_TIME 793482.506265
793482.658931 CHEETAH_SIGNAL SENT_AFTER_TIME 793482.624066
793482.623552 DISPLAY_INSTRUCTIONS Stimuli/instructions_sentences.png
793587.060355 KEY_PRESS space
793587.093393 CHEETAH_SIGNAL SENT_AFTER_TIME 793587.060634
793587.190478 CHEETAH_SIGNAL SENT_AFTER_TIME 793587.157348
793587.156955 DISPLAY_INSTRUCTIONS OFF
793587.237296 CHEETAH_SIGNAL SENT_AFTER_TIME 793587.204083
793587.270538 CHEETAH_SIGNAL SENT_AFTER_TIME 793587.237638
793587.471881 CHEETAH_SIGNAL SENT_AFTER_TIME 793587.439830
793587.439512 DISPLAY_FIXATION
793587.052161 KEY_PRESS space
793587.132171 KEY_PRESS space
793592.490626 CHEETAH_SIGNAL SENT_AFTER_TIME 793592.458465
793592.458022 DISPLAY_TEXT 1 1 1 He
793592.708443 CHEETAH_SIGNAL SENT_AFTER_TIME 793592.676204
793592.675742 DISPLAY_TEXT OFF
793593.024481 CHEETAH_SIGNAL SENT_AFTER_TIME 793592.992331
793592.991896 DISPLAY_TEXT 2 1 2 smiles.
793593.240967 CHEETAH_SIGNAL SENT_AFTER_TIME 793593.208840
793593.208406 DISPLAY_TEXT OFF
793594.258179 CHEETAH_SIGNAL SENT_AFTER_TIME 793594.226036
793594.225592 DISPLAY_TEXT 3 2 1 Who
793594.475296 CHEETAH_SIGNAL SENT_AFTER_TIME 793594.443189
793594.442837 DISPLAY_TEXT OFF
793594.791593 CHEETAH_SIGNAL SENT_AFTER_TIME 793594.759481
793594.759044 DISPLAY_TEXT 4 2 2 hugs
793595.007692 CHEETAH_SIGNAL SENT_AFTER_TIME 793594.975569
793594.975133 DISPLAY_TEXT OFF
793595.324950 CHEETAH_SIGNAL SENT_AFTER_TIME 793595.292778
793595.292428 DISPLAY_TEXT 5 2 3 the
793595.541252 CHEETAH_SIGNAL SENT_AFTER_TIME 793595.509009
793595.508576 DISPLAY_TEXT OFF
793595.858321 CHEETAH_SIGNAL SENT_AFTER_TIME 793595.826214
793595.825781 DISPLAY_TEXT 6 2 4 friend?
793596.074962 CHEETAH_SIGNAL SENT_AFTER_TIME 793596.042745
793596.042299 DISPLAY_TEXT OFF
793597.092211 CHEETAH_SIGNAL SENT_AFTER_TIME 793597.059980
793597.059533 DISPLAY_TEXT 7 3 1 They
793597.308150 CHEETAH_SIGNAL SENT_AFTER_TIME 793597.276030
793597.275594 DISPLAY_TEXT OFF
793597.625514 CHEETAH_SIGNAL SENT_AFTER_TIME 793597.593325
793597.592880 DISPLAY_TEXT 8 3 2 ate
793597.841540 CHEETAH_SIGNAL SENT_AFTER_TIME 793597.809430
793597.808993 DISPLAY_TEXT OFF
793598.158644 CHEETAH_SIGNAL SENT_AFTER_TIME 793598.126668
793598.126231 DISPLAY_TEXT 9 3 3 the
793598.374983 CHEETAH_SIGNAL SENT_AFTER_TIME 793598.342800
793598.342364 DISPLAY_TEXT OFF
793598.692263 CHEETAH_SIGNAL SENT_AFTER_TIME 793598.660113
793598.659680 DISPLAY_TEXT 10 3 4 grapes
793598.908259 CHEETAH_SIGNAL SENT_AFTER_TIME 793598.876155
793598.875800 DISPLAY_TEXT OFF
793599.225676 CHEETAH_SIGNAL SENT_AFTER_TIME 793599.193520
793599.193074 DISPLAY_TEXT 11 3 5 together.
793599.442239 CHEETAH_SIGNAL SENT_AFTER_TIME 793599.410010
793599.409562 DISPLAY_TEXT OFF
793600.459083 CHEETAH_SIGNAL SENT_AFTER_TIME 793600.427224
793600.426771 DISPLAY_TEXT 12 4 1 He
793600.675669 CHEETAH_SIGNAL SENT_AFTER_TIME 793600.643357
793600.642897 DISPLAY_TEXT OFF
793600.992811 CHEETAH_SIGNAL SENT_AFTER_TIME 793600.960617
793600.960180 DISPLAY_TEXT 13 4 2 showered.
793601.209334 CHEETAH_SIGNAL SENT_AFTER_TIME 793601.177225
793601.176783 DISPLAY_TEXT OFF
793601.484301 KEY_PRESS l
793601.668294 KEY_PRESS l
793602.226182 CHEETAH_SIGNAL SENT_AFTER_TIME 793602.193980
793602.193538 DISPLAY_TEXT 14 5 1 We
793602.442333 CHEETAH_SIGNAL SENT_AFTER_TIME 793602.410125
793602.409691 DISPLAY_TEXT OFF
793602.759469 CHEETAH_SIGNAL SENT_AFTER_TIME 793602.727346
793602.726910 DISPLAY_TEXT 15 5 2 guessed
793602.975778 CHEETAH_SIGNAL SENT_AFTER_TIME 793602.943512
793602.943062 DISPLAY_TEXT OFF
793603.292915 CHEETAH_SIGNAL SENT_AFTER_TIME 793603.260770
793603.260324 DISPLAY_TEXT 16 5 3 that
793603.508913 CHEETAH_SIGNAL SENT_AFTER_TIME 793603.476781
793603.476428 DISPLAY_TEXT OFF
793603.826224 CHEETAH_SIGNAL SENT_AFTER_TIME 793603.794127
793603.793696 DISPLAY_TEXT 17 5 4 they
793604.043823 CHEETAH_SIGNAL SENT_AFTER_TIME 793604.011607
793604.011172 DISPLAY_TEXT OFF
793604.359867 CHEETAH_SIGNAL SENT_AFTER_TIME 793604.327698
793604.327265 DISPLAY_TEXT 18 5 5 wink.
793604.576328 CHEETAH_SIGNAL SENT_AFTER_TIME 793604.544150
793604.543703 DISPLAY_TEXT OFF
793605.593638 CHEETAH_SIGNAL SENT_AFTER_TIME 793605.561448
793605.561004 DISPLAY_TEXT 19 6 1 Whom
793605.810007 CHEETAH_SIGNAL SENT_AFTER_TIME 793605.777804
793605.777370 DISPLAY_TEXT OFF
793606.127235 CHEETAH_SIGNAL SENT_AFTER_TIME 793606.095105
793606.094672 DISPLAY_TEXT 20 6 2 did
793606.343524 CHEETAH_SIGNAL SENT_AFTER_TIME 793606.311221
793606.310774 DISPLAY_TEXT OFF
793606.660502 CHEETAH_SIGNAL SENT_AFTER_TIME 793606.628436
793606.628002 DISPLAY_TEXT 21 6 3 the
793606.876761 CHEETAH_SIGNAL SENT_AFTER_TIME 793606.844541
793606.844188 DISPLAY_TEXT OFF
793607.194192 CHEETAH_SIGNAL SENT_AFTER_TIME 793607.161918
793607.161474 DISPLAY_TEXT 22 6 4 boy
793607.410229 CHEETAH_SIGNAL SENT_AFTER_TIME 793607.377959
793607.377610 DISPLAY_TEXT OFF
793607.727539 CHEETAH_SIGNAL SENT_AFTER_TIME 793607.695330
793607.694895 DISPLAY_TEXT 23 6 5 hear?
793607.944077 CHEETAH_SIGNAL SENT_AFTER_TIME 793607.911942
793607.911510 DISPLAY_TEXT OFF
793608.960081 CHEETAH_SIGNAL SENT_AFTER_TIME 793608.927972
793608.927538 DISPLAY_TEXT 24 7 1 He
793609.177440 CHEETAH_SIGNAL SENT_AFTER_TIME 793609.145227
793609.144875 DISPLAY_TEXT OFF
793609.493666 CHEETAH_SIGNAL SENT_AFTER_TIME 793609.461449
793609.461017 DISPLAY_TEXT 25 7 2 arrived.
793609.710158 CHEETAH_SIGNAL SENT_AFTER_TIME 793609.677916
793609.677470 DISPLAY_TEXT OFF
793610.727518 CHEETAH_SIGNAL SENT_AFTER_TIME 793610.695200
793610.694771 DISPLAY_TEXT 26 8 1 He
793610.944691 CHEETAH_SIGNAL SENT_AFTER_TIME 793610.912484
793610.912049 DISPLAY_TEXT OFF
793611.260818 CHEETAH_SIGNAL SENT_AFTER_TIME 793611.228647
793611.228212 DISPLAY_TEXT 27 8 2 will
793611.477073 CHEETAH_SIGNAL SENT_AFTER_TIME 793611.444853
793611.444417 DISPLAY_TEXT OFF
793611.794498 CHEETAH_SIGNAL SENT_AFTER_TIME 793611.762178
793611.761732 DISPLAY_TEXT 28 8 3 sneeze.
793612.010827 CHEETAH_SIGNAL SENT_AFTER_TIME 793611.978637
793611.978192 DISPLAY_TEXT OFF
793613.028070 CHEETAH_SIGNAL SENT_AFTER_TIME 793612.995863
793612.995512 DISPLAY_TEXT 29 9 1 They
793613.244258 CHEETAH_SIGNAL SENT_AFTER_TIME 793613.212042
793613.211693 DISPLAY_TEXT OFF
793613.561494 CHEETAH_SIGNAL SENT_AFTER_TIME 793613.529389
793613.528936 DISPLAY_TEXT 30 9 2 will
793613.777736 CHEETAH_SIGNAL SENT_AFTER_TIME 793613.745507
793613.745060 DISPLAY_TEXT OFF
793614.095081 CHEETAH_SIGNAL SENT_AFTER_TIME 793614.062791
793614.062346 DISPLAY_TEXT 31 9 3 drink.
793614.311565 CHEETAH_SIGNAL SENT_AFTER_TIME 793614.279361
793614.278911 DISPLAY_TEXT OFF
793614.788306 KEY_PRESS l
793615.028297 KEY_PRESS l
793615.328340 CHEETAH_SIGNAL SENT_AFTER_TIME 793615.296086
793615.295656 DISPLAY_TEXT 32 10 1 They
793615.544510 CHEETAH_SIGNAL SENT_AFTER_TIME 793615.512248
793615.511802 DISPLAY_TEXT OFF
793615.861409 CHEETAH_SIGNAL SENT_AFTER_TIME 793615.829056
793615.828606 DISPLAY_TEXT 33 10 2 wink.
793616.078944 CHEETAH_SIGNAL SENT_AFTER_TIME 793616.046705
793616.046256 DISPLAY_TEXT OFF
793617.095068 CHEETAH_SIGNAL SENT_AFTER_TIME 793617.062877
793617.062442 DISPLAY_TEXT 34 11 1 He
793617.312471 CHEETAH_SIGNAL SENT_AFTER_TIME 793617.280247
793617.279812 DISPLAY_TEXT OFF
793617.628681 CHEETAH_SIGNAL SENT_AFTER_TIME 793617.596433
793617.596001 DISPLAY_TEXT 35 11 2 will
793617.844725 CHEETAH_SIGNAL SENT_AFTER_TIME 793617.812593
793617.812157 DISPLAY_TEXT OFF
793618.161925 CHEETAH_SIGNAL SENT_AFTER_TIME 793618.129783
793618.129432 DISPLAY_TEXT 36 11 3 drive.
793618.378562 CHEETAH_SIGNAL SENT_AFTER_TIME 793618.346491
793618.346055 DISPLAY_TEXT OFF
793619.396000 CHEETAH_SIGNAL SENT_AFTER_TIME 793619.363801
793619.363359 DISPLAY_TEXT 37 12 1 Who
793619.612815 CHEETAH_SIGNAL SENT_AFTER_TIME 793619.580561
793619.580115 DISPLAY_TEXT OFF
793619.929129 CHEETAH_SIGNAL SENT_AFTER_TIME 793619.896962
793619.896608 DISPLAY_TEXT 38 12 2 jumped?
793620.144532 CHEETAH_SIGNAL SENT_AFTER_TIME 793620.112350
793620.111980 DISPLAY_TEXT OFF
793621.162864 CHEETAH_SIGNAL SENT_AFTER_TIME 793621.130680
793621.130244 DISPLAY_TEXT 39 13 1 She
793621.378995 CHEETAH_SIGNAL SENT_AFTER_TIME 793621.346836
793621.346388 DISPLAY_TEXT OFF
793621.696392 CHEETAH_SIGNAL SENT_AFTER_TIME 793621.664112
793621.663666 DISPLAY_TEXT 40 13 2 sliced
793621.912448 CHEETAH_SIGNAL SENT_AFTER_TIME 793621.880236
793621.879799 DISPLAY_TEXT OFF
793622.229864 CHEETAH_SIGNAL SENT_AFTER_TIME 793622.197562
793622.197130 DISPLAY_TEXT 41 13 3 the
793622.446606 CHEETAH_SIGNAL SENT_AFTER_TIME 793622.414277
793622.413845 DISPLAY_TEXT OFF
793622.762465 CHEETAH_SIGNAL SENT_AFTER_TIME 793622.730347
793622.729915 DISPLAY_TEXT 42 13 4 mushrooms.
793622.979085 CHEETAH_SIGNAL SENT_AFTER_TIME 793622.946989
793622.946550 DISPLAY_TEXT OFF
793623.996510 CHEETAH_SIGNAL SENT_AFTER_TIME 793623.964250
793623.963900 DISPLAY_TEXT 43 14 1 The
793624.212583 CHEETAH_SIGNAL SENT_AFTER_TIME 793624.180442
793624.180005 DISPLAY_TEXT OFF
793624.529924 CHEETAH_SIGNAL SENT_AFTER_TIME 793624.497754
793624.497320 DISPLAY_TEXT 44 14 2 boy
793624.746160 CHEETAH_SIGNAL SENT_AFTER_TIME 793624.713945
793624.713495 DISPLAY_TEXT OFF
793625.063425 CHEETAH_SIGNAL SENT_AFTER_TIME 793625.031177
793625.030742 DISPLAY_TEXT 45 14 3 remains.
793625.280143 CHEETAH_SIGNAL SENT_AFTER_TIME 793625.247879
793625.247443 DISPLAY_TEXT OFF
793626.296269 CHEETAH_SIGNAL SENT_AFTER_TIME 793626.264069
793626.263633 DISPLAY_TEXT 46 15 1 He
793626.513515 CHEETAH_SIGNAL SENT_AFTER_TIME 793626.481302
793626.480866 DISPLAY_TEXT OFF
793626.829688 CHEETAH_SIGNAL SENT_AFTER_TIME 793626.797500
793626.797051 DISPLAY_TEXT 47 15 2 remains.
793627.047419 CHEETAH_SIGNAL SENT_AFTER_TIME 793627.015145
793627.014701 DISPLAY_TEXT OFF
793628.064209 CHEETAH_SIGNAL SENT_AFTER_TIME 793628.031961
793628.031512 DISPLAY_TEXT 48 16 1 What
793628.280458 CHEETAH_SIGNAL SENT_AFTER_TIME 793628.248159
793628.247715 DISPLAY_TEXT OFF
793628.596547 CHEETAH_SIGNAL SENT_AFTER_TIME 793628.564334
793628.563889 DISPLAY_TEXT 49 16 2 will
793628.813618 CHEETAH_SIGNAL SENT_AFTER_TIME 793628.781440
793628.781001 DISPLAY_TEXT OFF
793629.130830 CHEETAH_SIGNAL SENT_AFTER_TIME 793629.098684
793629.098331 DISPLAY_TEXT 50 16 3 the
793629.347195 CHEETAH_SIGNAL SENT_AFTER_TIME 793629.314943
793629.314510 DISPLAY_TEXT OFF
793629.664499 CHEETAH_SIGNAL SENT_AFTER_TIME 793629.632207
793629.631772 DISPLAY_TEXT 51 16 4 girls
793629.880483 CHEETAH_SIGNAL SENT_AFTER_TIME 793629.848335
793629.847901 DISPLAY_TEXT OFF
793630.197797 CHEETAH_SIGNAL SENT_AFTER_TIME 793630.165615
793630.165172 DISPLAY_TEXT 52 16 5 find?
793630.414389 CHEETAH_SIGNAL SENT_AFTER_TIME 793630.382195
793630.381774 DISPLAY_TEXT OFF
793631.430634 CHEETAH_SIGNAL SENT_AFTER_TIME 793631.398436
793631.398086 DISPLAY_TEXT 53 17 1 He
793631.647841 CHEETAH_SIGNAL SENT_AFTER_TIME 793631.615717
793631.615283 DISPLAY_TEXT OFF
793631.963967 CHEETAH_SIGNAL SENT_AFTER_TIME 793631.931858
793631.931424 DISPLAY_TEXT 54 17 2 was
793632.181346 CHEETAH_SIGNAL SENT_AFTER_TIME 793632.149120
793632.148685 DISPLAY_TEXT OFF
793632.497368 CHEETAH_SIGNAL SENT_AFTER_TIME 793632.465145
793632.464791 DISPLAY_TEXT 55 17 3 hugged.
793632.713855 CHEETAH_SIGNAL SENT_AFTER_TIME 793632.681650
793632.681215 DISPLAY_TEXT OFF
793633.730939 CHEETAH_SIGNAL SENT_AFTER_TIME 793633.698813
793633.698379 DISPLAY_TEXT 56 18 1 The
793633.947910 CHEETAH_SIGNAL SENT_AFTER_TIME 793633.915625
793633.915177 DISPLAY_TEXT OFF
793634.265149 CHEETAH_SIGNAL SENT_AFTER_TIME 793634.232908
793634.232477 DISPLAY_TEXT 57 18 2 chef
793634.481420 CHEETAH_SIGNAL SENT_AFTER_TIME 793634.449139
793634.448702 DISPLAY_TEXT OFF
793634.798752 CHEETAH_SIGNAL SENT_AFTER_TIME 793634.766480
793634.766032 DISPLAY_TEXT 58 18 3 served
793635.014770 CHEETAH_SIGNAL SENT_AFTER_TIME 793634.982525
793634.982077 DISPLAY_TEXT OFF
793635.332036 CHEETAH_SIGNAL SENT_AFTER_TIME 793635.299853
793635.299395 DISPLAY_TEXT 59 18 4 the
793635.548279 CHEETAH_SIGNAL SENT_AFTER_TIME 793635.515999
793635.515551 DISPLAY_TEXT OFF
793635.865583 CHEETAH_SIGNAL SENT_AFTER_TIME 793635.833230
793635.832788 DISPLAY_TEXT 60 18 5 cake.
793636.081823 CHEETAH_SIGNAL SENT_AFTER_TIME 793636.049601
793636.049250 DISPLAY_TEXT OFF
793636.388302 KEY_PRESS l
793636.556293 KEY_PRESS l
793637.099026 CHEETAH_SIGNAL SENT_AFTER_TIME 793637.066928
793637.066486 DISPLAY_TEXT 61 19 1 Who
793637.315156 CHEETAH_SIGNAL SENT_AFTER_TIME 793637.282920
793637.282466 DISPLAY_TEXT OFF
793637.632489 CHEETAH_SIGNAL SENT_AFTER_TIME 793637.600212
793637.599775 DISPLAY_TEXT 62 19 2 laughs?
793637.848854 CHEETAH_SIGNAL SENT_AFTER_TIME 793637.816710
793637.816271 DISPLAY_TEXT OFF
793638.864956 CHEETAH_SIGNAL SENT_AFTER_TIME 793638.832745
793638.832305 DISPLAY_TEXT 63 20 1 She
793639.082110 CHEETAH_SIGNAL SENT_AFTER_TIME 793639.049945
793639.049594 DISPLAY_TEXT OFF
793639.398473 CHEETAH_SIGNAL SENT_AFTER_TIME 793639.366218
793639.365782 DISPLAY_TEXT 64 20 2 sneezed.
793639.616111 CHEETAH_SIGNAL SENT_AFTER_TIME 793639.583824
793639.583380 DISPLAY_TEXT OFF
793640.632147 CHEETAH_SIGNAL SENT_AFTER_TIME 793640.600000
793640.599569 DISPLAY_TEXT 65 21 1 Who
793640.849471 CHEETAH_SIGNAL SENT_AFTER_TIME 793640.817318
793640.816871 DISPLAY_TEXT OFF
793641.165559 CHEETAH_SIGNAL SENT_AFTER_TIME 793641.133423
793641.132988 DISPLAY_TEXT 66 21 2 winks?
793641.382099 CHEETAH_SIGNAL SENT_AFTER_TIME 793641.349827
793641.349386 DISPLAY_TEXT OFF
793642.399218 CHEETAH_SIGNAL SENT_AFTER_TIME 793642.367088
793642.366738 DISPLAY_TEXT 67 22 1 They
793642.615469 CHEETAH_SIGNAL SENT_AFTER_TIME 793642.583255
793642.582814 DISPLAY_TEXT OFF
793642.932794 CHEETAH_SIGNAL SENT_AFTER_TIME 793642.900558
793642.900120 DISPLAY_TEXT 68 22 2 vanished.
793643.149233 CHEETAH_SIGNAL SENT_AFTER_TIME 793643.117013
793643.116639 DISPLAY_TEXT OFF
793644.166287 CHEETAH_SIGNAL SENT_AFTER_TIME 793644.134411
793644.133977 DISPLAY_TEXT 69 23 1 They
793644.382654 CHEETAH_SIGNAL SENT_AFTER_TIME 793644.350478
793644.350027 DISPLAY_TEXT OFF
793644.699861 CHEETAH_SIGNAL SENT_AFTER_TIME 793644.667654
793644.667206 DISPLAY_TEXT 70 23 2 saw
793644.915930 CHEETAH_SIGNAL SENT_AFTER_TIME 793644.883722
793644.883275 DISPLAY_TEXT OFF
793645.233208 CHEETAH_SIGNAL SENT_AFTER_TIME 793645.201047
793645.200609 DISPLAY_TEXT 71 23 3 him
793645.449420 CHEETAH_SIGNAL SENT_AFTER_TIME 793645.417186
793645.416752 DISPLAY_TEXT OFF
793645.766547 CHEETAH_SIGNAL SENT_AFTER_TIME 793645.734368
793645.734017 DISPLAY_TEXT 72 23 4 dance.
793645.983162 CHEETAH_SIGNAL SENT_AFTER_TIME 793645.950939
793645.950489 DISPLAY_TEXT OFF
793647.000424 CHEETAH_SIGNAL SENT_AFTER_TIME 793646.968223
793646.967778 DISPLAY_TEXT 73 24 1 The
793647.216544 CHEETAH_SIGNAL SENT_AFTER_TIME 793647.184355
793647.183912 DISPLAY_TEXT OFF
793647.533918 CHEETAH_SIGNAL SENT_AFTER_TIME 793647.501718
793647.501286 DISPLAY_TEXT 74 24 2 sandwich
793647.750073 CHEETAH_SIGNAL SENT_AFTER_TIME 793647.717835
793647.717398 DISPLAY_TEXT OFF
793648.067235 CHEETAH_SIGNAL SENT_AFTER_TIME 793648.035078
793648.034631 DISPLAY_TEXT 75 24 3 is
793648.188319 KEY_PRESS l
793648.283104 CHEETAH_SIGNAL SENT_AFTER_TIME 793648.250935
793648.250485 DISPLAY_TEXT OFF
793648.372175 KEY_PRESS l
793648.600640 CHEETAH_SIGNAL SENT_AFTER_TIME 793648.568460
793648.568015 DISPLAY_TEXT 76 24 4 healthy.
793648.817253 CHEETAH_SIGNAL SENT_AFTER_TIME 793648.785144
793648.784695 DISPLAY_TEXT OFF
793649.833464 CHEETAH_SIGNAL SENT_AFTER_TIME 793649.801257
793649.800910 DISPLAY_TEXT 77 25 1 They
793650.050461 CHEETAH_SIGNAL SENT_AFTER_TIME 793650.018315
793650.017960 DISPLAY_TEXT OFF
793650.367445 CHEETAH_SIGNAL SENT_AFTER_TIME 793650.335265
793650.334818 DISPLAY_TEXT 78 25 2 hug
793650.583614 CHEETAH_SIGNAL SENT_AFTER_TIME 793650.551414
793650.550966 DISPLAY_TEXT OFF
793650.900829 CHEETAH_SIGNAL SENT_AFTER_TIME 793650.868699
793650.868254 DISPLAY_TEXT 79 25 3 the
793651.116996 CHEETAH_SIGNAL SENT_AFTER_TIME 793651.084808
793651.084361 DISPLAY_TEXT OFF
793651.434417 CHEETAH_SIGNAL SENT_AFTER_TIME 793651.402122
793651.401771 DISPLAY_TEXT 80 25 4 friend.
793651.650810 CHEETAH_SIGNAL SENT_AFTER_TIME 793651.618624
793651.618270 DISPLAY_TEXT OFF
793652.668147 CHEETAH_SIGNAL SENT_AFTER_TIME 793652.635975
793652.635541 DISPLAY_TEXT 81 26 1 Whom
793652.884249 CHEETAH_SIGNAL SENT_AFTER_TIME 793652.852013
793652.851565 DISPLAY_TEXT OFF
793653.200975 CHEETAH_SIGNAL SENT_AFTER_TIME 793653.168803
793653.168353 DISPLAY_TEXT 82 26 2 will
793653.418285 CHEETAH_SIGNAL SENT_AFTER_TIME 793653.386052
793653.385604 DISPLAY_TEXT OFF
793653.734389 CHEETAH_SIGNAL SENT_AFTER_TIME 793653.702127
793653.701774 DISPLAY_TEXT 83 26 3 the
793653.951628 CHEETAH_SIGNAL SENT_AFTER_TIME 793653.919466
793653.919029 DISPLAY_TEXT OFF
793654.267897 CHEETAH_SIGNAL SENT_AFTER_TIME 793654.235594
793654.235147 DISPLAY_TEXT 84 26 4 boy
793654.485016 CHEETAH_SIGNAL SENT_AFTER_TIME 793654.452878
793654.452446 DISPLAY_TEXT OFF
793654.801374 CHEETAH_SIGNAL SENT_AFTER_TIME 793654.769072
793654.768637 DISPLAY_TEXT 85 26 5 tickle?
793655.017927 CHEETAH_SIGNAL SENT_AFTER_TIME 793654.985738
793654.985305 DISPLAY_TEXT OFF
793656.035266 CHEETAH_SIGNAL SENT_AFTER_TIME 793656.003058
793656.002621 DISPLAY_TEXT 86 27 1 Who
793656.251456 CHEETAH_SIGNAL SENT_AFTER_TIME 793656.219228
793656.218793 DISPLAY_TEXT OFF
793656.568546 CHEETAH_SIGNAL SENT_AFTER_TIME 793656.536358
793656.535907 DISPLAY_TEXT 87 27 2 did
793656.785432 CHEETAH_SIGNAL SENT_AFTER_TIME 793656.753176
793656.752726 DISPLAY_TEXT OFF
793657.101554 CHEETAH_SIGNAL SENT_AFTER_TIME 793657.069315
793657.068960 DISPLAY_TEXT 88 27 3 the
793657.318866 CHEETAH_SIGNAL SENT_AFTER_TIME 793657.286638
793657.286191 DISPLAY_TEXT OFF
793657.635192 CHEETAH_SIGNAL SENT_AFTER_TIME 793657.602890
793657.602443 DISPLAY_TEXT 89 27 4 boys
793657.852471 CHEETAH_SIGNAL SENT_AFTER_TIME 793657.820193
793657.819742 DISPLAY_TEXT OFF
793658.168590 CHEETAH_SIGNAL SENT_AFTER_TIME 793658.136328
793658.135878 DISPLAY_TEXT 90 27 5 kiss?
793658.385042 CHEETAH_SIGNAL SENT_AFTER_TIME 793658.352885
793658.352451 DISPLAY_TEXT OFF
793659.401365 CHEETAH_SIGNAL SENT_AFTER_TIME 793659.369462
793659.369026 DISPLAY_TEXT 91 28 1 The
793659.618885 CHEETAH_SIGNAL SENT_AFTER_TIME 793659.586669
793659.586238 DISPLAY_TEXT OFF
793659.935241 CHEETAH_SIGNAL SENT_AFTER_TIME 793659.902947
793659.902504 DISPLAY_TEXT 92 28 2 host
793660.152903 CHEETAH_SIGNAL SENT_AFTER_TIME 793660.120667
793660.120217 DISPLAY_TEXT OFF
793660.469007 CHEETAH_SIGNAL SENT_AFTER_TIME 793660.436819
793660.436376 DISPLAY_TEXT 93 28 3 was
793660.685229 CHEETAH_SIGNAL SENT_AFTER_TIME 793660.652989
793660.652542 DISPLAY_TEXT OFF
793661.002542 CHEETAH_SIGNAL SENT_AFTER_TIME 793660.970317
793660.969885 DISPLAY_TEXT 94 28 4 warned.
793661.218957 CHEETAH_SIGNAL SENT_AFTER_TIME 793661.186764
793661.186330 DISPLAY_TEXT OFF
793662.236263 CHEETAH_SIGNAL SENT_AFTER_TIME 793662.204087
793662.203647 DISPLAY_TEXT 95 29 1 He
793662.452498 CHEETAH_SIGNAL SENT_AFTER_TIME 793662.420246
793662.419811 DISPLAY_TEXT OFF
793662.769796 CHEETAH_SIGNAL SENT_AFTER_TIME 793662.737484
793662.737040 DISPLAY_TEXT 96 29 2 bloomed.
793662.983921 CHEETAH_SIGNAL SENT_AFTER_TIME 793662.952085
793662.951801 DISPLAY_TEXT OFF
793664.002808 CHEETAH_SIGNAL SENT_AFTER_TIME 793663.970530
793663.970095 DISPLAY_TEXT 97 30 1 Whom
793664.219917 CHEETAH_SIGNAL SENT_AFTER_TIME 793664.187721
793664.187278 DISPLAY_TEXT OFF
793664.535900 CHEETAH_SIGNAL SENT_AFTER_TIME 793664.503729
793664.503284 DISPLAY_TEXT 98 30 2 will
793664.753386 CHEETAH_SIGNAL SENT_AFTER_TIME 793664.721019
793664.720572 DISPLAY_TEXT OFF
793665.069288 CHEETAH_SIGNAL SENT_AFTER_TIME 793665.037070
793665.036621 DISPLAY_TEXT 99 30 3 the
793665.285995 CHEETAH_SIGNAL SENT_AFTER_TIME 793665.253837
793665.253389 DISPLAY_TEXT OFF
793665.603406 CHEETAH_SIGNAL SENT_AFTER_TIME 793665.571123
793665.570687 DISPLAY_TEXT 100 30 4 boy
793665.819461 CHEETAH_SIGNAL SENT_AFTER_TIME 793665.787323
793665.786888 DISPLAY_TEXT OFF
793666.136998 CHEETAH_SIGNAL SENT_AFTER_TIME 793666.104641
793666.104196 DISPLAY_TEXT 101 30 5 hear?
793666.353413 CHEETAH_SIGNAL SENT_AFTER_TIME 793666.321159
793666.320727 DISPLAY_TEXT OFF
793667.369459 CHEETAH_SIGNAL SENT_AFTER_TIME 793667.337262
793667.336825 DISPLAY_TEXT 102 31 1 She
793667.586776 CHEETAH_SIGNAL SENT_AFTER_TIME 793667.554529
793667.554096 DISPLAY_TEXT OFF
793667.904032 CHEETAH_SIGNAL SENT_AFTER_TIME 793667.871815
793667.871366 DISPLAY_TEXT 103 31 2 washed.
793668.120537 CHEETAH_SIGNAL SENT_AFTER_TIME 793668.088314
793668.087882 DISPLAY_TEXT OFF
793669.136701 CHEETAH_SIGNAL SENT_AFTER_TIME 793669.104514
793669.104080 DISPLAY_TEXT 104 32 1 The
793669.353977 CHEETAH_SIGNAL SENT_AFTER_TIME 793669.321768
793669.321414 DISPLAY_TEXT OFF
793669.670130 CHEETAH_SIGNAL SENT_AFTER_TIME 793669.637939
793669.637496 DISPLAY_TEXT 105 32 2 girls
793669.887510 CHEETAH_SIGNAL SENT_AFTER_TIME 793669.855177
793669.854745 DISPLAY_TEXT OFF
793670.203615 CHEETAH_SIGNAL SENT_AFTER_TIME 793670.171337
793670.170896 DISPLAY_TEXT 106 32 3 appear.
793670.420154 CHEETAH_SIGNAL SENT_AFTER_TIME 793670.387919
793670.387480 DISPLAY_TEXT OFF
793671.437427 CHEETAH_SIGNAL SENT_AFTER_TIME 793671.405203
793671.404767 DISPLAY_TEXT 107 33 1 Who
793671.653525 CHEETAH_SIGNAL SENT_AFTER_TIME 793671.621329
793671.620890 DISPLAY_TEXT OFF
793671.970742 CHEETAH_SIGNAL SENT_AFTER_TIME 793671.938555
793671.938119 DISPLAY_TEXT 108 33 2 falls?
793672.187367 CHEETAH_SIGNAL SENT_AFTER_TIME 793672.155139
793672.154693 DISPLAY_TEXT OFF
793673.204708 CHEETAH_SIGNAL SENT_AFTER_TIME 793673.172435
793673.172001 DISPLAY_TEXT 109 34 1 The
793673.420751 CHEETAH_SIGNAL SENT_AFTER_TIME 793673.388517
793673.388080 DISPLAY_TEXT OFF
793673.737905 CHEETAH_SIGNAL SENT_AFTER_TIME 793673.705796
793673.705353 DISPLAY_TEXT 110 34 2 boy
793673.954247 CHEETAH_SIGNAL SENT_AFTER_TIME 793673.921932
793673.921485 DISPLAY_TEXT OFF
793674.271486 CHEETAH_SIGNAL SENT_AFTER_TIME 793674.239167
793674.238720 DISPLAY_TEXT 111 34 3 laughs.
793674.487894 CHEETAH_SIGNAL SENT_AFTER_TIME 793674.455712
793674.455265 DISPLAY_TEXT OFF
793675.505148 CHEETAH_SIGNAL SENT_AFTER_TIME 793675.472910
793675.472471 DISPLAY_TEXT 112 35 1 She
793675.721113 CHEETAH_SIGNAL SENT_AFTER_TIME 793675.688931
793675.688499 DISPLAY_TEXT OFF
793676.038251 CHEETAH_SIGNAL SENT_AFTER_TIME 793676.006077
793676.005728 DISPLAY_TEXT 113 35 2 disappears.
793676.254902 CHEETAH_SIGNAL SENT_AFTER_TIME 793676.222681
793676.222234 DISPLAY_TEXT OFF
793677.272090 CHEETAH_SIGNAL SENT_AFTER_TIME 793677.239945
793677.239515 DISPLAY_TEXT 114 36 1 She
793677.488388 CHEETAH_SIGNAL SENT_AFTER_TIME 793677.456104
793677.455672 DISPLAY_TEXT OFF
793677.805287 CHEETAH_SIGNAL SENT_AFTER_TIME 793677.773432
793677.773001 DISPLAY_TEXT 115 36 2 laughed.
793678.022163 CHEETAH_SIGNAL SENT_AFTER_TIME 793677.989968
793677.989521 DISPLAY_TEXT OFF
793679.038491 CHEETAH_SIGNAL SENT_AFTER_TIME 793679.006164
793679.005719 DISPLAY_TEXT 116 37 1 Who
793679.255579 CHEETAH_SIGNAL SENT_AFTER_TIME 793679.223334
793679.222980 DISPLAY_TEXT OFF
793679.571528 CHEETAH_SIGNAL SENT_AFTER_TIME 793679.539503
793679.539067 DISPLAY_TEXT 117 37 2 blooms?
793679.788356 CHEETAH_SIGNAL SENT_AFTER_TIME 793679.756042
793679.755609 DISPLAY_TEXT OFF
793680.805490 CHEETAH_SIGNAL SENT_AFTER_TIME 793680.773309
793680.772873 DISPLAY_TEXT 118 38 1 Who
793681.022851 CHEETAH_SIGNAL SENT_AFTER_TIME 793680.990603
793680.990261 DISPLAY_TEXT OFF
793681.339051 CHEETAH_SIGNAL SENT_AFTER_TIME 793681.306891
793681.306460 DISPLAY_TEXT 119 38 2 sneezes?
793681.555723 CHEETAH_SIGNAL SENT_AFTER_TIME 793681.523487
793681.523049 DISPLAY_TEXT OFF
793682.572858 CHEETAH_SIGNAL SENT_AFTER_TIME 793682.540685
793682.540333 DISPLAY_TEXT 120 39 1 She
793682.789087 CHEETAH_SIGNAL SENT_AFTER_TIME 793682.756884
793682.756450 DISPLAY_TEXT OFF
793683.106475 CHEETAH_SIGNAL SENT_AFTER_TIME 793683.074213
793683.073776 DISPLAY_TEXT 121 39 2 excercised.
793683.322957 CHEETAH_SIGNAL SENT_AFTER_TIME 793683.290802
793683.290369 DISPLAY_TEXT OFF
793684.339275 CHEETAH_SIGNAL SENT_AFTER_TIME 793684.306932
793684.306489 DISPLAY_TEXT 122 40 1 He
793684.556279 CHEETAH_SIGNAL SENT_AFTER_TIME 793684.524083
793684.523649 DISPLAY_TEXT OFF
793684.872367 CHEETAH_SIGNAL SENT_AFTER_TIME 793684.840133
793684.839779 DISPLAY_TEXT 123 40 2 cried.
793685.090124 CHEETAH_SIGNAL SENT_AFTER_TIME 793685.057851
793685.057418 DISPLAY_TEXT OFF
793686.106231 CHEETAH_SIGNAL SENT_AFTER_TIME 793686.074040
793686.073605 DISPLAY_TEXT 124 41 1 The
793686.323484 CHEETAH_SIGNAL SENT_AFTER_TIME 793686.291216
793686.290780 DISPLAY_TEXT OFF
793686.639551 CHEETAH_SIGNAL SENT_AFTER_TIME 793686.607402
793686.606955 DISPLAY_TEXT 125 41 2 boy
793686.857102 CHEETAH_SIGNAL SENT_AFTER_TIME 793686.824829
793686.824395 DISPLAY_TEXT OFF
793687.173236 CHEETAH_SIGNAL SENT_AFTER_TIME 793687.140930
793687.140481 DISPLAY_TEXT 126 41 3 sneezes.
793687.389681 CHEETAH_SIGNAL SENT_AFTER_TIME 793687.357452
793687.357018 DISPLAY_TEXT OFF
793688.407065 CHEETAH_SIGNAL SENT_AFTER_TIME 793688.374770
793688.374319 DISPLAY_TEXT 127 42 1 They
793688.623264 CHEETAH_SIGNAL SENT_AFTER_TIME 793688.590893
793688.590451 DISPLAY_TEXT OFF
793688.940280 CHEETAH_SIGNAL SENT_AFTER_TIME 793688.908127
793688.907692 DISPLAY_TEXT 128 42 2 winked.
793689.156922 CHEETAH_SIGNAL SENT_AFTER_TIME 793689.124651
793689.124197 DISPLAY_TEXT OFF
793690.174166 CHEETAH_SIGNAL SENT_AFTER_TIME 793690.141884
793690.141441 DISPLAY_TEXT 129 43 1 She
793690.390281 CHEETAH_SIGNAL SENT_AFTER_TIME 793690.358072
793690.357624 DISPLAY_TEXT OFF
793690.707784 CHEETAH_SIGNAL SENT_AFTER_TIME 793690.675494
793690.675048 DISPLAY_TEXT 130 43 2 remained.
793690.924173 CHEETAH_SIGNAL SENT_AFTER_TIME 793690.891936
793690.891502 DISPLAY_TEXT OFF
793691.940575 CHEETAH_SIGNAL SENT_AFTER_TIME 793691.908346
793691.907910 DISPLAY_TEXT 131 44 1 The
793692.157927 CHEETAH_SIGNAL SENT_AFTER_TIME 793692.125628
793692.125181 DISPLAY_TEXT OFF
793692.473865 CHEETAH_SIGNAL SENT_AFTER_TIME 793692.441774
793692.441340 DISPLAY_TEXT 132 44 2 salad
793692.691389 CHEETAH_SIGNAL SENT_AFTER_TIME 793692.659035
793692.658588 DISPLAY_TEXT OFF
793693.007507 CHEETAH_SIGNAL SENT_AFTER_TIME 793692.975155
793692.974709 DISPLAY_TEXT 133 44 3 is
793693.224570 CHEETAH_SIGNAL SENT_AFTER_TIME 793693.192366
793693.192010 DISPLAY_TEXT OFF
793693.292305 KEY_PRESS l
793693.541459 CHEETAH_SIGNAL SENT_AFTER_TIME 793693.509192
793693.508756 DISPLAY_TEXT 134 44 4 tasty.
793693.500232 KEY_PRESS l
793693.758363 CHEETAH_SIGNAL SENT_AFTER_TIME 793693.726075
793693.725627 DISPLAY_TEXT OFF
793694.774349 CHEETAH_SIGNAL SENT_AFTER_TIME 793694.742148
793694.741703 DISPLAY_TEXT 135 45 1 Whom
793694.991637 CHEETAH_SIGNAL SENT_AFTER_TIME 793694.959310
793694.958864 DISPLAY_TEXT OFF
793695.307742 CHEETAH_SIGNAL SENT_AFTER_TIME 793695.275493
793695.275047 DISPLAY_TEXT 136 45 2 does
793695.524958 CHEETAH_SIGNAL SENT_AFTER_TIME 793695.492704
793695.492267 DISPLAY_TEXT OFF
793695.841079 CHEETAH_SIGNAL SENT_AFTER_TIME 793695.808888
793695.808453 DISPLAY_TEXT 137 45 3 the
793696.058238 CHEETAH_SIGNAL SENT_AFTER_TIME 793696.026126
793696.025689 DISPLAY_TEXT OFF
793696.374218 CHEETAH_SIGNAL SENT_AFTER_TIME 793696.342306
793696.341876 DISPLAY_TEXT 138 45 4 boy
793696.591887 CHEETAH_SIGNAL SENT_AFTER_TIME 793696.559590
793696.559144 DISPLAY_TEXT OFF
793696.907926 CHEETAH_SIGNAL SENT_AFTER_TIME 793696.875766
793696.875321 DISPLAY_TEXT 139 45 5 tickle?
793697.124365 CHEETAH_SIGNAL SENT_AFTER_TIME 793697.092222
793697.091772 DISPLAY_TEXT OFF
793698.141648 CHEETAH_SIGNAL SENT_AFTER_TIME 793698.109492
793698.109113 DISPLAY_TEXT 140 46 1 They
793698.357882 CHEETAH_SIGNAL SENT_AFTER_TIME 793698.325677
793698.325231 DISPLAY_TEXT OFF
793698.675186 CHEETAH_SIGNAL SENT_AFTER_TIME 793698.642909
793698.642463 DISPLAY_TEXT 141 46 2 tickle
793698.892526 CHEETAH_SIGNAL SENT_AFTER_TIME 793698.860197
793698.859754 DISPLAY_TEXT OFF
793699.208455 CHEETAH_SIGNAL SENT_AFTER_TIME 793699.176285
793699.175937 DISPLAY_TEXT 142 46 3 the
793699.425402 CHEETAH_SIGNAL SENT_AFTER_TIME 793699.393110
793699.392678 DISPLAY_TEXT OFF
793699.741544 CHEETAH_SIGNAL SENT_AFTER_TIME 793699.709271
793699.708836 DISPLAY_TEXT 143 46 4 girl.
793699.959254 CHEETAH_SIGNAL SENT_AFTER_TIME 793699.927006
793699.926571 DISPLAY_TEXT OFF
793700.975356 CHEETAH_SIGNAL SENT_AFTER_TIME 793700.943158
793700.942727 DISPLAY_TEXT 144 47 1 She
793701.192619 CHEETAH_SIGNAL SENT_AFTER_TIME 793701.160415
793701.159969 DISPLAY_TEXT OFF
793701.508819 CHEETAH_SIGNAL SENT_AFTER_TIME 793701.476636
793701.476206 DISPLAY_TEXT 145 47 2 will
793701.726121 CHEETAH_SIGNAL SENT_AFTER_TIME 793701.693864
793701.693432 DISPLAY_TEXT OFF
793702.042319 CHEETAH_SIGNAL SENT_AFTER_TIME 793702.010061
793702.009627 DISPLAY_TEXT 146 47 3 sleep.
793702.258849 CHEETAH_SIGNAL SENT_AFTER_TIME 793702.226608
793702.226169 DISPLAY_TEXT OFF
793703.276061 CHEETAH_SIGNAL SENT_AFTER_TIME 793703.243890
793703.243455 DISPLAY_TEXT 147 48 1 She
793703.492236 CHEETAH_SIGNAL SENT_AFTER_TIME 793703.460020
793703.459585 DISPLAY_TEXT OFF
793703.809577 CHEETAH_SIGNAL SENT_AFTER_TIME 793703.777319
793703.776887 DISPLAY_TEXT 148 48 2 collapsed.
793704.026136 CHEETAH_SIGNAL SENT_AFTER_TIME 793703.993853
793703.993407 DISPLAY_TEXT OFF
793705.043298 CHEETAH_SIGNAL SENT_AFTER_TIME 793705.011126
793705.010697 DISPLAY_TEXT 149 49 1 The
793705.259571 CHEETAH_SIGNAL SENT_AFTER_TIME 793705.227286
793705.226852 DISPLAY_TEXT OFF
793705.576700 CHEETAH_SIGNAL SENT_AFTER_TIME 793705.544500
793705.544052 DISPLAY_TEXT 150 49 2 girl
793705.792961 CHEETAH_SIGNAL SENT_AFTER_TIME 793705.760656
793705.760213 DISPLAY_TEXT OFF
793706.110103 CHEETAH_SIGNAL SENT_AFTER_TIME 793706.077935
793706.077502 DISPLAY_TEXT 151 49 3 ate
793706.326356 CHEETAH_SIGNAL SENT_AFTER_TIME 793706.294068
793706.293623 DISPLAY_TEXT OFF
793706.643694 CHEETAH_SIGNAL SENT_AFTER_TIME 793706.611396
793706.610946 DISPLAY_TEXT 152 49 4 the
793706.859612 CHEETAH_SIGNAL SENT_AFTER_TIME 793706.827499
793706.827065 DISPLAY_TEXT OFF
793707.177025 CHEETAH_SIGNAL SENT_AFTER_TIME 793707.144760
793707.144306 DISPLAY_TEXT 153 49 5 salad.
793707.393571 CHEETAH_SIGNAL SENT_AFTER_TIME 793707.361234
793707.360788 DISPLAY_TEXT OFF
793708.004307 KEY_PRESS l
793708.204297 KEY_PRESS l
793708.409532 CHEETAH_SIGNAL SENT_AFTER_TIME 793708.377407
793708.376967 DISPLAY_TEXT 154 50 1 What
793708.626808 CHEETAH_SIGNAL SENT_AFTER_TIME 793708.594550
793708.594198 DISPLAY_TEXT OFF
793708.943002 CHEETAH_SIGNAL SENT_AFTER_TIME 793708.910788
793708.910340 DISPLAY_TEXT 155 50 2 did
793709.160337 CHEETAH_SIGNAL SENT_AFTER_TIME 793709.128076
793709.127631 DISPLAY_TEXT OFF
793709.476349 CHEETAH_SIGNAL SENT_AFTER_TIME 793709.444183
793709.443749 DISPLAY_TEXT 156 50 3 the
793709.693741 CHEETAH_SIGNAL SENT_AFTER_TIME 793709.661471
793709.661027 DISPLAY_TEXT OFF
793710.009881 CHEETAH_SIGNAL SENT_AFTER_TIME 793709.977615
793709.977174 DISPLAY_TEXT 157 50 4 girl
793710.226897 CHEETAH_SIGNAL SENT_AFTER_TIME 793710.194728
793710.194349 DISPLAY_TEXT OFF
793710.544298 CHEETAH_SIGNAL SENT_AFTER_TIME 793710.512034
793710.511683 DISPLAY_TEXT 158 50 5 kick?
793710.760851 CHEETAH_SIGNAL SENT_AFTER_TIME 793710.728611
793710.728180 DISPLAY_TEXT OFF
793711.777508 CHEETAH_SIGNAL SENT_AFTER_TIME 793711.745328
793711.744902 DISPLAY_TEXT 159 51 1 She
793711.993687 CHEETAH_SIGNAL SENT_AFTER_TIME 793711.961467
793711.961037 DISPLAY_TEXT OFF
793712.310975 CHEETAH_SIGNAL SENT_AFTER_TIME 793712.278726
793712.278294 DISPLAY_TEXT 160 51 2 smelled
793712.527159 CHEETAH_SIGNAL SENT_AFTER_TIME 793712.494812
793712.494376 DISPLAY_TEXT OFF
793712.844254 CHEETAH_SIGNAL SENT_AFTER_TIME 793712.812109
793712.811676 DISPLAY_TEXT 161 51 3 it
793713.060145 CHEETAH_SIGNAL SENT_AFTER_TIME 793713.028145
793713.027711 DISPLAY_TEXT OFF
793713.377639 CHEETAH_SIGNAL SENT_AFTER_TIME 793713.345365
793713.344913 DISPLAY_TEXT 162 51 4 burn.
793713.594269 CHEETAH_SIGNAL SENT_AFTER_TIME 793713.562101
793713.561623 DISPLAY_TEXT OFF
793714.611674 CHEETAH_SIGNAL SENT_AFTER_TIME 793714.579472
793714.579121 DISPLAY_TEXT 163 52 1 He
793714.827794 CHEETAH_SIGNAL SENT_AFTER_TIME 793714.795624
793714.795192 DISPLAY_TEXT OFF
793715.144864 CHEETAH_SIGNAL SENT_AFTER_TIME 793715.112606
793715.112172 DISPLAY_TEXT 164 52 2 disappeared.
793715.361235 CHEETAH_SIGNAL SENT_AFTER_TIME 793715.329005
793715.328570 DISPLAY_TEXT OFF
793716.378484 CHEETAH_SIGNAL SENT_AFTER_TIME 793716.346224
793716.345779 DISPLAY_TEXT 165 53 1 They
793716.594558 CHEETAH_SIGNAL SENT_AFTER_TIME 793716.562360
793716.561915 DISPLAY_TEXT OFF
793716.911738 CHEETAH_SIGNAL SENT_AFTER_TIME 793716.879608
793716.879173 DISPLAY_TEXT 166 53 2 heard
793717.127959 CHEETAH_SIGNAL SENT_AFTER_TIME 793717.095738
793717.095300 DISPLAY_TEXT OFF
793717.445372 CHEETAH_SIGNAL SENT_AFTER_TIME 793717.413046
793717.412600 DISPLAY_TEXT 167 53 3 her
793717.661489 CHEETAH_SIGNAL SENT_AFTER_TIME 793717.629213
793717.628772 DISPLAY_TEXT OFF
793717.978593 CHEETAH_SIGNAL SENT_AFTER_TIME 793717.946419
793717.945986 DISPLAY_TEXT 168 53 4 coughing.
793718.195237 CHEETAH_SIGNAL SENT_AFTER_TIME 793718.163055
793718.162620 DISPLAY_TEXT OFF
793719.211392 CHEETAH_SIGNAL SENT_AFTER_TIME 793719.179200
793719.178768 DISPLAY_TEXT 169 54 1 She
793719.428600 CHEETAH_SIGNAL SENT_AFTER_TIME 793719.396363
793719.396008 DISPLAY_TEXT OFF
793719.744832 CHEETAH_SIGNAL SENT_AFTER_TIME 793719.712596
793719.712147 DISPLAY_TEXT 170 54 2 smiled.
793719.961552 CHEETAH_SIGNAL SENT_AFTER_TIME 793719.929262
793719.928810 DISPLAY_TEXT OFF
793720.978866 CHEETAH_SIGNAL SENT_AFTER_TIME 793720.946527
793720.946094 DISPLAY_TEXT 171 55 1 The
793721.196070 CHEETAH_SIGNAL SENT_AFTER_TIME 793721.163778
793721.163414 DISPLAY_TEXT OFF
793721.512380 CHEETAH_SIGNAL SENT_AFTER_TIME 793721.480084
793721.479637 DISPLAY_TEXT 172 55 2 girls
793721.728372 CHEETAH_SIGNAL SENT_AFTER_TIME 793721.696163
793721.695717 DISPLAY_TEXT OFF
793722.045481 CHEETAH_SIGNAL SENT_AFTER_TIME 793722.013327
793722.012895 DISPLAY_TEXT 173 55 3 cough.
793722.262063 CHEETAH_SIGNAL SENT_AFTER_TIME 793722.229829
793722.229381 DISPLAY_TEXT OFF
793723.279421 CHEETAH_SIGNAL SENT_AFTER_TIME 793723.247062
793723.246617 DISPLAY_TEXT 174 56 1 We
793723.495479 CHEETAH_SIGNAL SENT_AFTER_TIME 793723.463183
793723.462750 DISPLAY_TEXT OFF
793723.812519 CHEETAH_SIGNAL SENT_AFTER_TIME 793723.780434
793723.779996 DISPLAY_TEXT 175 56 2 revealed
793724.028830 CHEETAH_SIGNAL SENT_AFTER_TIME 793723.996537
793723.996093 DISPLAY_TEXT OFF
793724.346136 CHEETAH_SIGNAL SENT_AFTER_TIME 793724.313823
793724.313376 DISPLAY_TEXT 176 56 3 that
793724.563446 CHEETAH_SIGNAL SENT_AFTER_TIME 793724.531169
793724.530733 DISPLAY_TEXT OFF
793724.879481 CHEETAH_SIGNAL SENT_AFTER_TIME 793724.847288
793724.846839 DISPLAY_TEXT 177 56 4 she
793725.095576 CHEETAH_SIGNAL SENT_AFTER_TIME 793725.063400
793725.062968 DISPLAY_TEXT OFF
793725.412901 CHEETAH_SIGNAL SENT_AFTER_TIME 793725.380669
793725.380233 DISPLAY_TEXT 178 56 5 jumps.
793725.629507 CHEETAH_SIGNAL SENT_AFTER_TIME 793725.597161
793725.596715 DISPLAY_TEXT OFF
793726.646703 CHEETAH_SIGNAL SENT_AFTER_TIME 793726.614434
793726.614002 DISPLAY_TEXT 179 57 1 Who
793726.862849 CHEETAH_SIGNAL SENT_AFTER_TIME 793726.830565
793726.830131 DISPLAY_TEXT OFF
793727.179899 CHEETAH_SIGNAL SENT_AFTER_TIME 793727.147749
793727.147315 DISPLAY_TEXT 180 57 2 eats
793727.396067 CHEETAH_SIGNAL SENT_AFTER_TIME 793727.363818
793727.363371 DISPLAY_TEXT OFF
793727.713469 CHEETAH_SIGNAL SENT_AFTER_TIME 793727.681075
793727.680632 DISPLAY_TEXT 181 57 3 the
793727.796307 KEY_PRESS l
793727.929662 CHEETAH_SIGNAL SENT_AFTER_TIME 793727.897404
793727.896969 DISPLAY_TEXT OFF
793727.964222 KEY_PRESS l
793728.247123 CHEETAH_SIGNAL SENT_AFTER_TIME 793728.214865
793728.214513 DISPLAY_TEXT 182 57 4 salad?
793728.463716 CHEETAH_SIGNAL SENT_AFTER_TIME 793728.431531
793728.431095 DISPLAY_TEXT OFF
793729.076299 KEY_PRESS l
793729.252294 KEY_PRESS l
793729.480483 CHEETAH_SIGNAL SENT_AFTER_TIME 793729.448146
793729.447696 DISPLAY_TEXT 183 58 1 He
793729.696465 CHEETAH_SIGNAL SENT_AFTER_TIME 793729.664224
793729.663778 DISPLAY_TEXT OFF
793730.013918 CHEETAH_SIGNAL SENT_AFTER_TIME 793729.981488
793729.981039 DISPLAY_TEXT 184 58 2 laughs.
793730.230172 CHEETAH_SIGNAL SENT_AFTER_TIME 793730.198009
793730.197575 DISPLAY_TEXT OFF
793731.247594 CHEETAH_SIGNAL SENT_AFTER_TIME 793731.215320
793731.214875 DISPLAY_TEXT 185 59 1 Who
793731.463653 CHEETAH_SIGNAL SENT_AFTER_TIME 793731.431433
793731.430985 DISPLAY_TEXT OFF
793731.780930 CHEETAH_SIGNAL SENT_AFTER_TIME 793731.748656
793731.748208 DISPLAY_TEXT 186 59 2 arrives?
793731.997401 CHEETAH_SIGNAL SENT_AFTER_TIME 793731.965142
793731.964706 DISPLAY_TEXT OFF
793733.013644 CHEETAH_SIGNAL SENT_AFTER_TIME 793732.981416
793732.980985 DISPLAY_TEXT 187 60 1 The
793733.230801 CHEETAH_SIGNAL SENT_AFTER_TIME 793733.198647
793733.198211 DISPLAY_TEXT OFF
793733.547133 CHEETAH_SIGNAL SENT_AFTER_TIME 793733.514806
793733.514356 DISPLAY_TEXT 188 60 2 boy
793733.764284 CHEETAH_SIGNAL SENT_AFTER_TIME 793733.732064
793733.731613 DISPLAY_TEXT OFF
793734.080487 CHEETAH_SIGNAL SENT_AFTER_TIME 793734.048291
793734.047845 DISPLAY_TEXT 189 60 3 smelled
793734.297721 CHEETAH_SIGNAL SENT_AFTER_TIME 793734.265458
793734.265022 DISPLAY_TEXT OFF
793734.614442 CHEETAH_SIGNAL SENT_AFTER_TIME 793734.582220
793734.581781 DISPLAY_TEXT 190 60 4 the
793734.830445 CHEETAH_SIGNAL SENT_AFTER_TIME 793734.798328
793734.797894 DISPLAY_TEXT OFF
793735.147468 CHEETAH_SIGNAL SENT_AFTER_TIME 793735.115167
793735.114730 DISPLAY_TEXT 191 60 5 flowers.
793735.365064 CHEETAH_SIGNAL SENT_AFTER_TIME 793735.332776
793735.332341 DISPLAY_TEXT OFF
793736.380929 CHEETAH_SIGNAL SENT_AFTER_TIME 793736.348746
793736.348317 DISPLAY_TEXT 192 61 1 Who
793736.598297 CHEETAH_SIGNAL SENT_AFTER_TIME 793736.565997
793736.565553 DISPLAY_TEXT OFF
793736.914365 CHEETAH_SIGNAL SENT_AFTER_TIME 793736.882144
793736.881702 DISPLAY_TEXT 193 61 2 tickles
793737.131580 CHEETAH_SIGNAL SENT_AFTER_TIME 793737.099318
793737.098883 DISPLAY_TEXT OFF
793737.447721 CHEETAH_SIGNAL SENT_AFTER_TIME 793737.415519
793737.415090 DISPLAY_TEXT 194 61 3 the
793737.665089 CHEETAH_SIGNAL SENT_AFTER_TIME 793737.632790
793737.632356 DISPLAY_TEXT OFF
793737.981180 CHEETAH_SIGNAL SENT_AFTER_TIME 793737.948899
793737.948451 DISPLAY_TEXT 195 61 4 girl?
793738.198236 CHEETAH_SIGNAL SENT_AFTER_TIME 793738.165960
793738.165523 DISPLAY_TEXT OFF
793739.215487 CHEETAH_SIGNAL SENT_AFTER_TIME 793739.183233
793739.182787 DISPLAY_TEXT 196 62 1 What
793739.431449 CHEETAH_SIGNAL SENT_AFTER_TIME 793739.399244
793739.398894 DISPLAY_TEXT OFF
793739.748923 CHEETAH_SIGNAL SENT_AFTER_TIME 793739.716665
793739.716218 DISPLAY_TEXT 197 62 2 will
793739.965220 CHEETAH_SIGNAL SENT_AFTER_TIME 793739.932967
793739.932519 DISPLAY_TEXT OFF
793740.282450 CHEETAH_SIGNAL SENT_AFTER_TIME 793740.250189
793740.249760 DISPLAY_TEXT 198 62 3 the
793740.498530 CHEETAH_SIGNAL SENT_AFTER_TIME 793740.466350
793740.465914 DISPLAY_TEXT OFF
793740.815973 CHEETAH_SIGNAL SENT_AFTER_TIME 793740.783642
793740.783196 DISPLAY_TEXT 199 62 4 girl
793741.031985 CHEETAH_SIGNAL SENT_AFTER_TIME 793740.999730
793740.999263 DISPLAY_TEXT OFF
793741.349264 CHEETAH_SIGNAL SENT_AFTER_TIME 793741.317034
793741.316590 DISPLAY_TEXT 200 62 5 kick?
793741.565886 CHEETAH_SIGNAL SENT_AFTER_TIME 793741.533580
793741.533133 DISPLAY_TEXT OFF
793742.581754 CHEETAH_SIGNAL SENT_AFTER_TIME 793742.549617
793742.549223 DISPLAY_TEXT 201 63 1 He
793742.799032 CHEETAH_SIGNAL SENT_AFTER_TIME 793742.766855
793742.766498 DISPLAY_TEXT OFF
793743.115326 CHEETAH_SIGNAL SENT_AFTER_TIME 793743.083088
793743.082641 DISPLAY_TEXT 202 63 2 sneezes.
793743.332960 CHEETAH_SIGNAL SENT_AFTER_TIME 793743.300695
793743.300315 DISPLAY_TEXT OFF
793744.349287 CHEETAH_SIGNAL SENT_AFTER_TIME 793744.317019
793744.316576 DISPLAY_TEXT 203 64 1 Who
793744.566525 CHEETAH_SIGNAL SENT_AFTER_TIME 793744.534255
793744.533811 DISPLAY_TEXT OFF
793744.882602 CHEETAH_SIGNAL SENT_AFTER_TIME 793744.850351
793744.849915 DISPLAY_TEXT 204 64 2 remains?
793745.099821 CHEETAH_SIGNAL SENT_AFTER_TIME 793745.067497
793745.067038 DISPLAY_TEXT OFF
793746.115707 CHEETAH_SIGNAL SENT_AFTER_TIME 793746.083578
793746.083225 DISPLAY_TEXT 205 65 1 They
793746.333080 CHEETAH_SIGNAL SENT_AFTER_TIME 793746.300841
793746.300489 DISPLAY_TEXT OFF
793746.649378 CHEETAH_SIGNAL SENT_AFTER_TIME 793746.617097
793746.616652 DISPLAY_TEXT 206 65 2 found
793746.866691 CHEETAH_SIGNAL SENT_AFTER_TIME 793746.834354
793746.833905 DISPLAY_TEXT OFF
793747.182745 CHEETAH_SIGNAL SENT_AFTER_TIME 793747.150443
793747.149997 DISPLAY_TEXT 207 65 3 the
793747.400093 CHEETAH_SIGNAL SENT_AFTER_TIME 793747.367799
793747.367366 DISPLAY_TEXT OFF
793747.716275 CHEETAH_SIGNAL SENT_AFTER_TIME 793747.683978
793747.683532 DISPLAY_TEXT 208 65 4 bikes.
793747.932745 CHEETAH_SIGNAL SENT_AFTER_TIME 793747.900472
793747.900023 DISPLAY_TEXT OFF
793748.950504 CHEETAH_SIGNAL SENT_AFTER_TIME 793748.918240
793748.917796 DISPLAY_TEXT 209 66 1 They
793749.166567 CHEETAH_SIGNAL SENT_AFTER_TIME 793749.134365
793749.133929 DISPLAY_TEXT OFF
793749.483919 CHEETAH_SIGNAL SENT_AFTER_TIME 793749.451617
793749.451179 DISPLAY_TEXT 210 66 2 appeared.
793749.700375 CHEETAH_SIGNAL SENT_AFTER_TIME 793749.668082
793749.667632 DISPLAY_TEXT OFF
793750.716547 CHEETAH_SIGNAL SENT_AFTER_TIME 793750.684227
793750.683781 DISPLAY_TEXT 211 67 1 They
793750.933611 CHEETAH_SIGNAL SENT_AFTER_TIME 793750.901357
793750.901005 DISPLAY_TEXT OFF
793751.249928 CHEETAH_SIGNAL SENT_AFTER_TIME 793751.217610
793751.217166 DISPLAY_TEXT 212 67 2 appear.
793751.467550 CHEETAH_SIGNAL SENT_AFTER_TIME 793751.435264
793751.434828 DISPLAY_TEXT OFF
793752.483578 CHEETAH_SIGNAL SENT_AFTER_TIME 793752.451393
793752.450960 DISPLAY_TEXT 213 68 1 He
793752.700290 CHEETAH_SIGNAL SENT_AFTER_TIME 793752.668044
793752.667693 DISPLAY_TEXT OFF
793753.017634 CHEETAH_SIGNAL SENT_AFTER_TIME 793752.985423
793752.984990 DISPLAY_TEXT 214 68 2 crawled.
793753.234165 CHEETAH_SIGNAL SENT_AFTER_TIME 793753.201946
793753.201594 DISPLAY_TEXT OFF
793754.250488 CHEETAH_SIGNAL SENT_AFTER_TIME 793754.218195
793754.217764 DISPLAY_TEXT 215 69 1 The
793754.467639 CHEETAH_SIGNAL SENT_AFTER_TIME 793754.435392
793754.434942 DISPLAY_TEXT OFF
793754.783757 CHEETAH_SIGNAL SENT_AFTER_TIME 793754.751519
793754.751079 DISPLAY_TEXT 216 69 2 boy
793755.001106 CHEETAH_SIGNAL SENT_AFTER_TIME 793754.968777
793754.968333 DISPLAY_TEXT OFF
793755.317278 CHEETAH_SIGNAL SENT_AFTER_TIME 793755.285027
793755.284590 DISPLAY_TEXT 217 69 3 jumped.
793755.534952 CHEETAH_SIGNAL SENT_AFTER_TIME 793755.502630
793755.502181 DISPLAY_TEXT OFF
793756.551083 CHEETAH_SIGNAL SENT_AFTER_TIME 793756.518757
793756.518312 DISPLAY_TEXT 218 70 1 She
793756.768216 CHEETAH_SIGNAL SENT_AFTER_TIME 793756.736001
793756.735566 DISPLAY_TEXT OFF
793757.084379 CHEETAH_SIGNAL SENT_AFTER_TIME 793757.052111
793757.051662 DISPLAY_TEXT 219 70 2 jumps.
793757.302067 CHEETAH_SIGNAL SENT_AFTER_TIME 793757.269752
793757.269308 DISPLAY_TEXT OFF
793758.318126 CHEETAH_SIGNAL SENT_AFTER_TIME 793758.285928
793758.285491 DISPLAY_TEXT 220 71 1 Who
793758.535425 CHEETAH_SIGNAL SENT_AFTER_TIME 793758.503148
793758.502714 DISPLAY_TEXT OFF
793758.851618 CHEETAH_SIGNAL SENT_AFTER_TIME 793758.819365
793758.818931 DISPLAY_TEXT 221 71 2 coughed?
793759.066694 CHEETAH_SIGNAL SENT_AFTER_TIME 793759.034620
793759.034331 DISPLAY_TEXT OFF
793760.085302 CHEETAH_SIGNAL SENT_AFTER_TIME 793760.053030
793760.052583 DISPLAY_TEXT 222 72 1 The
793760.302594 CHEETAH_SIGNAL SENT_AFTER_TIME 793760.270345
793760.269901 DISPLAY_TEXT OFF
793760.618802 CHEETAH_SIGNAL SENT_AFTER_TIME 793760.586493
793760.586047 DISPLAY_TEXT 223 72 2 girls
793760.834894 CHEETAH_SIGNAL SENT_AFTER_TIME 793760.802659
793760.802242 DISPLAY_TEXT OFF
793761.152326 CHEETAH_SIGNAL SENT_AFTER_TIME 793761.120028
793761.119576 DISPLAY_TEXT 224 72 3 found
793761.368342 CHEETAH_SIGNAL SENT_AFTER_TIME 793761.336096
793761.335745 DISPLAY_TEXT OFF
793761.685724 CHEETAH_SIGNAL SENT_AFTER_TIME 793761.653400
793761.652952 DISPLAY_TEXT 225 72 4 the
793761.901919 CHEETAH_SIGNAL SENT_AFTER_TIME 793761.869579
793761.869144 DISPLAY_TEXT OFF
793762.219188 CHEETAH_SIGNAL SENT_AFTER_TIME 793762.186878
793762.186446 DISPLAY_TEXT 226 72 5 bikes.
793762.435632 CHEETAH_SIGNAL SENT_AFTER_TIME 793762.403350
793762.402912 DISPLAY_TEXT OFF
793763.452884 CHEETAH_SIGNAL SENT_AFTER_TIME 793763.420664
793763.420224 DISPLAY_TEXT 227 73 1 She
793763.668833 CHEETAH_SIGNAL SENT_AFTER_TIME 793763.636599
793763.636165 DISPLAY_TEXT OFF
793763.985947 CHEETAH_SIGNAL SENT_AFTER_TIME 793763.953758
793763.953406 DISPLAY_TEXT 228 73 2 heard
793764.202432 CHEETAH_SIGNAL SENT_AFTER_TIME 793764.170078
793764.169633 DISPLAY_TEXT OFF
793764.519562 CHEETAH_SIGNAL SENT_AFTER_TIME 793764.487347
793764.486901 DISPLAY_TEXT 229 73 3 them
793764.735707 CHEETAH_SIGNAL SENT_AFTER_TIME 793764.703419
793764.702973 DISPLAY_TEXT OFF
793765.052962 CHEETAH_SIGNAL SENT_AFTER_TIME 793765.020707
793765.020257 DISPLAY_TEXT 230 73 4 crying.
793765.269515 CHEETAH_SIGNAL SENT_AFTER_TIME 793765.237192
793765.236758 DISPLAY_TEXT OFF
793766.286683 CHEETAH_SIGNAL SENT_AFTER_TIME 793766.254443
793766.254002 DISPLAY_TEXT 231 74 1 She
793766.502899 CHEETAH_SIGNAL SENT_AFTER_TIME 793766.470590
793766.470142 DISPLAY_TEXT OFF
793766.820077 CHEETAH_SIGNAL SENT_AFTER_TIME 793766.787873
793766.787442 DISPLAY_TEXT 232 74 2 eats
793767.036115 CHEETAH_SIGNAL SENT_AFTER_TIME 793767.003906
793767.003556 DISPLAY_TEXT OFF
793767.353619 CHEETAH_SIGNAL SENT_AFTER_TIME 793767.321313
793767.320865 DISPLAY_TEXT 233 74 3 the
793767.569711 CHEETAH_SIGNAL SENT_AFTER_TIME 793767.537434
793767.536980 DISPLAY_TEXT OFF
793767.886942 CHEETAH_SIGNAL SENT_AFTER_TIME 793767.854638
793767.854206 DISPLAY_TEXT 234 74 4 salad.
793768.103487 CHEETAH_SIGNAL SENT_AFTER_TIME 793768.071156
793768.070712 DISPLAY_TEXT OFF
793768.724259 KEY_PRESS l
793768.996296 KEY_PRESS l
793769.120153 CHEETAH_SIGNAL SENT_AFTER_TIME 793769.087873
793769.087428 DISPLAY_TEXT 235 75 1 He
793769.336216 CHEETAH_SIGNAL SENT_AFTER_TIME 793769.303962
793769.303516 DISPLAY_TEXT OFF
793769.653508 CHEETAH_SIGNAL SENT_AFTER_TIME 793769.621237
793769.620810 DISPLAY_TEXT 236 75 2 falls.
793769.870041 CHEETAH_SIGNAL SENT_AFTER_TIME 793769.837778
793769.837337 DISPLAY_TEXT OFF
793770.887248 CHEETAH_SIGNAL SENT_AFTER_TIME 793770.855074
793770.854643 DISPLAY_TEXT 237 76 1 The
793771.103481 CHEETAH_SIGNAL SENT_AFTER_TIME 793771.071205
793771.070770 DISPLAY_TEXT OFF
793771.421068 CHEETAH_SIGNAL SENT_AFTER_TIME 793771.388726
793771.388283 DISPLAY_TEXT 238 76 2 girl
793771.636928 CHEETAH_SIGNAL SENT_AFTER_TIME 793771.604841
793771.604408 DISPLAY_TEXT OFF
793771.954443 CHEETAH_SIGNAL SENT_AFTER_TIME 793771.922154
793771.921718 DISPLAY_TEXT 239 76 3 disappears.
793772.171163 CHEETAH_SIGNAL SENT_AFTER_TIME 793772.138875
793772.138431 DISPLAY_TEXT OFF
793773.187305 CHEETAH_SIGNAL SENT_AFTER_TIME 793773.154985
793773.154555 DISPLAY_TEXT 240 77 1 Who
793773.404575 CHEETAH_SIGNAL SENT_AFTER_TIME 793773.372239
793773.371792 DISPLAY_TEXT OFF
793773.720776 CHEETAH_SIGNAL SENT_AFTER_TIME 793773.688436
793773.687985 DISPLAY_TEXT 241 77 2 heard
793773.937461 CHEETAH_SIGNAL SENT_AFTER_TIME 793773.905162
793773.904714 DISPLAY_TEXT OFF
793774.254710 CHEETAH_SIGNAL SENT_AFTER_TIME 793774.222438
793774.222003 DISPLAY_TEXT 242 77 3 the
793774.470800 CHEETAH_SIGNAL SENT_AFTER_TIME 793774.438623
793774.438190 DISPLAY_TEXT OFF
793774.788162 CHEETAH_SIGNAL SENT_AFTER_TIME 793774.755836
793774.755404 DISPLAY_TEXT 243 77 4 men?
793775.004704 CHEETAH_SIGNAL SENT_AFTER_TIME 793774.972384
793774.971939 DISPLAY_TEXT OFF
793776.020828 CHEETAH_SIGNAL SENT_AFTER_TIME 793775.988585
793775.988206 DISPLAY_TEXT 244 78 1 She
793776.238121 CHEETAH_SIGNAL SENT_AFTER_TIME 793776.205853
793776.205418 DISPLAY_TEXT OFF
793776.554335 CHEETAH_SIGNAL SENT_AFTER_TIME 793776.522039
793776.521595 DISPLAY_TEXT 245 78 2 saw
793776.771589 CHEETAH_SIGNAL SENT_AFTER_TIME 793776.739307
793776.738859 DISPLAY_TEXT OFF
793777.087625 CHEETAH_SIGNAL SENT_AFTER_TIME 793777.055379
793777.054942 DISPLAY_TEXT 246 78 3 that
793777.304895 CHEETAH_SIGNAL SENT_AFTER_TIME 793777.272644
793777.272192 DISPLAY_TEXT OFF
793777.621119 CHEETAH_SIGNAL SENT_AFTER_TIME 793777.588794
793777.588340 DISPLAY_TEXT 247 78 4 he
793777.838650 CHEETAH_SIGNAL SENT_AFTER_TIME 793777.806284
793777.805838 DISPLAY_TEXT OFF
793778.154654 CHEETAH_SIGNAL SENT_AFTER_TIME 793778.122438
793778.122003 DISPLAY_TEXT 248 78 5 crawled.
793778.371269 CHEETAH_SIGNAL SENT_AFTER_TIME 793778.338970
793778.338518 DISPLAY_TEXT OFF
793779.388533 CHEETAH_SIGNAL SENT_AFTER_TIME 793779.356225
793779.355785 DISPLAY_TEXT 249 79 1 The
793779.604639 CHEETAH_SIGNAL SENT_AFTER_TIME 793779.572353
793779.571905 DISPLAY_TEXT OFF
793779.921981 CHEETAH_SIGNAL SENT_AFTER_TIME 793779.889711
793779.889247 DISPLAY_TEXT 250 79 2 boy
793780.138015 CHEETAH_SIGNAL SENT_AFTER_TIME 793780.105791
793780.105354 DISPLAY_TEXT OFF
793780.455427 CHEETAH_SIGNAL SENT_AFTER_TIME 793780.423086
793780.422642 DISPLAY_TEXT 251 79 3 collapses.
793780.671995 CHEETAH_SIGNAL SENT_AFTER_TIME 793780.639749
793780.639304 DISPLAY_TEXT OFF
793781.689246 CHEETAH_SIGNAL SENT_AFTER_TIME 793781.657033
793781.656591 DISPLAY_TEXT 252 80 1 She
793781.905477 CHEETAH_SIGNAL SENT_AFTER_TIME 793781.873167
793781.872732 DISPLAY_TEXT OFF
793782.221702 CHEETAH_SIGNAL SENT_AFTER_TIME 793782.189406
793782.188958 DISPLAY_TEXT 253 80 2 crawls.
793782.438654 CHEETAH_SIGNAL SENT_AFTER_TIME 793782.406402
793782.405972 DISPLAY_TEXT OFF
793783.455943 CHEETAH_SIGNAL SENT_AFTER_TIME 793783.423684
793783.423254 DISPLAY_TEXT 254 81 1 The
793783.672118 CHEETAH_SIGNAL SENT_AFTER_TIME 793783.639826
793783.639378 DISPLAY_TEXT OFF
793783.989274 CHEETAH_SIGNAL SENT_AFTER_TIME 793783.957053
793783.956621 DISPLAY_TEXT 255 81 2 actors
793784.205484 CHEETAH_SIGNAL SENT_AFTER_TIME 793784.173190
793784.172740 DISPLAY_TEXT OFF
793784.522798 CHEETAH_SIGNAL SENT_AFTER_TIME 793784.490476
793784.490029 DISPLAY_TEXT 256 81 3 will
793784.738714 CHEETAH_SIGNAL SENT_AFTER_TIME 793784.706535
793784.706096 DISPLAY_TEXT OFF
793785.056072 CHEETAH_SIGNAL SENT_AFTER_TIME 793785.023856
793785.023414 DISPLAY_TEXT 257 81 4 snore.
793785.272646 CHEETAH_SIGNAL SENT_AFTER_TIME 793785.240430
793785.239994 DISPLAY_TEXT OFF
793786.289912 CHEETAH_SIGNAL SENT_AFTER_TIME 793786.257648
793786.257214 DISPLAY_TEXT 258 82 1 The
793786.505943 CHEETAH_SIGNAL SENT_AFTER_TIME 793786.473705
793786.473268 DISPLAY_TEXT OFF
793786.823133 CHEETAH_SIGNAL SENT_AFTER_TIME 793786.790924
793786.790573 DISPLAY_TEXT 259 82 2 boy
793787.039395 CHEETAH_SIGNAL SENT_AFTER_TIME 793787.007076
793787.006640 DISPLAY_TEXT OFF
793787.356781 CHEETAH_SIGNAL SENT_AFTER_TIME 793787.324446
793787.324000 DISPLAY_TEXT 260 82 3 will
793787.572869 CHEETAH_SIGNAL SENT_AFTER_TIME 793787.540610
793787.540176 DISPLAY_TEXT OFF
793787.890151 CHEETAH_SIGNAL SENT_AFTER_TIME 793787.857835
793787.857386 DISPLAY_TEXT 261 82 4 sing.
793788.106735 CHEETAH_SIGNAL SENT_AFTER_TIME 793788.074384
793788.073941 DISPLAY_TEXT OFF
793789.122735 CHEETAH_SIGNAL SENT_AFTER_TIME 793789.090509
793789.090052 DISPLAY_TEXT 262 83 1 What
793789.339903 CHEETAH_SIGNAL SENT_AFTER_TIME 793789.307636
793789.307283 DISPLAY_TEXT OFF
793789.656119 CHEETAH_SIGNAL SENT_AFTER_TIME 793789.623869
793789.623427 DISPLAY_TEXT 263 83 2 will
793789.873406 CHEETAH_SIGNAL SENT_AFTER_TIME 793789.841109
793789.840660 DISPLAY_TEXT OFF
793790.190594 CHEETAH_SIGNAL SENT_AFTER_TIME 793790.158311
793790.157865 DISPLAY_TEXT 264 83 3 the
793790.406562 CHEETAH_SIGNAL SENT_AFTER_TIME 793790.374385
793790.374032 DISPLAY_TEXT OFF
793790.723156 CHEETAH_SIGNAL SENT_AFTER_TIME 793790.690919
793790.690472 DISPLAY_TEXT 265 83 4 girl
793790.940163 CHEETAH_SIGNAL SENT_AFTER_TIME 793790.907879
793790.907432 DISPLAY_TEXT OFF
793791.257473 CHEETAH_SIGNAL SENT_AFTER_TIME 793791.225168
793791.224723 DISPLAY_TEXT 266 83 5 eat?
793791.474008 CHEETAH_SIGNAL SENT_AFTER_TIME 793791.441704
793791.441256 DISPLAY_TEXT OFF
793792.490104 CHEETAH_SIGNAL SENT_AFTER_TIME 793792.457809
793792.457365 DISPLAY_TEXT 267 84 1 The
793792.707298 CHEETAH_SIGNAL SENT_AFTER_TIME 793792.675058
793792.674617 DISPLAY_TEXT OFF
793793.023506 CHEETAH_SIGNAL SENT_AFTER_TIME 793792.991215
793792.990769 DISPLAY_TEXT 268 84 2 girl
793793.240716 CHEETAH_SIGNAL SENT_AFTER_TIME 793793.208419
793793.207972 DISPLAY_TEXT OFF
793793.556842 CHEETAH_SIGNAL SENT_AFTER_TIME 793793.524540
793793.524108 DISPLAY_TEXT 269 84 3 smiled.
793793.774501 CHEETAH_SIGNAL SENT_AFTER_TIME 793793.742246
793793.741810 DISPLAY_TEXT OFF
793794.790669 CHEETAH_SIGNAL SENT_AFTER_TIME 793794.758383
793794.757940 DISPLAY_TEXT 270 85 1 The
793795.007897 CHEETAH_SIGNAL SENT_AFTER_TIME 793794.975655
793794.975217 DISPLAY_TEXT OFF
793795.323813 CHEETAH_SIGNAL SENT_AFTER_TIME 793795.291711
793795.291366 DISPLAY_TEXT 271 85 2 cook
793795.541483 CHEETAH_SIGNAL SENT_AFTER_TIME 793795.509054
793795.508606 DISPLAY_TEXT OFF
793795.857550 CHEETAH_SIGNAL SENT_AFTER_TIME 793795.825238
793795.824793 DISPLAY_TEXT 272 85 3 prepared
793796.074764 CHEETAH_SIGNAL SENT_AFTER_TIME 793796.042483
793796.042054 DISPLAY_TEXT OFF
793796.390886 CHEETAH_SIGNAL SENT_AFTER_TIME 793796.358594
793796.358161 DISPLAY_TEXT 273 85 4 the
793796.608348 CHEETAH_SIGNAL SENT_AFTER_TIME 793796.575869
793796.575422 DISPLAY_TEXT OFF
793796.924372 CHEETAH_SIGNAL SENT_AFTER_TIME 793796.892038
793796.891590 DISPLAY_TEXT 274 85 5 meal.
793797.140729 CHEETAH_SIGNAL SENT_AFTER_TIME 793797.108447
793797.108000 DISPLAY_TEXT OFF
793798.158042 CHEETAH_SIGNAL SENT_AFTER_TIME 793798.125820
793798.125381 DISPLAY_TEXT 275 86 1 What
793798.375066 CHEETAH_SIGNAL SENT_AFTER_TIME 793798.343059
793798.342707 DISPLAY_TEXT OFF
793798.691538 CHEETAH_SIGNAL SENT_AFTER_TIME 793798.659263
793798.658830 DISPLAY_TEXT 276 86 2 does
793798.907613 CHEETAH_SIGNAL SENT_AFTER_TIME 793798.875352
793798.875002 DISPLAY_TEXT OFF
793799.225064 CHEETAH_SIGNAL SENT_AFTER_TIME 793799.192801
793799.192369 DISPLAY_TEXT 277 86 3 the
793799.441034 CHEETAH_SIGNAL SENT_AFTER_TIME 793799.408802
793799.408352 DISPLAY_TEXT OFF
793799.758360 CHEETAH_SIGNAL SENT_AFTER_TIME 793799.726065
793799.725617 DISPLAY_TEXT 278 86 4 girl
793799.975691 CHEETAH_SIGNAL SENT_AFTER_TIME 793799.943344
793799.942894 DISPLAY_TEXT OFF
793800.291730 CHEETAH_SIGNAL SENT_AFTER_TIME 793800.259429
793800.258978 DISPLAY_TEXT 279 86 5 eat?
793800.508174 CHEETAH_SIGNAL SENT_AFTER_TIME 793800.475936
793800.475501 DISPLAY_TEXT OFF
793801.525591 CHEETAH_SIGNAL SENT_AFTER_TIME 793801.493240
793801.492794 DISPLAY_TEXT 280 87 1 Who
793801.741387 CHEETAH_SIGNAL SENT_AFTER_TIME 793801.709235
793801.708884 DISPLAY_TEXT OFF
793802.059047 CHEETAH_SIGNAL SENT_AFTER_TIME 793802.026662
793802.026214 DISPLAY_TEXT 281 87 2 kicked
793802.275114 CHEETAH_SIGNAL SENT_AFTER_TIME 793802.242781
793802.242348 DISPLAY_TEXT OFF
793802.592266 CHEETAH_SIGNAL SENT_AFTER_TIME 793802.559954
793802.559561 DISPLAY_TEXT 282 87 3 the
793802.808462 CHEETAH_SIGNAL SENT_AFTER_TIME 793802.776135
793802.775689 DISPLAY_TEXT OFF
793803.125184 CHEETAH_SIGNAL SENT_AFTER_TIME 793803.092983
793803.092546 DISPLAY_TEXT 283 87 4 ball?
793803.342900 CHEETAH_SIGNAL SENT_AFTER_TIME 793803.310539
793803.310094 DISPLAY_TEXT OFF
793804.358920 CHEETAH_SIGNAL SENT_AFTER_TIME 793804.326689
793804.326253 DISPLAY_TEXT 284 88 1 He
793804.576355 CHEETAH_SIGNAL SENT_AFTER_TIME 793804.544018
793804.543586 DISPLAY_TEXT OFF
793804.892290 CHEETAH_SIGNAL SENT_AFTER_TIME 793804.859971
793804.859592 DISPLAY_TEXT 285 88 2 collapses.
793805.108915 CHEETAH_SIGNAL SENT_AFTER_TIME 793805.076663
793805.076216 DISPLAY_TEXT OFF
793806.126174 CHEETAH_SIGNAL SENT_AFTER_TIME 793806.093940
793806.093506 DISPLAY_TEXT 286 89 1 He
793806.342317 CHEETAH_SIGNAL SENT_AFTER_TIME 793806.310051
793806.309597 DISPLAY_TEXT OFF
793806.659479 CHEETAH_SIGNAL SENT_AFTER_TIME 793806.627263
793806.626816 DISPLAY_TEXT 287 89 2 hears
793806.875684 CHEETAH_SIGNAL SENT_AFTER_TIME 793806.843384
793806.842933 DISPLAY_TEXT OFF
793807.192845 CHEETAH_SIGNAL SENT_AFTER_TIME 793807.160630
793807.160182 DISPLAY_TEXT 288 89 3 the
793807.409788 CHEETAH_SIGNAL SENT_AFTER_TIME 793807.377628
793807.377290 DISPLAY_TEXT OFF
793807.726182 CHEETAH_SIGNAL SENT_AFTER_TIME 793807.693903
793807.693466 DISPLAY_TEXT 289 89 4 men.
793807.942676 CHEETAH_SIGNAL SENT_AFTER_TIME 793807.910427
793807.909986 DISPLAY_TEXT OFF
793808.959565 CHEETAH_SIGNAL SENT_AFTER_TIME 793808.927213
793808.926780 DISPLAY_TEXT 290 90 1 Whom
793809.176771 CHEETAH_SIGNAL SENT_AFTER_TIME 793809.144504
793809.144070 DISPLAY_TEXT OFF
793809.492939 CHEETAH_SIGNAL SENT_AFTER_TIME 793809.460628
793809.460181 DISPLAY_TEXT 291 90 2 do
793809.710201 CHEETAH_SIGNAL SENT_AFTER_TIME 793809.677906
793809.677460 DISPLAY_TEXT OFF
793810.026256 CHEETAH_SIGNAL SENT_AFTER_TIME 793809.994065
793809.993631 DISPLAY_TEXT 292 90 3 the
793810.243454 CHEETAH_SIGNAL SENT_AFTER_TIME 793810.211201
793810.210846 DISPLAY_TEXT OFF
793810.559721 CHEETAH_SIGNAL SENT_AFTER_TIME 793810.527459
793810.527026 DISPLAY_TEXT 293 90 4 women
793810.777081 CHEETAH_SIGNAL SENT_AFTER_TIME 793810.744754
793810.744402 DISPLAY_TEXT OFF
793811.093048 CHEETAH_SIGNAL SENT_AFTER_TIME 793811.060923
793811.060571 DISPLAY_TEXT 294 90 5 hug?
793811.309894 CHEETAH_SIGNAL SENT_AFTER_TIME 793811.277594
793811.277155 DISPLAY_TEXT OFF
793812.327138 CHEETAH_SIGNAL SENT_AFTER_TIME 793812.294884
793812.294438 DISPLAY_TEXT 295 91 1 The
793812.543814 CHEETAH_SIGNAL SENT_AFTER_TIME 793812.511577
793812.511144 DISPLAY_TEXT OFF
793812.859896 CHEETAH_SIGNAL SENT_AFTER_TIME 793812.827726
793812.827293 DISPLAY_TEXT 296 91 2 girl
793813.077708 CHEETAH_SIGNAL SENT_AFTER_TIME 793813.045412
793813.044980 DISPLAY_TEXT OFF
793813.393832 CHEETAH_SIGNAL SENT_AFTER_TIME 793813.361549
793813.361118 DISPLAY_TEXT 297 91 3 fell.
793813.610399 CHEETAH_SIGNAL SENT_AFTER_TIME 793813.578098
793813.577653 DISPLAY_TEXT OFF
793814.627547 CHEETAH_SIGNAL SENT_AFTER_TIME 793814.595359
793814.594918 DISPLAY_TEXT 298 92 1 She
793814.843699 CHEETAH_SIGNAL SENT_AFTER_TIME 793814.811418
793814.810986 DISPLAY_TEXT OFF
793815.161050 CHEETAH_SIGNAL SENT_AFTER_TIME 793815.128716
793815.128269 DISPLAY_TEXT 299 92 2 blooms.
793815.377492 CHEETAH_SIGNAL SENT_AFTER_TIME 793815.345219
793815.344784 DISPLAY_TEXT OFF
793816.394860 CHEETAH_SIGNAL SENT_AFTER_TIME 793816.362487
793816.362040 DISPLAY_TEXT 300 93 1 Who
793816.610944 CHEETAH_SIGNAL SENT_AFTER_TIME 793816.578643
793816.578194 DISPLAY_TEXT OFF
793816.928240 CHEETAH_SIGNAL SENT_AFTER_TIME 793816.895953
793816.895505 DISPLAY_TEXT 301 93 2 smelled
793817.144238 CHEETAH_SIGNAL SENT_AFTER_TIME 793817.112040
793817.111600 DISPLAY_TEXT OFF
793817.461478 CHEETAH_SIGNAL SENT_AFTER_TIME 793817.429262
793817.428814 DISPLAY_TEXT 302 93 3 the
793817.677439 CHEETAH_SIGNAL SENT_AFTER_TIME 793817.645171
793817.644737 DISPLAY_TEXT OFF
793817.994752 CHEETAH_SIGNAL SENT_AFTER_TIME 793817.962386
793817.961941 DISPLAY_TEXT 303 93 4 flowers?
793818.211128 CHEETAH_SIGNAL SENT_AFTER_TIME 793818.178855
793818.178415 DISPLAY_TEXT OFF
793819.228471 CHEETAH_SIGNAL SENT_AFTER_TIME 793819.196182
793819.195747 DISPLAY_TEXT 304 94 1 She
793819.444565 CHEETAH_SIGNAL SENT_AFTER_TIME 793819.412311
793819.411875 DISPLAY_TEXT OFF
793819.761897 CHEETAH_SIGNAL SENT_AFTER_TIME 793819.729582
793819.729139 DISPLAY_TEXT 305 94 2 kicked
793819.977992 CHEETAH_SIGNAL SENT_AFTER_TIME 793819.945703
793819.945267 DISPLAY_TEXT OFF
793820.295263 CHEETAH_SIGNAL SENT_AFTER_TIME 793820.262954
793820.262507 DISPLAY_TEXT 306 94 3 the
793820.511541 CHEETAH_SIGNAL SENT_AFTER_TIME 793820.479140
793820.478692 DISPLAY_TEXT OFF
793820.828646 CHEETAH_SIGNAL SENT_AFTER_TIME 793820.796338
793820.795877 DISPLAY_TEXT 307 94 4 ball.
793821.044594 CHEETAH_SIGNAL SENT_AFTER_TIME 793821.012294
793821.011848 DISPLAY_TEXT OFF
793822.061918 CHEETAH_SIGNAL SENT_AFTER_TIME 793822.029615
793822.029180 DISPLAY_TEXT 308 95 1 He
793822.278276 CHEETAH_SIGNAL SENT_AFTER_TIME 793822.245946
793822.245590 DISPLAY_TEXT OFF
793822.595549 CHEETAH_SIGNAL SENT_AFTER_TIME 793822.563247
793822.562815 DISPLAY_TEXT 309 95 2 streched.
793822.812000 CHEETAH_SIGNAL SENT_AFTER_TIME 793822.779721
793822.779287 DISPLAY_TEXT OFF
793823.829280 CHEETAH_SIGNAL SENT_AFTER_TIME 793823.797056
793823.796623 DISPLAY_TEXT 310 96 1 The
793824.045492 CHEETAH_SIGNAL SENT_AFTER_TIME 793824.013241
793824.012794 DISPLAY_TEXT OFF
793824.362568 CHEETAH_SIGNAL SENT_AFTER_TIME 793824.330373
793824.329938 DISPLAY_TEXT 311 96 2 girl
793824.578543 CHEETAH_SIGNAL SENT_AFTER_TIME 793824.546522
793824.546083 DISPLAY_TEXT OFF
793824.896151 CHEETAH_SIGNAL SENT_AFTER_TIME 793824.863817
793824.863373 DISPLAY_TEXT 312 96 3 kicked
793825.110893 CHEETAH_SIGNAL SENT_AFTER_TIME 793825.078704
793825.078349 DISPLAY_TEXT OFF
793825.429716 CHEETAH_SIGNAL SENT_AFTER_TIME 793825.397419
793825.397066 DISPLAY_TEXT 313 96 4 the
793825.646024 CHEETAH_SIGNAL SENT_AFTER_TIME 793825.613706
793825.613259 DISPLAY_TEXT OFF
793825.962072 CHEETAH_SIGNAL SENT_AFTER_TIME 793825.929868
793825.929422 DISPLAY_TEXT 314 96 5 ball.
793826.179843 CHEETAH_SIGNAL SENT_AFTER_TIME 793826.147569
793826.147135 DISPLAY_TEXT OFF
793827.195986 CHEETAH_SIGNAL SENT_AFTER_TIME 793827.163646
793827.163213 DISPLAY_TEXT 315 97 1 They
793827.413232 CHEETAH_SIGNAL SENT_AFTER_TIME 793827.380934
793827.380488 DISPLAY_TEXT OFF
793827.729289 CHEETAH_SIGNAL SENT_AFTER_TIME 793827.697009
793827.696562 DISPLAY_TEXT 316 97 2 kissed
793827.946600 CHEETAH_SIGNAL SENT_AFTER_TIME 793827.914256
793827.913807 DISPLAY_TEXT OFF
793828.262665 CHEETAH_SIGNAL SENT_AFTER_TIME 793828.230425
793828.229980 DISPLAY_TEXT 317 97 3 the
793828.479869 CHEETAH_SIGNAL SENT_AFTER_TIME 793828.447667
793828.447246 DISPLAY_TEXT OFF
793828.796056 CHEETAH_SIGNAL SENT_AFTER_TIME 793828.763783
793828.763334 DISPLAY_TEXT 318 97 4 clowns.
793829.012602 CHEETAH_SIGNAL SENT_AFTER_TIME 793828.980409
793828.979962 DISPLAY_TEXT OFF
793830.030025 CHEETAH_SIGNAL SENT_AFTER_TIME 793829.997740
793829.997288 DISPLAY_TEXT 319 98 1 The
793830.246159 CHEETAH_SIGNAL SENT_AFTER_TIME 793830.213829
793830.213392 DISPLAY_TEXT OFF
793830.563404 CHEETAH_SIGNAL SENT_AFTER_TIME 793830.531147
793830.530713 DISPLAY_TEXT 320 98 2 boy
793830.780339 CHEETAH_SIGNAL SENT_AFTER_TIME 793830.748052
793830.747702 DISPLAY_TEXT OFF
793831.096571 CHEETAH_SIGNAL SENT_AFTER_TIME 793831.064241
793831.063797 DISPLAY_TEXT 321 98 3 bloomed.
793831.313154 CHEETAH_SIGNAL SENT_AFTER_TIME 793831.280854
793831.280419 DISPLAY_TEXT OFF
793832.330551 CHEETAH_SIGNAL SENT_AFTER_TIME 793832.298241
793832.297781 DISPLAY_TEXT 322 99 1 They
793832.546644 CHEETAH_SIGNAL SENT_AFTER_TIME 793832.514307
793832.513860 DISPLAY_TEXT OFF
793832.863824 CHEETAH_SIGNAL SENT_AFTER_TIME 793832.831593
793832.831148 DISPLAY_TEXT 323 99 2 cough.
793833.080132 CHEETAH_SIGNAL SENT_AFTER_TIME 793833.047895
793833.047448 DISPLAY_TEXT OFF
793834.097287 CHEETAH_SIGNAL SENT_AFTER_TIME 793834.065073
793834.064719 DISPLAY_TEXT 324 100 1 She
793834.313647 CHEETAH_SIGNAL SENT_AFTER_TIME 793834.281376
793834.280940 DISPLAY_TEXT OFF
793834.630977 CHEETAH_SIGNAL SENT_AFTER_TIME 793834.598668
793834.598237 DISPLAY_TEXT 325 100 2 fell.
793834.847493 CHEETAH_SIGNAL SENT_AFTER_TIME 793834.815143
793834.814704 DISPLAY_TEXT OFF
793835.864856 CHEETAH_SIGNAL SENT_AFTER_TIME 793835.832540
793835.832103 DISPLAY_TEXT 326 101 1 She
793836.080871 CHEETAH_SIGNAL SENT_AFTER_TIME 793836.048630
793836.048279 DISPLAY_TEXT OFF
793836.397012 CHEETAH_SIGNAL SENT_AFTER_TIME 793836.364870
793836.364423 DISPLAY_TEXT 327 101 2 cries.
793836.614772 CHEETAH_SIGNAL SENT_AFTER_TIME 793836.582427
793836.581980 DISPLAY_TEXT OFF
793837.630727 CHEETAH_SIGNAL SENT_AFTER_TIME 793837.598503
793837.598066 DISPLAY_TEXT 328 102 1 We
793837.847973 CHEETAH_SIGNAL SENT_AFTER_TIME 793837.815709
793837.815266 DISPLAY_TEXT OFF
793838.164261 CHEETAH_SIGNAL SENT_AFTER_TIME 793838.131884
793838.131436 DISPLAY_TEXT 329 102 2 heard
793838.381283 CHEETAH_SIGNAL SENT_AFTER_TIME 793838.349066
793838.348715 DISPLAY_TEXT OFF
793838.697514 CHEETAH_SIGNAL SENT_AFTER_TIME 793838.665246
793838.664811 DISPLAY_TEXT 330 102 3 that
793838.914740 CHEETAH_SIGNAL SENT_AFTER_TIME 793838.882522
793838.882077 DISPLAY_TEXT OFF
793839.231115 CHEETAH_SIGNAL SENT_AFTER_TIME 793839.198748
793839.198304 DISPLAY_TEXT 331 102 4 she
793839.448252 CHEETAH_SIGNAL SENT_AFTER_TIME 793839.415952
793839.415520 DISPLAY_TEXT OFF
793839.764459 CHEETAH_SIGNAL SENT_AFTER_TIME 793839.732117
793839.731681 DISPLAY_TEXT 332 102 5 sneezed.
793839.982051 CHEETAH_SIGNAL SENT_AFTER_TIME 793839.949748
793839.949382 DISPLAY_TEXT OFF
793840.998095 CHEETAH_SIGNAL SENT_AFTER_TIME 793840.965807
793840.965428 DISPLAY_TEXT 333 103 1 She
793841.215310 CHEETAH_SIGNAL SENT_AFTER_TIME 793841.183127
793841.182698 DISPLAY_TEXT OFF
793841.531579 CHEETAH_SIGNAL SENT_AFTER_TIME 793841.499306
793841.498874 DISPLAY_TEXT 334 103 2 scratched.
793841.748055 CHEETAH_SIGNAL SENT_AFTER_TIME 793841.715822
793841.715376 DISPLAY_TEXT OFF
793842.765441 CHEETAH_SIGNAL SENT_AFTER_TIME 793842.733109
793842.732669 DISPLAY_TEXT 335 104 1 They
793842.981507 CHEETAH_SIGNAL SENT_AFTER_TIME 793842.949232
793842.948795 DISPLAY_TEXT OFF
793843.298796 CHEETAH_SIGNAL SENT_AFTER_TIME 793843.266462
793843.266030 DISPLAY_TEXT 336 104 2 heared
793843.515979 CHEETAH_SIGNAL SENT_AFTER_TIME 793843.483719
793843.483285 DISPLAY_TEXT OFF
793843.832103 CHEETAH_SIGNAL SENT_AFTER_TIME 793843.799892
793843.799448 DISPLAY_TEXT 337 104 3 that
793844.049477 CHEETAH_SIGNAL SENT_AFTER_TIME 793844.017118
793844.016672 DISPLAY_TEXT OFF
793844.365612 CHEETAH_SIGNAL SENT_AFTER_TIME 793844.333279
793844.332831 DISPLAY_TEXT 338 104 4 she
793844.582853 CHEETAH_SIGNAL SENT_AFTER_TIME 793844.550522
793844.550089 DISPLAY_TEXT OFF
793844.899058 CHEETAH_SIGNAL SENT_AFTER_TIME 793844.866744
793844.866307 DISPLAY_TEXT 339 104 5 laughed.
793845.115575 CHEETAH_SIGNAL SENT_AFTER_TIME 793845.083226
793845.082783 DISPLAY_TEXT OFF
793846.132847 CHEETAH_SIGNAL SENT_AFTER_TIME 793846.100586
793846.100136 DISPLAY_TEXT 340 105 1 The
793846.348897 CHEETAH_SIGNAL SENT_AFTER_TIME 793846.316747
793846.316309 DISPLAY_TEXT OFF
793846.666402 CHEETAH_SIGNAL SENT_AFTER_TIME 793846.634115
793846.633680 DISPLAY_TEXT 341 105 2 boys
793846.882489 CHEETAH_SIGNAL SENT_AFTER_TIME 793846.850291
793846.849855 DISPLAY_TEXT OFF
793847.199827 CHEETAH_SIGNAL SENT_AFTER_TIME 793847.167553
793847.167105 DISPLAY_TEXT 342 105 3 winked.
793847.416474 CHEETAH_SIGNAL SENT_AFTER_TIME 793847.384251
793847.383902 DISPLAY_TEXT OFF
793848.432811 CHEETAH_SIGNAL SENT_AFTER_TIME 793848.400508
793848.400051 DISPLAY_TEXT 343 106 1 They
793848.650089 CHEETAH_SIGNAL SENT_AFTER_TIME 793848.617761
793848.617314 DISPLAY_TEXT OFF
793848.966324 CHEETAH_SIGNAL SENT_AFTER_TIME 793848.933951
793848.933506 DISPLAY_TEXT 344 106 2 vanish.
793849.182745 CHEETAH_SIGNAL SENT_AFTER_TIME 793849.150468
793849.150023 DISPLAY_TEXT OFF
793850.200022 CHEETAH_SIGNAL SENT_AFTER_TIME 793850.167768
793850.167333 DISPLAY_TEXT 345 107 1 They
793850.416086 CHEETAH_SIGNAL SENT_AFTER_TIME 793850.383849
793850.383496 DISPLAY_TEXT OFF
793850.733480 CHEETAH_SIGNAL SENT_AFTER_TIME 793850.701170
793850.700819 DISPLAY_TEXT 346 107 2 were
793850.949673 CHEETAH_SIGNAL SENT_AFTER_TIME 793850.917385
793850.916937 DISPLAY_TEXT OFF
793851.266988 CHEETAH_SIGNAL SENT_AFTER_TIME 793851.234659
793851.234226 DISPLAY_TEXT 347 107 3 loved.
793851.483494 CHEETAH_SIGNAL SENT_AFTER_TIME 793851.451164
793851.450728 DISPLAY_TEXT OFF
793852.500530 CHEETAH_SIGNAL SENT_AFTER_TIME 793852.468308
793852.467970 DISPLAY_TEXT 348 108 1 She
793852.716775 CHEETAH_SIGNAL SENT_AFTER_TIME 793852.684544
793852.684112 DISPLAY_TEXT OFF
793853.034082 CHEETAH_SIGNAL SENT_AFTER_TIME 793853.001843
793853.001406 DISPLAY_TEXT 349 108 2 arrives.
793853.250509 CHEETAH_SIGNAL SENT_AFTER_TIME 793853.218351
793853.217916 DISPLAY_TEXT OFF
793854.266792 CHEETAH_SIGNAL SENT_AFTER_TIME 793854.234533
793854.234087 DISPLAY_TEXT 350 109 1 The
793854.483949 CHEETAH_SIGNAL SENT_AFTER_TIME 793854.451795
793854.451359 DISPLAY_TEXT OFF
793854.799957 CHEETAH_SIGNAL SENT_AFTER_TIME 793854.767839
793854.767489 DISPLAY_TEXT 351 109 2 boy
793855.017534 CHEETAH_SIGNAL SENT_AFTER_TIME 793854.985232
793854.984778 DISPLAY_TEXT OFF
793855.333609 CHEETAH_SIGNAL SENT_AFTER_TIME 793855.301319
793855.300979 DISPLAY_TEXT 352 109 3 was
793855.550983 CHEETAH_SIGNAL SENT_AFTER_TIME 793855.518664
793855.518229 DISPLAY_TEXT OFF
793855.867208 CHEETAH_SIGNAL SENT_AFTER_TIME 793855.834890
793855.834457 DISPLAY_TEXT 353 109 4 pushed.
793856.083674 CHEETAH_SIGNAL SENT_AFTER_TIME 793856.051413
793856.050966 DISPLAY_TEXT OFF
793857.100873 CHEETAH_SIGNAL SENT_AFTER_TIME 793857.068670
793857.068241 DISPLAY_TEXT 354 110 1 The
793857.318100 CHEETAH_SIGNAL SENT_AFTER_TIME 793857.285866
793857.285514 DISPLAY_TEXT OFF
793857.634402 CHEETAH_SIGNAL SENT_AFTER_TIME 793857.602093
793857.601659 DISPLAY_TEXT 355 110 2 cake
793857.851589 CHEETAH_SIGNAL SENT_AFTER_TIME 793857.819199
793857.818756 DISPLAY_TEXT OFF
793858.167528 CHEETAH_SIGNAL SENT_AFTER_TIME 793858.135368
793858.134927 DISPLAY_TEXT 356 110 3 was
793858.276306 KEY_PRESS l
793858.385173 CHEETAH_SIGNAL SENT_AFTER_TIME 793858.352844
793858.352401 DISPLAY_TEXT OFF
793858.508294 KEY_PRESS l
793858.701493 CHEETAH_SIGNAL SENT_AFTER_TIME 793858.669154
793858.668775 DISPLAY_TEXT 357 110 4 overcooked.
793858.918043 CHEETAH_SIGNAL SENT_AFTER_TIME 793858.885764
793858.885412 DISPLAY_TEXT OFF
793859.934259 CHEETAH_SIGNAL SENT_AFTER_TIME 793859.902034
793859.901681 DISPLAY_TEXT 358 111 1 He
793860.151752 CHEETAH_SIGNAL SENT_AFTER_TIME 793860.119370
793860.118922 DISPLAY_TEXT OFF
793860.468861 CHEETAH_SIGNAL SENT_AFTER_TIME 793860.436547
793860.436112 DISPLAY_TEXT 359 111 2 jumped.
793860.685292 CHEETAH_SIGNAL SENT_AFTER_TIME 793860.652966
793860.652613 DISPLAY_TEXT OFF
793861.701343 CHEETAH_SIGNAL SENT_AFTER_TIME 793861.669030
793861.668682 DISPLAY_TEXT 360 112 1 Who
793861.918170 CHEETAH_SIGNAL SENT_AFTER_TIME 793861.885872
793861.885435 DISPLAY_TEXT OFF
793862.235494 CHEETAH_SIGNAL SENT_AFTER_TIME 793862.203202
793862.202767 DISPLAY_TEXT 361 112 2 appeared?
793862.451981 CHEETAH_SIGNAL SENT_AFTER_TIME 793862.419633
793862.419188 DISPLAY_TEXT OFF
793863.469262 CHEETAH_SIGNAL SENT_AFTER_TIME 793863.436961
793863.436516 DISPLAY_TEXT 362 113 1 What
793863.685421 CHEETAH_SIGNAL SENT_AFTER_TIME 793863.653114
793863.652661 DISPLAY_TEXT OFF
793864.002606 CHEETAH_SIGNAL SENT_AFTER_TIME 793863.970366
793863.969917 DISPLAY_TEXT 363 113 2 will
793864.218819 CHEETAH_SIGNAL SENT_AFTER_TIME 793864.186491
793864.186058 DISPLAY_TEXT OFF
793864.536198 CHEETAH_SIGNAL SENT_AFTER_TIME 793864.503847
793864.503398 DISPLAY_TEXT 364 113 3 the
793864.752251 CHEETAH_SIGNAL SENT_AFTER_TIME 793864.719936
793864.719476 DISPLAY_TEXT OFF
793865.069483 CHEETAH_SIGNAL SENT_AFTER_TIME 793865.037202
793865.036768 DISPLAY_TEXT 365 113 4 boy
793865.285588 CHEETAH_SIGNAL SENT_AFTER_TIME 793865.253335
793865.252899 DISPLAY_TEXT OFF
793865.602907 CHEETAH_SIGNAL SENT_AFTER_TIME 793865.570583
793865.570133 DISPLAY_TEXT 366 113 5 smell?
793865.819472 CHEETAH_SIGNAL SENT_AFTER_TIME 793865.787292
793865.786856 DISPLAY_TEXT OFF
793866.835798 CHEETAH_SIGNAL SENT_AFTER_TIME 793866.803469
793866.803036 DISPLAY_TEXT 367 114 1 She
793867.052983 CHEETAH_SIGNAL SENT_AFTER_TIME 793867.020675
793867.020241 DISPLAY_TEXT OFF
793867.369022 CHEETAH_SIGNAL SENT_AFTER_TIME 793867.336739
793867.336390 DISPLAY_TEXT 368 114 2 saw
793867.586405 CHEETAH_SIGNAL SENT_AFTER_TIME 793867.554096
793867.553658 DISPLAY_TEXT OFF
793867.902547 CHEETAH_SIGNAL SENT_AFTER_TIME 793867.870253
793867.869819 DISPLAY_TEXT 369 114 3 him
793868.119838 CHEETAH_SIGNAL SENT_AFTER_TIME 793868.087569
793868.087138 DISPLAY_TEXT OFF
793868.436090 CHEETAH_SIGNAL SENT_AFTER_TIME 793868.403742
793868.403298 DISPLAY_TEXT 370 114 4 coming.
793868.652408 CHEETAH_SIGNAL SENT_AFTER_TIME 793868.620134
793868.619779 DISPLAY_TEXT OFF
793869.669193 CHEETAH_SIGNAL SENT_AFTER_TIME 793869.636989
793869.636636 DISPLAY_TEXT 371 115 1 She
793869.886573 CHEETAH_SIGNAL SENT_AFTER_TIME 793869.854338
793869.853903 DISPLAY_TEXT OFF
793870.202838 CHEETAH_SIGNAL SENT_AFTER_TIME 793870.170440
793870.169995 DISPLAY_TEXT 372 115 2 discovered
793870.420042 CHEETAH_SIGNAL SENT_AFTER_TIME 793870.387709
793870.387261 DISPLAY_TEXT OFF
793870.736113 CHEETAH_SIGNAL SENT_AFTER_TIME 793870.703865
793870.703453 DISPLAY_TEXT 373 115 3 that
793870.953417 CHEETAH_SIGNAL SENT_AFTER_TIME 793870.921098
793870.920651 DISPLAY_TEXT OFF
793871.269608 CHEETAH_SIGNAL SENT_AFTER_TIME 793871.237275
793871.236828 DISPLAY_TEXT 374 115 4 they
793871.486860 CHEETAH_SIGNAL SENT_AFTER_TIME 793871.454526
793871.454091 DISPLAY_TEXT OFF
793871.802886 CHEETAH_SIGNAL SENT_AFTER_TIME 793871.770652
793871.770213 DISPLAY_TEXT 375 115 5 cough.
793872.020711 CHEETAH_SIGNAL SENT_AFTER_TIME 793871.988395
793871.987960 DISPLAY_TEXT OFF
793873.036908 CHEETAH_SIGNAL SENT_AFTER_TIME 793873.004550
793873.004196 DISPLAY_TEXT 376 116 1 Who
793873.254051 CHEETAH_SIGNAL SENT_AFTER_TIME 793873.221799
793873.221446 DISPLAY_TEXT OFF
793873.570275 CHEETAH_SIGNAL SENT_AFTER_TIME 793873.538035
793873.537601 DISPLAY_TEXT 377 116 2 vanished?
793873.786761 CHEETAH_SIGNAL SENT_AFTER_TIME 793873.754444
793873.754094 DISPLAY_TEXT OFF
793874.804114 CHEETAH_SIGNAL SENT_AFTER_TIME 793874.771779
793874.771331 DISPLAY_TEXT 378 117 1 The
793875.020510 CHEETAH_SIGNAL SENT_AFTER_TIME 793874.988233
793874.987786 DISPLAY_TEXT OFF
793875.337095 CHEETAH_SIGNAL SENT_AFTER_TIME 793875.304923
793875.304488 DISPLAY_TEXT 379 117 2 women
793875.554465 CHEETAH_SIGNAL SENT_AFTER_TIME 793875.522157
793875.521714 DISPLAY_TEXT OFF
793875.870628 CHEETAH_SIGNAL SENT_AFTER_TIME 793875.838353
793875.837910 DISPLAY_TEXT 380 117 3 hug
793876.088009 CHEETAH_SIGNAL SENT_AFTER_TIME 793876.055669
793876.055235 DISPLAY_TEXT OFF
793876.404076 CHEETAH_SIGNAL SENT_AFTER_TIME 793876.371730
793876.371377 DISPLAY_TEXT 381 117 4 the
793876.621486 CHEETAH_SIGNAL SENT_AFTER_TIME 793876.589080
793876.588645 DISPLAY_TEXT OFF
793876.937545 CHEETAH_SIGNAL SENT_AFTER_TIME 793876.905232
793876.904797 DISPLAY_TEXT 382 117 5 friend.
793877.154035 CHEETAH_SIGNAL SENT_AFTER_TIME 793877.121776
793877.121329 DISPLAY_TEXT OFF
793878.171131 CHEETAH_SIGNAL SENT_AFTER_TIME 793878.138988
793878.138636 DISPLAY_TEXT 383 118 1 The
793878.387495 CHEETAH_SIGNAL SENT_AFTER_TIME 793878.355194
793878.354761 DISPLAY_TEXT OFF
793878.704277 CHEETAH_SIGNAL SENT_AFTER_TIME 793878.671992
793878.671553 DISPLAY_TEXT 384 118 2 woman
793878.921528 CHEETAH_SIGNAL SENT_AFTER_TIME 793878.889243
793878.888808 DISPLAY_TEXT OFF
793879.237755 CHEETAH_SIGNAL SENT_AFTER_TIME 793879.205404
793879.204958 DISPLAY_TEXT 385 118 3 was
793879.454919 CHEETAH_SIGNAL SENT_AFTER_TIME 793879.422618
793879.422168 DISPLAY_TEXT OFF
793879.770970 CHEETAH_SIGNAL SENT_AFTER_TIME 793879.738756
793879.738322 DISPLAY_TEXT 386 118 4 pinched.
793879.988682 CHEETAH_SIGNAL SENT_AFTER_TIME 793879.956381
793879.955949 DISPLAY_TEXT OFF
793881.004635 CHEETAH_SIGNAL SENT_AFTER_TIME 793880.972453
793880.972104 DISPLAY_TEXT 387 119 1 She
793881.222245 CHEETAH_SIGNAL SENT_AFTER_TIME 793881.189906
793881.189464 DISPLAY_TEXT OFF
793881.538597 CHEETAH_SIGNAL SENT_AFTER_TIME 793881.506246
793881.505798 DISPLAY_TEXT 388 119 2 was
793881.754538 CHEETAH_SIGNAL SENT_AFTER_TIME 793881.722260
793881.721906 DISPLAY_TEXT OFF
793882.071821 CHEETAH_SIGNAL SENT_AFTER_TIME 793882.039571
793882.039166 DISPLAY_TEXT 389 119 3 kicked.
793882.288529 CHEETAH_SIGNAL SENT_AFTER_TIME 793882.256192
793882.255744 DISPLAY_TEXT OFF
793883.305127 CHEETAH_SIGNAL SENT_AFTER_TIME 793883.272779
793883.272334 DISPLAY_TEXT 390 120 1 They
793883.522317 CHEETAH_SIGNAL SENT_AFTER_TIME 793883.490007
793883.489571 DISPLAY_TEXT OFF
793883.838518 CHEETAH_SIGNAL SENT_AFTER_TIME 793883.806151
793883.805715 DISPLAY_TEXT 391 120 2 caught
793884.055706 CHEETAH_SIGNAL SENT_AFTER_TIME 793884.023359
793884.022912 DISPLAY_TEXT OFF
793884.371886 CHEETAH_SIGNAL SENT_AFTER_TIME 793884.339549
793884.339088 DISPLAY_TEXT 392 120 3 him
793884.585811 CHEETAH_SIGNAL SENT_AFTER_TIME 793884.553993
793884.553800 DISPLAY_TEXT OFF
793884.905692 CHEETAH_SIGNAL SENT_AFTER_TIME 793884.873453
793884.873019 DISPLAY_TEXT 393 120 4 stealing.
793885.122460 CHEETAH_SIGNAL SENT_AFTER_TIME 793885.090057
793885.089613 DISPLAY_TEXT OFF
793886.139589 CHEETAH_SIGNAL SENT_AFTER_TIME 793886.107347
793886.106911 DISPLAY_TEXT 394 121 1 What
793886.355714 CHEETAH_SIGNAL SENT_AFTER_TIME 793886.323415
793886.322968 DISPLAY_TEXT OFF
793886.672417 CHEETAH_SIGNAL SENT_AFTER_TIME 793886.640165
793886.639732 DISPLAY_TEXT 395 121 2 did
793886.889492 CHEETAH_SIGNAL SENT_AFTER_TIME 793886.857244
793886.856812 DISPLAY_TEXT OFF
793887.205562 CHEETAH_SIGNAL SENT_AFTER_TIME 793887.173346
793887.172907 DISPLAY_TEXT 396 121 3 the
793887.422860 CHEETAH_SIGNAL SENT_AFTER_TIME 793887.390649
793887.390204 DISPLAY_TEXT OFF
793887.738995 CHEETAH_SIGNAL SENT_AFTER_TIME 793887.706745
793887.706392 DISPLAY_TEXT 397 121 4 girls
793887.956267 CHEETAH_SIGNAL SENT_AFTER_TIME 793887.924038
793887.923602 DISPLAY_TEXT OFF
793888.272505 CHEETAH_SIGNAL SENT_AFTER_TIME 793888.240209
793888.239774 DISPLAY_TEXT 398 121 5 find?
793888.489036 CHEETAH_SIGNAL SENT_AFTER_TIME 793888.456838
793888.456407 DISPLAY_TEXT OFF
793889.506449 CHEETAH_SIGNAL SENT_AFTER_TIME 793889.474141
793889.473696 DISPLAY_TEXT 399 122 1 The
793889.722698 CHEETAH_SIGNAL SENT_AFTER_TIME 793889.690466
793889.690036 DISPLAY_TEXT OFF
793890.040154 CHEETAH_SIGNAL SENT_AFTER_TIME 793890.007834
793890.007386 DISPLAY_TEXT 400 122 2 girl
793890.256076 CHEETAH_SIGNAL SENT_AFTER_TIME 793890.223852
793890.223416 DISPLAY_TEXT OFF
793890.573475 CHEETAH_SIGNAL SENT_AFTER_TIME 793890.541166
793890.540732 DISPLAY_TEXT 401 122 3 crawls.
793890.790071 CHEETAH_SIGNAL SENT_AFTER_TIME 793890.757705
793890.757252 DISPLAY_TEXT OFF
793891.806680 CHEETAH_SIGNAL SENT_AFTER_TIME 793891.774391
793891.773956 DISPLAY_TEXT 402 123 1 Who
793892.023487 CHEETAH_SIGNAL SENT_AFTER_TIME 793891.991222
793891.990868 DISPLAY_TEXT OFF
793892.339561 CHEETAH_SIGNAL SENT_AFTER_TIME 793892.307349
793892.306915 DISPLAY_TEXT 403 123 2 will
793892.556851 CHEETAH_SIGNAL SENT_AFTER_TIME 793892.524545
793892.524109 DISPLAY_TEXT OFF
793892.872938 CHEETAH_SIGNAL SENT_AFTER_TIME 793892.840770
793892.840335 DISPLAY_TEXT 404 123 3 the
793893.090506 CHEETAH_SIGNAL SENT_AFTER_TIME 793893.058080
793893.057645 DISPLAY_TEXT OFF
793893.406482 CHEETAH_SIGNAL SENT_AFTER_TIME 793893.374100
793893.373749 DISPLAY_TEXT 405 123 4 boys
793893.623802 CHEETAH_SIGNAL SENT_AFTER_TIME 793893.591466
793893.591022 DISPLAY_TEXT OFF
793893.939951 CHEETAH_SIGNAL SENT_AFTER_TIME 793893.907599
793893.907247 DISPLAY_TEXT 406 123 5 kiss?
793894.156518 CHEETAH_SIGNAL SENT_AFTER_TIME 793894.124216
793894.123768 DISPLAY_TEXT OFF
793895.173752 CHEETAH_SIGNAL SENT_AFTER_TIME 793895.141393
793895.140934 DISPLAY_TEXT 407 124 1 Who
793895.390520 CHEETAH_SIGNAL SENT_AFTER_TIME 793895.358110
793895.357659 DISPLAY_TEXT OFF
793895.707648 CHEETAH_SIGNAL SENT_AFTER_TIME 793895.675318
793895.674869 DISPLAY_TEXT 408 124 2 disappeared?
793895.924201 CHEETAH_SIGNAL SENT_AFTER_TIME 793895.891899
793895.891460 DISPLAY_TEXT OFF
793896.940500 CHEETAH_SIGNAL SENT_AFTER_TIME 793896.908112
793896.907661 DISPLAY_TEXT 409 125 1 We
793897.157706 CHEETAH_SIGNAL SENT_AFTER_TIME 793897.125358
793897.124925 DISPLAY_TEXT OFF
793897.473762 CHEETAH_SIGNAL SENT_AFTER_TIME 793897.441489
793897.441056 DISPLAY_TEXT 410 125 2 believed
793897.691073 CHEETAH_SIGNAL SENT_AFTER_TIME 793897.658739
793897.658303 DISPLAY_TEXT OFF
793898.008270 CHEETAH_SIGNAL SENT_AFTER_TIME 793897.975965
793897.975517 DISPLAY_TEXT 411 125 3 that
793898.224385 CHEETAH_SIGNAL SENT_AFTER_TIME 793898.192099
793898.191660 DISPLAY_TEXT OFF
793898.541770 CHEETAH_SIGNAL SENT_AFTER_TIME 793898.509423
793898.508975 DISPLAY_TEXT 412 125 4 he
793898.757747 CHEETAH_SIGNAL SENT_AFTER_TIME 793898.725491
793898.725060 DISPLAY_TEXT OFF
793899.075124 CHEETAH_SIGNAL SENT_AFTER_TIME 793899.042801
793899.042341 DISPLAY_TEXT 413 125 5 cried.
793899.291602 CHEETAH_SIGNAL SENT_AFTER_TIME 793899.259297
793899.258860 DISPLAY_TEXT OFF
793900.307738 CHEETAH_SIGNAL SENT_AFTER_TIME 793900.275383
793900.274944 DISPLAY_TEXT 414 126 1 The
793900.524954 CHEETAH_SIGNAL SENT_AFTER_TIME 793900.492631
793900.492194 DISPLAY_TEXT OFF
793900.841312 CHEETAH_SIGNAL SENT_AFTER_TIME 793900.808963
793900.808527 DISPLAY_TEXT 415 126 2 host
793901.058574 CHEETAH_SIGNAL SENT_AFTER_TIME 793901.026235
793901.025788 DISPLAY_TEXT OFF
793901.374722 CHEETAH_SIGNAL SENT_AFTER_TIME 793901.342382
793901.341938 DISPLAY_TEXT 416 126 3 will
793901.591901 CHEETAH_SIGNAL SENT_AFTER_TIME 793901.559655
793901.559218 DISPLAY_TEXT OFF
793901.908094 CHEETAH_SIGNAL SENT_AFTER_TIME 793901.875745
793901.875299 DISPLAY_TEXT 417 126 4 eat.
793902.124587 CHEETAH_SIGNAL SENT_AFTER_TIME 793902.092226
793902.091789 DISPLAY_TEXT OFF
793902.700296 KEY_PRESS l
793902.948294 KEY_PRESS l
793903.142338 CHEETAH_SIGNAL SENT_AFTER_TIME 793903.110032
793903.109579 DISPLAY_TEXT 418 127 1 The
793903.358344 CHEETAH_SIGNAL SENT_AFTER_TIME 793903.326133
793903.325691 DISPLAY_TEXT OFF
793903.675706 CHEETAH_SIGNAL SENT_AFTER_TIME 793903.643312
793903.642877 DISPLAY_TEXT 419 127 2 woman
793903.892514 CHEETAH_SIGNAL SENT_AFTER_TIME 793903.860050
793903.859602 DISPLAY_TEXT OFF
793904.208469 CHEETAH_SIGNAL SENT_AFTER_TIME 793904.176147
793904.175698 DISPLAY_TEXT 420 127 3 will
793904.425661 CHEETAH_SIGNAL SENT_AFTER_TIME 793904.393404
793904.392968 DISPLAY_TEXT OFF
793904.741812 CHEETAH_SIGNAL SENT_AFTER_TIME 793904.709549
793904.709197 DISPLAY_TEXT 421 127 4 speak.
793904.958311 CHEETAH_SIGNAL SENT_AFTER_TIME 793904.926097
793904.925660 DISPLAY_TEXT OFF
793905.975655 CHEETAH_SIGNAL SENT_AFTER_TIME 793905.943404
793905.942959 DISPLAY_TEXT 422 128 1 Whom
793906.191977 CHEETAH_SIGNAL SENT_AFTER_TIME 793906.159680
793906.159232 DISPLAY_TEXT OFF
793906.509033 CHEETAH_SIGNAL SENT_AFTER_TIME 793906.476789
793906.476342 DISPLAY_TEXT 423 128 2 will
793906.726308 CHEETAH_SIGNAL SENT_AFTER_TIME 793906.693974
793906.693623 DISPLAY_TEXT OFF
793907.042525 CHEETAH_SIGNAL SENT_AFTER_TIME 793907.010249
793907.009817 DISPLAY_TEXT 424 128 3 the
793907.258518 CHEETAH_SIGNAL SENT_AFTER_TIME 793907.226189
793907.225778 DISPLAY_TEXT OFF
793907.575562 CHEETAH_SIGNAL SENT_AFTER_TIME 793907.543343
793907.542909 DISPLAY_TEXT 425 128 4 women
793907.792930 CHEETAH_SIGNAL SENT_AFTER_TIME 793907.760626
793907.760188 DISPLAY_TEXT OFF
793908.108914 CHEETAH_SIGNAL SENT_AFTER_TIME 793908.076658
793908.076220 DISPLAY_TEXT 426 128 5 hug?
793908.326788 CHEETAH_SIGNAL SENT_AFTER_TIME 793908.294377
793908.293930 DISPLAY_TEXT OFF
793909.342850 CHEETAH_SIGNAL SENT_AFTER_TIME 793909.310509
793909.310072 DISPLAY_TEXT 427 129 1 Who
793909.560148 CHEETAH_SIGNAL SENT_AFTER_TIME 793909.527736
793909.527288 DISPLAY_TEXT OFF
793909.876331 CHEETAH_SIGNAL SENT_AFTER_TIME 793909.843925
793909.843462 DISPLAY_TEXT 428 129 2 smiles?
793910.092845 CHEETAH_SIGNAL SENT_AFTER_TIME 793910.060489
793910.060030 DISPLAY_TEXT OFF
793911.110099 CHEETAH_SIGNAL SENT_AFTER_TIME 793911.077857
793911.077415 DISPLAY_TEXT 429 130 1 They
793911.326749 CHEETAH_SIGNAL SENT_AFTER_TIME 793911.294416
793911.293978 DISPLAY_TEXT OFF
793911.642917 CHEETAH_SIGNAL SENT_AFTER_TIME 793911.610580
793911.610135 DISPLAY_TEXT 430 130 2 coughed.
793911.859525 CHEETAH_SIGNAL SENT_AFTER_TIME 793911.827166
793911.826719 DISPLAY_TEXT OFF
793912.876882 CHEETAH_SIGNAL SENT_AFTER_TIME 793912.844521
793912.844088 DISPLAY_TEXT 431 131 1 Who
793913.092898 CHEETAH_SIGNAL SENT_AFTER_TIME 793913.060593
793913.060239 DISPLAY_TEXT OFF
793913.410212 CHEETAH_SIGNAL SENT_AFTER_TIME 793913.377908
793913.377462 DISPLAY_TEXT 432 131 2 cried?
793913.626796 CHEETAH_SIGNAL SENT_AFTER_TIME 793913.594496
793913.594062 DISPLAY_TEXT OFF
793914.642964 CHEETAH_SIGNAL SENT_AFTER_TIME 793914.610824
793914.610484 DISPLAY_TEXT 433 132 1 The
793914.860494 CHEETAH_SIGNAL SENT_AFTER_TIME 793914.828188
793914.827745 DISPLAY_TEXT OFF
793915.176659 CHEETAH_SIGNAL SENT_AFTER_TIME 793915.144367
793915.143935 DISPLAY_TEXT 434 132 2 boys
793915.393896 CHEETAH_SIGNAL SENT_AFTER_TIME 793915.361610
793915.361177 DISPLAY_TEXT OFF
793915.710028 CHEETAH_SIGNAL SENT_AFTER_TIME 793915.677730
793915.677378 DISPLAY_TEXT 435 132 3 kissed
793915.927312 CHEETAH_SIGNAL SENT_AFTER_TIME 793915.895108
793915.894675 DISPLAY_TEXT OFF
793916.243382 CHEETAH_SIGNAL SENT_AFTER_TIME 793916.211313
793916.211018 DISPLAY_TEXT 436 132 4 the
793916.460878 CHEETAH_SIGNAL SENT_AFTER_TIME 793916.428697
793916.428266 DISPLAY_TEXT OFF
793916.776969 CHEETAH_SIGNAL SENT_AFTER_TIME 793916.744798
793916.744423 DISPLAY_TEXT 437 132 5 clowns.
793916.993544 CHEETAH_SIGNAL SENT_AFTER_TIME 793916.961318
793916.960962 DISPLAY_TEXT OFF
793918.011461 CHEETAH_SIGNAL SENT_AFTER_TIME 793917.979087
793917.978654 DISPLAY_TEXT 438 133 1 Who
793918.228082 CHEETAH_SIGNAL SENT_AFTER_TIME 793918.195853
793918.195408 DISPLAY_TEXT OFF
793918.544200 CHEETAH_SIGNAL SENT_AFTER_TIME 793918.511999
793918.511564 DISPLAY_TEXT 439 133 2 found
793918.761543 CHEETAH_SIGNAL SENT_AFTER_TIME 793918.729221
793918.728773 DISPLAY_TEXT OFF
793919.077724 CHEETAH_SIGNAL SENT_AFTER_TIME 793919.045412
793919.044941 DISPLAY_TEXT 440 133 3 the
793919.294821 CHEETAH_SIGNAL SENT_AFTER_TIME 793919.262547
793919.262195 DISPLAY_TEXT OFF
793919.610996 CHEETAH_SIGNAL SENT_AFTER_TIME 793919.578749
793919.578306 DISPLAY_TEXT 441 133 4 bikes?
793919.827737 CHEETAH_SIGNAL SENT_AFTER_TIME 793919.795354
793919.794910 DISPLAY_TEXT OFF
793920.845033 CHEETAH_SIGNAL SENT_AFTER_TIME 793920.812661
793920.812212 DISPLAY_TEXT 442 134 1 Who
793921.060947 CHEETAH_SIGNAL SENT_AFTER_TIME 793921.028664
793921.028311 DISPLAY_TEXT OFF
793921.378030 CHEETAH_SIGNAL SENT_AFTER_TIME 793921.346007
793921.345571 DISPLAY_TEXT 443 134 2 crawled?
793921.594876 CHEETAH_SIGNAL SENT_AFTER_TIME 793921.562557
793921.562121 DISPLAY_TEXT OFF
793922.612028 CHEETAH_SIGNAL SENT_AFTER_TIME 793922.579825
793922.579367 DISPLAY_TEXT 444 135 1 The
793922.828316 CHEETAH_SIGNAL SENT_AFTER_TIME 793922.795939
793922.795497 DISPLAY_TEXT OFF
793923.145466 CHEETAH_SIGNAL SENT_AFTER_TIME 793923.113112
793923.112671 DISPLAY_TEXT 445 135 2 boy
793923.362058 CHEETAH_SIGNAL SENT_AFTER_TIME 793923.329719
793923.329269 DISPLAY_TEXT OFF
793923.677972 CHEETAH_SIGNAL SENT_AFTER_TIME 793923.645767
793923.645335 DISPLAY_TEXT 446 135 3 heard
793923.895354 CHEETAH_SIGNAL SENT_AFTER_TIME 793923.863082
793923.862648 DISPLAY_TEXT OFF
793924.211472 CHEETAH_SIGNAL SENT_AFTER_TIME 793924.179179
793924.178746 DISPLAY_TEXT 447 135 4 the
793924.429074 CHEETAH_SIGNAL SENT_AFTER_TIME 793924.396727
793924.396377 DISPLAY_TEXT OFF
793924.745348 CHEETAH_SIGNAL SENT_AFTER_TIME 793924.713007
793924.712564 DISPLAY_TEXT 448 135 5 men.
793924.961844 CHEETAH_SIGNAL SENT_AFTER_TIME 793924.929465
793924.929029 DISPLAY_TEXT OFF
793925.979390 CHEETAH_SIGNAL SENT_AFTER_TIME 793925.947060
793925.946630 DISPLAY_TEXT 449 136 1 Who
793926.195520 CHEETAH_SIGNAL SENT_AFTER_TIME 793926.163208
793926.162777 DISPLAY_TEXT OFF
793926.512759 CHEETAH_SIGNAL SENT_AFTER_TIME 793926.480471
793926.480037 DISPLAY_TEXT 450 136 2 kissed
793926.728711 CHEETAH_SIGNAL SENT_AFTER_TIME 793926.696477
793926.696034 DISPLAY_TEXT OFF
793927.044889 CHEETAH_SIGNAL SENT_AFTER_TIME 793927.012614
793927.012248 DISPLAY_TEXT 451 136 3 the
793927.262136 CHEETAH_SIGNAL SENT_AFTER_TIME 793927.229922
793927.229485 DISPLAY_TEXT OFF
793927.579497 CHEETAH_SIGNAL SENT_AFTER_TIME 793927.547211
793927.546777 DISPLAY_TEXT 452 136 4 clowns?
793927.795930 CHEETAH_SIGNAL SENT_AFTER_TIME 793927.763738
793927.763390 DISPLAY_TEXT OFF
793928.812294 CHEETAH_SIGNAL SENT_AFTER_TIME 793928.779992
793928.779561 DISPLAY_TEXT 453 137 1 The
793929.029589 CHEETAH_SIGNAL SENT_AFTER_TIME 793928.997257
793928.996813 DISPLAY_TEXT OFF
793929.345816 CHEETAH_SIGNAL SENT_AFTER_TIME 793929.313452
793929.313008 DISPLAY_TEXT 454 137 2 boys
793929.562993 CHEETAH_SIGNAL SENT_AFTER_TIME 793929.530644
793929.530225 DISPLAY_TEXT OFF
793929.879253 CHEETAH_SIGNAL SENT_AFTER_TIME 793929.846914
793929.846471 DISPLAY_TEXT 455 137 3 vanished.
793930.095729 CHEETAH_SIGNAL SENT_AFTER_TIME 793930.063446
793930.062996 DISPLAY_TEXT OFF
793931.112790 CHEETAH_SIGNAL SENT_AFTER_TIME 793931.080657
793931.080362 DISPLAY_TEXT 456 138 1 He
793931.330467 CHEETAH_SIGNAL SENT_AFTER_TIME 793931.298055
793931.297608 DISPLAY_TEXT OFF
793931.646605 CHEETAH_SIGNAL SENT_AFTER_TIME 793931.614207
793931.613762 DISPLAY_TEXT 457 138 2 shaved.
793931.862961 CHEETAH_SIGNAL SENT_AFTER_TIME 793931.830660
793931.830224 DISPLAY_TEXT OFF
793932.880285 CHEETAH_SIGNAL SENT_AFTER_TIME 793932.847959
793932.847511 DISPLAY_TEXT 458 139 1 He
793933.096377 CHEETAH_SIGNAL SENT_AFTER_TIME 793933.064123
793933.063677 DISPLAY_TEXT OFF
793933.413209 CHEETAH_SIGNAL SENT_AFTER_TIME 793933.381116
793933.380820 DISPLAY_TEXT 459 139 2 saw
793933.629766 CHEETAH_SIGNAL SENT_AFTER_TIME 793933.597402
793933.596970 DISPLAY_TEXT OFF
793933.947093 CHEETAH_SIGNAL SENT_AFTER_TIME 793933.914700
793933.914250 DISPLAY_TEXT 460 139 3 her
793934.163105 CHEETAH_SIGNAL SENT_AFTER_TIME 793934.130795
793934.130334 DISPLAY_TEXT OFF
793934.480434 CHEETAH_SIGNAL SENT_AFTER_TIME 793934.448124
793934.447676 DISPLAY_TEXT 461 139 4 winking.
793934.696800 CHEETAH_SIGNAL SENT_AFTER_TIME 793934.664588
793934.664237 DISPLAY_TEXT OFF
793935.714214 CHEETAH_SIGNAL SENT_AFTER_TIME 793935.681954
793935.681508 DISPLAY_TEXT 462 140 1 The
793935.930539 CHEETAH_SIGNAL SENT_AFTER_TIME 793935.898087
793935.897624 DISPLAY_TEXT OFF
793936.247599 CHEETAH_SIGNAL SENT_AFTER_TIME 793936.215349
793936.214914 DISPLAY_TEXT 463 140 2 actors
793936.463676 CHEETAH_SIGNAL SENT_AFTER_TIME 793936.431464
793936.431013 DISPLAY_TEXT OFF
793936.780960 CHEETAH_SIGNAL SENT_AFTER_TIME 793936.748734
793936.748301 DISPLAY_TEXT 464 140 3 were
793936.997138 CHEETAH_SIGNAL SENT_AFTER_TIME 793936.964847
793936.964408 DISPLAY_TEXT OFF
793937.314499 CHEETAH_SIGNAL SENT_AFTER_TIME 793937.282113
793937.281674 DISPLAY_TEXT 465 140 4 scorned.
793937.530996 CHEETAH_SIGNAL SENT_AFTER_TIME 793937.498653
793937.498217 DISPLAY_TEXT OFF
793938.547082 CHEETAH_SIGNAL SENT_AFTER_TIME 793938.514835
793938.514385 DISPLAY_TEXT 466 141 1 Who
793938.764176 CHEETAH_SIGNAL SENT_AFTER_TIME 793938.731980
793938.731630 DISPLAY_TEXT OFF
793939.081611 CHEETAH_SIGNAL SENT_AFTER_TIME 793939.049319
793939.048884 DISPLAY_TEXT 467 141 2 collapsed?
793939.298142 CHEETAH_SIGNAL SENT_AFTER_TIME 793939.265826
793939.265392 DISPLAY_TEXT OFF
793940.314351 CHEETAH_SIGNAL SENT_AFTER_TIME 793940.281995
793940.281560 DISPLAY_TEXT 468 142 1 He
793940.531510 CHEETAH_SIGNAL SENT_AFTER_TIME 793940.499253
793940.498822 DISPLAY_TEXT OFF
793940.847785 CHEETAH_SIGNAL SENT_AFTER_TIME 793940.815416
793940.814982 DISPLAY_TEXT 469 142 2 undressed.
793941.065267 CHEETAH_SIGNAL SENT_AFTER_TIME 793941.032901
793941.032453 DISPLAY_TEXT OFF
793942.081426 CHEETAH_SIGNAL SENT_AFTER_TIME 793942.049105
793942.048754 DISPLAY_TEXT 470 143 1 He
793942.298749 CHEETAH_SIGNAL SENT_AFTER_TIME 793942.266438
793942.266001 DISPLAY_TEXT OFF
793942.614875 CHEETAH_SIGNAL SENT_AFTER_TIME 793942.582513
793942.582077 DISPLAY_TEXT 471 143 2 was
793942.832098 CHEETAH_SIGNAL SENT_AFTER_TIME 793942.799837
793942.799402 DISPLAY_TEXT OFF
793943.148312 CHEETAH_SIGNAL SENT_AFTER_TIME 793943.115979
793943.115550 DISPLAY_TEXT 472 143 3 kissed.
793943.364890 CHEETAH_SIGNAL SENT_AFTER_TIME 793943.332517
793943.332069 DISPLAY_TEXT OFF
793944.382162 CHEETAH_SIGNAL SENT_AFTER_TIME 793944.349789
793944.349344 DISPLAY_TEXT 473 144 1 The
793944.598007 CHEETAH_SIGNAL SENT_AFTER_TIME 793944.565895
793944.565458 DISPLAY_TEXT OFF
793944.915537 CHEETAH_SIGNAL SENT_AFTER_TIME 793944.883113
793944.882675 DISPLAY_TEXT 474 144 2 girls
793945.131621 CHEETAH_SIGNAL SENT_AFTER_TIME 793945.099268
793945.098821 DISPLAY_TEXT OFF
793945.448808 CHEETAH_SIGNAL SENT_AFTER_TIME 793945.416517
793945.416164 DISPLAY_TEXT 475 144 3 arrive.
793945.665325 CHEETAH_SIGNAL SENT_AFTER_TIME 793945.633099
793945.632660 DISPLAY_TEXT OFF
793946.682689 CHEETAH_SIGNAL SENT_AFTER_TIME 793946.650419
793946.649986 DISPLAY_TEXT 476 145 1 He
793946.898722 CHEETAH_SIGNAL SENT_AFTER_TIME 793946.866417
793946.865968 DISPLAY_TEXT OFF
793947.216017 CHEETAH_SIGNAL SENT_AFTER_TIME 793947.183658
793947.183207 DISPLAY_TEXT 477 145 2 smelled
793947.432066 CHEETAH_SIGNAL SENT_AFTER_TIME 793947.399745
793947.399307 DISPLAY_TEXT OFF
793947.749455 CHEETAH_SIGNAL SENT_AFTER_TIME 793947.717036
793947.716589 DISPLAY_TEXT 478 145 3 the
793947.965514 CHEETAH_SIGNAL SENT_AFTER_TIME 793947.933144
793947.932697 DISPLAY_TEXT OFF
793948.282757 CHEETAH_SIGNAL SENT_AFTER_TIME 793948.250400
793948.249955 DISPLAY_TEXT 479 145 4 flowers.
793948.499219 CHEETAH_SIGNAL SENT_AFTER_TIME 793948.466938
793948.466502 DISPLAY_TEXT OFF
793949.516471 CHEETAH_SIGNAL SENT_AFTER_TIME 793949.484187
793949.483739 DISPLAY_TEXT 480 146 1 He
793949.732580 CHEETAH_SIGNAL SENT_AFTER_TIME 793949.700280
793949.699928 DISPLAY_TEXT OFF
793950.049326 CHEETAH_SIGNAL SENT_AFTER_TIME 793950.017103
793950.016655 DISPLAY_TEXT 481 146 2 said
793950.266690 CHEETAH_SIGNAL SENT_AFTER_TIME 793950.234302
793950.233858 DISPLAY_TEXT OFF
793950.582741 CHEETAH_SIGNAL SENT_AFTER_TIME 793950.550464
793950.550023 DISPLAY_TEXT 482 146 3 that
793950.799655 CHEETAH_SIGNAL SENT_AFTER_TIME 793950.767338
793950.766894 DISPLAY_TEXT OFF
793951.116973 CHEETAH_SIGNAL SENT_AFTER_TIME 793951.084586
793951.084134 DISPLAY_TEXT 483 146 4 she
793951.333273 CHEETAH_SIGNAL SENT_AFTER_TIME 793951.300918
793951.300564 DISPLAY_TEXT OFF
793951.649512 CHEETAH_SIGNAL SENT_AFTER_TIME 793951.617166
793951.616736 DISPLAY_TEXT 484 146 5 smiled.
793951.866045 CHEETAH_SIGNAL SENT_AFTER_TIME 793951.833802
793951.833354 DISPLAY_TEXT OFF
793952.883480 CHEETAH_SIGNAL SENT_AFTER_TIME 793952.851094
793952.850660 DISPLAY_TEXT 485 147 1 The
793953.099492 CHEETAH_SIGNAL SENT_AFTER_TIME 793953.067254
793953.066797 DISPLAY_TEXT OFF
793953.416781 CHEETAH_SIGNAL SENT_AFTER_TIME 793953.384440
793953.384001 DISPLAY_TEXT 486 147 2 boys
793953.632936 CHEETAH_SIGNAL SENT_AFTER_TIME 793953.600539
793953.600106 DISPLAY_TEXT OFF
793953.950183 CHEETAH_SIGNAL SENT_AFTER_TIME 793953.917877
793953.917525 DISPLAY_TEXT 487 147 3 tickle
793954.166368 CHEETAH_SIGNAL SENT_AFTER_TIME 793954.134086
793954.133646 DISPLAY_TEXT OFF
793954.483659 CHEETAH_SIGNAL SENT_AFTER_TIME 793954.451351
793954.450917 DISPLAY_TEXT 488 147 4 the
793954.699781 CHEETAH_SIGNAL SENT_AFTER_TIME 793954.667476
793954.667041 DISPLAY_TEXT OFF
793955.016985 CHEETAH_SIGNAL SENT_AFTER_TIME 793954.984705
793954.984258 DISPLAY_TEXT 489 147 5 girl.
793955.233532 CHEETAH_SIGNAL SENT_AFTER_TIME 793955.201177
793955.200742 DISPLAY_TEXT OFF
793956.250883 CHEETAH_SIGNAL SENT_AFTER_TIME 793956.218568
793956.218133 DISPLAY_TEXT 490 148 1 The
793956.466935 CHEETAH_SIGNAL SENT_AFTER_TIME 793956.434666
793956.434232 DISPLAY_TEXT OFF
793956.784158 CHEETAH_SIGNAL SENT_AFTER_TIME 793956.751941
793956.751511 DISPLAY_TEXT 491 148 2 grandpa
793957.000470 CHEETAH_SIGNAL SENT_AFTER_TIME 793956.968082
793956.967649 DISPLAY_TEXT OFF
793957.317592 CHEETAH_SIGNAL SENT_AFTER_TIME 793957.285292
793957.284858 DISPLAY_TEXT 492 148 3 ate
793957.533556 CHEETAH_SIGNAL SENT_AFTER_TIME 793957.501354
793957.500992 DISPLAY_TEXT OFF
793957.851047 CHEETAH_SIGNAL SENT_AFTER_TIME 793957.818716
793957.818276 DISPLAY_TEXT 493 148 4 the
793958.067097 CHEETAH_SIGNAL SENT_AFTER_TIME 793958.034796
793958.034346 DISPLAY_TEXT OFF
793958.384456 CHEETAH_SIGNAL SENT_AFTER_TIME 793958.352072
793958.351626 DISPLAY_TEXT 494 148 5 meal.
793958.600867 CHEETAH_SIGNAL SENT_AFTER_TIME 793958.568676
793958.568241 DISPLAY_TEXT OFF
793959.618202 CHEETAH_SIGNAL SENT_AFTER_TIME 793959.585924
793959.585484 DISPLAY_TEXT 495 149 1 The
793959.834294 CHEETAH_SIGNAL SENT_AFTER_TIME 793959.802024
793959.801670 DISPLAY_TEXT OFF
793960.151603 CHEETAH_SIGNAL SENT_AFTER_TIME 793960.119369
793960.118937 DISPLAY_TEXT 496 149 2 girl
793960.367789 CHEETAH_SIGNAL SENT_AFTER_TIME 793960.335520
793960.335085 DISPLAY_TEXT OFF
793960.685101 CHEETAH_SIGNAL SENT_AFTER_TIME 793960.652803
793960.652369 DISPLAY_TEXT 497 149 3 cries.
793960.901178 CHEETAH_SIGNAL SENT_AFTER_TIME 793960.868840
793960.868392 DISPLAY_TEXT OFF
793961.918303 CHEETAH_SIGNAL SENT_AFTER_TIME 793961.886069
793961.885632 DISPLAY_TEXT 498 150 1 What
793962.134394 CHEETAH_SIGNAL SENT_AFTER_TIME 793962.102180
793962.101746 DISPLAY_TEXT OFF
793962.451767 CHEETAH_SIGNAL SENT_AFTER_TIME 793962.419433
793962.419077 DISPLAY_TEXT 499 150 2 did
793962.667938 CHEETAH_SIGNAL SENT_AFTER_TIME 793962.635613
793962.635165 DISPLAY_TEXT OFF
793962.985144 CHEETAH_SIGNAL SENT_AFTER_TIME 793962.952872
793962.952439 DISPLAY_TEXT 500 150 3 the
793963.201282 CHEETAH_SIGNAL SENT_AFTER_TIME 793963.168958
793963.168610 DISPLAY_TEXT OFF
793963.518638 CHEETAH_SIGNAL SENT_AFTER_TIME 793963.486279
793963.485831 DISPLAY_TEXT 501 150 4 boy
793963.734751 CHEETAH_SIGNAL SENT_AFTER_TIME 793963.702397
793963.701962 DISPLAY_TEXT OFF
793964.052067 CHEETAH_SIGNAL SENT_AFTER_TIME 793964.019679
793964.019227 DISPLAY_TEXT 502 150 5 smell?
793964.268455 CHEETAH_SIGNAL SENT_AFTER_TIME 793964.236135
793964.235702 DISPLAY_TEXT OFF
793965.285636 CHEETAH_SIGNAL SENT_AFTER_TIME 793965.253430
793965.252998 DISPLAY_TEXT 503 151 1 He
793965.501892 CHEETAH_SIGNAL SENT_AFTER_TIME 793965.469574
793965.469129 DISPLAY_TEXT OFF
793965.818873 CHEETAH_SIGNAL SENT_AFTER_TIME 793965.786591
793965.786145 DISPLAY_TEXT 504 151 2 heard
793966.034930 CHEETAH_SIGNAL SENT_AFTER_TIME 793966.002636
793966.002284 DISPLAY_TEXT OFF
793966.352286 CHEETAH_SIGNAL SENT_AFTER_TIME 793966.320031
793966.319595 DISPLAY_TEXT 505 151 3 her
793966.568548 CHEETAH_SIGNAL SENT_AFTER_TIME 793966.536147
793966.535701 DISPLAY_TEXT OFF
793966.885679 CHEETAH_SIGNAL SENT_AFTER_TIME 793966.853412
793966.852963 DISPLAY_TEXT 506 151 4 play.
793967.102237 CHEETAH_SIGNAL SENT_AFTER_TIME 793967.069950
793967.069516 DISPLAY_TEXT OFF
793968.119581 CHEETAH_SIGNAL SENT_AFTER_TIME 793968.087211
793968.086764 DISPLAY_TEXT 507 152 1 She
793968.335780 CHEETAH_SIGNAL SENT_AFTER_TIME 793968.303400
793968.302955 DISPLAY_TEXT OFF
793968.653062 CHEETAH_SIGNAL SENT_AFTER_TIME 793968.620675
793968.620232 DISPLAY_TEXT 508 152 2 dressed.
793968.868836 CHEETAH_SIGNAL SENT_AFTER_TIME 793968.836674
793968.836321 DISPLAY_TEXT OFF
