1489761577088444 CHEETAH_SIGNAL SENT_AFTER_TIME 91495.806707
1489761579829729 CHEETAH_SIGNAL SENT_AFTER_TIME 91498.549286
1489761579899521 CHEETAH_SIGNAL SENT_AFTER_TIME 91498.618641
1489761579866846 DISPLAY_INSTRUCTIONS Stimuli/instructions_audio_sentences.png
1489761604644011 KEY_PRESS space
1489761604677073 CHEETAH_SIGNAL SENT_AFTER_TIME 91523.396575
1489761604775893 CHEETAH_SIGNAL SENT_AFTER_TIME 91523.495144
1489761604742428 DISPLAY_INSTRUCTIONS OFF
1489761604813621 SOUND_ONSET 400 0.200 44100
1489761605152836 SOUND_ONSET 300 0.200 44100
1489761605791631 SOUND_ONSET 600 0.200 44100
1489761606233698 SOUND_ONSET 500 0.200 44100
1489761606475050 SOUND_ONSET 700 0.200 44100
1489761606866960 SOUND_ONSET 300 0.200 44100
1489761607308666 SOUND_ONSET 400 0.200 44100
1489761607700759 SOUND_ONSET 300 0.200 44100
1489761607964620 CHEETAH_SIGNAL SENT_AFTER_TIME 91526.685308
1489761607996793 CHEETAH_SIGNAL SENT_AFTER_TIME 91526.717385
1489761608040466 CHEETAH_SIGNAL SENT_AFTER_TIME 91526.760834
1489761608007961 DISPLAY_FIXATION
1489761611224880 AUDIO_PLAYBACK_ONSET 1.wav
1489761612099856 AUDIO_PLAYBACK_DONE 1.wav
1489761604640393 KEY_PRESS space
1489761604720405 KEY_PRESS space
1489761613099815 AUDIO_PLAYBACK_ONSET 2.wav
1489761614521619 AUDIO_PLAYBACK_DONE 2.wav
1489761615521578 AUDIO_PLAYBACK_ONSET 3.wav
1489761617013702 AUDIO_PLAYBACK_DONE 3.wav
1489761618013661 AUDIO_PLAYBACK_ONSET 4.wav
1489761619070260 AUDIO_PLAYBACK_DONE 4.wav
1489761620070219 AUDIO_PLAYBACK_ONSET 5.wav
1489761621533045 AUDIO_PLAYBACK_DONE 5.wav
1489761622533004 AUDIO_PLAYBACK_ONSET 6.wav
1489761623759511 AUDIO_PLAYBACK_DONE 6.wav
1489761624759470 AUDIO_PLAYBACK_ONSET 7.wav
1489761625853170 AUDIO_PLAYBACK_DONE 7.wav
1489761626853129 AUDIO_PLAYBACK_ONSET 8.wav
1489761628032770 AUDIO_PLAYBACK_DONE 8.wav
1489761629032729 AUDIO_PLAYBACK_ONSET 9.wav
1489761630282657 AUDIO_PLAYBACK_DONE 9.wav
1489761631282616 AUDIO_PLAYBACK_ONSET 10.wav
1489761632407563 AUDIO_PLAYBACK_DONE 10.wav
1489761630367477 KEY_PRESS l
1489761630511466 KEY_PRESS l
1489761633407522 AUDIO_PLAYBACK_ONSET 11.wav
1489761634360591 AUDIO_PLAYBACK_DONE 11.wav
1489761635360550 AUDIO_PLAYBACK_ONSET 12.wav
1489761636766734 AUDIO_PLAYBACK_DONE 12.wav
1489761637766693 AUDIO_PLAYBACK_ONSET 13.wav
1489761639610359 AUDIO_PLAYBACK_DONE 13.wav
1489761639199117 KEY_PRESS l
1489761639351095 KEY_PRESS l
1489761640610318 AUDIO_PLAYBACK_ONSET 14.wav
1489761641954008 AUDIO_PLAYBACK_DONE 14.wav
1489761642953967 AUDIO_PLAYBACK_ONSET 15.wav
1489761644016444 AUDIO_PLAYBACK_DONE 15.wav
1489761645016403 AUDIO_PLAYBACK_ONSET 16.wav
1489761646485075 AUDIO_PLAYBACK_DONE 16.wav
1489761647485034 AUDIO_PLAYBACK_ONSET 17.wav
1489761648484974 AUDIO_PLAYBACK_DONE 17.wav
1489761649484934 AUDIO_PLAYBACK_ONSET 18.wav
1489761650984851 AUDIO_PLAYBACK_DONE 18.wav
1489761651984810 AUDIO_PLAYBACK_ONSET 19.wav
1489761653016019 AUDIO_PLAYBACK_DONE 19.wav
1489761652310581 KEY_PRESS l
1489761652350561 KEY_PRESS l
1489761652382561 KEY_PRESS l
1489761652502472 KEY_PRESS l
1489761654015978 AUDIO_PLAYBACK_ONSET 20.wav
1489761655234664 AUDIO_PLAYBACK_DONE 20.wav
1489761656234623 AUDIO_PLAYBACK_ONSET 21.wav
1489761657203315 AUDIO_PLAYBACK_DONE 21.wav
1489761658203274 AUDIO_PLAYBACK_ONSET 22.wav
1489761659359488 AUDIO_PLAYBACK_DONE 22.wav
1489761660359447 AUDIO_PLAYBACK_ONSET 23.wav
1489761661859366 AUDIO_PLAYBACK_DONE 23.wav
1489761662859325 AUDIO_PLAYBACK_ONSET 24.wav
1489761664453027 AUDIO_PLAYBACK_DONE 24.wav
1489761665452986 AUDIO_PLAYBACK_ONSET 25.wav
1489761666952903 AUDIO_PLAYBACK_DONE 25.wav
1489761664574072 KEY_PRESS l
1489761664694063 KEY_PRESS l
1489761667952862 AUDIO_PLAYBACK_ONSET 26.wav
1489761669312175 AUDIO_PLAYBACK_DONE 26.wav
1489761670312134 AUDIO_PLAYBACK_ONSET 27.wav
1489761671999554 AUDIO_PLAYBACK_DONE 27.wav
1489761672999513 AUDIO_PLAYBACK_ONSET 28.wav
1489761674499433 AUDIO_PLAYBACK_DONE 28.wav
1489761675499392 AUDIO_PLAYBACK_ONSET 29.wav
1489761676999310 AUDIO_PLAYBACK_DONE 29.wav
1489761677999269 AUDIO_PLAYBACK_ONSET 30.wav
1489761679499191 AUDIO_PLAYBACK_DONE 30.wav
1489761680499150 AUDIO_PLAYBACK_ONSET 31.wav
1489761681749078 AUDIO_PLAYBACK_DONE 31.wav
1489761682749037 AUDIO_PLAYBACK_ONSET 32.wav
1489761683983345 AUDIO_PLAYBACK_DONE 32.wav
1489761684983304 AUDIO_PLAYBACK_ONSET 33.wav
1489761686123874 AUDIO_PLAYBACK_DONE 33.wav
1489761687123833 AUDIO_PLAYBACK_ONSET 34.wav
1489761688498767 AUDIO_PLAYBACK_DONE 34.wav
1489761689498726 AUDIO_PLAYBACK_ONSET 35.wav
1489761691061182 AUDIO_PLAYBACK_DONE 35.wav
1489761692061141 AUDIO_PLAYBACK_ONSET 36.wav
1489761693311069 AUDIO_PLAYBACK_DONE 36.wav
1489761694311028 AUDIO_PLAYBACK_ONSET 37.wav
1489761695404728 AUDIO_PLAYBACK_DONE 37.wav
1489761696404687 AUDIO_PLAYBACK_ONSET 38.wav
1489761697685905 AUDIO_PLAYBACK_DONE 38.wav
1489761698685864 AUDIO_PLAYBACK_ONSET 39.wav
1489761700560781 AUDIO_PLAYBACK_DONE 39.wav
1489761701560740 AUDIO_PLAYBACK_ONSET 40.wav
1489761702998170 AUDIO_PLAYBACK_DONE 40.wav
1489761703998129 AUDIO_PLAYBACK_ONSET 41.wav
1489761705224634 AUDIO_PLAYBACK_DONE 41.wav
1489761706224593 AUDIO_PLAYBACK_ONSET 42.wav
1489761707380785 AUDIO_PLAYBACK_DONE 42.wav
1489761708380744 AUDIO_PLAYBACK_ONSET 43.wav
1489761709630673 AUDIO_PLAYBACK_DONE 43.wav
1489761710630632 AUDIO_PLAYBACK_ONSET 44.wav
1489761711818068 AUDIO_PLAYBACK_DONE 44.wav
1489761712818027 AUDIO_PLAYBACK_ONSET 45.wav
1489761713911730 AUDIO_PLAYBACK_DONE 45.wav
1489761711844121 KEY_PRESS l
1489761712004117 KEY_PRESS l
1489761714911689 AUDIO_PLAYBACK_ONSET 46.wav
1489761715974141 AUDIO_PLAYBACK_DONE 46.wav
1489761716974100 AUDIO_PLAYBACK_ONSET 47.wav
1489761718208403 AUDIO_PLAYBACK_DONE 47.wav
1489761719208362 AUDIO_PLAYBACK_ONSET 48.wav
1489761720380178 AUDIO_PLAYBACK_DONE 48.wav
1489761721380137 AUDIO_PLAYBACK_ONSET 49.wav
1489761722645713 AUDIO_PLAYBACK_DONE 49.wav
1489761723645672 AUDIO_PLAYBACK_ONSET 50.wav
1489761724747170 AUDIO_PLAYBACK_DONE 50.wav
1489761723723589 KEY_PRESS l
1489761723843674 KEY_PRESS l
1489761725747129 AUDIO_PLAYBACK_ONSET 51.wav
1489761727090820 AUDIO_PLAYBACK_DONE 51.wav
1489761728090779 AUDIO_PLAYBACK_ONSET 52.wav
1489761729340706 AUDIO_PLAYBACK_DONE 52.wav
1489761730340665 AUDIO_PLAYBACK_ONSET 53.wav
1489761731840584 AUDIO_PLAYBACK_DONE 53.wav
1489761732840543 AUDIO_PLAYBACK_ONSET 54.wav
1489761734090472 AUDIO_PLAYBACK_DONE 54.wav
1489761735090431 AUDIO_PLAYBACK_ONSET 55.wav
1489761736277867 AUDIO_PLAYBACK_DONE 55.wav
1489761737277826 AUDIO_PLAYBACK_ONSET 56.wav
1489761739059025 AUDIO_PLAYBACK_DONE 56.wav
1489761740058984 AUDIO_PLAYBACK_ONSET 57.wav
1489761741293287 AUDIO_PLAYBACK_DONE 57.wav
1489761741226921 KEY_PRESS l
1489761742293246 AUDIO_PLAYBACK_ONSET 58.wav
1489761743519753 AUDIO_PLAYBACK_DONE 58.wav
1489761741370913 KEY_PRESS l
1489761744519712 AUDIO_PLAYBACK_ONSET 59.wav
1489761745824333 AUDIO_PLAYBACK_DONE 59.wav
1489761746824292 AUDIO_PLAYBACK_ONSET 60.wav
1489761748605470 AUDIO_PLAYBACK_DONE 60.wav
1489761749605429 AUDIO_PLAYBACK_ONSET 61.wav
1489761751105349 AUDIO_PLAYBACK_DONE 61.wav
1489761752105308 AUDIO_PLAYBACK_ONSET 62.wav
1489761753574003 AUDIO_PLAYBACK_DONE 62.wav
1489761754573962 AUDIO_PLAYBACK_ONSET 63.wav
1489761755737974 AUDIO_PLAYBACK_DONE 63.wav
1489761756737933 AUDIO_PLAYBACK_ONSET 64.wav
1489761757722272 AUDIO_PLAYBACK_DONE 64.wav
1489761758722231 AUDIO_PLAYBACK_ONSET 65.wav
1489761760097164 AUDIO_PLAYBACK_DONE 65.wav
1489761761097123 AUDIO_PLAYBACK_ONSET 66.wav
1489761762308008 AUDIO_PLAYBACK_DONE 66.wav
1489761763307967 AUDIO_PLAYBACK_ONSET 67.wav
1489761764229792 AUDIO_PLAYBACK_DONE 67.wav
1489761765229751 AUDIO_PLAYBACK_ONSET 68.wav
1489761766206267 AUDIO_PLAYBACK_DONE 68.wav
1489761767206226 AUDIO_PLAYBACK_ONSET 69.wav
1489761768503045 AUDIO_PLAYBACK_DONE 69.wav
1489761769503004 AUDIO_PLAYBACK_ONSET 70.wav
1489761771034190 AUDIO_PLAYBACK_DONE 70.wav
1489761772034149 AUDIO_PLAYBACK_ONSET 71.wav
1489761773034089 AUDIO_PLAYBACK_DONE 71.wav
1489761774034048 AUDIO_PLAYBACK_ONSET 72.wav
1489761775518363 AUDIO_PLAYBACK_DONE 72.wav
1489761776518322 AUDIO_PLAYBACK_ONSET 73.wav
1489761777908883 AUDIO_PLAYBACK_DONE 73.wav
1489761778908842 AUDIO_PLAYBACK_ONSET 74.wav
1489761780096278 AUDIO_PLAYBACK_DONE 74.wav
1489761781096237 AUDIO_PLAYBACK_ONSET 75.wav
1489761782096176 AUDIO_PLAYBACK_DONE 75.wav
1489761780137362 KEY_PRESS l
1489761780281318 KEY_PRESS l
1489761783096135 AUDIO_PLAYBACK_ONSET 76.wav
1489761784408579 AUDIO_PLAYBACK_DONE 76.wav
1489761785408538 AUDIO_PLAYBACK_ONSET 77.wav
1489761786455367 AUDIO_PLAYBACK_DONE 77.wav
1489761787455326 AUDIO_PLAYBACK_ONSET 78.wav
1489761788877152 AUDIO_PLAYBACK_DONE 78.wav
1489761789877111 AUDIO_PLAYBACK_ONSET 79.wav
1489761791189552 AUDIO_PLAYBACK_DONE 79.wav
1489761792189511 AUDIO_PLAYBACK_ONSET 80.wav
1489761793408194 AUDIO_PLAYBACK_DONE 80.wav
1489761794408153 AUDIO_PLAYBACK_ONSET 81.wav
1489761795595610 AUDIO_PLAYBACK_DONE 81.wav
1489761796595569 AUDIO_PLAYBACK_ONSET 82.wav
1489761797876768 AUDIO_PLAYBACK_DONE 82.wav
1489761798876727 AUDIO_PLAYBACK_ONSET 83.wav
1489761800564141 AUDIO_PLAYBACK_DONE 83.wav
1489761801564100 AUDIO_PLAYBACK_ONSET 84.wav
1489761802814028 AUDIO_PLAYBACK_DONE 84.wav
1489761802648416 KEY_PRESS l
1489761802760332 KEY_PRESS l
1489761803813987 AUDIO_PLAYBACK_ONSET 85.wav
1489761805157698 AUDIO_PLAYBACK_DONE 85.wav
1489761806157657 AUDIO_PLAYBACK_ONSET 86.wav
1489761807470101 AUDIO_PLAYBACK_DONE 86.wav
1489761808470060 AUDIO_PLAYBACK_ONSET 87.wav
1489761809579381 AUDIO_PLAYBACK_DONE 87.wav
1489761810579340 AUDIO_PLAYBACK_ONSET 88.wav
1489761811798024 AUDIO_PLAYBACK_DONE 88.wav
1489761812797983 AUDIO_PLAYBACK_ONSET 89.wav
1489761813727629 AUDIO_PLAYBACK_DONE 89.wav
1489761814727588 AUDIO_PLAYBACK_ONSET 90.wav
1489761816118143 AUDIO_PLAYBACK_DONE 90.wav
1489761817118102 AUDIO_PLAYBACK_ONSET 91.wav
1489761818024304 AUDIO_PLAYBACK_DONE 91.wav
1489761819024263 AUDIO_PLAYBACK_ONSET 92.wav
1489761820274214 AUDIO_PLAYBACK_DONE 92.wav
1489761821274173 AUDIO_PLAYBACK_ONSET 93.wav
1489761822789736 AUDIO_PLAYBACK_DONE 93.wav
1489761823789695 AUDIO_PLAYBACK_ONSET 94.wav
1489761825008379 AUDIO_PLAYBACK_DONE 94.wav
1489761826008338 AUDIO_PLAYBACK_ONSET 95.wav
1489761827281712 AUDIO_PLAYBACK_DONE 95.wav
1489761828281671 AUDIO_PLAYBACK_ONSET 96.wav
1489761829633161 AUDIO_PLAYBACK_DONE 96.wav
1489761830633120 AUDIO_PLAYBACK_ONSET 97.wav
1489761832285413 AUDIO_PLAYBACK_DONE 97.wav
1489761833285372 AUDIO_PLAYBACK_ONSET 98.wav
1489761834632981 AUDIO_PLAYBACK_DONE 98.wav
1489761835632940 AUDIO_PLAYBACK_ONSET 99.wav
1489761836726640 AUDIO_PLAYBACK_DONE 99.wav
1489761837726599 AUDIO_PLAYBACK_ONSET 100.wav
1489761838601551 AUDIO_PLAYBACK_DONE 100.wav
1489761839601510 AUDIO_PLAYBACK_ONSET 101.wav
1489761840835816 AUDIO_PLAYBACK_DONE 101.wav
1489761841835775 AUDIO_PLAYBACK_ONSET 102.wav
1489761843429453 AUDIO_PLAYBACK_DONE 102.wav
1489761844429412 AUDIO_PLAYBACK_ONSET 103.wav
1489761845819969 AUDIO_PLAYBACK_DONE 103.wav
1489761846819928 AUDIO_PLAYBACK_ONSET 104.wav
1489761848444854 AUDIO_PLAYBACK_DONE 104.wav
1489761849444813 AUDIO_PLAYBACK_ONSET 105.wav
1489761850659595 AUDIO_PLAYBACK_DONE 105.wav
1489761851659554 AUDIO_PLAYBACK_ONSET 106.wav
1489761852878237 AUDIO_PLAYBACK_DONE 106.wav
1489761853878196 AUDIO_PLAYBACK_ONSET 107.wav
1489761855042229 AUDIO_PLAYBACK_DONE 107.wav
1489761856042188 AUDIO_PLAYBACK_ONSET 108.wav
1489761857526485 AUDIO_PLAYBACK_DONE 108.wav
1489761858526444 AUDIO_PLAYBACK_ONSET 109.wav
1489761859971714 AUDIO_PLAYBACK_DONE 109.wav
1489761860971673 AUDIO_PLAYBACK_ONSET 110.wav
1489761862502881 AUDIO_PLAYBACK_DONE 110.wav
1489761863502840 AUDIO_PLAYBACK_ONSET 111.wav
1489761864784037 AUDIO_PLAYBACK_DONE 111.wav
1489761862525970 KEY_PRESS l
1489761862717891 KEY_PRESS l
1489761865783996 AUDIO_PLAYBACK_ONSET 112.wav
1489761866721463 AUDIO_PLAYBACK_DONE 112.wav
1489761867721422 AUDIO_PLAYBACK_ONSET 113.wav
1489761868940124 AUDIO_PLAYBACK_DONE 113.wav
1489761869940083 AUDIO_PLAYBACK_ONSET 114.wav
1489761871174390 AUDIO_PLAYBACK_DONE 114.wav
1489761872174349 AUDIO_PLAYBACK_ONSET 115.wav
1489761873971147 AUDIO_PLAYBACK_DONE 115.wav
1489761874971106 AUDIO_PLAYBACK_ONSET 116.wav
1489761876033560 AUDIO_PLAYBACK_DONE 116.wav
1489761877033519 AUDIO_PLAYBACK_ONSET 117.wav
1489761878408452 AUDIO_PLAYBACK_DONE 117.wav
1489761879408411 AUDIO_PLAYBACK_ONSET 118.wav
1489761880908330 AUDIO_PLAYBACK_DONE 118.wav
1489761881908289 AUDIO_PLAYBACK_ONSET 119.wav
1489761883064502 AUDIO_PLAYBACK_DONE 119.wav
1489761884064461 AUDIO_PLAYBACK_ONSET 120.wav
1489761885361281 AUDIO_PLAYBACK_DONE 120.wav
1489761886361240 AUDIO_PLAYBACK_ONSET 121.wav
1489761887798667 AUDIO_PLAYBACK_DONE 121.wav
1489761888798626 AUDIO_PLAYBACK_ONSET 122.wav
1489761889986084 AUDIO_PLAYBACK_DONE 122.wav
1489761890986043 AUDIO_PLAYBACK_ONSET 123.wav
1489761892282861 AUDIO_PLAYBACK_DONE 123.wav
1489761893282820 AUDIO_PLAYBACK_ONSET 124.wav
1489761894267156 AUDIO_PLAYBACK_DONE 124.wav
1489761895267115 AUDIO_PLAYBACK_ONSET 125.wav
1489761896392061 AUDIO_PLAYBACK_DONE 125.wav
1489761897392020 AUDIO_PLAYBACK_ONSET 126.wav
1489761898782600 AUDIO_PLAYBACK_DONE 126.wav
1489761899782559 AUDIO_PLAYBACK_ONSET 127.wav
1489761900962194 AUDIO_PLAYBACK_DONE 127.wav
1489761901962153 AUDIO_PLAYBACK_ONSET 128.wav
1489761903274615 AUDIO_PLAYBACK_DONE 128.wav
1489761904274574 AUDIO_PLAYBACK_ONSET 129.wav
1489761905399517 AUDIO_PLAYBACK_DONE 129.wav
1489761906399476 AUDIO_PLAYBACK_ONSET 130.wav
1489761907711920 AUDIO_PLAYBACK_DONE 130.wav
1489761908711879 AUDIO_PLAYBACK_ONSET 131.wav
1489761909586834 AUDIO_PLAYBACK_DONE 131.wav
1489761910586793 AUDIO_PLAYBACK_ONSET 132.wav
1489761912199992 AUDIO_PLAYBACK_DONE 132.wav
1489761913199951 AUDIO_PLAYBACK_ONSET 133.wav
1489761914528014 AUDIO_PLAYBACK_DONE 133.wav
1489761915527973 AUDIO_PLAYBACK_ONSET 134.wav
1489761916316990 AUDIO_PLAYBACK_DONE 134.wav
1489761917316949 AUDIO_PLAYBACK_ONSET 135.wav
1489761918367701 AUDIO_PLAYBACK_DONE 135.wav
1489761919367660 AUDIO_PLAYBACK_ONSET 136.wav
1489761920984759 AUDIO_PLAYBACK_DONE 136.wav
1489761921984718 AUDIO_PLAYBACK_ONSET 137.wav
1489761923406523 AUDIO_PLAYBACK_DONE 137.wav
1489761924406482 AUDIO_PLAYBACK_ONSET 138.wav
1489761925609563 AUDIO_PLAYBACK_DONE 138.wav
1489761926609522 AUDIO_PLAYBACK_ONSET 139.wav
1489761927789159 AUDIO_PLAYBACK_DONE 139.wav
1489761928789118 AUDIO_PLAYBACK_ONSET 140.wav
1489761930070315 AUDIO_PLAYBACK_DONE 140.wav
1489761931070274 AUDIO_PLAYBACK_ONSET 141.wav
1489761932140524 AUDIO_PLAYBACK_DONE 141.wav
1489761933140483 AUDIO_PLAYBACK_ONSET 142.wav
1489761934585755 AUDIO_PLAYBACK_DONE 142.wav
1489761933163064 KEY_PRESS l
1489761935585714 AUDIO_PLAYBACK_ONSET 143.wav
1489761936702859 AUDIO_PLAYBACK_DONE 143.wav
1489761937702818 AUDIO_PLAYBACK_ONSET 144.wav
1489761939015259 AUDIO_PLAYBACK_DONE 144.wav
1489761938218850 KEY_PRESS l
1489761938346841 KEY_PRESS l
1489761940015218 AUDIO_PLAYBACK_ONSET 145.wav
1489761941405778 AUDIO_PLAYBACK_DONE 145.wav
1489761942405737 AUDIO_PLAYBACK_ONSET 146.wav
1489761943780670 AUDIO_PLAYBACK_DONE 146.wav
1489761941538610 KEY_PRESS l
1489761944780629 AUDIO_PLAYBACK_ONSET 147.wav
1489761946132119 AUDIO_PLAYBACK_DONE 147.wav
1489761947132078 AUDIO_PLAYBACK_ONSET 148.wav
1489761948397675 AUDIO_PLAYBACK_DONE 148.wav
1489761949397634 AUDIO_PLAYBACK_ONSET 149.wav
1489761950553823 AUDIO_PLAYBACK_DONE 149.wav
1489761948450413 KEY_PRESS l
1489761948602419 KEY_PRESS l
1489761951553782 AUDIO_PLAYBACK_ONSET 150.wav
1489761952803729 AUDIO_PLAYBACK_DONE 150.wav
1489761953803688 AUDIO_PLAYBACK_ONSET 151.wav
1489761954834895 AUDIO_PLAYBACK_DONE 151.wav
1489761955834854 AUDIO_PLAYBACK_ONSET 152.wav
1489761956897328 AUDIO_PLAYBACK_DONE 152.wav
