1489763364342706 CHEETAH_SIGNAL SENT_AFTER_TIME 93283.135713
1489763366822507 CHEETAH_SIGNAL SENT_AFTER_TIME 93285.615246
1489763366882515 CHEETAH_SIGNAL SENT_AFTER_TIME 93285.674894
1489763366849852 DISPLAY_INSTRUCTIONS Stimuli/instructions_audio_sentences.png
1489763382770861 KEY_PRESS space
1489763382803960 CHEETAH_SIGNAL SENT_AFTER_TIME 93301.596316
1489763382904204 CHEETAH_SIGNAL SENT_AFTER_TIME 93301.697207
1489763382871595 DISPLAY_INSTRUCTIONS OFF
1489763382942014 SOUND_ONSET 400 0.200 44100
1489763383278599 SOUND_ONSET 300 0.200 44100
1489763383921565 SOUND_ONSET 600 0.200 44100
1489763384363724 SOUND_ONSET 500 0.200 44100
1489763384605165 SOUND_ONSET 700 0.200 44100
1489763384996986 SOUND_ONSET 300 0.200 44100
1489763385438966 SOUND_ONSET 400 0.200 44100
1489763385830787 SOUND_ONSET 300 0.200 44100
1489763386094762 CHEETAH_SIGNAL SENT_AFTER_TIME 93304.888234
1489763386127030 CHEETAH_SIGNAL SENT_AFTER_TIME 93304.920472
1489763386170851 CHEETAH_SIGNAL SENT_AFTER_TIME 93304.964102
1489763386138308 DISPLAY_FIXATION
1489763389352147 AUDIO_PLAYBACK_ONSET 44.wav
1489763390539604 AUDIO_PLAYBACK_DONE 44.wav
1489763382767510 KEY_PRESS space
1489763382879509 KEY_PRESS space
1489763391539563 AUDIO_PLAYBACK_ONSET 125.wav
1489763392664532 AUDIO_PLAYBACK_DONE 125.wav
1489763390911316 KEY_PRESS l
1489763391007307 KEY_PRESS l
1489763393664491 AUDIO_PLAYBACK_ONSET 86.wav
1489763394976959 AUDIO_PLAYBACK_DONE 86.wav
1489763395976918 AUDIO_PLAYBACK_ONSET 9.wav
1489763397226845 AUDIO_PLAYBACK_DONE 9.wav
1489763395830974 KEY_PRESS l
1489763395951085 KEY_PRESS l
1489763397183044 KEY_PRESS l
1489763398226804 AUDIO_PLAYBACK_ONSET 41.wav
1489763399453313 AUDIO_PLAYBACK_DONE 41.wav
1489763397327014 KEY_PRESS l
1489763400453272 AUDIO_PLAYBACK_ONSET 109.wav
1489763401898521 AUDIO_PLAYBACK_DONE 109.wav
1489763402898480 AUDIO_PLAYBACK_ONSET 34.wav
1489763404273417 AUDIO_PLAYBACK_DONE 34.wav
1489763405273376 AUDIO_PLAYBACK_ONSET 53.wav
1489763406773296 AUDIO_PLAYBACK_DONE 53.wav
1489763407773255 AUDIO_PLAYBACK_ONSET 15.wav
1489763408835707 AUDIO_PLAYBACK_DONE 15.wav
1489763409835666 AUDIO_PLAYBACK_ONSET 106.wav
1489763411054352 AUDIO_PLAYBACK_DONE 106.wav
1489763412054311 AUDIO_PLAYBACK_ONSET 130.wav
1489763413366753 AUDIO_PLAYBACK_DONE 130.wav
1489763414366712 AUDIO_PLAYBACK_ONSET 123.wav
1489763415663534 AUDIO_PLAYBACK_DONE 123.wav
1489763416663493 AUDIO_PLAYBACK_ONSET 28.wav
1489763418163410 AUDIO_PLAYBACK_DONE 28.wav
1489763419163369 AUDIO_PLAYBACK_ONSET 21.wav
1489763420132064 AUDIO_PLAYBACK_DONE 21.wav
1489763421132023 AUDIO_PLAYBACK_ONSET 147.wav
1489763422483514 AUDIO_PLAYBACK_DONE 147.wav
1489763423483473 AUDIO_PLAYBACK_ONSET 78.wav
1489763424905276 AUDIO_PLAYBACK_DONE 78.wav
1489763425905235 AUDIO_PLAYBACK_ONSET 51.wav
1489763427248928 AUDIO_PLAYBACK_DONE 51.wav
1489763428248887 AUDIO_PLAYBACK_ONSET 116.wav
1489763429311339 AUDIO_PLAYBACK_DONE 116.wav
1489763430311298 AUDIO_PLAYBACK_ONSET 138.wav
1489763431514360 AUDIO_PLAYBACK_DONE 138.wav
1489763432514319 AUDIO_PLAYBACK_ONSET 60.wav
1489763434295498 AUDIO_PLAYBACK_DONE 60.wav
1489763435295457 AUDIO_PLAYBACK_ONSET 33.wav
1489763436436024 AUDIO_PLAYBACK_DONE 33.wav
1489763437435983 AUDIO_PLAYBACK_ONSET 47.wav
1489763438670291 AUDIO_PLAYBACK_DONE 47.wav
1489763439670250 AUDIO_PLAYBACK_ONSET 152.wav
1489763440732702 AUDIO_PLAYBACK_DONE 152.wav
1489763441732661 AUDIO_PLAYBACK_ONSET 82.wav
1489763443013859 AUDIO_PLAYBACK_DONE 82.wav
1489763440997258 KEY_PRESS l
1489763441301241 KEY_PRESS l
1489763444013818 AUDIO_PLAYBACK_ONSET 22.wav
1489763445170010 AUDIO_PLAYBACK_DONE 22.wav
1489763446169969 AUDIO_PLAYBACK_ONSET 52.wav
1489763447419897 AUDIO_PLAYBACK_DONE 52.wav
1489763448419856 AUDIO_PLAYBACK_ONSET 73.wav
1489763449810417 AUDIO_PLAYBACK_DONE 73.wav
1489763450810376 AUDIO_PLAYBACK_ONSET 115.wav
1489763452607178 AUDIO_PLAYBACK_DONE 115.wav
1489763453607137 AUDIO_PLAYBACK_ONSET 89.wav
1489763454536785 AUDIO_PLAYBACK_DONE 89.wav
1489763455536744 AUDIO_PLAYBACK_ONSET 18.wav
1489763457036660 AUDIO_PLAYBACK_DONE 18.wav
1489763456916617 KEY_PRESS l
1489763456996598 KEY_PRESS l
1489763458036619 AUDIO_PLAYBACK_ONSET 57.wav
1489763459270926 AUDIO_PLAYBACK_DONE 57.wav
1489763459188475 KEY_PRESS l
1489763460270885 AUDIO_PLAYBACK_ONSET 101.wav
1489763461505192 AUDIO_PLAYBACK_DONE 101.wav
1489763459300494 KEY_PRESS l
1489763462505151 AUDIO_PLAYBACK_ONSET 12.wav
1489763463911333 AUDIO_PLAYBACK_DONE 12.wav
1489763464911292 AUDIO_PLAYBACK_ONSET 124.wav
1489763465895610 AUDIO_PLAYBACK_DONE 124.wav
1489763466895569 AUDIO_PLAYBACK_ONSET 10.wav
1489763468020513 AUDIO_PLAYBACK_DONE 10.wav
1489763469020472 AUDIO_PLAYBACK_ONSET 40.wav
1489763470457900 AUDIO_PLAYBACK_DONE 40.wav
1489763471457859 AUDIO_PLAYBACK_ONSET 128.wav
1489763472770326 AUDIO_PLAYBACK_DONE 128.wav
1489763473770285 AUDIO_PLAYBACK_ONSET 32.wav
1489763475004592 AUDIO_PLAYBACK_DONE 32.wav
1489763476004551 AUDIO_PLAYBACK_ONSET 121.wav
1489763477441998 AUDIO_PLAYBACK_DONE 121.wav
1489763478441957 AUDIO_PLAYBACK_ONSET 16.wav
1489763479910629 AUDIO_PLAYBACK_DONE 16.wav
1489763480910588 AUDIO_PLAYBACK_ONSET 58.wav
1489763482137094 AUDIO_PLAYBACK_DONE 58.wav
1489763483137053 AUDIO_PLAYBACK_ONSET 104.wav
1489763484762003 AUDIO_PLAYBACK_DONE 104.wav
1489763485761962 AUDIO_PLAYBACK_ONSET 27.wav
1489763487449380 AUDIO_PLAYBACK_DONE 27.wav
1489763488449339 AUDIO_PLAYBACK_ONSET 49.wav
1489763489714913 AUDIO_PLAYBACK_DONE 49.wav
1489763490714872 AUDIO_PLAYBACK_ONSET 88.wav
1489763491933555 AUDIO_PLAYBACK_DONE 88.wav
1489763490067247 KEY_PRESS l
1489763490171229 KEY_PRESS l
1489763492933514 AUDIO_PLAYBACK_ONSET 13.wav
1489763494777182 AUDIO_PLAYBACK_DONE 13.wav
1489763494331066 KEY_PRESS l
1489763494499053 KEY_PRESS l
1489763495777141 AUDIO_PLAYBACK_ONSET 102.wav
1489763497370843 AUDIO_PLAYBACK_DONE 102.wav
1489763498370802 AUDIO_PLAYBACK_ONSET 45.wav
1489763499464502 AUDIO_PLAYBACK_DONE 45.wav
1489763500464461 AUDIO_PLAYBACK_ONSET 71.wav
1489763501464402 AUDIO_PLAYBACK_DONE 71.wav
1489763502464361 AUDIO_PLAYBACK_ONSET 137.wav
1489763503886164 AUDIO_PLAYBACK_DONE 137.wav
1489763504886123 AUDIO_PLAYBACK_ONSET 66.wav
1489763506097007 AUDIO_PLAYBACK_DONE 66.wav
1489763507096966 AUDIO_PLAYBACK_ONSET 105.wav
1489763508311750 AUDIO_PLAYBACK_DONE 105.wav
1489763509311709 AUDIO_PLAYBACK_ONSET 2.wav
1489763510733512 AUDIO_PLAYBACK_DONE 2.wav
1489763511733471 AUDIO_PLAYBACK_ONSET 90.wav
1489763513124031 AUDIO_PLAYBACK_DONE 90.wav
1489763514123990 AUDIO_PLAYBACK_ONSET 74.wav
1489763515311426 AUDIO_PLAYBACK_DONE 74.wav
1489763516311385 AUDIO_PLAYBACK_ONSET 31.wav
1489763517561314 AUDIO_PLAYBACK_DONE 31.wav
1489763518561273 AUDIO_PLAYBACK_ONSET 141.wav
1489763519631526 AUDIO_PLAYBACK_DONE 141.wav
1489763520631485 AUDIO_PLAYBACK_ONSET 25.wav
1489763522131405 AUDIO_PLAYBACK_DONE 25.wav
1489763523131364 AUDIO_PLAYBACK_ONSET 3.wav
1489763524623485 AUDIO_PLAYBACK_DONE 3.wav
1489763524305852 KEY_PRESS l
1489763524457826 KEY_PRESS l
1489763525623444 AUDIO_PLAYBACK_ONSET 37.wav
1489763526717140 AUDIO_PLAYBACK_DONE 37.wav
1489763527717099 AUDIO_PLAYBACK_ONSET 62.wav
1489763529185773 AUDIO_PLAYBACK_DONE 62.wav
1489763530185732 AUDIO_PLAYBACK_ONSET 20.wav
1489763531404437 AUDIO_PLAYBACK_DONE 20.wav
1489763532404396 AUDIO_PLAYBACK_ONSET 7.wav
1489763533498094 AUDIO_PLAYBACK_DONE 7.wav
1489763534498053 AUDIO_PLAYBACK_ONSET 85.wav
1489763535841743 AUDIO_PLAYBACK_DONE 85.wav
1489763535737373 KEY_PRESS l
1489763536841702 AUDIO_PLAYBACK_ONSET 65.wav
1489763538216638 AUDIO_PLAYBACK_DONE 65.wav
1489763535905358 KEY_PRESS l
1489763539216597 AUDIO_PLAYBACK_ONSET 81.wav
1489763540404056 AUDIO_PLAYBACK_DONE 81.wav
1489763541404015 AUDIO_PLAYBACK_ONSET 26.wav
1489763542763324 AUDIO_PLAYBACK_DONE 26.wav
1489763543763283 AUDIO_PLAYBACK_ONSET 56.wav
1489763545544461 AUDIO_PLAYBACK_DONE 56.wav
1489763546544420 AUDIO_PLAYBACK_ONSET 150.wav
1489763547794351 AUDIO_PLAYBACK_DONE 150.wav
1489763548794310 AUDIO_PLAYBACK_ONSET 117.wav
1489763550169244 AUDIO_PLAYBACK_DONE 117.wav
1489763551169203 AUDIO_PLAYBACK_ONSET 23.wav
1489763552669121 AUDIO_PLAYBACK_DONE 23.wav
1489763553669080 AUDIO_PLAYBACK_ONSET 96.wav
1489763555020590 AUDIO_PLAYBACK_DONE 96.wav
1489763556020549 AUDIO_PLAYBACK_ONSET 76.wav
1489763557332993 AUDIO_PLAYBACK_DONE 76.wav
1489763558332952 AUDIO_PLAYBACK_ONSET 80.wav
1489763559551635 AUDIO_PLAYBACK_DONE 80.wav
1489763560551594 AUDIO_PLAYBACK_ONSET 54.wav
1489763561801523 AUDIO_PLAYBACK_DONE 54.wav
1489763562801482 AUDIO_PLAYBACK_ONSET 72.wav
1489763564285799 AUDIO_PLAYBACK_DONE 72.wav
1489763565285758 AUDIO_PLAYBACK_ONSET 4.wav
1489763566342336 AUDIO_PLAYBACK_DONE 4.wav
1489763567342295 AUDIO_PLAYBACK_ONSET 132.wav
1489763568955498 AUDIO_PLAYBACK_DONE 132.wav
1489763569955457 AUDIO_PLAYBACK_ONSET 98.wav
1489763571303047 AUDIO_PLAYBACK_DONE 98.wav
1489763572303006 AUDIO_PLAYBACK_ONSET 64.wav
1489763573287342 AUDIO_PLAYBACK_DONE 64.wav
1489763574287301 AUDIO_PLAYBACK_ONSET 50.wav
1489763575388802 AUDIO_PLAYBACK_DONE 50.wav
1489763576388761 AUDIO_PLAYBACK_ONSET 94.wav
1489763577607444 AUDIO_PLAYBACK_DONE 94.wav
1489763578607403 AUDIO_PLAYBACK_ONSET 14.wav
1489763579951114 AUDIO_PLAYBACK_DONE 14.wav
1489763580951073 AUDIO_PLAYBACK_ONSET 48.wav
1489763582122886 AUDIO_PLAYBACK_DONE 48.wav
1489763583122845 AUDIO_PLAYBACK_ONSET 119.wav
1489763584279038 AUDIO_PLAYBACK_DONE 119.wav
1489763585278997 AUDIO_PLAYBACK_ONSET 75.wav
1489763586278933 AUDIO_PLAYBACK_DONE 75.wav
1489763587278892 AUDIO_PLAYBACK_ONSET 8.wav
1489763588458528 AUDIO_PLAYBACK_DONE 8.wav
1489763589458487 AUDIO_PLAYBACK_ONSET 67.wav
1489763590380333 AUDIO_PLAYBACK_DONE 67.wav
1489763591380293 AUDIO_PLAYBACK_ONSET 112.wav
1489763592317737 AUDIO_PLAYBACK_DONE 112.wav
1489763593317696 AUDIO_PLAYBACK_ONSET 108.wav
1489763594801992 AUDIO_PLAYBACK_DONE 108.wav
1489763595801951 AUDIO_PLAYBACK_ONSET 91.wav
1489763596708151 AUDIO_PLAYBACK_DONE 91.wav
1489763597708110 AUDIO_PLAYBACK_ONSET 133.wav
1489763599036178 AUDIO_PLAYBACK_DONE 133.wav
1489763600036137 AUDIO_PLAYBACK_ONSET 17.wav
1489763601036075 AUDIO_PLAYBACK_DONE 17.wav
1489763602036034 AUDIO_PLAYBACK_ONSET 68.wav
1489763603012572 AUDIO_PLAYBACK_DONE 68.wav
1489763604012531 AUDIO_PLAYBACK_ONSET 97.wav
1489763605664801 AUDIO_PLAYBACK_DONE 97.wav
1489763606664760 AUDIO_PLAYBACK_ONSET 114.wav
1489763607899063 AUDIO_PLAYBACK_DONE 114.wav
1489763608899022 AUDIO_PLAYBACK_ONSET 142.wav
1489763610344274 AUDIO_PLAYBACK_DONE 142.wav
1489763611344233 AUDIO_PLAYBACK_ONSET 87.wav
1489763612453554 AUDIO_PLAYBACK_DONE 87.wav
1489763613453513 AUDIO_PLAYBACK_ONSET 144.wav
1489763614765977 AUDIO_PLAYBACK_DONE 144.wav
1489763615765936 AUDIO_PLAYBACK_ONSET 148.wav
1489763617031508 AUDIO_PLAYBACK_DONE 148.wav
1489763618031467 AUDIO_PLAYBACK_ONSET 69.wav
1489763619328289 AUDIO_PLAYBACK_DONE 69.wav
1489763617349997 KEY_PRESS l
1489763617534011 KEY_PRESS l
1489763620328248 AUDIO_PLAYBACK_ONSET 111.wav
1489763621609467 AUDIO_PLAYBACK_DONE 111.wav
1489763622609426 AUDIO_PLAYBACK_ONSET 113.wav
1489763623828107 AUDIO_PLAYBACK_DONE 113.wav
1489763624828066 AUDIO_PLAYBACK_ONSET 118.wav
1489763626327987 AUDIO_PLAYBACK_DONE 118.wav
1489763627327946 AUDIO_PLAYBACK_ONSET 120.wav
1489763628624764 AUDIO_PLAYBACK_DONE 120.wav
1489763629624723 AUDIO_PLAYBACK_ONSET 36.wav
1489763630874653 AUDIO_PLAYBACK_DONE 36.wav
1489763631874612 AUDIO_PLAYBACK_ONSET 145.wav
1489763633265190 AUDIO_PLAYBACK_DONE 145.wav
1489763634265149 AUDIO_PLAYBACK_ONSET 134.wav
1489763635054167 AUDIO_PLAYBACK_DONE 134.wav
1489763636054126 AUDIO_PLAYBACK_ONSET 143.wav
1489763637171268 AUDIO_PLAYBACK_DONE 143.wav
1489763638171228 AUDIO_PLAYBACK_ONSET 42.wav
1489763639327418 AUDIO_PLAYBACK_DONE 42.wav
1489763640327377 AUDIO_PLAYBACK_ONSET 126.wav
1489763641717957 AUDIO_PLAYBACK_DONE 126.wav
1489763641437018 KEY_PRESS l
1489763641589037 KEY_PRESS l
1489763642717916 AUDIO_PLAYBACK_ONSET 38.wav
1489763643999111 AUDIO_PLAYBACK_DONE 38.wav
1489763644999070 AUDIO_PLAYBACK_ONSET 103.wav
1489763646389630 AUDIO_PLAYBACK_DONE 103.wav
1489763647389589 AUDIO_PLAYBACK_ONSET 43.wav
1489763648639536 AUDIO_PLAYBACK_DONE 43.wav
1489763649639495 AUDIO_PLAYBACK_ONSET 35.wav
1489763651201927 AUDIO_PLAYBACK_DONE 35.wav
1489763652201886 AUDIO_PLAYBACK_ONSET 93.wav
1489763653717448 AUDIO_PLAYBACK_DONE 93.wav
1489763654717407 AUDIO_PLAYBACK_ONSET 146.wav
1489763656092341 AUDIO_PLAYBACK_DONE 146.wav
1489763657092300 AUDIO_PLAYBACK_ONSET 110.wav
1489763658623486 AUDIO_PLAYBACK_DONE 110.wav
1489763658588240 KEY_PRESS l
1489763659623445 AUDIO_PLAYBACK_ONSET 46.wav
1489763660685900 AUDIO_PLAYBACK_DONE 46.wav
1489763658708322 KEY_PRESS l
1489763661685859 AUDIO_PLAYBACK_ONSET 136.wav
1489763663302959 AUDIO_PLAYBACK_DONE 136.wav
1489763664302918 AUDIO_PLAYBACK_ONSET 95.wav
1489763665576315 AUDIO_PLAYBACK_DONE 95.wav
1489763666576274 AUDIO_PLAYBACK_ONSET 151.wav
1489763667607479 AUDIO_PLAYBACK_DONE 151.wav
1489763668607438 AUDIO_PLAYBACK_ONSET 30.wav
1489763670107357 AUDIO_PLAYBACK_DONE 30.wav
1489763671107316 AUDIO_PLAYBACK_ONSET 122.wav
1489763672294751 AUDIO_PLAYBACK_DONE 122.wav
1489763673294710 AUDIO_PLAYBACK_ONSET 77.wav
1489763674341542 AUDIO_PLAYBACK_DONE 77.wav
1489763675341501 AUDIO_PLAYBACK_ONSET 139.wav
1489763676521135 AUDIO_PLAYBACK_DONE 139.wav
1489763677521094 AUDIO_PLAYBACK_ONSET 55.wav
1489763678708530 AUDIO_PLAYBACK_DONE 55.wav
1489763679708489 AUDIO_PLAYBACK_ONSET 107.wav
1489763680872524 AUDIO_PLAYBACK_DONE 107.wav
1489763681872483 AUDIO_PLAYBACK_ONSET 39.wav
1489763683747397 AUDIO_PLAYBACK_DONE 39.wav
1489763684747356 AUDIO_PLAYBACK_ONSET 127.wav
1489763685926992 AUDIO_PLAYBACK_DONE 127.wav
1489763686926951 AUDIO_PLAYBACK_ONSET 149.wav
1489763688083143 AUDIO_PLAYBACK_DONE 149.wav
1489763689083102 AUDIO_PLAYBACK_ONSET 140.wav
1489763690364296 AUDIO_PLAYBACK_DONE 140.wav
1489763691364255 AUDIO_PLAYBACK_ONSET 6.wav
1489763692590760 AUDIO_PLAYBACK_DONE 6.wav
1489763693590719 AUDIO_PLAYBACK_ONSET 131.wav
1489763694465673 AUDIO_PLAYBACK_DONE 131.wav
1489763695465632 AUDIO_PLAYBACK_ONSET 84.wav
1489763696715584 AUDIO_PLAYBACK_DONE 84.wav
1489763697715543 AUDIO_PLAYBACK_ONSET 5.wav
1489763699178364 AUDIO_PLAYBACK_DONE 5.wav
1489763700178323 AUDIO_PLAYBACK_ONSET 24.wav
1489763701772002 AUDIO_PLAYBACK_DONE 24.wav
1489763701410606 KEY_PRESS l
1489763701594565 KEY_PRESS l
1489763702771961 AUDIO_PLAYBACK_ONSET 61.wav
1489763704271902 AUDIO_PLAYBACK_DONE 61.wav
1489763705271861 AUDIO_PLAYBACK_ONSET 1.wav
1489763706146813 AUDIO_PLAYBACK_DONE 1.wav
1489763707146772 AUDIO_PLAYBACK_ONSET 92.wav
1489763708396702 AUDIO_PLAYBACK_DONE 92.wav
1489763709396661 AUDIO_PLAYBACK_ONSET 99.wav
1489763710490380 AUDIO_PLAYBACK_DONE 99.wav
1489763711490339 AUDIO_PLAYBACK_ONSET 135.wav
1489763712541089 AUDIO_PLAYBACK_DONE 135.wav
1489763713541048 AUDIO_PLAYBACK_ONSET 70.wav
1489763715072232 AUDIO_PLAYBACK_DONE 70.wav
1489763716072191 AUDIO_PLAYBACK_ONSET 83.wav
1489763717759608 AUDIO_PLAYBACK_DONE 83.wav
1489763718759567 AUDIO_PLAYBACK_ONSET 63.wav
1489763719923603 AUDIO_PLAYBACK_DONE 63.wav
1489763717953876 KEY_PRESS l
1489763718065846 KEY_PRESS l
1489763720923562 AUDIO_PLAYBACK_ONSET 29.wav
1489763722423479 AUDIO_PLAYBACK_DONE 29.wav
1489763723423438 AUDIO_PLAYBACK_ONSET 129.wav
1489763724548384 AUDIO_PLAYBACK_DONE 129.wav
1489763725548343 AUDIO_PLAYBACK_ONSET 100.wav
1489763726423294 AUDIO_PLAYBACK_DONE 100.wav
1489763727423253 AUDIO_PLAYBACK_ONSET 79.wav
1489763728735696 AUDIO_PLAYBACK_DONE 79.wav
1489763729735655 AUDIO_PLAYBACK_ONSET 11.wav
1489763730688744 AUDIO_PLAYBACK_DONE 11.wav
1489763731688703 AUDIO_PLAYBACK_ONSET 19.wav
1489763732719910 AUDIO_PLAYBACK_DONE 19.wav
1489763733719869 AUDIO_PLAYBACK_ONSET 59.wav
1489763735024488 AUDIO_PLAYBACK_DONE 59.wav
