1489762473521005 CHEETAH_SIGNAL SENT_AFTER_TIME 92392.276139
1489762476013946 CHEETAH_SIGNAL SENT_AFTER_TIME 92394.770281
1489762476074936 CHEETAH_SIGNAL SENT_AFTER_TIME 92394.830742
1489762476042213 DISPLAY_INSTRUCTIONS Stimuli/instructions_audio_sentences.png
1489762491871183 KEY_PRESS space
1489762491903308 CHEETAH_SIGNAL SENT_AFTER_TIME 92410.660123
1489762491995634 CHEETAH_SIGNAL SENT_AFTER_TIME 92410.751122
1489762491962026 DISPLAY_INSTRUCTIONS OFF
1489762492034270 SOUND_ONSET 400 0.200 44100
1489762492373123 SOUND_ONSET 300 0.200 44100
1489762493015545 SOUND_ONSET 600 0.200 44100
1489762493458250 SOUND_ONSET 500 0.200 44100
1489762493699873 SOUND_ONSET 700 0.200 44100
1489762494091875 SOUND_ONSET 300 0.200 44100
1489762494534036 SOUND_ONSET 400 0.200 44100
1489762494925766 SOUND_ONSET 300 0.200 44100
1489762495190178 CHEETAH_SIGNAL SENT_AFTER_TIME 92413.947135
1489762495222383 CHEETAH_SIGNAL SENT_AFTER_TIME 92413.979316
1489762495278118 CHEETAH_SIGNAL SENT_AFTER_TIME 92414.034764
1489762495245589 DISPLAY_FIXATION
1489762498459251 AUDIO_PLAYBACK_ONSET 8.wav
1489762499638908 AUDIO_PLAYBACK_DONE 8.wav
1489762491868003 KEY_PRESS space
1489762492019983 KEY_PRESS space
1489762500638867 AUDIO_PLAYBACK_ONSET 64.wav
1489762501623206 AUDIO_PLAYBACK_DONE 64.wav
1489762502623165 AUDIO_PLAYBACK_ONSET 134.wav
1489762503412186 AUDIO_PLAYBACK_DONE 134.wav
1489762504412145 AUDIO_PLAYBACK_ONSET 44.wav
1489762505599602 AUDIO_PLAYBACK_DONE 44.wav
1489762505355613 KEY_PRESS l
1489762505571498 KEY_PRESS l
1489762506599561 AUDIO_PLAYBACK_ONSET 46.wav
1489762507662018 AUDIO_PLAYBACK_DONE 46.wav
1489762508661977 AUDIO_PLAYBACK_ONSET 99.wav
1489762509755675 AUDIO_PLAYBACK_DONE 99.wav
1489762510755634 AUDIO_PLAYBACK_ONSET 125.wav
1489762511880581 AUDIO_PLAYBACK_DONE 125.wav
1489762512880540 AUDIO_PLAYBACK_ONSET 139.wav
1489762514060177 AUDIO_PLAYBACK_DONE 139.wav
1489762515060136 AUDIO_PLAYBACK_ONSET 146.wav
1489762516435072 AUDIO_PLAYBACK_DONE 146.wav
1489762517435031 AUDIO_PLAYBACK_ONSET 59.wav
1489762518739674 AUDIO_PLAYBACK_DONE 59.wav
1489762519739633 AUDIO_PLAYBACK_ONSET 121.wav
1489762521177059 AUDIO_PLAYBACK_DONE 121.wav
1489762522177018 AUDIO_PLAYBACK_ONSET 1.wav
1489762523051975 AUDIO_PLAYBACK_DONE 1.wav
1489762524051934 AUDIO_PLAYBACK_ONSET 144.wav
1489762525364375 AUDIO_PLAYBACK_DONE 144.wav
1489762526364334 AUDIO_PLAYBACK_ONSET 60.wav
1489762528145515 AUDIO_PLAYBACK_DONE 60.wav
1489762529145474 AUDIO_PLAYBACK_ONSET 27.wav
1489762530832890 AUDIO_PLAYBACK_DONE 27.wav
1489762531832849 AUDIO_PLAYBACK_ONSET 93.wav
1489762533348412 AUDIO_PLAYBACK_DONE 93.wav
1489762534348371 AUDIO_PLAYBACK_ONSET 122.wav
1489762535535808 AUDIO_PLAYBACK_DONE 122.wav
1489762536535768 AUDIO_PLAYBACK_ONSET 138.wav
1489762537738829 AUDIO_PLAYBACK_DONE 138.wav
1489762538738788 AUDIO_PLAYBACK_ONSET 56.wav
1489762540519966 AUDIO_PLAYBACK_DONE 56.wav
1489762541519925 AUDIO_PLAYBACK_ONSET 128.wav
1489762542832371 AUDIO_PLAYBACK_DONE 128.wav
1489762543832330 AUDIO_PLAYBACK_ONSET 92.wav
1489762545082258 AUDIO_PLAYBACK_DONE 92.wav
1489762546082217 AUDIO_PLAYBACK_ONSET 71.wav
1489762547082178 AUDIO_PLAYBACK_DONE 71.wav
1489762548082137 AUDIO_PLAYBACK_ONSET 6.wav
1489762549308642 AUDIO_PLAYBACK_DONE 6.wav
1489762550308601 AUDIO_PLAYBACK_ONSET 104.wav
1489762551933528 AUDIO_PLAYBACK_DONE 104.wav
1489762552933487 AUDIO_PLAYBACK_ONSET 131.wav
1489762553808443 AUDIO_PLAYBACK_DONE 131.wav
1489762554808402 AUDIO_PLAYBACK_ONSET 12.wav
1489762556214585 AUDIO_PLAYBACK_DONE 12.wav
1489762557214544 AUDIO_PLAYBACK_ONSET 35.wav
1489762558776980 AUDIO_PLAYBACK_DONE 35.wav
1489762559776939 AUDIO_PLAYBACK_ONSET 41.wav
1489762561003446 AUDIO_PLAYBACK_DONE 41.wav
1489762562003405 AUDIO_PLAYBACK_ONSET 148.wav
1489762563268979 AUDIO_PLAYBACK_DONE 148.wav
1489762564268938 AUDIO_PLAYBACK_ONSET 14.wav
1489762565612628 AUDIO_PLAYBACK_DONE 14.wav
1489762563385233 KEY_PRESS l
1489762563537214 KEY_PRESS l
1489762566612587 AUDIO_PLAYBACK_ONSET 25.wav
1489762568112506 AUDIO_PLAYBACK_DONE 25.wav
1489762569112465 AUDIO_PLAYBACK_ONSET 40.wav
1489762570549895 AUDIO_PLAYBACK_DONE 40.wav
1489762571549854 AUDIO_PLAYBACK_ONSET 136.wav
1489762573166957 AUDIO_PLAYBACK_DONE 136.wav
1489762574166916 AUDIO_PLAYBACK_ONSET 73.wav
1489762575557473 AUDIO_PLAYBACK_DONE 73.wav
1489762576557432 AUDIO_PLAYBACK_ONSET 76.wav
1489762577869878 AUDIO_PLAYBACK_DONE 76.wav
1489762578869837 AUDIO_PLAYBACK_ONSET 86.wav
1489762580182281 AUDIO_PLAYBACK_DONE 86.wav
1489762581182240 AUDIO_PLAYBACK_ONSET 57.wav
1489762582416547 AUDIO_PLAYBACK_DONE 57.wav
1489762583416506 AUDIO_PLAYBACK_ONSET 23.wav
1489762584916444 AUDIO_PLAYBACK_DONE 23.wav
1489762585916403 AUDIO_PLAYBACK_ONSET 39.wav
1489762587791319 AUDIO_PLAYBACK_DONE 39.wav
1489762588791278 AUDIO_PLAYBACK_ONSET 52.wav
1489762590041209 AUDIO_PLAYBACK_DONE 52.wav
1489762591041168 AUDIO_PLAYBACK_ONSET 42.wav
1489762592197357 AUDIO_PLAYBACK_DONE 42.wav
1489762593197316 AUDIO_PLAYBACK_ONSET 145.wav
1489762594587874 AUDIO_PLAYBACK_DONE 145.wav
1489762595587833 AUDIO_PLAYBACK_ONSET 109.wav
1489762597033106 AUDIO_PLAYBACK_DONE 109.wav
1489762598033065 AUDIO_PLAYBACK_ONSET 96.wav
1489762599384552 AUDIO_PLAYBACK_DONE 96.wav
1489762600384511 AUDIO_PLAYBACK_ONSET 129.wav
1489762601509459 AUDIO_PLAYBACK_DONE 129.wav
1489762602509418 AUDIO_PLAYBACK_ONSET 33.wav
1489762603649985 AUDIO_PLAYBACK_DONE 33.wav
1489762604649944 AUDIO_PLAYBACK_ONSET 38.wav
1489762605931144 AUDIO_PLAYBACK_DONE 38.wav
1489762606931103 AUDIO_PLAYBACK_ONSET 87.wav
1489762608040426 AUDIO_PLAYBACK_DONE 87.wav
1489762609040385 AUDIO_PLAYBACK_ONSET 108.wav
1489762610524683 AUDIO_PLAYBACK_DONE 108.wav
1489762611524642 AUDIO_PLAYBACK_ONSET 80.wav
1489762612743348 AUDIO_PLAYBACK_DONE 80.wav
1489762613743307 AUDIO_PLAYBACK_ONSET 48.wav
1489762614915121 AUDIO_PLAYBACK_DONE 48.wav
1489762615915080 AUDIO_PLAYBACK_ONSET 7.wav
1489762617008780 AUDIO_PLAYBACK_DONE 7.wav
1489762618008739 AUDIO_PLAYBACK_ONSET 28.wav
1489762619508656 AUDIO_PLAYBACK_DONE 28.wav
1489762620508615 AUDIO_PLAYBACK_ONSET 13.wav
1489762622352283 AUDIO_PLAYBACK_DONE 13.wav
1489762621886834 KEY_PRESS l
1489762622038849 KEY_PRESS l
1489762623352242 AUDIO_PLAYBACK_ONSET 94.wav
1489762624570948 AUDIO_PLAYBACK_DONE 94.wav
1489762625570907 AUDIO_PLAYBACK_ONSET 142.wav
1489762627016157 AUDIO_PLAYBACK_DONE 142.wav
1489762628016116 AUDIO_PLAYBACK_ONSET 135.wav
1489762629066848 AUDIO_PLAYBACK_DONE 135.wav
1489762630066807 AUDIO_PLAYBACK_ONSET 79.wav
1489762631379248 AUDIO_PLAYBACK_DONE 79.wav
1489762632379207 AUDIO_PLAYBACK_ONSET 78.wav
1489762633801012 AUDIO_PLAYBACK_DONE 78.wav
1489762634800971 AUDIO_PLAYBACK_ONSET 111.wav
1489762636082191 AUDIO_PLAYBACK_DONE 111.wav
1489762637082150 AUDIO_PLAYBACK_ONSET 91.wav
1489762637988351 AUDIO_PLAYBACK_DONE 91.wav
1489762638988310 AUDIO_PLAYBACK_ONSET 150.wav
1489762640238260 AUDIO_PLAYBACK_DONE 150.wav
1489762641238219 AUDIO_PLAYBACK_ONSET 2.wav
1489762642660021 AUDIO_PLAYBACK_DONE 2.wav
1489762643659980 AUDIO_PLAYBACK_ONSET 117.wav
1489762645034919 AUDIO_PLAYBACK_DONE 117.wav
1489762646034878 AUDIO_PLAYBACK_ONSET 120.wav
1489762647331696 AUDIO_PLAYBACK_DONE 120.wav
1489762648331655 AUDIO_PLAYBACK_ONSET 83.wav
1489762650019073 AUDIO_PLAYBACK_DONE 83.wav
1489762651019032 AUDIO_PLAYBACK_ONSET 147.wav
1489762652370523 AUDIO_PLAYBACK_DONE 147.wav
1489762653370482 AUDIO_PLAYBACK_ONSET 30.wav
1489762654870399 AUDIO_PLAYBACK_DONE 30.wav
1489762655870358 AUDIO_PLAYBACK_ONSET 112.wav
1489762656807805 AUDIO_PLAYBACK_DONE 112.wav
1489762657807764 AUDIO_PLAYBACK_ONSET 61.wav
1489762659307681 AUDIO_PLAYBACK_DONE 61.wav
1489762660307640 AUDIO_PLAYBACK_ONSET 116.wav
1489762661370091 AUDIO_PLAYBACK_DONE 116.wav
1489762662370050 AUDIO_PLAYBACK_ONSET 102.wav
1489762663963752 AUDIO_PLAYBACK_DONE 102.wav
1489762664963711 AUDIO_PLAYBACK_ONSET 15.wav
1489762666026164 AUDIO_PLAYBACK_DONE 15.wav
1489762667026123 AUDIO_PLAYBACK_ONSET 72.wav
1489762668510421 AUDIO_PLAYBACK_DONE 72.wav
1489762669510380 AUDIO_PLAYBACK_ONSET 110.wav
1489762671041566 AUDIO_PLAYBACK_DONE 110.wav
1489762672041525 AUDIO_PLAYBACK_ONSET 49.wav
1489762673307100 AUDIO_PLAYBACK_DONE 49.wav
1489762671052819 KEY_PRESS l
1489762671196811 KEY_PRESS l
1489762674307059 AUDIO_PLAYBACK_ONSET 32.wav
1489762675541387 AUDIO_PLAYBACK_DONE 32.wav
1489762676541346 AUDIO_PLAYBACK_ONSET 137.wav
1489762677963150 AUDIO_PLAYBACK_DONE 137.wav
1489762678963109 AUDIO_PLAYBACK_ONSET 65.wav
1489762680338044 AUDIO_PLAYBACK_DONE 65.wav
1489762681338003 AUDIO_PLAYBACK_ONSET 126.wav
1489762682728559 AUDIO_PLAYBACK_DONE 126.wav
1489762683728518 AUDIO_PLAYBACK_ONSET 4.wav
1489762684785099 AUDIO_PLAYBACK_DONE 4.wav
1489762685785058 AUDIO_PLAYBACK_ONSET 3.wav
1489762687277177 AUDIO_PLAYBACK_DONE 3.wav
1489762686780174 KEY_PRESS l
1489762686916162 KEY_PRESS l
1489762688277136 AUDIO_PLAYBACK_ONSET 24.wav
1489762689870814 AUDIO_PLAYBACK_DONE 24.wav
1489762690870773 AUDIO_PLAYBACK_ONSET 29.wav
1489762692370714 AUDIO_PLAYBACK_DONE 29.wav
1489762690156023 KEY_PRESS l
1489762690284017 KEY_PRESS l
1489762693370673 AUDIO_PLAYBACK_ONSET 114.wav
1489762694604978 AUDIO_PLAYBACK_DONE 114.wav
1489762695604937 AUDIO_PLAYBACK_ONSET 22.wav
1489762696761129 AUDIO_PLAYBACK_DONE 22.wav
1489762697761088 AUDIO_PLAYBACK_ONSET 17.wav
1489762698761048 AUDIO_PLAYBACK_DONE 17.wav
1489762699761007 AUDIO_PLAYBACK_ONSET 37.wav
1489762700854705 AUDIO_PLAYBACK_DONE 37.wav
1489762701854664 AUDIO_PLAYBACK_ONSET 19.wav
1489762702885894 AUDIO_PLAYBACK_DONE 19.wav
1489762703885853 AUDIO_PLAYBACK_ONSET 88.wav
1489762705104536 AUDIO_PLAYBACK_DONE 88.wav
1489762706104495 AUDIO_PLAYBACK_ONSET 143.wav
1489762707221638 AUDIO_PLAYBACK_DONE 143.wav
1489762708221597 AUDIO_PLAYBACK_ONSET 98.wav
1489762709569185 AUDIO_PLAYBACK_DONE 98.wav
1489762710569144 AUDIO_PLAYBACK_ONSET 124.wav
1489762711553460 AUDIO_PLAYBACK_DONE 124.wav
1489762712553419 AUDIO_PLAYBACK_ONSET 36.wav
1489762713803348 AUDIO_PLAYBACK_DONE 36.wav
1489762714803307 AUDIO_PLAYBACK_ONSET 53.wav
1489762716303226 AUDIO_PLAYBACK_DONE 53.wav
1489762717303185 AUDIO_PLAYBACK_ONSET 18.wav
1489762718803125 AUDIO_PLAYBACK_DONE 18.wav
1489762719803084 AUDIO_PLAYBACK_ONSET 34.wav
1489762721178017 AUDIO_PLAYBACK_DONE 34.wav
1489762719138904 KEY_PRESS l
1489762719362868 KEY_PRESS l
1489762719698814 KEY_PRESS l
1489762720250790 KEY_PRESS l
1489762720690771 KEY_PRESS l
1489762721034662 KEY_PRESS l
1489762722177976 AUDIO_PLAYBACK_ONSET 84.wav
1489762723427927 AUDIO_PLAYBACK_DONE 84.wav
1489762724427886 AUDIO_PLAYBACK_ONSET 127.wav
1489762725607521 AUDIO_PLAYBACK_DONE 127.wav
1489762726607480 AUDIO_PLAYBACK_ONSET 152.wav
1489762727669935 AUDIO_PLAYBACK_DONE 152.wav
1489762728669894 AUDIO_PLAYBACK_ONSET 20.wav
1489762729888574 AUDIO_PLAYBACK_DONE 20.wav
1489762730888533 AUDIO_PLAYBACK_ONSET 82.wav
1489762732169730 AUDIO_PLAYBACK_DONE 82.wav
1489762733169689 AUDIO_PLAYBACK_ONSET 119.wav
1489762734325902 AUDIO_PLAYBACK_DONE 119.wav
1489762735325861 AUDIO_PLAYBACK_ONSET 70.wav
1489762736857047 AUDIO_PLAYBACK_DONE 70.wav
1489762737857006 AUDIO_PLAYBACK_ONSET 58.wav
1489762739083513 AUDIO_PLAYBACK_DONE 58.wav
1489762740083472 AUDIO_PLAYBACK_ONSET 11.wav
1489762741036562 AUDIO_PLAYBACK_DONE 11.wav
1489762742036521 AUDIO_PLAYBACK_ONSET 105.wav
1489762743251324 AUDIO_PLAYBACK_DONE 105.wav
1489762744251283 AUDIO_PLAYBACK_ONSET 10.wav
1489762745376226 AUDIO_PLAYBACK_DONE 10.wav
1489762746376185 AUDIO_PLAYBACK_ONSET 118.wav
1489762747876103 AUDIO_PLAYBACK_DONE 118.wav
1489762748876062 AUDIO_PLAYBACK_ONSET 100.wav
1489762749751040 AUDIO_PLAYBACK_DONE 100.wav
1489762750750999 AUDIO_PLAYBACK_ONSET 97.wav
1489762752403269 AUDIO_PLAYBACK_DONE 97.wav
1489762753403228 AUDIO_PLAYBACK_ONSET 123.wav
1489762754700050 AUDIO_PLAYBACK_DONE 123.wav
1489762755700009 AUDIO_PLAYBACK_ONSET 31.wav
1489762756949935 AUDIO_PLAYBACK_DONE 31.wav
1489762757949894 AUDIO_PLAYBACK_ONSET 89.wav
1489762758879540 AUDIO_PLAYBACK_DONE 89.wav
1489762759879499 AUDIO_PLAYBACK_ONSET 16.wav
1489762761348192 AUDIO_PLAYBACK_DONE 16.wav
1489762762348151 AUDIO_PLAYBACK_ONSET 130.wav
1489762763660595 AUDIO_PLAYBACK_DONE 130.wav
1489762764660554 AUDIO_PLAYBACK_ONSET 5.wav
1489762766123379 AUDIO_PLAYBACK_DONE 5.wav
1489762767123338 AUDIO_PLAYBACK_ONSET 95.wav
1489762768396709 AUDIO_PLAYBACK_DONE 95.wav
1489762769396668 AUDIO_PLAYBACK_ONSET 74.wav
1489762770584106 AUDIO_PLAYBACK_DONE 74.wav
1489762771584065 AUDIO_PLAYBACK_ONSET 107.wav
1489762772748100 AUDIO_PLAYBACK_DONE 107.wav
1489762773748059 AUDIO_PLAYBACK_ONSET 103.wav
1489762775138615 AUDIO_PLAYBACK_DONE 103.wav
1489762776138574 AUDIO_PLAYBACK_ONSET 68.wav
1489762777115091 AUDIO_PLAYBACK_DONE 68.wav
1489762778115050 AUDIO_PLAYBACK_ONSET 62.wav
1489762779583721 AUDIO_PLAYBACK_DONE 62.wav
1489762780583680 AUDIO_PLAYBACK_ONSET 90.wav
1489762781974240 AUDIO_PLAYBACK_DONE 90.wav
1489762782974199 AUDIO_PLAYBACK_ONSET 21.wav
1489762783942889 AUDIO_PLAYBACK_DONE 21.wav
1489762784942848 AUDIO_PLAYBACK_ONSET 66.wav
1489762786153730 AUDIO_PLAYBACK_DONE 66.wav
1489762787153689 AUDIO_PLAYBACK_ONSET 50.wav
1489762788255210 AUDIO_PLAYBACK_DONE 50.wav
1489762789255169 AUDIO_PLAYBACK_ONSET 81.wav
1489762790442606 AUDIO_PLAYBACK_DONE 81.wav
1489762791442565 AUDIO_PLAYBACK_ONSET 69.wav
1489762792739382 AUDIO_PLAYBACK_DONE 69.wav
1489762793739342 AUDIO_PLAYBACK_ONSET 132.wav
1489762795352541 AUDIO_PLAYBACK_DONE 132.wav
1489762796352500 AUDIO_PLAYBACK_ONSET 77.wav
1489762797399330 AUDIO_PLAYBACK_DONE 77.wav
1489762798399289 AUDIO_PLAYBACK_ONSET 51.wav
1489762799742997 AUDIO_PLAYBACK_DONE 51.wav
1489762800742956 AUDIO_PLAYBACK_ONSET 26.wav
1489762802102270 AUDIO_PLAYBACK_DONE 26.wav
1489762803102229 AUDIO_PLAYBACK_ONSET 67.wav
1489762804024053 AUDIO_PLAYBACK_DONE 67.wav
1489762805024012 AUDIO_PLAYBACK_ONSET 101.wav
1489762806258317 AUDIO_PLAYBACK_DONE 101.wav
1489762807258276 AUDIO_PLAYBACK_ONSET 133.wav
1489762808586344 AUDIO_PLAYBACK_DONE 133.wav
1489762809586303 AUDIO_PLAYBACK_ONSET 106.wav
1489762810804984 AUDIO_PLAYBACK_DONE 106.wav
1489762811804943 AUDIO_PLAYBACK_ONSET 75.wav
1489762812804882 AUDIO_PLAYBACK_DONE 75.wav
1489762813804841 AUDIO_PLAYBACK_ONSET 140.wav
1489762815086037 AUDIO_PLAYBACK_DONE 140.wav
1489762816085997 AUDIO_PLAYBACK_ONSET 54.wav
1489762817335924 AUDIO_PLAYBACK_DONE 54.wav
1489762818335883 AUDIO_PLAYBACK_ONSET 85.wav
1489762819679569 AUDIO_PLAYBACK_DONE 85.wav
1489762820679528 AUDIO_PLAYBACK_ONSET 115.wav
1489762822476329 AUDIO_PLAYBACK_DONE 115.wav
1489762819894717 KEY_PRESS l
1489762820038699 KEY_PRESS l
1489762823476288 AUDIO_PLAYBACK_ONSET 9.wav
1489762824726238 AUDIO_PLAYBACK_DONE 9.wav
1489762825726197 AUDIO_PLAYBACK_ONSET 43.wav
1489762826976124 AUDIO_PLAYBACK_DONE 43.wav
1489762825086497 KEY_PRESS l
1489762825286476 KEY_PRESS l
1489762827976083 AUDIO_PLAYBACK_ONSET 151.wav
1489762829007292 AUDIO_PLAYBACK_DONE 151.wav
1489762830007251 AUDIO_PLAYBACK_ONSET 45.wav
1489762831100947 AUDIO_PLAYBACK_DONE 45.wav
1489762832100906 AUDIO_PLAYBACK_ONSET 47.wav
1489762833335211 AUDIO_PLAYBACK_DONE 47.wav
1489762834335170 AUDIO_PLAYBACK_ONSET 141.wav
1489762835405445 AUDIO_PLAYBACK_DONE 141.wav
1489762836405404 AUDIO_PLAYBACK_ONSET 55.wav
1489762837592839 AUDIO_PLAYBACK_DONE 55.wav
1489762838592798 AUDIO_PLAYBACK_ONSET 149.wav
1489762839749012 AUDIO_PLAYBACK_DONE 149.wav
1489762840748971 AUDIO_PLAYBACK_ONSET 113.wav
1489762841967652 AUDIO_PLAYBACK_DONE 113.wav
1489762842967611 AUDIO_PLAYBACK_ONSET 63.wav
1489762844131626 AUDIO_PLAYBACK_DONE 63.wav
