1489761577088444 CHEETAH_SIGNAL SENT_AFTER_TIME 91495.806707
1489761579829729 CHEETAH_SIGNAL SENT_AFTER_TIME 91498.549286
1489761579899521 CHEETAH_SIGNAL SENT_AFTER_TIME 91498.618641
1489761579866846 DISPLAY_INSTRUCTIONS Stimuli/instructions_audio_sentences.png
1489761604644011 KEY_PRESS space
1489761604677073 CHEETAH_SIGNAL SENT_AFTER_TIME 91523.396575
1489761604775893 CHEETAH_SIGNAL SENT_AFTER_TIME 91523.495144
1489761604742428 DISPLAY_INSTRUCTIONS OFF
1489761604813621 SOUND_ONSET 400 0.200 44100
1489761605152836 SOUND_ONSET 300 0.200 44100
1489761605791631 SOUND_ONSET 600 0.200 44100
1489761606233698 SOUND_ONSET 500 0.200 44100
1489761606475050 SOUND_ONSET 700 0.200 44100
1489761606866960 SOUND_ONSET 300 0.200 44100
1489761607308666 SOUND_ONSET 400 0.200 44100
1489761607700759 SOUND_ONSET 300 0.200 44100
1489761607964620 CHEETAH_SIGNAL SENT_AFTER_TIME 91526.685308
1489761607996793 CHEETAH_SIGNAL SENT_AFTER_TIME 91526.717385
1489761608040466 CHEETAH_SIGNAL SENT_AFTER_TIME 91526.760834
1489761608007961 DISPLAY_FIXATION
1489761611224880 AUDIO_PLAYBACK_ONSET 1 1 1 he
1489761611318105 AUDIO_PLAYBACK_ONSET 2 1 2 smiles
1489761612099009 AUDIO_PLAYBACK_ONSET _ 1 END_OF_WAV
1489761612099856 AUDIO_PLAYBACK_DONE 1.wav
1489761604640393 KEY_PRESS space
1489761604720405 KEY_PRESS space
1489761613099815 AUDIO_PLAYBACK_ONSET 3 2 1 who
1489761613218804 AUDIO_PLAYBACK_ONSET 4 2 2 hugs
1489761613511202 AUDIO_PLAYBACK_ONSET 5 2 3 the
1489761613592424 AUDIO_PLAYBACK_ONSET 6 2 4 friend?
1489761614131355 AUDIO_PLAYBACK_ONSET _ 2 END_OF_WAV
1489761614521619 AUDIO_PLAYBACK_DONE 2.wav
1489761615521578 AUDIO_PLAYBACK_ONSET 7 3 1 They
1489761615640433 AUDIO_PLAYBACK_ONSET 8 3 2 ate
1489761615887124 AUDIO_PLAYBACK_ONSET 9 3 3 the
1489761616005455 AUDIO_PLAYBACK_ONSET 10 3 4 grapes
1489761616363457 AUDIO_PLAYBACK_ONSET 11 3 5 together
1489761616853830 AUDIO_PLAYBACK_ONSET _ 3 END_OF_WAV
1489761617013702 AUDIO_PLAYBACK_DONE 3.wav
1489761618013661 AUDIO_PLAYBACK_ONSET 12 4 1 he
1489761618122683 AUDIO_PLAYBACK_ONSET 13 4 2 showered
1489761618856921 AUDIO_PLAYBACK_ONSET _ 4 END_OF_WAV
1489761619070260 AUDIO_PLAYBACK_DONE 4.wav
1489761620070219 AUDIO_PLAYBACK_ONSET 14 5 1 we
1489761620237863 AUDIO_PLAYBACK_ONSET 15 5 2 guessed
1489761620502322 AUDIO_PLAYBACK_ONSET 16 5 3 that
1489761620659621 AUDIO_PLAYBACK_ONSET 17 5 4 they
1489761620832650 AUDIO_PLAYBACK_ONSET 18 5 5 wink
1489761621356652 AUDIO_PLAYBACK_ONSET _ 5 END_OF_WAV
1489761621533045 AUDIO_PLAYBACK_DONE 5.wav
1489761622533004 AUDIO_PLAYBACK_ONSET 19 6 1 Whom
1489761622695825 AUDIO_PLAYBACK_ONSET 20 6 2 did
1489761622850793 AUDIO_PLAYBACK_ONSET 21 6 3 the
1489761622980208 AUDIO_PLAYBACK_ONSET 22 6 4 boy
1489761623191227 AUDIO_PLAYBACK_ONSET 23 6 5 hear?
1489761623673441 AUDIO_PLAYBACK_ONSET _ 6 END_OF_WAV
1489761623759511 AUDIO_PLAYBACK_DONE 6.wav
1489761624759470 AUDIO_PLAYBACK_ONSET 24 7 1 he
1489761624917159 AUDIO_PLAYBACK_ONSET 25 7 2 arrived
1489761625751431 AUDIO_PLAYBACK_ONSET _ 7 END_OF_WAV
1489761625853170 AUDIO_PLAYBACK_DONE 7.wav
1489761626853129 AUDIO_PLAYBACK_ONSET 26 8 1 he
1489761626964540 AUDIO_PLAYBACK_ONSET 27 8 2 will
1489761627127063 AUDIO_PLAYBACK_ONSET 28 8 3 sneeze
1489761627988834 AUDIO_PLAYBACK_ONSET _ 8 END_OF_WAV
1489761628032770 AUDIO_PLAYBACK_DONE 8.wav
1489761629032729 AUDIO_PLAYBACK_ONSET 29 9 1 they
1489761629313745 AUDIO_PLAYBACK_ONSET 30 9 2 will
1489761629517874 AUDIO_PLAYBACK_ONSET 31 9 3 drink
1489761630150423 AUDIO_PLAYBACK_ONSET _ 9 END_OF_WAV
1489761630282657 AUDIO_PLAYBACK_DONE 9.wav
1489761631282616 AUDIO_PLAYBACK_ONSET 32 10 1 they
1489761631583921 AUDIO_PLAYBACK_ONSET 33 10 2 wink
1489761632187241 AUDIO_PLAYBACK_ONSET _ 10 END_OF_WAV
1489761632407563 AUDIO_PLAYBACK_DONE 10.wav
1489761630367477 KEY_PRESS l
1489761630511466 KEY_PRESS l
1489761633407522 AUDIO_PLAYBACK_ONSET 34 11 1 he
1489761633555187 AUDIO_PLAYBACK_ONSET 35 11 2 will
1489761633751188 AUDIO_PLAYBACK_ONSET 36 11 3 drive
1489761634359690 AUDIO_PLAYBACK_ONSET _ 11 END_OF_WAV
1489761634360591 AUDIO_PLAYBACK_DONE 11.wav
1489761635360550 AUDIO_PLAYBACK_ONSET 37 12 1 who
1489761635608649 AUDIO_PLAYBACK_ONSET 38 12 2 jumped?
1489761636375085 AUDIO_PLAYBACK_ONSET _ 12 END_OF_WAV
1489761636766734 AUDIO_PLAYBACK_DONE 12.wav
1489761637766693 AUDIO_PLAYBACK_ONSET 39 13 1 she
1489761638036214 AUDIO_PLAYBACK_ONSET 40 13 2 sliced
1489761638479803 AUDIO_PLAYBACK_ONSET 41 13 3 the
1489761638556625 AUDIO_PLAYBACK_ONSET 42 13 4 mushrooms
1489761639489647 AUDIO_PLAYBACK_ONSET _ 13 END_OF_WAV
1489761639610359 AUDIO_PLAYBACK_DONE 13.wav
1489761639199117 KEY_PRESS l
1489761639351095 KEY_PRESS l
1489761640610318 AUDIO_PLAYBACK_ONSET 43 14 1 the
1489761640790500 AUDIO_PLAYBACK_ONSET 44 14 2 boy
1489761641009941 AUDIO_PLAYBACK_ONSET 45 14 3 remains
1489761641893126 AUDIO_PLAYBACK_ONSET _ 14 END_OF_WAV
1489761641954008 AUDIO_PLAYBACK_DONE 14.wav
1489761642953967 AUDIO_PLAYBACK_ONSET 46 15 1 he
1489761643113578 AUDIO_PLAYBACK_ONSET 47 15 2 remains
1489761644008273 AUDIO_PLAYBACK_ONSET _ 15 END_OF_WAV
1489761644016444 AUDIO_PLAYBACK_DONE 15.wav
1489761645016403 AUDIO_PLAYBACK_ONSET 48 16 1 What
1489761645217290 AUDIO_PLAYBACK_ONSET 49 16 2 will
1489761645418648 AUDIO_PLAYBACK_ONSET 50 16 3 the
1489761645559797 AUDIO_PLAYBACK_ONSET 51 16 4 girls
1489761645978306 AUDIO_PLAYBACK_ONSET 52 16 5 find?
1489761646428400 AUDIO_PLAYBACK_ONSET _ 16 END_OF_WAV
1489761646485075 AUDIO_PLAYBACK_DONE 16.wav
1489761647485034 AUDIO_PLAYBACK_ONSET 53 17 1 he
1489761647633911 AUDIO_PLAYBACK_ONSET 54 17 2 was
1489761647864416 AUDIO_PLAYBACK_ONSET 55 17 3 hugged
1489761648390614 AUDIO_PLAYBACK_ONSET _ 17 END_OF_WAV
1489761648484974 AUDIO_PLAYBACK_DONE 17.wav
1489761649484934 AUDIO_PLAYBACK_ONSET 56 18 1 The
1489761649585258 AUDIO_PLAYBACK_ONSET 57 18 2 chef
1489761649858439 AUDIO_PLAYBACK_ONSET 58 18 3 served
1489761650315085 AUDIO_PLAYBACK_ONSET 59 18 4 the
1489761650464277 AUDIO_PLAYBACK_ONSET 60 18 5 cake
1489761650921931 AUDIO_PLAYBACK_ONSET _ 18 END_OF_WAV
1489761650984851 AUDIO_PLAYBACK_DONE 18.wav
1489761651984810 AUDIO_PLAYBACK_ONSET 61 19 1 who
1489761652226358 AUDIO_PLAYBACK_ONSET 62 19 2 laughs?
1489761652994249 AUDIO_PLAYBACK_ONSET _ 19 END_OF_WAV
1489761653016019 AUDIO_PLAYBACK_DONE 19.wav
1489761652310581 KEY_PRESS l
1489761652350561 KEY_PRESS l
1489761652382561 KEY_PRESS l
1489761652502472 KEY_PRESS l
1489761654015978 AUDIO_PLAYBACK_ONSET 63 20 1 she
1489761654397263 AUDIO_PLAYBACK_ONSET 64 20 2 sneezed
1489761655230226 AUDIO_PLAYBACK_ONSET _ 20 END_OF_WAV
1489761655234664 AUDIO_PLAYBACK_DONE 20.wav
1489761656234623 AUDIO_PLAYBACK_ONSET 65 21 1 who
1489761656487570 AUDIO_PLAYBACK_ONSET 66 21 2 winks?
1489761657203050 AUDIO_PLAYBACK_ONSET _ 21 END_OF_WAV
1489761657203315 AUDIO_PLAYBACK_DONE 21.wav
1489761658203274 AUDIO_PLAYBACK_ONSET 67 22 1 they
1489761658538590 AUDIO_PLAYBACK_ONSET 68 22 2 vanished
1489761659266676 AUDIO_PLAYBACK_ONSET _ 22 END_OF_WAV
1489761659359488 AUDIO_PLAYBACK_DONE 22.wav
1489761660359447 AUDIO_PLAYBACK_ONSET 69 23 1 they
1489761660637187 AUDIO_PLAYBACK_ONSET 70 23 2 saw
1489761660964803 AUDIO_PLAYBACK_ONSET 71 23 3 him
1489761661199679 AUDIO_PLAYBACK_ONSET 72 23 4 dance
1489761661859951 AUDIO_PLAYBACK_ONSET _ 23 END_OF_WAV
1489761661859366 AUDIO_PLAYBACK_DONE 23.wav
1489761662859325 AUDIO_PLAYBACK_ONSET 73 24 1 The
1489761662962705 AUDIO_PLAYBACK_ONSET 74 24 2 sandwich
1489761663566785 AUDIO_PLAYBACK_ONSET 75 24 3 is
1489761663757434 AUDIO_PLAYBACK_ONSET 76 24 4 healthy
1489761664322955 AUDIO_PLAYBACK_ONSET _ 24 END_OF_WAV
1489761664453027 AUDIO_PLAYBACK_DONE 24.wav
1489761665452986 AUDIO_PLAYBACK_ONSET 77 25 1 they
1489761665745847 AUDIO_PLAYBACK_ONSET 78 25 2 hug
1489761666032133 AUDIO_PLAYBACK_ONSET 79 25 3 the
1489761666133946 AUDIO_PLAYBACK_ONSET 80 25 4 friend
1489761666739784 AUDIO_PLAYBACK_ONSET _ 25 END_OF_WAV
1489761666952903 AUDIO_PLAYBACK_DONE 25.wav
1489761664574072 KEY_PRESS l
1489761664694063 KEY_PRESS l
1489761667952862 AUDIO_PLAYBACK_ONSET 81 26 1 Whom
1489761668169853 AUDIO_PLAYBACK_ONSET 82 26 2 will
1489761668359872 AUDIO_PLAYBACK_ONSET 83 26 3 the
1489761668514262 AUDIO_PLAYBACK_ONSET 84 26 4 boy
1489761668760008 AUDIO_PLAYBACK_ONSET 85 26 5 tickle?
1489761669236882 AUDIO_PLAYBACK_ONSET _ 26 END_OF_WAV
1489761669312175 AUDIO_PLAYBACK_DONE 26.wav
1489761670312134 AUDIO_PLAYBACK_ONSET 86 27 1 Who
1489761670512318 AUDIO_PLAYBACK_ONSET 87 27 2 did
1489761670694902 AUDIO_PLAYBACK_ONSET 88 27 3 the
1489761670845732 AUDIO_PLAYBACK_ONSET 89 27 4 boys
1489761671213168 AUDIO_PLAYBACK_ONSET 90 27 5 kiss?
1489761671910616 AUDIO_PLAYBACK_ONSET _ 27 END_OF_WAV
1489761671999554 AUDIO_PLAYBACK_DONE 27.wav
1489761672999513 AUDIO_PLAYBACK_ONSET 91 28 1 the
1489761673109917 AUDIO_PLAYBACK_ONSET 92 28 2 host
1489761673472815 AUDIO_PLAYBACK_ONSET 93 28 3 was
1489761673644183 AUDIO_PLAYBACK_ONSET 94 28 4 warned
1489761674370987 AUDIO_PLAYBACK_ONSET _ 28 END_OF_WAV
1489761674499433 AUDIO_PLAYBACK_DONE 28.wav
1489761675499392 AUDIO_PLAYBACK_ONSET 95 29 1 he
1489761675797293 AUDIO_PLAYBACK_ONSET 96 29 2 bloomed
1489761676732763 AUDIO_PLAYBACK_ONSET _ 29 END_OF_WAV
1489761676999310 AUDIO_PLAYBACK_DONE 29.wav
1489761677999269 AUDIO_PLAYBACK_ONSET 97 30 1 Whom
1489761678259872 AUDIO_PLAYBACK_ONSET 98 30 2 will
1489761678467531 AUDIO_PLAYBACK_ONSET 99 30 3 the
1489761678625794 AUDIO_PLAYBACK_ONSET 100 30 4 boy
1489761678854621 AUDIO_PLAYBACK_ONSET 101 30 5 hear?
1489761679468523 AUDIO_PLAYBACK_ONSET _ 30 END_OF_WAV
1489761679499191 AUDIO_PLAYBACK_DONE 30.wav
1489761680499150 AUDIO_PLAYBACK_ONSET 102 31 1 she
1489761680922972 AUDIO_PLAYBACK_ONSET 103 31 2 washed
1489761681740330 AUDIO_PLAYBACK_ONSET _ 31 END_OF_WAV
1489761681749078 AUDIO_PLAYBACK_DONE 31.wav
1489761682749037 AUDIO_PLAYBACK_ONSET 104 32 1 the
1489761682892985 AUDIO_PLAYBACK_ONSET 105 32 2 girls
1489761683244709 AUDIO_PLAYBACK_ONSET 106 32 3 appear
1489761683895068 AUDIO_PLAYBACK_ONSET _ 32 END_OF_WAV
1489761683983345 AUDIO_PLAYBACK_DONE 32.wav
1489761684983304 AUDIO_PLAYBACK_ONSET 107 33 1 who
1489761685240501 AUDIO_PLAYBACK_ONSET 108 33 2 falls?
1489761686087528 AUDIO_PLAYBACK_ONSET _ 33 END_OF_WAV
1489761686123874 AUDIO_PLAYBACK_DONE 33.wav
1489761687123833 AUDIO_PLAYBACK_ONSET 109 34 1 the
1489761687329457 AUDIO_PLAYBACK_ONSET 110 34 2 boy
1489761687579875 AUDIO_PLAYBACK_ONSET 111 34 3 laughs
1489761688403205 AUDIO_PLAYBACK_ONSET _ 34 END_OF_WAV
1489761688498767 AUDIO_PLAYBACK_DONE 34.wav
1489761689498726 AUDIO_PLAYBACK_ONSET 112 35 1 she
1489761689889897 AUDIO_PLAYBACK_ONSET 113 35 2 disappears
1489761690980913 AUDIO_PLAYBACK_ONSET _ 35 END_OF_WAV
1489761691061182 AUDIO_PLAYBACK_DONE 35.wav
1489761692061141 AUDIO_PLAYBACK_ONSET 114 36 1 she
1489761692463122 AUDIO_PLAYBACK_ONSET 115 36 2 laughed
1489761693222517 AUDIO_PLAYBACK_ONSET _ 36 END_OF_WAV
1489761693311069 AUDIO_PLAYBACK_DONE 36.wav
1489761694311028 AUDIO_PLAYBACK_ONSET 116 37 1 who
1489761694626751 AUDIO_PLAYBACK_ONSET 117 37 2 blooms?
1489761695403690 AUDIO_PLAYBACK_ONSET _ 37 END_OF_WAV
1489761695404728 AUDIO_PLAYBACK_DONE 37.wav
1489761696404687 AUDIO_PLAYBACK_ONSET 118 38 1 who
1489761696651401 AUDIO_PLAYBACK_ONSET 119 38 2 sneezes?
1489761697670027 AUDIO_PLAYBACK_ONSET _ 38 END_OF_WAV
1489761697685905 AUDIO_PLAYBACK_DONE 38.wav
1489761698685864 AUDIO_PLAYBACK_ONSET 120 39 1 she
1489761699188026 AUDIO_PLAYBACK_ONSET 121 39 2 excercised
1489761700356113 AUDIO_PLAYBACK_ONSET _ 39 END_OF_WAV
1489761700560781 AUDIO_PLAYBACK_DONE 39.wav
1489761701560740 AUDIO_PLAYBACK_ONSET 122 40 1 he
1489761701899363 AUDIO_PLAYBACK_ONSET 123 40 2 cried
1489761702636460 AUDIO_PLAYBACK_ONSET _ 40 END_OF_WAV
1489761702998170 AUDIO_PLAYBACK_DONE 40.wav
1489761703998129 AUDIO_PLAYBACK_ONSET 124 41 1 the
1489761704156829 AUDIO_PLAYBACK_ONSET 125 41 2 boy
1489761704344768 AUDIO_PLAYBACK_ONSET 126 41 3 sneezes
1489761705221820 AUDIO_PLAYBACK_ONSET _ 41 END_OF_WAV
1489761705224634 AUDIO_PLAYBACK_DONE 41.wav
1489761706224593 AUDIO_PLAYBACK_ONSET 127 42 1 they
1489761706441021 AUDIO_PLAYBACK_ONSET 128 42 2 winked
1489761707151236 AUDIO_PLAYBACK_ONSET _ 42 END_OF_WAV
1489761707380785 AUDIO_PLAYBACK_DONE 42.wav
1489761708380744 AUDIO_PLAYBACK_ONSET 129 43 1 she
1489761708594556 AUDIO_PLAYBACK_ONSET 130 43 2 remained
1489761709379993 AUDIO_PLAYBACK_ONSET _ 43 END_OF_WAV
1489761709630673 AUDIO_PLAYBACK_DONE 43.wav
1489761710630632 AUDIO_PLAYBACK_ONSET 131 44 1 The
1489761710698887 AUDIO_PLAYBACK_ONSET 132 44 2 salad
1489761711054015 AUDIO_PLAYBACK_ONSET 133 44 3 is
1489761711227189 AUDIO_PLAYBACK_ONSET 134 44 4 tasty
1489761711803374 AUDIO_PLAYBACK_ONSET _ 44 END_OF_WAV
1489761711818068 AUDIO_PLAYBACK_DONE 44.wav
1489761712818027 AUDIO_PLAYBACK_ONSET 135 45 1 Whom
1489761712933084 AUDIO_PLAYBACK_ONSET 136 45 2 does
1489761713130075 AUDIO_PLAYBACK_ONSET 137 45 3 the
1489761713251357 AUDIO_PLAYBACK_ONSET 138 45 4 boy
1489761713496125 AUDIO_PLAYBACK_ONSET 139 45 5 tickle?
1489761713909954 AUDIO_PLAYBACK_ONSET _ 45 END_OF_WAV
1489761713911730 AUDIO_PLAYBACK_DONE 45.wav
1489761711844121 KEY_PRESS l
1489761712004117 KEY_PRESS l
1489761714911689 AUDIO_PLAYBACK_ONSET 140 46 1 they
1489761715084153 AUDIO_PLAYBACK_ONSET 141 46 2 tickle
1489761715384050 AUDIO_PLAYBACK_ONSET 142 46 3 the
1489761715536141 AUDIO_PLAYBACK_ONSET 143 46 4 girl
1489761715954570 AUDIO_PLAYBACK_ONSET _ 46 END_OF_WAV
1489761715974141 AUDIO_PLAYBACK_DONE 46.wav
1489761716974100 AUDIO_PLAYBACK_ONSET 144 47 1 she
1489761717210126 AUDIO_PLAYBACK_ONSET 145 47 2 will
1489761717330410 AUDIO_PLAYBACK_ONSET 146 47 3 sleep
1489761718023074 AUDIO_PLAYBACK_ONSET _ 47 END_OF_WAV
1489761718208403 AUDIO_PLAYBACK_DONE 47.wav
1489761719208362 AUDIO_PLAYBACK_ONSET 147 48 1 she
1489761719422989 AUDIO_PLAYBACK_ONSET 148 48 2 collapsed
1489761720325510 AUDIO_PLAYBACK_ONSET _ 48 END_OF_WAV
1489761720380178 AUDIO_PLAYBACK_DONE 48.wav
1489761721380137 AUDIO_PLAYBACK_ONSET 149 49 1 the
1489761721549845 AUDIO_PLAYBACK_ONSET 150 49 2 girl
1489761721759081 AUDIO_PLAYBACK_ONSET 151 49 3 ate
1489761721945352 AUDIO_PLAYBACK_ONSET 152 49 4 the
1489761722004041 AUDIO_PLAYBACK_ONSET 153 49 5 salad
1489761722619841 AUDIO_PLAYBACK_ONSET _ 49 END_OF_WAV
1489761722645713 AUDIO_PLAYBACK_DONE 49.wav
1489761723645672 AUDIO_PLAYBACK_ONSET 154 50 1 What
1489761723786719 AUDIO_PLAYBACK_ONSET 155 50 2 did
1489761723938477 AUDIO_PLAYBACK_ONSET 156 50 3 the
1489761724039896 AUDIO_PLAYBACK_ONSET 157 50 4 girl
1489761724273085 AUDIO_PLAYBACK_ONSET 158 50 5 kick?
1489761724741684 AUDIO_PLAYBACK_ONSET _ 50 END_OF_WAV
1489761724747170 AUDIO_PLAYBACK_DONE 50.wav
1489761723723589 KEY_PRESS l
1489761723843674 KEY_PRESS l
1489761725747129 AUDIO_PLAYBACK_ONSET 159 51 1 she
1489761725941759 AUDIO_PLAYBACK_ONSET 160 51 2 smelled
1489761726248797 AUDIO_PLAYBACK_ONSET 161 51 3 it
1489761726426698 AUDIO_PLAYBACK_ONSET 162 51 4 burn
1489761726834878 AUDIO_PLAYBACK_ONSET _ 51 END_OF_WAV
1489761727090820 AUDIO_PLAYBACK_DONE 51.wav
1489761728090779 AUDIO_PLAYBACK_ONSET 163 52 1 he
1489761728234868 AUDIO_PLAYBACK_ONSET 164 52 2 disappeared
1489761729013584 AUDIO_PLAYBACK_ONSET _ 52 END_OF_WAV
1489761729340706 AUDIO_PLAYBACK_DONE 52.wav
1489761730340665 AUDIO_PLAYBACK_ONSET 165 53 1 they
1489761730501472 AUDIO_PLAYBACK_ONSET 166 53 2 heard
1489761730675864 AUDIO_PLAYBACK_ONSET 167 53 3 her
1489761730826063 AUDIO_PLAYBACK_ONSET 168 53 4 coughing
1489761731431901 AUDIO_PLAYBACK_ONSET _ 53 END_OF_WAV
1489761731840584 AUDIO_PLAYBACK_DONE 53.wav
1489761732840543 AUDIO_PLAYBACK_ONSET 169 54 1 she
1489761733134159 AUDIO_PLAYBACK_ONSET 170 54 2 smiled
1489761733926315 AUDIO_PLAYBACK_ONSET _ 54 END_OF_WAV
1489761734090472 AUDIO_PLAYBACK_DONE 54.wav
1489761735090431 AUDIO_PLAYBACK_ONSET 171 55 1 the
1489761735213751 AUDIO_PLAYBACK_ONSET 172 55 2 girls
1489761735537755 AUDIO_PLAYBACK_ONSET 173 55 3 cough
1489761736114738 AUDIO_PLAYBACK_ONSET _ 55 END_OF_WAV
1489761736277867 AUDIO_PLAYBACK_DONE 55.wav
1489761737277826 AUDIO_PLAYBACK_ONSET 174 56 1 we
1489761737402943 AUDIO_PLAYBACK_ONSET 175 56 2 revealed
1489761737775233 AUDIO_PLAYBACK_ONSET 176 56 3 that
1489761737853043 AUDIO_PLAYBACK_ONSET 177 56 4 she
1489761738072108 AUDIO_PLAYBACK_ONSET 178 56 5 jumps
1489761738741273 AUDIO_PLAYBACK_ONSET _ 56 END_OF_WAV
1489761739059025 AUDIO_PLAYBACK_DONE 56.wav
1489761740058984 AUDIO_PLAYBACK_ONSET 179 57 1 who
1489761740238602 AUDIO_PLAYBACK_ONSET 180 57 2 eats
1489761740453452 AUDIO_PLAYBACK_ONSET 181 57 3 the
1489761740520645 AUDIO_PLAYBACK_ONSET 182 57 4 salad?
1489761741141140 AUDIO_PLAYBACK_ONSET _ 57 END_OF_WAV
1489761741293287 AUDIO_PLAYBACK_DONE 57.wav
1489761741226921 KEY_PRESS l
1489761742293246 AUDIO_PLAYBACK_ONSET 183 58 1 he
1489761742504701 AUDIO_PLAYBACK_ONSET 184 58 2 laughs
1489761743292728 AUDIO_PLAYBACK_ONSET _ 58 END_OF_WAV
1489761743519753 AUDIO_PLAYBACK_DONE 58.wav
1489761741370913 KEY_PRESS l
1489761744519712 AUDIO_PLAYBACK_ONSET 185 59 1 who
1489761744687641 AUDIO_PLAYBACK_ONSET 186 59 2 arrives?
1489761745486401 AUDIO_PLAYBACK_ONSET _ 59 END_OF_WAV
1489761745824333 AUDIO_PLAYBACK_DONE 59.wav
1489761746824292 AUDIO_PLAYBACK_ONSET 187 60 1 the
1489761746967365 AUDIO_PLAYBACK_ONSET 188 60 2 boy
1489761747126576 AUDIO_PLAYBACK_ONSET 189 60 3 smelled
1489761747474925 AUDIO_PLAYBACK_ONSET 190 60 4 the
1489761747540764 AUDIO_PLAYBACK_ONSET 191 60 5 flowers
1489761748408643 AUDIO_PLAYBACK_ONSET _ 60 END_OF_WAV
1489761748605470 AUDIO_PLAYBACK_DONE 60.wav
1489761749605429 AUDIO_PLAYBACK_ONSET 192 61 1 who
1489761749815630 AUDIO_PLAYBACK_ONSET 193 61 2 tickles
1489761750222882 AUDIO_PLAYBACK_ONSET 194 61 3 the
1489761750343848 AUDIO_PLAYBACK_ONSET 195 61 4 girl?
1489761750818639 AUDIO_PLAYBACK_ONSET _ 61 END_OF_WAV
1489761751105349 AUDIO_PLAYBACK_DONE 61.wav
1489761752105308 AUDIO_PLAYBACK_ONSET 196 62 1 What
1489761752287441 AUDIO_PLAYBACK_ONSET 197 62 2 will
1489761752410823 AUDIO_PLAYBACK_ONSET 198 62 3 the
1489761752545061 AUDIO_PLAYBACK_ONSET 199 62 4 girl
1489761752803668 AUDIO_PLAYBACK_ONSET 200 62 5 kick?
1489761753473875 AUDIO_PLAYBACK_ONSET _ 62 END_OF_WAV
1489761753574003 AUDIO_PLAYBACK_DONE 62.wav
1489761754573962 AUDIO_PLAYBACK_ONSET 201 63 1 he
1489761754694850 AUDIO_PLAYBACK_ONSET 202 63 2 sneezes
1489761755434121 AUDIO_PLAYBACK_ONSET _ 63 END_OF_WAV
1489761755737974 AUDIO_PLAYBACK_DONE 63.wav
1489761756737933 AUDIO_PLAYBACK_ONSET 203 64 1 who
1489761756893746 AUDIO_PLAYBACK_ONSET 204 64 2 remains?
1489761757716025 AUDIO_PLAYBACK_ONSET _ 64 END_OF_WAV
1489761757722272 AUDIO_PLAYBACK_DONE 64.wav
1489761758722231 AUDIO_PLAYBACK_ONSET 205 65 1 they
1489761758853931 AUDIO_PLAYBACK_ONSET 206 65 2 found
1489761759146855 AUDIO_PLAYBACK_ONSET 207 65 3 the
1489761759266982 AUDIO_PLAYBACK_ONSET 208 65 4 bikes
1489761759916590 AUDIO_PLAYBACK_ONSET _ 65 END_OF_WAV
1489761760097164 AUDIO_PLAYBACK_DONE 65.wav
1489761761097123 AUDIO_PLAYBACK_ONSET 209 66 1 they
1489761761193581 AUDIO_PLAYBACK_ONSET 210 66 2 appeared
1489761761794163 AUDIO_PLAYBACK_ONSET _ 66 END_OF_WAV
1489761762308008 AUDIO_PLAYBACK_DONE 66.wav
1489761763307967 AUDIO_PLAYBACK_ONSET 211 67 1 they
1489761763507788 AUDIO_PLAYBACK_ONSET 212 67 2 appear
1489761764083330 AUDIO_PLAYBACK_ONSET _ 67 END_OF_WAV
1489761764229792 AUDIO_PLAYBACK_DONE 67.wav
1489761765229751 AUDIO_PLAYBACK_ONSET 213 68 1 he
1489761765491304 AUDIO_PLAYBACK_ONSET 214 68 2 crawled
1489761766061616 AUDIO_PLAYBACK_ONSET _ 68 END_OF_WAV
1489761766206267 AUDIO_PLAYBACK_DONE 68.wav
1489761767206226 AUDIO_PLAYBACK_ONSET 215 69 1 the
1489761767347876 AUDIO_PLAYBACK_ONSET 216 69 2 boy
1489761767573608 AUDIO_PLAYBACK_ONSET 217 69 3 jumped
1489761768236860 AUDIO_PLAYBACK_ONSET _ 69 END_OF_WAV
1489761768503045 AUDIO_PLAYBACK_DONE 69.wav
1489761769503004 AUDIO_PLAYBACK_ONSET 218 70 1 she
1489761769894586 AUDIO_PLAYBACK_ONSET 219 70 2 jumps
1489761770667413 AUDIO_PLAYBACK_ONSET _ 70 END_OF_WAV
1489761771034190 AUDIO_PLAYBACK_DONE 70.wav
1489761772034149 AUDIO_PLAYBACK_ONSET 220 71 1 who
1489761772217299 AUDIO_PLAYBACK_ONSET 221 71 2 coughed?
1489761772970642 AUDIO_PLAYBACK_ONSET _ 71 END_OF_WAV
1489761773034089 AUDIO_PLAYBACK_DONE 71.wav
1489761774034048 AUDIO_PLAYBACK_ONSET 222 72 1 the
1489761774178217 AUDIO_PLAYBACK_ONSET 223 72 2 girls
1489761774446557 AUDIO_PLAYBACK_ONSET 224 72 3 found
1489761774688962 AUDIO_PLAYBACK_ONSET 225 72 4 the
1489761774797695 AUDIO_PLAYBACK_ONSET 226 72 5 bikes
1489761775509945 AUDIO_PLAYBACK_ONSET _ 72 END_OF_WAV
1489761775518363 AUDIO_PLAYBACK_DONE 72.wav
1489761776518322 AUDIO_PLAYBACK_ONSET 227 73 1 she
1489761776736562 AUDIO_PLAYBACK_ONSET 228 73 2 heard
1489761776968331 AUDIO_PLAYBACK_ONSET 229 73 3 them
1489761777156176 AUDIO_PLAYBACK_ONSET 230 73 4 crying
1489761777683263 AUDIO_PLAYBACK_ONSET _ 73 END_OF_WAV
1489761777908883 AUDIO_PLAYBACK_DONE 73.wav
1489761778908842 AUDIO_PLAYBACK_ONSET 231 74 1 she
1489761779099995 AUDIO_PLAYBACK_ONSET 232 74 2 eats
1489761779384097 AUDIO_PLAYBACK_ONSET 233 74 3 the
1489761779461507 AUDIO_PLAYBACK_ONSET 234 74 4 salad
1489761780037692 AUDIO_PLAYBACK_ONSET _ 74 END_OF_WAV
1489761780096278 AUDIO_PLAYBACK_DONE 74.wav
1489761781096237 AUDIO_PLAYBACK_ONSET 235 75 1 he
1489761781249818 AUDIO_PLAYBACK_ONSET 236 75 2 falls
1489761781987032 AUDIO_PLAYBACK_ONSET _ 75 END_OF_WAV
1489761782096176 AUDIO_PLAYBACK_DONE 75.wav
1489761780137362 KEY_PRESS l
1489761780281318 KEY_PRESS l
1489761783096135 AUDIO_PLAYBACK_ONSET 237 76 1 the
1489761783229789 AUDIO_PLAYBACK_ONSET 238 76 2 girl
1489761783456476 AUDIO_PLAYBACK_ONSET 239 76 3 disappears
1489761784407329 AUDIO_PLAYBACK_ONSET _ 76 END_OF_WAV
1489761784408579 AUDIO_PLAYBACK_DONE 76.wav
1489761785408538 AUDIO_PLAYBACK_ONSET 240 77 1 who
1489761785627714 AUDIO_PLAYBACK_ONSET 241 77 2 heard
1489761785921795 AUDIO_PLAYBACK_ONSET 242 77 3 the
1489761786005516 AUDIO_PLAYBACK_ONSET 243 77 4 men?
1489761786444527 AUDIO_PLAYBACK_ONSET _ 77 END_OF_WAV
1489761786455367 AUDIO_PLAYBACK_DONE 77.wav
1489761787455326 AUDIO_PLAYBACK_ONSET 244 78 1 she
1489761787686114 AUDIO_PLAYBACK_ONSET 245 78 2 saw
1489761787924046 AUDIO_PLAYBACK_ONSET 246 78 3 that
1489761788090312 AUDIO_PLAYBACK_ONSET 247 78 4 he
1489761788225045 AUDIO_PLAYBACK_ONSET 248 78 5 crawled
1489761788745820 AUDIO_PLAYBACK_ONSET _ 78 END_OF_WAV
1489761788877152 AUDIO_PLAYBACK_DONE 78.wav
1489761789877111 AUDIO_PLAYBACK_ONSET 249 79 1 the
1489761789971072 AUDIO_PLAYBACK_ONSET 250 79 2 boy
1489761790195996 AUDIO_PLAYBACK_ONSET 251 79 3 collapses
1489761791150377 AUDIO_PLAYBACK_ONSET _ 79 END_OF_WAV
1489761791189552 AUDIO_PLAYBACK_DONE 79.wav
1489761792189511 AUDIO_PLAYBACK_ONSET 252 80 1 she
1489761792497083 AUDIO_PLAYBACK_ONSET 253 80 2 crawls
1489761793244866 AUDIO_PLAYBACK_ONSET _ 80 END_OF_WAV
1489761793408194 AUDIO_PLAYBACK_DONE 80.wav
1489761794408153 AUDIO_PLAYBACK_ONSET 254 81 1 the
1489761794498753 AUDIO_PLAYBACK_ONSET 255 81 2 actors
1489761794873034 AUDIO_PLAYBACK_ONSET 256 81 3 will
1489761794968799 AUDIO_PLAYBACK_ONSET 257 81 4 snore
1489761795556156 AUDIO_PLAYBACK_ONSET _ 81 END_OF_WAV
1489761795595610 AUDIO_PLAYBACK_DONE 81.wav
1489761796595569 AUDIO_PLAYBACK_ONSET 258 82 1 the
1489761796738096 AUDIO_PLAYBACK_ONSET 259 82 2 boy
1489761796930111 AUDIO_PLAYBACK_ONSET 260 82 3 will
1489761797067018 AUDIO_PLAYBACK_ONSET 261 82 4 sing
1489761797623259 AUDIO_PLAYBACK_ONSET _ 82 END_OF_WAV
1489761797876768 AUDIO_PLAYBACK_DONE 82.wav
1489761798876727 AUDIO_PLAYBACK_ONSET 262 83 1 What
1489761799012270 AUDIO_PLAYBACK_ONSET 263 83 2 will
1489761799232278 AUDIO_PLAYBACK_ONSET 264 83 3 the
1489761799405789 AUDIO_PLAYBACK_ONSET 265 83 4 girl
1489761799814051 AUDIO_PLAYBACK_ONSET 266 83 5 eat?
1489761800344792 AUDIO_PLAYBACK_ONSET _ 83 END_OF_WAV
1489761800564141 AUDIO_PLAYBACK_DONE 83.wav
1489761801564100 AUDIO_PLAYBACK_ONSET 267 84 1 the
1489761801713230 AUDIO_PLAYBACK_ONSET 268 84 2 girl
1489761801914839 AUDIO_PLAYBACK_ONSET 269 84 3 smiled
1489761802696075 AUDIO_PLAYBACK_ONSET _ 84 END_OF_WAV
1489761802814028 AUDIO_PLAYBACK_DONE 84.wav
1489761802648416 KEY_PRESS l
1489761802760332 KEY_PRESS l
1489761803813987 AUDIO_PLAYBACK_ONSET 270 85 1 The
1489761803915603 AUDIO_PLAYBACK_ONSET 271 85 2 cook
1489761804135045 AUDIO_PLAYBACK_ONSET 272 85 3 prepared
1489761804495362 AUDIO_PLAYBACK_ONSET 273 85 4 the
1489761804554061 AUDIO_PLAYBACK_ONSET 274 85 5 meal
1489761805060673 AUDIO_PLAYBACK_ONSET _ 85 END_OF_WAV
1489761805157698 AUDIO_PLAYBACK_DONE 85.wav
1489761806157657 AUDIO_PLAYBACK_ONSET 275 86 1 What
1489761806345998 AUDIO_PLAYBACK_ONSET 276 86 2 does
1489761806571803 AUDIO_PLAYBACK_ONSET 277 86 3 the
1489761806678532 AUDIO_PLAYBACK_ONSET 278 86 4 girl
1489761806905219 AUDIO_PLAYBACK_ONSET 279 86 5 eat?
1489761807420338 AUDIO_PLAYBACK_ONSET _ 86 END_OF_WAV
1489761807470101 AUDIO_PLAYBACK_DONE 86.wav
1489761808470060 AUDIO_PLAYBACK_ONSET 280 87 1 who
1489761808651622 AUDIO_PLAYBACK_ONSET 281 87 2 kicked
1489761808975187 AUDIO_PLAYBACK_ONSET 282 87 3 the
1489761809125040 AUDIO_PLAYBACK_ONSET 283 87 4 ball?
1489761809505266 AUDIO_PLAYBACK_ONSET _ 87 END_OF_WAV
1489761809579381 AUDIO_PLAYBACK_DONE 87.wav
1489761810579340 AUDIO_PLAYBACK_ONSET 284 88 1 he
1489761810795179 AUDIO_PLAYBACK_ONSET 285 88 2 collapses
1489761811739532 AUDIO_PLAYBACK_ONSET _ 88 END_OF_WAV
1489761811798024 AUDIO_PLAYBACK_DONE 88.wav
1489761812797983 AUDIO_PLAYBACK_ONSET 286 89 1 he
1489761812888912 AUDIO_PLAYBACK_ONSET 287 89 2 hears
1489761813222548 AUDIO_PLAYBACK_ONSET 288 89 3 the
1489761813298772 AUDIO_PLAYBACK_ONSET 289 89 4 men
1489761813696136 AUDIO_PLAYBACK_ONSET _ 89 END_OF_WAV
1489761813727629 AUDIO_PLAYBACK_DONE 89.wav
1489761814727588 AUDIO_PLAYBACK_ONSET 290 90 1 Whom
1489761814967323 AUDIO_PLAYBACK_ONSET 291 90 2 do
1489761815094422 AUDIO_PLAYBACK_ONSET 292 90 3 the
1489761815168252 AUDIO_PLAYBACK_ONSET 293 90 4 women
1489761815477588 AUDIO_PLAYBACK_ONSET 294 90 5 hug?
1489761815937387 AUDIO_PLAYBACK_ONSET _ 90 END_OF_WAV
1489761816118143 AUDIO_PLAYBACK_DONE 90.wav
1489761817118102 AUDIO_PLAYBACK_ONSET 295 91 1 the
1489761817265205 AUDIO_PLAYBACK_ONSET 296 91 2 girl
1489761817474102 AUDIO_PLAYBACK_ONSET 297 91 3 fell
1489761817962544 AUDIO_PLAYBACK_ONSET _ 91 END_OF_WAV
1489761818024304 AUDIO_PLAYBACK_DONE 91.wav
1489761819024263 AUDIO_PLAYBACK_ONSET 298 92 1 she
1489761819401883 AUDIO_PLAYBACK_ONSET 299 92 2 blooms
1489761820211680 AUDIO_PLAYBACK_ONSET _ 92 END_OF_WAV
1489761820274214 AUDIO_PLAYBACK_DONE 92.wav
1489761821274173 AUDIO_PLAYBACK_ONSET 300 93 1 who
1489761821397951 AUDIO_PLAYBACK_ONSET 301 93 2 smelled
1489761821783987 AUDIO_PLAYBACK_ONSET 302 93 3 the
1489761821847138 AUDIO_PLAYBACK_ONSET 303 93 4 flowers?
1489761822736345 AUDIO_PLAYBACK_ONSET _ 93 END_OF_WAV
1489761822789736 AUDIO_PLAYBACK_DONE 93.wav
1489761823789695 AUDIO_PLAYBACK_ONSET 304 94 1 she
1489761824135762 AUDIO_PLAYBACK_ONSET 305 94 2 kicked
1489761824446178 AUDIO_PLAYBACK_ONSET 306 94 3 the
1489761824593605 AUDIO_PLAYBACK_ONSET 307 94 4 ball
1489761824955620 AUDIO_PLAYBACK_ONSET _ 94 END_OF_WAV
1489761825008379 AUDIO_PLAYBACK_DONE 94.wav
1489761826008338 AUDIO_PLAYBACK_ONSET 308 95 1 he
1489761826139725 AUDIO_PLAYBACK_ONSET 309 95 2 streched
1489761827004935 AUDIO_PLAYBACK_ONSET _ 95 END_OF_WAV
1489761827281712 AUDIO_PLAYBACK_DONE 95.wav
1489761828281671 AUDIO_PLAYBACK_ONSET 310 96 1 the
1489761828427475 AUDIO_PLAYBACK_ONSET 311 96 2 girl
1489761828650007 AUDIO_PLAYBACK_ONSET 312 96 3 kicked
1489761828965185 AUDIO_PLAYBACK_ONSET 313 96 4 the
1489761829095071 AUDIO_PLAYBACK_ONSET 314 96 5 ball
1489761829503804 AUDIO_PLAYBACK_ONSET _ 96 END_OF_WAV
1489761829633161 AUDIO_PLAYBACK_DONE 96.wav
1489761830633120 AUDIO_PLAYBACK_ONSET 315 97 1 they
1489761830829135 AUDIO_PLAYBACK_ONSET 316 97 2 kissed
1489761831162268 AUDIO_PLAYBACK_ONSET 317 97 3 the
1489761831278864 AUDIO_PLAYBACK_ONSET 318 97 4 clowns
1489761832086154 AUDIO_PLAYBACK_ONSET _ 97 END_OF_WAV
1489761832285413 AUDIO_PLAYBACK_DONE 97.wav
1489761833285372 AUDIO_PLAYBACK_ONSET 319 98 1 the
1489761833408113 AUDIO_PLAYBACK_ONSET 320 98 2 boy
1489761833729627 AUDIO_PLAYBACK_ONSET 321 98 3 bloomed
1489761834397109 AUDIO_PLAYBACK_ONSET _ 98 END_OF_WAV
1489761834632981 AUDIO_PLAYBACK_DONE 98.wav
1489761835632940 AUDIO_PLAYBACK_ONSET 322 99 1 they
1489761835923672 AUDIO_PLAYBACK_ONSET 323 99 2 cough
1489761836621226 AUDIO_PLAYBACK_ONSET _ 99 END_OF_WAV
1489761836726640 AUDIO_PLAYBACK_DONE 99.wav
1489761837726599 AUDIO_PLAYBACK_ONSET 324 100 1 she
1489761838050332 AUDIO_PLAYBACK_ONSET 325 100 2 fell
1489761838557802 AUDIO_PLAYBACK_ONSET _ 100 END_OF_WAV
1489761838601551 AUDIO_PLAYBACK_DONE 100.wav
1489761839601510 AUDIO_PLAYBACK_ONSET 326 101 1 she
1489761839986853 AUDIO_PLAYBACK_ONSET 327 101 2 cries
1489761840725973 AUDIO_PLAYBACK_ONSET _ 101 END_OF_WAV
1489761840835816 AUDIO_PLAYBACK_DONE 101.wav
1489761841835775 AUDIO_PLAYBACK_ONSET 328 102 1 we
1489761841986282 AUDIO_PLAYBACK_ONSET 329 102 2 heard
1489761842250835 AUDIO_PLAYBACK_ONSET 330 102 3 that
1489761842359012 AUDIO_PLAYBACK_ONSET 331 102 4 she
1489761842577509 AUDIO_PLAYBACK_ONSET 332 102 5 sneezed
1489761843389374 AUDIO_PLAYBACK_ONSET _ 102 END_OF_WAV
1489761843429453 AUDIO_PLAYBACK_DONE 102.wav
1489761844429412 AUDIO_PLAYBACK_ONSET 333 103 1 she
1489761844716809 AUDIO_PLAYBACK_ONSET 334 103 2 scratched
1489761845774721 AUDIO_PLAYBACK_ONSET _ 103 END_OF_WAV
1489761845819969 AUDIO_PLAYBACK_DONE 103.wav
1489761846819928 AUDIO_PLAYBACK_ONSET 335 104 1 they
1489761847062935 AUDIO_PLAYBACK_ONSET 336 104 2 heared
1489761847343595 AUDIO_PLAYBACK_ONSET 337 104 3 that
1489761847448433 AUDIO_PLAYBACK_ONSET 338 104 4 she
1489761847646096 AUDIO_PLAYBACK_ONSET 339 104 5 laughed
1489761848419276 AUDIO_PLAYBACK_ONSET _ 104 END_OF_WAV
1489761848444854 AUDIO_PLAYBACK_DONE 104.wav
1489761849444813 AUDIO_PLAYBACK_ONSET 340 105 1 the
1489761849588117 AUDIO_PLAYBACK_ONSET 341 105 2 boys
1489761849890192 AUDIO_PLAYBACK_ONSET 342 105 3 winked
1489761850560471 AUDIO_PLAYBACK_ONSET _ 105 END_OF_WAV
1489761850659595 AUDIO_PLAYBACK_DONE 105.wav
1489761851659554 AUDIO_PLAYBACK_ONSET 343 106 1 they
1489761851972040 AUDIO_PLAYBACK_ONSET 344 106 2 vanish
1489761852810736 AUDIO_PLAYBACK_ONSET _ 106 END_OF_WAV
1489761852878237 AUDIO_PLAYBACK_DONE 106.wav
1489761853878196 AUDIO_PLAYBACK_ONSET 345 107 1 they
1489761854021770 AUDIO_PLAYBACK_ONSET 346 107 2 were
1489761854173536 AUDIO_PLAYBACK_ONSET 347 107 3 loved
1489761854925324 AUDIO_PLAYBACK_ONSET _ 107 END_OF_WAV
1489761855042229 AUDIO_PLAYBACK_DONE 107.wav
1489761856042188 AUDIO_PLAYBACK_ONSET 348 108 1 she
1489761856295089 AUDIO_PLAYBACK_ONSET 349 108 2 arrives
1489761857203857 AUDIO_PLAYBACK_ONSET _ 108 END_OF_WAV
1489761857526485 AUDIO_PLAYBACK_DONE 108.wav
1489761858526444 AUDIO_PLAYBACK_ONSET 350 109 1 the
1489761858694017 AUDIO_PLAYBACK_ONSET 351 109 2 boy
1489761858910619 AUDIO_PLAYBACK_ONSET 352 109 3 was
1489761859179671 AUDIO_PLAYBACK_ONSET 353 109 4 pushed
1489761859861529 AUDIO_PLAYBACK_ONSET _ 109 END_OF_WAV
1489761859971714 AUDIO_PLAYBACK_DONE 109.wav
1489761860971673 AUDIO_PLAYBACK_ONSET 354 110 1 The
1489761861101872 AUDIO_PLAYBACK_ONSET 355 110 2 cake
1489761861343702 AUDIO_PLAYBACK_ONSET 356 110 3 was
1489761861508353 AUDIO_PLAYBACK_ONSET 357 110 4 overcooked
1489761862463324 AUDIO_PLAYBACK_ONSET _ 110 END_OF_WAV
1489761862502881 AUDIO_PLAYBACK_DONE 110.wav
1489761863502840 AUDIO_PLAYBACK_ONSET 358 111 1 he
1489761863790885 AUDIO_PLAYBACK_ONSET 359 111 2 jumped
1489761864486616 AUDIO_PLAYBACK_ONSET _ 111 END_OF_WAV
1489761864784037 AUDIO_PLAYBACK_DONE 111.wav
1489761862525970 KEY_PRESS l
1489761862717891 KEY_PRESS l
1489761865783996 AUDIO_PLAYBACK_ONSET 360 112 1 who
1489761865937431 AUDIO_PLAYBACK_ONSET 361 112 2 appeared?
1489761866616602 AUDIO_PLAYBACK_ONSET _ 112 END_OF_WAV
1489761866721463 AUDIO_PLAYBACK_DONE 112.wav
1489761867721422 AUDIO_PLAYBACK_ONSET 362 113 1 What
1489761867887300 AUDIO_PLAYBACK_ONSET 363 113 2 will
1489761868033908 AUDIO_PLAYBACK_ONSET 364 113 3 the
1489761868177240 AUDIO_PLAYBACK_ONSET 365 113 4 boy
1489761868358248 AUDIO_PLAYBACK_ONSET 366 113 5 smell?
1489761868892261 AUDIO_PLAYBACK_ONSET _ 113 END_OF_WAV
1489761868940124 AUDIO_PLAYBACK_DONE 113.wav
1489761869940083 AUDIO_PLAYBACK_ONSET 367 114 1 she
1489761870142098 AUDIO_PLAYBACK_ONSET 368 114 2 saw
1489761870325426 AUDIO_PLAYBACK_ONSET 369 114 3 him
1489761870542766 AUDIO_PLAYBACK_ONSET 370 114 4 coming
1489761871021410 AUDIO_PLAYBACK_ONSET _ 114 END_OF_WAV
1489761871174390 AUDIO_PLAYBACK_DONE 114.wav
1489761872174349 AUDIO_PLAYBACK_ONSET 371 115 1 she
1489761872331960 AUDIO_PLAYBACK_ONSET 372 115 2 discovered
1489761872889860 AUDIO_PLAYBACK_ONSET 373 115 3 that
1489761873072203 AUDIO_PLAYBACK_ONSET 374 115 4 they
1489761873211074 AUDIO_PLAYBACK_ONSET 375 115 5 cough
1489761873831768 AUDIO_PLAYBACK_ONSET _ 115 END_OF_WAV
1489761873971147 AUDIO_PLAYBACK_DONE 115.wav
1489761874971106 AUDIO_PLAYBACK_ONSET 376 116 1 who
1489761875125005 AUDIO_PLAYBACK_ONSET 377 116 2 vanished?
1489761875964004 AUDIO_PLAYBACK_ONSET _ 116 END_OF_WAV
1489761876033560 AUDIO_PLAYBACK_DONE 116.wav
1489761877033519 AUDIO_PLAYBACK_ONSET 378 117 1 the
1489761877100535 AUDIO_PLAYBACK_ONSET 379 117 2 women
1489761877352801 AUDIO_PLAYBACK_ONSET 380 117 3 hug
1489761877624473 AUDIO_PLAYBACK_ONSET 381 117 4 the
1489761877684536 AUDIO_PLAYBACK_ONSET 382 117 5 friend
1489761878357245 AUDIO_PLAYBACK_ONSET _ 117 END_OF_WAV
1489761878408452 AUDIO_PLAYBACK_DONE 117.wav
1489761879408411 AUDIO_PLAYBACK_ONSET 383 118 1 the
1489761879491598 AUDIO_PLAYBACK_ONSET 384 118 2 woman
1489761879768811 AUDIO_PLAYBACK_ONSET 385 118 3 was
1489761880035944 AUDIO_PLAYBACK_ONSET 386 118 4 pinched
1489761880869601 AUDIO_PLAYBACK_ONSET _ 118 END_OF_WAV
1489761880908330 AUDIO_PLAYBACK_DONE 118.wav
1489761881908289 AUDIO_PLAYBACK_ONSET 387 119 1 she
1489761882140258 AUDIO_PLAYBACK_ONSET 388 119 2 was
1489761882374924 AUDIO_PLAYBACK_ONSET 389 119 3 kicked
1489761883044733 AUDIO_PLAYBACK_ONSET _ 119 END_OF_WAV
1489761883064502 AUDIO_PLAYBACK_DONE 119.wav
1489761884064461 AUDIO_PLAYBACK_ONSET 390 120 1 they
1489761884202625 AUDIO_PLAYBACK_ONSET 391 120 2 caught
1489761884362119 AUDIO_PLAYBACK_ONSET 392 120 3 him
1489761884504182 AUDIO_PLAYBACK_ONSET 393 120 4 stealing
1489761885211012 AUDIO_PLAYBACK_ONSET _ 120 END_OF_WAV
1489761885361281 AUDIO_PLAYBACK_DONE 120.wav
1489761886361240 AUDIO_PLAYBACK_ONSET 394 121 1 What
1489761886525008 AUDIO_PLAYBACK_ONSET 395 121 2 did
1489761886646731 AUDIO_PLAYBACK_ONSET 396 121 3 the
1489761886752030 AUDIO_PLAYBACK_ONSET 397 121 4 girls
1489761887041845 AUDIO_PLAYBACK_ONSET 398 121 5 find?
1489761887645627 AUDIO_PLAYBACK_ONSET _ 121 END_OF_WAV
1489761887798667 AUDIO_PLAYBACK_DONE 121.wav
1489761888798626 AUDIO_PLAYBACK_ONSET 399 122 1 the
1489761888939503 AUDIO_PLAYBACK_ONSET 400 122 2 girl
1489761889188491 AUDIO_PLAYBACK_ONSET 401 122 3 crawls
1489761889883584 AUDIO_PLAYBACK_ONSET _ 122 END_OF_WAV
1489761889986084 AUDIO_PLAYBACK_DONE 122.wav
1489761890986043 AUDIO_PLAYBACK_ONSET 402 123 1 Who
1489761891059712 AUDIO_PLAYBACK_ONSET 403 123 2 will
1489761891173885 AUDIO_PLAYBACK_ONSET 404 123 3 the
1489761891305490 AUDIO_PLAYBACK_ONSET 405 123 4 boys
1489761891607919 AUDIO_PLAYBACK_ONSET 406 123 5 kiss?
1489761892239795 AUDIO_PLAYBACK_ONSET _ 123 END_OF_WAV
1489761892282861 AUDIO_PLAYBACK_DONE 123.wav
1489761893282820 AUDIO_PLAYBACK_ONSET 407 124 1 who
1489761893391003 AUDIO_PLAYBACK_ONSET 408 124 2 disappeared?
1489761894145806 AUDIO_PLAYBACK_ONSET _ 124 END_OF_WAV
1489761894267156 AUDIO_PLAYBACK_DONE 124.wav
1489761895267115 AUDIO_PLAYBACK_ONSET 409 125 1 we
1489761895379410 AUDIO_PLAYBACK_ONSET 410 125 2 believed
1489761895644780 AUDIO_PLAYBACK_ONSET 411 125 3 that
1489761895771795 AUDIO_PLAYBACK_ONSET 412 125 4 he
1489761895895786 AUDIO_PLAYBACK_ONSET 413 125 5 cried
1489761896369067 AUDIO_PLAYBACK_ONSET _ 125 END_OF_WAV
1489761896392061 AUDIO_PLAYBACK_DONE 125.wav
1489761897392020 AUDIO_PLAYBACK_ONSET 414 126 1 the
1489761897481292 AUDIO_PLAYBACK_ONSET 415 126 2 host
1489761897783152 AUDIO_PLAYBACK_ONSET 416 126 3 will
1489761897947633 AUDIO_PLAYBACK_ONSET 417 126 4 eat
1489761898480328 AUDIO_PLAYBACK_ONSET _ 126 END_OF_WAV
1489761898782600 AUDIO_PLAYBACK_DONE 126.wav
1489761899782559 AUDIO_PLAYBACK_ONSET 418 127 1 the
1489761899874943 AUDIO_PLAYBACK_ONSET 419 127 2 woman
1489761900173827 AUDIO_PLAYBACK_ONSET 420 127 3 will
1489761900263413 AUDIO_PLAYBACK_ONSET 421 127 4 speak
1489761900957904 AUDIO_PLAYBACK_ONSET _ 127 END_OF_WAV
1489761900962194 AUDIO_PLAYBACK_DONE 127.wav
1489761901962153 AUDIO_PLAYBACK_ONSET 422 128 1 Whom
1489761902186658 AUDIO_PLAYBACK_ONSET 423 128 2 will
1489761902273099 AUDIO_PLAYBACK_ONSET 424 128 3 the
1489761902372771 AUDIO_PLAYBACK_ONSET 425 128 4 women
1489761902634741 AUDIO_PLAYBACK_ONSET 426 128 5 hug?
1489761903114577 AUDIO_PLAYBACK_ONSET _ 128 END_OF_WAV
1489761903274615 AUDIO_PLAYBACK_DONE 128.wav
1489761904274574 AUDIO_PLAYBACK_ONSET 427 129 1 who
1489761904443572 AUDIO_PLAYBACK_ONSET 428 129 2 smiles?
1489761905254047 AUDIO_PLAYBACK_ONSET _ 129 END_OF_WAV
1489761905399517 AUDIO_PLAYBACK_DONE 129.wav
1489761906399476 AUDIO_PLAYBACK_ONSET 429 130 1 they
1489761906616043 AUDIO_PLAYBACK_ONSET 430 130 2 coughed
1489761907376372 AUDIO_PLAYBACK_ONSET _ 130 END_OF_WAV
1489761907711920 AUDIO_PLAYBACK_DONE 130.wav
1489761908711879 AUDIO_PLAYBACK_ONSET 431 131 1 who
1489761908918594 AUDIO_PLAYBACK_ONSET 432 131 2 cried?
1489761909517209 AUDIO_PLAYBACK_ONSET _ 131 END_OF_WAV
1489761909586834 AUDIO_PLAYBACK_DONE 131.wav
1489761910586793 AUDIO_PLAYBACK_ONSET 433 132 1 the
1489761910714207 AUDIO_PLAYBACK_ONSET 434 132 2 boys
1489761910989590 AUDIO_PLAYBACK_ONSET 435 132 3 kissed
1489761911281235 AUDIO_PLAYBACK_ONSET 436 132 4 the
1489761911379896 AUDIO_PLAYBACK_ONSET 437 132 5 clowns
1489761912150751 AUDIO_PLAYBACK_ONSET _ 132 END_OF_WAV
1489761912199992 AUDIO_PLAYBACK_DONE 132.wav
1489761913199951 AUDIO_PLAYBACK_ONSET 438 133 1 who
1489761913290568 AUDIO_PLAYBACK_ONSET 439 133 2 found
1489761913580647 AUDIO_PLAYBACK_ONSET 440 133 3 the
1489761913692216 AUDIO_PLAYBACK_ONSET 441 133 4 bikes?
1489761914463382 AUDIO_PLAYBACK_ONSET _ 133 END_OF_WAV
1489761914528014 AUDIO_PLAYBACK_DONE 133.wav
1489761915527973 AUDIO_PLAYBACK_ONSET 442 134 1 who
1489761915723932 AUDIO_PLAYBACK_ONSET 443 134 2 crawled?
1489761916284431 AUDIO_PLAYBACK_ONSET _ 134 END_OF_WAV
1489761916316990 AUDIO_PLAYBACK_DONE 134.wav
1489761917316949 AUDIO_PLAYBACK_ONSET 444 135 1 the
1489761917462088 AUDIO_PLAYBACK_ONSET 445 135 2 boy
1489761917611089 AUDIO_PLAYBACK_ONSET 446 135 3 heard
1489761917882962 AUDIO_PLAYBACK_ONSET 447 135 4 the
1489761917922507 AUDIO_PLAYBACK_ONSET 448 135 5 men
1489761918328551 AUDIO_PLAYBACK_ONSET _ 135 END_OF_WAV
1489761918367701 AUDIO_PLAYBACK_DONE 135.wav
1489761919367660 AUDIO_PLAYBACK_ONSET 449 136 1 who
1489761919500816 AUDIO_PLAYBACK_ONSET 450 136 2 kissed
1489761919783386 AUDIO_PLAYBACK_ONSET 451 136 3 the
1489761919899674 AUDIO_PLAYBACK_ONSET 452 136 4 clowns?
1489761920775638 AUDIO_PLAYBACK_ONSET _ 136 END_OF_WAV
1489761920984759 AUDIO_PLAYBACK_DONE 136.wav
1489761921984718 AUDIO_PLAYBACK_ONSET 453 137 1 the
1489761922125684 AUDIO_PLAYBACK_ONSET 454 137 2 boys
1489761922436238 AUDIO_PLAYBACK_ONSET 455 137 3 vanished
1489761923299101 AUDIO_PLAYBACK_ONSET _ 137 END_OF_WAV
1489761923406523 AUDIO_PLAYBACK_DONE 137.wav
1489761924406482 AUDIO_PLAYBACK_ONSET 456 138 1 he
1489761924505551 AUDIO_PLAYBACK_ONSET 457 138 2 shaved
1489761925394944 AUDIO_PLAYBACK_ONSET _ 138 END_OF_WAV
1489761925609563 AUDIO_PLAYBACK_DONE 138.wav
1489761926609522 AUDIO_PLAYBACK_ONSET 458 139 1 he
1489761926690806 AUDIO_PLAYBACK_ONSET 459 139 2 saw
1489761926961943 AUDIO_PLAYBACK_ONSET 460 139 3 her
1489761927083241 AUDIO_PLAYBACK_ONSET 461 139 4 winking
1489761927681803 AUDIO_PLAYBACK_ONSET _ 139 END_OF_WAV
1489761927789159 AUDIO_PLAYBACK_DONE 139.wav
1489761928789118 AUDIO_PLAYBACK_ONSET 462 140 1 the
1489761928879121 AUDIO_PLAYBACK_ONSET 463 140 2 actors
1489761929195127 AUDIO_PLAYBACK_ONSET 464 140 3 were
1489761929295009 AUDIO_PLAYBACK_ONSET 465 140 4 scorned
1489761930008823 AUDIO_PLAYBACK_ONSET _ 140 END_OF_WAV
1489761930070315 AUDIO_PLAYBACK_DONE 140.wav
1489761931070274 AUDIO_PLAYBACK_ONSET 466 141 1 who
1489761931215232 AUDIO_PLAYBACK_ONSET 467 141 2 collapsed?
1489761932120811 AUDIO_PLAYBACK_ONSET _ 141 END_OF_WAV
1489761932140524 AUDIO_PLAYBACK_DONE 141.wav
1489761933140483 AUDIO_PLAYBACK_ONSET 468 142 1 he
1489761933277946 AUDIO_PLAYBACK_ONSET 469 142 2 undressed
1489761934188061 AUDIO_PLAYBACK_ONSET _ 142 END_OF_WAV
1489761934585755 AUDIO_PLAYBACK_DONE 142.wav
1489761933163064 KEY_PRESS l
1489761935585714 AUDIO_PLAYBACK_ONSET 470 143 1 he
1489761935703234 AUDIO_PLAYBACK_ONSET 471 143 2 was
1489761935944986 AUDIO_PLAYBACK_ONSET 472 143 3 kissed
1489761936631202 AUDIO_PLAYBACK_ONSET _ 143 END_OF_WAV
1489761936702859 AUDIO_PLAYBACK_DONE 143.wav
1489761937702818 AUDIO_PLAYBACK_ONSET 473 144 1 the
1489761937824123 AUDIO_PLAYBACK_ONSET 474 144 2 girls
1489761938114318 AUDIO_PLAYBACK_ONSET 475 144 3 arrive
1489761938865827 AUDIO_PLAYBACK_ONSET _ 144 END_OF_WAV
1489761939015259 AUDIO_PLAYBACK_DONE 144.wav
1489761938218850 KEY_PRESS l
1489761938346841 KEY_PRESS l
1489761940015218 AUDIO_PLAYBACK_ONSET 476 145 1 he
1489761940099818 AUDIO_PLAYBACK_ONSET 477 145 2 smelled
1489761940476442 AUDIO_PLAYBACK_ONSET 478 145 3 the
1489761940537188 AUDIO_PLAYBACK_ONSET 479 145 4 flowers
1489761941378284 AUDIO_PLAYBACK_ONSET _ 145 END_OF_WAV
1489761941405778 AUDIO_PLAYBACK_DONE 145.wav
1489761942405737 AUDIO_PLAYBACK_ONSET 480 146 1 he
1489761942489386 AUDIO_PLAYBACK_ONSET 481 146 2 said
1489761942749969 AUDIO_PLAYBACK_ONSET 482 146 3 that
1489761942826665 AUDIO_PLAYBACK_ONSET 483 146 4 she
1489761943012399 AUDIO_PLAYBACK_ONSET 484 146 5 smiled
1489761943606565 AUDIO_PLAYBACK_ONSET _ 146 END_OF_WAV
1489761943780670 AUDIO_PLAYBACK_DONE 146.wav
1489761941538610 KEY_PRESS l
1489761944780629 AUDIO_PLAYBACK_ONSET 485 147 1 the
1489761944917350 AUDIO_PLAYBACK_ONSET 486 147 2 boys
1489761945259777 AUDIO_PLAYBACK_ONSET 487 147 3 tickle
1489761945518641 AUDIO_PLAYBACK_ONSET 488 147 4 the
1489761945653068 AUDIO_PLAYBACK_ONSET 489 147 5 girl
1489761946103582 AUDIO_PLAYBACK_ONSET _ 147 END_OF_WAV
1489761946132119 AUDIO_PLAYBACK_DONE 147.wav
1489761947132078 AUDIO_PLAYBACK_ONSET 490 148 1 The
1489761947248201 AUDIO_PLAYBACK_ONSET 491 148 2 grandpa
1489761947597779 AUDIO_PLAYBACK_ONSET 492 148 3 ate
1489761947839336 AUDIO_PLAYBACK_ONSET 493 148 4 the
1489761947928644 AUDIO_PLAYBACK_ONSET 494 148 5 meal
1489761948365829 AUDIO_PLAYBACK_ONSET _ 148 END_OF_WAV
1489761948397675 AUDIO_PLAYBACK_DONE 148.wav
1489761949397634 AUDIO_PLAYBACK_ONSET 495 149 1 the
1489761949506054 AUDIO_PLAYBACK_ONSET 496 149 2 girl
1489761949767916 AUDIO_PLAYBACK_ONSET 497 149 3 cries
1489761950535632 AUDIO_PLAYBACK_ONSET _ 149 END_OF_WAV
1489761950553823 AUDIO_PLAYBACK_DONE 149.wav
1489761948450413 KEY_PRESS l
1489761948602419 KEY_PRESS l
1489761951553782 AUDIO_PLAYBACK_ONSET 498 150 1 What
1489761951686951 AUDIO_PLAYBACK_ONSET 499 150 2 did
1489761951850758 AUDIO_PLAYBACK_ONSET 500 150 3 the
1489761951969204 AUDIO_PLAYBACK_ONSET 501 150 4 boy
1489761952156532 AUDIO_PLAYBACK_ONSET 502 150 5 smell?
1489761952731119 AUDIO_PLAYBACK_ONSET _ 150 END_OF_WAV
1489761952803729 AUDIO_PLAYBACK_DONE 150.wav
1489761953803688 AUDIO_PLAYBACK_ONSET 503 151 1 He
1489761953910786 AUDIO_PLAYBACK_ONSET 504 151 2 heard
1489761954146420 AUDIO_PLAYBACK_ONSET 505 151 3 her
1489761954337700 AUDIO_PLAYBACK_ONSET 506 151 4 play
1489761954819364 AUDIO_PLAYBACK_ONSET _ 151 END_OF_WAV
1489761954834895 AUDIO_PLAYBACK_DONE 151.wav
1489761955834854 AUDIO_PLAYBACK_ONSET 507 152 1 she
1489761956169405 AUDIO_PLAYBACK_ONSET 508 152 2 dressed
1489761956794906 AUDIO_PLAYBACK_ONSET _ 152 END_OF_WAV
1489761956897328 AUDIO_PLAYBACK_DONE 152.wav
