1489763364342706 CHEETAH_SIGNAL SENT_AFTER_TIME 93283.135713
1489763366822507 CHEETAH_SIGNAL SENT_AFTER_TIME 93285.615246
1489763366882515 CHEETAH_SIGNAL SENT_AFTER_TIME 93285.674894
1489763366849852 DISPLAY_INSTRUCTIONS Stimuli/instructions_audio_sentences.png
1489763382770861 KEY_PRESS space
1489763382803960 CHEETAH_SIGNAL SENT_AFTER_TIME 93301.596316
1489763382904204 CHEETAH_SIGNAL SENT_AFTER_TIME 93301.697207
1489763382871595 DISPLAY_INSTRUCTIONS OFF
1489763382942014 SOUND_ONSET 400 0.200 44100
1489763383278599 SOUND_ONSET 300 0.200 44100
1489763383921565 SOUND_ONSET 600 0.200 44100
1489763384363724 SOUND_ONSET 500 0.200 44100
1489763384605165 SOUND_ONSET 700 0.200 44100
1489763384996986 SOUND_ONSET 300 0.200 44100
1489763385438966 SOUND_ONSET 400 0.200 44100
1489763385830787 SOUND_ONSET 300 0.200 44100
1489763386094762 CHEETAH_SIGNAL SENT_AFTER_TIME 93304.888234
1489763386127030 CHEETAH_SIGNAL SENT_AFTER_TIME 93304.920472
1489763386170851 CHEETAH_SIGNAL SENT_AFTER_TIME 93304.964102
1489763386138308 DISPLAY_FIXATION
1489763389352147 AUDIO_PLAYBACK_ONSET 1 44 1 The
1489763389420402 AUDIO_PLAYBACK_ONSET 2 44 2 salad
1489763389775530 AUDIO_PLAYBACK_ONSET 3 44 3 is
1489763389948704 AUDIO_PLAYBACK_ONSET 4 44 4 tasty
1489763390524889 AUDIO_PLAYBACK_ONSET _ 44 END_OF_WAV
1489763390539604 AUDIO_PLAYBACK_DONE 44.wav
1489763382767510 KEY_PRESS space
1489763382879509 KEY_PRESS space
1489763391539563 AUDIO_PLAYBACK_ONSET 5 125 1 we
1489763391651858 AUDIO_PLAYBACK_ONSET 6 125 2 believed
1489763391917228 AUDIO_PLAYBACK_ONSET 7 125 3 that
1489763392044243 AUDIO_PLAYBACK_ONSET 8 125 4 he
1489763392168234 AUDIO_PLAYBACK_ONSET 9 125 5 cried
1489763392641515 AUDIO_PLAYBACK_ONSET _ 125 END_OF_WAV
1489763392664532 AUDIO_PLAYBACK_DONE 125.wav
1489763390911316 KEY_PRESS l
1489763391007307 KEY_PRESS l
1489763393664491 AUDIO_PLAYBACK_ONSET 10 86 1 What
1489763393852832 AUDIO_PLAYBACK_ONSET 11 86 2 does
1489763394078637 AUDIO_PLAYBACK_ONSET 12 86 3 the
1489763394185366 AUDIO_PLAYBACK_ONSET 13 86 4 girl
1489763394412053 AUDIO_PLAYBACK_ONSET 14 86 5 eat?
1489763394927172 AUDIO_PLAYBACK_ONSET _ 86 END_OF_WAV
1489763394976959 AUDIO_PLAYBACK_DONE 86.wav
1489763395976918 AUDIO_PLAYBACK_ONSET 15 9 1 they
1489763396257934 AUDIO_PLAYBACK_ONSET 16 9 2 will
1489763396462063 AUDIO_PLAYBACK_ONSET 17 9 3 drink
1489763397094612 AUDIO_PLAYBACK_ONSET _ 9 END_OF_WAV
1489763397226845 AUDIO_PLAYBACK_DONE 9.wav
1489763395830974 KEY_PRESS l
1489763395951085 KEY_PRESS l
1489763397183044 KEY_PRESS l
1489763398226804 AUDIO_PLAYBACK_ONSET 18 41 1 the
1489763398385504 AUDIO_PLAYBACK_ONSET 19 41 2 boy
1489763398573443 AUDIO_PLAYBACK_ONSET 20 41 3 sneezes
1489763399450495 AUDIO_PLAYBACK_ONSET _ 41 END_OF_WAV
1489763399453313 AUDIO_PLAYBACK_DONE 41.wav
1489763397327014 KEY_PRESS l
1489763400453272 AUDIO_PLAYBACK_ONSET 21 109 1 the
1489763400620845 AUDIO_PLAYBACK_ONSET 22 109 2 boy
1489763400837447 AUDIO_PLAYBACK_ONSET 23 109 3 was
1489763401106499 AUDIO_PLAYBACK_ONSET 24 109 4 pushed
1489763401788357 AUDIO_PLAYBACK_ONSET _ 109 END_OF_WAV
1489763401898521 AUDIO_PLAYBACK_DONE 109.wav
1489763402898480 AUDIO_PLAYBACK_ONSET 25 34 1 the
1489763403104104 AUDIO_PLAYBACK_ONSET 26 34 2 boy
1489763403354522 AUDIO_PLAYBACK_ONSET 27 34 3 laughs
1489763404177852 AUDIO_PLAYBACK_ONSET _ 34 END_OF_WAV
1489763404273417 AUDIO_PLAYBACK_DONE 34.wav
1489763405273376 AUDIO_PLAYBACK_ONSET 28 53 1 they
1489763405434183 AUDIO_PLAYBACK_ONSET 29 53 2 heard
1489763405608575 AUDIO_PLAYBACK_ONSET 30 53 3 her
1489763405758774 AUDIO_PLAYBACK_ONSET 31 53 4 coughing
1489763406364612 AUDIO_PLAYBACK_ONSET _ 53 END_OF_WAV
1489763406773296 AUDIO_PLAYBACK_DONE 53.wav
1489763407773255 AUDIO_PLAYBACK_ONSET 32 15 1 he
1489763407932866 AUDIO_PLAYBACK_ONSET 33 15 2 remains
1489763408827561 AUDIO_PLAYBACK_ONSET _ 15 END_OF_WAV
1489763408835707 AUDIO_PLAYBACK_DONE 15.wav
1489763409835666 AUDIO_PLAYBACK_ONSET 34 106 1 they
1489763410148152 AUDIO_PLAYBACK_ONSET 35 106 2 vanish
1489763410986848 AUDIO_PLAYBACK_ONSET _ 106 END_OF_WAV
1489763411054352 AUDIO_PLAYBACK_DONE 106.wav
1489763412054311 AUDIO_PLAYBACK_ONSET 36 130 1 they
1489763412270878 AUDIO_PLAYBACK_ONSET 37 130 2 coughed
1489763413031207 AUDIO_PLAYBACK_ONSET _ 130 END_OF_WAV
1489763413366753 AUDIO_PLAYBACK_DONE 130.wav
1489763414366712 AUDIO_PLAYBACK_ONSET 38 123 1 Who
1489763414440381 AUDIO_PLAYBACK_ONSET 39 123 2 will
1489763414554554 AUDIO_PLAYBACK_ONSET 40 123 3 the
1489763414686159 AUDIO_PLAYBACK_ONSET 41 123 4 boys
1489763414988588 AUDIO_PLAYBACK_ONSET 42 123 5 kiss?
1489763415620464 AUDIO_PLAYBACK_ONSET _ 123 END_OF_WAV
1489763415663534 AUDIO_PLAYBACK_DONE 123.wav
1489763416663493 AUDIO_PLAYBACK_ONSET 43 28 1 the
1489763416773897 AUDIO_PLAYBACK_ONSET 44 28 2 host
1489763417136795 AUDIO_PLAYBACK_ONSET 45 28 3 was
1489763417308163 AUDIO_PLAYBACK_ONSET 46 28 4 warned
1489763418034967 AUDIO_PLAYBACK_ONSET _ 28 END_OF_WAV
1489763418163410 AUDIO_PLAYBACK_DONE 28.wav
1489763419163369 AUDIO_PLAYBACK_ONSET 47 21 1 who
1489763419416316 AUDIO_PLAYBACK_ONSET 48 21 2 winks?
1489763420131796 AUDIO_PLAYBACK_ONSET _ 21 END_OF_WAV
1489763420132064 AUDIO_PLAYBACK_DONE 21.wav
1489763421132023 AUDIO_PLAYBACK_ONSET 49 147 1 the
1489763421268744 AUDIO_PLAYBACK_ONSET 50 147 2 boys
1489763421611171 AUDIO_PLAYBACK_ONSET 51 147 3 tickle
1489763421870035 AUDIO_PLAYBACK_ONSET 52 147 4 the
1489763422004462 AUDIO_PLAYBACK_ONSET 53 147 5 girl
1489763422454976 AUDIO_PLAYBACK_ONSET _ 147 END_OF_WAV
1489763422483514 AUDIO_PLAYBACK_DONE 147.wav
1489763423483473 AUDIO_PLAYBACK_ONSET 54 78 1 she
1489763423714261 AUDIO_PLAYBACK_ONSET 55 78 2 saw
1489763423952193 AUDIO_PLAYBACK_ONSET 56 78 3 that
1489763424118459 AUDIO_PLAYBACK_ONSET 57 78 4 he
1489763424253192 AUDIO_PLAYBACK_ONSET 58 78 5 crawled
1489763424773967 AUDIO_PLAYBACK_ONSET _ 78 END_OF_WAV
1489763424905276 AUDIO_PLAYBACK_DONE 78.wav
1489763425905235 AUDIO_PLAYBACK_ONSET 59 51 1 she
1489763426099865 AUDIO_PLAYBACK_ONSET 60 51 2 smelled
1489763426406903 AUDIO_PLAYBACK_ONSET 61 51 3 it
1489763426584804 AUDIO_PLAYBACK_ONSET 62 51 4 burn
1489763426992984 AUDIO_PLAYBACK_ONSET _ 51 END_OF_WAV
1489763427248928 AUDIO_PLAYBACK_DONE 51.wav
1489763428248887 AUDIO_PLAYBACK_ONSET 63 116 1 who
1489763428402786 AUDIO_PLAYBACK_ONSET 64 116 2 vanished?
1489763429241785 AUDIO_PLAYBACK_ONSET _ 116 END_OF_WAV
1489763429311339 AUDIO_PLAYBACK_DONE 116.wav
1489763430311298 AUDIO_PLAYBACK_ONSET 65 138 1 he
1489763430410367 AUDIO_PLAYBACK_ONSET 66 138 2 shaved
1489763431299760 AUDIO_PLAYBACK_ONSET _ 138 END_OF_WAV
1489763431514360 AUDIO_PLAYBACK_DONE 138.wav
1489763432514319 AUDIO_PLAYBACK_ONSET 67 60 1 the
1489763432657392 AUDIO_PLAYBACK_ONSET 68 60 2 boy
1489763432816603 AUDIO_PLAYBACK_ONSET 69 60 3 smelled
1489763433164952 AUDIO_PLAYBACK_ONSET 70 60 4 the
1489763433230791 AUDIO_PLAYBACK_ONSET 71 60 5 flowers
1489763434098670 AUDIO_PLAYBACK_ONSET _ 60 END_OF_WAV
1489763434295498 AUDIO_PLAYBACK_DONE 60.wav
1489763435295457 AUDIO_PLAYBACK_ONSET 72 33 1 who
1489763435552654 AUDIO_PLAYBACK_ONSET 73 33 2 falls?
1489763436399681 AUDIO_PLAYBACK_ONSET _ 33 END_OF_WAV
1489763436436024 AUDIO_PLAYBACK_DONE 33.wav
1489763437435983 AUDIO_PLAYBACK_ONSET 74 47 1 she
1489763437672009 AUDIO_PLAYBACK_ONSET 75 47 2 will
1489763437792293 AUDIO_PLAYBACK_ONSET 76 47 3 sleep
1489763438484957 AUDIO_PLAYBACK_ONSET _ 47 END_OF_WAV
1489763438670291 AUDIO_PLAYBACK_DONE 47.wav
1489763439670250 AUDIO_PLAYBACK_ONSET 77 152 1 she
1489763440004801 AUDIO_PLAYBACK_ONSET 78 152 2 dressed
1489763440630302 AUDIO_PLAYBACK_ONSET _ 152 END_OF_WAV
1489763440732702 AUDIO_PLAYBACK_DONE 152.wav
1489763441732661 AUDIO_PLAYBACK_ONSET 79 82 1 the
1489763441875188 AUDIO_PLAYBACK_ONSET 80 82 2 boy
1489763442067203 AUDIO_PLAYBACK_ONSET 81 82 3 will
1489763442204110 AUDIO_PLAYBACK_ONSET 82 82 4 sing
1489763442760351 AUDIO_PLAYBACK_ONSET _ 82 END_OF_WAV
1489763443013859 AUDIO_PLAYBACK_DONE 82.wav
1489763440997258 KEY_PRESS l
1489763441301241 KEY_PRESS l
1489763444013818 AUDIO_PLAYBACK_ONSET 83 22 1 they
1489763444349134 AUDIO_PLAYBACK_ONSET 84 22 2 vanished
1489763445077220 AUDIO_PLAYBACK_ONSET _ 22 END_OF_WAV
1489763445170010 AUDIO_PLAYBACK_DONE 22.wav
1489763446169969 AUDIO_PLAYBACK_ONSET 85 52 1 he
1489763446314058 AUDIO_PLAYBACK_ONSET 86 52 2 disappeared
1489763447092774 AUDIO_PLAYBACK_ONSET _ 52 END_OF_WAV
1489763447419897 AUDIO_PLAYBACK_DONE 52.wav
1489763448419856 AUDIO_PLAYBACK_ONSET 87 73 1 she
1489763448638096 AUDIO_PLAYBACK_ONSET 88 73 2 heard
1489763448869865 AUDIO_PLAYBACK_ONSET 89 73 3 them
1489763449057710 AUDIO_PLAYBACK_ONSET 90 73 4 crying
1489763449584797 AUDIO_PLAYBACK_ONSET _ 73 END_OF_WAV
1489763449810417 AUDIO_PLAYBACK_DONE 73.wav
1489763450810376 AUDIO_PLAYBACK_ONSET 91 115 1 she
1489763450967987 AUDIO_PLAYBACK_ONSET 92 115 2 discovered
1489763451525887 AUDIO_PLAYBACK_ONSET 93 115 3 that
1489763451708230 AUDIO_PLAYBACK_ONSET 94 115 4 they
1489763451847101 AUDIO_PLAYBACK_ONSET 95 115 5 cough
1489763452467795 AUDIO_PLAYBACK_ONSET _ 115 END_OF_WAV
1489763452607178 AUDIO_PLAYBACK_DONE 115.wav
1489763453607137 AUDIO_PLAYBACK_ONSET 96 89 1 he
1489763453698066 AUDIO_PLAYBACK_ONSET 97 89 2 hears
1489763454031702 AUDIO_PLAYBACK_ONSET 98 89 3 the
1489763454107926 AUDIO_PLAYBACK_ONSET 99 89 4 men
1489763454505290 AUDIO_PLAYBACK_ONSET _ 89 END_OF_WAV
1489763454536785 AUDIO_PLAYBACK_DONE 89.wav
1489763455536744 AUDIO_PLAYBACK_ONSET 100 18 1 The
1489763455637068 AUDIO_PLAYBACK_ONSET 101 18 2 chef
1489763455910249 AUDIO_PLAYBACK_ONSET 102 18 3 served
1489763456366895 AUDIO_PLAYBACK_ONSET 103 18 4 the
1489763456516087 AUDIO_PLAYBACK_ONSET 104 18 5 cake
1489763456973741 AUDIO_PLAYBACK_ONSET _ 18 END_OF_WAV
1489763457036660 AUDIO_PLAYBACK_DONE 18.wav
1489763456916617 KEY_PRESS l
1489763456996598 KEY_PRESS l
1489763458036619 AUDIO_PLAYBACK_ONSET 105 57 1 who
1489763458216237 AUDIO_PLAYBACK_ONSET 106 57 2 eats
1489763458431087 AUDIO_PLAYBACK_ONSET 107 57 3 the
1489763458498280 AUDIO_PLAYBACK_ONSET 108 57 4 salad?
1489763459118775 AUDIO_PLAYBACK_ONSET _ 57 END_OF_WAV
1489763459270926 AUDIO_PLAYBACK_DONE 57.wav
1489763459188475 KEY_PRESS l
1489763460270885 AUDIO_PLAYBACK_ONSET 109 101 1 she
1489763460656228 AUDIO_PLAYBACK_ONSET 110 101 2 cries
1489763461395348 AUDIO_PLAYBACK_ONSET _ 101 END_OF_WAV
1489763461505192 AUDIO_PLAYBACK_DONE 101.wav
1489763459300494 KEY_PRESS l
1489763462505151 AUDIO_PLAYBACK_ONSET 111 12 1 who
1489763462753250 AUDIO_PLAYBACK_ONSET 112 12 2 jumped?
1489763463519686 AUDIO_PLAYBACK_ONSET _ 12 END_OF_WAV
1489763463911333 AUDIO_PLAYBACK_DONE 12.wav
1489763464911292 AUDIO_PLAYBACK_ONSET 113 124 1 who
1489763465019475 AUDIO_PLAYBACK_ONSET 114 124 2 disappeared?
1489763465774278 AUDIO_PLAYBACK_ONSET _ 124 END_OF_WAV
1489763465895610 AUDIO_PLAYBACK_DONE 124.wav
1489763466895569 AUDIO_PLAYBACK_ONSET 115 10 1 they
1489763467196874 AUDIO_PLAYBACK_ONSET 116 10 2 wink
1489763467800194 AUDIO_PLAYBACK_ONSET _ 10 END_OF_WAV
1489763468020513 AUDIO_PLAYBACK_DONE 10.wav
1489763469020472 AUDIO_PLAYBACK_ONSET 117 40 1 he
1489763469359095 AUDIO_PLAYBACK_ONSET 118 40 2 cried
1489763470096192 AUDIO_PLAYBACK_ONSET _ 40 END_OF_WAV
1489763470457900 AUDIO_PLAYBACK_DONE 40.wav
1489763471457859 AUDIO_PLAYBACK_ONSET 119 128 1 Whom
1489763471682364 AUDIO_PLAYBACK_ONSET 120 128 2 will
1489763471768805 AUDIO_PLAYBACK_ONSET 121 128 3 the
1489763471868477 AUDIO_PLAYBACK_ONSET 122 128 4 women
1489763472130447 AUDIO_PLAYBACK_ONSET 123 128 5 hug?
1489763472610283 AUDIO_PLAYBACK_ONSET _ 128 END_OF_WAV
1489763472770326 AUDIO_PLAYBACK_DONE 128.wav
1489763473770285 AUDIO_PLAYBACK_ONSET 124 32 1 the
1489763473914233 AUDIO_PLAYBACK_ONSET 125 32 2 girls
1489763474265957 AUDIO_PLAYBACK_ONSET 126 32 3 appear
1489763474916316 AUDIO_PLAYBACK_ONSET _ 32 END_OF_WAV
1489763475004592 AUDIO_PLAYBACK_DONE 32.wav
1489763476004551 AUDIO_PLAYBACK_ONSET 127 121 1 What
1489763476168319 AUDIO_PLAYBACK_ONSET 128 121 2 did
1489763476290042 AUDIO_PLAYBACK_ONSET 129 121 3 the
1489763476395341 AUDIO_PLAYBACK_ONSET 130 121 4 girls
1489763476685156 AUDIO_PLAYBACK_ONSET 131 121 5 find?
1489763477288938 AUDIO_PLAYBACK_ONSET _ 121 END_OF_WAV
1489763477441998 AUDIO_PLAYBACK_DONE 121.wav
1489763478441957 AUDIO_PLAYBACK_ONSET 132 16 1 What
1489763478642844 AUDIO_PLAYBACK_ONSET 133 16 2 will
1489763478844202 AUDIO_PLAYBACK_ONSET 134 16 3 the
1489763478985351 AUDIO_PLAYBACK_ONSET 135 16 4 girls
1489763479403860 AUDIO_PLAYBACK_ONSET 136 16 5 find?
1489763479853954 AUDIO_PLAYBACK_ONSET _ 16 END_OF_WAV
1489763479910629 AUDIO_PLAYBACK_DONE 16.wav
1489763480910588 AUDIO_PLAYBACK_ONSET 137 58 1 he
1489763481122043 AUDIO_PLAYBACK_ONSET 138 58 2 laughs
1489763481910070 AUDIO_PLAYBACK_ONSET _ 58 END_OF_WAV
1489763482137094 AUDIO_PLAYBACK_DONE 58.wav
1489763483137053 AUDIO_PLAYBACK_ONSET 139 104 1 they
1489763483380060 AUDIO_PLAYBACK_ONSET 140 104 2 heared
1489763483660720 AUDIO_PLAYBACK_ONSET 141 104 3 that
1489763483765558 AUDIO_PLAYBACK_ONSET 142 104 4 she
1489763483963221 AUDIO_PLAYBACK_ONSET 143 104 5 laughed
1489763484736401 AUDIO_PLAYBACK_ONSET _ 104 END_OF_WAV
1489763484762003 AUDIO_PLAYBACK_DONE 104.wav
1489763485761962 AUDIO_PLAYBACK_ONSET 144 27 1 Who
1489763485962146 AUDIO_PLAYBACK_ONSET 145 27 2 did
1489763486144730 AUDIO_PLAYBACK_ONSET 146 27 3 the
1489763486295560 AUDIO_PLAYBACK_ONSET 147 27 4 boys
1489763486662996 AUDIO_PLAYBACK_ONSET 148 27 5 kiss?
1489763487360444 AUDIO_PLAYBACK_ONSET _ 27 END_OF_WAV
1489763487449380 AUDIO_PLAYBACK_DONE 27.wav
1489763488449339 AUDIO_PLAYBACK_ONSET 149 49 1 the
1489763488619047 AUDIO_PLAYBACK_ONSET 150 49 2 girl
1489763488828283 AUDIO_PLAYBACK_ONSET 151 49 3 ate
1489763489014554 AUDIO_PLAYBACK_ONSET 152 49 4 the
1489763489073243 AUDIO_PLAYBACK_ONSET 153 49 5 salad
1489763489689043 AUDIO_PLAYBACK_ONSET _ 49 END_OF_WAV
1489763489714913 AUDIO_PLAYBACK_DONE 49.wav
1489763490714872 AUDIO_PLAYBACK_ONSET 154 88 1 he
1489763490930711 AUDIO_PLAYBACK_ONSET 155 88 2 collapses
1489763491875064 AUDIO_PLAYBACK_ONSET _ 88 END_OF_WAV
1489763491933555 AUDIO_PLAYBACK_DONE 88.wav
1489763490067247 KEY_PRESS l
1489763490171229 KEY_PRESS l
1489763492933514 AUDIO_PLAYBACK_ONSET 156 13 1 she
1489763493203035 AUDIO_PLAYBACK_ONSET 157 13 2 sliced
1489763493646624 AUDIO_PLAYBACK_ONSET 158 13 3 the
1489763493723446 AUDIO_PLAYBACK_ONSET 159 13 4 mushrooms
1489763494656468 AUDIO_PLAYBACK_ONSET _ 13 END_OF_WAV
1489763494777182 AUDIO_PLAYBACK_DONE 13.wav
1489763494331066 KEY_PRESS l
1489763494499053 KEY_PRESS l
1489763495777141 AUDIO_PLAYBACK_ONSET 160 102 1 we
1489763495927648 AUDIO_PLAYBACK_ONSET 161 102 2 heard
1489763496192201 AUDIO_PLAYBACK_ONSET 162 102 3 that
1489763496300378 AUDIO_PLAYBACK_ONSET 163 102 4 she
1489763496518875 AUDIO_PLAYBACK_ONSET 164 102 5 sneezed
1489763497330740 AUDIO_PLAYBACK_ONSET _ 102 END_OF_WAV
1489763497370843 AUDIO_PLAYBACK_DONE 102.wav
1489763498370802 AUDIO_PLAYBACK_ONSET 165 45 1 Whom
1489763498485859 AUDIO_PLAYBACK_ONSET 166 45 2 does
1489763498682850 AUDIO_PLAYBACK_ONSET 167 45 3 the
1489763498804132 AUDIO_PLAYBACK_ONSET 168 45 4 boy
1489763499048900 AUDIO_PLAYBACK_ONSET 169 45 5 tickle?
1489763499462729 AUDIO_PLAYBACK_ONSET _ 45 END_OF_WAV
1489763499464502 AUDIO_PLAYBACK_DONE 45.wav
1489763500464461 AUDIO_PLAYBACK_ONSET 170 71 1 who
1489763500647611 AUDIO_PLAYBACK_ONSET 171 71 2 coughed?
1489763501400954 AUDIO_PLAYBACK_ONSET _ 71 END_OF_WAV
1489763501464402 AUDIO_PLAYBACK_DONE 71.wav
1489763502464361 AUDIO_PLAYBACK_ONSET 172 137 1 the
1489763502605327 AUDIO_PLAYBACK_ONSET 173 137 2 boys
1489763502915881 AUDIO_PLAYBACK_ONSET 174 137 3 vanished
1489763503778744 AUDIO_PLAYBACK_ONSET _ 137 END_OF_WAV
1489763503886164 AUDIO_PLAYBACK_DONE 137.wav
1489763504886123 AUDIO_PLAYBACK_ONSET 175 66 1 they
1489763504982581 AUDIO_PLAYBACK_ONSET 176 66 2 appeared
1489763505583163 AUDIO_PLAYBACK_ONSET _ 66 END_OF_WAV
1489763506097007 AUDIO_PLAYBACK_DONE 66.wav
1489763507096966 AUDIO_PLAYBACK_ONSET 177 105 1 the
1489763507240270 AUDIO_PLAYBACK_ONSET 178 105 2 boys
1489763507542345 AUDIO_PLAYBACK_ONSET 179 105 3 winked
1489763508212624 AUDIO_PLAYBACK_ONSET _ 105 END_OF_WAV
1489763508311750 AUDIO_PLAYBACK_DONE 105.wav
1489763509311709 AUDIO_PLAYBACK_ONSET 180 2 1 who
1489763509430698 AUDIO_PLAYBACK_ONSET 181 2 2 hugs
1489763509723096 AUDIO_PLAYBACK_ONSET 182 2 3 the
1489763509804318 AUDIO_PLAYBACK_ONSET 183 2 4 friend?
1489763510343249 AUDIO_PLAYBACK_ONSET _ 2 END_OF_WAV
1489763510733512 AUDIO_PLAYBACK_DONE 2.wav
1489763511733471 AUDIO_PLAYBACK_ONSET 184 90 1 Whom
1489763511973206 AUDIO_PLAYBACK_ONSET 185 90 2 do
1489763512100305 AUDIO_PLAYBACK_ONSET 186 90 3 the
1489763512174135 AUDIO_PLAYBACK_ONSET 187 90 4 women
1489763512483471 AUDIO_PLAYBACK_ONSET 188 90 5 hug?
1489763512943270 AUDIO_PLAYBACK_ONSET _ 90 END_OF_WAV
1489763513124031 AUDIO_PLAYBACK_DONE 90.wav
1489763514123990 AUDIO_PLAYBACK_ONSET 189 74 1 she
1489763514315143 AUDIO_PLAYBACK_ONSET 190 74 2 eats
1489763514599245 AUDIO_PLAYBACK_ONSET 191 74 3 the
1489763514676655 AUDIO_PLAYBACK_ONSET 192 74 4 salad
1489763515252840 AUDIO_PLAYBACK_ONSET _ 74 END_OF_WAV
1489763515311426 AUDIO_PLAYBACK_DONE 74.wav
1489763516311385 AUDIO_PLAYBACK_ONSET 193 31 1 she
1489763516735207 AUDIO_PLAYBACK_ONSET 194 31 2 washed
1489763517552565 AUDIO_PLAYBACK_ONSET _ 31 END_OF_WAV
1489763517561314 AUDIO_PLAYBACK_DONE 31.wav
1489763518561273 AUDIO_PLAYBACK_ONSET 195 141 1 who
1489763518706231 AUDIO_PLAYBACK_ONSET 196 141 2 collapsed?
1489763519611810 AUDIO_PLAYBACK_ONSET _ 141 END_OF_WAV
1489763519631526 AUDIO_PLAYBACK_DONE 141.wav
1489763520631485 AUDIO_PLAYBACK_ONSET 197 25 1 they
1489763520924346 AUDIO_PLAYBACK_ONSET 198 25 2 hug
1489763521210632 AUDIO_PLAYBACK_ONSET 199 25 3 the
1489763521312445 AUDIO_PLAYBACK_ONSET 200 25 4 friend
1489763521918283 AUDIO_PLAYBACK_ONSET _ 25 END_OF_WAV
1489763522131405 AUDIO_PLAYBACK_DONE 25.wav
1489763523131364 AUDIO_PLAYBACK_ONSET 201 3 1 They
1489763523250219 AUDIO_PLAYBACK_ONSET 202 3 2 ate
1489763523496910 AUDIO_PLAYBACK_ONSET 203 3 3 the
1489763523615241 AUDIO_PLAYBACK_ONSET 204 3 4 grapes
1489763523973243 AUDIO_PLAYBACK_ONSET 205 3 5 together
1489763524463616 AUDIO_PLAYBACK_ONSET _ 3 END_OF_WAV
1489763524623485 AUDIO_PLAYBACK_DONE 3.wav
1489763524305852 KEY_PRESS l
1489763524457826 KEY_PRESS l
1489763525623444 AUDIO_PLAYBACK_ONSET 206 37 1 who
1489763525939167 AUDIO_PLAYBACK_ONSET 207 37 2 blooms?
1489763526716106 AUDIO_PLAYBACK_ONSET _ 37 END_OF_WAV
1489763526717140 AUDIO_PLAYBACK_DONE 37.wav
1489763527717099 AUDIO_PLAYBACK_ONSET 208 62 1 What
1489763527899232 AUDIO_PLAYBACK_ONSET 209 62 2 will
1489763528022614 AUDIO_PLAYBACK_ONSET 210 62 3 the
1489763528156852 AUDIO_PLAYBACK_ONSET 211 62 4 girl
1489763528415459 AUDIO_PLAYBACK_ONSET 212 62 5 kick?
1489763529085666 AUDIO_PLAYBACK_ONSET _ 62 END_OF_WAV
1489763529185773 AUDIO_PLAYBACK_DONE 62.wav
1489763530185732 AUDIO_PLAYBACK_ONSET 213 20 1 she
1489763530567017 AUDIO_PLAYBACK_ONSET 214 20 2 sneezed
1489763531399980 AUDIO_PLAYBACK_ONSET _ 20 END_OF_WAV
1489763531404437 AUDIO_PLAYBACK_DONE 20.wav
1489763532404396 AUDIO_PLAYBACK_ONSET 215 7 1 he
1489763532562085 AUDIO_PLAYBACK_ONSET 216 7 2 arrived
1489763533396357 AUDIO_PLAYBACK_ONSET _ 7 END_OF_WAV
1489763533498094 AUDIO_PLAYBACK_DONE 7.wav
1489763534498053 AUDIO_PLAYBACK_ONSET 217 85 1 The
1489763534599669 AUDIO_PLAYBACK_ONSET 218 85 2 cook
1489763534819111 AUDIO_PLAYBACK_ONSET 219 85 3 prepared
1489763535179428 AUDIO_PLAYBACK_ONSET 220 85 4 the
1489763535238127 AUDIO_PLAYBACK_ONSET 221 85 5 meal
1489763535744739 AUDIO_PLAYBACK_ONSET _ 85 END_OF_WAV
1489763535841743 AUDIO_PLAYBACK_DONE 85.wav
1489763535737373 KEY_PRESS l
1489763536841702 AUDIO_PLAYBACK_ONSET 222 65 1 they
1489763536973402 AUDIO_PLAYBACK_ONSET 223 65 2 found
1489763537266326 AUDIO_PLAYBACK_ONSET 224 65 3 the
1489763537386453 AUDIO_PLAYBACK_ONSET 225 65 4 bikes
1489763538036061 AUDIO_PLAYBACK_ONSET _ 65 END_OF_WAV
1489763538216638 AUDIO_PLAYBACK_DONE 65.wav
1489763535905358 KEY_PRESS l
1489763539216597 AUDIO_PLAYBACK_ONSET 226 81 1 the
1489763539307197 AUDIO_PLAYBACK_ONSET 227 81 2 actors
1489763539681478 AUDIO_PLAYBACK_ONSET 228 81 3 will
1489763539777243 AUDIO_PLAYBACK_ONSET 229 81 4 snore
1489763540364600 AUDIO_PLAYBACK_ONSET _ 81 END_OF_WAV
1489763540404056 AUDIO_PLAYBACK_DONE 81.wav
1489763541404015 AUDIO_PLAYBACK_ONSET 230 26 1 Whom
1489763541621006 AUDIO_PLAYBACK_ONSET 231 26 2 will
1489763541811025 AUDIO_PLAYBACK_ONSET 232 26 3 the
1489763541965415 AUDIO_PLAYBACK_ONSET 233 26 4 boy
1489763542211161 AUDIO_PLAYBACK_ONSET 234 26 5 tickle?
1489763542688035 AUDIO_PLAYBACK_ONSET _ 26 END_OF_WAV
1489763542763324 AUDIO_PLAYBACK_DONE 26.wav
1489763543763283 AUDIO_PLAYBACK_ONSET 235 56 1 we
1489763543888400 AUDIO_PLAYBACK_ONSET 236 56 2 revealed
1489763544260690 AUDIO_PLAYBACK_ONSET 237 56 3 that
1489763544338500 AUDIO_PLAYBACK_ONSET 238 56 4 she
1489763544557565 AUDIO_PLAYBACK_ONSET 239 56 5 jumps
1489763545226730 AUDIO_PLAYBACK_ONSET _ 56 END_OF_WAV
1489763545544461 AUDIO_PLAYBACK_DONE 56.wav
1489763546544420 AUDIO_PLAYBACK_ONSET 240 150 1 What
1489763546677589 AUDIO_PLAYBACK_ONSET 241 150 2 did
1489763546841396 AUDIO_PLAYBACK_ONSET 242 150 3 the
1489763546959842 AUDIO_PLAYBACK_ONSET 243 150 4 boy
1489763547147170 AUDIO_PLAYBACK_ONSET 244 150 5 smell?
1489763547721757 AUDIO_PLAYBACK_ONSET _ 150 END_OF_WAV
1489763547794351 AUDIO_PLAYBACK_DONE 150.wav
1489763548794310 AUDIO_PLAYBACK_ONSET 245 117 1 the
1489763548861326 AUDIO_PLAYBACK_ONSET 246 117 2 women
1489763549113592 AUDIO_PLAYBACK_ONSET 247 117 3 hug
1489763549385264 AUDIO_PLAYBACK_ONSET 248 117 4 the
1489763549445327 AUDIO_PLAYBACK_ONSET 249 117 5 friend
1489763550118036 AUDIO_PLAYBACK_ONSET _ 117 END_OF_WAV
1489763550169244 AUDIO_PLAYBACK_DONE 117.wav
1489763551169203 AUDIO_PLAYBACK_ONSET 250 23 1 they
1489763551446943 AUDIO_PLAYBACK_ONSET 251 23 2 saw
1489763551774559 AUDIO_PLAYBACK_ONSET 252 23 3 him
1489763552009435 AUDIO_PLAYBACK_ONSET 253 23 4 dance
1489763552669707 AUDIO_PLAYBACK_ONSET _ 23 END_OF_WAV
1489763552669121 AUDIO_PLAYBACK_DONE 23.wav
1489763553669080 AUDIO_PLAYBACK_ONSET 254 96 1 the
1489763553814884 AUDIO_PLAYBACK_ONSET 255 96 2 girl
1489763554037416 AUDIO_PLAYBACK_ONSET 256 96 3 kicked
1489763554352594 AUDIO_PLAYBACK_ONSET 257 96 4 the
1489763554482480 AUDIO_PLAYBACK_ONSET 258 96 5 ball
1489763554891213 AUDIO_PLAYBACK_ONSET _ 96 END_OF_WAV
1489763555020590 AUDIO_PLAYBACK_DONE 96.wav
1489763556020549 AUDIO_PLAYBACK_ONSET 259 76 1 the
1489763556154203 AUDIO_PLAYBACK_ONSET 260 76 2 girl
1489763556380890 AUDIO_PLAYBACK_ONSET 261 76 3 disappears
1489763557331743 AUDIO_PLAYBACK_ONSET _ 76 END_OF_WAV
1489763557332993 AUDIO_PLAYBACK_DONE 76.wav
1489763558332952 AUDIO_PLAYBACK_ONSET 262 80 1 she
1489763558640524 AUDIO_PLAYBACK_ONSET 263 80 2 crawls
1489763559388307 AUDIO_PLAYBACK_ONSET _ 80 END_OF_WAV
1489763559551635 AUDIO_PLAYBACK_DONE 80.wav
1489763560551594 AUDIO_PLAYBACK_ONSET 264 54 1 she
1489763560845210 AUDIO_PLAYBACK_ONSET 265 54 2 smiled
1489763561637366 AUDIO_PLAYBACK_ONSET _ 54 END_OF_WAV
1489763561801523 AUDIO_PLAYBACK_DONE 54.wav
1489763562801482 AUDIO_PLAYBACK_ONSET 266 72 1 the
1489763562945651 AUDIO_PLAYBACK_ONSET 267 72 2 girls
1489763563213991 AUDIO_PLAYBACK_ONSET 268 72 3 found
1489763563456396 AUDIO_PLAYBACK_ONSET 269 72 4 the
1489763563565129 AUDIO_PLAYBACK_ONSET 270 72 5 bikes
1489763564277379 AUDIO_PLAYBACK_ONSET _ 72 END_OF_WAV
1489763564285799 AUDIO_PLAYBACK_DONE 72.wav
1489763565285758 AUDIO_PLAYBACK_ONSET 271 4 1 he
1489763565394780 AUDIO_PLAYBACK_ONSET 272 4 2 showered
1489763566129018 AUDIO_PLAYBACK_ONSET _ 4 END_OF_WAV
1489763566342336 AUDIO_PLAYBACK_DONE 4.wav
1489763567342295 AUDIO_PLAYBACK_ONSET 273 132 1 the
1489763567469709 AUDIO_PLAYBACK_ONSET 274 132 2 boys
1489763567745092 AUDIO_PLAYBACK_ONSET 275 132 3 kissed
1489763568036737 AUDIO_PLAYBACK_ONSET 276 132 4 the
1489763568135398 AUDIO_PLAYBACK_ONSET 277 132 5 clowns
1489763568906253 AUDIO_PLAYBACK_ONSET _ 132 END_OF_WAV
1489763568955498 AUDIO_PLAYBACK_DONE 132.wav
1489763569955457 AUDIO_PLAYBACK_ONSET 278 98 1 the
1489763570078198 AUDIO_PLAYBACK_ONSET 279 98 2 boy
1489763570399712 AUDIO_PLAYBACK_ONSET 280 98 3 bloomed
1489763571067194 AUDIO_PLAYBACK_ONSET _ 98 END_OF_WAV
1489763571303047 AUDIO_PLAYBACK_DONE 98.wav
1489763572303006 AUDIO_PLAYBACK_ONSET 281 64 1 who
1489763572458819 AUDIO_PLAYBACK_ONSET 282 64 2 remains?
1489763573281098 AUDIO_PLAYBACK_ONSET _ 64 END_OF_WAV
1489763573287342 AUDIO_PLAYBACK_DONE 64.wav
1489763574287301 AUDIO_PLAYBACK_ONSET 283 50 1 What
1489763574428348 AUDIO_PLAYBACK_ONSET 284 50 2 did
1489763574580106 AUDIO_PLAYBACK_ONSET 285 50 3 the
1489763574681525 AUDIO_PLAYBACK_ONSET 286 50 4 girl
1489763574914714 AUDIO_PLAYBACK_ONSET 287 50 5 kick?
1489763575383313 AUDIO_PLAYBACK_ONSET _ 50 END_OF_WAV
1489763575388802 AUDIO_PLAYBACK_DONE 50.wav
1489763576388761 AUDIO_PLAYBACK_ONSET 288 94 1 she
1489763576734828 AUDIO_PLAYBACK_ONSET 289 94 2 kicked
1489763577045244 AUDIO_PLAYBACK_ONSET 290 94 3 the
1489763577192671 AUDIO_PLAYBACK_ONSET 291 94 4 ball
1489763577554686 AUDIO_PLAYBACK_ONSET _ 94 END_OF_WAV
1489763577607444 AUDIO_PLAYBACK_DONE 94.wav
1489763578607403 AUDIO_PLAYBACK_ONSET 292 14 1 the
1489763578787585 AUDIO_PLAYBACK_ONSET 293 14 2 boy
1489763579007026 AUDIO_PLAYBACK_ONSET 294 14 3 remains
1489763579890211 AUDIO_PLAYBACK_ONSET _ 14 END_OF_WAV
1489763579951114 AUDIO_PLAYBACK_DONE 14.wav
1489763580951073 AUDIO_PLAYBACK_ONSET 295 48 1 she
1489763581165700 AUDIO_PLAYBACK_ONSET 296 48 2 collapsed
1489763582068221 AUDIO_PLAYBACK_ONSET _ 48 END_OF_WAV
1489763582122886 AUDIO_PLAYBACK_DONE 48.wav
1489763583122845 AUDIO_PLAYBACK_ONSET 297 119 1 she
1489763583354814 AUDIO_PLAYBACK_ONSET 298 119 2 was
1489763583589480 AUDIO_PLAYBACK_ONSET 299 119 3 kicked
1489763584259289 AUDIO_PLAYBACK_ONSET _ 119 END_OF_WAV
1489763584279038 AUDIO_PLAYBACK_DONE 119.wav
1489763585278997 AUDIO_PLAYBACK_ONSET 300 75 1 he
1489763585432578 AUDIO_PLAYBACK_ONSET 301 75 2 falls
1489763586169792 AUDIO_PLAYBACK_ONSET _ 75 END_OF_WAV
1489763586278933 AUDIO_PLAYBACK_DONE 75.wav
1489763587278892 AUDIO_PLAYBACK_ONSET 302 8 1 he
1489763587390303 AUDIO_PLAYBACK_ONSET 303 8 2 will
1489763587552826 AUDIO_PLAYBACK_ONSET 304 8 3 sneeze
1489763588414597 AUDIO_PLAYBACK_ONSET _ 8 END_OF_WAV
1489763588458528 AUDIO_PLAYBACK_DONE 8.wav
1489763589458487 AUDIO_PLAYBACK_ONSET 305 67 1 they
1489763589658308 AUDIO_PLAYBACK_ONSET 306 67 2 appear
1489763590233850 AUDIO_PLAYBACK_ONSET _ 67 END_OF_WAV
1489763590380333 AUDIO_PLAYBACK_DONE 67.wav
1489763591380293 AUDIO_PLAYBACK_ONSET 307 112 1 who
1489763591533728 AUDIO_PLAYBACK_ONSET 308 112 2 appeared?
1489763592212899 AUDIO_PLAYBACK_ONSET _ 112 END_OF_WAV
1489763592317737 AUDIO_PLAYBACK_DONE 112.wav
1489763593317696 AUDIO_PLAYBACK_ONSET 309 108 1 she
1489763593570597 AUDIO_PLAYBACK_ONSET 310 108 2 arrives
1489763594479365 AUDIO_PLAYBACK_ONSET _ 108 END_OF_WAV
1489763594801992 AUDIO_PLAYBACK_DONE 108.wav
1489763595801951 AUDIO_PLAYBACK_ONSET 311 91 1 the
1489763595949054 AUDIO_PLAYBACK_ONSET 312 91 2 girl
1489763596157951 AUDIO_PLAYBACK_ONSET 313 91 3 fell
1489763596646393 AUDIO_PLAYBACK_ONSET _ 91 END_OF_WAV
1489763596708151 AUDIO_PLAYBACK_DONE 91.wav
1489763597708110 AUDIO_PLAYBACK_ONSET 314 133 1 who
1489763597798727 AUDIO_PLAYBACK_ONSET 315 133 2 found
1489763598088806 AUDIO_PLAYBACK_ONSET 316 133 3 the
1489763598200375 AUDIO_PLAYBACK_ONSET 317 133 4 bikes?
1489763598971541 AUDIO_PLAYBACK_ONSET _ 133 END_OF_WAV
1489763599036178 AUDIO_PLAYBACK_DONE 133.wav
1489763600036137 AUDIO_PLAYBACK_ONSET 318 17 1 he
1489763600185014 AUDIO_PLAYBACK_ONSET 319 17 2 was
1489763600415519 AUDIO_PLAYBACK_ONSET 320 17 3 hugged
1489763600941717 AUDIO_PLAYBACK_ONSET _ 17 END_OF_WAV
1489763601036075 AUDIO_PLAYBACK_DONE 17.wav
1489763602036034 AUDIO_PLAYBACK_ONSET 321 68 1 he
1489763602297587 AUDIO_PLAYBACK_ONSET 322 68 2 crawled
1489763602867899 AUDIO_PLAYBACK_ONSET _ 68 END_OF_WAV
1489763603012572 AUDIO_PLAYBACK_DONE 68.wav
1489763604012531 AUDIO_PLAYBACK_ONSET 323 97 1 they
1489763604208546 AUDIO_PLAYBACK_ONSET 324 97 2 kissed
1489763604541679 AUDIO_PLAYBACK_ONSET 325 97 3 the
1489763604658275 AUDIO_PLAYBACK_ONSET 326 97 4 clowns
1489763605465565 AUDIO_PLAYBACK_ONSET _ 97 END_OF_WAV
1489763605664801 AUDIO_PLAYBACK_DONE 97.wav
1489763606664760 AUDIO_PLAYBACK_ONSET 327 114 1 she
1489763606866775 AUDIO_PLAYBACK_ONSET 328 114 2 saw
1489763607050103 AUDIO_PLAYBACK_ONSET 329 114 3 him
1489763607267443 AUDIO_PLAYBACK_ONSET 330 114 4 coming
1489763607746087 AUDIO_PLAYBACK_ONSET _ 114 END_OF_WAV
1489763607899063 AUDIO_PLAYBACK_DONE 114.wav
1489763608899022 AUDIO_PLAYBACK_ONSET 331 142 1 he
1489763609036485 AUDIO_PLAYBACK_ONSET 332 142 2 undressed
1489763609946600 AUDIO_PLAYBACK_ONSET _ 142 END_OF_WAV
1489763610344274 AUDIO_PLAYBACK_DONE 142.wav
1489763611344233 AUDIO_PLAYBACK_ONSET 333 87 1 who
1489763611525795 AUDIO_PLAYBACK_ONSET 334 87 2 kicked
1489763611849360 AUDIO_PLAYBACK_ONSET 335 87 3 the
1489763611999213 AUDIO_PLAYBACK_ONSET 336 87 4 ball?
1489763612379439 AUDIO_PLAYBACK_ONSET _ 87 END_OF_WAV
1489763612453554 AUDIO_PLAYBACK_DONE 87.wav
1489763613453513 AUDIO_PLAYBACK_ONSET 337 144 1 the
1489763613574818 AUDIO_PLAYBACK_ONSET 338 144 2 girls
1489763613865013 AUDIO_PLAYBACK_ONSET 339 144 3 arrive
1489763614616522 AUDIO_PLAYBACK_ONSET _ 144 END_OF_WAV
1489763614765977 AUDIO_PLAYBACK_DONE 144.wav
1489763615765936 AUDIO_PLAYBACK_ONSET 340 148 1 The
1489763615882059 AUDIO_PLAYBACK_ONSET 341 148 2 grandpa
1489763616231637 AUDIO_PLAYBACK_ONSET 342 148 3 ate
1489763616473194 AUDIO_PLAYBACK_ONSET 343 148 4 the
1489763616562502 AUDIO_PLAYBACK_ONSET 344 148 5 meal
1489763616999687 AUDIO_PLAYBACK_ONSET _ 148 END_OF_WAV
1489763617031508 AUDIO_PLAYBACK_DONE 148.wav
1489763618031467 AUDIO_PLAYBACK_ONSET 345 69 1 the
1489763618173117 AUDIO_PLAYBACK_ONSET 346 69 2 boy
1489763618398849 AUDIO_PLAYBACK_ONSET 347 69 3 jumped
1489763619062101 AUDIO_PLAYBACK_ONSET _ 69 END_OF_WAV
1489763619328289 AUDIO_PLAYBACK_DONE 69.wav
1489763617349997 KEY_PRESS l
1489763617534011 KEY_PRESS l
1489763620328248 AUDIO_PLAYBACK_ONSET 348 111 1 he
1489763620616293 AUDIO_PLAYBACK_ONSET 349 111 2 jumped
1489763621312024 AUDIO_PLAYBACK_ONSET _ 111 END_OF_WAV
1489763621609467 AUDIO_PLAYBACK_DONE 111.wav
1489763622609426 AUDIO_PLAYBACK_ONSET 350 113 1 What
1489763622775304 AUDIO_PLAYBACK_ONSET 351 113 2 will
1489763622921912 AUDIO_PLAYBACK_ONSET 352 113 3 the
1489763623065244 AUDIO_PLAYBACK_ONSET 353 113 4 boy
1489763623246252 AUDIO_PLAYBACK_ONSET 354 113 5 smell?
1489763623780265 AUDIO_PLAYBACK_ONSET _ 113 END_OF_WAV
1489763623828107 AUDIO_PLAYBACK_DONE 113.wav
1489763624828066 AUDIO_PLAYBACK_ONSET 355 118 1 the
1489763624911253 AUDIO_PLAYBACK_ONSET 356 118 2 woman
1489763625188466 AUDIO_PLAYBACK_ONSET 357 118 3 was
1489763625455599 AUDIO_PLAYBACK_ONSET 358 118 4 pinched
1489763626289256 AUDIO_PLAYBACK_ONSET _ 118 END_OF_WAV
1489763626327987 AUDIO_PLAYBACK_DONE 118.wav
1489763627327946 AUDIO_PLAYBACK_ONSET 359 120 1 they
1489763627466110 AUDIO_PLAYBACK_ONSET 360 120 2 caught
1489763627625604 AUDIO_PLAYBACK_ONSET 361 120 3 him
1489763627767667 AUDIO_PLAYBACK_ONSET 362 120 4 stealing
1489763628474497 AUDIO_PLAYBACK_ONSET _ 120 END_OF_WAV
1489763628624764 AUDIO_PLAYBACK_DONE 120.wav
1489763629624723 AUDIO_PLAYBACK_ONSET 363 36 1 she
1489763630026704 AUDIO_PLAYBACK_ONSET 364 36 2 laughed
1489763630786099 AUDIO_PLAYBACK_ONSET _ 36 END_OF_WAV
1489763630874653 AUDIO_PLAYBACK_DONE 36.wav
1489763631874612 AUDIO_PLAYBACK_ONSET 365 145 1 he
1489763631959212 AUDIO_PLAYBACK_ONSET 366 145 2 smelled
1489763632335836 AUDIO_PLAYBACK_ONSET 367 145 3 the
1489763632396582 AUDIO_PLAYBACK_ONSET 368 145 4 flowers
1489763633237678 AUDIO_PLAYBACK_ONSET _ 145 END_OF_WAV
1489763633265190 AUDIO_PLAYBACK_DONE 145.wav
1489763634265149 AUDIO_PLAYBACK_ONSET 369 134 1 who
1489763634461108 AUDIO_PLAYBACK_ONSET 370 134 2 crawled?
1489763635021607 AUDIO_PLAYBACK_ONSET _ 134 END_OF_WAV
1489763635054167 AUDIO_PLAYBACK_DONE 134.wav
1489763636054126 AUDIO_PLAYBACK_ONSET 371 143 1 he
1489763636171646 AUDIO_PLAYBACK_ONSET 372 143 2 was
1489763636413398 AUDIO_PLAYBACK_ONSET 373 143 3 kissed
1489763637099614 AUDIO_PLAYBACK_ONSET _ 143 END_OF_WAV
1489763637171268 AUDIO_PLAYBACK_DONE 143.wav
1489763638171228 AUDIO_PLAYBACK_ONSET 374 42 1 they
1489763638387656 AUDIO_PLAYBACK_ONSET 375 42 2 winked
1489763639097871 AUDIO_PLAYBACK_ONSET _ 42 END_OF_WAV
1489763639327418 AUDIO_PLAYBACK_DONE 42.wav
1489763640327377 AUDIO_PLAYBACK_ONSET 376 126 1 the
1489763640416649 AUDIO_PLAYBACK_ONSET 377 126 2 host
1489763640718509 AUDIO_PLAYBACK_ONSET 378 126 3 will
1489763640882990 AUDIO_PLAYBACK_ONSET 379 126 4 eat
1489763641415685 AUDIO_PLAYBACK_ONSET _ 126 END_OF_WAV
1489763641717957 AUDIO_PLAYBACK_DONE 126.wav
1489763641437018 KEY_PRESS l
1489763641589037 KEY_PRESS l
1489763642717916 AUDIO_PLAYBACK_ONSET 380 38 1 who
1489763642964630 AUDIO_PLAYBACK_ONSET 381 38 2 sneezes?
1489763643983256 AUDIO_PLAYBACK_ONSET _ 38 END_OF_WAV
1489763643999111 AUDIO_PLAYBACK_DONE 38.wav
1489763644999070 AUDIO_PLAYBACK_ONSET 382 103 1 she
1489763645286467 AUDIO_PLAYBACK_ONSET 383 103 2 scratched
1489763646344379 AUDIO_PLAYBACK_ONSET _ 103 END_OF_WAV
1489763646389630 AUDIO_PLAYBACK_DONE 103.wav
1489763647389589 AUDIO_PLAYBACK_ONSET 384 43 1 she
1489763647603401 AUDIO_PLAYBACK_ONSET 385 43 2 remained
1489763648388838 AUDIO_PLAYBACK_ONSET _ 43 END_OF_WAV
1489763648639536 AUDIO_PLAYBACK_DONE 43.wav
1489763649639495 AUDIO_PLAYBACK_ONSET 386 35 1 she
1489763650030666 AUDIO_PLAYBACK_ONSET 387 35 2 disappears
1489763651121682 AUDIO_PLAYBACK_ONSET _ 35 END_OF_WAV
1489763651201927 AUDIO_PLAYBACK_DONE 35.wav
1489763652201886 AUDIO_PLAYBACK_ONSET 388 93 1 who
1489763652325664 AUDIO_PLAYBACK_ONSET 389 93 2 smelled
1489763652711700 AUDIO_PLAYBACK_ONSET 390 93 3 the
1489763652774851 AUDIO_PLAYBACK_ONSET 391 93 4 flowers?
1489763653664058 AUDIO_PLAYBACK_ONSET _ 93 END_OF_WAV
1489763653717448 AUDIO_PLAYBACK_DONE 93.wav
1489763654717407 AUDIO_PLAYBACK_ONSET 392 146 1 he
1489763654801056 AUDIO_PLAYBACK_ONSET 393 146 2 said
1489763655061639 AUDIO_PLAYBACK_ONSET 394 146 3 that
1489763655138335 AUDIO_PLAYBACK_ONSET 395 146 4 she
1489763655324069 AUDIO_PLAYBACK_ONSET 396 146 5 smiled
1489763655918235 AUDIO_PLAYBACK_ONSET _ 146 END_OF_WAV
1489763656092341 AUDIO_PLAYBACK_DONE 146.wav
1489763657092300 AUDIO_PLAYBACK_ONSET 397 110 1 The
1489763657222499 AUDIO_PLAYBACK_ONSET 398 110 2 cake
1489763657464329 AUDIO_PLAYBACK_ONSET 399 110 3 was
1489763657628980 AUDIO_PLAYBACK_ONSET 400 110 4 overcooked
1489763658583951 AUDIO_PLAYBACK_ONSET _ 110 END_OF_WAV
1489763658623486 AUDIO_PLAYBACK_DONE 110.wav
1489763658588240 KEY_PRESS l
1489763659623445 AUDIO_PLAYBACK_ONSET 401 46 1 they
1489763659795909 AUDIO_PLAYBACK_ONSET 402 46 2 tickle
1489763660095806 AUDIO_PLAYBACK_ONSET 403 46 3 the
1489763660247897 AUDIO_PLAYBACK_ONSET 404 46 4 girl
1489763660666326 AUDIO_PLAYBACK_ONSET _ 46 END_OF_WAV
1489763660685900 AUDIO_PLAYBACK_DONE 46.wav
1489763658708322 KEY_PRESS l
1489763661685859 AUDIO_PLAYBACK_ONSET 405 136 1 who
1489763661819015 AUDIO_PLAYBACK_ONSET 406 136 2 kissed
1489763662101585 AUDIO_PLAYBACK_ONSET 407 136 3 the
1489763662217873 AUDIO_PLAYBACK_ONSET 408 136 4 clowns?
1489763663093837 AUDIO_PLAYBACK_ONSET _ 136 END_OF_WAV
1489763663302959 AUDIO_PLAYBACK_DONE 136.wav
1489763664302918 AUDIO_PLAYBACK_ONSET 409 95 1 he
1489763664434305 AUDIO_PLAYBACK_ONSET 410 95 2 streched
1489763665299515 AUDIO_PLAYBACK_ONSET _ 95 END_OF_WAV
1489763665576315 AUDIO_PLAYBACK_DONE 95.wav
1489763666576274 AUDIO_PLAYBACK_ONSET 411 151 1 He
1489763666683372 AUDIO_PLAYBACK_ONSET 412 151 2 heard
1489763666919006 AUDIO_PLAYBACK_ONSET 413 151 3 her
1489763667110286 AUDIO_PLAYBACK_ONSET 414 151 4 play
1489763667591950 AUDIO_PLAYBACK_ONSET _ 151 END_OF_WAV
1489763667607479 AUDIO_PLAYBACK_DONE 151.wav
1489763668607438 AUDIO_PLAYBACK_ONSET 415 30 1 Whom
1489763668868041 AUDIO_PLAYBACK_ONSET 416 30 2 will
1489763669075700 AUDIO_PLAYBACK_ONSET 417 30 3 the
1489763669233963 AUDIO_PLAYBACK_ONSET 418 30 4 boy
1489763669462790 AUDIO_PLAYBACK_ONSET 419 30 5 hear?
1489763670076692 AUDIO_PLAYBACK_ONSET _ 30 END_OF_WAV
1489763670107357 AUDIO_PLAYBACK_DONE 30.wav
1489763671107316 AUDIO_PLAYBACK_ONSET 420 122 1 the
1489763671248193 AUDIO_PLAYBACK_ONSET 421 122 2 girl
1489763671497181 AUDIO_PLAYBACK_ONSET 422 122 3 crawls
1489763672192274 AUDIO_PLAYBACK_ONSET _ 122 END_OF_WAV
1489763672294751 AUDIO_PLAYBACK_DONE 122.wav
1489763673294710 AUDIO_PLAYBACK_ONSET 423 77 1 who
1489763673513886 AUDIO_PLAYBACK_ONSET 424 77 2 heard
1489763673807967 AUDIO_PLAYBACK_ONSET 425 77 3 the
1489763673891688 AUDIO_PLAYBACK_ONSET 426 77 4 men?
1489763674330699 AUDIO_PLAYBACK_ONSET _ 77 END_OF_WAV
1489763674341542 AUDIO_PLAYBACK_DONE 77.wav
1489763675341501 AUDIO_PLAYBACK_ONSET 427 139 1 he
1489763675422785 AUDIO_PLAYBACK_ONSET 428 139 2 saw
1489763675693922 AUDIO_PLAYBACK_ONSET 429 139 3 her
1489763675815220 AUDIO_PLAYBACK_ONSET 430 139 4 winking
1489763676413782 AUDIO_PLAYBACK_ONSET _ 139 END_OF_WAV
1489763676521135 AUDIO_PLAYBACK_DONE 139.wav
1489763677521094 AUDIO_PLAYBACK_ONSET 431 55 1 the
1489763677644414 AUDIO_PLAYBACK_ONSET 432 55 2 girls
1489763677968418 AUDIO_PLAYBACK_ONSET 433 55 3 cough
1489763678545401 AUDIO_PLAYBACK_ONSET _ 55 END_OF_WAV
1489763678708530 AUDIO_PLAYBACK_DONE 55.wav
1489763679708489 AUDIO_PLAYBACK_ONSET 434 107 1 they
1489763679852063 AUDIO_PLAYBACK_ONSET 435 107 2 were
1489763680003829 AUDIO_PLAYBACK_ONSET 436 107 3 loved
1489763680755617 AUDIO_PLAYBACK_ONSET _ 107 END_OF_WAV
1489763680872524 AUDIO_PLAYBACK_DONE 107.wav
1489763681872483 AUDIO_PLAYBACK_ONSET 437 39 1 she
1489763682374645 AUDIO_PLAYBACK_ONSET 438 39 2 excercised
1489763683542732 AUDIO_PLAYBACK_ONSET _ 39 END_OF_WAV
1489763683747397 AUDIO_PLAYBACK_DONE 39.wav
1489763684747356 AUDIO_PLAYBACK_ONSET 439 127 1 the
1489763684839740 AUDIO_PLAYBACK_ONSET 440 127 2 woman
1489763685138624 AUDIO_PLAYBACK_ONSET 441 127 3 will
1489763685228210 AUDIO_PLAYBACK_ONSET 442 127 4 speak
1489763685922701 AUDIO_PLAYBACK_ONSET _ 127 END_OF_WAV
1489763685926992 AUDIO_PLAYBACK_DONE 127.wav
1489763686926951 AUDIO_PLAYBACK_ONSET 443 149 1 the
1489763687035371 AUDIO_PLAYBACK_ONSET 444 149 2 girl
1489763687297233 AUDIO_PLAYBACK_ONSET 445 149 3 cries
1489763688064949 AUDIO_PLAYBACK_ONSET _ 149 END_OF_WAV
1489763688083143 AUDIO_PLAYBACK_DONE 149.wav
1489763689083102 AUDIO_PLAYBACK_ONSET 446 140 1 the
1489763689173105 AUDIO_PLAYBACK_ONSET 447 140 2 actors
1489763689489111 AUDIO_PLAYBACK_ONSET 448 140 3 were
1489763689588993 AUDIO_PLAYBACK_ONSET 449 140 4 scorned
1489763690302807 AUDIO_PLAYBACK_ONSET _ 140 END_OF_WAV
1489763690364296 AUDIO_PLAYBACK_DONE 140.wav
1489763691364255 AUDIO_PLAYBACK_ONSET 450 6 1 Whom
1489763691527076 AUDIO_PLAYBACK_ONSET 451 6 2 did
1489763691682044 AUDIO_PLAYBACK_ONSET 452 6 3 the
1489763691811459 AUDIO_PLAYBACK_ONSET 453 6 4 boy
1489763692022478 AUDIO_PLAYBACK_ONSET 454 6 5 hear?
1489763692504692 AUDIO_PLAYBACK_ONSET _ 6 END_OF_WAV
1489763692590760 AUDIO_PLAYBACK_DONE 6.wav
1489763693590719 AUDIO_PLAYBACK_ONSET 455 131 1 who
1489763693797434 AUDIO_PLAYBACK_ONSET 456 131 2 cried?
1489763694396049 AUDIO_PLAYBACK_ONSET _ 131 END_OF_WAV
1489763694465673 AUDIO_PLAYBACK_DONE 131.wav
1489763695465632 AUDIO_PLAYBACK_ONSET 457 84 1 the
1489763695614762 AUDIO_PLAYBACK_ONSET 458 84 2 girl
1489763695816371 AUDIO_PLAYBACK_ONSET 459 84 3 smiled
1489763696597607 AUDIO_PLAYBACK_ONSET _ 84 END_OF_WAV
1489763696715584 AUDIO_PLAYBACK_DONE 84.wav
1489763697715543 AUDIO_PLAYBACK_ONSET 460 5 1 we
1489763697883187 AUDIO_PLAYBACK_ONSET 461 5 2 guessed
1489763698147646 AUDIO_PLAYBACK_ONSET 462 5 3 that
1489763698304945 AUDIO_PLAYBACK_ONSET 463 5 4 they
1489763698477974 AUDIO_PLAYBACK_ONSET 464 5 5 wink
1489763699001976 AUDIO_PLAYBACK_ONSET _ 5 END_OF_WAV
1489763699178364 AUDIO_PLAYBACK_DONE 5.wav
1489763700178323 AUDIO_PLAYBACK_ONSET 465 24 1 The
1489763700281703 AUDIO_PLAYBACK_ONSET 466 24 2 sandwich
1489763700885783 AUDIO_PLAYBACK_ONSET 467 24 3 is
1489763701076432 AUDIO_PLAYBACK_ONSET 468 24 4 healthy
1489763701641953 AUDIO_PLAYBACK_ONSET _ 24 END_OF_WAV
1489763701772002 AUDIO_PLAYBACK_DONE 24.wav
1489763701410606 KEY_PRESS l
1489763701594565 KEY_PRESS l
1489763702771961 AUDIO_PLAYBACK_ONSET 469 61 1 who
1489763702982162 AUDIO_PLAYBACK_ONSET 470 61 2 tickles
1489763703389414 AUDIO_PLAYBACK_ONSET 471 61 3 the
1489763703510380 AUDIO_PLAYBACK_ONSET 472 61 4 girl?
1489763703985171 AUDIO_PLAYBACK_ONSET _ 61 END_OF_WAV
1489763704271902 AUDIO_PLAYBACK_DONE 61.wav
1489763705271861 AUDIO_PLAYBACK_ONSET 473 1 1 he
1489763705365086 AUDIO_PLAYBACK_ONSET 474 1 2 smiles
1489763706145990 AUDIO_PLAYBACK_ONSET _ 1 END_OF_WAV
1489763706146813 AUDIO_PLAYBACK_DONE 1.wav
1489763707146772 AUDIO_PLAYBACK_ONSET 475 92 1 she
1489763707524392 AUDIO_PLAYBACK_ONSET 476 92 2 blooms
1489763708334189 AUDIO_PLAYBACK_ONSET _ 92 END_OF_WAV
1489763708396702 AUDIO_PLAYBACK_DONE 92.wav
1489763709396661 AUDIO_PLAYBACK_ONSET 477 99 1 they
1489763709687393 AUDIO_PLAYBACK_ONSET 478 99 2 cough
1489763710384947 AUDIO_PLAYBACK_ONSET _ 99 END_OF_WAV
1489763710490380 AUDIO_PLAYBACK_DONE 99.wav
1489763711490339 AUDIO_PLAYBACK_ONSET 479 135 1 the
1489763711635478 AUDIO_PLAYBACK_ONSET 480 135 2 boy
1489763711784479 AUDIO_PLAYBACK_ONSET 481 135 3 heard
1489763712056352 AUDIO_PLAYBACK_ONSET 482 135 4 the
1489763712095897 AUDIO_PLAYBACK_ONSET 483 135 5 men
1489763712501941 AUDIO_PLAYBACK_ONSET _ 135 END_OF_WAV
1489763712541089 AUDIO_PLAYBACK_DONE 135.wav
1489763713541048 AUDIO_PLAYBACK_ONSET 484 70 1 she
1489763713932630 AUDIO_PLAYBACK_ONSET 485 70 2 jumps
1489763714705457 AUDIO_PLAYBACK_ONSET _ 70 END_OF_WAV
1489763715072232 AUDIO_PLAYBACK_DONE 70.wav
1489763716072191 AUDIO_PLAYBACK_ONSET 486 83 1 What
1489763716207734 AUDIO_PLAYBACK_ONSET 487 83 2 will
1489763716427742 AUDIO_PLAYBACK_ONSET 488 83 3 the
1489763716601253 AUDIO_PLAYBACK_ONSET 489 83 4 girl
1489763717009515 AUDIO_PLAYBACK_ONSET 490 83 5 eat?
1489763717540256 AUDIO_PLAYBACK_ONSET _ 83 END_OF_WAV
1489763717759608 AUDIO_PLAYBACK_DONE 83.wav
1489763718759567 AUDIO_PLAYBACK_ONSET 491 63 1 he
1489763718880455 AUDIO_PLAYBACK_ONSET 492 63 2 sneezes
1489763719619726 AUDIO_PLAYBACK_ONSET _ 63 END_OF_WAV
1489763719923603 AUDIO_PLAYBACK_DONE 63.wav
1489763717953876 KEY_PRESS l
1489763718065846 KEY_PRESS l
1489763720923562 AUDIO_PLAYBACK_ONSET 493 29 1 he
1489763721221463 AUDIO_PLAYBACK_ONSET 494 29 2 bloomed
1489763722156933 AUDIO_PLAYBACK_ONSET _ 29 END_OF_WAV
1489763722423479 AUDIO_PLAYBACK_DONE 29.wav
1489763723423438 AUDIO_PLAYBACK_ONSET 495 129 1 who
1489763723592436 AUDIO_PLAYBACK_ONSET 496 129 2 smiles?
1489763724402911 AUDIO_PLAYBACK_ONSET _ 129 END_OF_WAV
1489763724548384 AUDIO_PLAYBACK_DONE 129.wav
1489763725548343 AUDIO_PLAYBACK_ONSET 497 100 1 she
1489763725872076 AUDIO_PLAYBACK_ONSET 498 100 2 fell
1489763726379546 AUDIO_PLAYBACK_ONSET _ 100 END_OF_WAV
1489763726423294 AUDIO_PLAYBACK_DONE 100.wav
1489763727423253 AUDIO_PLAYBACK_ONSET 499 79 1 the
1489763727517214 AUDIO_PLAYBACK_ONSET 500 79 2 boy
1489763727742138 AUDIO_PLAYBACK_ONSET 501 79 3 collapses
1489763728696519 AUDIO_PLAYBACK_ONSET _ 79 END_OF_WAV
1489763728735696 AUDIO_PLAYBACK_DONE 79.wav
1489763729735655 AUDIO_PLAYBACK_ONSET 502 11 1 he
1489763729883320 AUDIO_PLAYBACK_ONSET 503 11 2 will
1489763730079321 AUDIO_PLAYBACK_ONSET 504 11 3 drive
1489763730687823 AUDIO_PLAYBACK_ONSET _ 11 END_OF_WAV
1489763730688744 AUDIO_PLAYBACK_DONE 11.wav
1489763731688703 AUDIO_PLAYBACK_ONSET 505 19 1 who
1489763731930251 AUDIO_PLAYBACK_ONSET 506 19 2 laughs?
1489763732698142 AUDIO_PLAYBACK_ONSET _ 19 END_OF_WAV
1489763732719910 AUDIO_PLAYBACK_DONE 19.wav
1489763733719869 AUDIO_PLAYBACK_ONSET 507 59 1 who
1489763733887798 AUDIO_PLAYBACK_ONSET 508 59 2 arrives?
1489763734686558 AUDIO_PLAYBACK_ONSET _ 59 END_OF_WAV
1489763735024488 AUDIO_PLAYBACK_DONE 59.wav
