1489762473521005 CHEETAH_SIGNAL SENT_AFTER_TIME 92392.276139
1489762476013946 CHEETAH_SIGNAL SENT_AFTER_TIME 92394.770281
1489762476074936 CHEETAH_SIGNAL SENT_AFTER_TIME 92394.830742
1489762476042213 DISPLAY_INSTRUCTIONS Stimuli/instructions_audio_sentences.png
1489762491871183 KEY_PRESS space
1489762491903308 CHEETAH_SIGNAL SENT_AFTER_TIME 92410.660123
1489762491995634 CHEETAH_SIGNAL SENT_AFTER_TIME 92410.751122
1489762491962026 DISPLAY_INSTRUCTIONS OFF
1489762492034270 SOUND_ONSET 400 0.200 44100
1489762492373123 SOUND_ONSET 300 0.200 44100
1489762493015545 SOUND_ONSET 600 0.200 44100
1489762493458250 SOUND_ONSET 500 0.200 44100
1489762493699873 SOUND_ONSET 700 0.200 44100
1489762494091875 SOUND_ONSET 300 0.200 44100
1489762494534036 SOUND_ONSET 400 0.200 44100
1489762494925766 SOUND_ONSET 300 0.200 44100
1489762495190178 CHEETAH_SIGNAL SENT_AFTER_TIME 92413.947135
1489762495222383 CHEETAH_SIGNAL SENT_AFTER_TIME 92413.979316
1489762495278118 CHEETAH_SIGNAL SENT_AFTER_TIME 92414.034764
1489762495245589 DISPLAY_FIXATION
1489762498459251 AUDIO_PLAYBACK_ONSET 1 8 1 he
1489762498570662 AUDIO_PLAYBACK_ONSET 2 8 2 will
1489762498733185 AUDIO_PLAYBACK_ONSET 3 8 3 sneeze
1489762499594956 AUDIO_PLAYBACK_ONSET _ 8 END_OF_WAV
1489762499638908 AUDIO_PLAYBACK_DONE 8.wav
1489762491868003 KEY_PRESS space
1489762492019983 KEY_PRESS space
1489762500638867 AUDIO_PLAYBACK_ONSET 4 64 1 who
1489762500794680 AUDIO_PLAYBACK_ONSET 5 64 2 remains?
1489762501616959 AUDIO_PLAYBACK_ONSET _ 64 END_OF_WAV
1489762501623206 AUDIO_PLAYBACK_DONE 64.wav
1489762502623165 AUDIO_PLAYBACK_ONSET 6 134 1 who
1489762502819124 AUDIO_PLAYBACK_ONSET 7 134 2 crawled?
1489762503379623 AUDIO_PLAYBACK_ONSET _ 134 END_OF_WAV
1489762503412186 AUDIO_PLAYBACK_DONE 134.wav
1489762504412145 AUDIO_PLAYBACK_ONSET 8 44 1 The
1489762504480400 AUDIO_PLAYBACK_ONSET 9 44 2 salad
1489762504835528 AUDIO_PLAYBACK_ONSET 10 44 3 is
1489762505008702 AUDIO_PLAYBACK_ONSET 11 44 4 tasty
1489762505584887 AUDIO_PLAYBACK_ONSET _ 44 END_OF_WAV
1489762505599602 AUDIO_PLAYBACK_DONE 44.wav
1489762505355613 KEY_PRESS l
1489762505571498 KEY_PRESS l
1489762506599561 AUDIO_PLAYBACK_ONSET 12 46 1 they
1489762506772025 AUDIO_PLAYBACK_ONSET 13 46 2 tickle
1489762507071922 AUDIO_PLAYBACK_ONSET 14 46 3 the
1489762507224013 AUDIO_PLAYBACK_ONSET 15 46 4 girl
1489762507642442 AUDIO_PLAYBACK_ONSET _ 46 END_OF_WAV
1489762507662018 AUDIO_PLAYBACK_DONE 46.wav
1489762508661977 AUDIO_PLAYBACK_ONSET 16 99 1 they
1489762508952709 AUDIO_PLAYBACK_ONSET 17 99 2 cough
1489762509650263 AUDIO_PLAYBACK_ONSET _ 99 END_OF_WAV
1489762509755675 AUDIO_PLAYBACK_DONE 99.wav
1489762510755634 AUDIO_PLAYBACK_ONSET 18 125 1 we
1489762510867929 AUDIO_PLAYBACK_ONSET 19 125 2 believed
1489762511133299 AUDIO_PLAYBACK_ONSET 20 125 3 that
1489762511260314 AUDIO_PLAYBACK_ONSET 21 125 4 he
1489762511384305 AUDIO_PLAYBACK_ONSET 22 125 5 cried
1489762511857586 AUDIO_PLAYBACK_ONSET _ 125 END_OF_WAV
1489762511880581 AUDIO_PLAYBACK_DONE 125.wav
1489762512880540 AUDIO_PLAYBACK_ONSET 23 139 1 he
1489762512961824 AUDIO_PLAYBACK_ONSET 24 139 2 saw
1489762513232961 AUDIO_PLAYBACK_ONSET 25 139 3 her
1489762513354259 AUDIO_PLAYBACK_ONSET 26 139 4 winking
1489762513952821 AUDIO_PLAYBACK_ONSET _ 139 END_OF_WAV
1489762514060177 AUDIO_PLAYBACK_DONE 139.wav
1489762515060136 AUDIO_PLAYBACK_ONSET 27 146 1 he
1489762515143785 AUDIO_PLAYBACK_ONSET 28 146 2 said
1489762515404368 AUDIO_PLAYBACK_ONSET 29 146 3 that
1489762515481064 AUDIO_PLAYBACK_ONSET 30 146 4 she
1489762515666798 AUDIO_PLAYBACK_ONSET 31 146 5 smiled
1489762516260964 AUDIO_PLAYBACK_ONSET _ 146 END_OF_WAV
1489762516435072 AUDIO_PLAYBACK_DONE 146.wav
1489762517435031 AUDIO_PLAYBACK_ONSET 32 59 1 who
1489762517602960 AUDIO_PLAYBACK_ONSET 33 59 2 arrives?
1489762518401720 AUDIO_PLAYBACK_ONSET _ 59 END_OF_WAV
1489762518739674 AUDIO_PLAYBACK_DONE 59.wav
1489762519739633 AUDIO_PLAYBACK_ONSET 34 121 1 What
1489762519903401 AUDIO_PLAYBACK_ONSET 35 121 2 did
1489762520025124 AUDIO_PLAYBACK_ONSET 36 121 3 the
1489762520130423 AUDIO_PLAYBACK_ONSET 37 121 4 girls
1489762520420238 AUDIO_PLAYBACK_ONSET 38 121 5 find?
1489762521024020 AUDIO_PLAYBACK_ONSET _ 121 END_OF_WAV
1489762521177059 AUDIO_PLAYBACK_DONE 121.wav
1489762522177018 AUDIO_PLAYBACK_ONSET 39 1 1 he
1489762522270243 AUDIO_PLAYBACK_ONSET 40 1 2 smiles
1489762523051147 AUDIO_PLAYBACK_ONSET _ 1 END_OF_WAV
1489762523051975 AUDIO_PLAYBACK_DONE 1.wav
1489762524051934 AUDIO_PLAYBACK_ONSET 41 144 1 the
1489762524173239 AUDIO_PLAYBACK_ONSET 42 144 2 girls
1489762524463434 AUDIO_PLAYBACK_ONSET 43 144 3 arrive
1489762525214943 AUDIO_PLAYBACK_ONSET _ 144 END_OF_WAV
1489762525364375 AUDIO_PLAYBACK_DONE 144.wav
1489762526364334 AUDIO_PLAYBACK_ONSET 44 60 1 the
1489762526507407 AUDIO_PLAYBACK_ONSET 45 60 2 boy
1489762526666618 AUDIO_PLAYBACK_ONSET 46 60 3 smelled
1489762527014967 AUDIO_PLAYBACK_ONSET 47 60 4 the
1489762527080806 AUDIO_PLAYBACK_ONSET 48 60 5 flowers
1489762527948685 AUDIO_PLAYBACK_ONSET _ 60 END_OF_WAV
1489762528145515 AUDIO_PLAYBACK_DONE 60.wav
1489762529145474 AUDIO_PLAYBACK_ONSET 49 27 1 Who
1489762529345658 AUDIO_PLAYBACK_ONSET 50 27 2 did
1489762529528242 AUDIO_PLAYBACK_ONSET 51 27 3 the
1489762529679072 AUDIO_PLAYBACK_ONSET 52 27 4 boys
1489762530046508 AUDIO_PLAYBACK_ONSET 53 27 5 kiss?
1489762530743956 AUDIO_PLAYBACK_ONSET _ 27 END_OF_WAV
1489762530832890 AUDIO_PLAYBACK_DONE 27.wav
1489762531832849 AUDIO_PLAYBACK_ONSET 54 93 1 who
1489762531956627 AUDIO_PLAYBACK_ONSET 55 93 2 smelled
1489762532342663 AUDIO_PLAYBACK_ONSET 56 93 3 the
1489762532405814 AUDIO_PLAYBACK_ONSET 57 93 4 flowers?
1489762533295021 AUDIO_PLAYBACK_ONSET _ 93 END_OF_WAV
1489762533348412 AUDIO_PLAYBACK_DONE 93.wav
1489762534348371 AUDIO_PLAYBACK_ONSET 58 122 1 the
1489762534489248 AUDIO_PLAYBACK_ONSET 59 122 2 girl
1489762534738236 AUDIO_PLAYBACK_ONSET 60 122 3 crawls
1489762535433329 AUDIO_PLAYBACK_ONSET _ 122 END_OF_WAV
1489762535535808 AUDIO_PLAYBACK_DONE 122.wav
1489762536535768 AUDIO_PLAYBACK_ONSET 61 138 1 he
1489762536634837 AUDIO_PLAYBACK_ONSET 62 138 2 shaved
1489762537524230 AUDIO_PLAYBACK_ONSET _ 138 END_OF_WAV
1489762537738829 AUDIO_PLAYBACK_DONE 138.wav
1489762538738788 AUDIO_PLAYBACK_ONSET 63 56 1 we
1489762538863905 AUDIO_PLAYBACK_ONSET 64 56 2 revealed
1489762539236195 AUDIO_PLAYBACK_ONSET 65 56 3 that
1489762539314005 AUDIO_PLAYBACK_ONSET 66 56 4 she
1489762539533070 AUDIO_PLAYBACK_ONSET 67 56 5 jumps
1489762540202235 AUDIO_PLAYBACK_ONSET _ 56 END_OF_WAV
1489762540519966 AUDIO_PLAYBACK_DONE 56.wav
1489762541519925 AUDIO_PLAYBACK_ONSET 68 128 1 Whom
1489762541744430 AUDIO_PLAYBACK_ONSET 69 128 2 will
1489762541830871 AUDIO_PLAYBACK_ONSET 70 128 3 the
1489762541930543 AUDIO_PLAYBACK_ONSET 71 128 4 women
1489762542192513 AUDIO_PLAYBACK_ONSET 72 128 5 hug?
1489762542672349 AUDIO_PLAYBACK_ONSET _ 128 END_OF_WAV
1489762542832371 AUDIO_PLAYBACK_DONE 128.wav
1489762543832330 AUDIO_PLAYBACK_ONSET 73 92 1 she
1489762544209950 AUDIO_PLAYBACK_ONSET 74 92 2 blooms
1489762545019747 AUDIO_PLAYBACK_ONSET _ 92 END_OF_WAV
1489762545082258 AUDIO_PLAYBACK_DONE 92.wav
1489762546082217 AUDIO_PLAYBACK_ONSET 75 71 1 who
1489762546265367 AUDIO_PLAYBACK_ONSET 76 71 2 coughed?
1489762547018710 AUDIO_PLAYBACK_ONSET _ 71 END_OF_WAV
1489762547082178 AUDIO_PLAYBACK_DONE 71.wav
1489762548082137 AUDIO_PLAYBACK_ONSET 77 6 1 Whom
1489762548244958 AUDIO_PLAYBACK_ONSET 78 6 2 did
1489762548399926 AUDIO_PLAYBACK_ONSET 79 6 3 the
1489762548529341 AUDIO_PLAYBACK_ONSET 80 6 4 boy
1489762548740360 AUDIO_PLAYBACK_ONSET 81 6 5 hear?
1489762549222574 AUDIO_PLAYBACK_ONSET _ 6 END_OF_WAV
1489762549308642 AUDIO_PLAYBACK_DONE 6.wav
1489762550308601 AUDIO_PLAYBACK_ONSET 82 104 1 they
1489762550551608 AUDIO_PLAYBACK_ONSET 83 104 2 heared
1489762550832268 AUDIO_PLAYBACK_ONSET 84 104 3 that
1489762550937106 AUDIO_PLAYBACK_ONSET 85 104 4 she
1489762551134769 AUDIO_PLAYBACK_ONSET 86 104 5 laughed
1489762551907949 AUDIO_PLAYBACK_ONSET _ 104 END_OF_WAV
1489762551933528 AUDIO_PLAYBACK_DONE 104.wav
1489762552933487 AUDIO_PLAYBACK_ONSET 87 131 1 who
1489762553140202 AUDIO_PLAYBACK_ONSET 88 131 2 cried?
1489762553738817 AUDIO_PLAYBACK_ONSET _ 131 END_OF_WAV
1489762553808443 AUDIO_PLAYBACK_DONE 131.wav
1489762554808402 AUDIO_PLAYBACK_ONSET 89 12 1 who
1489762555056501 AUDIO_PLAYBACK_ONSET 90 12 2 jumped?
1489762555822937 AUDIO_PLAYBACK_ONSET _ 12 END_OF_WAV
1489762556214585 AUDIO_PLAYBACK_DONE 12.wav
1489762557214544 AUDIO_PLAYBACK_ONSET 91 35 1 she
1489762557605715 AUDIO_PLAYBACK_ONSET 92 35 2 disappears
1489762558696731 AUDIO_PLAYBACK_ONSET _ 35 END_OF_WAV
1489762558776980 AUDIO_PLAYBACK_DONE 35.wav
1489762559776939 AUDIO_PLAYBACK_ONSET 93 41 1 the
1489762559935639 AUDIO_PLAYBACK_ONSET 94 41 2 boy
1489762560123578 AUDIO_PLAYBACK_ONSET 95 41 3 sneezes
1489762561000630 AUDIO_PLAYBACK_ONSET _ 41 END_OF_WAV
1489762561003446 AUDIO_PLAYBACK_DONE 41.wav
1489762562003405 AUDIO_PLAYBACK_ONSET 96 148 1 The
1489762562119528 AUDIO_PLAYBACK_ONSET 97 148 2 grandpa
1489762562469106 AUDIO_PLAYBACK_ONSET 98 148 3 ate
1489762562710663 AUDIO_PLAYBACK_ONSET 99 148 4 the
1489762562799971 AUDIO_PLAYBACK_ONSET 100 148 5 meal
1489762563237156 AUDIO_PLAYBACK_ONSET _ 148 END_OF_WAV
1489762563268979 AUDIO_PLAYBACK_DONE 148.wav
1489762564268938 AUDIO_PLAYBACK_ONSET 101 14 1 the
1489762564449120 AUDIO_PLAYBACK_ONSET 102 14 2 boy
1489762564668561 AUDIO_PLAYBACK_ONSET 103 14 3 remains
1489762565551746 AUDIO_PLAYBACK_ONSET _ 14 END_OF_WAV
1489762565612628 AUDIO_PLAYBACK_DONE 14.wav
1489762563385233 KEY_PRESS l
1489762563537214 KEY_PRESS l
1489762566612587 AUDIO_PLAYBACK_ONSET 104 25 1 they
1489762566905448 AUDIO_PLAYBACK_ONSET 105 25 2 hug
1489762567191734 AUDIO_PLAYBACK_ONSET 106 25 3 the
1489762567293547 AUDIO_PLAYBACK_ONSET 107 25 4 friend
1489762567899385 AUDIO_PLAYBACK_ONSET _ 25 END_OF_WAV
1489762568112506 AUDIO_PLAYBACK_DONE 25.wav
1489762569112465 AUDIO_PLAYBACK_ONSET 108 40 1 he
1489762569451088 AUDIO_PLAYBACK_ONSET 109 40 2 cried
1489762570188185 AUDIO_PLAYBACK_ONSET _ 40 END_OF_WAV
1489762570549895 AUDIO_PLAYBACK_DONE 40.wav
1489762571549854 AUDIO_PLAYBACK_ONSET 110 136 1 who
1489762571683010 AUDIO_PLAYBACK_ONSET 111 136 2 kissed
1489762571965580 AUDIO_PLAYBACK_ONSET 112 136 3 the
1489762572081868 AUDIO_PLAYBACK_ONSET 113 136 4 clowns?
1489762572957832 AUDIO_PLAYBACK_ONSET _ 136 END_OF_WAV
1489762573166957 AUDIO_PLAYBACK_DONE 136.wav
1489762574166916 AUDIO_PLAYBACK_ONSET 114 73 1 she
1489762574385156 AUDIO_PLAYBACK_ONSET 115 73 2 heard
1489762574616925 AUDIO_PLAYBACK_ONSET 116 73 3 them
1489762574804770 AUDIO_PLAYBACK_ONSET 117 73 4 crying
1489762575331857 AUDIO_PLAYBACK_ONSET _ 73 END_OF_WAV
1489762575557473 AUDIO_PLAYBACK_DONE 73.wav
1489762576557432 AUDIO_PLAYBACK_ONSET 118 76 1 the
1489762576691086 AUDIO_PLAYBACK_ONSET 119 76 2 girl
1489762576917773 AUDIO_PLAYBACK_ONSET 120 76 3 disappears
1489762577868626 AUDIO_PLAYBACK_ONSET _ 76 END_OF_WAV
1489762577869878 AUDIO_PLAYBACK_DONE 76.wav
1489762578869837 AUDIO_PLAYBACK_ONSET 121 86 1 What
1489762579058178 AUDIO_PLAYBACK_ONSET 122 86 2 does
1489762579283983 AUDIO_PLAYBACK_ONSET 123 86 3 the
1489762579390712 AUDIO_PLAYBACK_ONSET 124 86 4 girl
1489762579617399 AUDIO_PLAYBACK_ONSET 125 86 5 eat?
1489762580132518 AUDIO_PLAYBACK_ONSET _ 86 END_OF_WAV
1489762580182281 AUDIO_PLAYBACK_DONE 86.wav
1489762581182240 AUDIO_PLAYBACK_ONSET 126 57 1 who
1489762581361858 AUDIO_PLAYBACK_ONSET 127 57 2 eats
1489762581576708 AUDIO_PLAYBACK_ONSET 128 57 3 the
1489762581643901 AUDIO_PLAYBACK_ONSET 129 57 4 salad?
1489762582264396 AUDIO_PLAYBACK_ONSET _ 57 END_OF_WAV
1489762582416547 AUDIO_PLAYBACK_DONE 57.wav
1489762583416506 AUDIO_PLAYBACK_ONSET 130 23 1 they
1489762583694246 AUDIO_PLAYBACK_ONSET 131 23 2 saw
1489762584021862 AUDIO_PLAYBACK_ONSET 132 23 3 him
1489762584256738 AUDIO_PLAYBACK_ONSET 133 23 4 dance
1489762584917010 AUDIO_PLAYBACK_ONSET _ 23 END_OF_WAV
1489762584916444 AUDIO_PLAYBACK_DONE 23.wav
1489762585916403 AUDIO_PLAYBACK_ONSET 134 39 1 she
1489762586418565 AUDIO_PLAYBACK_ONSET 135 39 2 excercised
1489762587586652 AUDIO_PLAYBACK_ONSET _ 39 END_OF_WAV
1489762587791319 AUDIO_PLAYBACK_DONE 39.wav
1489762588791278 AUDIO_PLAYBACK_ONSET 136 52 1 he
1489762588935367 AUDIO_PLAYBACK_ONSET 137 52 2 disappeared
1489762589714083 AUDIO_PLAYBACK_ONSET _ 52 END_OF_WAV
1489762590041209 AUDIO_PLAYBACK_DONE 52.wav
1489762591041168 AUDIO_PLAYBACK_ONSET 138 42 1 they
1489762591257596 AUDIO_PLAYBACK_ONSET 139 42 2 winked
1489762591967811 AUDIO_PLAYBACK_ONSET _ 42 END_OF_WAV
1489762592197357 AUDIO_PLAYBACK_DONE 42.wav
1489762593197316 AUDIO_PLAYBACK_ONSET 140 145 1 he
1489762593281916 AUDIO_PLAYBACK_ONSET 141 145 2 smelled
1489762593658540 AUDIO_PLAYBACK_ONSET 142 145 3 the
1489762593719286 AUDIO_PLAYBACK_ONSET 143 145 4 flowers
1489762594560382 AUDIO_PLAYBACK_ONSET _ 145 END_OF_WAV
1489762594587874 AUDIO_PLAYBACK_DONE 145.wav
1489762595587833 AUDIO_PLAYBACK_ONSET 144 109 1 the
1489762595755406 AUDIO_PLAYBACK_ONSET 145 109 2 boy
1489762595972008 AUDIO_PLAYBACK_ONSET 146 109 3 was
1489762596241060 AUDIO_PLAYBACK_ONSET 147 109 4 pushed
1489762596922918 AUDIO_PLAYBACK_ONSET _ 109 END_OF_WAV
1489762597033106 AUDIO_PLAYBACK_DONE 109.wav
1489762598033065 AUDIO_PLAYBACK_ONSET 148 96 1 the
1489762598178869 AUDIO_PLAYBACK_ONSET 149 96 2 girl
1489762598401401 AUDIO_PLAYBACK_ONSET 150 96 3 kicked
1489762598716579 AUDIO_PLAYBACK_ONSET 151 96 4 the
1489762598846465 AUDIO_PLAYBACK_ONSET 152 96 5 ball
1489762599255198 AUDIO_PLAYBACK_ONSET _ 96 END_OF_WAV
1489762599384552 AUDIO_PLAYBACK_DONE 96.wav
1489762600384511 AUDIO_PLAYBACK_ONSET 153 129 1 who
1489762600553509 AUDIO_PLAYBACK_ONSET 154 129 2 smiles?
1489762601363984 AUDIO_PLAYBACK_ONSET _ 129 END_OF_WAV
1489762601509459 AUDIO_PLAYBACK_DONE 129.wav
1489762602509418 AUDIO_PLAYBACK_ONSET 155 33 1 who
1489762602766615 AUDIO_PLAYBACK_ONSET 156 33 2 falls?
1489762603613642 AUDIO_PLAYBACK_ONSET _ 33 END_OF_WAV
1489762603649985 AUDIO_PLAYBACK_DONE 33.wav
1489762604649944 AUDIO_PLAYBACK_ONSET 157 38 1 who
1489762604896658 AUDIO_PLAYBACK_ONSET 158 38 2 sneezes?
1489762605915284 AUDIO_PLAYBACK_ONSET _ 38 END_OF_WAV
1489762605931144 AUDIO_PLAYBACK_DONE 38.wav
1489762606931103 AUDIO_PLAYBACK_ONSET 159 87 1 who
1489762607112665 AUDIO_PLAYBACK_ONSET 160 87 2 kicked
1489762607436230 AUDIO_PLAYBACK_ONSET 161 87 3 the
1489762607586083 AUDIO_PLAYBACK_ONSET 162 87 4 ball?
1489762607966309 AUDIO_PLAYBACK_ONSET _ 87 END_OF_WAV
1489762608040426 AUDIO_PLAYBACK_DONE 87.wav
1489762609040385 AUDIO_PLAYBACK_ONSET 163 108 1 she
1489762609293286 AUDIO_PLAYBACK_ONSET 164 108 2 arrives
1489762610202054 AUDIO_PLAYBACK_ONSET _ 108 END_OF_WAV
1489762610524683 AUDIO_PLAYBACK_DONE 108.wav
1489762611524642 AUDIO_PLAYBACK_ONSET 165 80 1 she
1489762611832214 AUDIO_PLAYBACK_ONSET 166 80 2 crawls
1489762612579997 AUDIO_PLAYBACK_ONSET _ 80 END_OF_WAV
1489762612743348 AUDIO_PLAYBACK_DONE 80.wav
1489762613743307 AUDIO_PLAYBACK_ONSET 167 48 1 she
1489762613957934 AUDIO_PLAYBACK_ONSET 168 48 2 collapsed
1489762614860455 AUDIO_PLAYBACK_ONSET _ 48 END_OF_WAV
1489762614915121 AUDIO_PLAYBACK_DONE 48.wav
1489762615915080 AUDIO_PLAYBACK_ONSET 169 7 1 he
1489762616072769 AUDIO_PLAYBACK_ONSET 170 7 2 arrived
1489762616907041 AUDIO_PLAYBACK_ONSET _ 7 END_OF_WAV
1489762617008780 AUDIO_PLAYBACK_DONE 7.wav
1489762618008739 AUDIO_PLAYBACK_ONSET 171 28 1 the
1489762618119143 AUDIO_PLAYBACK_ONSET 172 28 2 host
1489762618482041 AUDIO_PLAYBACK_ONSET 173 28 3 was
1489762618653409 AUDIO_PLAYBACK_ONSET 174 28 4 warned
1489762619380213 AUDIO_PLAYBACK_ONSET _ 28 END_OF_WAV
1489762619508656 AUDIO_PLAYBACK_DONE 28.wav
1489762620508615 AUDIO_PLAYBACK_ONSET 175 13 1 she
1489762620778136 AUDIO_PLAYBACK_ONSET 176 13 2 sliced
1489762621221725 AUDIO_PLAYBACK_ONSET 177 13 3 the
1489762621298547 AUDIO_PLAYBACK_ONSET 178 13 4 mushrooms
1489762622231569 AUDIO_PLAYBACK_ONSET _ 13 END_OF_WAV
1489762622352283 AUDIO_PLAYBACK_DONE 13.wav
1489762621886834 KEY_PRESS l
1489762622038849 KEY_PRESS l
1489762623352242 AUDIO_PLAYBACK_ONSET 179 94 1 she
1489762623698309 AUDIO_PLAYBACK_ONSET 180 94 2 kicked
1489762624008725 AUDIO_PLAYBACK_ONSET 181 94 3 the
1489762624156152 AUDIO_PLAYBACK_ONSET 182 94 4 ball
1489762624518167 AUDIO_PLAYBACK_ONSET _ 94 END_OF_WAV
1489762624570948 AUDIO_PLAYBACK_DONE 94.wav
1489762625570907 AUDIO_PLAYBACK_ONSET 183 142 1 he
1489762625708370 AUDIO_PLAYBACK_ONSET 184 142 2 undressed
1489762626618485 AUDIO_PLAYBACK_ONSET _ 142 END_OF_WAV
1489762627016157 AUDIO_PLAYBACK_DONE 142.wav
1489762628016116 AUDIO_PLAYBACK_ONSET 185 135 1 the
1489762628161255 AUDIO_PLAYBACK_ONSET 186 135 2 boy
1489762628310256 AUDIO_PLAYBACK_ONSET 187 135 3 heard
1489762628582129 AUDIO_PLAYBACK_ONSET 188 135 4 the
1489762628621674 AUDIO_PLAYBACK_ONSET 189 135 5 men
1489762629027718 AUDIO_PLAYBACK_ONSET _ 135 END_OF_WAV
1489762629066848 AUDIO_PLAYBACK_DONE 135.wav
1489762630066807 AUDIO_PLAYBACK_ONSET 190 79 1 the
1489762630160768 AUDIO_PLAYBACK_ONSET 191 79 2 boy
1489762630385692 AUDIO_PLAYBACK_ONSET 192 79 3 collapses
1489762631340073 AUDIO_PLAYBACK_ONSET _ 79 END_OF_WAV
1489762631379248 AUDIO_PLAYBACK_DONE 79.wav
1489762632379207 AUDIO_PLAYBACK_ONSET 193 78 1 she
1489762632609995 AUDIO_PLAYBACK_ONSET 194 78 2 saw
1489762632847927 AUDIO_PLAYBACK_ONSET 195 78 3 that
1489762633014193 AUDIO_PLAYBACK_ONSET 196 78 4 he
1489762633148926 AUDIO_PLAYBACK_ONSET 197 78 5 crawled
1489762633669701 AUDIO_PLAYBACK_ONSET _ 78 END_OF_WAV
1489762633801012 AUDIO_PLAYBACK_DONE 78.wav
1489762634800971 AUDIO_PLAYBACK_ONSET 198 111 1 he
1489762635089016 AUDIO_PLAYBACK_ONSET 199 111 2 jumped
1489762635784747 AUDIO_PLAYBACK_ONSET _ 111 END_OF_WAV
1489762636082191 AUDIO_PLAYBACK_DONE 111.wav
1489762637082150 AUDIO_PLAYBACK_ONSET 200 91 1 the
1489762637229253 AUDIO_PLAYBACK_ONSET 201 91 2 girl
1489762637438150 AUDIO_PLAYBACK_ONSET 202 91 3 fell
1489762637926592 AUDIO_PLAYBACK_ONSET _ 91 END_OF_WAV
1489762637988351 AUDIO_PLAYBACK_DONE 91.wav
1489762638988310 AUDIO_PLAYBACK_ONSET 203 150 1 What
1489762639121479 AUDIO_PLAYBACK_ONSET 204 150 2 did
1489762639285286 AUDIO_PLAYBACK_ONSET 205 150 3 the
1489762639403732 AUDIO_PLAYBACK_ONSET 206 150 4 boy
1489762639591060 AUDIO_PLAYBACK_ONSET 207 150 5 smell?
1489762640165647 AUDIO_PLAYBACK_ONSET _ 150 END_OF_WAV
1489762640238260 AUDIO_PLAYBACK_DONE 150.wav
1489762641238219 AUDIO_PLAYBACK_ONSET 208 2 1 who
1489762641357208 AUDIO_PLAYBACK_ONSET 209 2 2 hugs
1489762641649606 AUDIO_PLAYBACK_ONSET 210 2 3 the
1489762641730828 AUDIO_PLAYBACK_ONSET 211 2 4 friend?
1489762642269759 AUDIO_PLAYBACK_ONSET _ 2 END_OF_WAV
1489762642660021 AUDIO_PLAYBACK_DONE 2.wav
1489762643659980 AUDIO_PLAYBACK_ONSET 212 117 1 the
1489762643726996 AUDIO_PLAYBACK_ONSET 213 117 2 women
1489762643979262 AUDIO_PLAYBACK_ONSET 214 117 3 hug
1489762644250934 AUDIO_PLAYBACK_ONSET 215 117 4 the
1489762644310997 AUDIO_PLAYBACK_ONSET 216 117 5 friend
1489762644983706 AUDIO_PLAYBACK_ONSET _ 117 END_OF_WAV
1489762645034919 AUDIO_PLAYBACK_DONE 117.wav
1489762646034878 AUDIO_PLAYBACK_ONSET 217 120 1 they
1489762646173042 AUDIO_PLAYBACK_ONSET 218 120 2 caught
1489762646332536 AUDIO_PLAYBACK_ONSET 219 120 3 him
1489762646474599 AUDIO_PLAYBACK_ONSET 220 120 4 stealing
1489762647181429 AUDIO_PLAYBACK_ONSET _ 120 END_OF_WAV
1489762647331696 AUDIO_PLAYBACK_DONE 120.wav
1489762648331655 AUDIO_PLAYBACK_ONSET 221 83 1 What
1489762648467198 AUDIO_PLAYBACK_ONSET 222 83 2 will
1489762648687206 AUDIO_PLAYBACK_ONSET 223 83 3 the
1489762648860717 AUDIO_PLAYBACK_ONSET 224 83 4 girl
1489762649268979 AUDIO_PLAYBACK_ONSET 225 83 5 eat?
1489762649799720 AUDIO_PLAYBACK_ONSET _ 83 END_OF_WAV
1489762650019073 AUDIO_PLAYBACK_DONE 83.wav
1489762651019032 AUDIO_PLAYBACK_ONSET 226 147 1 the
1489762651155753 AUDIO_PLAYBACK_ONSET 227 147 2 boys
1489762651498180 AUDIO_PLAYBACK_ONSET 228 147 3 tickle
1489762651757044 AUDIO_PLAYBACK_ONSET 229 147 4 the
1489762651891471 AUDIO_PLAYBACK_ONSET 230 147 5 girl
1489762652341985 AUDIO_PLAYBACK_ONSET _ 147 END_OF_WAV
1489762652370523 AUDIO_PLAYBACK_DONE 147.wav
1489762653370482 AUDIO_PLAYBACK_ONSET 231 30 1 Whom
1489762653631085 AUDIO_PLAYBACK_ONSET 232 30 2 will
1489762653838744 AUDIO_PLAYBACK_ONSET 233 30 3 the
1489762653997007 AUDIO_PLAYBACK_ONSET 234 30 4 boy
1489762654225834 AUDIO_PLAYBACK_ONSET 235 30 5 hear?
1489762654839736 AUDIO_PLAYBACK_ONSET _ 30 END_OF_WAV
1489762654870399 AUDIO_PLAYBACK_DONE 30.wav
1489762655870358 AUDIO_PLAYBACK_ONSET 236 112 1 who
1489762656023793 AUDIO_PLAYBACK_ONSET 237 112 2 appeared?
1489762656702964 AUDIO_PLAYBACK_ONSET _ 112 END_OF_WAV
1489762656807805 AUDIO_PLAYBACK_DONE 112.wav
1489762657807764 AUDIO_PLAYBACK_ONSET 238 61 1 who
1489762658017965 AUDIO_PLAYBACK_ONSET 239 61 2 tickles
1489762658425217 AUDIO_PLAYBACK_ONSET 240 61 3 the
1489762658546183 AUDIO_PLAYBACK_ONSET 241 61 4 girl?
1489762659020974 AUDIO_PLAYBACK_ONSET _ 61 END_OF_WAV
1489762659307681 AUDIO_PLAYBACK_DONE 61.wav
1489762660307640 AUDIO_PLAYBACK_ONSET 242 116 1 who
1489762660461539 AUDIO_PLAYBACK_ONSET 243 116 2 vanished?
1489762661300538 AUDIO_PLAYBACK_ONSET _ 116 END_OF_WAV
1489762661370091 AUDIO_PLAYBACK_DONE 116.wav
1489762662370050 AUDIO_PLAYBACK_ONSET 244 102 1 we
1489762662520557 AUDIO_PLAYBACK_ONSET 245 102 2 heard
1489762662785110 AUDIO_PLAYBACK_ONSET 246 102 3 that
1489762662893287 AUDIO_PLAYBACK_ONSET 247 102 4 she
1489762663111784 AUDIO_PLAYBACK_ONSET 248 102 5 sneezed
1489762663923649 AUDIO_PLAYBACK_ONSET _ 102 END_OF_WAV
1489762663963752 AUDIO_PLAYBACK_DONE 102.wav
1489762664963711 AUDIO_PLAYBACK_ONSET 249 15 1 he
1489762665123322 AUDIO_PLAYBACK_ONSET 250 15 2 remains
1489762666018017 AUDIO_PLAYBACK_ONSET _ 15 END_OF_WAV
1489762666026164 AUDIO_PLAYBACK_DONE 15.wav
1489762667026123 AUDIO_PLAYBACK_ONSET 251 72 1 the
1489762667170292 AUDIO_PLAYBACK_ONSET 252 72 2 girls
1489762667438632 AUDIO_PLAYBACK_ONSET 253 72 3 found
1489762667681037 AUDIO_PLAYBACK_ONSET 254 72 4 the
1489762667789770 AUDIO_PLAYBACK_ONSET 255 72 5 bikes
1489762668502020 AUDIO_PLAYBACK_ONSET _ 72 END_OF_WAV
1489762668510421 AUDIO_PLAYBACK_DONE 72.wav
1489762669510380 AUDIO_PLAYBACK_ONSET 256 110 1 The
1489762669640579 AUDIO_PLAYBACK_ONSET 257 110 2 cake
1489762669882409 AUDIO_PLAYBACK_ONSET 258 110 3 was
1489762670047060 AUDIO_PLAYBACK_ONSET 259 110 4 overcooked
1489762671002031 AUDIO_PLAYBACK_ONSET _ 110 END_OF_WAV
1489762671041566 AUDIO_PLAYBACK_DONE 110.wav
1489762672041525 AUDIO_PLAYBACK_ONSET 260 49 1 the
1489762672211233 AUDIO_PLAYBACK_ONSET 261 49 2 girl
1489762672420469 AUDIO_PLAYBACK_ONSET 262 49 3 ate
1489762672606740 AUDIO_PLAYBACK_ONSET 263 49 4 the
1489762672665429 AUDIO_PLAYBACK_ONSET 264 49 5 salad
1489762673281229 AUDIO_PLAYBACK_ONSET _ 49 END_OF_WAV
1489762673307100 AUDIO_PLAYBACK_DONE 49.wav
1489762671052819 KEY_PRESS l
1489762671196811 KEY_PRESS l
1489762674307059 AUDIO_PLAYBACK_ONSET 265 32 1 the
1489762674451007 AUDIO_PLAYBACK_ONSET 266 32 2 girls
1489762674802731 AUDIO_PLAYBACK_ONSET 267 32 3 appear
1489762675453090 AUDIO_PLAYBACK_ONSET _ 32 END_OF_WAV
1489762675541387 AUDIO_PLAYBACK_DONE 32.wav
1489762676541346 AUDIO_PLAYBACK_ONSET 268 137 1 the
1489762676682312 AUDIO_PLAYBACK_ONSET 269 137 2 boys
1489762676992866 AUDIO_PLAYBACK_ONSET 270 137 3 vanished
1489762677855729 AUDIO_PLAYBACK_ONSET _ 137 END_OF_WAV
1489762677963150 AUDIO_PLAYBACK_DONE 137.wav
1489762678963109 AUDIO_PLAYBACK_ONSET 271 65 1 they
1489762679094809 AUDIO_PLAYBACK_ONSET 272 65 2 found
1489762679387733 AUDIO_PLAYBACK_ONSET 273 65 3 the
1489762679507860 AUDIO_PLAYBACK_ONSET 274 65 4 bikes
1489762680157468 AUDIO_PLAYBACK_ONSET _ 65 END_OF_WAV
1489762680338044 AUDIO_PLAYBACK_DONE 65.wav
1489762681338003 AUDIO_PLAYBACK_ONSET 275 126 1 the
1489762681427275 AUDIO_PLAYBACK_ONSET 276 126 2 host
1489762681729135 AUDIO_PLAYBACK_ONSET 277 126 3 will
1489762681893616 AUDIO_PLAYBACK_ONSET 278 126 4 eat
1489762682426311 AUDIO_PLAYBACK_ONSET _ 126 END_OF_WAV
1489762682728559 AUDIO_PLAYBACK_DONE 126.wav
1489762683728518 AUDIO_PLAYBACK_ONSET 279 4 1 he
1489762683837540 AUDIO_PLAYBACK_ONSET 280 4 2 showered
1489762684571778 AUDIO_PLAYBACK_ONSET _ 4 END_OF_WAV
1489762684785099 AUDIO_PLAYBACK_DONE 4.wav
1489762685785058 AUDIO_PLAYBACK_ONSET 281 3 1 They
1489762685903913 AUDIO_PLAYBACK_ONSET 282 3 2 ate
1489762686150604 AUDIO_PLAYBACK_ONSET 283 3 3 the
1489762686268935 AUDIO_PLAYBACK_ONSET 284 3 4 grapes
1489762686626937 AUDIO_PLAYBACK_ONSET 285 3 5 together
1489762687117310 AUDIO_PLAYBACK_ONSET _ 3 END_OF_WAV
1489762687277177 AUDIO_PLAYBACK_DONE 3.wav
1489762686780174 KEY_PRESS l
1489762686916162 KEY_PRESS l
1489762688277136 AUDIO_PLAYBACK_ONSET 286 24 1 The
1489762688380516 AUDIO_PLAYBACK_ONSET 287 24 2 sandwich
1489762688984596 AUDIO_PLAYBACK_ONSET 288 24 3 is
1489762689175245 AUDIO_PLAYBACK_ONSET 289 24 4 healthy
1489762689740766 AUDIO_PLAYBACK_ONSET _ 24 END_OF_WAV
1489762689870814 AUDIO_PLAYBACK_DONE 24.wav
1489762690870773 AUDIO_PLAYBACK_ONSET 290 29 1 he
1489762691168674 AUDIO_PLAYBACK_ONSET 291 29 2 bloomed
1489762692104144 AUDIO_PLAYBACK_ONSET _ 29 END_OF_WAV
1489762692370714 AUDIO_PLAYBACK_DONE 29.wav
1489762690156023 KEY_PRESS l
1489762690284017 KEY_PRESS l
1489762693370673 AUDIO_PLAYBACK_ONSET 292 114 1 she
1489762693572688 AUDIO_PLAYBACK_ONSET 293 114 2 saw
1489762693756016 AUDIO_PLAYBACK_ONSET 294 114 3 him
1489762693973356 AUDIO_PLAYBACK_ONSET 295 114 4 coming
1489762694452000 AUDIO_PLAYBACK_ONSET _ 114 END_OF_WAV
1489762694604978 AUDIO_PLAYBACK_DONE 114.wav
1489762695604937 AUDIO_PLAYBACK_ONSET 296 22 1 they
1489762695940253 AUDIO_PLAYBACK_ONSET 297 22 2 vanished
1489762696668339 AUDIO_PLAYBACK_ONSET _ 22 END_OF_WAV
1489762696761129 AUDIO_PLAYBACK_DONE 22.wav
1489762697761088 AUDIO_PLAYBACK_ONSET 298 17 1 he
1489762697909965 AUDIO_PLAYBACK_ONSET 299 17 2 was
1489762698140470 AUDIO_PLAYBACK_ONSET 300 17 3 hugged
1489762698666668 AUDIO_PLAYBACK_ONSET _ 17 END_OF_WAV
1489762698761048 AUDIO_PLAYBACK_DONE 17.wav
1489762699761007 AUDIO_PLAYBACK_ONSET 301 37 1 who
1489762700076730 AUDIO_PLAYBACK_ONSET 302 37 2 blooms?
1489762700853669 AUDIO_PLAYBACK_ONSET _ 37 END_OF_WAV
1489762700854705 AUDIO_PLAYBACK_DONE 37.wav
1489762701854664 AUDIO_PLAYBACK_ONSET 303 19 1 who
1489762702096212 AUDIO_PLAYBACK_ONSET 304 19 2 laughs?
1489762702864103 AUDIO_PLAYBACK_ONSET _ 19 END_OF_WAV
1489762702885894 AUDIO_PLAYBACK_DONE 19.wav
1489762703885853 AUDIO_PLAYBACK_ONSET 305 88 1 he
1489762704101692 AUDIO_PLAYBACK_ONSET 306 88 2 collapses
1489762705046045 AUDIO_PLAYBACK_ONSET _ 88 END_OF_WAV
1489762705104536 AUDIO_PLAYBACK_DONE 88.wav
1489762706104495 AUDIO_PLAYBACK_ONSET 307 143 1 he
1489762706222015 AUDIO_PLAYBACK_ONSET 308 143 2 was
1489762706463767 AUDIO_PLAYBACK_ONSET 309 143 3 kissed
1489762707149983 AUDIO_PLAYBACK_ONSET _ 143 END_OF_WAV
1489762707221638 AUDIO_PLAYBACK_DONE 143.wav
1489762708221597 AUDIO_PLAYBACK_ONSET 310 98 1 the
1489762708344338 AUDIO_PLAYBACK_ONSET 311 98 2 boy
1489762708665852 AUDIO_PLAYBACK_ONSET 312 98 3 bloomed
1489762709333334 AUDIO_PLAYBACK_ONSET _ 98 END_OF_WAV
1489762709569185 AUDIO_PLAYBACK_DONE 98.wav
1489762710569144 AUDIO_PLAYBACK_ONSET 313 124 1 who
1489762710677327 AUDIO_PLAYBACK_ONSET 314 124 2 disappeared?
1489762711432130 AUDIO_PLAYBACK_ONSET _ 124 END_OF_WAV
1489762711553460 AUDIO_PLAYBACK_DONE 124.wav
1489762712553419 AUDIO_PLAYBACK_ONSET 315 36 1 she
1489762712955400 AUDIO_PLAYBACK_ONSET 316 36 2 laughed
1489762713714795 AUDIO_PLAYBACK_ONSET _ 36 END_OF_WAV
1489762713803348 AUDIO_PLAYBACK_DONE 36.wav
1489762714803307 AUDIO_PLAYBACK_ONSET 317 53 1 they
1489762714964114 AUDIO_PLAYBACK_ONSET 318 53 2 heard
1489762715138506 AUDIO_PLAYBACK_ONSET 319 53 3 her
1489762715288705 AUDIO_PLAYBACK_ONSET 320 53 4 coughing
1489762715894543 AUDIO_PLAYBACK_ONSET _ 53 END_OF_WAV
1489762716303226 AUDIO_PLAYBACK_DONE 53.wav
1489762717303185 AUDIO_PLAYBACK_ONSET 321 18 1 The
1489762717403509 AUDIO_PLAYBACK_ONSET 322 18 2 chef
1489762717676690 AUDIO_PLAYBACK_ONSET 323 18 3 served
1489762718133336 AUDIO_PLAYBACK_ONSET 324 18 4 the
1489762718282528 AUDIO_PLAYBACK_ONSET 325 18 5 cake
1489762718740182 AUDIO_PLAYBACK_ONSET _ 18 END_OF_WAV
1489762718803125 AUDIO_PLAYBACK_DONE 18.wav
1489762719803084 AUDIO_PLAYBACK_ONSET 326 34 1 the
1489762720008708 AUDIO_PLAYBACK_ONSET 327 34 2 boy
1489762720259126 AUDIO_PLAYBACK_ONSET 328 34 3 laughs
1489762721082456 AUDIO_PLAYBACK_ONSET _ 34 END_OF_WAV
1489762721178017 AUDIO_PLAYBACK_DONE 34.wav
1489762719138904 KEY_PRESS l
1489762719362868 KEY_PRESS l
1489762719698814 KEY_PRESS l
1489762720250790 KEY_PRESS l
1489762720690771 KEY_PRESS l
1489762721034662 KEY_PRESS l
1489762722177976 AUDIO_PLAYBACK_ONSET 329 84 1 the
1489762722327106 AUDIO_PLAYBACK_ONSET 330 84 2 girl
1489762722528715 AUDIO_PLAYBACK_ONSET 331 84 3 smiled
1489762723309951 AUDIO_PLAYBACK_ONSET _ 84 END_OF_WAV
1489762723427927 AUDIO_PLAYBACK_DONE 84.wav
1489762724427886 AUDIO_PLAYBACK_ONSET 332 127 1 the
1489762724520270 AUDIO_PLAYBACK_ONSET 333 127 2 woman
1489762724819154 AUDIO_PLAYBACK_ONSET 334 127 3 will
1489762724908740 AUDIO_PLAYBACK_ONSET 335 127 4 speak
1489762725603231 AUDIO_PLAYBACK_ONSET _ 127 END_OF_WAV
1489762725607521 AUDIO_PLAYBACK_DONE 127.wav
1489762726607480 AUDIO_PLAYBACK_ONSET 336 152 1 she
1489762726942031 AUDIO_PLAYBACK_ONSET 337 152 2 dressed
1489762727567532 AUDIO_PLAYBACK_ONSET _ 152 END_OF_WAV
1489762727669935 AUDIO_PLAYBACK_DONE 152.wav
1489762728669894 AUDIO_PLAYBACK_ONSET 338 20 1 she
1489762729051179 AUDIO_PLAYBACK_ONSET 339 20 2 sneezed
1489762729884142 AUDIO_PLAYBACK_ONSET _ 20 END_OF_WAV
1489762729888574 AUDIO_PLAYBACK_DONE 20.wav
1489762730888533 AUDIO_PLAYBACK_ONSET 340 82 1 the
1489762731031060 AUDIO_PLAYBACK_ONSET 341 82 2 boy
1489762731223075 AUDIO_PLAYBACK_ONSET 342 82 3 will
1489762731359982 AUDIO_PLAYBACK_ONSET 343 82 4 sing
1489762731916223 AUDIO_PLAYBACK_ONSET _ 82 END_OF_WAV
1489762732169730 AUDIO_PLAYBACK_DONE 82.wav
1489762733169689 AUDIO_PLAYBACK_ONSET 344 119 1 she
1489762733401658 AUDIO_PLAYBACK_ONSET 345 119 2 was
1489762733636324 AUDIO_PLAYBACK_ONSET 346 119 3 kicked
1489762734306133 AUDIO_PLAYBACK_ONSET _ 119 END_OF_WAV
1489762734325902 AUDIO_PLAYBACK_DONE 119.wav
1489762735325861 AUDIO_PLAYBACK_ONSET 347 70 1 she
1489762735717443 AUDIO_PLAYBACK_ONSET 348 70 2 jumps
1489762736490270 AUDIO_PLAYBACK_ONSET _ 70 END_OF_WAV
1489762736857047 AUDIO_PLAYBACK_DONE 70.wav
1489762737857006 AUDIO_PLAYBACK_ONSET 349 58 1 he
1489762738068461 AUDIO_PLAYBACK_ONSET 350 58 2 laughs
1489762738856488 AUDIO_PLAYBACK_ONSET _ 58 END_OF_WAV
1489762739083513 AUDIO_PLAYBACK_DONE 58.wav
1489762740083472 AUDIO_PLAYBACK_ONSET 351 11 1 he
1489762740231137 AUDIO_PLAYBACK_ONSET 352 11 2 will
1489762740427138 AUDIO_PLAYBACK_ONSET 353 11 3 drive
1489762741035640 AUDIO_PLAYBACK_ONSET _ 11 END_OF_WAV
1489762741036562 AUDIO_PLAYBACK_DONE 11.wav
1489762742036521 AUDIO_PLAYBACK_ONSET 354 105 1 the
1489762742179825 AUDIO_PLAYBACK_ONSET 355 105 2 boys
1489762742481900 AUDIO_PLAYBACK_ONSET 356 105 3 winked
1489762743152179 AUDIO_PLAYBACK_ONSET _ 105 END_OF_WAV
1489762743251324 AUDIO_PLAYBACK_DONE 105.wav
1489762744251283 AUDIO_PLAYBACK_ONSET 357 10 1 they
1489762744552588 AUDIO_PLAYBACK_ONSET 358 10 2 wink
1489762745155908 AUDIO_PLAYBACK_ONSET _ 10 END_OF_WAV
1489762745376226 AUDIO_PLAYBACK_DONE 10.wav
1489762746376185 AUDIO_PLAYBACK_ONSET 359 118 1 the
1489762746459372 AUDIO_PLAYBACK_ONSET 360 118 2 woman
1489762746736585 AUDIO_PLAYBACK_ONSET 361 118 3 was
1489762747003718 AUDIO_PLAYBACK_ONSET 362 118 4 pinched
1489762747837375 AUDIO_PLAYBACK_ONSET _ 118 END_OF_WAV
1489762747876103 AUDIO_PLAYBACK_DONE 118.wav
1489762748876062 AUDIO_PLAYBACK_ONSET 363 100 1 she
1489762749199795 AUDIO_PLAYBACK_ONSET 364 100 2 fell
1489762749707265 AUDIO_PLAYBACK_ONSET _ 100 END_OF_WAV
1489762749751040 AUDIO_PLAYBACK_DONE 100.wav
1489762750750999 AUDIO_PLAYBACK_ONSET 365 97 1 they
1489762750947014 AUDIO_PLAYBACK_ONSET 366 97 2 kissed
1489762751280147 AUDIO_PLAYBACK_ONSET 367 97 3 the
1489762751396743 AUDIO_PLAYBACK_ONSET 368 97 4 clowns
1489762752204033 AUDIO_PLAYBACK_ONSET _ 97 END_OF_WAV
1489762752403269 AUDIO_PLAYBACK_DONE 97.wav
1489762753403228 AUDIO_PLAYBACK_ONSET 369 123 1 Who
1489762753476897 AUDIO_PLAYBACK_ONSET 370 123 2 will
1489762753591070 AUDIO_PLAYBACK_ONSET 371 123 3 the
1489762753722675 AUDIO_PLAYBACK_ONSET 372 123 4 boys
1489762754025104 AUDIO_PLAYBACK_ONSET 373 123 5 kiss?
1489762754656980 AUDIO_PLAYBACK_ONSET _ 123 END_OF_WAV
1489762754700050 AUDIO_PLAYBACK_DONE 123.wav
1489762755700009 AUDIO_PLAYBACK_ONSET 374 31 1 she
1489762756123831 AUDIO_PLAYBACK_ONSET 375 31 2 washed
1489762756941189 AUDIO_PLAYBACK_ONSET _ 31 END_OF_WAV
1489762756949935 AUDIO_PLAYBACK_DONE 31.wav
1489762757949894 AUDIO_PLAYBACK_ONSET 376 89 1 he
1489762758040823 AUDIO_PLAYBACK_ONSET 377 89 2 hears
1489762758374459 AUDIO_PLAYBACK_ONSET 378 89 3 the
1489762758450683 AUDIO_PLAYBACK_ONSET 379 89 4 men
1489762758848047 AUDIO_PLAYBACK_ONSET _ 89 END_OF_WAV
1489762758879540 AUDIO_PLAYBACK_DONE 89.wav
1489762759879499 AUDIO_PLAYBACK_ONSET 380 16 1 What
1489762760080386 AUDIO_PLAYBACK_ONSET 381 16 2 will
1489762760281744 AUDIO_PLAYBACK_ONSET 382 16 3 the
1489762760422893 AUDIO_PLAYBACK_ONSET 383 16 4 girls
1489762760841402 AUDIO_PLAYBACK_ONSET 384 16 5 find?
1489762761291496 AUDIO_PLAYBACK_ONSET _ 16 END_OF_WAV
1489762761348192 AUDIO_PLAYBACK_DONE 16.wav
1489762762348151 AUDIO_PLAYBACK_ONSET 385 130 1 they
1489762762564718 AUDIO_PLAYBACK_ONSET 386 130 2 coughed
1489762763325047 AUDIO_PLAYBACK_ONSET _ 130 END_OF_WAV
1489762763660595 AUDIO_PLAYBACK_DONE 130.wav
1489762764660554 AUDIO_PLAYBACK_ONSET 387 5 1 we
1489762764828198 AUDIO_PLAYBACK_ONSET 388 5 2 guessed
1489762765092657 AUDIO_PLAYBACK_ONSET 389 5 3 that
1489762765249956 AUDIO_PLAYBACK_ONSET 390 5 4 they
1489762765422985 AUDIO_PLAYBACK_ONSET 391 5 5 wink
1489762765946987 AUDIO_PLAYBACK_ONSET _ 5 END_OF_WAV
1489762766123379 AUDIO_PLAYBACK_DONE 5.wav
1489762767123338 AUDIO_PLAYBACK_ONSET 392 95 1 he
1489762767254725 AUDIO_PLAYBACK_ONSET 393 95 2 streched
1489762768119935 AUDIO_PLAYBACK_ONSET _ 95 END_OF_WAV
1489762768396709 AUDIO_PLAYBACK_DONE 95.wav
1489762769396668 AUDIO_PLAYBACK_ONSET 394 74 1 she
1489762769587821 AUDIO_PLAYBACK_ONSET 395 74 2 eats
1489762769871923 AUDIO_PLAYBACK_ONSET 396 74 3 the
1489762769949333 AUDIO_PLAYBACK_ONSET 397 74 4 salad
1489762770525518 AUDIO_PLAYBACK_ONSET _ 74 END_OF_WAV
1489762770584106 AUDIO_PLAYBACK_DONE 74.wav
1489762771584065 AUDIO_PLAYBACK_ONSET 398 107 1 they
1489762771727639 AUDIO_PLAYBACK_ONSET 399 107 2 were
1489762771879405 AUDIO_PLAYBACK_ONSET 400 107 3 loved
1489762772631193 AUDIO_PLAYBACK_ONSET _ 107 END_OF_WAV
1489762772748100 AUDIO_PLAYBACK_DONE 107.wav
1489762773748059 AUDIO_PLAYBACK_ONSET 401 103 1 she
1489762774035456 AUDIO_PLAYBACK_ONSET 402 103 2 scratched
1489762775093368 AUDIO_PLAYBACK_ONSET _ 103 END_OF_WAV
1489762775138615 AUDIO_PLAYBACK_DONE 103.wav
1489762776138574 AUDIO_PLAYBACK_ONSET 403 68 1 he
1489762776400127 AUDIO_PLAYBACK_ONSET 404 68 2 crawled
1489762776970439 AUDIO_PLAYBACK_ONSET _ 68 END_OF_WAV
1489762777115091 AUDIO_PLAYBACK_DONE 68.wav
1489762778115050 AUDIO_PLAYBACK_ONSET 405 62 1 What
1489762778297183 AUDIO_PLAYBACK_ONSET 406 62 2 will
1489762778420565 AUDIO_PLAYBACK_ONSET 407 62 3 the
1489762778554803 AUDIO_PLAYBACK_ONSET 408 62 4 girl
1489762778813410 AUDIO_PLAYBACK_ONSET 409 62 5 kick?
1489762779483617 AUDIO_PLAYBACK_ONSET _ 62 END_OF_WAV
1489762779583721 AUDIO_PLAYBACK_DONE 62.wav
1489762780583680 AUDIO_PLAYBACK_ONSET 410 90 1 Whom
1489762780823415 AUDIO_PLAYBACK_ONSET 411 90 2 do
1489762780950514 AUDIO_PLAYBACK_ONSET 412 90 3 the
1489762781024344 AUDIO_PLAYBACK_ONSET 413 90 4 women
1489762781333680 AUDIO_PLAYBACK_ONSET 414 90 5 hug?
1489762781793479 AUDIO_PLAYBACK_ONSET _ 90 END_OF_WAV
1489762781974240 AUDIO_PLAYBACK_DONE 90.wav
1489762782974199 AUDIO_PLAYBACK_ONSET 415 21 1 who
1489762783227146 AUDIO_PLAYBACK_ONSET 416 21 2 winks?
1489762783942626 AUDIO_PLAYBACK_ONSET _ 21 END_OF_WAV
1489762783942889 AUDIO_PLAYBACK_DONE 21.wav
1489762784942848 AUDIO_PLAYBACK_ONSET 417 66 1 they
1489762785039306 AUDIO_PLAYBACK_ONSET 418 66 2 appeared
1489762785639888 AUDIO_PLAYBACK_ONSET _ 66 END_OF_WAV
1489762786153730 AUDIO_PLAYBACK_DONE 66.wav
1489762787153689 AUDIO_PLAYBACK_ONSET 419 50 1 What
1489762787294736 AUDIO_PLAYBACK_ONSET 420 50 2 did
1489762787446494 AUDIO_PLAYBACK_ONSET 421 50 3 the
1489762787547913 AUDIO_PLAYBACK_ONSET 422 50 4 girl
1489762787781102 AUDIO_PLAYBACK_ONSET 423 50 5 kick?
1489762788249701 AUDIO_PLAYBACK_ONSET _ 50 END_OF_WAV
1489762788255210 AUDIO_PLAYBACK_DONE 50.wav
1489762789255169 AUDIO_PLAYBACK_ONSET 424 81 1 the
1489762789345769 AUDIO_PLAYBACK_ONSET 425 81 2 actors
1489762789720050 AUDIO_PLAYBACK_ONSET 426 81 3 will
1489762789815815 AUDIO_PLAYBACK_ONSET 427 81 4 snore
1489762790403172 AUDIO_PLAYBACK_ONSET _ 81 END_OF_WAV
1489762790442606 AUDIO_PLAYBACK_DONE 81.wav
1489762791442565 AUDIO_PLAYBACK_ONSET 428 69 1 the
1489762791584215 AUDIO_PLAYBACK_ONSET 429 69 2 boy
1489762791809947 AUDIO_PLAYBACK_ONSET 430 69 3 jumped
1489762792473199 AUDIO_PLAYBACK_ONSET _ 69 END_OF_WAV
1489762792739382 AUDIO_PLAYBACK_DONE 69.wav
1489762793739342 AUDIO_PLAYBACK_ONSET 431 132 1 the
1489762793866756 AUDIO_PLAYBACK_ONSET 432 132 2 boys
1489762794142139 AUDIO_PLAYBACK_ONSET 433 132 3 kissed
1489762794433784 AUDIO_PLAYBACK_ONSET 434 132 4 the
1489762794532445 AUDIO_PLAYBACK_ONSET 435 132 5 clowns
1489762795303300 AUDIO_PLAYBACK_ONSET _ 132 END_OF_WAV
1489762795352541 AUDIO_PLAYBACK_DONE 132.wav
1489762796352500 AUDIO_PLAYBACK_ONSET 436 77 1 who
1489762796571676 AUDIO_PLAYBACK_ONSET 437 77 2 heard
1489762796865757 AUDIO_PLAYBACK_ONSET 438 77 3 the
1489762796949478 AUDIO_PLAYBACK_ONSET 439 77 4 men?
1489762797388489 AUDIO_PLAYBACK_ONSET _ 77 END_OF_WAV
1489762797399330 AUDIO_PLAYBACK_DONE 77.wav
1489762798399289 AUDIO_PLAYBACK_ONSET 440 51 1 she
1489762798593919 AUDIO_PLAYBACK_ONSET 441 51 2 smelled
1489762798900957 AUDIO_PLAYBACK_ONSET 442 51 3 it
1489762799078858 AUDIO_PLAYBACK_ONSET 443 51 4 burn
1489762799487038 AUDIO_PLAYBACK_ONSET _ 51 END_OF_WAV
1489762799742997 AUDIO_PLAYBACK_DONE 51.wav
1489762800742956 AUDIO_PLAYBACK_ONSET 444 26 1 Whom
1489762800959947 AUDIO_PLAYBACK_ONSET 445 26 2 will
1489762801149966 AUDIO_PLAYBACK_ONSET 446 26 3 the
1489762801304356 AUDIO_PLAYBACK_ONSET 447 26 4 boy
1489762801550102 AUDIO_PLAYBACK_ONSET 448 26 5 tickle?
1489762802026976 AUDIO_PLAYBACK_ONSET _ 26 END_OF_WAV
1489762802102270 AUDIO_PLAYBACK_DONE 26.wav
1489762803102229 AUDIO_PLAYBACK_ONSET 449 67 1 they
1489762803302050 AUDIO_PLAYBACK_ONSET 450 67 2 appear
1489762803877592 AUDIO_PLAYBACK_ONSET _ 67 END_OF_WAV
1489762804024053 AUDIO_PLAYBACK_DONE 67.wav
1489762805024012 AUDIO_PLAYBACK_ONSET 451 101 1 she
1489762805409355 AUDIO_PLAYBACK_ONSET 452 101 2 cries
1489762806148475 AUDIO_PLAYBACK_ONSET _ 101 END_OF_WAV
1489762806258317 AUDIO_PLAYBACK_DONE 101.wav
1489762807258276 AUDIO_PLAYBACK_ONSET 453 133 1 who
1489762807348893 AUDIO_PLAYBACK_ONSET 454 133 2 found
1489762807638972 AUDIO_PLAYBACK_ONSET 455 133 3 the
1489762807750541 AUDIO_PLAYBACK_ONSET 456 133 4 bikes?
1489762808521707 AUDIO_PLAYBACK_ONSET _ 133 END_OF_WAV
1489762808586344 AUDIO_PLAYBACK_DONE 133.wav
1489762809586303 AUDIO_PLAYBACK_ONSET 457 106 1 they
1489762809898789 AUDIO_PLAYBACK_ONSET 458 106 2 vanish
1489762810737485 AUDIO_PLAYBACK_ONSET _ 106 END_OF_WAV
1489762810804984 AUDIO_PLAYBACK_DONE 106.wav
1489762811804943 AUDIO_PLAYBACK_ONSET 459 75 1 he
1489762811958524 AUDIO_PLAYBACK_ONSET 460 75 2 falls
1489762812695738 AUDIO_PLAYBACK_ONSET _ 75 END_OF_WAV
1489762812804882 AUDIO_PLAYBACK_DONE 75.wav
1489762813804841 AUDIO_PLAYBACK_ONSET 461 140 1 the
1489762813894844 AUDIO_PLAYBACK_ONSET 462 140 2 actors
1489762814210850 AUDIO_PLAYBACK_ONSET 463 140 3 were
1489762814310732 AUDIO_PLAYBACK_ONSET 464 140 4 scorned
1489762815024546 AUDIO_PLAYBACK_ONSET _ 140 END_OF_WAV
1489762815086037 AUDIO_PLAYBACK_DONE 140.wav
1489762816085997 AUDIO_PLAYBACK_ONSET 465 54 1 she
1489762816379613 AUDIO_PLAYBACK_ONSET 466 54 2 smiled
1489762817171769 AUDIO_PLAYBACK_ONSET _ 54 END_OF_WAV
1489762817335924 AUDIO_PLAYBACK_DONE 54.wav
1489762818335883 AUDIO_PLAYBACK_ONSET 467 85 1 The
1489762818437499 AUDIO_PLAYBACK_ONSET 468 85 2 cook
1489762818656941 AUDIO_PLAYBACK_ONSET 469 85 3 prepared
1489762819017258 AUDIO_PLAYBACK_ONSET 470 85 4 the
1489762819075957 AUDIO_PLAYBACK_ONSET 471 85 5 meal
1489762819582569 AUDIO_PLAYBACK_ONSET _ 85 END_OF_WAV
1489762819679569 AUDIO_PLAYBACK_DONE 85.wav
1489762820679528 AUDIO_PLAYBACK_ONSET 472 115 1 she
1489762820837139 AUDIO_PLAYBACK_ONSET 473 115 2 discovered
1489762821395039 AUDIO_PLAYBACK_ONSET 474 115 3 that
1489762821577382 AUDIO_PLAYBACK_ONSET 475 115 4 they
1489762821716253 AUDIO_PLAYBACK_ONSET 476 115 5 cough
1489762822336947 AUDIO_PLAYBACK_ONSET _ 115 END_OF_WAV
1489762822476329 AUDIO_PLAYBACK_DONE 115.wav
1489762819894717 KEY_PRESS l
1489762820038699 KEY_PRESS l
1489762823476288 AUDIO_PLAYBACK_ONSET 477 9 1 they
1489762823757304 AUDIO_PLAYBACK_ONSET 478 9 2 will
1489762823961433 AUDIO_PLAYBACK_ONSET 479 9 3 drink
1489762824593982 AUDIO_PLAYBACK_ONSET _ 9 END_OF_WAV
1489762824726238 AUDIO_PLAYBACK_DONE 9.wav
1489762825726197 AUDIO_PLAYBACK_ONSET 480 43 1 she
1489762825940009 AUDIO_PLAYBACK_ONSET 481 43 2 remained
1489762826725446 AUDIO_PLAYBACK_ONSET _ 43 END_OF_WAV
1489762826976124 AUDIO_PLAYBACK_DONE 43.wav
1489762825086497 KEY_PRESS l
1489762825286476 KEY_PRESS l
1489762827976083 AUDIO_PLAYBACK_ONSET 482 151 1 He
1489762828083181 AUDIO_PLAYBACK_ONSET 483 151 2 heard
1489762828318815 AUDIO_PLAYBACK_ONSET 484 151 3 her
1489762828510095 AUDIO_PLAYBACK_ONSET 485 151 4 play
1489762828991759 AUDIO_PLAYBACK_ONSET _ 151 END_OF_WAV
1489762829007292 AUDIO_PLAYBACK_DONE 151.wav
1489762830007251 AUDIO_PLAYBACK_ONSET 486 45 1 Whom
1489762830122308 AUDIO_PLAYBACK_ONSET 487 45 2 does
1489762830319299 AUDIO_PLAYBACK_ONSET 488 45 3 the
1489762830440581 AUDIO_PLAYBACK_ONSET 489 45 4 boy
1489762830685349 AUDIO_PLAYBACK_ONSET 490 45 5 tickle?
1489762831099178 AUDIO_PLAYBACK_ONSET _ 45 END_OF_WAV
1489762831100947 AUDIO_PLAYBACK_DONE 45.wav
1489762832100906 AUDIO_PLAYBACK_ONSET 491 47 1 she
1489762832336932 AUDIO_PLAYBACK_ONSET 492 47 2 will
1489762832457216 AUDIO_PLAYBACK_ONSET 493 47 3 sleep
1489762833149880 AUDIO_PLAYBACK_ONSET _ 47 END_OF_WAV
1489762833335211 AUDIO_PLAYBACK_DONE 47.wav
1489762834335170 AUDIO_PLAYBACK_ONSET 494 141 1 who
1489762834480128 AUDIO_PLAYBACK_ONSET 495 141 2 collapsed?
1489762835385707 AUDIO_PLAYBACK_ONSET _ 141 END_OF_WAV
1489762835405445 AUDIO_PLAYBACK_DONE 141.wav
1489762836405404 AUDIO_PLAYBACK_ONSET 496 55 1 the
1489762836528724 AUDIO_PLAYBACK_ONSET 497 55 2 girls
1489762836852728 AUDIO_PLAYBACK_ONSET 498 55 3 cough
1489762837429711 AUDIO_PLAYBACK_ONSET _ 55 END_OF_WAV
1489762837592839 AUDIO_PLAYBACK_DONE 55.wav
1489762838592798 AUDIO_PLAYBACK_ONSET 499 149 1 the
1489762838701218 AUDIO_PLAYBACK_ONSET 500 149 2 girl
1489762838963080 AUDIO_PLAYBACK_ONSET 501 149 3 cries
1489762839730796 AUDIO_PLAYBACK_ONSET _ 149 END_OF_WAV
1489762839749012 AUDIO_PLAYBACK_DONE 149.wav
1489762840748971 AUDIO_PLAYBACK_ONSET 502 113 1 What
1489762840914849 AUDIO_PLAYBACK_ONSET 503 113 2 will
1489762841061457 AUDIO_PLAYBACK_ONSET 504 113 3 the
1489762841204789 AUDIO_PLAYBACK_ONSET 505 113 4 boy
1489762841385797 AUDIO_PLAYBACK_ONSET 506 113 5 smell?
1489762841919810 AUDIO_PLAYBACK_ONSET _ 113 END_OF_WAV
1489762841967652 AUDIO_PLAYBACK_DONE 113.wav
1489762842967611 AUDIO_PLAYBACK_ONSET 507 63 1 he
1489762843088499 AUDIO_PLAYBACK_ONSET 508 63 2 sneezes
1489762843827770 AUDIO_PLAYBACK_ONSET _ 63 END_OF_WAV
1489762844131626 AUDIO_PLAYBACK_DONE 63.wav
