Which patient to run (e.g., 479, 482)?
From channel (integer)?
To channel (integer)?
seq: opérande manquant
Saisissez « seq --help » pour plus d'informations.
Which patient to run (e.g., 479, 482)?
From channel (integer)?
To channel (integer)?
/neurospin/unicog/protocols/intracranial/Syntax_with_Fried/Code/Main/functions/analyses.py:13: RuntimeWarning: 1 channel names are too long, have been truncated to 15 characters:
['GA3-LMH1_0002.ncs']
  info = mne.create_info(ch_names=[settings.channel_name], sfreq=params.sfreq_raw, ch_types=ch_types)
Traceback (most recent call last):
  File "/neurospin/unicog/protocols/intracranial/Syntax_with_Fried/Code/Main/generate_multichannel_spectrotemporal_epochs.py", line 76, in <module>
    epochsTFR_channel = analyses.compute_time_freq(channel_num, channel_name, channel_data, events, event_id, metadata, settings, params)
  File "/neurospin/unicog/protocols/intracranial/Syntax_with_Fried/Code/Main/functions/analyses.py", line 17, in compute_time_freq
    raw.notch_filter(params.line_frequency, filter_length='auto', phase='zero')
  File "</volatile/anaconda3/lib/python3.6/site-packages/mne/externals/decorator.py:decorator-gen-138>", line 2, in notch_filter
  File "/volatile/anaconda3/lib/python3.6/site-packages/mne/utils/_logging.py", line 89, in wrapper
    return function(*args, **kwargs)
  File "/volatile/anaconda3/lib/python3.6/site-packages/mne/io/base.py", line 1446, in notch_filter
    pad=pad)
  File "</volatile/anaconda3/lib/python3.6/site-packages/mne/externals/decorator.py:decorator-gen-98>", line 2, in notch_filter
  File "/volatile/anaconda3/lib/python3.6/site-packages/mne/utils/_logging.py", line 89, in wrapper
    return function(*args, **kwargs)
  File "/volatile/anaconda3/lib/python3.6/site-packages/mne/filter.py", line 1313, in notch_filter
    fir_design, pad=pad)
  File "</volatile/anaconda3/lib/python3.6/site-packages/mne/externals/decorator.py:decorator-gen-96>", line 2, in filter_data
  File "/volatile/anaconda3/lib/python3.6/site-packages/mne/utils/_logging.py", line 89, in wrapper
    return function(*args, **kwargs)
  File "/volatile/anaconda3/lib/python3.6/site-packages/mne/filter.py", line 845, in filter_data
    h_trans_bandwidth, method, iir_params, phase, fir_window, fir_design)
  File "</volatile/anaconda3/lib/python3.6/site-packages/mne/externals/decorator.py:decorator-gen-97>", line 2, in create_filter
  File "/volatile/anaconda3/lib/python3.6/site-packages/mne/utils/_logging.py", line 89, in wrapper
    return function(*args, **kwargs)
  File "/volatile/anaconda3/lib/python3.6/site-packages/mne/filter.py", line 1145, in create_filter
    fir_window, fir_design)
  File "/volatile/anaconda3/lib/python3.6/site-packages/mne/filter.py", line 387, in _construct_fir_filter
    h = fir_design(N, freq, gain, window=fir_window)
  File "/volatile/anaconda3/lib/python3.6/site-packages/mne/filter.py", line 314, in _firwin_design
    window=window, pass_zero=True, nyq=freq[-1])
  File "/volatile/anaconda3/lib/python3.6/site-packages/scipy/signal/fir_filter_design.py", line 430, in firwin
    win = get_window(window, numtaps, fftbins=False)
  File "/volatile/anaconda3/lib/python3.6/site-packages/scipy/signal/windows/windows.py", line 2106, in get_window
    return winfunc(*params)
  File "/volatile/anaconda3/lib/python3.6/site-packages/scipy/signal/windows/windows.py", line 1094, in hamming
    return general_hamming(M, 0.54, sym)
  File "/volatile/anaconda3/lib/python3.6/site-packages/scipy/signal/windows/windows.py", line 1016, in general_hamming
    return general_cosine(M, [alpha, 1. - alpha], sym)
  File "/volatile/anaconda3/lib/python3.6/site-packages/scipy/signal/windows/windows.py", line 118, in general_cosine
    w += a[k] * np.cos(k * fac)
KeyboardInterrupt
Which patient to run (e.g., 479, 482)?
From channel (integer)?
To channel (integer)?
/neurospin/unicog/protocols/intracranial/Syntax_with_Fried/Code/Main/functions/analyses.py:13: RuntimeWarning: 1 channel names are too long, have been truncated to 15 characters:
['GA3-LMH1_0002.ncs']
  info = mne.create_info(ch_names=[settings.channel_name], sfreq=params.sfreq_raw, ch_types=ch_types)
/neurospin/unicog/protocols/intracranial/Syntax_with_Fried/Code/Main/functions/analyses.py:13: RuntimeWarning: 1 channel names are too long, have been truncated to 15 characters:
['GA3-LMH2_0002.ncs']
  info = mne.create_info(ch_names=[settings.channel_name], sfreq=params.sfreq_raw, ch_types=ch_types)
/neurospin/unicog/protocols/intracranial/Syntax_with_Fried/Code/Main/functions/analyses.py:13: RuntimeWarning: 1 channel names are too long, have been truncated to 15 characters:
['GA3-LMH3_0002.ncs']
  info = mne.create_info(ch_names=[settings.channel_name], sfreq=params.sfreq_raw, ch_types=ch_types)
/neurospin/unicog/protocols/intracranial/Syntax_with_Fried/Code/Main/functions/analyses.py:13: RuntimeWarning: 1 channel names are too long, have been truncated to 15 characters:
['GA3-LMH4_0002.ncs']
  info = mne.create_info(ch_names=[settings.channel_name], sfreq=params.sfreq_raw, ch_types=ch_types)
/neurospin/unicog/protocols/intracranial/Syntax_with_Fried/Code/Main/functions/analyses.py:13: RuntimeWarning: 1 channel names are too long, have been truncated to 15 characters:
['GA3-LMH5_0002.ncs']
  info = mne.create_info(ch_names=[settings.channel_name], sfreq=params.sfreq_raw, ch_types=ch_types)
/neurospin/unicog/protocols/intracranial/Syntax_with_Fried/Code/Main/functions/analyses.py:13: RuntimeWarning: 1 channel names are too long, have been truncated to 15 characters:
['GA3-LMH6_0002.ncs']
  info = mne.create_info(ch_names=[settings.channel_name], sfreq=params.sfreq_raw, ch_types=ch_types)
/neurospin/unicog/protocols/intracranial/Syntax_with_Fried/Code/Main/functions/analyses.py:13: RuntimeWarning: 1 channel names are too long, have been truncated to 15 characters:
['GA3-LMH7_0002.ncs']
  info = mne.create_info(ch_names=[settings.channel_name], sfreq=params.sfreq_raw, ch_types=ch_types)
/neurospin/unicog/protocols/intracranial/Syntax_with_Fried/Code/Main/functions/analyses.py:13: RuntimeWarning: 1 channel names are too long, have been truncated to 15 characters:
['GA3-LMH8_0002.ncs']
  info = mne.create_info(ch_names=[settings.channel_name], sfreq=params.sfreq_raw, ch_types=ch_types)
/neurospin/unicog/protocols/intracranial/Syntax_with_Fried/Code/Main/functions/analyses.py:13: RuntimeWarning: 1 channel names are too long, have been truncated to 15 characters:
['GA4-LFSG1_0002.ncs']
  info = mne.create_info(ch_names=[settings.channel_name], sfreq=params.sfreq_raw, ch_types=ch_types)
/neurospin/unicog/protocols/intracranial/Syntax_with_Fried/Code/Main/functions/analyses.py:13: RuntimeWarning: 1 channel names are too long, have been truncated to 15 characters:
['GA4-LFSG2_0002.ncs']
  info = mne.create_info(ch_names=[settings.channel_name], sfreq=params.sfreq_raw, ch_types=ch_types)
/neurospin/unicog/protocols/intracranial/Syntax_with_Fried/Code/Main/functions/analyses.py:13: RuntimeWarning: 1 channel names are too long, have been truncated to 15 characters:
['GA4-LFSG3_0002.ncs']
  info = mne.create_info(ch_names=[settings.channel_name], sfreq=params.sfreq_raw, ch_types=ch_types)
/neurospin/unicog/protocols/intracranial/Syntax_with_Fried/Code/Main/functions/analyses.py:13: RuntimeWarning: 1 channel names are too long, have been truncated to 15 characters:
['GA4-LFSG4_0002.ncs']
  info = mne.create_info(ch_names=[settings.channel_name], sfreq=params.sfreq_raw, ch_types=ch_types)
/neurospin/unicog/protocols/intracranial/Syntax_with_Fried/Code/Main/functions/analyses.py:13: RuntimeWarning: 1 channel names are too long, have been truncated to 15 characters:
['GA4-LFSG5_0002.ncs']
  info = mne.create_info(ch_names=[settings.channel_name], sfreq=params.sfreq_raw, ch_types=ch_types)
/neurospin/unicog/protocols/intracranial/Syntax_with_Fried/Code/Main/functions/analyses.py:13: RuntimeWarning: 1 channel names are too long, have been truncated to 15 characters:
['GA4-LFSG6_0002.ncs']
  info = mne.create_info(ch_names=[settings.channel_name], sfreq=params.sfreq_raw, ch_types=ch_types)
/neurospin/unicog/protocols/intracranial/Syntax_with_Fried/Code/Main/functions/analyses.py:13: RuntimeWarning: 1 channel names are too long, have been truncated to 15 characters:
['GA4-LFSG7_0002.ncs']
  info = mne.create_info(ch_names=[settings.channel_name], sfreq=params.sfreq_raw, ch_types=ch_types)
/neurospin/unicog/protocols/intracranial/Syntax_with_Fried/Code/Main/functions/analyses.py:13: RuntimeWarning: 1 channel names are too long, have been truncated to 15 characters:
['GA4-LFSG8_0002.ncs']
  info = mne.create_info(ch_names=[settings.channel_name], sfreq=params.sfreq_raw, ch_types=ch_types)
/neurospin/unicog/protocols/intracranial/Syntax_with_Fried/Code/Main/functions/analyses.py:13: RuntimeWarning: 1 channel names are too long, have been truncated to 15 characters:
['GB1-RA1_0002.ncs']
  info = mne.create_info(ch_names=[settings.channel_name], sfreq=params.sfreq_raw, ch_types=ch_types)
/neurospin/unicog/protocols/intracranial/Syntax_with_Fried/Code/Main/functions/analyses.py:13: RuntimeWarning: 1 channel names are too long, have been truncated to 15 characters:
['GB1-RA2_0002.ncs']
  info = mne.create_info(ch_names=[settings.channel_name], sfreq=params.sfreq_raw, ch_types=ch_types)
/neurospin/unicog/protocols/intracranial/Syntax_with_Fried/Code/Main/functions/analyses.py:13: RuntimeWarning: 1 channel names are too long, have been truncated to 15 characters:
['GB1-RA3_0002.ncs']
  info = mne.create_info(ch_names=[settings.channel_name], sfreq=params.sfreq_raw, ch_types=ch_types)
/neurospin/unicog/protocols/intracranial/Syntax_with_Fried/Code/Main/functions/analyses.py:13: RuntimeWarning: 1 channel names are too long, have been truncated to 15 characters:
['GB1-RA4_0002.ncs']
  info = mne.create_info(ch_names=[settings.channel_name], sfreq=params.sfreq_raw, ch_types=ch_types)
/neurospin/unicog/protocols/intracranial/Syntax_with_Fried/Code/Main/functions/analyses.py:13: RuntimeWarning: 1 channel names are too long, have been truncated to 15 characters:
['GB1-RA5_0002.ncs']
  info = mne.create_info(ch_names=[settings.channel_name], sfreq=params.sfreq_raw, ch_types=ch_types)
/neurospin/unicog/protocols/intracranial/Syntax_with_Fried/Code/Main/functions/analyses.py:13: RuntimeWarning: 1 channel names are too long, have been truncated to 15 characters:
['GB1-RA6_0002.ncs']
  info = mne.create_info(ch_names=[settings.channel_name], sfreq=params.sfreq_raw, ch_types=ch_types)
/neurospin/unicog/protocols/intracranial/Syntax_with_Fried/Code/Main/functions/analyses.py:13: RuntimeWarning: 1 channel names are too long, have been truncated to 15 characters:
['GB1-RA7_0002.ncs']
  info = mne.create_info(ch_names=[settings.channel_name], sfreq=params.sfreq_raw, ch_types=ch_types)
/neurospin/unicog/protocols/intracranial/Syntax_with_Fried/Code/Main/functions/analyses.py:13: RuntimeWarning: 1 channel names are too long, have been truncated to 15 characters:
['GB1-RA8_0002.ncs']
  info = mne.create_info(ch_names=[settings.channel_name], sfreq=params.sfreq_raw, ch_types=ch_types)
/neurospin/unicog/protocols/intracranial/Syntax_with_Fried/Code/Main/functions/analyses.py:13: RuntimeWarning: 1 channel names are too long, have been truncated to 15 characters:
['GB2-REC1_0002.ncs']
  info = mne.create_info(ch_names=[settings.channel_name], sfreq=params.sfreq_raw, ch_types=ch_types)
/neurospin/unicog/protocols/intracranial/Syntax_with_Fried/Code/Main/functions/analyses.py:13: RuntimeWarning: 1 channel names are too long, have been truncated to 15 characters:
['GB2-REC2_0002.ncs']
  info = mne.create_info(ch_names=[settings.channel_name], sfreq=params.sfreq_raw, ch_types=ch_types)
/neurospin/unicog/protocols/intracranial/Syntax_with_Fried/Code/Main/functions/analyses.py:13: RuntimeWarning: 1 channel names are too long, have been truncated to 15 characters:
['GB2-REC3_0002.ncs']
  info = mne.create_info(ch_names=[settings.channel_name], sfreq=params.sfreq_raw, ch_types=ch_types)
/neurospin/unicog/protocols/intracranial/Syntax_with_Fried/Code/Main/functions/analyses.py:13: RuntimeWarning: 1 channel names are too long, have been truncated to 15 characters:
['GB2-REC4_0002.ncs']
  info = mne.create_info(ch_names=[settings.channel_name], sfreq=params.sfreq_raw, ch_types=ch_types)
/neurospin/unicog/protocols/intracranial/Syntax_with_Fried/Code/Main/functions/analyses.py:13: RuntimeWarning: 1 channel names are too long, have been truncated to 15 characters:
['GB2-REC5_0002.ncs']
  info = mne.create_info(ch_names=[settings.channel_name], sfreq=params.sfreq_raw, ch_types=ch_types)
/neurospin/unicog/protocols/intracranial/Syntax_with_Fried/Code/Main/functions/analyses.py:13: RuntimeWarning: 1 channel names are too long, have been truncated to 15 characters:
['GB2-REC6_0002.ncs']
  info = mne.create_info(ch_names=[settings.channel_name], sfreq=params.sfreq_raw, ch_types=ch_types)
/neurospin/unicog/protocols/intracranial/Syntax_with_Fried/Code/Main/functions/analyses.py:13: RuntimeWarning: 1 channel names are too long, have been truncated to 15 characters:
['GB2-REC7_0002.ncs']
  info = mne.create_info(ch_names=[settings.channel_name], sfreq=params.sfreq_raw, ch_types=ch_types)
/neurospin/unicog/protocols/intracranial/Syntax_with_Fried/Code/Main/functions/analyses.py:13: RuntimeWarning: 1 channel names are too long, have been truncated to 15 characters:
['GB2-REC8_0002.ncs']
  info = mne.create_info(ch_names=[settings.channel_name], sfreq=params.sfreq_raw, ch_types=ch_types)
/neurospin/unicog/protocols/intracranial/Syntax_with_Fried/Code/Main/functions/analyses.py:13: RuntimeWarning: 1 channel names are too long, have been truncated to 15 characters:
['GB3-RMH1_0002.ncs']
  info = mne.create_info(ch_names=[settings.channel_name], sfreq=params.sfreq_raw, ch_types=ch_types)
/neurospin/unicog/protocols/intracranial/Syntax_with_Fried/Code/Main/functions/analyses.py:13: RuntimeWarning: 1 channel names are too long, have been truncated to 15 characters:
['GB3-RMH2_0002.ncs']
  info = mne.create_info(ch_names=[settings.channel_name], sfreq=params.sfreq_raw, ch_types=ch_types)
/neurospin/unicog/protocols/intracranial/Syntax_with_Fried/Code/Main/functions/analyses.py:13: RuntimeWarning: 1 channel names are too long, have been truncated to 15 characters:
['GB3-RMH3_0002.ncs']
  info = mne.create_info(ch_names=[settings.channel_name], sfreq=params.sfreq_raw, ch_types=ch_types)
/neurospin/unicog/protocols/intracranial/Syntax_with_Fried/Code/Main/functions/analyses.py:13: RuntimeWarning: 1 channel names are too long, have been truncated to 15 characters:
['GB3-RMH4_0002.ncs']
  info = mne.create_info(ch_names=[settings.channel_name], sfreq=params.sfreq_raw, ch_types=ch_types)
/neurospin/unicog/protocols/intracranial/Syntax_with_Fried/Code/Main/functions/analyses.py:13: RuntimeWarning: 1 channel names are too long, have been truncated to 15 characters:
['GB3-RMH5_0002.ncs']
  info = mne.create_info(ch_names=[settings.channel_name], sfreq=params.sfreq_raw, ch_types=ch_types)
/neurospin/unicog/protocols/intracranial/Syntax_with_Fried/Code/Main/functions/analyses.py:13: RuntimeWarning: 1 channel names are too long, have been truncated to 15 characters:
['GB3-RMH6_0002.ncs']
  info = mne.create_info(ch_names=[settings.channel_name], sfreq=params.sfreq_raw, ch_types=ch_types)
/neurospin/unicog/protocols/intracranial/Syntax_with_Fried/Code/Main/functions/analyses.py:13: RuntimeWarning: 1 channel names are too long, have been truncated to 15 characters:
['GB3-RMH7_0002.ncs']
  info = mne.create_info(ch_names=[settings.channel_name], sfreq=params.sfreq_raw, ch_types=ch_types)
/neurospin/unicog/protocols/intracranial/Syntax_with_Fried/Code/Main/functions/analyses.py:13: RuntimeWarning: 1 channel names are too long, have been truncated to 15 characters:
['GB3-RMH8_0002.ncs']
  info = mne.create_info(ch_names=[settings.channel_name], sfreq=params.sfreq_raw, ch_types=ch_types)
/neurospin/unicog/protocols/intracranial/Syntax_with_Fried/Code/Main/functions/analyses.py:13: RuntimeWarning: 1 channel names are too long, have been truncated to 15 characters:
['GB4-RFSG1_0002.ncs']
  info = mne.create_info(ch_names=[settings.channel_name], sfreq=params.sfreq_raw, ch_types=ch_types)
/neurospin/unicog/protocols/intracranial/Syntax_with_Fried/Code/Main/functions/analyses.py:13: RuntimeWarning: 1 channel names are too long, have been truncated to 15 characters:
['GB4-RFSG2_0002.ncs']
  info = mne.create_info(ch_names=[settings.channel_name], sfreq=params.sfreq_raw, ch_types=ch_types)
/neurospin/unicog/protocols/intracranial/Syntax_with_Fried/Code/Main/functions/analyses.py:13: RuntimeWarning: 1 channel names are too long, have been truncated to 15 characters:
['GB4-RFSG3_0002.ncs']
  info = mne.create_info(ch_names=[settings.channel_name], sfreq=params.sfreq_raw, ch_types=ch_types)
/neurospin/unicog/protocols/intracranial/Syntax_with_Fried/Code/Main/functions/analyses.py:13: RuntimeWarning: 1 channel names are too long, have been truncated to 15 characters:
['GB4-RFSG4_0002.ncs']
  info = mne.create_info(ch_names=[settings.channel_name], sfreq=params.sfreq_raw, ch_types=ch_types)
/neurospin/unicog/protocols/intracranial/Syntax_with_Fried/Code/Main/functions/analyses.py:13: RuntimeWarning: 1 channel names are too long, have been truncated to 15 characters:
['GB4-RFSG5_0002.ncs']
  info = mne.create_info(ch_names=[settings.channel_name], sfreq=params.sfreq_raw, ch_types=ch_types)
/neurospin/unicog/protocols/intracranial/Syntax_with_Fried/Code/Main/functions/analyses.py:13: RuntimeWarning: 1 channel names are too long, have been truncated to 15 characters:
['GB4-RFSG6_0002.ncs']
  info = mne.create_info(ch_names=[settings.channel_name], sfreq=params.sfreq_raw, ch_types=ch_types)
/neurospin/unicog/protocols/intracranial/Syntax_with_Fried/Code/Main/functions/analyses.py:13: RuntimeWarning: 1 channel names are too long, have been truncated to 15 characters:
['GB4-RFSG7_0002.ncs']
  info = mne.create_info(ch_names=[settings.channel_name], sfreq=params.sfreq_raw, ch_types=ch_types)
/neurospin/unicog/protocols/intracranial/Syntax_with_Fried/Code/Main/functions/analyses.py:13: RuntimeWarning: 1 channel names are too long, have been truncated to 15 characters:
['GB4-RFSG8_0002.ncs']
  info = mne.create_info(ch_names=[settings.channel_name], sfreq=params.sfreq_raw, ch_types=ch_types)
/neurospin/unicog/protocols/intracranial/Syntax_with_Fried/Code/Main/functions/analyses.py:13: RuntimeWarning: 1 channel names are too long, have been truncated to 15 characters:
['GC1-LAC1_0002.ncs']
  info = mne.create_info(ch_names=[settings.channel_name], sfreq=params.sfreq_raw, ch_types=ch_types)
/neurospin/unicog/protocols/intracranial/Syntax_with_Fried/Code/Main/functions/analyses.py:13: RuntimeWarning: 1 channel names are too long, have been truncated to 15 characters:
['GC1-LAC2_0002.ncs']
  info = mne.create_info(ch_names=[settings.channel_name], sfreq=params.sfreq_raw, ch_types=ch_types)
/neurospin/unicog/protocols/intracranial/Syntax_with_Fried/Code/Main/functions/analyses.py:13: RuntimeWarning: 1 channel names are too long, have been truncated to 15 characters:
['GC1-LAC3_0002.ncs']
  info = mne.create_info(ch_names=[settings.channel_name], sfreq=params.sfreq_raw, ch_types=ch_types)
/neurospin/unicog/protocols/intracranial/Syntax_with_Fried/Code/Main/functions/analyses.py:13: RuntimeWarning: 1 channel names are too long, have been truncated to 15 characters:
['GC1-LAC4_0002.ncs']
  info = mne.create_info(ch_names=[settings.channel_name], sfreq=params.sfreq_raw, ch_types=ch_types)
/neurospin/unicog/protocols/intracranial/Syntax_with_Fried/Code/Main/functions/analyses.py:13: RuntimeWarning: 1 channel names are too long, have been truncated to 15 characters:
['GC1-LAC5_0002.ncs']
  info = mne.create_info(ch_names=[settings.channel_name], sfreq=params.sfreq_raw, ch_types=ch_types)
/neurospin/unicog/protocols/intracranial/Syntax_with_Fried/Code/Main/functions/analyses.py:13: RuntimeWarning: 1 channel names are too long, have been truncated to 15 characters:
['GC1-LAC6_0002.ncs']
  info = mne.create_info(ch_names=[settings.channel_name], sfreq=params.sfreq_raw, ch_types=ch_types)
/neurospin/unicog/protocols/intracranial/Syntax_with_Fried/Code/Main/functions/analyses.py:13: RuntimeWarning: 1 channel names are too long, have been truncated to 15 characters:
['GC1-LAC7_0002.ncs']
  info = mne.create_info(ch_names=[settings.channel_name], sfreq=params.sfreq_raw, ch_types=ch_types)
/neurospin/unicog/protocols/intracranial/Syntax_with_Fried/Code/Main/functions/analyses.py:13: RuntimeWarning: 1 channel names are too long, have been truncated to 15 characters:
['GC1-LAC8_0002.ncs']
  info = mne.create_info(ch_names=[settings.channel_name], sfreq=params.sfreq_raw, ch_types=ch_types)
/neurospin/unicog/protocols/intracranial/Syntax_with_Fried/Code/Main/functions/analyses.py:13: RuntimeWarning: 1 channel names are too long, have been truncated to 15 characters:
['GC2-LAF1_0002.ncs']
  info = mne.create_info(ch_names=[settings.channel_name], sfreq=params.sfreq_raw, ch_types=ch_types)
/neurospin/unicog/protocols/intracranial/Syntax_with_Fried/Code/Main/functions/analyses.py:13: RuntimeWarning: 1 channel names are too long, have been truncated to 15 characters:
['GC2-LAF2_0002.ncs']
  info = mne.create_info(ch_names=[settings.channel_name], sfreq=params.sfreq_raw, ch_types=ch_types)
/neurospin/unicog/protocols/intracranial/Syntax_with_Fried/Code/Main/functions/analyses.py:13: RuntimeWarning: 1 channel names are too long, have been truncated to 15 characters:
['GC2-LAF3_0002.ncs']
  info = mne.create_info(ch_names=[settings.channel_name], sfreq=params.sfreq_raw, ch_types=ch_types)
/neurospin/unicog/protocols/intracranial/Syntax_with_Fried/Code/Main/functions/analyses.py:13: RuntimeWarning: 1 channel names are too long, have been truncated to 15 characters:
['GC2-LAF4_0002.ncs']
  info = mne.create_info(ch_names=[settings.channel_name], sfreq=params.sfreq_raw, ch_types=ch_types)
/neurospin/unicog/protocols/intracranial/Syntax_with_Fried/Code/Main/functions/analyses.py:13: RuntimeWarning: 1 channel names are too long, have been truncated to 15 characters:
['GC2-LAF5_0002.ncs']
  info = mne.create_info(ch_names=[settings.channel_name], sfreq=params.sfreq_raw, ch_types=ch_types)
/neurospin/unicog/protocols/intracranial/Syntax_with_Fried/Code/Main/functions/analyses.py:13: RuntimeWarning: 1 channel names are too long, have been truncated to 15 characters:
['GC2-LAF6_0002.ncs']
  info = mne.create_info(ch_names=[settings.channel_name], sfreq=params.sfreq_raw, ch_types=ch_types)
/neurospin/unicog/protocols/intracranial/Syntax_with_Fried/Code/Main/functions/analyses.py:13: RuntimeWarning: 1 channel names are too long, have been truncated to 15 characters:
['GC2-LAF7_0002.ncs']
  info = mne.create_info(ch_names=[settings.channel_name], sfreq=params.sfreq_raw, ch_types=ch_types)
/neurospin/unicog/protocols/intracranial/Syntax_with_Fried/Code/Main/functions/analyses.py:13: RuntimeWarning: 1 channel names are too long, have been truncated to 15 characters:
['GC2-LAF8_0002.ncs']
  info = mne.create_info(ch_names=[settings.channel_name], sfreq=params.sfreq_raw, ch_types=ch_types)
/neurospin/unicog/protocols/intracranial/Syntax_with_Fried/Code/Main/functions/analyses.py:13: RuntimeWarning: 1 channel names are too long, have been truncated to 15 characters:
['GC3-LOF1_0002.ncs']
  info = mne.create_info(ch_names=[settings.channel_name], sfreq=params.sfreq_raw, ch_types=ch_types)
/neurospin/unicog/protocols/intracranial/Syntax_with_Fried/Code/Main/functions/analyses.py:13: RuntimeWarning: 1 channel names are too long, have been truncated to 15 characters:
['GC3-LOF2_0002.ncs']
  info = mne.create_info(ch_names=[settings.channel_name], sfreq=params.sfreq_raw, ch_types=ch_types)
/neurospin/unicog/protocols/intracranial/Syntax_with_Fried/Code/Main/functions/analyses.py:13: RuntimeWarning: 1 channel names are too long, have been truncated to 15 characters:
['GC3-LOF3_0002.ncs']
  info = mne.create_info(ch_names=[settings.channel_name], sfreq=params.sfreq_raw, ch_types=ch_types)
/neurospin/unicog/protocols/intracranial/Syntax_with_Fried/Code/Main/functions/analyses.py:13: RuntimeWarning: 1 channel names are too long, have been truncated to 15 characters:
['GC3-LOF4_0002.ncs']
  info = mne.create_info(ch_names=[settings.channel_name], sfreq=params.sfreq_raw, ch_types=ch_types)
/neurospin/unicog/protocols/intracranial/Syntax_with_Fried/Code/Main/functions/analyses.py:13: RuntimeWarning: 1 channel names are too long, have been truncated to 15 characters:
['GC3-LOF5_0002.ncs']
  info = mne.create_info(ch_names=[settings.channel_name], sfreq=params.sfreq_raw, ch_types=ch_types)
/neurospin/unicog/protocols/intracranial/Syntax_with_Fried/Code/Main/functions/analyses.py:13: RuntimeWarning: 1 channel names are too long, have been truncated to 15 characters:
['GC3-LOF6_0002.ncs']
  info = mne.create_info(ch_names=[settings.channel_name], sfreq=params.sfreq_raw, ch_types=ch_types)
/neurospin/unicog/protocols/intracranial/Syntax_with_Fried/Code/Main/functions/analyses.py:13: RuntimeWarning: 1 channel names are too long, have been truncated to 15 characters:
['GC3-LOF7_0002.ncs']
  info = mne.create_info(ch_names=[settings.channel_name], sfreq=params.sfreq_raw, ch_types=ch_types)
/neurospin/unicog/protocols/intracranial/Syntax_with_Fried/Code/Main/functions/analyses.py:13: RuntimeWarning: 1 channel names are too long, have been truncated to 15 characters:
['GC3-LOF8_0002.ncs']
  info = mne.create_info(ch_names=[settings.channel_name], sfreq=params.sfreq_raw, ch_types=ch_types)
/neurospin/unicog/protocols/intracranial/Syntax_with_Fried/Code/Main/functions/analyses.py:13: RuntimeWarning: 1 channel names are too long, have been truncated to 15 characters:
['GC4-RAC1_0002.ncs']
  info = mne.create_info(ch_names=[settings.channel_name], sfreq=params.sfreq_raw, ch_types=ch_types)
/neurospin/unicog/protocols/intracranial/Syntax_with_Fried/Code/Main/functions/analyses.py:13: RuntimeWarning: 1 channel names are too long, have been truncated to 15 characters:
['GC4-RAC2_0002.ncs']
  info = mne.create_info(ch_names=[settings.channel_name], sfreq=params.sfreq_raw, ch_types=ch_types)
Terminated
/neurospin/unicog/protocols/intracranial/Syntax_with_Fried/Code/Main/functions/analyses.py:13: RuntimeWarning: 1 channel names are too long, have been truncated to 15 characters:
['GC4-RAC4_0002.ncs']
  info = mne.create_info(ch_names=[settings.channel_name], sfreq=params.sfreq_raw, ch_types=ch_types)
/neurospin/unicog/protocols/intracranial/Syntax_with_Fried/Code/Main/functions/analyses.py:13: RuntimeWarning: 1 channel names are too long, have been truncated to 15 characters:
['GC4-RAC5_0002.ncs']
  info = mne.create_info(ch_names=[settings.channel_name], sfreq=params.sfreq_raw, ch_types=ch_types)
/neurospin/unicog/protocols/intracranial/Syntax_with_Fried/Code/Main/functions/analyses.py:13: RuntimeWarning: 1 channel names are too long, have been truncated to 15 characters:
['GC4-RAC6_0002.ncs']
  info = mne.create_info(ch_names=[settings.channel_name], sfreq=params.sfreq_raw, ch_types=ch_types)
/neurospin/unicog/protocols/intracranial/Syntax_with_Fried/Code/Main/functions/analyses.py:13: RuntimeWarning: 1 channel names are too long, have been truncated to 15 characters:
['GC4-RAC7_0002.ncs']
  info = mne.create_info(ch_names=[settings.channel_name], sfreq=params.sfreq_raw, ch_types=ch_types)
/neurospin/unicog/protocols/intracranial/Syntax_with_Fried/Code/Main/functions/analyses.py:13: RuntimeWarning: 1 channel names are too long, have been truncated to 15 characters:
['GC4-RAC8_0002.ncs']
  info = mne.create_info(ch_names=[settings.channel_name], sfreq=params.sfreq_raw, ch_types=ch_types)
Traceback (most recent call last):
  File "/neurospin/unicog/protocols/intracranial/Syntax_with_Fried/Code/Main/generate_multichannel_spectrotemporal_epochs.py", line 74, in <module>
    channel_data, channel_name = data_manip.load_channelsCSC_data(settings.path2rawdata_mat, channel_num)
  File "/neurospin/unicog/protocols/intracranial/Syntax_with_Fried/Code/Main/functions/data_manip.py", line 16, in load_channelsCSC_data
    channel_data = io.loadmat(CSC_file[0])['data']
IndexError: list index out of range
Traceback (most recent call last):
  File "/neurospin/unicog/protocols/intracranial/Syntax_with_Fried/Code/Main/generate_multichannel_spectrotemporal_epochs.py", line 74, in <module>
    channel_data, channel_name = data_manip.load_channelsCSC_data(settings.path2rawdata_mat, channel_num)
  File "/neurospin/unicog/protocols/intracranial/Syntax_with_Fried/Code/Main/functions/data_manip.py", line 16, in load_channelsCSC_data
    channel_data = io.loadmat(CSC_file[0])['data']
IndexError: list index out of range
Traceback (most recent call last):
  File "/neurospin/unicog/protocols/intracranial/Syntax_with_Fried/Code/Main/generate_multichannel_spectrotemporal_epochs.py", line 74, in <module>
    channel_data, channel_name = data_manip.load_channelsCSC_data(settings.path2rawdata_mat, channel_num)
  File "/neurospin/unicog/protocols/intracranial/Syntax_with_Fried/Code/Main/functions/data_manip.py", line 16, in load_channelsCSC_data
    channel_data = io.loadmat(CSC_file[0])['data']
IndexError: list index out of range
Traceback (most recent call last):
  File "/neurospin/unicog/protocols/intracranial/Syntax_with_Fried/Code/Main/generate_multichannel_spectrotemporal_epochs.py", line 74, in <module>
    channel_data, channel_name = data_manip.load_channelsCSC_data(settings.path2rawdata_mat, channel_num)
  File "/neurospin/unicog/protocols/intracranial/Syntax_with_Fried/Code/Main/functions/data_manip.py", line 16, in load_channelsCSC_data
    channel_data = io.loadmat(CSC_file[0])['data']
IndexError: list index out of range
