1552404755650680 CHEETAH_SIGNAL SENT_AFTER_TIME 44494.184584
1552404758067460 CHEETAH_SIGNAL SENT_AFTER_TIME 44496.601429
1552404758130866 CHEETAH_SIGNAL SENT_AFTER_TIME 44496.664735
1552404758129535 DISPLAY_INSTRUCTIONS Stimuli/instructions_audio_sentences.png
1552404761269482 KEY_PRESS space
1552404761269990 CHEETAH_SIGNAL SENT_AFTER_TIME 44499.804092
1552404761347990 CHEETAH_SIGNAL SENT_AFTER_TIME 44499.881990
1552404761346851 DISPLAY_INSTRUCTIONS OFF
1552404761392709 CHEETAH_SIGNAL SENT_AFTER_TIME 44499.926788
1552404761425021 CHEETAH_SIGNAL SENT_AFTER_TIME 44499.959114
1552404761469428 CHEETAH_SIGNAL SENT_AFTER_TIME 44500.003449
1552404761468302 DISPLAY_FIXATION
1552404764669614 CHEETAH_SIGNAL SENT_AFTER_TIME 44503.203757
1552404764714816 AUDIO_PLAYBACK_ONSET 8.wav
1552404765894522 AUDIO_PLAYBACK_DONE 8.wav
1552404765890019 CHEETAH_SIGNAL SENT_AFTER_TIME 44504.424220
1552404761267078 KEY_PRESS space
1552404761435144 KEY_PRESS space
1552404765925457 CHEETAH_SIGNAL SENT_AFTER_TIME 44504.459722
1552404766894400 AUDIO_PLAYBACK_ONSET 64.wav
1552404767878779 AUDIO_PLAYBACK_DONE 64.wav
1552404767875019 CHEETAH_SIGNAL SENT_AFTER_TIME 44506.409294
1552404767909425 CHEETAH_SIGNAL SENT_AFTER_TIME 44506.443779
1552404768878690 AUDIO_PLAYBACK_ONSET 134.wav
1552404769667744 AUDIO_PLAYBACK_DONE 134.wav
1552404769663174 CHEETAH_SIGNAL SENT_AFTER_TIME 44508.197498
1552404769697455 CHEETAH_SIGNAL SENT_AFTER_TIME 44508.231890
1552404770667663 AUDIO_PLAYBACK_ONSET 44.wav
1552404771855168 AUDIO_PLAYBACK_DONE 44.wav
1552404771853455 CHEETAH_SIGNAL SENT_AFTER_TIME 44510.387878
1552404771888673 CHEETAH_SIGNAL SENT_AFTER_TIME 44510.423185
1552404772855091 AUDIO_PLAYBACK_ONSET 46.wav
1552404773917610 AUDIO_PLAYBACK_DONE 46.wav
1552404773916954 CHEETAH_SIGNAL SENT_AFTER_TIME 44512.451478
1552404773234877 KEY_PRESS F12
1552404773354923 KEY_PRESS F12
1552404773952235 CHEETAH_SIGNAL SENT_AFTER_TIME 44512.486840
1552404774917517 AUDIO_PLAYBACK_ONSET 99.wav
1552404776011261 AUDIO_PLAYBACK_DONE 99.wav
1552404776009515 CHEETAH_SIGNAL SENT_AFTER_TIME 44514.544125
1552404776044765 CHEETAH_SIGNAL SENT_AFTER_TIME 44514.579430
1552404777011201 AUDIO_PLAYBACK_ONSET 125.wav
1552404778136195 AUDIO_PLAYBACK_DONE 125.wav
1552404778136296 CHEETAH_SIGNAL SENT_AFTER_TIME 44516.670998
1552404778170671 CHEETAH_SIGNAL SENT_AFTER_TIME 44516.705451
1552404779136080 AUDIO_PLAYBACK_ONSET 139.wav
1552404780315765 AUDIO_PLAYBACK_DONE 139.wav
1552404780311607 CHEETAH_SIGNAL SENT_AFTER_TIME 44518.846400
1552404780346514 CHEETAH_SIGNAL SENT_AFTER_TIME 44518.881381
1552404781315678 AUDIO_PLAYBACK_ONSET 146.wav
1552404782690673 AUDIO_PLAYBACK_DONE 146.wav
1552404782687263 CHEETAH_SIGNAL SENT_AFTER_TIME 44521.222161
1552404782722138 CHEETAH_SIGNAL SENT_AFTER_TIME 44521.257100
1552404783690578 AUDIO_PLAYBACK_ONSET 59.wav
1552404784995253 AUDIO_PLAYBACK_DONE 59.wav
1552404784991231 CHEETAH_SIGNAL SENT_AFTER_TIME 44523.526194
1552404785026043 CHEETAH_SIGNAL SENT_AFTER_TIME 44523.561084
1552404785995174 AUDIO_PLAYBACK_ONSET 121.wav
1552404787432660 AUDIO_PLAYBACK_DONE 121.wav
1552404787427698 CHEETAH_SIGNAL SENT_AFTER_TIME 44525.962759
1552404787462761 CHEETAH_SIGNAL SENT_AFTER_TIME 44525.997898
1552404788432564 AUDIO_PLAYBACK_ONSET 1.wav
1552404789307556 AUDIO_PLAYBACK_DONE 1.wav
1552404789299104 CHEETAH_SIGNAL SENT_AFTER_TIME 44527.834198
1552404789333885 CHEETAH_SIGNAL SENT_AFTER_TIME 44527.869128
1552404790307450 AUDIO_PLAYBACK_ONSET 144.wav
1552404791619946 AUDIO_PLAYBACK_DONE 144.wav
1552404791616978 CHEETAH_SIGNAL SENT_AFTER_TIME 44530.152220
1552404791651947 CHEETAH_SIGNAL SENT_AFTER_TIME 44530.187273
1552404792619863 AUDIO_PLAYBACK_ONSET 60.wav
1552404794401136 AUDIO_PLAYBACK_DONE 60.wav
1552404794403102 CHEETAH_SIGNAL SENT_AFTER_TIME 44532.938474
1552404794438039 CHEETAH_SIGNAL SENT_AFTER_TIME 44532.973480
1552404795401021 AUDIO_PLAYBACK_ONSET 27.wav
1552404797088508 AUDIO_PLAYBACK_DONE 27.wav
1552404797081069 CHEETAH_SIGNAL SENT_AFTER_TIME 44535.616538
1552404797116069 CHEETAH_SIGNAL SENT_AFTER_TIME 44535.651554
1552404798088464 AUDIO_PLAYBACK_ONSET 93.wav
1552404799604089 AUDIO_PLAYBACK_DONE 93.wav
1552404799604443 CHEETAH_SIGNAL SENT_AFTER_TIME 44538.140025
1552404799639631 CHEETAH_SIGNAL SENT_AFTER_TIME 44538.175283
1552404800603922 AUDIO_PLAYBACK_ONSET 122.wav
1552404801791411 AUDIO_PLAYBACK_DONE 122.wav
1552404801789724 CHEETAH_SIGNAL SENT_AFTER_TIME 44540.325378
1552404801824568 CHEETAH_SIGNAL SENT_AFTER_TIME 44540.360316
1552404802791315 AUDIO_PLAYBACK_ONSET 138.wav
1552404803994425 AUDIO_PLAYBACK_DONE 138.wav
1552404803998660 CHEETAH_SIGNAL SENT_AFTER_TIME 44542.534410
1552404804033567 CHEETAH_SIGNAL SENT_AFTER_TIME 44542.569409
1552404804994331 AUDIO_PLAYBACK_ONSET 56.wav
1552404806775583 AUDIO_PLAYBACK_DONE 56.wav
1552404806778878 CHEETAH_SIGNAL SENT_AFTER_TIME 44545.314737
1552404806813691 CHEETAH_SIGNAL SENT_AFTER_TIME 44545.349620
1552404807775496 AUDIO_PLAYBACK_ONSET 128.wav
1552404809088015 AUDIO_PLAYBACK_DONE 128.wav
1552404809083846 CHEETAH_SIGNAL SENT_AFTER_TIME 44547.619820
1552404809118846 CHEETAH_SIGNAL SENT_AFTER_TIME 44547.654878
1552404810087912 AUDIO_PLAYBACK_ONSET 92.wav
1552404811337892 AUDIO_PLAYBACK_DONE 92.wav
1552404811336220 CHEETAH_SIGNAL SENT_AFTER_TIME 44549.872264
1552404811371439 CHEETAH_SIGNAL SENT_AFTER_TIME 44549.907572
1552404812337791 AUDIO_PLAYBACK_ONSET 71.wav
1552404813337772 AUDIO_PLAYBACK_DONE 71.wav
1552404813338344 CHEETAH_SIGNAL SENT_AFTER_TIME 44551.874473
1552404813372625 CHEETAH_SIGNAL SENT_AFTER_TIME 44551.908845
1552404814337685 AUDIO_PLAYBACK_ONSET 6.wav
1552404815564240 AUDIO_PLAYBACK_DONE 6.wav
1552404815564437 CHEETAH_SIGNAL SENT_AFTER_TIME 44554.100652
1552404815599281 CHEETAH_SIGNAL SENT_AFTER_TIME 44554.135574
1552404816564167 AUDIO_PLAYBACK_ONSET 104.wav
1552404818189162 AUDIO_PLAYBACK_DONE 104.wav
1552404818192780 CHEETAH_SIGNAL SENT_AFTER_TIME 44556.729127
1552404818227623 CHEETAH_SIGNAL SENT_AFTER_TIME 44556.764037
1552404819189041 AUDIO_PLAYBACK_ONSET 131.wav
1552404820064032 AUDIO_PLAYBACK_DONE 131.wav
1552404820056466 CHEETAH_SIGNAL SENT_AFTER_TIME 44558.592845
1552404820090873 CHEETAH_SIGNAL SENT_AFTER_TIME 44558.627352
1552404821063967 AUDIO_PLAYBACK_ONSET 12.wav
1552404822470208 AUDIO_PLAYBACK_DONE 12.wav
1552404822465590 CHEETAH_SIGNAL SENT_AFTER_TIME 44561.002090
1552404822501059 CHEETAH_SIGNAL SENT_AFTER_TIME 44561.037641
1552404823470105 AUDIO_PLAYBACK_ONSET 35.wav
1552404825032625 AUDIO_PLAYBACK_DONE 35.wav
1552404825026246 CHEETAH_SIGNAL SENT_AFTER_TIME 44563.562840
1552404825061089 CHEETAH_SIGNAL SENT_AFTER_TIME 44563.597770
1552404826032526 AUDIO_PLAYBACK_ONSET 41.wav
1552404827259106 AUDIO_PLAYBACK_DONE 41.wav
1552404827259464 CHEETAH_SIGNAL SENT_AFTER_TIME 44565.796177
1552404827294276 CHEETAH_SIGNAL SENT_AFTER_TIME 44565.831062
1552404828259001 AUDIO_PLAYBACK_ONSET 148.wav
1552404829524627 AUDIO_PLAYBACK_DONE 148.wav
1552404829518088 CHEETAH_SIGNAL SENT_AFTER_TIME 44568.054864
1552404829552838 CHEETAH_SIGNAL SENT_AFTER_TIME 44568.089719
1552404830524532 AUDIO_PLAYBACK_ONSET 14.wav
1552404831868274 AUDIO_PLAYBACK_DONE 14.wav
1552404831864274 CHEETAH_SIGNAL SENT_AFTER_TIME 44570.401143
1552404830224553 KEY_PRESS l
1552404830344578 KEY_PRESS l
1552404831899368 CHEETAH_SIGNAL SENT_AFTER_TIME 44570.436327
1552404832868196 AUDIO_PLAYBACK_ONSET 25.wav
1552404834368177 AUDIO_PLAYBACK_DONE 25.wav
1552404834363617 CHEETAH_SIGNAL SENT_AFTER_TIME 44572.900606
1552404834398429 CHEETAH_SIGNAL SENT_AFTER_TIME 44572.935510
1552404835368055 AUDIO_PLAYBACK_ONSET 40.wav
1552404836805542 AUDIO_PLAYBACK_DONE 40.wav
1552404836800960 CHEETAH_SIGNAL SENT_AFTER_TIME 44575.338050
1552404836835866 CHEETAH_SIGNAL SENT_AFTER_TIME 44575.373039
1552404837805450 AUDIO_PLAYBACK_ONSET 136.wav
1552404839422620 AUDIO_PLAYBACK_DONE 136.wav
1552404839422896 CHEETAH_SIGNAL SENT_AFTER_TIME 44577.960107
1552404839457677 CHEETAH_SIGNAL SENT_AFTER_TIME 44577.994956
1552404840422514 AUDIO_PLAYBACK_ONSET 73.wav
1552404841813129 AUDIO_PLAYBACK_DONE 73.wav
1552404841814583 CHEETAH_SIGNAL SENT_AFTER_TIME 44580.351861
1552404841849145 CHEETAH_SIGNAL SENT_AFTER_TIME 44580.386505
1552404842813048 AUDIO_PLAYBACK_ONSET 76.wav
1552404844125567 AUDIO_PLAYBACK_DONE 76.wav
1552404844122582 CHEETAH_SIGNAL SENT_AFTER_TIME 44582.659968
1552404844157582 CHEETAH_SIGNAL SENT_AFTER_TIME 44582.695045
1552404845125464 AUDIO_PLAYBACK_ONSET 86.wav
1552404846437960 AUDIO_PLAYBACK_DONE 86.wav
1552404846435362 CHEETAH_SIGNAL SENT_AFTER_TIME 44584.972829
1552404846470300 CHEETAH_SIGNAL SENT_AFTER_TIME 44585.007858
1552404847437865 AUDIO_PLAYBACK_ONSET 57.wav
1552404848672223 AUDIO_PLAYBACK_DONE 57.wav
1552404848665205 CHEETAH_SIGNAL SENT_AFTER_TIME 44587.202765
1552404846599864 KEY_PRESS l
1552404846743888 KEY_PRESS l
1552404848623852 KEY_PRESS l
1552404848700642 CHEETAH_SIGNAL SENT_AFTER_TIME 44587.238306
1552404849672117 AUDIO_PLAYBACK_ONSET 23.wav
1552404851172118 AUDIO_PLAYBACK_DONE 23.wav
1552404851167048 CHEETAH_SIGNAL SENT_AFTER_TIME 44589.704747
1552404848743702 KEY_PRESS l
1552404851202110 CHEETAH_SIGNAL SENT_AFTER_TIME 44589.739886
1552404852172006 AUDIO_PLAYBACK_ONSET 39.wav
1552404854046999 AUDIO_PLAYBACK_DONE 39.wav
1552404854047109 CHEETAH_SIGNAL SENT_AFTER_TIME 44592.584888
1552404854082140 CHEETAH_SIGNAL SENT_AFTER_TIME 44592.619986
1552404855046929 AUDIO_PLAYBACK_ONSET 52.wav
1552404856296912 AUDIO_PLAYBACK_DONE 52.wav
1552404856295264 CHEETAH_SIGNAL SENT_AFTER_TIME 44594.833169
1552404856330264 CHEETAH_SIGNAL SENT_AFTER_TIME 44594.868230
1552404857296792 AUDIO_PLAYBACK_ONSET 42.wav
1552404858453028 AUDIO_PLAYBACK_DONE 42.wav
1552404858452264 CHEETAH_SIGNAL SENT_AFTER_TIME 44596.990247
1552404858487076 CHEETAH_SIGNAL SENT_AFTER_TIME 44597.025135
1552404859452935 AUDIO_PLAYBACK_ONSET 145.wav
1552404860843552 AUDIO_PLAYBACK_DONE 145.wav
1552404860834950 CHEETAH_SIGNAL SENT_AFTER_TIME 44599.373018
1552404860870200 CHEETAH_SIGNAL SENT_AFTER_TIME 44599.408364
1552404861843447 AUDIO_PLAYBACK_ONSET 109.wav
1552404863288779 AUDIO_PLAYBACK_DONE 109.wav
1552404863287887 CHEETAH_SIGNAL SENT_AFTER_TIME 44601.826058
1552404863322793 CHEETAH_SIGNAL SENT_AFTER_TIME 44601.861045
1552404864288691 AUDIO_PLAYBACK_ONSET 96.wav
1552404865640235 AUDIO_PLAYBACK_DONE 96.wav
1552404865639573 CHEETAH_SIGNAL SENT_AFTER_TIME 44604.177837
1552404865674604 CHEETAH_SIGNAL SENT_AFTER_TIME 44604.212921
1552404866640170 AUDIO_PLAYBACK_ONSET 129.wav
1552404867765184 AUDIO_PLAYBACK_DONE 129.wav
1552404867765354 CHEETAH_SIGNAL SENT_AFTER_TIME 44606.303720
1552404867800229 CHEETAH_SIGNAL SENT_AFTER_TIME 44606.338676
1552404868765054 AUDIO_PLAYBACK_ONSET 33.wav
1552404869905667 AUDIO_PLAYBACK_DONE 33.wav
1552404869899384 CHEETAH_SIGNAL SENT_AFTER_TIME 44608.437854
1552404869933696 CHEETAH_SIGNAL SENT_AFTER_TIME 44608.472222
1552404870905588 AUDIO_PLAYBACK_ONSET 38.wav
1552404872186860 AUDIO_PLAYBACK_DONE 38.wav
1552404872183914 CHEETAH_SIGNAL SENT_AFTER_TIME 44610.722470
1552404872219383 CHEETAH_SIGNAL SENT_AFTER_TIME 44610.757975
1552404873186794 AUDIO_PLAYBACK_ONSET 87.wav
1552404874296161 AUDIO_PLAYBACK_DONE 87.wav
1552404874290257 CHEETAH_SIGNAL SENT_AFTER_TIME 44612.828876
1552404874325070 CHEETAH_SIGNAL SENT_AFTER_TIME 44612.863786
1552404875296037 AUDIO_PLAYBACK_ONSET 108.wav
1552404876780397 AUDIO_PLAYBACK_DONE 108.wav
1552404876780569 CHEETAH_SIGNAL SENT_AFTER_TIME 44615.319298
1552404876815381 CHEETAH_SIGNAL SENT_AFTER_TIME 44615.354189
1552404877780305 AUDIO_PLAYBACK_ONSET 80.wav
1552404878999057 AUDIO_PLAYBACK_DONE 80.wav
1552404878997037 CHEETAH_SIGNAL SENT_AFTER_TIME 44617.535854
1552404879031849 CHEETAH_SIGNAL SENT_AFTER_TIME 44617.570725
1552404879998989 AUDIO_PLAYBACK_ONSET 48.wav
1552404881170852 AUDIO_PLAYBACK_DONE 48.wav
1552404881164067 CHEETAH_SIGNAL SENT_AFTER_TIME 44619.702998
1552404881198973 CHEETAH_SIGNAL SENT_AFTER_TIME 44619.737962
1552404882170739 AUDIO_PLAYBACK_ONSET 7.wav
1552404883264505 AUDIO_PLAYBACK_DONE 7.wav
1552404883264754 CHEETAH_SIGNAL SENT_AFTER_TIME 44621.803761
1552404883300035 CHEETAH_SIGNAL SENT_AFTER_TIME 44621.839116
1552404884264413 AUDIO_PLAYBACK_ONSET 28.wav
1552404885764392 AUDIO_PLAYBACK_DONE 28.wav
1552404885760034 CHEETAH_SIGNAL SENT_AFTER_TIME 44624.299133
1552404885794909 CHEETAH_SIGNAL SENT_AFTER_TIME 44624.334082
1552404886764300 AUDIO_PLAYBACK_ONSET 13.wav
1552404888608047 AUDIO_PLAYBACK_DONE 13.wav
1552404888609533 CHEETAH_SIGNAL SENT_AFTER_TIME 44627.148747
1552404888644408 CHEETAH_SIGNAL SENT_AFTER_TIME 44627.183694
1552404889607934 AUDIO_PLAYBACK_ONSET 94.wav
1552404890826667 AUDIO_PLAYBACK_DONE 94.wav
1552404890825032 CHEETAH_SIGNAL SENT_AFTER_TIME 44629.364347
1552404890860001 CHEETAH_SIGNAL SENT_AFTER_TIME 44629.399358
1552404891826596 AUDIO_PLAYBACK_ONSET 142.wav
1552404893271905 AUDIO_PLAYBACK_DONE 142.wav
1552404893270656 CHEETAH_SIGNAL SENT_AFTER_TIME 44631.810079
1552404891229992 KEY_PRESS l
1552404891382023 KEY_PRESS l
1552404893306031 CHEETAH_SIGNAL SENT_AFTER_TIME 44631.845527
1552404894271766 AUDIO_PLAYBACK_ONSET 135.wav
1552404895322561 AUDIO_PLAYBACK_DONE 135.wav
1552404895314468 CHEETAH_SIGNAL SENT_AFTER_TIME 44633.853966
1552404895349343 CHEETAH_SIGNAL SENT_AFTER_TIME 44633.888906
1552404896322494 AUDIO_PLAYBACK_ONSET 79.wav
1552404897634990 AUDIO_PLAYBACK_DONE 79.wav
1552404897632092 CHEETAH_SIGNAL SENT_AFTER_TIME 44636.171690
1552404897666998 CHEETAH_SIGNAL SENT_AFTER_TIME 44636.206653
1552404898634898 AUDIO_PLAYBACK_ONSET 78.wav
1552404900056763 AUDIO_PLAYBACK_DONE 78.wav
1552404900047809 CHEETAH_SIGNAL SENT_AFTER_TIME 44638.587481
1552404900083153 CHEETAH_SIGNAL SENT_AFTER_TIME 44638.622916
1552404901056655 AUDIO_PLAYBACK_ONSET 111.wav
1552404902337928 AUDIO_PLAYBACK_DONE 111.wav
1552404902334090 CHEETAH_SIGNAL SENT_AFTER_TIME 44640.873868
1552404902368558 CHEETAH_SIGNAL SENT_AFTER_TIME 44640.908404
1552404903337845 AUDIO_PLAYBACK_ONSET 91.wav
1552404904244083 AUDIO_PLAYBACK_DONE 91.wav
1552404904245839 CHEETAH_SIGNAL SENT_AFTER_TIME 44642.785689
1552404904280683 CHEETAH_SIGNAL SENT_AFTER_TIME 44642.820609
1552404905244003 AUDIO_PLAYBACK_ONSET 150.wav
1552404906494005 AUDIO_PLAYBACK_DONE 150.wav
1552404906491807 CHEETAH_SIGNAL SENT_AFTER_TIME 44645.031757
1552404906526682 CHEETAH_SIGNAL SENT_AFTER_TIME 44645.066716
1552404907493897 AUDIO_PLAYBACK_ONSET 2.wav
1552404908915757 AUDIO_PLAYBACK_DONE 2.wav
1552404908916056 CHEETAH_SIGNAL SENT_AFTER_TIME 44647.456106
1552404908950962 CHEETAH_SIGNAL SENT_AFTER_TIME 44647.491079
1552404909915674 AUDIO_PLAYBACK_ONSET 117.wav
1552404911290688 AUDIO_PLAYBACK_DONE 117.wav
1552404911286805 CHEETAH_SIGNAL SENT_AFTER_TIME 44649.826944
1552404911322024 CHEETAH_SIGNAL SENT_AFTER_TIME 44649.862254
1552404912290575 AUDIO_PLAYBACK_ONSET 120.wav
1552404913587448 AUDIO_PLAYBACK_DONE 120.wav
1552404913579616 CHEETAH_SIGNAL SENT_AFTER_TIME 44652.119829
1552404913614398 CHEETAH_SIGNAL SENT_AFTER_TIME 44652.154719
1552404914587357 AUDIO_PLAYBACK_ONSET 83.wav
1552404916274844 AUDIO_PLAYBACK_DONE 83.wav
1552404916267709 CHEETAH_SIGNAL SENT_AFTER_TIME 44654.808054
1552404916302553 CHEETAH_SIGNAL SENT_AFTER_TIME 44654.842987
1552404917274731 AUDIO_PLAYBACK_ONSET 147.wav
1552404918626277 AUDIO_PLAYBACK_DONE 147.wav
1552404918626239 CHEETAH_SIGNAL SENT_AFTER_TIME 44657.166675
1552404916988997 KEY_PRESS l
1552404917108975 KEY_PRESS l
1552404918661552 CHEETAH_SIGNAL SENT_AFTER_TIME 44657.202072
1552404919626191 AUDIO_PLAYBACK_ONSET 30.wav
1552404921126170 AUDIO_PLAYBACK_DONE 30.wav
1552404921121051 CHEETAH_SIGNAL SENT_AFTER_TIME 44659.661611
1552404921155832 CHEETAH_SIGNAL SENT_AFTER_TIME 44659.696466
1552404922126056 AUDIO_PLAYBACK_ONSET 112.wav
1552404923063542 AUDIO_PLAYBACK_DONE 112.wav
1552404923064831 CHEETAH_SIGNAL SENT_AFTER_TIME 44661.605482
1552404923099769 CHEETAH_SIGNAL SENT_AFTER_TIME 44661.640489
1552404924063456 AUDIO_PLAYBACK_ONSET 61.wav
1552404925563436 AUDIO_PLAYBACK_DONE 61.wav
1552404925558455 CHEETAH_SIGNAL SENT_AFTER_TIME 44664.099168
1552404925593330 CHEETAH_SIGNAL SENT_AFTER_TIME 44664.134148
1552404926563338 AUDIO_PLAYBACK_ONSET 116.wav
1552404927625834 AUDIO_PLAYBACK_DONE 116.wav
1552404927625830 CHEETAH_SIGNAL SENT_AFTER_TIME 44666.166653
1552404927661173 CHEETAH_SIGNAL SENT_AFTER_TIME 44666.202077
1552404928625748 AUDIO_PLAYBACK_ONSET 102.wav
1552404930219490 AUDIO_PLAYBACK_DONE 102.wav
1552404930212297 CHEETAH_SIGNAL SENT_AFTER_TIME 44668.753224
1552404930247328 CHEETAH_SIGNAL SENT_AFTER_TIME 44668.788326
1552404931219396 AUDIO_PLAYBACK_ONSET 15.wav
1552404932281893 AUDIO_PLAYBACK_DONE 15.wav
1552404932281734 CHEETAH_SIGNAL SENT_AFTER_TIME 44670.822761
1552404932316828 CHEETAH_SIGNAL SENT_AFTER_TIME 44670.857896
1552404933281823 AUDIO_PLAYBACK_ONSET 72.wav
1552404934766202 AUDIO_PLAYBACK_DONE 72.wav
1552404934767670 CHEETAH_SIGNAL SENT_AFTER_TIME 44673.308762
1552404934802452 CHEETAH_SIGNAL SENT_AFTER_TIME 44673.343649
1552404935766073 AUDIO_PLAYBACK_ONSET 110.wav
1552404937297322 AUDIO_PLAYBACK_DONE 110.wav
1552404937291419 CHEETAH_SIGNAL SENT_AFTER_TIME 44675.832627
1552404937326357 CHEETAH_SIGNAL SENT_AFTER_TIME 44675.867659
1552404938297217 AUDIO_PLAYBACK_ONSET 49.wav
1552404939562845 AUDIO_PLAYBACK_DONE 49.wav
1552404939564793 CHEETAH_SIGNAL SENT_AFTER_TIME 44678.106110
1552404937404057 KEY_PRESS l
1552404937508130 KEY_PRESS l
1552404939600418 CHEETAH_SIGNAL SENT_AFTER_TIME 44678.141789
1552404940562776 AUDIO_PLAYBACK_ONSET 32.wav
1552404941797129 AUDIO_PLAYBACK_DONE 32.wav
1552404941789574 CHEETAH_SIGNAL SENT_AFTER_TIME 44680.330959
1552404939660055 KEY_PRESS l
1552404939764028 KEY_PRESS l
1552404941824355 CHEETAH_SIGNAL SENT_AFTER_TIME 44680.365830
1552404942797025 AUDIO_PLAYBACK_ONSET 137.wav
1552404944218889 AUDIO_PLAYBACK_DONE 137.wav
1552404944220292 CHEETAH_SIGNAL SENT_AFTER_TIME 44682.761781
1552404944255167 CHEETAH_SIGNAL SENT_AFTER_TIME 44682.796753
1552404945218778 AUDIO_PLAYBACK_ONSET 65.wav
1552404946593769 AUDIO_PLAYBACK_DONE 65.wav
1552404946590166 CHEETAH_SIGNAL SENT_AFTER_TIME 44685.131768
1552404946625041 CHEETAH_SIGNAL SENT_AFTER_TIME 44685.166709
1552404947593687 AUDIO_PLAYBACK_ONSET 126.wav
1552404948984322 AUDIO_PLAYBACK_DONE 126.wav
1552404948985040 CHEETAH_SIGNAL SENT_AFTER_TIME 44687.526744
1552404949020352 CHEETAH_SIGNAL SENT_AFTER_TIME 44687.562111
1552404949984231 AUDIO_PLAYBACK_ONSET 4.wav
1552404951040856 AUDIO_PLAYBACK_DONE 4.wav
1552404951045539 CHEETAH_SIGNAL SENT_AFTER_TIME 44689.587318
1552404949467552 KEY_PRESS l
1552404949571667 KEY_PRESS l
1552404951080726 CHEETAH_SIGNAL SENT_AFTER_TIME 44689.622589
1552404952040752 AUDIO_PLAYBACK_ONSET 3.wav
1552404953532930 AUDIO_PLAYBACK_DONE 3.wav
1552404953535663 CHEETAH_SIGNAL SENT_AFTER_TIME 44692.077572
1552404953475551 KEY_PRESS l
1552404953531492 KEY_PRESS l
1552404953571225 CHEETAH_SIGNAL SENT_AFTER_TIME 44692.113196
1552404954532822 AUDIO_PLAYBACK_ONSET 24.wav
1552404956126566 AUDIO_PLAYBACK_DONE 24.wav
1552404956129631 CHEETAH_SIGNAL SENT_AFTER_TIME 44694.671626
1552404956164568 CHEETAH_SIGNAL SENT_AFTER_TIME 44694.706646
1552404957126459 AUDIO_PLAYBACK_ONSET 29.wav
1552404958626461 AUDIO_PLAYBACK_DONE 29.wav
1552404958621442 CHEETAH_SIGNAL SENT_AFTER_TIME 44697.163532
1552404956699352 KEY_PRESS l
1552404956819339 KEY_PRESS l
1552404958657286 CHEETAH_SIGNAL SENT_AFTER_TIME 44697.199457
1552404959626368 AUDIO_PLAYBACK_ONSET 114.wav
1552404960860724 AUDIO_PLAYBACK_DONE 114.wav
1552404960863316 CHEETAH_SIGNAL SENT_AFTER_TIME 44699.405487
1552404960898285 CHEETAH_SIGNAL SENT_AFTER_TIME 44699.440559
1552404961860621 AUDIO_PLAYBACK_ONSET 22.wav
1552404963016860 AUDIO_PLAYBACK_DONE 22.wav
1552404963015753 CHEETAH_SIGNAL SENT_AFTER_TIME 44701.558025
1552404963050784 CHEETAH_SIGNAL SENT_AFTER_TIME 44701.593138
1552404964016780 AUDIO_PLAYBACK_ONSET 17.wav
1552404965016759 AUDIO_PLAYBACK_DONE 17.wav
1552404965017221 CHEETAH_SIGNAL SENT_AFTER_TIME 44703.559581
1552404965051596 CHEETAH_SIGNAL SENT_AFTER_TIME 44703.594024
1552404966016685 AUDIO_PLAYBACK_ONSET 37.wav
1552404967110428 AUDIO_PLAYBACK_DONE 37.wav
1552404967109501 CHEETAH_SIGNAL SENT_AFTER_TIME 44705.651933
1552404967144532 CHEETAH_SIGNAL SENT_AFTER_TIME 44705.687043
1552404968110345 AUDIO_PLAYBACK_ONSET 19.wav
1552404969141614 AUDIO_PLAYBACK_DONE 19.wav
1552404969142625 CHEETAH_SIGNAL SENT_AFTER_TIME 44707.685150
1552404969177563 CHEETAH_SIGNAL SENT_AFTER_TIME 44707.720155
1552404970141533 AUDIO_PLAYBACK_ONSET 88.wav
1552404971360266 AUDIO_PLAYBACK_DONE 88.wav
1552404971358343 CHEETAH_SIGNAL SENT_AFTER_TIME 44709.900953
1552404971393374 CHEETAH_SIGNAL SENT_AFTER_TIME 44709.936054
1552404972360178 AUDIO_PLAYBACK_ONSET 143.wav
1552404973477368 AUDIO_PLAYBACK_DONE 143.wav
1552404973473749 CHEETAH_SIGNAL SENT_AFTER_TIME 44712.016443
1552404973508936 CHEETAH_SIGNAL SENT_AFTER_TIME 44712.051736
1552404974477248 AUDIO_PLAYBACK_ONSET 98.wav
1552404975824891 AUDIO_PLAYBACK_DONE 98.wav
1552404975818310 CHEETAH_SIGNAL SENT_AFTER_TIME 44714.361087
1552404975853154 CHEETAH_SIGNAL SENT_AFTER_TIME 44714.396038
1552404976824807 AUDIO_PLAYBACK_ONSET 124.wav
1552404977809166 AUDIO_PLAYBACK_DONE 124.wav
1552404977804153 CHEETAH_SIGNAL SENT_AFTER_TIME 44716.347023
1552404977839059 CHEETAH_SIGNAL SENT_AFTER_TIME 44716.382040
1552404978809069 AUDIO_PLAYBACK_ONSET 36.wav
1552404980059046 AUDIO_PLAYBACK_DONE 36.wav
1552404980057059 CHEETAH_SIGNAL SENT_AFTER_TIME 44718.600045
1552404980091933 CHEETAH_SIGNAL SENT_AFTER_TIME 44718.634999
1552404981058961 AUDIO_PLAYBACK_ONSET 53.wav
1552404982558942 AUDIO_PLAYBACK_DONE 53.wav
1552404982553714 CHEETAH_SIGNAL SENT_AFTER_TIME 44721.096805
1552404982587714 CHEETAH_SIGNAL SENT_AFTER_TIME 44721.130879
1552404983558843 AUDIO_PLAYBACK_ONSET 18.wav
1552404985058845 AUDIO_PLAYBACK_DONE 18.wav
1552404985063088 CHEETAH_SIGNAL SENT_AFTER_TIME 44723.606264
1552404985098369 CHEETAH_SIGNAL SENT_AFTER_TIME 44723.641620
1552404986058759 AUDIO_PLAYBACK_ONSET 34.wav
1552404987433749 AUDIO_PLAYBACK_DONE 34.wav
1552404987429243 CHEETAH_SIGNAL SENT_AFTER_TIME 44725.972545
1552404987464087 CHEETAH_SIGNAL SENT_AFTER_TIME 44726.007443
1552404988433644 AUDIO_PLAYBACK_ONSET 84.wav
1552404989683646 AUDIO_PLAYBACK_DONE 84.wav
1552404989681305 CHEETAH_SIGNAL SENT_AFTER_TIME 44728.224665
1552404989716117 CHEETAH_SIGNAL SENT_AFTER_TIME 44728.259546
1552404990683573 AUDIO_PLAYBACK_ONSET 127.wav
1552404991863258 AUDIO_PLAYBACK_DONE 127.wav
1552404991859554 CHEETAH_SIGNAL SENT_AFTER_TIME 44730.403015
1552404991894491 CHEETAH_SIGNAL SENT_AFTER_TIME 44730.438014
1552404992863164 AUDIO_PLAYBACK_ONSET 152.wav
1552404993925663 AUDIO_PLAYBACK_DONE 152.wav
1552404993925772 CHEETAH_SIGNAL SENT_AFTER_TIME 44732.469300
1552404993960584 CHEETAH_SIGNAL SENT_AFTER_TIME 44732.504209
1552404994925561 AUDIO_PLAYBACK_ONSET 20.wav
1552404996144291 AUDIO_PLAYBACK_DONE 20.wav
1552404996142771 CHEETAH_SIGNAL SENT_AFTER_TIME 44734.686391
1552404996178021 CHEETAH_SIGNAL SENT_AFTER_TIME 44734.721722
1552404997144215 AUDIO_PLAYBACK_ONSET 82.wav
1552404998425465 AUDIO_PLAYBACK_DONE 82.wav
1552404998422645 CHEETAH_SIGNAL SENT_AFTER_TIME 44736.966365
1552404998457489 CHEETAH_SIGNAL SENT_AFTER_TIME 44737.001302
1552404999425353 AUDIO_PLAYBACK_ONSET 119.wav
1552405000581613 AUDIO_PLAYBACK_DONE 119.wav
1552405000581613 CHEETAH_SIGNAL SENT_AFTER_TIME 44739.125391
1552405000616550 CHEETAH_SIGNAL SENT_AFTER_TIME 44739.160449
1552405001581527 AUDIO_PLAYBACK_ONSET 70.wav
1552405003112777 AUDIO_PLAYBACK_DONE 70.wav
1552405003107330 CHEETAH_SIGNAL SENT_AFTER_TIME 44741.651260
1552405003142237 CHEETAH_SIGNAL SENT_AFTER_TIME 44741.686225
1552405004112688 AUDIO_PLAYBACK_ONSET 58.wav
1552405005339246 AUDIO_PLAYBACK_DONE 58.wav
1552405005339861 CHEETAH_SIGNAL SENT_AFTER_TIME 44743.883871
1552405005374392 CHEETAH_SIGNAL SENT_AFTER_TIME 44743.918476
1552405006339150 AUDIO_PLAYBACK_ONSET 11.wav
1552405007292257 AUDIO_PLAYBACK_DONE 11.wav
1552405007287235 CHEETAH_SIGNAL SENT_AFTER_TIME 44745.831319
1552405007322548 CHEETAH_SIGNAL SENT_AFTER_TIME 44745.866735
1552405008292154 AUDIO_PLAYBACK_ONSET 105.wav
1552405009506988 AUDIO_PLAYBACK_DONE 105.wav
1552405009499578 CHEETAH_SIGNAL SENT_AFTER_TIME 44748.043765
1552405009534140 CHEETAH_SIGNAL SENT_AFTER_TIME 44748.078393
1552405010506922 AUDIO_PLAYBACK_ONSET 10.wav
1552405011631912 AUDIO_PLAYBACK_DONE 10.wav
1552405011631046 CHEETAH_SIGNAL SENT_AFTER_TIME 44750.175322
1552405011665890 CHEETAH_SIGNAL SENT_AFTER_TIME 44750.210253
1552405012631802 AUDIO_PLAYBACK_ONSET 118.wav
1552405014131783 AUDIO_PLAYBACK_DONE 118.wav
1552405014126795 CHEETAH_SIGNAL SENT_AFTER_TIME 44752.671164
1552405014161670 CHEETAH_SIGNAL SENT_AFTER_TIME 44752.706127
1552405015131689 AUDIO_PLAYBACK_ONSET 100.wav
1552405016006703 AUDIO_PLAYBACK_DONE 100.wav
1552405016008732 CHEETAH_SIGNAL SENT_AFTER_TIME 44754.553188
1552405016043638 CHEETAH_SIGNAL SENT_AFTER_TIME 44754.588163
1552405017006635 AUDIO_PLAYBACK_ONSET 97.wav
1552405018658973 AUDIO_PLAYBACK_DONE 97.wav
1552405018656449 CHEETAH_SIGNAL SENT_AFTER_TIME 44757.201016
1552405018691699 CHEETAH_SIGNAL SENT_AFTER_TIME 44757.236341
1552405019658856 AUDIO_PLAYBACK_ONSET 123.wav
1552405020955751 AUDIO_PLAYBACK_DONE 123.wav
1552405020948261 CHEETAH_SIGNAL SENT_AFTER_TIME 44759.492913
1552405020982980 CHEETAH_SIGNAL SENT_AFTER_TIME 44759.527726
1552405021955647 AUDIO_PLAYBACK_ONSET 31.wav
1552405023205624 AUDIO_PLAYBACK_DONE 31.wav
1552405023204635 CHEETAH_SIGNAL SENT_AFTER_TIME 44761.749378
1552405023239104 CHEETAH_SIGNAL SENT_AFTER_TIME 44761.783890
1552405024205584 AUDIO_PLAYBACK_ONSET 89.wav
1552405025135270 AUDIO_PLAYBACK_DONE 89.wav
1552405025133915 CHEETAH_SIGNAL SENT_AFTER_TIME 44763.678729
1552405025168853 CHEETAH_SIGNAL SENT_AFTER_TIME 44763.713720
1552405026135189 AUDIO_PLAYBACK_ONSET 16.wav
1552405027603942 AUDIO_PLAYBACK_DONE 16.wav
1552405027599914 CHEETAH_SIGNAL SENT_AFTER_TIME 44766.144860
1552405027634852 CHEETAH_SIGNAL SENT_AFTER_TIME 44766.179881
1552405028603780 AUDIO_PLAYBACK_ONSET 130.wav
1552405029916279 AUDIO_PLAYBACK_DONE 130.wav
1552405029914101 CHEETAH_SIGNAL SENT_AFTER_TIME 44768.459132
1552405029949382 CHEETAH_SIGNAL SENT_AFTER_TIME 44768.494458
1552405030916232 AUDIO_PLAYBACK_ONSET 5.wav
1552405032379115 AUDIO_PLAYBACK_DONE 5.wav
1552405032380256 CHEETAH_SIGNAL SENT_AFTER_TIME 44770.925382
1552405032415131 CHEETAH_SIGNAL SENT_AFTER_TIME 44770.960330
1552405033378992 AUDIO_PLAYBACK_ONSET 95.wav
1552405034652416 AUDIO_PLAYBACK_DONE 95.wav
1552405034647724 CHEETAH_SIGNAL SENT_AFTER_TIME 44773.192941
1552405034682537 CHEETAH_SIGNAL SENT_AFTER_TIME 44773.227838
1552405035652314 AUDIO_PLAYBACK_ONSET 74.wav
1552405036839799 AUDIO_PLAYBACK_DONE 74.wav
1552405036838754 CHEETAH_SIGNAL SENT_AFTER_TIME 44775.384077
1552405036839956 KEY_PRESS l
1552405036873817 CHEETAH_SIGNAL SENT_AFTER_TIME 44775.419199
1552405037839718 AUDIO_PLAYBACK_ONSET 107.wav
1552405039003802 AUDIO_PLAYBACK_DONE 107.wav
1552405038995097 CHEETAH_SIGNAL SENT_AFTER_TIME 44777.540486
1552405036967894 KEY_PRESS l
1552405039030129 CHEETAH_SIGNAL SENT_AFTER_TIME 44777.575617
1552405040003696 AUDIO_PLAYBACK_ONSET 103.wav
1552405041394310 AUDIO_PLAYBACK_DONE 103.wav
1552405041396659 CHEETAH_SIGNAL SENT_AFTER_TIME 44779.942157
1552405041431065 CHEETAH_SIGNAL SENT_AFTER_TIME 44779.976633
1552405042394230 AUDIO_PLAYBACK_ONSET 68.wav
1552405043370806 AUDIO_PLAYBACK_DONE 68.wav
1552405043374283 CHEETAH_SIGNAL SENT_AFTER_TIME 44781.919827
1552405043409158 CHEETAH_SIGNAL SENT_AFTER_TIME 44781.954816
1552405044370716 AUDIO_PLAYBACK_ONSET 62.wav
1552405045839447 AUDIO_PLAYBACK_DONE 62.wav
1552405045834188 CHEETAH_SIGNAL SENT_AFTER_TIME 44784.379847
1552405045869470 CHEETAH_SIGNAL SENT_AFTER_TIME 44784.415208
1552405046839367 AUDIO_PLAYBACK_ONSET 90.wav
1552405048230004 AUDIO_PLAYBACK_DONE 90.wav
1552405048231187 CHEETAH_SIGNAL SENT_AFTER_TIME 44786.776967
1552405048265750 CHEETAH_SIGNAL SENT_AFTER_TIME 44786.811596
1552405049229896 AUDIO_PLAYBACK_ONSET 21.wav
1552405050198627 AUDIO_PLAYBACK_DONE 21.wav
1552405050188437 CHEETAH_SIGNAL SENT_AFTER_TIME 44788.734302
1552405050223343 CHEETAH_SIGNAL SENT_AFTER_TIME 44788.769275
1552405051198541 AUDIO_PLAYBACK_ONSET 66.wav
1552405052409474 AUDIO_PLAYBACK_DONE 66.wav
1552405052405592 CHEETAH_SIGNAL SENT_AFTER_TIME 44790.951559
1552405052440529 CHEETAH_SIGNAL SENT_AFTER_TIME 44790.986531
1552405053409404 AUDIO_PLAYBACK_ONSET 50.wav
1552405054510968 AUDIO_PLAYBACK_DONE 50.wav
1552405054502779 CHEETAH_SIGNAL SENT_AFTER_TIME 44793.048792
1552405054537654 CHEETAH_SIGNAL SENT_AFTER_TIME 44793.083775
1552405055510849 AUDIO_PLAYBACK_ONSET 81.wav
1552405056698334 AUDIO_PLAYBACK_DONE 81.wav
1552405056696653 CHEETAH_SIGNAL SENT_AFTER_TIME 44795.242782
1552405056731903 CHEETAH_SIGNAL SENT_AFTER_TIME 44795.278090
1552405057698268 AUDIO_PLAYBACK_ONSET 69.wav
1552405058995164 AUDIO_PLAYBACK_DONE 69.wav
1552405058997308 CHEETAH_SIGNAL SENT_AFTER_TIME 44797.543538
1552405059032277 CHEETAH_SIGNAL SENT_AFTER_TIME 44797.578555
1552405059995073 AUDIO_PLAYBACK_ONSET 132.wav
1552405061608338 AUDIO_PLAYBACK_DONE 132.wav
1552405061603151 CHEETAH_SIGNAL SENT_AFTER_TIME 44800.149461
1552405061638119 CHEETAH_SIGNAL SENT_AFTER_TIME 44800.184508
1552405062608227 AUDIO_PLAYBACK_ONSET 77.wav
1552405063655121 AUDIO_PLAYBACK_DONE 77.wav
1552405063650525 CHEETAH_SIGNAL SENT_AFTER_TIME 44802.196915
1552405063684650 CHEETAH_SIGNAL SENT_AFTER_TIME 44802.231141
1552405064655019 AUDIO_PLAYBACK_ONSET 51.wav
1552405065998782 AUDIO_PLAYBACK_DONE 51.wav
1552405065995774 CHEETAH_SIGNAL SENT_AFTER_TIME 44804.542264
1552405066030618 CHEETAH_SIGNAL SENT_AFTER_TIME 44804.577192
1552405066998699 AUDIO_PLAYBACK_ONSET 26.wav
1552405068358068 AUDIO_PLAYBACK_DONE 26.wav
1552405068359148 CHEETAH_SIGNAL SENT_AFTER_TIME 44806.905746
1552405068394429 CHEETAH_SIGNAL SENT_AFTER_TIME 44806.941093
1552405069357978 AUDIO_PLAYBACK_ONSET 67.wav
1552405070279837 AUDIO_PLAYBACK_DONE 67.wav
1552405070275616 CHEETAH_SIGNAL SENT_AFTER_TIME 44808.822287
1552405070310491 CHEETAH_SIGNAL SENT_AFTER_TIME 44808.857265
1552405071279727 AUDIO_PLAYBACK_ONSET 101.wav
1552405072514083 AUDIO_PLAYBACK_DONE 101.wav
1552405072516365 CHEETAH_SIGNAL SENT_AFTER_TIME 44811.063148
1552405072551240 CHEETAH_SIGNAL SENT_AFTER_TIME 44811.098091
1552405073514006 AUDIO_PLAYBACK_ONSET 133.wav
1552405074842149 AUDIO_PLAYBACK_DONE 133.wav
1552405074844239 CHEETAH_SIGNAL SENT_AFTER_TIME 44813.391103
1552405074879333 CHEETAH_SIGNAL SENT_AFTER_TIME 44813.426276
1552405075842057 AUDIO_PLAYBACK_ONSET 106.wav
1552405077060789 AUDIO_PLAYBACK_DONE 106.wav
1552405077057988 CHEETAH_SIGNAL SENT_AFTER_TIME 44815.604941
1552405077092988 CHEETAH_SIGNAL SENT_AFTER_TIME 44815.640033
1552405078060687 AUDIO_PLAYBACK_ONSET 75.wav
1552405079060668 AUDIO_PLAYBACK_DONE 75.wav
1552405079061581 CHEETAH_SIGNAL SENT_AFTER_TIME 44817.608631
1552405079096831 CHEETAH_SIGNAL SENT_AFTER_TIME 44817.643968
1552405080060576 AUDIO_PLAYBACK_ONSET 140.wav
1552405081341822 AUDIO_PLAYBACK_DONE 140.wav
1552405081338737 CHEETAH_SIGNAL SENT_AFTER_TIME 44819.885890
1552405081373705 CHEETAH_SIGNAL SENT_AFTER_TIME 44819.920900
1552405082341764 AUDIO_PLAYBACK_ONSET 54.wav
1552405083591744 AUDIO_PLAYBACK_DONE 54.wav
1552405083589048 CHEETAH_SIGNAL SENT_AFTER_TIME 44822.136271
1552405083623923 CHEETAH_SIGNAL SENT_AFTER_TIME 44822.171237
1552405084591625 AUDIO_PLAYBACK_ONSET 85.wav
1552405085935388 AUDIO_PLAYBACK_DONE 85.wav
1552405085932266 CHEETAH_SIGNAL SENT_AFTER_TIME 44824.479593
1552405085967391 CHEETAH_SIGNAL SENT_AFTER_TIME 44824.514789
1552405086935304 AUDIO_PLAYBACK_ONSET 115.wav
1552405088732178 AUDIO_PLAYBACK_DONE 115.wav
1552405088728109 CHEETAH_SIGNAL SENT_AFTER_TIME 44827.275524
1552405086846047 KEY_PRESS l
1552405086941987 KEY_PRESS l
1552405088762952 CHEETAH_SIGNAL SENT_AFTER_TIME 44827.310460
1552405089732068 AUDIO_PLAYBACK_ONSET 9.wav
1552405090982071 AUDIO_PLAYBACK_DONE 9.wav
1552405090979389 CHEETAH_SIGNAL SENT_AFTER_TIME 44829.526921
1552405091013920 CHEETAH_SIGNAL SENT_AFTER_TIME 44829.561534
1552405091981965 AUDIO_PLAYBACK_ONSET 43.wav
1552405093231943 AUDIO_PLAYBACK_DONE 43.wav
1552405093228638 CHEETAH_SIGNAL SENT_AFTER_TIME 44831.776272
1552405091565819 KEY_PRESS l
1552405091685731 KEY_PRESS l
1552405093263888 CHEETAH_SIGNAL SENT_AFTER_TIME 44831.811573
1552405094231872 AUDIO_PLAYBACK_ONSET 151.wav
1552405095263123 AUDIO_PLAYBACK_DONE 151.wav
1552405095253169 CHEETAH_SIGNAL SENT_AFTER_TIME 44833.800881
1552405095287981 CHEETAH_SIGNAL SENT_AFTER_TIME 44833.835765
1552405096263024 AUDIO_PLAYBACK_ONSET 45.wav
1552405097356766 AUDIO_PLAYBACK_DONE 45.wav
1552405097355449 CHEETAH_SIGNAL SENT_AFTER_TIME 44835.903222
1552405097390324 CHEETAH_SIGNAL SENT_AFTER_TIME 44835.938203
1552405098356671 AUDIO_PLAYBACK_ONSET 47.wav
1552405099591027 AUDIO_PLAYBACK_DONE 47.wav
1552405099584729 CHEETAH_SIGNAL SENT_AFTER_TIME 44838.132603
1552405099619917 CHEETAH_SIGNAL SENT_AFTER_TIME 44838.167893
1552405100590930 AUDIO_PLAYBACK_ONSET 141.wav
1552405101661227 AUDIO_PLAYBACK_DONE 141.wav
1552405101653197 CHEETAH_SIGNAL SENT_AFTER_TIME 44840.201161
1552405101688072 CHEETAH_SIGNAL SENT_AFTER_TIME 44840.236115
1552405102661160 AUDIO_PLAYBACK_ONSET 55.wav
1552405103848644 AUDIO_PLAYBACK_DONE 55.wav
1552405103846478 CHEETAH_SIGNAL SENT_AFTER_TIME 44842.394525
1552405103881290 CHEETAH_SIGNAL SENT_AFTER_TIME 44842.429430
1552405104848547 AUDIO_PLAYBACK_ONSET 149.wav
1552405106004804 AUDIO_PLAYBACK_DONE 149.wav
1552405106003508 CHEETAH_SIGNAL SENT_AFTER_TIME 44844.551655
1552405106038383 CHEETAH_SIGNAL SENT_AFTER_TIME 44844.586608
1552405107004719 AUDIO_PLAYBACK_ONSET 113.wav
1552405108223451 AUDIO_PLAYBACK_DONE 113.wav
1552405108221726 CHEETAH_SIGNAL SENT_AFTER_TIME 44846.769973
1552405108256195 CHEETAH_SIGNAL SENT_AFTER_TIME 44846.804510
1552405109223361 AUDIO_PLAYBACK_ONSET 63.wav
1552405110387444 AUDIO_PLAYBACK_DONE 63.wav
1552405110388225 CHEETAH_SIGNAL SENT_AFTER_TIME 44848.936568
