1552403884858436 CHEETAH_SIGNAL SENT_AFTER_TIME 43623.356535
1552403887305466 CHEETAH_SIGNAL SENT_AFTER_TIME 43625.803619
1552403887376372 CHEETAH_SIGNAL SENT_AFTER_TIME 43625.874394
1552403887375052 DISPLAY_INSTRUCTIONS Stimuli/instructions_audio_sentences.png
1552403889658386 KEY_PRESS space
1552403889658903 CHEETAH_SIGNAL SENT_AFTER_TIME 43628.157150
1552403889741996 CHEETAH_SIGNAL SENT_AFTER_TIME 43628.240124
1552403889740854 DISPLAY_INSTRUCTIONS OFF
1552403889786777 CHEETAH_SIGNAL SENT_AFTER_TIME 43628.285015
1552403889818996 CHEETAH_SIGNAL SENT_AFTER_TIME 43628.317225
1552403889863121 CHEETAH_SIGNAL SENT_AFTER_TIME 43628.361278
1552403889862001 DISPLAY_FIXATION
1552403893063339 CHEETAH_SIGNAL SENT_AFTER_TIME 43631.561592
1552403893113033 AUDIO_PLAYBACK_ONSET 1.wav
1552403893988044 AUDIO_PLAYBACK_DONE 1.wav
1552403893979557 CHEETAH_SIGNAL SENT_AFTER_TIME 43632.477916
1552403889654911 KEY_PRESS space
1552403889727009 KEY_PRESS space
1552403893559056 KEY_PRESS F12
1552403893638941 KEY_PRESS F12
1552403893743017 KEY_PRESS F12
1552403893815060 KEY_PRESS F12
1552403893919042 KEY_PRESS F12
1552403893975047 KEY_PRESS F12
1552403894016588 CHEETAH_SIGNAL SENT_AFTER_TIME 43632.514985
1552403894987900 AUDIO_PLAYBACK_ONSET 2.wav
1552403896409763 AUDIO_PLAYBACK_DONE 2.wav
1552403896408900 CHEETAH_SIGNAL SENT_AFTER_TIME 43634.907336
1552403894087003 KEY_PRESS F12
1552403894150968 KEY_PRESS F12
1552403894246968 KEY_PRESS F12
1552403894302966 KEY_PRESS F12
1552403894414949 KEY_PRESS F12
1552403894479013 KEY_PRESS F12
1552403896445212 CHEETAH_SIGNAL SENT_AFTER_TIME 43634.943708
1552403897409664 AUDIO_PLAYBACK_ONSET 3.wav
1552403898901845 AUDIO_PLAYBACK_DONE 3.wav
1552403898893180 CHEETAH_SIGNAL SENT_AFTER_TIME 43637.391689
1552403898928055 CHEETAH_SIGNAL SENT_AFTER_TIME 43637.426653
1552403899901743 AUDIO_PLAYBACK_ONSET 4.wav
1552403900958364 AUDIO_PLAYBACK_DONE 4.wav
1552403900953773 CHEETAH_SIGNAL SENT_AFTER_TIME 43639.452377
1552403899430785 KEY_PRESS l
1552403899542841 KEY_PRESS l
1552403900988648 CHEETAH_SIGNAL SENT_AFTER_TIME 43639.487349
1552403901958261 AUDIO_PLAYBACK_ONSET 5.wav
1552403903421145 AUDIO_PLAYBACK_DONE 5.wav
1552403903421522 CHEETAH_SIGNAL SENT_AFTER_TIME 43641.920215
1552403903456303 CHEETAH_SIGNAL SENT_AFTER_TIME 43641.955107
1552403904421042 AUDIO_PLAYBACK_ONSET 6.wav
1552403905647599 AUDIO_PLAYBACK_DONE 6.wav
1552403905648302 CHEETAH_SIGNAL SENT_AFTER_TIME 43644.147080
1552403905682771 CHEETAH_SIGNAL SENT_AFTER_TIME 43644.181647
1552403906647527 AUDIO_PLAYBACK_ONSET 7.wav
1552403907741272 AUDIO_PLAYBACK_DONE 7.wav
1552403907739864 CHEETAH_SIGNAL SENT_AFTER_TIME 43646.238767
1552403907774739 CHEETAH_SIGNAL SENT_AFTER_TIME 43646.273702
1552403908741185 AUDIO_PLAYBACK_ONSET 8.wav
1552403909920874 AUDIO_PLAYBACK_DONE 8.wav
1552403909915957 CHEETAH_SIGNAL SENT_AFTER_TIME 43648.414916
1552403909951176 CHEETAH_SIGNAL SENT_AFTER_TIME 43648.450231
1552403910920782 AUDIO_PLAYBACK_ONSET 9.wav
1552403912170760 AUDIO_PLAYBACK_DONE 9.wav
1552403912167612 CHEETAH_SIGNAL SENT_AFTER_TIME 43650.666679
1552403912202300 CHEETAH_SIGNAL SENT_AFTER_TIME 43650.701443
1552403913170672 AUDIO_PLAYBACK_ONSET 10.wav
1552403914295665 AUDIO_PLAYBACK_DONE 10.wav
1552403914294455 CHEETAH_SIGNAL SENT_AFTER_TIME 43652.793608
1552403914329361 CHEETAH_SIGNAL SENT_AFTER_TIME 43652.828612
1552403915295557 AUDIO_PLAYBACK_ONSET 11.wav
1552403916248666 AUDIO_PLAYBACK_DONE 11.wav
1552403916244517 CHEETAH_SIGNAL SENT_AFTER_TIME 43654.743755
1552403915126174 KEY_PRESS l
1552403915222209 KEY_PRESS l
1552403916279736 CHEETAH_SIGNAL SENT_AFTER_TIME 43654.779068
1552403917248585 AUDIO_PLAYBACK_ONSET 12.wav
1552403918654825 AUDIO_PLAYBACK_DONE 12.wav
1552403918653797 CHEETAH_SIGNAL SENT_AFTER_TIME 43657.153182
1552403917030059 KEY_PRESS F11
1552403917181896 KEY_PRESS F11
1552403918688953 CHEETAH_SIGNAL SENT_AFTER_TIME 43657.188399
1552403919654711 AUDIO_PLAYBACK_ONSET 13.wav
1552403921498457 AUDIO_PLAYBACK_DONE 13.wav
1552403921500577 CHEETAH_SIGNAL SENT_AFTER_TIME 43660.000040
1552403919973777 KEY_PRESS F11
1552403920085775 KEY_PRESS F11
1552403920245942 KEY_PRESS F11
1552403920333860 KEY_PRESS F11
1552403920549940 KEY_PRESS F11
1552403920677985 KEY_PRESS F11
1552403921537077 CHEETAH_SIGNAL SENT_AFTER_TIME 43660.036557
1552403922498423 AUDIO_PLAYBACK_ONSET 14.wav
1552403923842167 AUDIO_PLAYBACK_DONE 14.wav
1552403923836795 CHEETAH_SIGNAL SENT_AFTER_TIME 43662.336338
1552403921565906 KEY_PRESS l
1552403921637870 KEY_PRESS l
1552403922917902 KEY_PRESS F12
1552403923101859 KEY_PRESS F12
1552403923872483 CHEETAH_SIGNAL SENT_AFTER_TIME 43662.372119
1552403924842011 AUDIO_PLAYBACK_ONSET 15.wav
1552403925904530 AUDIO_PLAYBACK_DONE 15.wav
1552403925903326 CHEETAH_SIGNAL SENT_AFTER_TIME 43664.402945
1552403925938138 CHEETAH_SIGNAL SENT_AFTER_TIME 43664.437853
1552403926904451 AUDIO_PLAYBACK_ONSET 16.wav
1552403928373186 AUDIO_PLAYBACK_DONE 16.wav
1552403928367012 CHEETAH_SIGNAL SENT_AFTER_TIME 43666.866758
1552403928401543 CHEETAH_SIGNAL SENT_AFTER_TIME 43666.901345
1552403929373099 AUDIO_PLAYBACK_ONSET 17.wav
1552403930373081 AUDIO_PLAYBACK_DONE 17.wav
1552403930372980 CHEETAH_SIGNAL SENT_AFTER_TIME 43668.872792
1552403930408230 CHEETAH_SIGNAL SENT_AFTER_TIME 43668.908139
1552403931372974 AUDIO_PLAYBACK_ONSET 18.wav
1552403932872952 AUDIO_PLAYBACK_DONE 18.wav
1552403932866354 CHEETAH_SIGNAL SENT_AFTER_TIME 43671.366250
1552403932901260 CHEETAH_SIGNAL SENT_AFTER_TIME 43671.401211
1552403933872910 AUDIO_PLAYBACK_ONSET 19.wav
1552403934904161 AUDIO_PLAYBACK_DONE 19.wav
1552403934904228 CHEETAH_SIGNAL SENT_AFTER_TIME 43673.404232
1552403934939072 CHEETAH_SIGNAL SENT_AFTER_TIME 43673.439164
1552403935904020 AUDIO_PLAYBACK_ONSET 20.wav
1552403937122775 AUDIO_PLAYBACK_DONE 20.wav
1552403937121477 CHEETAH_SIGNAL SENT_AFTER_TIME 43675.621585
1552403937156602 CHEETAH_SIGNAL SENT_AFTER_TIME 43675.656779
1552403938122690 AUDIO_PLAYBACK_ONSET 21.wav
1552403939091421 AUDIO_PLAYBACK_DONE 21.wav
1552403939091351 CHEETAH_SIGNAL SENT_AFTER_TIME 43677.591527
1552403939126320 CHEETAH_SIGNAL SENT_AFTER_TIME 43677.626573
1552403940091345 AUDIO_PLAYBACK_ONSET 22.wav
1552403941247607 AUDIO_PLAYBACK_DONE 22.wav
1552403941245507 CHEETAH_SIGNAL SENT_AFTER_TIME 43679.745777
1552403941280757 CHEETAH_SIGNAL SENT_AFTER_TIME 43679.781109
1552403942247508 AUDIO_PLAYBACK_ONSET 23.wav
1552403943747488 AUDIO_PLAYBACK_DONE 23.wav
1552403943741318 CHEETAH_SIGNAL SENT_AFTER_TIME 43682.241691
1552403943776162 CHEETAH_SIGNAL SENT_AFTER_TIME 43682.276600
1552403944747402 AUDIO_PLAYBACK_ONSET 24.wav
1552403946341150 AUDIO_PLAYBACK_DONE 24.wav
1552403946343755 CHEETAH_SIGNAL SENT_AFTER_TIME 43684.844217
1552403945996853 KEY_PRESS l
1552403946060948 KEY_PRESS l
1552403946379474 CHEETAH_SIGNAL SENT_AFTER_TIME 43684.880019
1552403947341043 AUDIO_PLAYBACK_ONSET 25.wav
1552403948841025 AUDIO_PLAYBACK_DONE 25.wav
1552403948834441 CHEETAH_SIGNAL SENT_AFTER_TIME 43687.335004
1552403947084847 KEY_PRESS F12
1552403947220842 KEY_PRESS F12
1552403948869816 CHEETAH_SIGNAL SENT_AFTER_TIME 43687.370477
1552403949840909 AUDIO_PLAYBACK_ONSET 26.wav
1552403951200276 AUDIO_PLAYBACK_DONE 26.wav
1552403951200347 CHEETAH_SIGNAL SENT_AFTER_TIME 43689.701027
1552403951235628 CHEETAH_SIGNAL SENT_AFTER_TIME 43689.736387
1552403952200178 AUDIO_PLAYBACK_ONSET 27.wav
1552403953887667 AUDIO_PLAYBACK_DONE 27.wav
1552403953889314 CHEETAH_SIGNAL SENT_AFTER_TIME 43692.390097
1552403953924189 CHEETAH_SIGNAL SENT_AFTER_TIME 43692.425069
1552403954887546 AUDIO_PLAYBACK_ONSET 28.wav
1552403956387549 AUDIO_PLAYBACK_DONE 28.wav
1552403956390876 CHEETAH_SIGNAL SENT_AFTER_TIME 43694.891760
1552403956425657 CHEETAH_SIGNAL SENT_AFTER_TIME 43694.926621
1552403957387465 AUDIO_PLAYBACK_ONSET 29.wav
1552403958887444 AUDIO_PLAYBACK_DONE 29.wav
1552403958881718 CHEETAH_SIGNAL SENT_AFTER_TIME 43697.382721
1552403958916718 CHEETAH_SIGNAL SENT_AFTER_TIME 43697.417781
1552403959887345 AUDIO_PLAYBACK_ONSET 30.wav
1552403961387329 AUDIO_PLAYBACK_DONE 30.wav
1552403961380905 CHEETAH_SIGNAL SENT_AFTER_TIME 43699.881988
1552403961415749 CHEETAH_SIGNAL SENT_AFTER_TIME 43699.916902
1552403962387239 AUDIO_PLAYBACK_ONSET 31.wav
1552403963637217 AUDIO_PLAYBACK_DONE 31.wav
1552403963633279 CHEETAH_SIGNAL SENT_AFTER_TIME 43702.134453
1552403963668435 CHEETAH_SIGNAL SENT_AFTER_TIME 43702.169694
1552403964637111 AUDIO_PLAYBACK_ONSET 32.wav
1552403965871468 AUDIO_PLAYBACK_DONE 32.wav
1552403965862591 CHEETAH_SIGNAL SENT_AFTER_TIME 43704.363847
1552403965897591 CHEETAH_SIGNAL SENT_AFTER_TIME 43704.398925
1552403966871393 AUDIO_PLAYBACK_ONSET 33.wav
1552403968012009 AUDIO_PLAYBACK_DONE 33.wav
1552403968013902 CHEETAH_SIGNAL SENT_AFTER_TIME 43706.515270
1552403968048996 CHEETAH_SIGNAL SENT_AFTER_TIME 43706.550409
1552403969011930 AUDIO_PLAYBACK_ONSET 34.wav
1552403970386923 AUDIO_PLAYBACK_DONE 34.wav
1552403970382776 CHEETAH_SIGNAL SENT_AFTER_TIME 43708.884233
1552403970417214 CHEETAH_SIGNAL SENT_AFTER_TIME 43708.918749
1552403971386801 AUDIO_PLAYBACK_ONSET 35.wav
1552403972949301 AUDIO_PLAYBACK_DONE 35.wav
1552403972952213 CHEETAH_SIGNAL SENT_AFTER_TIME 43711.453787
1552403972987057 CHEETAH_SIGNAL SENT_AFTER_TIME 43711.488697
1552403973949196 AUDIO_PLAYBACK_ONSET 36.wav
1552403975199175 AUDIO_PLAYBACK_DONE 36.wav
1552403975195462 CHEETAH_SIGNAL SENT_AFTER_TIME 43713.697124
1552403975230774 CHEETAH_SIGNAL SENT_AFTER_TIME 43713.732521
1552403976199068 AUDIO_PLAYBACK_ONSET 37.wav
1552403977292812 AUDIO_PLAYBACK_DONE 37.wav
1552403977290711 CHEETAH_SIGNAL SENT_AFTER_TIME 43715.792440
1552403977325492 CHEETAH_SIGNAL SENT_AFTER_TIME 43715.827301
1552403978292750 AUDIO_PLAYBACK_ONSET 38.wav
1552403979574020 AUDIO_PLAYBACK_DONE 38.wav
1552403979570491 CHEETAH_SIGNAL SENT_AFTER_TIME 43718.072319
1552403979605304 CHEETAH_SIGNAL SENT_AFTER_TIME 43718.107234
1552403980573899 AUDIO_PLAYBACK_ONSET 39.wav
1552403982448893 AUDIO_PLAYBACK_DONE 39.wav
1552403982448334 CHEETAH_SIGNAL SENT_AFTER_TIME 43720.950301
1552403982482647 CHEETAH_SIGNAL SENT_AFTER_TIME 43720.984695
1552403983448775 AUDIO_PLAYBACK_ONSET 40.wav
1552403984886264 AUDIO_PLAYBACK_DONE 40.wav
1552403984880958 CHEETAH_SIGNAL SENT_AFTER_TIME 43723.383026
1552403984915739 CHEETAH_SIGNAL SENT_AFTER_TIME 43723.417895
1552403985886156 AUDIO_PLAYBACK_ONSET 41.wav
1552403987112710 AUDIO_PLAYBACK_DONE 41.wav
1552403987110832 CHEETAH_SIGNAL SENT_AFTER_TIME 43725.612982
1552403987145988 CHEETAH_SIGNAL SENT_AFTER_TIME 43725.648213
1552403988112641 AUDIO_PLAYBACK_ONSET 42.wav
1552403989268881 AUDIO_PLAYBACK_DONE 42.wav
1552403989266644 CHEETAH_SIGNAL SENT_AFTER_TIME 43727.768844
1552403989301456 CHEETAH_SIGNAL SENT_AFTER_TIME 43727.803756
1552403990268806 AUDIO_PLAYBACK_ONSET 43.wav
1552403991518808 AUDIO_PLAYBACK_DONE 43.wav
1552403991515080 CHEETAH_SIGNAL SENT_AFTER_TIME 43730.017400
1552403991549518 CHEETAH_SIGNAL SENT_AFTER_TIME 43730.051917
1552403992518709 AUDIO_PLAYBACK_ONSET 44.wav
1552403993706194 AUDIO_PLAYBACK_DONE 44.wav
1552403993703517 CHEETAH_SIGNAL SENT_AFTER_TIME 43732.205939
1552403993738361 CHEETAH_SIGNAL SENT_AFTER_TIME 43732.240853
1552403994706101 AUDIO_PLAYBACK_ONSET 45.wav
1552403995799848 AUDIO_PLAYBACK_DONE 45.wav
1552403995798454 CHEETAH_SIGNAL SENT_AFTER_TIME 43734.300962
1552403993906838 KEY_PRESS l
1552403994050937 KEY_PRESS l
1552403995833360 CHEETAH_SIGNAL SENT_AFTER_TIME 43734.335939
1552403996799761 AUDIO_PLAYBACK_ONSET 46.wav
1552403997862279 AUDIO_PLAYBACK_DONE 46.wav
1552403997861172 CHEETAH_SIGNAL SENT_AFTER_TIME 43736.363763
1552403997895609 CHEETAH_SIGNAL SENT_AFTER_TIME 43736.398291
1552403998862176 AUDIO_PLAYBACK_ONSET 47.wav
1552404000096530 AUDIO_PLAYBACK_DONE 47.wav
1552404000098577 CHEETAH_SIGNAL SENT_AFTER_TIME 43738.601272
1552404000133452 CHEETAH_SIGNAL SENT_AFTER_TIME 43738.636217
1552404001096447 AUDIO_PLAYBACK_ONSET 48.wav
1552404002268310 AUDIO_PLAYBACK_DONE 48.wav
1552404002261764 CHEETAH_SIGNAL SENT_AFTER_TIME 43740.764528
1552404002297076 CHEETAH_SIGNAL SENT_AFTER_TIME 43740.799933
1552404003268218 AUDIO_PLAYBACK_ONSET 49.wav
1552404004533845 AUDIO_PLAYBACK_DONE 49.wav
1552404004534638 CHEETAH_SIGNAL SENT_AFTER_TIME 43743.037488
1552404004569513 CHEETAH_SIGNAL SENT_AFTER_TIME 43743.072454
1552404005533761 AUDIO_PLAYBACK_ONSET 50.wav
1552404006635304 AUDIO_PLAYBACK_DONE 50.wav
1552404006635606 CHEETAH_SIGNAL SENT_AFTER_TIME 43745.138554
1552404004634461 KEY_PRESS l
1552404004770462 KEY_PRESS l
1552404006671137 CHEETAH_SIGNAL SENT_AFTER_TIME 43745.174165
1552404007635217 AUDIO_PLAYBACK_ONSET 51.wav
1552404008978964 AUDIO_PLAYBACK_DONE 51.wav
1552404008974730 CHEETAH_SIGNAL SENT_AFTER_TIME 43747.477781
1552404009009667 CHEETAH_SIGNAL SENT_AFTER_TIME 43747.512785
1552404009978874 AUDIO_PLAYBACK_ONSET 52.wav
1552404011228853 AUDIO_PLAYBACK_DONE 52.wav
1552404011224947 CHEETAH_SIGNAL SENT_AFTER_TIME 43749.728088
1552404011259822 CHEETAH_SIGNAL SENT_AFTER_TIME 43749.763032
1552404012228761 AUDIO_PLAYBACK_ONSET 53.wav
1552404013728742 AUDIO_PLAYBACK_DONE 53.wav
1552404013722540 CHEETAH_SIGNAL SENT_AFTER_TIME 43752.225803
1552404013757196 CHEETAH_SIGNAL SENT_AFTER_TIME 43752.260507
1552404014728641 AUDIO_PLAYBACK_ONSET 54.wav
1552404015978622 AUDIO_PLAYBACK_DONE 54.wav
1552404015975852 CHEETAH_SIGNAL SENT_AFTER_TIME 43754.479215
1552404016010696 CHEETAH_SIGNAL SENT_AFTER_TIME 43754.514111
1552404016978518 AUDIO_PLAYBACK_ONSET 55.wav
1552404018166001 AUDIO_PLAYBACK_DONE 55.wav
1552404018164976 CHEETAH_SIGNAL SENT_AFTER_TIME 43756.668408
1552404018200226 CHEETAH_SIGNAL SENT_AFTER_TIME 43756.703739
1552404019165903 AUDIO_PLAYBACK_ONSET 56.wav
1552404020947156 AUDIO_PLAYBACK_DONE 56.wav
1552404020947225 CHEETAH_SIGNAL SENT_AFTER_TIME 43759.450759
1552404020982100 CHEETAH_SIGNAL SENT_AFTER_TIME 43759.485727
1552404021947042 AUDIO_PLAYBACK_ONSET 57.wav
1552404023181396 AUDIO_PLAYBACK_DONE 57.wav
1552404023183411 CHEETAH_SIGNAL SENT_AFTER_TIME 43761.687040
1552404023217911 CHEETAH_SIGNAL SENT_AFTER_TIME 43761.721633
1552404024181301 AUDIO_PLAYBACK_ONSET 58.wav
1552404025407858 AUDIO_PLAYBACK_DONE 58.wav
1552404025407879 CHEETAH_SIGNAL SENT_AFTER_TIME 43763.911597
1552404025442379 CHEETAH_SIGNAL SENT_AFTER_TIME 43763.946168
1552404026407791 AUDIO_PLAYBACK_ONSET 59.wav
1552404027712487 AUDIO_PLAYBACK_DONE 59.wav
1552404027715753 CHEETAH_SIGNAL SENT_AFTER_TIME 43766.219606
1552404027748816 CHEETAH_SIGNAL SENT_AFTER_TIME 43766.252763
1552404028712329 AUDIO_PLAYBACK_ONSET 60.wav
1552404030493577 AUDIO_PLAYBACK_DONE 60.wav
1552404030494127 CHEETAH_SIGNAL SENT_AFTER_TIME 43768.998054
1552404030529346 CHEETAH_SIGNAL SENT_AFTER_TIME 43769.033344
1552404031493526 AUDIO_PLAYBACK_ONSET 61.wav
1552404032993507 AUDIO_PLAYBACK_DONE 61.wav
1552404032996408 CHEETAH_SIGNAL SENT_AFTER_TIME 43771.500448
1552404033031220 CHEETAH_SIGNAL SENT_AFTER_TIME 43771.535340
1552404033993385 AUDIO_PLAYBACK_ONSET 62.wav
1552404035462139 AUDIO_PLAYBACK_DONE 62.wav
1552404035455657 CHEETAH_SIGNAL SENT_AFTER_TIME 43773.959783
1552404035490500 CHEETAH_SIGNAL SENT_AFTER_TIME 43773.994717
1552404036462042 AUDIO_PLAYBACK_ONSET 63.wav
1552404037626102 AUDIO_PLAYBACK_DONE 63.wav
1552404037616187 CHEETAH_SIGNAL SENT_AFTER_TIME 43776.120417
1552404037650999 CHEETAH_SIGNAL SENT_AFTER_TIME 43776.155293
1552404038626025 AUDIO_PLAYBACK_ONSET 64.wav
1552404039610403 AUDIO_PLAYBACK_DONE 64.wav
1552404039605905 CHEETAH_SIGNAL SENT_AFTER_TIME 43778.110210
1552404039640874 CHEETAH_SIGNAL SENT_AFTER_TIME 43778.145278
1552404040610293 AUDIO_PLAYBACK_ONSET 65.wav
1552404041985284 AUDIO_PLAYBACK_DONE 65.wav
1552404041979935 CHEETAH_SIGNAL SENT_AFTER_TIME 43780.484350
1552404042014716 CHEETAH_SIGNAL SENT_AFTER_TIME 43780.519209
1552404042985195 AUDIO_PLAYBACK_ONSET 66.wav
1552404044196128 AUDIO_PLAYBACK_DONE 66.wav
1552404044190528 CHEETAH_SIGNAL SENT_AFTER_TIME 43782.695023
1552404044225309 CHEETAH_SIGNAL SENT_AFTER_TIME 43782.729873
1552404045196057 AUDIO_PLAYBACK_ONSET 67.wav
1552404046117916 AUDIO_PLAYBACK_DONE 67.wav
1552404046112371 CHEETAH_SIGNAL SENT_AFTER_TIME 43784.616943
1552404046146652 CHEETAH_SIGNAL SENT_AFTER_TIME 43784.651300
1552404047117832 AUDIO_PLAYBACK_ONSET 68.wav
1552404048094389 AUDIO_PLAYBACK_DONE 68.wav
1552404048097120 CHEETAH_SIGNAL SENT_AFTER_TIME 43786.601780
1552404048131933 CHEETAH_SIGNAL SENT_AFTER_TIME 43786.636661
1552404049094309 AUDIO_PLAYBACK_ONSET 69.wav
1552404050391182 AUDIO_PLAYBACK_DONE 69.wav
1552404050382432 CHEETAH_SIGNAL SENT_AFTER_TIME 43788.887207
1552404050417276 CHEETAH_SIGNAL SENT_AFTER_TIME 43788.922101
1552404051391085 AUDIO_PLAYBACK_ONSET 70.wav
1552404052922333 AUDIO_PLAYBACK_DONE 70.wav
1552404052925274 CHEETAH_SIGNAL SENT_AFTER_TIME 43791.430161
1552404052960462 CHEETAH_SIGNAL SENT_AFTER_TIME 43791.465390
1552404053922230 AUDIO_PLAYBACK_ONSET 71.wav
1552404054922232 AUDIO_PLAYBACK_DONE 71.wav
1552404054921461 CHEETAH_SIGNAL SENT_AFTER_TIME 43793.426409
1552404054956430 CHEETAH_SIGNAL SENT_AFTER_TIME 43793.461448
1552404055922142 AUDIO_PLAYBACK_ONSET 72.wav
1552404057406496 AUDIO_PLAYBACK_DONE 72.wav
1552404057405429 CHEETAH_SIGNAL SENT_AFTER_TIME 43795.910468
1552404057440273 CHEETAH_SIGNAL SENT_AFTER_TIME 43795.945400
1552404058406387 AUDIO_PLAYBACK_ONSET 73.wav
1552404059797005 AUDIO_PLAYBACK_DONE 73.wav
1552404059797740 CHEETAH_SIGNAL SENT_AFTER_TIME 43798.302841
1552404059832397 CHEETAH_SIGNAL SENT_AFTER_TIME 43798.337619
1552404060796910 AUDIO_PLAYBACK_ONSET 74.wav
1552404061984396 AUDIO_PLAYBACK_DONE 74.wav
1552404061981833 CHEETAH_SIGNAL SENT_AFTER_TIME 43800.487060
1552404062016615 CHEETAH_SIGNAL SENT_AFTER_TIME 43800.521913
1552404062984320 AUDIO_PLAYBACK_ONSET 75.wav
1552404063984300 AUDIO_PLAYBACK_DONE 75.wav
1552404063983614 CHEETAH_SIGNAL SENT_AFTER_TIME 43802.488902
1552404062200132 KEY_PRESS l
1552404062272160 KEY_PRESS l
1552404064019333 CHEETAH_SIGNAL SENT_AFTER_TIME 43802.524731
1552404064984200 AUDIO_PLAYBACK_ONSET 76.wav
1552404066296720 AUDIO_PLAYBACK_DONE 76.wav
1552404066292363 CHEETAH_SIGNAL SENT_AFTER_TIME 43804.797762
1552404066327175 CHEETAH_SIGNAL SENT_AFTER_TIME 43804.832669
1552404067296624 AUDIO_PLAYBACK_ONSET 77.wav
1552404068343497 AUDIO_PLAYBACK_DONE 77.wav
1552404068336737 CHEETAH_SIGNAL SENT_AFTER_TIME 43806.842223
1552404068371800 CHEETAH_SIGNAL SENT_AFTER_TIME 43806.877369
1552404069343422 AUDIO_PLAYBACK_ONSET 78.wav
1552404070765286 AUDIO_PLAYBACK_DONE 78.wav
1552404070765580 CHEETAH_SIGNAL SENT_AFTER_TIME 43809.271171
1552404070800361 CHEETAH_SIGNAL SENT_AFTER_TIME 43809.306049
1552404071765167 AUDIO_PLAYBACK_ONSET 79.wav
1552404073077664 AUDIO_PLAYBACK_DONE 79.wav
1552404073073704 CHEETAH_SIGNAL SENT_AFTER_TIME 43811.579390
1552404073108610 CHEETAH_SIGNAL SENT_AFTER_TIME 43811.614358
1552404074077604 AUDIO_PLAYBACK_ONSET 80.wav
1552404075296337 AUDIO_PLAYBACK_DONE 80.wav
1552404075292984 CHEETAH_SIGNAL SENT_AFTER_TIME 43813.798768
1552404075327890 CHEETAH_SIGNAL SENT_AFTER_TIME 43813.833739
1552404076296236 AUDIO_PLAYBACK_ONSET 81.wav
1552404077483742 AUDIO_PLAYBACK_DONE 81.wav
1552404077480265 CHEETAH_SIGNAL SENT_AFTER_TIME 43815.986131
1552404077514608 CHEETAH_SIGNAL SENT_AFTER_TIME 43816.020569
1552404078483630 AUDIO_PLAYBACK_ONSET 82.wav
1552404079764881 AUDIO_PLAYBACK_DONE 82.wav
1552404079760482 CHEETAH_SIGNAL SENT_AFTER_TIME 43818.266427
1552404079795670 CHEETAH_SIGNAL SENT_AFTER_TIME 43818.301724
1552404080764788 AUDIO_PLAYBACK_ONSET 83.wav
1552404082452271 AUDIO_PLAYBACK_DONE 83.wav
1552404082453138 CHEETAH_SIGNAL SENT_AFTER_TIME 43820.959207
1552404082488075 CHEETAH_SIGNAL SENT_AFTER_TIME 43820.994205
1552404083452195 AUDIO_PLAYBACK_ONSET 84.wav
1552404084702175 AUDIO_PLAYBACK_DONE 84.wav
1552404084698387 CHEETAH_SIGNAL SENT_AFTER_TIME 43823.204518
1552404083127286 KEY_PRESS l
1552404083247317 KEY_PRESS l
1552404084733887 CHEETAH_SIGNAL SENT_AFTER_TIME 43823.240144
1552404085702048 AUDIO_PLAYBACK_ONSET 85.wav
1552404087045814 AUDIO_PLAYBACK_DONE 85.wav
1552404087041136 CHEETAH_SIGNAL SENT_AFTER_TIME 43825.547398
1552404087075980 CHEETAH_SIGNAL SENT_AFTER_TIME 43825.582339
1552404088045712 AUDIO_PLAYBACK_ONSET 86.wav
1552404089358207 AUDIO_PLAYBACK_DONE 86.wav
1552404089354291 CHEETAH_SIGNAL SENT_AFTER_TIME 43827.860653
1552404087863060 KEY_PRESS l
1552404087983082 KEY_PRESS l
1552404089389854 CHEETAH_SIGNAL SENT_AFTER_TIME 43827.896295
1552404090358125 AUDIO_PLAYBACK_ONSET 87.wav
1552404091467493 AUDIO_PLAYBACK_DONE 87.wav
1552404091471103 CHEETAH_SIGNAL SENT_AFTER_TIME 43829.977560
1552404089870983 KEY_PRESS l
1552404090006989 KEY_PRESS l
1552404091506447 CHEETAH_SIGNAL SENT_AFTER_TIME 43830.012961
1552404092467420 AUDIO_PLAYBACK_ONSET 88.wav
1552404093686152 AUDIO_PLAYBACK_DONE 88.wav
1552404093683508 CHEETAH_SIGNAL SENT_AFTER_TIME 43832.190025
1552404093718664 CHEETAH_SIGNAL SENT_AFTER_TIME 43832.225285
1552404094686045 AUDIO_PLAYBACK_ONSET 89.wav
1552404095615729 AUDIO_PLAYBACK_DONE 89.wav
1552404095613445 CHEETAH_SIGNAL SENT_AFTER_TIME 43834.120046
1552404095648351 CHEETAH_SIGNAL SENT_AFTER_TIME 43834.155023
1552404096615678 AUDIO_PLAYBACK_ONSET 90.wav
1552404098006290 AUDIO_PLAYBACK_DONE 90.wav
1552404098006350 CHEETAH_SIGNAL SENT_AFTER_TIME 43836.513064
1552404098041225 CHEETAH_SIGNAL SENT_AFTER_TIME 43836.548019
1552404099006168 AUDIO_PLAYBACK_ONSET 91.wav
1552404099912407 AUDIO_PLAYBACK_DONE 91.wav
1552404099914068 CHEETAH_SIGNAL SENT_AFTER_TIME 43838.420832
1552404099948849 CHEETAH_SIGNAL SENT_AFTER_TIME 43838.455735
1552404100912315 AUDIO_PLAYBACK_ONSET 92.wav
1552404102162317 AUDIO_PLAYBACK_DONE 92.wav
1552404102159692 CHEETAH_SIGNAL SENT_AFTER_TIME 43840.666539
1552404102194411 CHEETAH_SIGNAL SENT_AFTER_TIME 43840.701381
1552404103162233 AUDIO_PLAYBACK_ONSET 93.wav
1552404104677858 AUDIO_PLAYBACK_DONE 93.wav
1552404104676566 CHEETAH_SIGNAL SENT_AFTER_TIME 43843.183569
1552404104711285 CHEETAH_SIGNAL SENT_AFTER_TIME 43843.218349
1552404105677764 AUDIO_PLAYBACK_ONSET 94.wav
1552404106896498 AUDIO_PLAYBACK_DONE 94.wav
1552404106892847 CHEETAH_SIGNAL SENT_AFTER_TIME 43845.399932
1552404106927565 CHEETAH_SIGNAL SENT_AFTER_TIME 43845.434720
1552404107896407 AUDIO_PLAYBACK_ONSET 95.wav
1552404109169831 AUDIO_PLAYBACK_DONE 95.wav
1552404109163408 CHEETAH_SIGNAL SENT_AFTER_TIME 43847.670577
1552404109198283 CHEETAH_SIGNAL SENT_AFTER_TIME 43847.705544
1552404110169725 AUDIO_PLAYBACK_ONSET 96.wav
1552404111521269 AUDIO_PLAYBACK_DONE 96.wav
1552404111520063 CHEETAH_SIGNAL SENT_AFTER_TIME 43850.027349
1552404111555063 CHEETAH_SIGNAL SENT_AFTER_TIME 43850.062430
1552404112521163 AUDIO_PLAYBACK_ONSET 97.wav
1552404114173524 AUDIO_PLAYBACK_DONE 97.wav
1552404114168844 CHEETAH_SIGNAL SENT_AFTER_TIME 43852.676225
1552404114203719 CHEETAH_SIGNAL SENT_AFTER_TIME 43852.711181
1552404115173429 AUDIO_PLAYBACK_ONSET 98.wav
1552404116521093 AUDIO_PLAYBACK_DONE 98.wav
1552404116512843 CHEETAH_SIGNAL SENT_AFTER_TIME 43855.020322
1552404116548093 CHEETAH_SIGNAL SENT_AFTER_TIME 43855.055640
1552404117521008 AUDIO_PLAYBACK_ONSET 99.wav
1552404118614753 AUDIO_PLAYBACK_DONE 99.wav
1552404118612717 CHEETAH_SIGNAL SENT_AFTER_TIME 43857.120268
1552404118647592 CHEETAH_SIGNAL SENT_AFTER_TIME 43857.155229
1552404119614663 AUDIO_PLAYBACK_ONSET 100.wav
1552404120489651 AUDIO_PLAYBACK_DONE 100.wav
1552404120490279 CHEETAH_SIGNAL SENT_AFTER_TIME 43858.997933
1552404120525341 CHEETAH_SIGNAL SENT_AFTER_TIME 43859.033037
1552404121489592 AUDIO_PLAYBACK_ONSET 101.wav
1552404122723948 AUDIO_PLAYBACK_DONE 101.wav
1552404122725871 CHEETAH_SIGNAL SENT_AFTER_TIME 43861.233599
1552404122760934 CHEETAH_SIGNAL SENT_AFTER_TIME 43861.268737
1552404123723841 AUDIO_PLAYBACK_ONSET 102.wav
1552404125317588 AUDIO_PLAYBACK_DONE 102.wav
1552404125310214 CHEETAH_SIGNAL SENT_AFTER_TIME 43863.818053
1552404125345089 CHEETAH_SIGNAL SENT_AFTER_TIME 43863.852969
1552404126317511 AUDIO_PLAYBACK_ONSET 103.wav
1552404127708123 AUDIO_PLAYBACK_DONE 103.wav
1552404127707744 CHEETAH_SIGNAL SENT_AFTER_TIME 43866.215689
1552404127742994 CHEETAH_SIGNAL SENT_AFTER_TIME 43866.250975
1552404128708022 AUDIO_PLAYBACK_ONSET 104.wav
1552404130333015 AUDIO_PLAYBACK_DONE 104.wav
1552404130335743 CHEETAH_SIGNAL SENT_AFTER_TIME 43868.843790
1552404130370650 CHEETAH_SIGNAL SENT_AFTER_TIME 43868.878775
1552404131332871 AUDIO_PLAYBACK_ONSET 105.wav
1552404132547726 AUDIO_PLAYBACK_DONE 105.wav
1552404132548680 CHEETAH_SIGNAL SENT_AFTER_TIME 43871.056806
1552404132583524 CHEETAH_SIGNAL SENT_AFTER_TIME 43871.091747
1552404133547628 AUDIO_PLAYBACK_ONSET 106.wav
1552404134766359 AUDIO_PLAYBACK_DONE 106.wav
1552404134764710 CHEETAH_SIGNAL SENT_AFTER_TIME 43873.272912
1552404134799554 CHEETAH_SIGNAL SENT_AFTER_TIME 43873.307869
1552404135766267 AUDIO_PLAYBACK_ONSET 107.wav
1552404136930348 AUDIO_PLAYBACK_DONE 107.wav
1552404136929553 CHEETAH_SIGNAL SENT_AFTER_TIME 43875.437878
1552404136964428 CHEETAH_SIGNAL SENT_AFTER_TIME 43875.472810
1552404137930281 AUDIO_PLAYBACK_ONSET 108.wav
1552404139414637 AUDIO_PLAYBACK_DONE 108.wav
1552404139414271 CHEETAH_SIGNAL SENT_AFTER_TIME 43877.922695
1552404139449521 CHEETAH_SIGNAL SENT_AFTER_TIME 43877.958016
1552404140414524 AUDIO_PLAYBACK_ONSET 109.wav
1552404141859855 AUDIO_PLAYBACK_DONE 109.wav
1552404141856833 CHEETAH_SIGNAL SENT_AFTER_TIME 43880.365345
1552404141891645 CHEETAH_SIGNAL SENT_AFTER_TIME 43880.400244
1552404142859751 AUDIO_PLAYBACK_ONSET 110.wav
1552404144390998 AUDIO_PLAYBACK_DONE 110.wav
1552404144384800 CHEETAH_SIGNAL SENT_AFTER_TIME 43882.893433
1552404144419800 CHEETAH_SIGNAL SENT_AFTER_TIME 43882.928498
1552404145390899 AUDIO_PLAYBACK_ONSET 111.wav
1552404146672148 AUDIO_PLAYBACK_DONE 111.wav
1552404146668831 CHEETAH_SIGNAL SENT_AFTER_TIME 43885.177566
1552404146703706 CHEETAH_SIGNAL SENT_AFTER_TIME 43885.212501
1552404147672051 AUDIO_PLAYBACK_ONSET 112.wav
1552404148609538 AUDIO_PLAYBACK_DONE 112.wav
1552404148609955 CHEETAH_SIGNAL SENT_AFTER_TIME 43887.118752
1552404148644486 CHEETAH_SIGNAL SENT_AFTER_TIME 43887.153352
1552404149609467 AUDIO_PLAYBACK_ONSET 113.wav
1552404150828197 AUDIO_PLAYBACK_DONE 113.wav
1552404150824891 CHEETAH_SIGNAL SENT_AFTER_TIME 43889.333763
1552404150860141 CHEETAH_SIGNAL SENT_AFTER_TIME 43889.369118
1552404151828086 AUDIO_PLAYBACK_ONSET 114.wav
1552404153062444 AUDIO_PLAYBACK_DONE 114.wav
1552404153064516 CHEETAH_SIGNAL SENT_AFTER_TIME 43891.573490
1552404153099453 CHEETAH_SIGNAL SENT_AFTER_TIME 43891.608494
1552404154062380 AUDIO_PLAYBACK_ONSET 115.wav
1552404155859274 AUDIO_PLAYBACK_DONE 115.wav
1552404155855764 CHEETAH_SIGNAL SENT_AFTER_TIME 43894.364865
1552404155890702 CHEETAH_SIGNAL SENT_AFTER_TIME 43894.399840
1552404156859177 AUDIO_PLAYBACK_ONSET 116.wav
1552404157921675 AUDIO_PLAYBACK_DONE 116.wav
1552404157921514 CHEETAH_SIGNAL SENT_AFTER_TIME 43896.430701
1552404157956639 CHEETAH_SIGNAL SENT_AFTER_TIME 43896.465876
1552404158921576 AUDIO_PLAYBACK_ONSET 117.wav
1552404160296565 AUDIO_PLAYBACK_DONE 117.wav
1552404160291231 CHEETAH_SIGNAL SENT_AFTER_TIME 43898.800516
1552404160326106 CHEETAH_SIGNAL SENT_AFTER_TIME 43898.835470
1552404161296438 AUDIO_PLAYBACK_ONSET 118.wav
1552404162796417 AUDIO_PLAYBACK_DONE 118.wav
1552404162790543 CHEETAH_SIGNAL SENT_AFTER_TIME 43901.299908
1552404162825637 CHEETAH_SIGNAL SENT_AFTER_TIME 43901.335079
1552404163796339 AUDIO_PLAYBACK_ONSET 119.wav
1552404164952599 AUDIO_PLAYBACK_DONE 119.wav
1552404164950448 CHEETAH_SIGNAL SENT_AFTER_TIME 43903.459897
1552404164985448 CHEETAH_SIGNAL SENT_AFTER_TIME 43903.494951
1552404165952538 AUDIO_PLAYBACK_ONSET 120.wav
1552404167249410 AUDIO_PLAYBACK_DONE 120.wav
1552404167240229 CHEETAH_SIGNAL SENT_AFTER_TIME 43905.749801
1552404167275041 CHEETAH_SIGNAL SENT_AFTER_TIME 43905.784680
1552404168249274 AUDIO_PLAYBACK_ONSET 121.wav
1552404169686761 AUDIO_PLAYBACK_DONE 121.wav
1552404169682415 CHEETAH_SIGNAL SENT_AFTER_TIME 43908.192070
1552404169717259 CHEETAH_SIGNAL SENT_AFTER_TIME 43908.226994
1552404170686665 AUDIO_PLAYBACK_ONSET 122.wav
1552404171874171 AUDIO_PLAYBACK_DONE 122.wav
1552404171872352 CHEETAH_SIGNAL SENT_AFTER_TIME 43910.382109
1552404171907383 CHEETAH_SIGNAL SENT_AFTER_TIME 43910.417226
1552404172874063 AUDIO_PLAYBACK_ONSET 123.wav
1552404174170934 AUDIO_PLAYBACK_DONE 123.wav
1552404174172163 CHEETAH_SIGNAL SENT_AFTER_TIME 43912.682008
1552404174207538 CHEETAH_SIGNAL SENT_AFTER_TIME 43912.717461
1552404175170854 AUDIO_PLAYBACK_ONSET 124.wav
1552404176155230 AUDIO_PLAYBACK_DONE 124.wav
1552404176149288 CHEETAH_SIGNAL SENT_AFTER_TIME 43914.659225
1552404176183788 CHEETAH_SIGNAL SENT_AFTER_TIME 43914.693807
1552404177155134 AUDIO_PLAYBACK_ONSET 125.wav
1552404178280125 AUDIO_PLAYBACK_DONE 125.wav
1552404178278474 CHEETAH_SIGNAL SENT_AFTER_TIME 43916.788492
1552404178313412 CHEETAH_SIGNAL SENT_AFTER_TIME 43916.823508
1552404179280048 AUDIO_PLAYBACK_ONSET 126.wav
1552404180670685 AUDIO_PLAYBACK_DONE 126.wav
1552404180671129 CHEETAH_SIGNAL SENT_AFTER_TIME 43919.181255
1552404180619287 KEY_PRESS l
1552404180705911 CHEETAH_SIGNAL SENT_AFTER_TIME 43919.216103
1552404181670589 AUDIO_PLAYBACK_ONSET 127.wav
1552404182850272 AUDIO_PLAYBACK_DONE 127.wav
1552404182845722 CHEETAH_SIGNAL SENT_AFTER_TIME 43921.355911
1552404180763220 KEY_PRESS l
1552404182880347 CHEETAH_SIGNAL SENT_AFTER_TIME 43921.390626
1552404183850185 AUDIO_PLAYBACK_ONSET 128.wav
1552404185162683 AUDIO_PLAYBACK_DONE 128.wav
1552404185159065 CHEETAH_SIGNAL SENT_AFTER_TIME 43923.669381
1552404185189971 CHEETAH_SIGNAL SENT_AFTER_TIME 43923.704348
1552404186158585 AUDIO_PLAYBACK_ONSET 129.wav
1552404187283573 AUDIO_PLAYBACK_DONE 129.wav
1552404187285658 CHEETAH_SIGNAL SENT_AFTER_TIME 43925.796040
1552404187320471 CHEETAH_SIGNAL SENT_AFTER_TIME 43925.830938
1552404188287483 AUDIO_PLAYBACK_ONSET 130.wav
1552404189599978 AUDIO_PLAYBACK_DONE 130.wav
1552404189596470 CHEETAH_SIGNAL SENT_AFTER_TIME 43928.106951
1552404189631938 CHEETAH_SIGNAL SENT_AFTER_TIME 43928.142501
1552404190599882 AUDIO_PLAYBACK_ONSET 131.wav
1552404191474873 AUDIO_PLAYBACK_DONE 131.wav
1552404191476375 CHEETAH_SIGNAL SENT_AFTER_TIME 43929.986958
1552404191510813 CHEETAH_SIGNAL SENT_AFTER_TIME 43930.021470
1552404192474779 AUDIO_PLAYBACK_ONSET 132.wav
1552404194088044 AUDIO_PLAYBACK_DONE 132.wav
1552404194081905 CHEETAH_SIGNAL SENT_AFTER_TIME 43932.592581
1552404194116812 CHEETAH_SIGNAL SENT_AFTER_TIME 43932.627567
1552404195087946 AUDIO_PLAYBACK_ONSET 133.wav
1552404196416067 AUDIO_PLAYBACK_DONE 133.wav
1552404196417498 CHEETAH_SIGNAL SENT_AFTER_TIME 43934.928273
1552404196452436 CHEETAH_SIGNAL SENT_AFTER_TIME 43934.963283
1552404197415975 AUDIO_PLAYBACK_ONSET 134.wav
1552404198205024 AUDIO_PLAYBACK_DONE 134.wav
1552404198199779 CHEETAH_SIGNAL SENT_AFTER_TIME 43936.710616
1552404198234716 CHEETAH_SIGNAL SENT_AFTER_TIME 43936.745632
1552404199204955 AUDIO_PLAYBACK_ONSET 135.wav
1552404200255750 AUDIO_PLAYBACK_DONE 135.wav
1552404200255590 CHEETAH_SIGNAL SENT_AFTER_TIME 43938.766510
1552404200290715 CHEETAH_SIGNAL SENT_AFTER_TIME 43938.801745
1552404201255636 AUDIO_PLAYBACK_ONSET 136.wav
1552404202872802 AUDIO_PLAYBACK_DONE 136.wav
1552404202874246 CHEETAH_SIGNAL SENT_AFTER_TIME 43941.385276
1552404202909121 CHEETAH_SIGNAL SENT_AFTER_TIME 43941.420233
1552404203872720 AUDIO_PLAYBACK_ONSET 137.wav
1552404205294581 AUDIO_PLAYBACK_DONE 137.wav
1552404205294088 CHEETAH_SIGNAL SENT_AFTER_TIME 43943.805243
1552404205328963 CHEETAH_SIGNAL SENT_AFTER_TIME 43943.840195
1552404206294461 AUDIO_PLAYBACK_ONSET 138.wav
1552404207497572 AUDIO_PLAYBACK_DONE 138.wav
1552404207490650 CHEETAH_SIGNAL SENT_AFTER_TIME 43946.001837
1552404207525462 CHEETAH_SIGNAL SENT_AFTER_TIME 43946.036781
1552404208497485 AUDIO_PLAYBACK_ONSET 139.wav
1552404209677167 AUDIO_PLAYBACK_DONE 139.wav
1552404209672337 CHEETAH_SIGNAL SENT_AFTER_TIME 43948.183661
1552404209706837 CHEETAH_SIGNAL SENT_AFTER_TIME 43948.218221
1552404210677102 AUDIO_PLAYBACK_ONSET 140.wav
1552404211958351 AUDIO_PLAYBACK_DONE 140.wav
1552404211954773 CHEETAH_SIGNAL SENT_AFTER_TIME 43950.466183
1552404211990023 CHEETAH_SIGNAL SENT_AFTER_TIME 43950.501510
1552404212958248 AUDIO_PLAYBACK_ONSET 141.wav
1552404214028543 AUDIO_PLAYBACK_DONE 141.wav
1552404214019304 CHEETAH_SIGNAL SENT_AFTER_TIME 43952.530794
1552404214054304 CHEETAH_SIGNAL SENT_AFTER_TIME 43952.565865
1552404215028469 AUDIO_PLAYBACK_ONSET 142.wav
1552404216473799 AUDIO_PLAYBACK_DONE 142.wav
1552404216470271 CHEETAH_SIGNAL SENT_AFTER_TIME 43954.981849
1552404216505084 CHEETAH_SIGNAL SENT_AFTER_TIME 43955.016769
1552404217473675 AUDIO_PLAYBACK_ONSET 143.wav
1552404218590865 AUDIO_PLAYBACK_DONE 143.wav
1552404218587177 CHEETAH_SIGNAL SENT_AFTER_TIME 43957.098854
1552404218621770 CHEETAH_SIGNAL SENT_AFTER_TIME 43957.133535
1552404219590785 AUDIO_PLAYBACK_ONSET 144.wav
1552404220903280 AUDIO_PLAYBACK_DONE 144.wav
1552404220899270 CHEETAH_SIGNAL SENT_AFTER_TIME 43959.411059
1552404220934270 CHEETAH_SIGNAL SENT_AFTER_TIME 43959.446112
1552404221903203 AUDIO_PLAYBACK_ONSET 145.wav
1552404223293820 AUDIO_PLAYBACK_DONE 145.wav
1552404223293237 CHEETAH_SIGNAL SENT_AFTER_TIME 43961.805116
1552404223328456 CHEETAH_SIGNAL SENT_AFTER_TIME 43961.840413
1552404224293705 AUDIO_PLAYBACK_ONSET 146.wav
1552404225668694 AUDIO_PLAYBACK_DONE 146.wav
1552404225663361 CHEETAH_SIGNAL SENT_AFTER_TIME 43964.175331
1552404225698330 CHEETAH_SIGNAL SENT_AFTER_TIME 43964.210396
1552404226668585 AUDIO_PLAYBACK_ONSET 147.wav
1552404228020129 AUDIO_PLAYBACK_DONE 147.wav
1552404228017673 CHEETAH_SIGNAL SENT_AFTER_TIME 43966.529730
1552404228052642 CHEETAH_SIGNAL SENT_AFTER_TIME 43966.564771
1552404229020066 AUDIO_PLAYBACK_ONSET 148.wav
1552404230285715 AUDIO_PLAYBACK_DONE 148.wav
1552404230287672 CHEETAH_SIGNAL SENT_AFTER_TIME 43968.799829
1552404230322110 CHEETAH_SIGNAL SENT_AFTER_TIME 43968.834350
1552404231285604 AUDIO_PLAYBACK_ONSET 149.wav
1552404232441841 AUDIO_PLAYBACK_DONE 149.wav
1552404232440046 CHEETAH_SIGNAL SENT_AFTER_TIME 43970.952299
1552404230465163 KEY_PRESS l
1552404230601200 KEY_PRESS l
1552404232475234 CHEETAH_SIGNAL SENT_AFTER_TIME 43970.987569
1552404233441746 AUDIO_PLAYBACK_ONSET 150.wav
1552404234691748 AUDIO_PLAYBACK_DONE 150.wav
1552404234688577 CHEETAH_SIGNAL SENT_AFTER_TIME 43973.200936
1552404234723545 CHEETAH_SIGNAL SENT_AFTER_TIME 43973.235954
1552404235691674 AUDIO_PLAYBACK_ONSET 151.wav
1552404236722922 AUDIO_PLAYBACK_DONE 151.wav
1552404236721982 CHEETAH_SIGNAL SENT_AFTER_TIME 43975.234415
1552404235112986 KEY_PRESS l
1552404235296978 KEY_PRESS l
1552404236757169 CHEETAH_SIGNAL SENT_AFTER_TIME 43975.269681
1552404237722819 AUDIO_PLAYBACK_ONSET 152.wav
1552404238785318 AUDIO_PLAYBACK_DONE 152.wav
1552404238784356 CHEETAH_SIGNAL SENT_AFTER_TIME 43977.296836
