1552405603742183 CHEETAH_SIGNAL SENT_AFTER_TIME 45342.310894
1552405606147088 CHEETAH_SIGNAL SENT_AFTER_TIME 45344.715859
1552405606218026 CHEETAH_SIGNAL SENT_AFTER_TIME 45344.786667
1552405606216714 DISPLAY_INSTRUCTIONS Stimuli/instructions_audio_sentences.png
1552405606946628 KEY_PRESS space
1552405606947244 CHEETAH_SIGNAL SENT_AFTER_TIME 45345.516004
1552405607017307 CHEETAH_SIGNAL SENT_AFTER_TIME 45345.586033
1552405607016400 DISPLAY_INSTRUCTIONS OFF
1552405607061932 CHEETAH_SIGNAL SENT_AFTER_TIME 45345.630728
1552405607094244 CHEETAH_SIGNAL SENT_AFTER_TIME 45345.663026
1552405607138775 CHEETAH_SIGNAL SENT_AFTER_TIME 45345.707465
1552405607137593 DISPLAY_FIXATION
1552405610338868 CHEETAH_SIGNAL SENT_AFTER_TIME 45348.907677
1552405610385205 AUDIO_PLAYBACK_ONSET 44.wav
1552405611572711 AUDIO_PLAYBACK_DONE 44.wav
1552405611570992 CHEETAH_SIGNAL SENT_AFTER_TIME 45350.139851
1552405606944417 KEY_PRESS space
1552405607056427 KEY_PRESS space
1552405611607492 CHEETAH_SIGNAL SENT_AFTER_TIME 45350.176432
1552405612572580 AUDIO_PLAYBACK_ONSET 125.wav
1552405613697574 AUDIO_PLAYBACK_DONE 125.wav
1552405613696960 CHEETAH_SIGNAL SENT_AFTER_TIME 45352.265906
1552405611864391 KEY_PRESS l
1552405611960496 KEY_PRESS l
1552405613732148 CHEETAH_SIGNAL SENT_AFTER_TIME 45352.301188
1552405614697474 AUDIO_PLAYBACK_ONSET 86.wav
1552405616009996 AUDIO_PLAYBACK_DONE 86.wav
1552405616007209 CHEETAH_SIGNAL SENT_AFTER_TIME 45354.576275
1552405616041991 CHEETAH_SIGNAL SENT_AFTER_TIME 45354.611145
1552405617009882 AUDIO_PLAYBACK_ONSET 9.wav
1552405618259861 AUDIO_PLAYBACK_DONE 9.wav
1552405618258271 CHEETAH_SIGNAL SENT_AFTER_TIME 45356.827430
1552405616888137 KEY_PRESS l
1552405617040125 KEY_PRESS l
1552405618293521 CHEETAH_SIGNAL SENT_AFTER_TIME 45356.862751
1552405619259785 AUDIO_PLAYBACK_ONSET 41.wav
1552405620486342 AUDIO_PLAYBACK_DONE 41.wav
1552405620486520 CHEETAH_SIGNAL SENT_AFTER_TIME 45359.055773
1552405619576178 KEY_PRESS l
1552405619888042 KEY_PRESS l
1552405620522051 CHEETAH_SIGNAL SENT_AFTER_TIME 45359.091375
1552405621486248 AUDIO_PLAYBACK_ONSET 109.wav
1552405622931557 AUDIO_PLAYBACK_DONE 109.wav
1552405622928394 CHEETAH_SIGNAL SENT_AFTER_TIME 45361.497765
1552405622963269 CHEETAH_SIGNAL SENT_AFTER_TIME 45361.532687
1552405623931463 AUDIO_PLAYBACK_ONSET 34.wav
1552405625306458 AUDIO_PLAYBACK_DONE 34.wav
1552405625303331 CHEETAH_SIGNAL SENT_AFTER_TIME 45363.872776
1552405625338362 CHEETAH_SIGNAL SENT_AFTER_TIME 45363.907880
1552405626306358 AUDIO_PLAYBACK_ONSET 53.wav
1552405627806336 AUDIO_PLAYBACK_DONE 53.wav
1552405627799830 CHEETAH_SIGNAL SENT_AFTER_TIME 45366.369394
1552405626911896 KEY_PRESS F11
1552405627031839 KEY_PRESS F11
1552405627559840 KEY_PRESS F11
1552405627671876 KEY_PRESS F11
1552405627835423 CHEETAH_SIGNAL SENT_AFTER_TIME 45366.405051
1552405628806226 AUDIO_PLAYBACK_ONSET 15.wav
1552405629868724 AUDIO_PLAYBACK_DONE 15.wav
1552405629868141 CHEETAH_SIGNAL SENT_AFTER_TIME 45368.437794
1552405629903266 CHEETAH_SIGNAL SENT_AFTER_TIME 45368.472950
1552405630868668 AUDIO_PLAYBACK_ONSET 106.wav
1552405632087424 AUDIO_PLAYBACK_DONE 106.wav
1552405632084453 CHEETAH_SIGNAL SENT_AFTER_TIME 45370.654180
1552405632118828 CHEETAH_SIGNAL SENT_AFTER_TIME 45370.688639
1552405633087297 AUDIO_PLAYBACK_ONSET 130.wav
1552405634399794 AUDIO_PLAYBACK_DONE 130.wav
1552405634395952 CHEETAH_SIGNAL SENT_AFTER_TIME 45372.965791
1552405634430827 CHEETAH_SIGNAL SENT_AFTER_TIME 45373.000726
1552405635399706 AUDIO_PLAYBACK_ONSET 123.wav
1552405636696581 AUDIO_PLAYBACK_DONE 123.wav
1552405636689139 CHEETAH_SIGNAL SENT_AFTER_TIME 45375.259058
1552405636724045 CHEETAH_SIGNAL SENT_AFTER_TIME 45375.294044
1552405637696481 AUDIO_PLAYBACK_ONSET 28.wav
1552405639196460 AUDIO_PLAYBACK_DONE 28.wav
1552405639191638 CHEETAH_SIGNAL SENT_AFTER_TIME 45377.761643
1552405639226450 CHEETAH_SIGNAL SENT_AFTER_TIME 45377.796541
1552405640196368 AUDIO_PLAYBACK_ONSET 21.wav
1552405641165104 AUDIO_PLAYBACK_DONE 21.wav
1552405641165762 CHEETAH_SIGNAL SENT_AFTER_TIME 45379.735831
1552405641201043 CHEETAH_SIGNAL SENT_AFTER_TIME 45379.771201
1552405642165037 AUDIO_PLAYBACK_ONSET 147.wav
1552405643516581 AUDIO_PLAYBACK_DONE 147.wav
1552405643517136 CHEETAH_SIGNAL SENT_AFTER_TIME 45382.087326
1552405643551948 CHEETAH_SIGNAL SENT_AFTER_TIME 45382.122222
1552405644516465 AUDIO_PLAYBACK_ONSET 78.wav
1552405645938329 AUDIO_PLAYBACK_DONE 78.wav
1552405645939479 CHEETAH_SIGNAL SENT_AFTER_TIME 45384.509784
1552405645974479 CHEETAH_SIGNAL SENT_AFTER_TIME 45384.544844
1552405646938238 AUDIO_PLAYBACK_ONSET 51.wav
1552405648281984 AUDIO_PLAYBACK_DONE 51.wav
1552405648278415 CHEETAH_SIGNAL SENT_AFTER_TIME 45386.848795
1552405648313259 CHEETAH_SIGNAL SENT_AFTER_TIME 45386.883733
1552405649281875 AUDIO_PLAYBACK_ONSET 116.wav
1552405650344372 AUDIO_PLAYBACK_DONE 116.wav
1552405650343602 CHEETAH_SIGNAL SENT_AFTER_TIME 45388.914079
1552405650378383 CHEETAH_SIGNAL SENT_AFTER_TIME 45388.948941
1552405651344288 AUDIO_PLAYBACK_ONSET 138.wav
1552405652547400 AUDIO_PLAYBACK_DONE 138.wav
1552405652540007 CHEETAH_SIGNAL SENT_AFTER_TIME 45391.110577
1552405652575226 CHEETAH_SIGNAL SENT_AFTER_TIME 45391.145865
1552405653547319 AUDIO_PLAYBACK_ONSET 60.wav
1552405655328569 AUDIO_PLAYBACK_DONE 60.wav
1552405655331006 CHEETAH_SIGNAL SENT_AFTER_TIME 45393.901670
1552405655365912 CHEETAH_SIGNAL SENT_AFTER_TIME 45393.936655
1552405656328465 AUDIO_PLAYBACK_ONSET 33.wav
1552405657469078 AUDIO_PLAYBACK_DONE 33.wav
1552405657472849 CHEETAH_SIGNAL SENT_AFTER_TIME 45396.043595
1552405657507693 CHEETAH_SIGNAL SENT_AFTER_TIME 45396.078548
1552405658468966 AUDIO_PLAYBACK_ONSET 47.wav
1552405659703346 AUDIO_PLAYBACK_DONE 47.wav
1552405659696786 CHEETAH_SIGNAL SENT_AFTER_TIME 45398.267635
1552405659731723 CHEETAH_SIGNAL SENT_AFTER_TIME 45398.302641
1552405660703283 AUDIO_PLAYBACK_ONSET 152.wav
1552405661765780 AUDIO_PLAYBACK_DONE 152.wav
1552405661766285 CHEETAH_SIGNAL SENT_AFTER_TIME 45400.337238
1552405661801191 CHEETAH_SIGNAL SENT_AFTER_TIME 45400.372199
1552405662765690 AUDIO_PLAYBACK_ONSET 82.wav
1552405664046940 AUDIO_PLAYBACK_DONE 82.wav
1552405664044909 CHEETAH_SIGNAL SENT_AFTER_TIME 45402.615931
1552405664080128 CHEETAH_SIGNAL SENT_AFTER_TIME 45402.651223
1552405665046853 AUDIO_PLAYBACK_ONSET 22.wav
1552405666203093 AUDIO_PLAYBACK_DONE 22.wav
1552405666202002 CHEETAH_SIGNAL SENT_AFTER_TIME 45404.773134
1552405666236877 CHEETAH_SIGNAL SENT_AFTER_TIME 45404.808069
1552405667202996 AUDIO_PLAYBACK_ONSET 52.wav
1552405668452978 AUDIO_PLAYBACK_DONE 52.wav
1552405668450157 CHEETAH_SIGNAL SENT_AFTER_TIME 45407.021380
1552405668485126 CHEETAH_SIGNAL SENT_AFTER_TIME 45407.056432
1552405669452864 AUDIO_PLAYBACK_ONSET 73.wav
1552405670843480 AUDIO_PLAYBACK_DONE 73.wav
1552405670835125 CHEETAH_SIGNAL SENT_AFTER_TIME 45409.406422
1552405670869937 CHEETAH_SIGNAL SENT_AFTER_TIME 45409.441332
1552405671843391 AUDIO_PLAYBACK_ONSET 115.wav
1552405673640265 AUDIO_PLAYBACK_DONE 115.wav
1552405673637061 CHEETAH_SIGNAL SENT_AFTER_TIME 45412.208490
1552405673671905 CHEETAH_SIGNAL SENT_AFTER_TIME 45412.243398
1552405674640167 AUDIO_PLAYBACK_ONSET 89.wav
1552405675569855 AUDIO_PLAYBACK_DONE 89.wav
1552405675568529 CHEETAH_SIGNAL SENT_AFTER_TIME 45414.140020
1552405675603779 CHEETAH_SIGNAL SENT_AFTER_TIME 45414.175373
1552405676569754 AUDIO_PLAYBACK_ONSET 18.wav
1552405678069731 AUDIO_PLAYBACK_DONE 18.wav
1552405678064466 CHEETAH_SIGNAL SENT_AFTER_TIME 45416.636062
1552405678099278 CHEETAH_SIGNAL SENT_AFTER_TIME 45416.670917
1552405679069686 AUDIO_PLAYBACK_ONSET 57.wav
1552405680304046 AUDIO_PLAYBACK_DONE 57.wav
1552405680296871 CHEETAH_SIGNAL SENT_AFTER_TIME 45418.868566
1552405678469708 KEY_PRESS l
1552405678557729 KEY_PRESS l
1552405679997752 KEY_PRESS l
1552405680141752 KEY_PRESS l
1552405680333027 CHEETAH_SIGNAL SENT_AFTER_TIME 45418.904798
1552405681303914 AUDIO_PLAYBACK_ONSET 101.wav
1552405682538269 AUDIO_PLAYBACK_DONE 101.wav
1552405682531589 CHEETAH_SIGNAL SENT_AFTER_TIME 45421.103397
1552405682564808 CHEETAH_SIGNAL SENT_AFTER_TIME 45421.136693
1552405683538155 AUDIO_PLAYBACK_ONSET 12.wav
1552405684944396 AUDIO_PLAYBACK_DONE 12.wav
1552405684939400 CHEETAH_SIGNAL SENT_AFTER_TIME 45423.511295
1552405684974650 CHEETAH_SIGNAL SENT_AFTER_TIME 45423.546597
1552405685944334 AUDIO_PLAYBACK_ONSET 124.wav
1552405686928712 AUDIO_PLAYBACK_DONE 124.wav
1552405686924337 CHEETAH_SIGNAL SENT_AFTER_TIME 45425.496299
1552405686959087 CHEETAH_SIGNAL SENT_AFTER_TIME 45425.531134
1552405687928612 AUDIO_PLAYBACK_ONSET 10.wav
1552405689053604 AUDIO_PLAYBACK_DONE 10.wav
1552405689052711 CHEETAH_SIGNAL SENT_AFTER_TIME 45427.624780
1552405689087711 CHEETAH_SIGNAL SENT_AFTER_TIME 45427.659833
1552405690053529 AUDIO_PLAYBACK_ONSET 40.wav
1552405691491036 AUDIO_PLAYBACK_DONE 40.wav
1552405691487679 CHEETAH_SIGNAL SENT_AFTER_TIME 45430.059825
1552405691522523 CHEETAH_SIGNAL SENT_AFTER_TIME 45430.094736
1552405692490945 AUDIO_PLAYBACK_ONSET 128.wav
1552405693803441 AUDIO_PLAYBACK_DONE 128.wav
1552405693800616 CHEETAH_SIGNAL SENT_AFTER_TIME 45432.372830
1552405693835428 CHEETAH_SIGNAL SENT_AFTER_TIME 45432.407765
1552405694803317 AUDIO_PLAYBACK_ONSET 32.wav
1552405696037675 AUDIO_PLAYBACK_DONE 32.wav
1552405696029709 CHEETAH_SIGNAL SENT_AFTER_TIME 45434.602052
1552405696064958 CHEETAH_SIGNAL SENT_AFTER_TIME 45434.637407
1552405697037563 AUDIO_PLAYBACK_ONSET 121.wav
1552405698475071 AUDIO_PLAYBACK_DONE 121.wav
1552405698470583 CHEETAH_SIGNAL SENT_AFTER_TIME 45437.043041
1552405698505489 CHEETAH_SIGNAL SENT_AFTER_TIME 45437.077973
1552405699475036 AUDIO_PLAYBACK_ONSET 16.wav
1552405700943770 AUDIO_PLAYBACK_DONE 16.wav
1552405700938238 CHEETAH_SIGNAL SENT_AFTER_TIME 45439.510801
1552405700973144 CHEETAH_SIGNAL SENT_AFTER_TIME 45439.545776
1552405701943622 AUDIO_PLAYBACK_ONSET 58.wav
1552405703170200 AUDIO_PLAYBACK_DONE 58.wav
1552405703170643 CHEETAH_SIGNAL SENT_AFTER_TIME 45441.743270
1552405703205456 CHEETAH_SIGNAL SENT_AFTER_TIME 45441.778160
1552405704170128 AUDIO_PLAYBACK_ONSET 104.wav
1552405705795118 AUDIO_PLAYBACK_DONE 104.wav
1552405705788517 CHEETAH_SIGNAL SENT_AFTER_TIME 45444.361244
1552405705823330 CHEETAH_SIGNAL SENT_AFTER_TIME 45444.396153
1552405706794999 AUDIO_PLAYBACK_ONSET 27.wav
1552405708482486 AUDIO_PLAYBACK_DONE 27.wav
1552405708475829 CHEETAH_SIGNAL SENT_AFTER_TIME 45447.048668
1552405708511079 CHEETAH_SIGNAL SENT_AFTER_TIME 45447.083979
1552405709482409 AUDIO_PLAYBACK_ONSET 49.wav
1552405710748037 AUDIO_PLAYBACK_DONE 49.wav
1552405710750171 CHEETAH_SIGNAL SENT_AFTER_TIME 45449.323099
1552405710785015 CHEETAH_SIGNAL SENT_AFTER_TIME 45449.358046
1552405711747906 AUDIO_PLAYBACK_ONSET 88.wav
1552405712966637 AUDIO_PLAYBACK_DONE 88.wav
1552405712964889 CHEETAH_SIGNAL SENT_AFTER_TIME 45451.537931
1552405710812256 KEY_PRESS l
1552405710932331 KEY_PRESS l
1552405713000045 CHEETAH_SIGNAL SENT_AFTER_TIME 45451.573181
1552405713966532 AUDIO_PLAYBACK_ONSET 13.wav
1552405715810277 AUDIO_PLAYBACK_DONE 13.wav
1552405715811826 CHEETAH_SIGNAL SENT_AFTER_TIME 45454.384992
1552405715846732 CHEETAH_SIGNAL SENT_AFTER_TIME 45454.419965
1552405716810180 AUDIO_PLAYBACK_ONSET 102.wav
1552405718403944 AUDIO_PLAYBACK_DONE 102.wav
1552405718398043 CHEETAH_SIGNAL SENT_AFTER_TIME 45456.971320
1552405717404156 KEY_PRESS l
1552405717580137 KEY_PRESS l
1552405718433668 CHEETAH_SIGNAL SENT_AFTER_TIME 45457.006998
1552405719403847 AUDIO_PLAYBACK_ONSET 45.wav
1552405720497593 AUDIO_PLAYBACK_DONE 45.wav
1552405720497449 CHEETAH_SIGNAL SENT_AFTER_TIME 45459.070786
1552405720532292 CHEETAH_SIGNAL SENT_AFTER_TIME 45459.105701
1552405721497514 AUDIO_PLAYBACK_ONSET 71.wav
1552405722497516 AUDIO_PLAYBACK_DONE 71.wav
1552405722499260 CHEETAH_SIGNAL SENT_AFTER_TIME 45461.072675
1552405722534073 CHEETAH_SIGNAL SENT_AFTER_TIME 45461.107587
1552405723497411 AUDIO_PLAYBACK_ONSET 137.wav
1552405724919273 AUDIO_PLAYBACK_DONE 137.wav
1552405724920228 CHEETAH_SIGNAL SENT_AFTER_TIME 45463.493772
1552405724955197 CHEETAH_SIGNAL SENT_AFTER_TIME 45463.528807
1552405725919177 AUDIO_PLAYBACK_ONSET 66.wav
1552405727130113 AUDIO_PLAYBACK_DONE 66.wav
1552405727124571 CHEETAH_SIGNAL SENT_AFTER_TIME 45465.698190
1552405727159446 CHEETAH_SIGNAL SENT_AFTER_TIME 45465.733124
1552405728130045 AUDIO_PLAYBACK_ONSET 105.wav
1552405729344875 AUDIO_PLAYBACK_DONE 105.wav
1552405729337039 CHEETAH_SIGNAL SENT_AFTER_TIME 45467.910731
1552405729372289 CHEETAH_SIGNAL SENT_AFTER_TIME 45467.946050
1552405730344792 AUDIO_PLAYBACK_ONSET 2.wav
1552405731766656 AUDIO_PLAYBACK_DONE 2.wav
1552405731767382 CHEETAH_SIGNAL SENT_AFTER_TIME 45470.341186
1552405731802319 CHEETAH_SIGNAL SENT_AFTER_TIME 45470.376207
1552405732766529 AUDIO_PLAYBACK_ONSET 90.wav
1552405734157146 AUDIO_PLAYBACK_DONE 90.wav
1552405734158443 CHEETAH_SIGNAL SENT_AFTER_TIME 45472.732355
1552405734193318 CHEETAH_SIGNAL SENT_AFTER_TIME 45472.767300
1552405735157052 AUDIO_PLAYBACK_ONSET 74.wav
1552405736344536 AUDIO_PLAYBACK_DONE 74.wav
1552405736343474 CHEETAH_SIGNAL SENT_AFTER_TIME 45474.917462
1552405736179408 KEY_PRESS l
1552405736331462 KEY_PRESS l
1552405736378755 CHEETAH_SIGNAL SENT_AFTER_TIME 45474.952837
1552405737344436 AUDIO_PLAYBACK_ONSET 31.wav
1552405738594419 AUDIO_PLAYBACK_DONE 31.wav
1552405738592785 CHEETAH_SIGNAL SENT_AFTER_TIME 45477.166892
1552405738627629 CHEETAH_SIGNAL SENT_AFTER_TIME 45477.201793
1552405739594337 AUDIO_PLAYBACK_ONSET 141.wav
1552405740664634 AUDIO_PLAYBACK_DONE 141.wav
1552405740657034 CHEETAH_SIGNAL SENT_AFTER_TIME 45479.231219
1552405740691753 CHEETAH_SIGNAL SENT_AFTER_TIME 45479.266004
1552405741664547 AUDIO_PLAYBACK_ONSET 25.wav
1552405743164549 AUDIO_PLAYBACK_DONE 25.wav
1552405743158721 CHEETAH_SIGNAL SENT_AFTER_TIME 45481.732990
1552405743193721 CHEETAH_SIGNAL SENT_AFTER_TIME 45481.768043
1552405744164478 AUDIO_PLAYBACK_ONSET 3.wav
1552405745656681 AUDIO_PLAYBACK_DONE 3.wav
1552405745659345 CHEETAH_SIGNAL SENT_AFTER_TIME 45484.233727
1552405745694626 CHEETAH_SIGNAL SENT_AFTER_TIME 45484.269094
1552405746656535 AUDIO_PLAYBACK_ONSET 37.wav
1552405747750277 AUDIO_PLAYBACK_DONE 37.wav
1552405747749969 CHEETAH_SIGNAL SENT_AFTER_TIME 45486.324451
1552405747784781 CHEETAH_SIGNAL SENT_AFTER_TIME 45486.359324
1552405748750202 AUDIO_PLAYBACK_ONSET 62.wav
1552405750218937 AUDIO_PLAYBACK_DONE 62.wav
1552405750214374 CHEETAH_SIGNAL SENT_AFTER_TIME 45488.788930
1552405750249374 CHEETAH_SIGNAL SENT_AFTER_TIME 45488.824025
1552405751218829 AUDIO_PLAYBACK_ONSET 20.wav
1552405752437560 AUDIO_PLAYBACK_DONE 20.wav
1552405752436061 CHEETAH_SIGNAL SENT_AFTER_TIME 45491.010725
1552405752470842 CHEETAH_SIGNAL SENT_AFTER_TIME 45491.045589
1552405753437464 AUDIO_PLAYBACK_ONSET 7.wav
1552405754531208 AUDIO_PLAYBACK_DONE 7.wav
1552405754530341 CHEETAH_SIGNAL SENT_AFTER_TIME 45493.105096
1552405754565216 CHEETAH_SIGNAL SENT_AFTER_TIME 45493.140044
1552405755531127 AUDIO_PLAYBACK_ONSET 85.wav
1552405756874869 AUDIO_PLAYBACK_DONE 85.wav
1552405756871434 CHEETAH_SIGNAL SENT_AFTER_TIME 45495.446281
1552405756906653 CHEETAH_SIGNAL SENT_AFTER_TIME 45495.481567
1552405757874783 AUDIO_PLAYBACK_ONSET 65.wav
1552405759249776 AUDIO_PLAYBACK_DONE 65.wav
1552405759246589 CHEETAH_SIGNAL SENT_AFTER_TIME 45497.821525
1552405757210538 KEY_PRESS l
1552405757362475 KEY_PRESS l
1552405759281902 CHEETAH_SIGNAL SENT_AFTER_TIME 45497.856941
1552405760249651 AUDIO_PLAYBACK_ONSET 81.wav
1552405761437138 AUDIO_PLAYBACK_DONE 81.wav
1552405761435620 CHEETAH_SIGNAL SENT_AFTER_TIME 45500.010647
1552405761470839 CHEETAH_SIGNAL SENT_AFTER_TIME 45500.045891
1552405762437125 AUDIO_PLAYBACK_ONSET 26.wav
1552405763796492 AUDIO_PLAYBACK_DONE 26.wav
1552405763787869 CHEETAH_SIGNAL SENT_AFTER_TIME 45502.363008
1552405763822775 CHEETAH_SIGNAL SENT_AFTER_TIME 45502.397958
1552405764796361 AUDIO_PLAYBACK_ONSET 56.wav
1552405766577614 AUDIO_PLAYBACK_DONE 56.wav
1552405766568743 CHEETAH_SIGNAL SENT_AFTER_TIME 45505.143964
1552405766603149 CHEETAH_SIGNAL SENT_AFTER_TIME 45505.178463
1552405767577483 AUDIO_PLAYBACK_ONSET 150.wav
1552405768827485 AUDIO_PLAYBACK_DONE 150.wav
1552405768825398 CHEETAH_SIGNAL SENT_AFTER_TIME 45507.400712
1552405768860304 CHEETAH_SIGNAL SENT_AFTER_TIME 45507.435695
1552405769827408 AUDIO_PLAYBACK_ONSET 117.wav
1552405771202399 AUDIO_PLAYBACK_DONE 117.wav
1552405771199522 CHEETAH_SIGNAL SENT_AFTER_TIME 45509.774958
1552405771234397 CHEETAH_SIGNAL SENT_AFTER_TIME 45509.809885
1552405772202302 AUDIO_PLAYBACK_ONSET 23.wav
1552405773702282 AUDIO_PLAYBACK_DONE 23.wav
1552405773701177 CHEETAH_SIGNAL SENT_AFTER_TIME 45512.276803
1552405773734584 CHEETAH_SIGNAL SENT_AFTER_TIME 45512.310261
1552405774702093 AUDIO_PLAYBACK_ONSET 96.wav
1552405776053637 AUDIO_PLAYBACK_DONE 96.wav
1552405776050614 CHEETAH_SIGNAL SENT_AFTER_TIME 45514.626272
1552405776085020 CHEETAH_SIGNAL SENT_AFTER_TIME 45514.660725
1552405777053609 AUDIO_PLAYBACK_ONSET 76.wav
1552405778366108 AUDIO_PLAYBACK_DONE 76.wav
1552405778360050 CHEETAH_SIGNAL SENT_AFTER_TIME 45516.935758
1552405778395050 CHEETAH_SIGNAL SENT_AFTER_TIME 45516.970842
1552405779366021 AUDIO_PLAYBACK_ONSET 80.wav
1552405780584751 AUDIO_PLAYBACK_DONE 80.wav
1552405780583425 CHEETAH_SIGNAL SENT_AFTER_TIME 45519.159231
1552405780618331 CHEETAH_SIGNAL SENT_AFTER_TIME 45519.194203
1552405781584671 AUDIO_PLAYBACK_ONSET 54.wav
1552405782834653 AUDIO_PLAYBACK_DONE 54.wav
1552405782832892 CHEETAH_SIGNAL SENT_AFTER_TIME 45521.408789
1552405782867736 CHEETAH_SIGNAL SENT_AFTER_TIME 45521.443696
1552405783834565 AUDIO_PLAYBACK_ONSET 72.wav
1552405785318921 AUDIO_PLAYBACK_DONE 72.wav
1552405785318985 CHEETAH_SIGNAL SENT_AFTER_TIME 45523.894995
1552405785354266 CHEETAH_SIGNAL SENT_AFTER_TIME 45523.930341
1552405786318806 AUDIO_PLAYBACK_ONSET 4.wav
1552405787375429 AUDIO_PLAYBACK_DONE 4.wav
1552405787371609 CHEETAH_SIGNAL SENT_AFTER_TIME 45525.947680
1552405787406453 CHEETAH_SIGNAL SENT_AFTER_TIME 45525.982616
1552405788375341 AUDIO_PLAYBACK_ONSET 132.wav
1552405789988611 AUDIO_PLAYBACK_DONE 132.wav
1552405789983702 CHEETAH_SIGNAL SENT_AFTER_TIME 45528.559875
1552405790018640 CHEETAH_SIGNAL SENT_AFTER_TIME 45528.594871
1552405790988543 AUDIO_PLAYBACK_ONSET 98.wav
1552405792336210 AUDIO_PLAYBACK_DONE 98.wav
1552405792329639 CHEETAH_SIGNAL SENT_AFTER_TIME 45530.905902
1552405792364514 CHEETAH_SIGNAL SENT_AFTER_TIME 45530.940885
1552405793336070 AUDIO_PLAYBACK_ONSET 64.wav
1552405794320424 AUDIO_PLAYBACK_DONE 64.wav
1552405794316200 CHEETAH_SIGNAL SENT_AFTER_TIME 45532.892572
1552405794351107 CHEETAH_SIGNAL SENT_AFTER_TIME 45532.927560
1552405795320342 AUDIO_PLAYBACK_ONSET 50.wav
1552405796421884 AUDIO_PLAYBACK_DONE 50.wav
1552405796423324 CHEETAH_SIGNAL SENT_AFTER_TIME 45534.999786
1552405796458606 CHEETAH_SIGNAL SENT_AFTER_TIME 45535.035140
1552405797421803 AUDIO_PLAYBACK_ONSET 94.wav
1552405798640538 AUDIO_PLAYBACK_DONE 94.wav
1552405798639824 CHEETAH_SIGNAL SENT_AFTER_TIME 45537.216381
1552405798674636 CHEETAH_SIGNAL SENT_AFTER_TIME 45537.251262
1552405799640446 AUDIO_PLAYBACK_ONSET 14.wav
1552405800984214 AUDIO_PLAYBACK_DONE 14.wav
1552405800981354 CHEETAH_SIGNAL SENT_AFTER_TIME 45539.557991
1552405801016229 CHEETAH_SIGNAL SENT_AFTER_TIME 45539.592950
1552405801984119 AUDIO_PLAYBACK_ONSET 48.wav
1552405803155980 AUDIO_PLAYBACK_DONE 48.wav
1552405803149853 CHEETAH_SIGNAL SENT_AFTER_TIME 45541.726592
1552405803184822 CHEETAH_SIGNAL SENT_AFTER_TIME 45541.761595
1552405804155928 AUDIO_PLAYBACK_ONSET 119.wav
1552405805312187 AUDIO_PLAYBACK_DONE 119.wav
1552405805310852 CHEETAH_SIGNAL SENT_AFTER_TIME 45543.887684
1552405805345758 CHEETAH_SIGNAL SENT_AFTER_TIME 45543.922670
1552405806312048 AUDIO_PLAYBACK_ONSET 75.wav
1552405807312025 AUDIO_PLAYBACK_DONE 75.wav
1552405807312883 CHEETAH_SIGNAL SENT_AFTER_TIME 45545.889787
1552405807348133 CHEETAH_SIGNAL SENT_AFTER_TIME 45545.925125
1552405808311945 AUDIO_PLAYBACK_ONSET 8.wav
1552405809491632 AUDIO_PLAYBACK_DONE 8.wav
1552405809487507 CHEETAH_SIGNAL SENT_AFTER_TIME 45548.064490
1552405809522444 CHEETAH_SIGNAL SENT_AFTER_TIME 45548.099518
1552405810491550 AUDIO_PLAYBACK_ONSET 67.wav
1552405811413431 AUDIO_PLAYBACK_DONE 67.wav
1552405811408725 CHEETAH_SIGNAL SENT_AFTER_TIME 45549.985803
1552405811443631 CHEETAH_SIGNAL SENT_AFTER_TIME 45550.020787
1552405812413349 AUDIO_PLAYBACK_ONSET 112.wav
1552405813350834 AUDIO_PLAYBACK_DONE 112.wav
1552405813352411 CHEETAH_SIGNAL SENT_AFTER_TIME 45551.929562
1552405813387286 CHEETAH_SIGNAL SENT_AFTER_TIME 45551.964533
1552405814350743 AUDIO_PLAYBACK_ONSET 108.wav
1552405815835097 AUDIO_PLAYBACK_DONE 108.wav
1552405815836723 CHEETAH_SIGNAL SENT_AFTER_TIME 45554.413960
1552405815871692 CHEETAH_SIGNAL SENT_AFTER_TIME 45554.448992
1552405816835044 AUDIO_PLAYBACK_ONSET 91.wav
1552405817741282 AUDIO_PLAYBACK_DONE 91.wav
1552405817742503 CHEETAH_SIGNAL SENT_AFTER_TIME 45556.319830
1552405817777847 CHEETAH_SIGNAL SENT_AFTER_TIME 45556.355242
1552405818741187 AUDIO_PLAYBACK_ONSET 133.wav
1552405820069307 AUDIO_PLAYBACK_DONE 133.wav
1552405820072190 CHEETAH_SIGNAL SENT_AFTER_TIME 45558.649614
1552405820107346 CHEETAH_SIGNAL SENT_AFTER_TIME 45558.684809
1552405821069239 AUDIO_PLAYBACK_ONSET 17.wav
1552405822069218 AUDIO_PLAYBACK_DONE 17.wav
1552405822070439 CHEETAH_SIGNAL SENT_AFTER_TIME 45560.647949
1552405822104908 CHEETAH_SIGNAL SENT_AFTER_TIME 45560.682491
1552405823069098 AUDIO_PLAYBACK_ONSET 68.wav
1552405824045654 AUDIO_PLAYBACK_DONE 68.wav
1552405824039095 CHEETAH_SIGNAL SENT_AFTER_TIME 45562.616687
1552405824074032 CHEETAH_SIGNAL SENT_AFTER_TIME 45562.651700
1552405825045569 AUDIO_PLAYBACK_ONSET 97.wav
1552405826697909 AUDIO_PLAYBACK_DONE 97.wav
1552405826694812 CHEETAH_SIGNAL SENT_AFTER_TIME 45565.272516
1552405826729687 CHEETAH_SIGNAL SENT_AFTER_TIME 45565.307456
1552405827697808 AUDIO_PLAYBACK_ONSET 114.wav
1552405828932164 AUDIO_PLAYBACK_DONE 114.wav
1552405828924124 CHEETAH_SIGNAL SENT_AFTER_TIME 45567.501914
1552405828959374 CHEETAH_SIGNAL SENT_AFTER_TIME 45567.537240
1552405829932067 AUDIO_PLAYBACK_ONSET 142.wav
1552405831377376 AUDIO_PLAYBACK_DONE 142.wav
1552405831375467 CHEETAH_SIGNAL SENT_AFTER_TIME 45569.953341
1552405831410310 CHEETAH_SIGNAL SENT_AFTER_TIME 45569.988284
1552405832377268 AUDIO_PLAYBACK_ONSET 87.wav
1552405833486633 AUDIO_PLAYBACK_DONE 87.wav
1552405833480466 CHEETAH_SIGNAL SENT_AFTER_TIME 45572.058425
1552405833515247 CHEETAH_SIGNAL SENT_AFTER_TIME 45572.093307
1552405834486547 AUDIO_PLAYBACK_ONSET 144.wav
1552405835799067 AUDIO_PLAYBACK_DONE 144.wav
1552405835795996 CHEETAH_SIGNAL SENT_AFTER_TIME 45574.374060
1552405835830871 CHEETAH_SIGNAL SENT_AFTER_TIME 45574.409027
1552405836798971 AUDIO_PLAYBACK_ONSET 148.wav
1552405838064596 AUDIO_PLAYBACK_DONE 148.wav
1552405838057151 CHEETAH_SIGNAL SENT_AFTER_TIME 45576.635301
1552405838039126 KEY_PRESS l
1552405838092214 CHEETAH_SIGNAL SENT_AFTER_TIME 45576.670429
1552405839064537 AUDIO_PLAYBACK_ONSET 69.wav
1552405840361432 AUDIO_PLAYBACK_DONE 69.wav
1552405840353994 CHEETAH_SIGNAL SENT_AFTER_TIME 45578.932248
1552405838143195 KEY_PRESS l
1552405840388994 CHEETAH_SIGNAL SENT_AFTER_TIME 45578.967311
1552405841361330 AUDIO_PLAYBACK_ONSET 111.wav
1552405842642577 AUDIO_PLAYBACK_DONE 111.wav
1552405842639493 CHEETAH_SIGNAL SENT_AFTER_TIME 45581.217861
1552405842674337 CHEETAH_SIGNAL SENT_AFTER_TIME 45581.252757
1552405843642474 AUDIO_PLAYBACK_ONSET 113.wav
1552405844861207 AUDIO_PLAYBACK_DONE 113.wav
1552405844859586 CHEETAH_SIGNAL SENT_AFTER_TIME 45583.438032
1552405844894868 CHEETAH_SIGNAL SENT_AFTER_TIME 45583.473380
1552405845861115 AUDIO_PLAYBACK_ONSET 118.wav
1552405847361118 AUDIO_PLAYBACK_DONE 118.wav
1552405847356117 CHEETAH_SIGNAL SENT_AFTER_TIME 45585.934663
1552405847390992 CHEETAH_SIGNAL SENT_AFTER_TIME 45585.969611
1552405848361011 AUDIO_PLAYBACK_ONSET 120.wav
1552405849657883 AUDIO_PLAYBACK_DONE 120.wav
1552405849660678 CHEETAH_SIGNAL SENT_AFTER_TIME 45588.239311
1552405848990786 KEY_PRESS l
1552405849054709 KEY_PRESS l
1552405849696241 CHEETAH_SIGNAL SENT_AFTER_TIME 45588.274973
1552405850657770 AUDIO_PLAYBACK_ONSET 36.wav
1552405851907751 AUDIO_PLAYBACK_DONE 36.wav
1552405851905458 CHEETAH_SIGNAL SENT_AFTER_TIME 45590.484181
1552405851940333 CHEETAH_SIGNAL SENT_AFTER_TIME 45590.519149
1552405852907667 AUDIO_PLAYBACK_ONSET 145.wav
1552405854298280 AUDIO_PLAYBACK_DONE 145.wav
1552405854289114 CHEETAH_SIGNAL SENT_AFTER_TIME 45592.867913
1552405854323926 CHEETAH_SIGNAL SENT_AFTER_TIME 45592.902820
1552405855298202 AUDIO_PLAYBACK_ONSET 134.wav
1552405856087273 AUDIO_PLAYBACK_DONE 134.wav
1552405856082613 CHEETAH_SIGNAL SENT_AFTER_TIME 45594.661497
1552405856116957 CHEETAH_SIGNAL SENT_AFTER_TIME 45594.695931
1552405857087193 AUDIO_PLAYBACK_ONSET 143.wav
1552405858204360 AUDIO_PLAYBACK_DONE 143.wav
1552405858200331 CHEETAH_SIGNAL SENT_AFTER_TIME 45596.779311
1552405858235206 CHEETAH_SIGNAL SENT_AFTER_TIME 45596.814289
1552405859204251 AUDIO_PLAYBACK_ONSET 42.wav
1552405860360490 AUDIO_PLAYBACK_DONE 42.wav
1552405860358549 CHEETAH_SIGNAL SENT_AFTER_TIME 45598.937636
1552405860393299 CHEETAH_SIGNAL SENT_AFTER_TIME 45598.972453
1552405861360419 AUDIO_PLAYBACK_ONSET 126.wav
1552405862751054 AUDIO_PLAYBACK_DONE 126.wav
1552405862741329 CHEETAH_SIGNAL SENT_AFTER_TIME 45601.320520
1552405862654182 KEY_PRESS l
1552405862758213 KEY_PRESS l
1552405862776642 CHEETAH_SIGNAL SENT_AFTER_TIME 45601.355880
1552405863750970 AUDIO_PLAYBACK_ONSET 38.wav
1552405865032219 AUDIO_PLAYBACK_DONE 38.wav
1552405865029797 CHEETAH_SIGNAL SENT_AFTER_TIME 45603.609059
1552405865065109 CHEETAH_SIGNAL SENT_AFTER_TIME 45603.644451
1552405866032115 AUDIO_PLAYBACK_ONSET 103.wav
1552405867422752 AUDIO_PLAYBACK_DONE 103.wav
1552405867422890 CHEETAH_SIGNAL SENT_AFTER_TIME 45606.002262
1552405867457483 CHEETAH_SIGNAL SENT_AFTER_TIME 45606.036870
1552405868422707 AUDIO_PLAYBACK_ONSET 43.wav
1552405869672685 AUDIO_PLAYBACK_DONE 43.wav
1552405869670201 CHEETAH_SIGNAL SENT_AFTER_TIME 45608.249675
1552405869705170 CHEETAH_SIGNAL SENT_AFTER_TIME 45608.284687
1552405870672555 AUDIO_PLAYBACK_ONSET 35.wav
1552405872235053 AUDIO_PLAYBACK_DONE 35.wav
1552405872229982 CHEETAH_SIGNAL SENT_AFTER_TIME 45610.809537
1552405872265107 CHEETAH_SIGNAL SENT_AFTER_TIME 45610.844736
1552405873234941 AUDIO_PLAYBACK_ONSET 93.wav
1552405874750585 AUDIO_PLAYBACK_DONE 93.wav
1552405874750168 CHEETAH_SIGNAL SENT_AFTER_TIME 45613.329824
1552405874784887 CHEETAH_SIGNAL SENT_AFTER_TIME 45613.364615
1552405875750486 AUDIO_PLAYBACK_ONSET 146.wav
1552405877125477 AUDIO_PLAYBACK_DONE 146.wav
1552405877120605 CHEETAH_SIGNAL SENT_AFTER_TIME 45615.700351
1552405877155980 CHEETAH_SIGNAL SENT_AFTER_TIME 45615.735809
1552405878125376 AUDIO_PLAYBACK_ONSET 110.wav
1552405879656648 AUDIO_PLAYBACK_DONE 110.wav
1552405879650760 CHEETAH_SIGNAL SENT_AFTER_TIME 45618.230636
1552405879685729 CHEETAH_SIGNAL SENT_AFTER_TIME 45618.265676
1552405880656530 AUDIO_PLAYBACK_ONSET 46.wav
1552405881719024 AUDIO_PLAYBACK_DONE 46.wav
1552405881718103 CHEETAH_SIGNAL SENT_AFTER_TIME 45620.298060
1552405881261460 KEY_PRESS l
1552405881397490 KEY_PRESS l
1552405881753509 CHEETAH_SIGNAL SENT_AFTER_TIME 45620.333541
1552405882718939 AUDIO_PLAYBACK_ONSET 136.wav
1552405884336108 AUDIO_PLAYBACK_DONE 136.wav
1552405884328039 CHEETAH_SIGNAL SENT_AFTER_TIME 45622.908106
1552405884362883 CHEETAH_SIGNAL SENT_AFTER_TIME 45622.943028
1552405885335995 AUDIO_PLAYBACK_ONSET 95.wav
1552405886609445 AUDIO_PLAYBACK_DONE 95.wav
1552405886604351 CHEETAH_SIGNAL SENT_AFTER_TIME 45625.184486
1552405886639195 CHEETAH_SIGNAL SENT_AFTER_TIME 45625.219437
1552405887609348 AUDIO_PLAYBACK_ONSET 151.wav
1552405888640597 AUDIO_PLAYBACK_DONE 151.wav
1552405888631006 CHEETAH_SIGNAL SENT_AFTER_TIME 45627.211255
1552405888665881 CHEETAH_SIGNAL SENT_AFTER_TIME 45627.246194
1552405889640526 AUDIO_PLAYBACK_ONSET 30.wav
1552405891140508 AUDIO_PLAYBACK_DONE 30.wav
1552405891135193 CHEETAH_SIGNAL SENT_AFTER_TIME 45629.715514
1552405891170005 CHEETAH_SIGNAL SENT_AFTER_TIME 45629.750435
1552405892140391 AUDIO_PLAYBACK_ONSET 122.wav
1552405893327875 AUDIO_PLAYBACK_DONE 122.wav
1552405893328004 CHEETAH_SIGNAL SENT_AFTER_TIME 45631.908437
1552405893363379 CHEETAH_SIGNAL SENT_AFTER_TIME 45631.943888
1552405894327796 AUDIO_PLAYBACK_ONSET 77.wav
1552405895374671 AUDIO_PLAYBACK_DONE 77.wav
1552405895374753 CHEETAH_SIGNAL SENT_AFTER_TIME 45633.955263
1552405895409753 CHEETAH_SIGNAL SENT_AFTER_TIME 45633.990264
1552405896374669 AUDIO_PLAYBACK_ONSET 139.wav
1552405897554373 AUDIO_PLAYBACK_DONE 139.wav
1552405897549815 CHEETAH_SIGNAL SENT_AFTER_TIME 45636.130403
1552405897584378 CHEETAH_SIGNAL SENT_AFTER_TIME 45636.165057
1552405898554205 AUDIO_PLAYBACK_ONSET 55.wav
1552405899741691 AUDIO_PLAYBACK_DONE 55.wav
1552405899739564 CHEETAH_SIGNAL SENT_AFTER_TIME 45638.320271
1552405899774408 CHEETAH_SIGNAL SENT_AFTER_TIME 45638.355178
1552405900741600 AUDIO_PLAYBACK_ONSET 107.wav
1552405901905662 AUDIO_PLAYBACK_DONE 107.wav
1552405901898095 CHEETAH_SIGNAL SENT_AFTER_TIME 45640.478885
1552405901932970 CHEETAH_SIGNAL SENT_AFTER_TIME 45640.513837
1552405902905565 AUDIO_PLAYBACK_ONSET 39.wav
1552405904780554 AUDIO_PLAYBACK_DONE 39.wav
1552405904781875 CHEETAH_SIGNAL SENT_AFTER_TIME 45643.362771
1552405904817125 CHEETAH_SIGNAL SENT_AFTER_TIME 45643.398081
1552405905780465 AUDIO_PLAYBACK_ONSET 127.wav
1552405906960150 AUDIO_PLAYBACK_DONE 127.wav
1552405906956499 CHEETAH_SIGNAL SENT_AFTER_TIME 45645.537484
1552405906991530 CHEETAH_SIGNAL SENT_AFTER_TIME 45645.572580
1552405907960056 AUDIO_PLAYBACK_ONSET 149.wav
1552405909116292 AUDIO_PLAYBACK_DONE 149.wav
1552405909113873 CHEETAH_SIGNAL SENT_AFTER_TIME 45647.694933
1552405909148904 CHEETAH_SIGNAL SENT_AFTER_TIME 45647.730040
1552405910116206 AUDIO_PLAYBACK_ONSET 140.wav
1552405911397454 AUDIO_PLAYBACK_DONE 140.wav
1552405911395310 CHEETAH_SIGNAL SENT_AFTER_TIME 45649.976490
1552405911430372 CHEETAH_SIGNAL SENT_AFTER_TIME 45650.011632
1552405912397330 AUDIO_PLAYBACK_ONSET 6.wav
1552405913623882 AUDIO_PLAYBACK_DONE 6.wav
1552405913624746 CHEETAH_SIGNAL SENT_AFTER_TIME 45652.206013
1552405913659684 CHEETAH_SIGNAL SENT_AFTER_TIME 45652.240976
1552405914623850 AUDIO_PLAYBACK_ONSET 131.wav
1552405915498841 AUDIO_PLAYBACK_DONE 131.wav
1552405915500683 CHEETAH_SIGNAL SENT_AFTER_TIME 45654.082012
1552405915536027 CHEETAH_SIGNAL SENT_AFTER_TIME 45654.117433
1552405916498727 AUDIO_PLAYBACK_ONSET 84.wav
1552405917748704 AUDIO_PLAYBACK_DONE 84.wav
1552405917747276 CHEETAH_SIGNAL SENT_AFTER_TIME 45656.328691
1552405917782244 CHEETAH_SIGNAL SENT_AFTER_TIME 45656.363773
1552405918748581 AUDIO_PLAYBACK_ONSET 5.wav
1552405920211464 AUDIO_PLAYBACK_DONE 5.wav
1552405920213087 CHEETAH_SIGNAL SENT_AFTER_TIME 45658.794634
1552405920248118 CHEETAH_SIGNAL SENT_AFTER_TIME 45658.829712
1552405921211399 AUDIO_PLAYBACK_ONSET 24.wav
1552405922805165 AUDIO_PLAYBACK_DONE 24.wav
1552405922799711 CHEETAH_SIGNAL SENT_AFTER_TIME 45661.381342
1552405922834930 CHEETAH_SIGNAL SENT_AFTER_TIME 45661.416642
1552405923805047 AUDIO_PLAYBACK_ONSET 61.wav
1552405925305027 AUDIO_PLAYBACK_DONE 61.wav
1552405925299960 CHEETAH_SIGNAL SENT_AFTER_TIME 45663.881697
1552405925334866 CHEETAH_SIGNAL SENT_AFTER_TIME 45663.916694
1552405926304911 AUDIO_PLAYBACK_ONSET 1.wav
1552405927179901 AUDIO_PLAYBACK_DONE 1.wav
1552405927182053 CHEETAH_SIGNAL SENT_AFTER_TIME 45665.763861
1552405927217303 CHEETAH_SIGNAL SENT_AFTER_TIME 45665.799188
1552405928179844 AUDIO_PLAYBACK_ONSET 92.wav
1552405929429845 AUDIO_PLAYBACK_DONE 92.wav
1552405929427209 CHEETAH_SIGNAL SENT_AFTER_TIME 45668.009100
1552405929462052 CHEETAH_SIGNAL SENT_AFTER_TIME 45668.044046
1552405930429736 AUDIO_PLAYBACK_ONSET 99.wav
1552405931523477 AUDIO_PLAYBACK_DONE 99.wav
1552405931523333 CHEETAH_SIGNAL SENT_AFTER_TIME 45670.105319
1552405931558208 CHEETAH_SIGNAL SENT_AFTER_TIME 45670.140293
1552405932523386 AUDIO_PLAYBACK_ONSET 135.wav
1552405933574180 AUDIO_PLAYBACK_DONE 135.wav
1552405933575644 CHEETAH_SIGNAL SENT_AFTER_TIME 45672.157734
1552405933610551 CHEETAH_SIGNAL SENT_AFTER_TIME 45672.192707
1552405934574109 AUDIO_PLAYBACK_ONSET 70.wav
1552405936105358 AUDIO_PLAYBACK_DONE 70.wav
1552405936101675 CHEETAH_SIGNAL SENT_AFTER_TIME 45674.683839
1552405936136518 CHEETAH_SIGNAL SENT_AFTER_TIME 45674.718774
1552405937105258 AUDIO_PLAYBACK_ONSET 83.wav
1552405938792765 AUDIO_PLAYBACK_DONE 83.wav
1552405938795111 CHEETAH_SIGNAL SENT_AFTER_TIME 45677.377416
1552405938579154 KEY_PRESS l
1552405938683143 KEY_PRESS l
1552405938830861 CHEETAH_SIGNAL SENT_AFTER_TIME 45677.413219
1552405939792663 AUDIO_PLAYBACK_ONSET 63.wav
1552405940956721 AUDIO_PLAYBACK_DONE 63.wav
1552405940948204 CHEETAH_SIGNAL SENT_AFTER_TIME 45679.530587
1552405940982673 CHEETAH_SIGNAL SENT_AFTER_TIME 45679.565121
1552405941956631 AUDIO_PLAYBACK_ONSET 29.wav
1552405943456611 AUDIO_PLAYBACK_DONE 29.wav
1552405943452703 CHEETAH_SIGNAL SENT_AFTER_TIME 45682.035179
1552405943487953 CHEETAH_SIGNAL SENT_AFTER_TIME 45682.070529
1552405944456483 AUDIO_PLAYBACK_ONSET 129.wav
1552405945581496 AUDIO_PLAYBACK_DONE 129.wav
1552405945581140 CHEETAH_SIGNAL SENT_AFTER_TIME 45684.163690
1552405945616046 CHEETAH_SIGNAL SENT_AFTER_TIME 45684.198699
1552405946581419 AUDIO_PLAYBACK_ONSET 100.wav
1552405947456408 AUDIO_PLAYBACK_DONE 100.wav
1552405947447858 CHEETAH_SIGNAL SENT_AFTER_TIME 45686.030509
1552405947482389 CHEETAH_SIGNAL SENT_AFTER_TIME 45686.065126
1552405948456324 AUDIO_PLAYBACK_ONSET 79.wav
1552405949768841 AUDIO_PLAYBACK_DONE 79.wav
1552405949766919 CHEETAH_SIGNAL SENT_AFTER_TIME 45688.349666
1552405949801825 CHEETAH_SIGNAL SENT_AFTER_TIME 45688.384656
1552405950768747 AUDIO_PLAYBACK_ONSET 11.wav
1552405951721854 AUDIO_PLAYBACK_DONE 11.wav
1552405951717950 CHEETAH_SIGNAL SENT_AFTER_TIME 45690.300770
1552405951752825 CHEETAH_SIGNAL SENT_AFTER_TIME 45690.335716
1552405952721794 AUDIO_PLAYBACK_ONSET 19.wav
1552405953753045 AUDIO_PLAYBACK_DONE 19.wav
1552405953753011 CHEETAH_SIGNAL SENT_AFTER_TIME 45692.335926
1552405953788480 CHEETAH_SIGNAL SENT_AFTER_TIME 45692.371453
1552405954752963 AUDIO_PLAYBACK_ONSET 59.wav
1552405956057634 AUDIO_PLAYBACK_DONE 59.wav
1552405956052010 CHEETAH_SIGNAL SENT_AFTER_TIME 45694.635009
