1552405603730554 CHEETAH_SIGNAL SENT_AFTER_TIME 45342.310894
1552405606135578 CHEETAH_SIGNAL SENT_AFTER_TIME 45344.715859
1552405606206565 CHEETAH_SIGNAL SENT_AFTER_TIME 45344.786667
1552405606204673 DISPLAY_INSTRUCTIONS Stimuli/instructions_audio_sentences.png
1552405606934587 KEY_PRESS space
1552405606935729 CHEETAH_SIGNAL SENT_AFTER_TIME 45345.516004
1552405607005835 CHEETAH_SIGNAL SENT_AFTER_TIME 45345.586033
1552405607004444 DISPLAY_INSTRUCTIONS OFF
1552405607050468 CHEETAH_SIGNAL SENT_AFTER_TIME 45345.630728
1552405607082755 CHEETAH_SIGNAL SENT_AFTER_TIME 45345.663026
1552405607127339 CHEETAH_SIGNAL SENT_AFTER_TIME 45345.707465
1552405607125601 DISPLAY_FIXATION
1552405610327590 CHEETAH_SIGNAL SENT_AFTER_TIME 45348.907677
1552405610373332 AUDIO_PLAYBACK_ONSET 1 44 1 The
1552405610441587 AUDIO_PLAYBACK_ONSET 2 44 2 salad
1552405610796715 AUDIO_PLAYBACK_ONSET 3 44 3 is
1552405610969889 AUDIO_PLAYBACK_ONSET 4 44 4 tasty
1552405611546074 AUDIO_PLAYBACK_ONSET _ 44 END_OF_WAV
1552405611560838 AUDIO_PLAYBACK_DONE 44.wav
1552405611559711 CHEETAH_SIGNAL SENT_AFTER_TIME 45350.139851
1552405606932594 KEY_PRESS space
1552405607044604 KEY_PRESS space
1552405611596259 CHEETAH_SIGNAL SENT_AFTER_TIME 45350.176432
1552405612560838 AUDIO_PLAYBACK_ONSET 5 125 1 we
1552405612673133 AUDIO_PLAYBACK_ONSET 6 125 2 believed
1552405612938503 AUDIO_PLAYBACK_ONSET 7 125 3 that
1552405613065518 AUDIO_PLAYBACK_ONSET 8 125 4 he
1552405613189509 AUDIO_PLAYBACK_ONSET 9 125 5 cried
1552405613662790 AUDIO_PLAYBACK_ONSET _ 125 END_OF_WAV
1552405613685832 AUDIO_PLAYBACK_DONE 125.wav
1552405613685751 CHEETAH_SIGNAL SENT_AFTER_TIME 45352.265906
1552405611852655 KEY_PRESS l
1552405611948760 KEY_PRESS l
1552405613720933 CHEETAH_SIGNAL SENT_AFTER_TIME 45352.301188
1552405614685832 AUDIO_PLAYBACK_ONSET 10 86 1 What
1552405614874173 AUDIO_PLAYBACK_ONSET 11 86 2 does
1552405615099978 AUDIO_PLAYBACK_ONSET 12 86 3 the
1552405615206707 AUDIO_PLAYBACK_ONSET 13 86 4 girl
1552405615433394 AUDIO_PLAYBACK_ONSET 14 86 5 eat?
1552405615948513 AUDIO_PLAYBACK_ONSET _ 86 END_OF_WAV
1552405615998354 AUDIO_PLAYBACK_DONE 86.wav
1552405615996120 CHEETAH_SIGNAL SENT_AFTER_TIME 45354.576275
1552405616030883 CHEETAH_SIGNAL SENT_AFTER_TIME 45354.611145
1552405616998354 AUDIO_PLAYBACK_ONSET 15 9 1 they
1552405617279370 AUDIO_PLAYBACK_ONSET 16 9 2 will
1552405617483499 AUDIO_PLAYBACK_ONSET 17 9 3 drink
1552405618116048 AUDIO_PLAYBACK_ONSET _ 9 END_OF_WAV
1552405618248333 AUDIO_PLAYBACK_DONE 9.wav
1552405618247297 CHEETAH_SIGNAL SENT_AFTER_TIME 45356.827430
1552405616876614 KEY_PRESS l
1552405617028602 KEY_PRESS l
1552405618282492 CHEETAH_SIGNAL SENT_AFTER_TIME 45356.862751
1552405619248333 AUDIO_PLAYBACK_ONSET 18 41 1 the
1552405619407033 AUDIO_PLAYBACK_ONSET 19 41 2 boy
1552405619594972 AUDIO_PLAYBACK_ONSET 20 41 3 sneezes
1552405620472024 AUDIO_PLAYBACK_ONSET _ 41 END_OF_WAV
1552405620474890 AUDIO_PLAYBACK_DONE 41.wav
1552405620475625 CHEETAH_SIGNAL SENT_AFTER_TIME 45359.055773
1552405619564749 KEY_PRESS l
1552405619876613 KEY_PRESS l
1552405620511108 CHEETAH_SIGNAL SENT_AFTER_TIME 45359.091375
1552405621474890 AUDIO_PLAYBACK_ONSET 21 109 1 the
1552405621642463 AUDIO_PLAYBACK_ONSET 22 109 2 boy
1552405621859065 AUDIO_PLAYBACK_ONSET 23 109 3 was
1552405622128117 AUDIO_PLAYBACK_ONSET 24 109 4 pushed
1552405622809975 AUDIO_PLAYBACK_ONSET _ 109 END_OF_WAV
1552405622920199 AUDIO_PLAYBACK_DONE 109.wav
1552405622917633 CHEETAH_SIGNAL SENT_AFTER_TIME 45361.497765
1552405622952460 CHEETAH_SIGNAL SENT_AFTER_TIME 45361.532687
1552405623920199 AUDIO_PLAYBACK_ONSET 25 34 1 the
1552405624125823 AUDIO_PLAYBACK_ONSET 26 34 2 boy
1552405624376241 AUDIO_PLAYBACK_ONSET 27 34 3 laughs
1552405625199571 AUDIO_PLAYBACK_ONSET _ 34 END_OF_WAV
1552405625295194 AUDIO_PLAYBACK_DONE 34.wav
1552405625292652 CHEETAH_SIGNAL SENT_AFTER_TIME 45363.872776
1552405625327627 CHEETAH_SIGNAL SENT_AFTER_TIME 45363.907880
1552405626295194 AUDIO_PLAYBACK_ONSET 28 53 1 they
1552405626456001 AUDIO_PLAYBACK_ONSET 29 53 2 heard
1552405626630393 AUDIO_PLAYBACK_ONSET 30 53 3 her
1552405626780592 AUDIO_PLAYBACK_ONSET 31 53 4 coughing
1552405627386430 AUDIO_PLAYBACK_ONSET _ 53 END_OF_WAV
1552405627795172 AUDIO_PLAYBACK_DONE 53.wav
1552405627789262 CHEETAH_SIGNAL SENT_AFTER_TIME 45366.369394
1552405626900778 KEY_PRESS F11
1552405627020721 KEY_PRESS F11
1552405627548722 KEY_PRESS F11
1552405627660758 KEY_PRESS F11
1552405627824792 CHEETAH_SIGNAL SENT_AFTER_TIME 45366.405051
1552405628795172 AUDIO_PLAYBACK_ONSET 32 15 1 he
1552405628954783 AUDIO_PLAYBACK_ONSET 33 15 2 remains
1552405629849478 AUDIO_PLAYBACK_ONSET _ 15 END_OF_WAV
1552405629857670 AUDIO_PLAYBACK_DONE 15.wav
1552405629857677 CHEETAH_SIGNAL SENT_AFTER_TIME 45368.437794
1552405629892753 CHEETAH_SIGNAL SENT_AFTER_TIME 45368.472950
1552405630857670 AUDIO_PLAYBACK_ONSET 34 106 1 they
1552405631170156 AUDIO_PLAYBACK_ONSET 35 106 2 vanish
1552405632008852 AUDIO_PLAYBACK_ONSET _ 106 END_OF_WAV
1552405632076426 AUDIO_PLAYBACK_DONE 106.wav
1552405632074055 CHEETAH_SIGNAL SENT_AFTER_TIME 45370.654180
1552405632108385 CHEETAH_SIGNAL SENT_AFTER_TIME 45370.688639
1552405633076426 AUDIO_PLAYBACK_ONSET 36 130 1 they
1552405633292993 AUDIO_PLAYBACK_ONSET 37 130 2 coughed
1552405634053322 AUDIO_PLAYBACK_ONSET _ 130 END_OF_WAV
1552405634388923 AUDIO_PLAYBACK_DONE 130.wav
1552405634385714 CHEETAH_SIGNAL SENT_AFTER_TIME 45372.965791
1552405634420477 CHEETAH_SIGNAL SENT_AFTER_TIME 45373.000726
1552405635388923 AUDIO_PLAYBACK_ONSET 38 123 1 Who
1552405635462592 AUDIO_PLAYBACK_ONSET 39 123 2 will
1552405635576765 AUDIO_PLAYBACK_ONSET 40 123 3 the
1552405635708370 AUDIO_PLAYBACK_ONSET 41 123 4 boys
1552405636010799 AUDIO_PLAYBACK_ONSET 42 123 5 kiss?
1552405636642675 AUDIO_PLAYBACK_ONSET _ 123 END_OF_WAV
1552405636685798 AUDIO_PLAYBACK_DONE 123.wav
1552405636678901 CHEETAH_SIGNAL SENT_AFTER_TIME 45375.259058
1552405636713781 CHEETAH_SIGNAL SENT_AFTER_TIME 45375.294044
1552405637685798 AUDIO_PLAYBACK_ONSET 43 28 1 the
1552405637796202 AUDIO_PLAYBACK_ONSET 44 28 2 host
1552405638159100 AUDIO_PLAYBACK_ONSET 45 28 3 was
1552405638330468 AUDIO_PLAYBACK_ONSET 46 28 4 warned
1552405639057272 AUDIO_PLAYBACK_ONSET _ 28 END_OF_WAV
1552405639185777 AUDIO_PLAYBACK_DONE 28.wav
1552405639181509 CHEETAH_SIGNAL SENT_AFTER_TIME 45377.761643
1552405639216278 CHEETAH_SIGNAL SENT_AFTER_TIME 45377.796541
1552405640185777 AUDIO_PLAYBACK_ONSET 47 21 1 who
1552405640438724 AUDIO_PLAYBACK_ONSET 48 21 2 winks?
1552405641154204 AUDIO_PLAYBACK_ONSET _ 21 END_OF_WAV
1552405641154513 AUDIO_PLAYBACK_DONE 21.wav
1552405641155686 CHEETAH_SIGNAL SENT_AFTER_TIME 45379.735831
1552405641190975 CHEETAH_SIGNAL SENT_AFTER_TIME 45379.771201
1552405642154513 AUDIO_PLAYBACK_ONSET 49 147 1 the
1552405642291234 AUDIO_PLAYBACK_ONSET 50 147 2 boys
1552405642633661 AUDIO_PLAYBACK_ONSET 51 147 3 tickle
1552405642892525 AUDIO_PLAYBACK_ONSET 52 147 4 the
1552405643026952 AUDIO_PLAYBACK_ONSET 53 147 5 girl
1552405643477466 AUDIO_PLAYBACK_ONSET _ 147 END_OF_WAV
1552405643506057 AUDIO_PLAYBACK_DONE 147.wav
1552405643507187 CHEETAH_SIGNAL SENT_AFTER_TIME 45382.087326
1552405643542007 CHEETAH_SIGNAL SENT_AFTER_TIME 45382.122222
1552405644506057 AUDIO_PLAYBACK_ONSET 54 78 1 she
1552405644736845 AUDIO_PLAYBACK_ONSET 55 78 2 saw
1552405644974777 AUDIO_PLAYBACK_ONSET 56 78 3 that
1552405645141043 AUDIO_PLAYBACK_ONSET 57 78 4 he
1552405645275776 AUDIO_PLAYBACK_ONSET 58 78 5 crawled
1552405645796551 AUDIO_PLAYBACK_ONSET _ 78 END_OF_WAV
1552405645927921 AUDIO_PLAYBACK_DONE 78.wav
1552405645929674 CHEETAH_SIGNAL SENT_AFTER_TIME 45384.509784
1552405645964584 CHEETAH_SIGNAL SENT_AFTER_TIME 45384.544844
1552405646927921 AUDIO_PLAYBACK_ONSET 59 51 1 she
1552405647122551 AUDIO_PLAYBACK_ONSET 60 51 2 smelled
1552405647429589 AUDIO_PLAYBACK_ONSET 61 51 3 it
1552405647607490 AUDIO_PLAYBACK_ONSET 62 51 4 burn
1552405648015670 AUDIO_PLAYBACK_ONSET _ 51 END_OF_WAV
1552405648271667 AUDIO_PLAYBACK_DONE 51.wav
1552405648268675 CHEETAH_SIGNAL SENT_AFTER_TIME 45386.848795
1552405648303497 CHEETAH_SIGNAL SENT_AFTER_TIME 45386.883733
1552405649271667 AUDIO_PLAYBACK_ONSET 63 116 1 who
1552405649425566 AUDIO_PLAYBACK_ONSET 64 116 2 vanished?
1552405650264565 AUDIO_PLAYBACK_ONSET _ 116 END_OF_WAV
1552405650334164 AUDIO_PLAYBACK_DONE 116.wav
1552405650333949 CHEETAH_SIGNAL SENT_AFTER_TIME 45388.914079
1552405650368699 CHEETAH_SIGNAL SENT_AFTER_TIME 45388.948941
1552405651334164 AUDIO_PLAYBACK_ONSET 65 138 1 he
1552405651433233 AUDIO_PLAYBACK_ONSET 66 138 2 shaved
1552405652322626 AUDIO_PLAYBACK_ONSET _ 138 END_OF_WAV
1552405652537276 AUDIO_PLAYBACK_DONE 138.wav
1552405652530411 CHEETAH_SIGNAL SENT_AFTER_TIME 45391.110577
1552405652565636 CHEETAH_SIGNAL SENT_AFTER_TIME 45391.145865
1552405653537276 AUDIO_PLAYBACK_ONSET 67 60 1 the
1552405653680349 AUDIO_PLAYBACK_ONSET 68 60 2 boy
1552405653839560 AUDIO_PLAYBACK_ONSET 69 60 3 smelled
1552405654187909 AUDIO_PLAYBACK_ONSET 70 60 4 the
1552405654253748 AUDIO_PLAYBACK_ONSET 71 60 5 flowers
1552405655121627 AUDIO_PLAYBACK_ONSET _ 60 END_OF_WAV
1552405655318526 AUDIO_PLAYBACK_DONE 60.wav
1552405655321545 CHEETAH_SIGNAL SENT_AFTER_TIME 45393.901670
1552405655356435 CHEETAH_SIGNAL SENT_AFTER_TIME 45393.936655
1552405656318526 AUDIO_PLAYBACK_ONSET 72 33 1 who
1552405656575723 AUDIO_PLAYBACK_ONSET 73 33 2 falls?
1552405657422750 AUDIO_PLAYBACK_ONSET _ 33 END_OF_WAV
1552405657459139 AUDIO_PLAYBACK_DONE 33.wav
1552405657463476 CHEETAH_SIGNAL SENT_AFTER_TIME 45396.043595
1552405657498294 CHEETAH_SIGNAL SENT_AFTER_TIME 45396.078548
1552405658459139 AUDIO_PLAYBACK_ONSET 74 47 1 she
1552405658695165 AUDIO_PLAYBACK_ONSET 75 47 2 will
1552405658815449 AUDIO_PLAYBACK_ONSET 76 47 3 sleep
1552405659508113 AUDIO_PLAYBACK_ONSET _ 47 END_OF_WAV
1552405659693519 AUDIO_PLAYBACK_DONE 47.wav
1552405659687508 CHEETAH_SIGNAL SENT_AFTER_TIME 45398.267635
1552405659722392 CHEETAH_SIGNAL SENT_AFTER_TIME 45398.302641
1552405660693519 AUDIO_PLAYBACK_ONSET 77 152 1 she
1552405661028070 AUDIO_PLAYBACK_ONSET 78 152 2 dressed
1552405661653571 AUDIO_PLAYBACK_ONSET _ 152 END_OF_WAV
1552405661756016 AUDIO_PLAYBACK_DONE 152.wav
1552405661757128 CHEETAH_SIGNAL SENT_AFTER_TIME 45400.337238
1552405661791939 CHEETAH_SIGNAL SENT_AFTER_TIME 45400.372199
1552405662756016 AUDIO_PLAYBACK_ONSET 79 82 1 the
1552405662898543 AUDIO_PLAYBACK_ONSET 80 82 2 boy
1552405663090558 AUDIO_PLAYBACK_ONSET 81 82 3 will
1552405663227465 AUDIO_PLAYBACK_ONSET 82 82 4 sing
1552405663783706 AUDIO_PLAYBACK_ONSET _ 82 END_OF_WAV
1552405664037266 AUDIO_PLAYBACK_DONE 82.wav
1552405664035802 CHEETAH_SIGNAL SENT_AFTER_TIME 45402.615931
1552405664070963 CHEETAH_SIGNAL SENT_AFTER_TIME 45402.651223
1552405665037266 AUDIO_PLAYBACK_ONSET 83 22 1 they
1552405665372582 AUDIO_PLAYBACK_ONSET 84 22 2 vanished
1552405666100668 AUDIO_PLAYBACK_ONSET _ 22 END_OF_WAV
1552405666193506 AUDIO_PLAYBACK_DONE 22.wav
1552405666193007 CHEETAH_SIGNAL SENT_AFTER_TIME 45404.773134
1552405666227815 CHEETAH_SIGNAL SENT_AFTER_TIME 45404.808069
1552405667193506 AUDIO_PLAYBACK_ONSET 85 52 1 he
1552405667337595 AUDIO_PLAYBACK_ONSET 86 52 2 disappeared
1552405668116311 AUDIO_PLAYBACK_ONSET _ 52 END_OF_WAV
1552405668443488 AUDIO_PLAYBACK_DONE 52.wav
1552405668441251 CHEETAH_SIGNAL SENT_AFTER_TIME 45407.021380
1552405668476197 CHEETAH_SIGNAL SENT_AFTER_TIME 45407.056432
1552405669443488 AUDIO_PLAYBACK_ONSET 87 73 1 she
1552405669661728 AUDIO_PLAYBACK_ONSET 88 73 2 heard
1552405669893497 AUDIO_PLAYBACK_ONSET 89 73 3 them
1552405670081342 AUDIO_PLAYBACK_ONSET 90 73 4 crying
1552405670608429 AUDIO_PLAYBACK_ONSET _ 73 END_OF_WAV
1552405670834104 AUDIO_PLAYBACK_DONE 73.wav
1552405670826284 CHEETAH_SIGNAL SENT_AFTER_TIME 45409.406422
1552405670861111 CHEETAH_SIGNAL SENT_AFTER_TIME 45409.441332
1552405671834104 AUDIO_PLAYBACK_ONSET 91 115 1 she
1552405671991715 AUDIO_PLAYBACK_ONSET 92 115 2 discovered
1552405672549615 AUDIO_PLAYBACK_ONSET 93 115 3 that
1552405672731958 AUDIO_PLAYBACK_ONSET 94 115 4 they
1552405672870829 AUDIO_PLAYBACK_ONSET 95 115 5 cough
1552405673491523 AUDIO_PLAYBACK_ONSET _ 115 END_OF_WAV
1552405673630978 AUDIO_PLAYBACK_DONE 115.wav
1552405673628360 CHEETAH_SIGNAL SENT_AFTER_TIME 45412.208490
1552405673663138 CHEETAH_SIGNAL SENT_AFTER_TIME 45412.243398
1552405674630978 AUDIO_PLAYBACK_ONSET 96 89 1 he
1552405674721907 AUDIO_PLAYBACK_ONSET 97 89 2 hears
1552405675055543 AUDIO_PLAYBACK_ONSET 98 89 3 the
1552405675131767 AUDIO_PLAYBACK_ONSET 99 89 4 men
1552405675529131 AUDIO_PLAYBACK_ONSET _ 89 END_OF_WAV
1552405675560666 AUDIO_PLAYBACK_DONE 89.wav
1552405675559882 CHEETAH_SIGNAL SENT_AFTER_TIME 45414.140020
1552405675595107 CHEETAH_SIGNAL SENT_AFTER_TIME 45414.175373
1552405676560666 AUDIO_PLAYBACK_ONSET 100 18 1 The
1552405676660990 AUDIO_PLAYBACK_ONSET 101 18 2 chef
1552405676934171 AUDIO_PLAYBACK_ONSET 102 18 3 served
1552405677390817 AUDIO_PLAYBACK_ONSET 103 18 4 the
1552405677540009 AUDIO_PLAYBACK_ONSET 104 18 5 cake
1552405677997663 AUDIO_PLAYBACK_ONSET _ 18 END_OF_WAV
1552405678060643 AUDIO_PLAYBACK_DONE 18.wav
1552405678055940 CHEETAH_SIGNAL SENT_AFTER_TIME 45416.636062
1552405678090690 CHEETAH_SIGNAL SENT_AFTER_TIME 45416.670917
1552405679060643 AUDIO_PLAYBACK_ONSET 105 57 1 who
1552405679240261 AUDIO_PLAYBACK_ONSET 106 57 2 eats
1552405679455111 AUDIO_PLAYBACK_ONSET 107 57 3 the
1552405679522304 AUDIO_PLAYBACK_ONSET 108 57 4 salad?
1552405680142799 AUDIO_PLAYBACK_ONSET _ 57 END_OF_WAV
1552405680295003 AUDIO_PLAYBACK_DONE 57.wav
1552405680288427 CHEETAH_SIGNAL SENT_AFTER_TIME 45418.868566
1552405678460721 KEY_PRESS l
1552405678548742 KEY_PRESS l
1552405679988765 KEY_PRESS l
1552405680132765 KEY_PRESS l
1552405680324578 CHEETAH_SIGNAL SENT_AFTER_TIME 45418.904798
1552405681295003 AUDIO_PLAYBACK_ONSET 109 101 1 she
1552405681680346 AUDIO_PLAYBACK_ONSET 110 101 2 cries
1552405682419466 AUDIO_PLAYBACK_ONSET _ 101 END_OF_WAV
1552405682529358 AUDIO_PLAYBACK_DONE 101.wav
1552405682523270 CHEETAH_SIGNAL SENT_AFTER_TIME 45421.103397
1552405682556412 CHEETAH_SIGNAL SENT_AFTER_TIME 45421.136693
1552405683529358 AUDIO_PLAYBACK_ONSET 111 12 1 who
1552405683777457 AUDIO_PLAYBACK_ONSET 112 12 2 jumped?
1552405684543893 AUDIO_PLAYBACK_ONSET _ 12 END_OF_WAV
1552405684935599 AUDIO_PLAYBACK_DONE 12.wav
1552405684931163 CHEETAH_SIGNAL SENT_AFTER_TIME 45423.511295
1552405684966361 CHEETAH_SIGNAL SENT_AFTER_TIME 45423.546597
1552405685935599 AUDIO_PLAYBACK_ONSET 113 124 1 who
1552405686043782 AUDIO_PLAYBACK_ONSET 114 124 2 disappeared?
1552405686798585 AUDIO_PLAYBACK_ONSET _ 124 END_OF_WAV
1552405686919977 AUDIO_PLAYBACK_DONE 124.wav
1552405686916131 CHEETAH_SIGNAL SENT_AFTER_TIME 45425.496299
1552405686950882 CHEETAH_SIGNAL SENT_AFTER_TIME 45425.531134
1552405687919977 AUDIO_PLAYBACK_ONSET 115 10 1 they
1552405688221282 AUDIO_PLAYBACK_ONSET 116 10 2 wink
1552405688824602 AUDIO_PLAYBACK_ONSET _ 10 END_OF_WAV
1552405689044969 AUDIO_PLAYBACK_DONE 10.wav
1552405689044664 CHEETAH_SIGNAL SENT_AFTER_TIME 45427.624780
1552405689079609 CHEETAH_SIGNAL SENT_AFTER_TIME 45427.659833
1552405690044969 AUDIO_PLAYBACK_ONSET 117 40 1 he
1552405690383592 AUDIO_PLAYBACK_ONSET 118 40 2 cried
1552405691120689 AUDIO_PLAYBACK_ONSET _ 40 END_OF_WAV
1552405691482476 AUDIO_PLAYBACK_DONE 40.wav
1552405691479666 CHEETAH_SIGNAL SENT_AFTER_TIME 45430.059825
1552405691514493 CHEETAH_SIGNAL SENT_AFTER_TIME 45430.094736
1552405692482476 AUDIO_PLAYBACK_ONSET 119 128 1 Whom
1552405692706981 AUDIO_PLAYBACK_ONSET 120 128 2 will
1552405692793422 AUDIO_PLAYBACK_ONSET 121 128 3 the
1552405692893094 AUDIO_PLAYBACK_ONSET 122 128 4 women
1552405693155064 AUDIO_PLAYBACK_ONSET 123 128 5 hug?
1552405693634900 AUDIO_PLAYBACK_ONSET _ 128 END_OF_WAV
1552405693794972 AUDIO_PLAYBACK_DONE 128.wav
1552405693792684 CHEETAH_SIGNAL SENT_AFTER_TIME 45432.372830
1552405693827508 CHEETAH_SIGNAL SENT_AFTER_TIME 45432.407765
1552405694794972 AUDIO_PLAYBACK_ONSET 124 32 1 the
1552405694938920 AUDIO_PLAYBACK_ONSET 125 32 2 girls
1552405695290644 AUDIO_PLAYBACK_ONSET 126 32 3 appear
1552405695941003 AUDIO_PLAYBACK_ONSET _ 32 END_OF_WAV
1552405696029330 AUDIO_PLAYBACK_DONE 32.wav
1552405696021922 CHEETAH_SIGNAL SENT_AFTER_TIME 45434.602052
1552405696057192 CHEETAH_SIGNAL SENT_AFTER_TIME 45434.637407
1552405697029330 AUDIO_PLAYBACK_ONSET 127 121 1 What
1552405697193098 AUDIO_PLAYBACK_ONSET 128 121 2 did
1552405697314821 AUDIO_PLAYBACK_ONSET 129 121 3 the
1552405697420120 AUDIO_PLAYBACK_ONSET 130 121 4 girls
1552405697709935 AUDIO_PLAYBACK_ONSET 131 121 5 find?
1552405698313717 AUDIO_PLAYBACK_ONSET _ 121 END_OF_WAV
1552405698466838 AUDIO_PLAYBACK_DONE 121.wav
1552405698462861 CHEETAH_SIGNAL SENT_AFTER_TIME 45437.043041
1552405698497753 CHEETAH_SIGNAL SENT_AFTER_TIME 45437.077973
1552405699466838 AUDIO_PLAYBACK_ONSET 132 16 1 What
1552405699667725 AUDIO_PLAYBACK_ONSET 133 16 2 will
1552405699869083 AUDIO_PLAYBACK_ONSET 134 16 3 the
1552405700010232 AUDIO_PLAYBACK_ONSET 135 16 4 girls
1552405700428741 AUDIO_PLAYBACK_ONSET 136 16 5 find?
1552405700878835 AUDIO_PLAYBACK_ONSET _ 16 END_OF_WAV
1552405700935572 AUDIO_PLAYBACK_DONE 16.wav
1552405700930676 CHEETAH_SIGNAL SENT_AFTER_TIME 45439.510801
1552405700965520 CHEETAH_SIGNAL SENT_AFTER_TIME 45439.545776
1552405701935572 AUDIO_PLAYBACK_ONSET 137 58 1 he
1552405702147027 AUDIO_PLAYBACK_ONSET 138 58 2 laughs
1552405702935054 AUDIO_PLAYBACK_ONSET _ 58 END_OF_WAV
1552405703162150 AUDIO_PLAYBACK_DONE 58.wav
1552405703163132 CHEETAH_SIGNAL SENT_AFTER_TIME 45441.743270
1552405703197938 CHEETAH_SIGNAL SENT_AFTER_TIME 45441.778160
1552405704162150 AUDIO_PLAYBACK_ONSET 139 104 1 they
1552405704405157 AUDIO_PLAYBACK_ONSET 140 104 2 heared
1552405704685817 AUDIO_PLAYBACK_ONSET 141 104 3 that
1552405704790655 AUDIO_PLAYBACK_ONSET 142 104 4 she
1552405704988318 AUDIO_PLAYBACK_ONSET 143 104 5 laughed
1552405705761498 AUDIO_PLAYBACK_ONSET _ 104 END_OF_WAV
1552405705787140 AUDIO_PLAYBACK_DONE 104.wav
1552405705781088 CHEETAH_SIGNAL SENT_AFTER_TIME 45444.361244
1552405705815898 CHEETAH_SIGNAL SENT_AFTER_TIME 45444.396153
1552405706787140 AUDIO_PLAYBACK_ONSET 144 27 1 Who
1552405706987324 AUDIO_PLAYBACK_ONSET 145 27 2 did
1552405707169908 AUDIO_PLAYBACK_ONSET 146 27 3 the
1552405707320738 AUDIO_PLAYBACK_ONSET 147 27 4 boys
1552405707688174 AUDIO_PLAYBACK_ONSET 148 27 5 kiss?
1552405708385622 AUDIO_PLAYBACK_ONSET _ 27 END_OF_WAV
1552405708474627 AUDIO_PLAYBACK_DONE 27.wav
1552405708468537 CHEETAH_SIGNAL SENT_AFTER_TIME 45447.048668
1552405708503764 CHEETAH_SIGNAL SENT_AFTER_TIME 45447.083979
1552405709474627 AUDIO_PLAYBACK_ONSET 149 49 1 the
1552405709644335 AUDIO_PLAYBACK_ONSET 150 49 2 girl
1552405709853571 AUDIO_PLAYBACK_ONSET 151 49 3 ate
1552405710039842 AUDIO_PLAYBACK_ONSET 152 49 4 the
1552405710098531 AUDIO_PLAYBACK_ONSET 153 49 5 salad
1552405710714331 AUDIO_PLAYBACK_ONSET _ 49 END_OF_WAV
1552405710740255 AUDIO_PLAYBACK_DONE 49.wav
1552405710742976 CHEETAH_SIGNAL SENT_AFTER_TIME 45449.323099
1552405710777814 CHEETAH_SIGNAL SENT_AFTER_TIME 45449.358046
1552405711740255 AUDIO_PLAYBACK_ONSET 154 88 1 he
1552405711956094 AUDIO_PLAYBACK_ONSET 155 88 2 collapses
1552405712900447 AUDIO_PLAYBACK_ONSET _ 88 END_OF_WAV
1552405712958986 AUDIO_PLAYBACK_DONE 88.wav
1552405712957804 CHEETAH_SIGNAL SENT_AFTER_TIME 45451.537931
1552405710804616 KEY_PRESS l
1552405710924691 KEY_PRESS l
1552405712992925 CHEETAH_SIGNAL SENT_AFTER_TIME 45451.573181
1552405713958986 AUDIO_PLAYBACK_ONSET 156 13 1 she
1552405714228507 AUDIO_PLAYBACK_ONSET 157 13 2 sliced
1552405714672096 AUDIO_PLAYBACK_ONSET 158 13 3 the
1552405714748918 AUDIO_PLAYBACK_ONSET 159 13 4 mushrooms
1552405715681940 AUDIO_PLAYBACK_ONSET _ 13 END_OF_WAV
1552405715802731 AUDIO_PLAYBACK_DONE 13.wav
1552405715804874 CHEETAH_SIGNAL SENT_AFTER_TIME 45454.384992
1552405715839748 CHEETAH_SIGNAL SENT_AFTER_TIME 45454.419965
1552405716802731 AUDIO_PLAYBACK_ONSET 160 102 1 we
1552405716953238 AUDIO_PLAYBACK_ONSET 161 102 2 heard
1552405717217791 AUDIO_PLAYBACK_ONSET 162 102 3 that
1552405717325968 AUDIO_PLAYBACK_ONSET 163 102 4 she
1552405717544465 AUDIO_PLAYBACK_ONSET 164 102 5 sneezed
1552405718356330 AUDIO_PLAYBACK_ONSET _ 102 END_OF_WAV
1552405718396495 AUDIO_PLAYBACK_DONE 102.wav
1552405718391149 CHEETAH_SIGNAL SENT_AFTER_TIME 45456.971320
1552405717396751 KEY_PRESS l
1552405717572732 KEY_PRESS l
1552405718426769 CHEETAH_SIGNAL SENT_AFTER_TIME 45457.006998
1552405719396495 AUDIO_PLAYBACK_ONSET 165 45 1 Whom
1552405719511552 AUDIO_PLAYBACK_ONSET 166 45 2 does
1552405719708543 AUDIO_PLAYBACK_ONSET 167 45 3 the
1552405719829825 AUDIO_PLAYBACK_ONSET 168 45 4 boy
1552405720074593 AUDIO_PLAYBACK_ONSET 169 45 5 tickle?
1552405720488422 AUDIO_PLAYBACK_ONSET _ 45 END_OF_WAV
1552405720490241 AUDIO_PLAYBACK_DONE 45.wav
1552405720490644 CHEETAH_SIGNAL SENT_AFTER_TIME 45459.070786
1552405720525484 CHEETAH_SIGNAL SENT_AFTER_TIME 45459.105701
1552405721490241 AUDIO_PLAYBACK_ONSET 170 71 1 who
1552405721673391 AUDIO_PLAYBACK_ONSET 171 71 2 coughed?
1552405722426734 AUDIO_PLAYBACK_ONSET _ 71 END_OF_WAV
1552405722490243 AUDIO_PLAYBACK_DONE 71.wav
1552405722492536 CHEETAH_SIGNAL SENT_AFTER_TIME 45461.072675
1552405722527358 CHEETAH_SIGNAL SENT_AFTER_TIME 45461.107587
1552405723490243 AUDIO_PLAYBACK_ONSET 172 137 1 the
1552405723631209 AUDIO_PLAYBACK_ONSET 173 137 2 boys
1552405723941763 AUDIO_PLAYBACK_ONSET 174 137 3 vanished
1552405724804626 AUDIO_PLAYBACK_ONSET _ 137 END_OF_WAV
1552405724912105 AUDIO_PLAYBACK_DONE 137.wav
1552405724913643 CHEETAH_SIGNAL SENT_AFTER_TIME 45463.493772
1552405724948554 CHEETAH_SIGNAL SENT_AFTER_TIME 45463.528807
1552405725912105 AUDIO_PLAYBACK_ONSET 175 66 1 they
1552405726008563 AUDIO_PLAYBACK_ONSET 176 66 2 appeared
1552405726609145 AUDIO_PLAYBACK_ONSET _ 66 END_OF_WAV
1552405727123041 AUDIO_PLAYBACK_DONE 66.wav
1552405727118056 CHEETAH_SIGNAL SENT_AFTER_TIME 45465.698190
1552405727152873 CHEETAH_SIGNAL SENT_AFTER_TIME 45465.733124
1552405728123041 AUDIO_PLAYBACK_ONSET 177 105 1 the
1552405728266345 AUDIO_PLAYBACK_ONSET 178 105 2 boys
1552405728568420 AUDIO_PLAYBACK_ONSET 179 105 3 winked
1552405729238699 AUDIO_PLAYBACK_ONSET _ 105 END_OF_WAV
1552405729337871 AUDIO_PLAYBACK_DONE 105.wav
1552405729330598 CHEETAH_SIGNAL SENT_AFTER_TIME 45467.910731
1552405729365832 CHEETAH_SIGNAL SENT_AFTER_TIME 45467.946050
1552405730337871 AUDIO_PLAYBACK_ONSET 180 2 1 who
1552405730456860 AUDIO_PLAYBACK_ONSET 181 2 2 hugs
1552405730749258 AUDIO_PLAYBACK_ONSET 182 2 3 the
1552405730830480 AUDIO_PLAYBACK_ONSET 183 2 4 friend?
1552405731369411 AUDIO_PLAYBACK_ONSET _ 2 END_OF_WAV
1552405731759735 AUDIO_PLAYBACK_DONE 2.wav
1552405731761064 CHEETAH_SIGNAL SENT_AFTER_TIME 45470.341186
1552405731795983 CHEETAH_SIGNAL SENT_AFTER_TIME 45470.376207
1552405732759735 AUDIO_PLAYBACK_ONSET 184 90 1 Whom
1552405732999470 AUDIO_PLAYBACK_ONSET 185 90 2 do
1552405733126569 AUDIO_PLAYBACK_ONSET 186 90 3 the
1552405733200399 AUDIO_PLAYBACK_ONSET 187 90 4 women
1552405733509735 AUDIO_PLAYBACK_ONSET 188 90 5 hug?
1552405733969534 AUDIO_PLAYBACK_ONSET _ 90 END_OF_WAV
1552405734150352 AUDIO_PLAYBACK_DONE 90.wav
1552405734152229 CHEETAH_SIGNAL SENT_AFTER_TIME 45472.732355
1552405734187082 CHEETAH_SIGNAL SENT_AFTER_TIME 45472.767300
1552405735150352 AUDIO_PLAYBACK_ONSET 189 74 1 she
1552405735341505 AUDIO_PLAYBACK_ONSET 190 74 2 eats
1552405735625607 AUDIO_PLAYBACK_ONSET 191 74 3 the
1552405735703017 AUDIO_PLAYBACK_ONSET 192 74 4 salad
1552405736279202 AUDIO_PLAYBACK_ONSET _ 74 END_OF_WAV
1552405736337836 AUDIO_PLAYBACK_DONE 74.wav
1552405736337340 CHEETAH_SIGNAL SENT_AFTER_TIME 45474.917462
1552405736172714 KEY_PRESS l
1552405736324768 KEY_PRESS l
1552405736372616 CHEETAH_SIGNAL SENT_AFTER_TIME 45474.952837
1552405737337836 AUDIO_PLAYBACK_ONSET 193 31 1 she
1552405737761658 AUDIO_PLAYBACK_ONSET 194 31 2 washed
1552405738579016 AUDIO_PLAYBACK_ONSET _ 31 END_OF_WAV
1552405738587819 AUDIO_PLAYBACK_DONE 31.wav
1552405738586716 CHEETAH_SIGNAL SENT_AFTER_TIME 45477.166892
1552405738621563 CHEETAH_SIGNAL SENT_AFTER_TIME 45477.201793
1552405739587819 AUDIO_PLAYBACK_ONSET 195 141 1 who
1552405739732777 AUDIO_PLAYBACK_ONSET 196 141 2 collapsed?
1552405740638356 AUDIO_PLAYBACK_ONSET _ 141 END_OF_WAV
1552405740658116 AUDIO_PLAYBACK_DONE 141.wav
1552405740651091 CHEETAH_SIGNAL SENT_AFTER_TIME 45479.231219
1552405740685775 CHEETAH_SIGNAL SENT_AFTER_TIME 45479.266004
1552405741658116 AUDIO_PLAYBACK_ONSET 197 25 1 they
1552405741950977 AUDIO_PLAYBACK_ONSET 198 25 2 hug
1552405742237263 AUDIO_PLAYBACK_ONSET 199 25 3 the
1552405742339076 AUDIO_PLAYBACK_ONSET 200 25 4 friend
1552405742944914 AUDIO_PLAYBACK_ONSET _ 25 END_OF_WAV
1552405743158118 AUDIO_PLAYBACK_DONE 25.wav
1552405743152877 CHEETAH_SIGNAL SENT_AFTER_TIME 45481.732990
1552405743187829 CHEETAH_SIGNAL SENT_AFTER_TIME 45481.768043
1552405744158118 AUDIO_PLAYBACK_ONSET 201 3 1 They
1552405744276973 AUDIO_PLAYBACK_ONSET 202 3 2 ate
1552405744523664 AUDIO_PLAYBACK_ONSET 203 3 3 the
1552405744641995 AUDIO_PLAYBACK_ONSET 204 3 4 grapes
1552405744999997 AUDIO_PLAYBACK_ONSET 205 3 5 together
1552405745490370 AUDIO_PLAYBACK_ONSET _ 3 END_OF_WAV
1552405745650321 AUDIO_PLAYBACK_DONE 3.wav
1552405745653594 CHEETAH_SIGNAL SENT_AFTER_TIME 45484.233727
1552405745688840 CHEETAH_SIGNAL SENT_AFTER_TIME 45484.269094
1552405746650321 AUDIO_PLAYBACK_ONSET 206 37 1 who
1552405746966044 AUDIO_PLAYBACK_ONSET 207 37 2 blooms?
1552405747742983 AUDIO_PLAYBACK_ONSET _ 37 END_OF_WAV
1552405747744063 AUDIO_PLAYBACK_DONE 37.wav
1552405747744284 CHEETAH_SIGNAL SENT_AFTER_TIME 45486.324451
1552405747779097 CHEETAH_SIGNAL SENT_AFTER_TIME 45486.359324
1552405748744063 AUDIO_PLAYBACK_ONSET 208 62 1 What
1552405748926196 AUDIO_PLAYBACK_ONSET 209 62 2 will
1552405749049578 AUDIO_PLAYBACK_ONSET 210 62 3 the
1552405749183816 AUDIO_PLAYBACK_ONSET 211 62 4 girl
1552405749442423 AUDIO_PLAYBACK_ONSET 212 62 5 kick?
1552405750112630 AUDIO_PLAYBACK_ONSET _ 62 END_OF_WAV
1552405750212798 AUDIO_PLAYBACK_DONE 62.wav
1552405750208799 CHEETAH_SIGNAL SENT_AFTER_TIME 45488.788930
1552405750243770 CHEETAH_SIGNAL SENT_AFTER_TIME 45488.824025
1552405751212798 AUDIO_PLAYBACK_ONSET 213 20 1 she
1552405751594083 AUDIO_PLAYBACK_ONSET 214 20 2 sneezed
1552405752427046 AUDIO_PLAYBACK_ONSET _ 20 END_OF_WAV
1552405752431529 AUDIO_PLAYBACK_DONE 20.wav
1552405752430561 CHEETAH_SIGNAL SENT_AFTER_TIME 45491.010725
1552405752465348 CHEETAH_SIGNAL SENT_AFTER_TIME 45491.045589
1552405753431529 AUDIO_PLAYBACK_ONSET 215 7 1 he
1552405753589218 AUDIO_PLAYBACK_ONSET 216 7 2 arrived
1552405754423490 AUDIO_PLAYBACK_ONSET _ 7 END_OF_WAV
1552405754525273 AUDIO_PLAYBACK_DONE 7.wav
1552405754524968 CHEETAH_SIGNAL SENT_AFTER_TIME 45493.105096
1552405754559779 CHEETAH_SIGNAL SENT_AFTER_TIME 45493.140044
1552405755525273 AUDIO_PLAYBACK_ONSET 217 85 1 The
1552405755626889 AUDIO_PLAYBACK_ONSET 218 85 2 cook
1552405755846331 AUDIO_PLAYBACK_ONSET 219 85 3 prepared
1552405756206648 AUDIO_PLAYBACK_ONSET 220 85 4 the
1552405756265347 AUDIO_PLAYBACK_ONSET 221 85 5 meal
1552405756771959 AUDIO_PLAYBACK_ONSET _ 85 END_OF_WAV
1552405756869015 AUDIO_PLAYBACK_DONE 85.wav
1552405756866145 CHEETAH_SIGNAL SENT_AFTER_TIME 45495.446281
1552405756901308 CHEETAH_SIGNAL SENT_AFTER_TIME 45495.481567
1552405757869015 AUDIO_PLAYBACK_ONSET 222 65 1 they
1552405758000715 AUDIO_PLAYBACK_ONSET 223 65 2 found
1552405758293639 AUDIO_PLAYBACK_ONSET 224 65 3 the
1552405758413766 AUDIO_PLAYBACK_ONSET 225 65 4 bikes
1552405759063374 AUDIO_PLAYBACK_ONSET _ 65 END_OF_WAV
1552405759244008 AUDIO_PLAYBACK_DONE 65.wav
1552405759241356 CHEETAH_SIGNAL SENT_AFTER_TIME 45497.821525
1552405757204792 KEY_PRESS l
1552405757356729 KEY_PRESS l
1552405759276694 CHEETAH_SIGNAL SENT_AFTER_TIME 45497.856941
1552405760244008 AUDIO_PLAYBACK_ONSET 226 81 1 the
1552405760334608 AUDIO_PLAYBACK_ONSET 227 81 2 actors
1552405760708889 AUDIO_PLAYBACK_ONSET 228 81 3 will
1552405760804654 AUDIO_PLAYBACK_ONSET 229 81 4 snore
1552405761392011 AUDIO_PLAYBACK_ONSET _ 81 END_OF_WAV
1552405761431495 AUDIO_PLAYBACK_DONE 81.wav
1552405761430470 CHEETAH_SIGNAL SENT_AFTER_TIME 45500.010647
1552405761465658 CHEETAH_SIGNAL SENT_AFTER_TIME 45500.045891
1552405762431495 AUDIO_PLAYBACK_ONSET 230 26 1 Whom
1552405762648486 AUDIO_PLAYBACK_ONSET 231 26 2 will
1552405762838505 AUDIO_PLAYBACK_ONSET 232 26 3 the
1552405762992895 AUDIO_PLAYBACK_ONSET 233 26 4 boy
1552405763238641 AUDIO_PLAYBACK_ONSET 234 26 5 tickle?
1552405763715515 AUDIO_PLAYBACK_ONSET _ 26 END_OF_WAV
1552405763790862 AUDIO_PLAYBACK_DONE 26.wav
1552405763782831 CHEETAH_SIGNAL SENT_AFTER_TIME 45502.363008
1552405763817738 CHEETAH_SIGNAL SENT_AFTER_TIME 45502.397958
1552405764790862 AUDIO_PLAYBACK_ONSET 235 56 1 we
1552405764915979 AUDIO_PLAYBACK_ONSET 236 56 2 revealed
1552405765288269 AUDIO_PLAYBACK_ONSET 237 56 3 that
1552405765366079 AUDIO_PLAYBACK_ONSET 238 56 4 she
1552405765585144 AUDIO_PLAYBACK_ONSET 239 56 5 jumps
1552405766254309 AUDIO_PLAYBACK_ONSET _ 56 END_OF_WAV
1552405766572115 AUDIO_PLAYBACK_DONE 56.wav
1552405766563820 CHEETAH_SIGNAL SENT_AFTER_TIME 45505.143964
1552405766598235 CHEETAH_SIGNAL SENT_AFTER_TIME 45505.178463
1552405767572115 AUDIO_PLAYBACK_ONSET 240 150 1 What
1552405767705284 AUDIO_PLAYBACK_ONSET 241 150 2 did
1552405767869091 AUDIO_PLAYBACK_ONSET 242 150 3 the
1552405767987537 AUDIO_PLAYBACK_ONSET 243 150 4 boy
1552405768174865 AUDIO_PLAYBACK_ONSET 244 150 5 smell?
1552405768749452 AUDIO_PLAYBACK_ONSET _ 150 END_OF_WAV
1552405768822117 AUDIO_PLAYBACK_DONE 150.wav
1552405768820530 CHEETAH_SIGNAL SENT_AFTER_TIME 45507.400712
1552405768855442 CHEETAH_SIGNAL SENT_AFTER_TIME 45507.435695
1552405769822117 AUDIO_PLAYBACK_ONSET 245 117 1 the
1552405769889133 AUDIO_PLAYBACK_ONSET 246 117 2 women
1552405770141399 AUDIO_PLAYBACK_ONSET 247 117 3 hug
1552405770413071 AUDIO_PLAYBACK_ONSET 248 117 4 the
1552405770473134 AUDIO_PLAYBACK_ONSET 249 117 5 friend
1552405771145843 AUDIO_PLAYBACK_ONSET _ 117 END_OF_WAV
1552405771197108 AUDIO_PLAYBACK_DONE 117.wav
1552405771194828 CHEETAH_SIGNAL SENT_AFTER_TIME 45509.774958
1552405771229632 CHEETAH_SIGNAL SENT_AFTER_TIME 45509.809885
1552405772197108 AUDIO_PLAYBACK_ONSET 250 23 1 they
1552405772474848 AUDIO_PLAYBACK_ONSET 251 23 2 saw
1552405772802464 AUDIO_PLAYBACK_ONSET 252 23 3 him
1552405773037340 AUDIO_PLAYBACK_ONSET 253 23 4 dance
1552405773697612 AUDIO_PLAYBACK_ONSET _ 23 END_OF_WAV
1552405773697088 AUDIO_PLAYBACK_DONE 23.wav
1552405773696513 CHEETAH_SIGNAL SENT_AFTER_TIME 45512.276803
1552405773729913 CHEETAH_SIGNAL SENT_AFTER_TIME 45512.310261
1552405774697088 AUDIO_PLAYBACK_ONSET 254 96 1 the
1552405774842892 AUDIO_PLAYBACK_ONSET 255 96 2 girl
1552405775065424 AUDIO_PLAYBACK_ONSET 256 96 3 kicked
1552405775380602 AUDIO_PLAYBACK_ONSET 257 96 4 the
1552405775510488 AUDIO_PLAYBACK_ONSET 258 96 5 ball
1552405775919221 AUDIO_PLAYBACK_ONSET _ 96 END_OF_WAV
1552405776048632 AUDIO_PLAYBACK_DONE 96.wav
1552405776046080 CHEETAH_SIGNAL SENT_AFTER_TIME 45514.626272
1552405776080468 CHEETAH_SIGNAL SENT_AFTER_TIME 45514.660725
1552405777048632 AUDIO_PLAYBACK_ONSET 259 76 1 the
1552405777182286 AUDIO_PLAYBACK_ONSET 260 76 2 girl
1552405777408973 AUDIO_PLAYBACK_ONSET 261 76 3 disappears
1552405778359826 AUDIO_PLAYBACK_ONSET _ 76 END_OF_WAV
1552405778361131 AUDIO_PLAYBACK_DONE 76.wav
1552405778355631 CHEETAH_SIGNAL SENT_AFTER_TIME 45516.935758
1552405778390589 CHEETAH_SIGNAL SENT_AFTER_TIME 45516.970842
1552405779361131 AUDIO_PLAYBACK_ONSET 262 80 1 she
1552405779668703 AUDIO_PLAYBACK_ONSET 263 80 2 crawls
1552405780416486 AUDIO_PLAYBACK_ONSET _ 80 END_OF_WAV
1552405780579861 AUDIO_PLAYBACK_DONE 80.wav
1552405780579073 CHEETAH_SIGNAL SENT_AFTER_TIME 45519.159231
1552405780613975 CHEETAH_SIGNAL SENT_AFTER_TIME 45519.194203
1552405781579861 AUDIO_PLAYBACK_ONSET 264 54 1 she
1552405781873477 AUDIO_PLAYBACK_ONSET 265 54 2 smiled
1552405782665633 AUDIO_PLAYBACK_ONSET _ 54 END_OF_WAV
1552405782829843 AUDIO_PLAYBACK_DONE 54.wav
1552405782828696 CHEETAH_SIGNAL SENT_AFTER_TIME 45521.408789
1552405782863449 CHEETAH_SIGNAL SENT_AFTER_TIME 45521.443696
1552405783829843 AUDIO_PLAYBACK_ONSET 266 72 1 the
1552405783974012 AUDIO_PLAYBACK_ONSET 267 72 2 girls
1552405784242352 AUDIO_PLAYBACK_ONSET 268 72 3 found
1552405784484757 AUDIO_PLAYBACK_ONSET 269 72 4 the
1552405784593490 AUDIO_PLAYBACK_ONSET 270 72 5 bikes
1552405785305740 AUDIO_PLAYBACK_ONSET _ 72 END_OF_WAV
1552405785314199 AUDIO_PLAYBACK_DONE 72.wav
1552405785314874 CHEETAH_SIGNAL SENT_AFTER_TIME 45523.894995
1552405785350094 CHEETAH_SIGNAL SENT_AFTER_TIME 45523.930341
1552405786314199 AUDIO_PLAYBACK_ONSET 271 4 1 he
1552405786423221 AUDIO_PLAYBACK_ONSET 272 4 2 showered
1552405787157459 AUDIO_PLAYBACK_ONSET _ 4 END_OF_WAV
1552405787370822 AUDIO_PLAYBACK_DONE 4.wav
1552405787367542 CHEETAH_SIGNAL SENT_AFTER_TIME 45525.947680
1552405787402360 CHEETAH_SIGNAL SENT_AFTER_TIME 45525.982616
1552405788370822 AUDIO_PLAYBACK_ONSET 273 132 1 the
1552405788498236 AUDIO_PLAYBACK_ONSET 274 132 2 boys
1552405788773619 AUDIO_PLAYBACK_ONSET 275 132 3 kissed
1552405789065264 AUDIO_PLAYBACK_ONSET 276 132 4 the
1552405789163925 AUDIO_PLAYBACK_ONSET 277 132 5 clowns
1552405789934780 AUDIO_PLAYBACK_ONSET _ 132 END_OF_WAV
1552405789984092 AUDIO_PLAYBACK_DONE 132.wav
1552405789979710 CHEETAH_SIGNAL SENT_AFTER_TIME 45528.559875
1552405790014669 CHEETAH_SIGNAL SENT_AFTER_TIME 45528.594871
1552405790984092 AUDIO_PLAYBACK_ONSET 278 98 1 the
1552405791106833 AUDIO_PLAYBACK_ONSET 279 98 2 boy
1552405791428347 AUDIO_PLAYBACK_ONSET 280 98 3 bloomed
1552405792095829 AUDIO_PLAYBACK_ONSET _ 98 END_OF_WAV
1552405792331759 AUDIO_PLAYBACK_DONE 98.wav
1552405792325789 CHEETAH_SIGNAL SENT_AFTER_TIME 45530.905902
1552405792360629 CHEETAH_SIGNAL SENT_AFTER_TIME 45530.940885
1552405793331759 AUDIO_PLAYBACK_ONSET 281 64 1 who
1552405793487572 AUDIO_PLAYBACK_ONSET 282 64 2 remains?
1552405794309851 AUDIO_PLAYBACK_ONSET _ 64 END_OF_WAV
1552405794316113 AUDIO_PLAYBACK_DONE 64.wav
1552405794312403 CHEETAH_SIGNAL SENT_AFTER_TIME 45532.892572
1552405794347302 CHEETAH_SIGNAL SENT_AFTER_TIME 45532.927560
1552405795316113 AUDIO_PLAYBACK_ONSET 283 50 1 What
1552405795457160 AUDIO_PLAYBACK_ONSET 284 50 2 did
1552405795608918 AUDIO_PLAYBACK_ONSET 285 50 3 the
1552405795710337 AUDIO_PLAYBACK_ONSET 286 50 4 girl
1552405795943526 AUDIO_PLAYBACK_ONSET 287 50 5 kick?
1552405796412125 AUDIO_PLAYBACK_ONSET _ 50 END_OF_WAV
1552405796417655 AUDIO_PLAYBACK_DONE 50.wav
1552405796419694 CHEETAH_SIGNAL SENT_AFTER_TIME 45534.999786
1552405796454887 CHEETAH_SIGNAL SENT_AFTER_TIME 45535.035140
1552405797417655 AUDIO_PLAYBACK_ONSET 288 94 1 she
1552405797763722 AUDIO_PLAYBACK_ONSET 289 94 2 kicked
1552405798074138 AUDIO_PLAYBACK_ONSET 290 94 3 the
1552405798221565 AUDIO_PLAYBACK_ONSET 291 94 4 ball
1552405798583580 AUDIO_PLAYBACK_ONSET _ 94 END_OF_WAV
1552405798636390 AUDIO_PLAYBACK_DONE 94.wav
1552405798636210 CHEETAH_SIGNAL SENT_AFTER_TIME 45537.216381
1552405798671016 CHEETAH_SIGNAL SENT_AFTER_TIME 45537.251262
1552405799636390 AUDIO_PLAYBACK_ONSET 292 14 1 the
1552405799816572 AUDIO_PLAYBACK_ONSET 293 14 2 boy
1552405800036013 AUDIO_PLAYBACK_ONSET 294 14 3 remains
1552405800919198 AUDIO_PLAYBACK_ONSET _ 14 END_OF_WAV
1552405800980158 AUDIO_PLAYBACK_DONE 14.wav
1552405800977861 CHEETAH_SIGNAL SENT_AFTER_TIME 45539.557991
1552405801012744 CHEETAH_SIGNAL SENT_AFTER_TIME 45539.592950
1552405801980158 AUDIO_PLAYBACK_ONSET 295 48 1 she
1552405802194785 AUDIO_PLAYBACK_ONSET 296 48 2 collapsed
1552405803097306 AUDIO_PLAYBACK_ONSET _ 48 END_OF_WAV
1552405803152019 AUDIO_PLAYBACK_DONE 48.wav
1552405803146433 CHEETAH_SIGNAL SENT_AFTER_TIME 45541.726592
1552405803181398 CHEETAH_SIGNAL SENT_AFTER_TIME 45541.761595
1552405804152019 AUDIO_PLAYBACK_ONSET 297 119 1 she
1552405804383988 AUDIO_PLAYBACK_ONSET 298 119 2 was
1552405804618654 AUDIO_PLAYBACK_ONSET 299 119 3 kicked
1552405805288463 AUDIO_PLAYBACK_ONSET _ 119 END_OF_WAV
1552405805308278 AUDIO_PLAYBACK_DONE 119.wav
1552405805307557 CHEETAH_SIGNAL SENT_AFTER_TIME 45543.887684
1552405805342417 CHEETAH_SIGNAL SENT_AFTER_TIME 45543.922670
1552405806308278 AUDIO_PLAYBACK_ONSET 300 75 1 he
1552405806461859 AUDIO_PLAYBACK_ONSET 301 75 2 falls
1552405807199073 AUDIO_PLAYBACK_ONSET _ 75 END_OF_WAV
1552405807308255 AUDIO_PLAYBACK_DONE 75.wav
1552405807309689 CHEETAH_SIGNAL SENT_AFTER_TIME 45545.889787
1552405807344873 CHEETAH_SIGNAL SENT_AFTER_TIME 45545.925125
1552405808308255 AUDIO_PLAYBACK_ONSET 302 8 1 he
1552405808419666 AUDIO_PLAYBACK_ONSET 303 8 2 will
1552405808582189 AUDIO_PLAYBACK_ONSET 304 8 3 sneeze
1552405809443960 AUDIO_PLAYBACK_ONSET _ 8 END_OF_WAV
1552405809487942 AUDIO_PLAYBACK_DONE 8.wav
1552405809484365 CHEETAH_SIGNAL SENT_AFTER_TIME 45548.064490
1552405809519293 CHEETAH_SIGNAL SENT_AFTER_TIME 45548.099518
1552405810487942 AUDIO_PLAYBACK_ONSET 305 67 1 they
1552405810687763 AUDIO_PLAYBACK_ONSET 306 67 2 appear
1552405811263305 AUDIO_PLAYBACK_ONSET _ 67 END_OF_WAV
1552405811409823 AUDIO_PLAYBACK_DONE 67.wav
1552405811405699 CHEETAH_SIGNAL SENT_AFTER_TIME 45549.985803
1552405811440525 CHEETAH_SIGNAL SENT_AFTER_TIME 45550.020787
1552405812409823 AUDIO_PLAYBACK_ONSET 307 112 1 who
1552405812563258 AUDIO_PLAYBACK_ONSET 308 112 2 appeared?
1552405813242429 AUDIO_PLAYBACK_ONSET _ 112 END_OF_WAV
1552405813347308 AUDIO_PLAYBACK_DONE 112.wav
1552405813349432 CHEETAH_SIGNAL SENT_AFTER_TIME 45551.929562
1552405813384309 CHEETAH_SIGNAL SENT_AFTER_TIME 45551.964533
1552405814347308 AUDIO_PLAYBACK_ONSET 309 108 1 she
1552405814600209 AUDIO_PLAYBACK_ONSET 310 108 2 arrives
1552405815508977 AUDIO_PLAYBACK_ONSET _ 108 END_OF_WAV
1552405815831662 AUDIO_PLAYBACK_DONE 108.wav
1552405815833856 CHEETAH_SIGNAL SENT_AFTER_TIME 45554.413960
1552405815868760 CHEETAH_SIGNAL SENT_AFTER_TIME 45554.448992
1552405816831662 AUDIO_PLAYBACK_ONSET 311 91 1 the
1552405816978765 AUDIO_PLAYBACK_ONSET 312 91 2 girl
1552405817187662 AUDIO_PLAYBACK_ONSET 313 91 3 fell
1552405817676104 AUDIO_PLAYBACK_ONSET _ 91 END_OF_WAV
1552405817737900 AUDIO_PLAYBACK_DONE 91.wav
1552405817739698 CHEETAH_SIGNAL SENT_AFTER_TIME 45556.319830
1552405817774996 CHEETAH_SIGNAL SENT_AFTER_TIME 45556.355242
1552405818737900 AUDIO_PLAYBACK_ONSET 314 133 1 who
1552405818828517 AUDIO_PLAYBACK_ONSET 315 133 2 found
1552405819118596 AUDIO_PLAYBACK_ONSET 316 133 3 the
1552405819230165 AUDIO_PLAYBACK_ONSET 317 133 4 bikes?
1552405820001331 AUDIO_PLAYBACK_ONSET _ 133 END_OF_WAV
1552405820066020 AUDIO_PLAYBACK_DONE 133.wav
1552405820069486 CHEETAH_SIGNAL SENT_AFTER_TIME 45558.649614
1552405820104647 CHEETAH_SIGNAL SENT_AFTER_TIME 45558.684809
1552405821066020 AUDIO_PLAYBACK_ONSET 318 17 1 he
1552405821214897 AUDIO_PLAYBACK_ONSET 319 17 2 was
1552405821445402 AUDIO_PLAYBACK_ONSET 320 17 3 hugged
1552405821971600 AUDIO_PLAYBACK_ONSET _ 17 END_OF_WAV
1552405822065999 AUDIO_PLAYBACK_DONE 17.wav
1552405822067820 CHEETAH_SIGNAL SENT_AFTER_TIME 45560.647949
1552405822102228 CHEETAH_SIGNAL SENT_AFTER_TIME 45560.682491
1552405823065999 AUDIO_PLAYBACK_ONSET 321 68 1 he
1552405823327552 AUDIO_PLAYBACK_ONSET 322 68 2 crawled
1552405823897864 AUDIO_PLAYBACK_ONSET _ 68 END_OF_WAV
1552405824042555 AUDIO_PLAYBACK_DONE 68.wav
1552405824036562 CHEETAH_SIGNAL SENT_AFTER_TIME 45562.616687
1552405824071444 CHEETAH_SIGNAL SENT_AFTER_TIME 45562.651700
1552405825042555 AUDIO_PLAYBACK_ONSET 323 97 1 they
1552405825238570 AUDIO_PLAYBACK_ONSET 324 97 2 kissed
1552405825571703 AUDIO_PLAYBACK_ONSET 325 97 3 the
1552405825688299 AUDIO_PLAYBACK_ONSET 326 97 4 clowns
1552405826495589 AUDIO_PLAYBACK_ONSET _ 97 END_OF_WAV
1552405826694895 AUDIO_PLAYBACK_DONE 97.wav
1552405826692387 CHEETAH_SIGNAL SENT_AFTER_TIME 45565.272516
1552405826727193 CHEETAH_SIGNAL SENT_AFTER_TIME 45565.307456
1552405827694895 AUDIO_PLAYBACK_ONSET 327 114 1 she
1552405827896910 AUDIO_PLAYBACK_ONSET 328 114 2 saw
1552405828080238 AUDIO_PLAYBACK_ONSET 329 114 3 him
1552405828297578 AUDIO_PLAYBACK_ONSET 330 114 4 coming
1552405828776222 AUDIO_PLAYBACK_ONSET _ 114 END_OF_WAV
1552405828929251 AUDIO_PLAYBACK_DONE 114.wav
1552405828921763 CHEETAH_SIGNAL SENT_AFTER_TIME 45567.501914
1552405828957017 CHEETAH_SIGNAL SENT_AFTER_TIME 45567.537240
1552405829929251 AUDIO_PLAYBACK_ONSET 331 142 1 he
1552405830066714 AUDIO_PLAYBACK_ONSET 332 142 2 undressed
1552405830976829 AUDIO_PLAYBACK_ONSET _ 142 END_OF_WAV
1552405831374560 AUDIO_PLAYBACK_DONE 142.wav
1552405831373216 CHEETAH_SIGNAL SENT_AFTER_TIME 45569.953341
1552405831408027 CHEETAH_SIGNAL SENT_AFTER_TIME 45569.988284
1552405832374560 AUDIO_PLAYBACK_ONSET 333 87 1 who
1552405832556122 AUDIO_PLAYBACK_ONSET 334 87 2 kicked
1552405832879687 AUDIO_PLAYBACK_ONSET 335 87 3 the
1552405833029540 AUDIO_PLAYBACK_ONSET 336 87 4 ball?
1552405833409766 AUDIO_PLAYBACK_ONSET _ 87 END_OF_WAV
1552405833483925 AUDIO_PLAYBACK_DONE 87.wav
1552405833478280 CHEETAH_SIGNAL SENT_AFTER_TIME 45572.058425
1552405833513046 CHEETAH_SIGNAL SENT_AFTER_TIME 45572.093307
1552405834483925 AUDIO_PLAYBACK_ONSET 337 144 1 the
1552405834605230 AUDIO_PLAYBACK_ONSET 338 144 2 girls
1552405834895425 AUDIO_PLAYBACK_ONSET 339 144 3 arrive
1552405835646934 AUDIO_PLAYBACK_ONSET _ 144 END_OF_WAV
1552405835796445 AUDIO_PLAYBACK_DONE 144.wav
1552405835793936 CHEETAH_SIGNAL SENT_AFTER_TIME 45574.374060
1552405835828821 CHEETAH_SIGNAL SENT_AFTER_TIME 45574.409027
1552405836796445 AUDIO_PLAYBACK_ONSET 340 148 1 The
1552405836912568 AUDIO_PLAYBACK_ONSET 341 148 2 grandpa
1552405837262146 AUDIO_PLAYBACK_ONSET 342 148 3 ate
1552405837503703 AUDIO_PLAYBACK_ONSET 343 148 4 the
1552405837593011 AUDIO_PLAYBACK_ONSET 344 148 5 meal
1552405838030196 AUDIO_PLAYBACK_ONSET _ 148 END_OF_WAV
1552405838062070 AUDIO_PLAYBACK_DONE 148.wav
1552405838055185 CHEETAH_SIGNAL SENT_AFTER_TIME 45576.635301
1552405838036594 KEY_PRESS l
1552405838090205 CHEETAH_SIGNAL SENT_AFTER_TIME 45576.670429
1552405839062070 AUDIO_PLAYBACK_ONSET 345 69 1 the
1552405839203720 AUDIO_PLAYBACK_ONSET 346 69 2 boy
1552405839429452 AUDIO_PLAYBACK_ONSET 347 69 3 jumped
1552405840092704 AUDIO_PLAYBACK_ONSET _ 69 END_OF_WAV
1552405840358965 AUDIO_PLAYBACK_DONE 69.wav
1552405840352113 CHEETAH_SIGNAL SENT_AFTER_TIME 45578.932248
1552405838140767 KEY_PRESS l
1552405840387058 CHEETAH_SIGNAL SENT_AFTER_TIME 45578.967311
1552405841358965 AUDIO_PLAYBACK_ONSET 348 111 1 he
1552405841647010 AUDIO_PLAYBACK_ONSET 349 111 2 jumped
1552405842342741 AUDIO_PLAYBACK_ONSET _ 111 END_OF_WAV
1552405842640212 AUDIO_PLAYBACK_DONE 111.wav
1552405842637681 CHEETAH_SIGNAL SENT_AFTER_TIME 45581.217861
1552405842672508 CHEETAH_SIGNAL SENT_AFTER_TIME 45581.252757
1552405843640212 AUDIO_PLAYBACK_ONSET 350 113 1 What
1552405843806090 AUDIO_PLAYBACK_ONSET 351 113 2 will
1552405843952698 AUDIO_PLAYBACK_ONSET 352 113 3 the
1552405844096030 AUDIO_PLAYBACK_ONSET 353 113 4 boy
1552405844277038 AUDIO_PLAYBACK_ONSET 354 113 5 smell?
1552405844811051 AUDIO_PLAYBACK_ONSET _ 113 END_OF_WAV
1552405844858945 AUDIO_PLAYBACK_DONE 113.wav
1552405844857904 CHEETAH_SIGNAL SENT_AFTER_TIME 45583.438032
1552405844893122 CHEETAH_SIGNAL SENT_AFTER_TIME 45583.473380
1552405845858945 AUDIO_PLAYBACK_ONSET 355 118 1 the
1552405845942132 AUDIO_PLAYBACK_ONSET 356 118 2 woman
1552405846219345 AUDIO_PLAYBACK_ONSET 357 118 3 was
1552405846486478 AUDIO_PLAYBACK_ONSET 358 118 4 pinched
1552405847320135 AUDIO_PLAYBACK_ONSET _ 118 END_OF_WAV
1552405847358948 AUDIO_PLAYBACK_DONE 118.wav
1552405847354521 CHEETAH_SIGNAL SENT_AFTER_TIME 45585.934663
1552405847389349 CHEETAH_SIGNAL SENT_AFTER_TIME 45585.969611
1552405848358948 AUDIO_PLAYBACK_ONSET 359 120 1 they
1552405848497112 AUDIO_PLAYBACK_ONSET 360 120 2 caught
1552405848656606 AUDIO_PLAYBACK_ONSET 361 120 3 him
1552405848798669 AUDIO_PLAYBACK_ONSET 362 120 4 stealing
1552405849505499 AUDIO_PLAYBACK_ONSET _ 120 END_OF_WAV
1552405849655820 AUDIO_PLAYBACK_DONE 120.wav
1552405849659143 CHEETAH_SIGNAL SENT_AFTER_TIME 45588.239311
1552405848988737 KEY_PRESS l
1552405849052660 KEY_PRESS l
1552405849694739 CHEETAH_SIGNAL SENT_AFTER_TIME 45588.274973
1552405850655820 AUDIO_PLAYBACK_ONSET 363 36 1 she
1552405851057801 AUDIO_PLAYBACK_ONSET 364 36 2 laughed
1552405851817196 AUDIO_PLAYBACK_ONSET _ 36 END_OF_WAV
1552405851905801 AUDIO_PLAYBACK_DONE 36.wav
1552405851904050 CHEETAH_SIGNAL SENT_AFTER_TIME 45590.484181
1552405851938907 CHEETAH_SIGNAL SENT_AFTER_TIME 45590.519149
1552405852905801 AUDIO_PLAYBACK_ONSET 365 145 1 he
1552405852990401 AUDIO_PLAYBACK_ONSET 366 145 2 smelled
1552405853367025 AUDIO_PLAYBACK_ONSET 367 145 3 the
1552405853427771 AUDIO_PLAYBACK_ONSET 368 145 4 flowers
1552405854268867 AUDIO_PLAYBACK_ONSET _ 145 END_OF_WAV
1552405854296414 AUDIO_PLAYBACK_DONE 145.wav
1552405854287783 CHEETAH_SIGNAL SENT_AFTER_TIME 45592.867913
1552405854322585 CHEETAH_SIGNAL SENT_AFTER_TIME 45592.902820
1552405855296414 AUDIO_PLAYBACK_ONSET 369 134 1 who
1552405855492373 AUDIO_PLAYBACK_ONSET 370 134 2 crawled?
1552405856052872 AUDIO_PLAYBACK_ONSET _ 134 END_OF_WAV
1552405856085485 AUDIO_PLAYBACK_DONE 134.wav
1552405856081367 CHEETAH_SIGNAL SENT_AFTER_TIME 45594.661497
1552405856115653 CHEETAH_SIGNAL SENT_AFTER_TIME 45594.695931
1552405857085485 AUDIO_PLAYBACK_ONSET 371 143 1 he
1552405857203005 AUDIO_PLAYBACK_ONSET 372 143 2 was
1552405857444757 AUDIO_PLAYBACK_ONSET 373 143 3 kissed
1552405858130973 AUDIO_PLAYBACK_ONSET _ 143 END_OF_WAV
1552405858202652 AUDIO_PLAYBACK_DONE 143.wav
1552405858199183 CHEETAH_SIGNAL SENT_AFTER_TIME 45596.779311
1552405858234044 CHEETAH_SIGNAL SENT_AFTER_TIME 45596.814289
1552405859202652 AUDIO_PLAYBACK_ONSET 374 42 1 they
1552405859419080 AUDIO_PLAYBACK_ONSET 375 42 2 winked
1552405860129295 AUDIO_PLAYBACK_ONSET _ 42 END_OF_WAV
1552405860358891 AUDIO_PLAYBACK_DONE 42.wav
1552405860357477 CHEETAH_SIGNAL SENT_AFTER_TIME 45598.937636
1552405860392228 CHEETAH_SIGNAL SENT_AFTER_TIME 45598.972453
1552405861358891 AUDIO_PLAYBACK_ONSET 376 126 1 the
1552405861448163 AUDIO_PLAYBACK_ONSET 377 126 2 host
1552405861750023 AUDIO_PLAYBACK_ONSET 378 126 3 will
1552405861914504 AUDIO_PLAYBACK_ONSET 379 126 4 eat
1552405862447199 AUDIO_PLAYBACK_ONSET _ 126 END_OF_WAV
1552405862749526 AUDIO_PLAYBACK_DONE 126.wav
1552405862740375 CHEETAH_SIGNAL SENT_AFTER_TIME 45601.320520
1552405862652691 KEY_PRESS l
1552405862756722 KEY_PRESS l
1552405862775655 CHEETAH_SIGNAL SENT_AFTER_TIME 45601.355880
1552405863749526 AUDIO_PLAYBACK_ONSET 380 38 1 who
1552405863996240 AUDIO_PLAYBACK_ONSET 381 38 2 sneezes?
1552405865014866 AUDIO_PLAYBACK_ONSET _ 38 END_OF_WAV
1552405865030775 AUDIO_PLAYBACK_DONE 38.wav
1552405865028920 CHEETAH_SIGNAL SENT_AFTER_TIME 45603.609059
1552405865064224 CHEETAH_SIGNAL SENT_AFTER_TIME 45603.644451
1552405866030775 AUDIO_PLAYBACK_ONSET 382 103 1 she
1552405866318172 AUDIO_PLAYBACK_ONSET 383 103 2 scratched
1552405867376084 AUDIO_PLAYBACK_ONSET _ 103 END_OF_WAV
1552405867421412 AUDIO_PLAYBACK_DONE 103.wav
1552405867422138 CHEETAH_SIGNAL SENT_AFTER_TIME 45606.002262
1552405867456662 CHEETAH_SIGNAL SENT_AFTER_TIME 45606.036870
1552405868421412 AUDIO_PLAYBACK_ONSET 384 43 1 she
1552405868635224 AUDIO_PLAYBACK_ONSET 385 43 2 remained
1552405869420661 AUDIO_PLAYBACK_ONSET _ 43 END_OF_WAV
1552405869671390 AUDIO_PLAYBACK_DONE 43.wav
1552405869669539 CHEETAH_SIGNAL SENT_AFTER_TIME 45608.249675
1552405869704427 CHEETAH_SIGNAL SENT_AFTER_TIME 45608.284687
1552405870671390 AUDIO_PLAYBACK_ONSET 386 35 1 she
1552405871062561 AUDIO_PLAYBACK_ONSET 387 35 2 disappears
1552405872153577 AUDIO_PLAYBACK_ONSET _ 35 END_OF_WAV
1552405872233888 AUDIO_PLAYBACK_DONE 35.wav
1552405872229473 CHEETAH_SIGNAL SENT_AFTER_TIME 45610.809537
1552405872264505 CHEETAH_SIGNAL SENT_AFTER_TIME 45610.844736
1552405873233888 AUDIO_PLAYBACK_ONSET 388 93 1 who
1552405873357666 AUDIO_PLAYBACK_ONSET 389 93 2 smelled
1552405873743702 AUDIO_PLAYBACK_ONSET 390 93 3 the
1552405873806853 AUDIO_PLAYBACK_ONSET 391 93 4 flowers?
1552405874696060 AUDIO_PLAYBACK_ONSET _ 93 END_OF_WAV
1552405874749532 AUDIO_PLAYBACK_DONE 93.wav
1552405874749680 CHEETAH_SIGNAL SENT_AFTER_TIME 45613.329824
1552405874784355 CHEETAH_SIGNAL SENT_AFTER_TIME 45613.364615
1552405875749532 AUDIO_PLAYBACK_ONSET 392 146 1 he
1552405875833181 AUDIO_PLAYBACK_ONSET 393 146 2 said
1552405876093764 AUDIO_PLAYBACK_ONSET 394 146 3 that
1552405876170460 AUDIO_PLAYBACK_ONSET 395 146 4 she
1552405876356194 AUDIO_PLAYBACK_ONSET 396 146 5 smiled
1552405876950360 AUDIO_PLAYBACK_ONSET _ 146 END_OF_WAV
1552405877124523 AUDIO_PLAYBACK_DONE 146.wav
1552405877120221 CHEETAH_SIGNAL SENT_AFTER_TIME 45615.700351
1552405877155551 CHEETAH_SIGNAL SENT_AFTER_TIME 45615.735809
1552405878124523 AUDIO_PLAYBACK_ONSET 397 110 1 The
1552405878254722 AUDIO_PLAYBACK_ONSET 398 110 2 cake
1552405878496552 AUDIO_PLAYBACK_ONSET 399 110 3 was
1552405878661203 AUDIO_PLAYBACK_ONSET 400 110 4 overcooked
1552405879616174 AUDIO_PLAYBACK_ONSET _ 110 END_OF_WAV
1552405879655795 AUDIO_PLAYBACK_DONE 110.wav
1552405879650494 CHEETAH_SIGNAL SENT_AFTER_TIME 45618.230636
1552405879685425 CHEETAH_SIGNAL SENT_AFTER_TIME 45618.265676
1552405880655795 AUDIO_PLAYBACK_ONSET 401 46 1 they
1552405880828259 AUDIO_PLAYBACK_ONSET 402 46 2 tickle
1552405881128156 AUDIO_PLAYBACK_ONSET 403 46 3 the
1552405881280247 AUDIO_PLAYBACK_ONSET 404 46 4 girl
1552405881698676 AUDIO_PLAYBACK_ONSET _ 46 END_OF_WAV
1552405881718289 AUDIO_PLAYBACK_DONE 46.wav
1552405881717873 CHEETAH_SIGNAL SENT_AFTER_TIME 45620.298060
1552405881260735 KEY_PRESS l
1552405881396765 KEY_PRESS l
1552405881753300 CHEETAH_SIGNAL SENT_AFTER_TIME 45620.333541
1552405882718289 AUDIO_PLAYBACK_ONSET 405 136 1 who
1552405882851445 AUDIO_PLAYBACK_ONSET 406 136 2 kissed
1552405883134015 AUDIO_PLAYBACK_ONSET 407 136 3 the
1552405883250303 AUDIO_PLAYBACK_ONSET 408 136 4 clowns?
1552405884126267 AUDIO_PLAYBACK_ONSET _ 136 END_OF_WAV
1552405884335458 AUDIO_PLAYBACK_DONE 136.wav
1552405884327979 CHEETAH_SIGNAL SENT_AFTER_TIME 45622.908106
1552405884362767 CHEETAH_SIGNAL SENT_AFTER_TIME 45622.943028
1552405885335458 AUDIO_PLAYBACK_ONSET 409 95 1 he
1552405885466845 AUDIO_PLAYBACK_ONSET 410 95 2 streched
1552405886332055 AUDIO_PLAYBACK_ONSET _ 95 END_OF_WAV
1552405886608908 AUDIO_PLAYBACK_DONE 95.wav
1552405886604360 CHEETAH_SIGNAL SENT_AFTER_TIME 45625.184486
1552405886639189 CHEETAH_SIGNAL SENT_AFTER_TIME 45625.219437
1552405887608908 AUDIO_PLAYBACK_ONSET 411 151 1 He
1552405887716006 AUDIO_PLAYBACK_ONSET 412 151 2 heard
1552405887951640 AUDIO_PLAYBACK_ONSET 413 151 3 her
1552405888142920 AUDIO_PLAYBACK_ONSET 414 151 4 play
1552405888624584 AUDIO_PLAYBACK_ONSET _ 151 END_OF_WAV
1552405888640157 AUDIO_PLAYBACK_DONE 151.wav
1552405888631112 CHEETAH_SIGNAL SENT_AFTER_TIME 45627.211255
1552405888665933 CHEETAH_SIGNAL SENT_AFTER_TIME 45627.246194
1552405889640157 AUDIO_PLAYBACK_ONSET 415 30 1 Whom
1552405889900760 AUDIO_PLAYBACK_ONSET 416 30 2 will
1552405890108419 AUDIO_PLAYBACK_ONSET 417 30 3 the
1552405890266682 AUDIO_PLAYBACK_ONSET 418 30 4 boy
1552405890495509 AUDIO_PLAYBACK_ONSET 419 30 5 hear?
1552405891109411 AUDIO_PLAYBACK_ONSET _ 30 END_OF_WAV
1552405891140139 AUDIO_PLAYBACK_DONE 30.wav
1552405891135366 CHEETAH_SIGNAL SENT_AFTER_TIME 45629.715514
1552405891170178 CHEETAH_SIGNAL SENT_AFTER_TIME 45629.750435
1552405892140139 AUDIO_PLAYBACK_ONSET 420 122 1 the
1552405892281016 AUDIO_PLAYBACK_ONSET 421 122 2 girl
1552405892530004 AUDIO_PLAYBACK_ONSET 422 122 3 crawls
1552405893225097 AUDIO_PLAYBACK_ONSET _ 122 END_OF_WAV
1552405893327623 AUDIO_PLAYBACK_DONE 122.wav
1552405893328310 CHEETAH_SIGNAL SENT_AFTER_TIME 45631.908437
1552405893363627 CHEETAH_SIGNAL SENT_AFTER_TIME 45631.943888
1552405894327623 AUDIO_PLAYBACK_ONSET 423 77 1 who
1552405894546799 AUDIO_PLAYBACK_ONSET 424 77 2 heard
1552405894840880 AUDIO_PLAYBACK_ONSET 425 77 3 the
1552405894924601 AUDIO_PLAYBACK_ONSET 426 77 4 men?
1552405895363612 AUDIO_PLAYBACK_ONSET _ 77 END_OF_WAV
1552405895374498 AUDIO_PLAYBACK_DONE 77.wav
1552405895375135 CHEETAH_SIGNAL SENT_AFTER_TIME 45633.955263
1552405895410121 CHEETAH_SIGNAL SENT_AFTER_TIME 45633.990264
1552405896374498 AUDIO_PLAYBACK_ONSET 427 139 1 he
1552405896455782 AUDIO_PLAYBACK_ONSET 428 139 2 saw
1552405896726919 AUDIO_PLAYBACK_ONSET 429 139 3 her
1552405896848217 AUDIO_PLAYBACK_ONSET 430 139 4 winking
1552405897446779 AUDIO_PLAYBACK_ONSET _ 139 END_OF_WAV
1552405897554202 AUDIO_PLAYBACK_DONE 139.wav
1552405897550271 CHEETAH_SIGNAL SENT_AFTER_TIME 45636.130403
1552405897584820 CHEETAH_SIGNAL SENT_AFTER_TIME 45636.165057
1552405898554202 AUDIO_PLAYBACK_ONSET 431 55 1 the
1552405898677522 AUDIO_PLAYBACK_ONSET 432 55 2 girls
1552405899001526 AUDIO_PLAYBACK_ONSET 433 55 3 cough
1552405899578509 AUDIO_PLAYBACK_ONSET _ 55 END_OF_WAV
1552405899741688 AUDIO_PLAYBACK_DONE 55.wav
1552405899740100 CHEETAH_SIGNAL SENT_AFTER_TIME 45638.320271
1552405899774919 CHEETAH_SIGNAL SENT_AFTER_TIME 45638.355178
1552405900741688 AUDIO_PLAYBACK_ONSET 434 107 1 they
1552405900885262 AUDIO_PLAYBACK_ONSET 435 107 2 were
1552405901037028 AUDIO_PLAYBACK_ONSET 436 107 3 loved
1552405901788816 AUDIO_PLAYBACK_ONSET _ 107 END_OF_WAV
1552405901905750 AUDIO_PLAYBACK_DONE 107.wav
1552405901898739 CHEETAH_SIGNAL SENT_AFTER_TIME 45640.478885
1552405901933640 CHEETAH_SIGNAL SENT_AFTER_TIME 45640.513837
1552405902905750 AUDIO_PLAYBACK_ONSET 437 39 1 she
1552405903407912 AUDIO_PLAYBACK_ONSET 438 39 2 excercised
1552405904575999 AUDIO_PLAYBACK_ONSET _ 39 END_OF_WAV
1552405904780739 AUDIO_PLAYBACK_DONE 39.wav
1552405904782647 CHEETAH_SIGNAL SENT_AFTER_TIME 45643.362771
1552405904817817 CHEETAH_SIGNAL SENT_AFTER_TIME 45643.398081
1552405905780739 AUDIO_PLAYBACK_ONSET 439 127 1 the
1552405905873123 AUDIO_PLAYBACK_ONSET 440 127 2 woman
1552405906172007 AUDIO_PLAYBACK_ONSET 441 127 3 will
1552405906261593 AUDIO_PLAYBACK_ONSET 442 127 4 speak
1552405906956084 AUDIO_PLAYBACK_ONSET _ 127 END_OF_WAV
1552405906960424 AUDIO_PLAYBACK_DONE 127.wav
1552405906957368 CHEETAH_SIGNAL SENT_AFTER_TIME 45645.537484
1552405906992357 CHEETAH_SIGNAL SENT_AFTER_TIME 45645.572580
1552405907960424 AUDIO_PLAYBACK_ONSET 443 149 1 the
1552405908068844 AUDIO_PLAYBACK_ONSET 444 149 2 girl
1552405908330706 AUDIO_PLAYBACK_ONSET 445 149 3 cries
1552405909098422 AUDIO_PLAYBACK_ONSET _ 149 END_OF_WAV
1552405909116660 AUDIO_PLAYBACK_DONE 149.wav
1552405909114815 CHEETAH_SIGNAL SENT_AFTER_TIME 45647.694933
1552405909149824 CHEETAH_SIGNAL SENT_AFTER_TIME 45647.730040
1552405910116660 AUDIO_PLAYBACK_ONSET 446 140 1 the
1552405910206663 AUDIO_PLAYBACK_ONSET 447 140 2 actors
1552405910522669 AUDIO_PLAYBACK_ONSET 448 140 3 were
1552405910622551 AUDIO_PLAYBACK_ONSET 449 140 4 scorned
1552405911336365 AUDIO_PLAYBACK_ONSET _ 140 END_OF_WAV
1552405911397908 AUDIO_PLAYBACK_DONE 140.wav
1552405911396357 CHEETAH_SIGNAL SENT_AFTER_TIME 45649.976490
1552405911431379 CHEETAH_SIGNAL SENT_AFTER_TIME 45650.011632
1552405912397908 AUDIO_PLAYBACK_ONSET 450 6 1 Whom
1552405912560729 AUDIO_PLAYBACK_ONSET 451 6 2 did
1552405912715697 AUDIO_PLAYBACK_ONSET 452 6 3 the
1552405912845112 AUDIO_PLAYBACK_ONSET 453 6 4 boy
1552405913056131 AUDIO_PLAYBACK_ONSET 454 6 5 hear?
1552405913538345 AUDIO_PLAYBACK_ONSET _ 6 END_OF_WAV
1552405913624460 AUDIO_PLAYBACK_DONE 6.wav
1552405913625887 CHEETAH_SIGNAL SENT_AFTER_TIME 45652.206013
1552405913660789 CHEETAH_SIGNAL SENT_AFTER_TIME 45652.240976
1552405914624460 AUDIO_PLAYBACK_ONSET 455 131 1 who
1552405914831175 AUDIO_PLAYBACK_ONSET 456 131 2 cried?
1552405915429790 AUDIO_PLAYBACK_ONSET _ 131 END_OF_WAV
1552405915499451 AUDIO_PLAYBACK_DONE 131.wav
1552405915501884 CHEETAH_SIGNAL SENT_AFTER_TIME 45654.082012
1552405915537178 CHEETAH_SIGNAL SENT_AFTER_TIME 45654.117433
1552405916499451 AUDIO_PLAYBACK_ONSET 457 84 1 the
1552405916648581 AUDIO_PLAYBACK_ONSET 458 84 2 girl
1552405916850190 AUDIO_PLAYBACK_ONSET 459 84 3 smiled
1552405917631426 AUDIO_PLAYBACK_ONSET _ 84 END_OF_WAV
1552405917749428 AUDIO_PLAYBACK_DONE 84.wav
1552405917748558 CHEETAH_SIGNAL SENT_AFTER_TIME 45656.328691
1552405917783520 CHEETAH_SIGNAL SENT_AFTER_TIME 45656.363773
1552405918749428 AUDIO_PLAYBACK_ONSET 460 5 1 we
1552405918917072 AUDIO_PLAYBACK_ONSET 461 5 2 guessed
1552405919181531 AUDIO_PLAYBACK_ONSET 462 5 3 that
1552405919338830 AUDIO_PLAYBACK_ONSET 463 5 4 they
1552405919511859 AUDIO_PLAYBACK_ONSET 464 5 5 wink
1552405920035861 AUDIO_PLAYBACK_ONSET _ 5 END_OF_WAV
1552405920212311 AUDIO_PLAYBACK_DONE 5.wav
1552405920214499 CHEETAH_SIGNAL SENT_AFTER_TIME 45658.794634
1552405920249468 CHEETAH_SIGNAL SENT_AFTER_TIME 45658.829712
1552405921212311 AUDIO_PLAYBACK_ONSET 465 24 1 The
1552405921315691 AUDIO_PLAYBACK_ONSET 466 24 2 sandwich
1552405921919771 AUDIO_PLAYBACK_ONSET 467 24 3 is
1552405922110420 AUDIO_PLAYBACK_ONSET 468 24 4 healthy
1552405922675941 AUDIO_PLAYBACK_ONSET _ 24 END_OF_WAV
1552405922806077 AUDIO_PLAYBACK_DONE 24.wav
1552405922801202 CHEETAH_SIGNAL SENT_AFTER_TIME 45661.381342
1552405922836383 CHEETAH_SIGNAL SENT_AFTER_TIME 45661.416642
1552405923806077 AUDIO_PLAYBACK_ONSET 469 61 1 who
1552405924016278 AUDIO_PLAYBACK_ONSET 470 61 2 tickles
1552405924423530 AUDIO_PLAYBACK_ONSET 471 61 3 the
1552405924544496 AUDIO_PLAYBACK_ONSET 472 61 4 girl?
1552405925019287 AUDIO_PLAYBACK_ONSET _ 61 END_OF_WAV
1552405925306057 AUDIO_PLAYBACK_DONE 61.wav
1552405925301583 CHEETAH_SIGNAL SENT_AFTER_TIME 45663.881697
1552405925336432 CHEETAH_SIGNAL SENT_AFTER_TIME 45663.916694
1552405926306057 AUDIO_PLAYBACK_ONSET 473 1 1 he
1552405926399282 AUDIO_PLAYBACK_ONSET 474 1 2 smiles
1552405927180186 AUDIO_PLAYBACK_ONSET _ 1 END_OF_WAV
1552405927181047 AUDIO_PLAYBACK_DONE 1.wav
1552405927183726 CHEETAH_SIGNAL SENT_AFTER_TIME 45665.763861
1552405927218964 CHEETAH_SIGNAL SENT_AFTER_TIME 45665.799188
1552405928181047 AUDIO_PLAYBACK_ONSET 475 92 1 she
1552405928558667 AUDIO_PLAYBACK_ONSET 476 92 2 blooms
1552405929368464 AUDIO_PLAYBACK_ONSET _ 92 END_OF_WAV
1552405929431048 AUDIO_PLAYBACK_DONE 92.wav
1552405929428938 CHEETAH_SIGNAL SENT_AFTER_TIME 45668.009100
1552405929463809 CHEETAH_SIGNAL SENT_AFTER_TIME 45668.044046
1552405930431048 AUDIO_PLAYBACK_ONSET 477 99 1 they
1552405930721780 AUDIO_PLAYBACK_ONSET 478 99 2 cough
1552405931419334 AUDIO_PLAYBACK_ONSET _ 99 END_OF_WAV
1552405931524789 AUDIO_PLAYBACK_DONE 99.wav
1552405931525184 CHEETAH_SIGNAL SENT_AFTER_TIME 45670.105319
1552405931560027 CHEETAH_SIGNAL SENT_AFTER_TIME 45670.140293
1552405932524789 AUDIO_PLAYBACK_ONSET 479 135 1 the
1552405932669928 AUDIO_PLAYBACK_ONSET 480 135 2 boy
1552405932818929 AUDIO_PLAYBACK_ONSET 481 135 3 heard
1552405933090802 AUDIO_PLAYBACK_ONSET 482 135 4 the
1552405933130347 AUDIO_PLAYBACK_ONSET 483 135 5 men
1552405933536391 AUDIO_PLAYBACK_ONSET _ 135 END_OF_WAV
1552405933575583 AUDIO_PLAYBACK_DONE 135.wav
1552405933577606 CHEETAH_SIGNAL SENT_AFTER_TIME 45672.157734
1552405933612429 CHEETAH_SIGNAL SENT_AFTER_TIME 45672.192707
1552405934575583 AUDIO_PLAYBACK_ONSET 484 70 1 she
1552405934967165 AUDIO_PLAYBACK_ONSET 485 70 2 jumps
1552405935739992 AUDIO_PLAYBACK_ONSET _ 70 END_OF_WAV
1552405936106832 AUDIO_PLAYBACK_DONE 70.wav
1552405936103682 CHEETAH_SIGNAL SENT_AFTER_TIME 45674.683839
1552405936138538 CHEETAH_SIGNAL SENT_AFTER_TIME 45674.718774
1552405937106832 AUDIO_PLAYBACK_ONSET 486 83 1 What
1552405937242375 AUDIO_PLAYBACK_ONSET 487 83 2 will
1552405937462383 AUDIO_PLAYBACK_ONSET 488 83 3 the
1552405937635894 AUDIO_PLAYBACK_ONSET 489 83 4 girl
1552405938044156 AUDIO_PLAYBACK_ONSET 490 83 5 eat?
1552405938574897 AUDIO_PLAYBACK_ONSET _ 83 END_OF_WAV
1552405938794339 AUDIO_PLAYBACK_DONE 83.wav
1552405938797238 CHEETAH_SIGNAL SENT_AFTER_TIME 45677.377416
1552405938580777 KEY_PRESS l
1552405938684766 KEY_PRESS l
1552405938833000 CHEETAH_SIGNAL SENT_AFTER_TIME 45677.413219
1552405939794339 AUDIO_PLAYBACK_ONSET 491 63 1 he
1552405939915227 AUDIO_PLAYBACK_ONSET 492 63 2 sneezes
1552405940654498 AUDIO_PLAYBACK_ONSET _ 63 END_OF_WAV
1552405940958397 AUDIO_PLAYBACK_DONE 63.wav
1552405940950413 CHEETAH_SIGNAL SENT_AFTER_TIME 45679.530587
1552405940984916 CHEETAH_SIGNAL SENT_AFTER_TIME 45679.565121
1552405941958397 AUDIO_PLAYBACK_ONSET 493 29 1 he
1552405942256298 AUDIO_PLAYBACK_ONSET 494 29 2 bloomed
1552405943191768 AUDIO_PLAYBACK_ONSET _ 29 END_OF_WAV
1552405943458377 AUDIO_PLAYBACK_DONE 29.wav
1552405943455052 CHEETAH_SIGNAL SENT_AFTER_TIME 45682.035179
1552405943490311 CHEETAH_SIGNAL SENT_AFTER_TIME 45682.070529
1552405944458377 AUDIO_PLAYBACK_ONSET 495 129 1 who
1552405944627375 AUDIO_PLAYBACK_ONSET 496 129 2 smiles?
1552405945437850 AUDIO_PLAYBACK_ONSET _ 129 END_OF_WAV
1552405945583390 AUDIO_PLAYBACK_DONE 129.wav
1552405945583566 CHEETAH_SIGNAL SENT_AFTER_TIME 45684.163690
1552405945618439 CHEETAH_SIGNAL SENT_AFTER_TIME 45684.198699
1552405946583390 AUDIO_PLAYBACK_ONSET 497 100 1 she
1552405946907123 AUDIO_PLAYBACK_ONSET 498 100 2 fell
1552405947414593 AUDIO_PLAYBACK_ONSET _ 100 END_OF_WAV
1552405947458379 AUDIO_PLAYBACK_DONE 100.wav
1552405947450388 CHEETAH_SIGNAL SENT_AFTER_TIME 45686.030509
1552405947484923 CHEETAH_SIGNAL SENT_AFTER_TIME 45686.065126
1552405948458379 AUDIO_PLAYBACK_ONSET 499 79 1 the
1552405948552340 AUDIO_PLAYBACK_ONSET 500 79 2 boy
1552405948777264 AUDIO_PLAYBACK_ONSET 501 79 3 collapses
1552405949731645 AUDIO_PLAYBACK_ONSET _ 79 END_OF_WAV
1552405949770896 AUDIO_PLAYBACK_DONE 79.wav
1552405949769538 CHEETAH_SIGNAL SENT_AFTER_TIME 45688.349666
1552405949804404 CHEETAH_SIGNAL SENT_AFTER_TIME 45688.384656
1552405950770896 AUDIO_PLAYBACK_ONSET 502 11 1 he
1552405950918561 AUDIO_PLAYBACK_ONSET 503 11 2 will
1552405951114562 AUDIO_PLAYBACK_ONSET 504 11 3 drive
1552405951723064 AUDIO_PLAYBACK_ONSET _ 11 END_OF_WAV
1552405951724003 AUDIO_PLAYBACK_DONE 11.wav
1552405951720613 CHEETAH_SIGNAL SENT_AFTER_TIME 45690.300770
1552405951755493 CHEETAH_SIGNAL SENT_AFTER_TIME 45690.335716
1552405952724003 AUDIO_PLAYBACK_ONSET 505 19 1 who
1552405952965551 AUDIO_PLAYBACK_ONSET 506 19 2 laughs?
1552405953733442 AUDIO_PLAYBACK_ONSET _ 19 END_OF_WAV
1552405953755254 AUDIO_PLAYBACK_DONE 19.wav
1552405953755796 CHEETAH_SIGNAL SENT_AFTER_TIME 45692.335926
1552405953791189 CHEETAH_SIGNAL SENT_AFTER_TIME 45692.371453
1552405954755254 AUDIO_PLAYBACK_ONSET 507 59 1 who
1552405954923183 AUDIO_PLAYBACK_ONSET 508 59 2 arrives?
1552405955721943 AUDIO_PLAYBACK_ONSET _ 59 END_OF_WAV
1552405956059925 AUDIO_PLAYBACK_DONE 59.wav
1552405956054881 CHEETAH_SIGNAL SENT_AFTER_TIME 45694.635009
