1552404755637364 CHEETAH_SIGNAL SENT_AFTER_TIME 44494.184584
1552404758054352 CHEETAH_SIGNAL SENT_AFTER_TIME 44496.601429
1552404758117797 CHEETAH_SIGNAL SENT_AFTER_TIME 44496.664735
1552404758115878 DISPLAY_INSTRUCTIONS Stimuli/instructions_audio_sentences.png
1552404761255825 KEY_PRESS space
1552404761256971 CHEETAH_SIGNAL SENT_AFTER_TIME 44499.804092
1552404761335024 CHEETAH_SIGNAL SENT_AFTER_TIME 44499.881990
1552404761333325 DISPLAY_INSTRUCTIONS OFF
1552404761379684 CHEETAH_SIGNAL SENT_AFTER_TIME 44499.926788
1552404761412014 CHEETAH_SIGNAL SENT_AFTER_TIME 44499.959114
1552404761456480 CHEETAH_SIGNAL SENT_AFTER_TIME 44500.003449
1552404761454797 DISPLAY_FIXATION
1552404764656824 CHEETAH_SIGNAL SENT_AFTER_TIME 44503.203757
1552404764701433 AUDIO_PLAYBACK_ONSET 1 8 1 he
1552404764812844 AUDIO_PLAYBACK_ONSET 2 8 2 will
1552404764975367 AUDIO_PLAYBACK_ONSET 3 8 3 sneeze
1552404765837138 AUDIO_PLAYBACK_ONSET _ 8 END_OF_WAV
1552404765881139 AUDIO_PLAYBACK_DONE 8.wav
1552404765877203 CHEETAH_SIGNAL SENT_AFTER_TIME 44504.424220
1552404761253753 KEY_PRESS space
1552404761421819 KEY_PRESS space
1552404765912611 CHEETAH_SIGNAL SENT_AFTER_TIME 44504.459722
1552404766881139 AUDIO_PLAYBACK_ONSET 4 64 1 who
1552404767036952 AUDIO_PLAYBACK_ONSET 5 64 2 remains?
1552404767859231 AUDIO_PLAYBACK_ONSET _ 64 END_OF_WAV
1552404767865518 AUDIO_PLAYBACK_DONE 64.wav
1552404767862319 CHEETAH_SIGNAL SENT_AFTER_TIME 44506.409294
1552404767896716 CHEETAH_SIGNAL SENT_AFTER_TIME 44506.443779
1552404768865518 AUDIO_PLAYBACK_ONSET 6 134 1 who
1552404769061477 AUDIO_PLAYBACK_ONSET 7 134 2 crawled?
1552404769621976 AUDIO_PLAYBACK_ONSET _ 134 END_OF_WAV
1552404769654572 AUDIO_PLAYBACK_DONE 134.wav
1552404769650528 CHEETAH_SIGNAL SENT_AFTER_TIME 44508.197498
1552404769684767 CHEETAH_SIGNAL SENT_AFTER_TIME 44508.231890
1552404770654572 AUDIO_PLAYBACK_ONSET 8 44 1 The
1552404770722827 AUDIO_PLAYBACK_ONSET 9 44 2 salad
1552404771077955 AUDIO_PLAYBACK_ONSET 10 44 3 is
1552404771251129 AUDIO_PLAYBACK_ONSET 11 44 4 tasty
1552404771827314 AUDIO_PLAYBACK_ONSET _ 44 END_OF_WAV
1552404771842077 AUDIO_PLAYBACK_DONE 44.wav
1552404771840910 CHEETAH_SIGNAL SENT_AFTER_TIME 44510.387878
1552404771876087 CHEETAH_SIGNAL SENT_AFTER_TIME 44510.423185
1552404772842077 AUDIO_PLAYBACK_ONSET 12 46 1 they
1552404773014541 AUDIO_PLAYBACK_ONSET 13 46 2 tickle
1552404773314438 AUDIO_PLAYBACK_ONSET 14 46 3 the
1552404773466529 AUDIO_PLAYBACK_ONSET 15 46 4 girl
1552404773884958 AUDIO_PLAYBACK_ONSET _ 46 END_OF_WAV
1552404773904596 AUDIO_PLAYBACK_DONE 46.wav
1552404773904511 CHEETAH_SIGNAL SENT_AFTER_TIME 44512.451478
1552404773221875 KEY_PRESS F12
1552404773341921 KEY_PRESS F12
1552404773939724 CHEETAH_SIGNAL SENT_AFTER_TIME 44512.486840
1552404774904596 AUDIO_PLAYBACK_ONSET 16 99 1 they
1552404775195328 AUDIO_PLAYBACK_ONSET 17 99 2 cough
1552404775892882 AUDIO_PLAYBACK_ONSET _ 99 END_OF_WAV
1552404775998340 AUDIO_PLAYBACK_DONE 99.wav
1552404775997088 CHEETAH_SIGNAL SENT_AFTER_TIME 44514.544125
1552404776032316 CHEETAH_SIGNAL SENT_AFTER_TIME 44514.579430
1552404776998340 AUDIO_PLAYBACK_ONSET 18 125 1 we
1552404777110635 AUDIO_PLAYBACK_ONSET 19 125 2 believed
1552404777376005 AUDIO_PLAYBACK_ONSET 20 125 3 that
1552404777503020 AUDIO_PLAYBACK_ONSET 21 125 4 he
1552404777627011 AUDIO_PLAYBACK_ONSET 22 125 5 cried
1552404778100292 AUDIO_PLAYBACK_ONSET _ 125 END_OF_WAV
1552404778123334 AUDIO_PLAYBACK_DONE 125.wav
1552404778123964 CHEETAH_SIGNAL SENT_AFTER_TIME 44516.670998
1552404778158340 CHEETAH_SIGNAL SENT_AFTER_TIME 44516.705451
1552404779123334 AUDIO_PLAYBACK_ONSET 23 139 1 he
1552404779204618 AUDIO_PLAYBACK_ONSET 24 139 2 saw
1552404779475755 AUDIO_PLAYBACK_ONSET 25 139 3 her
1552404779597053 AUDIO_PLAYBACK_ONSET 26 139 4 winking
1552404780195615 AUDIO_PLAYBACK_ONSET _ 139 END_OF_WAV
1552404780303019 AUDIO_PLAYBACK_DONE 139.wav
1552404780299448 CHEETAH_SIGNAL SENT_AFTER_TIME 44518.846400
1552404780334310 CHEETAH_SIGNAL SENT_AFTER_TIME 44518.881381
1552404781303019 AUDIO_PLAYBACK_ONSET 27 146 1 he
1552404781386668 AUDIO_PLAYBACK_ONSET 28 146 2 said
1552404781647251 AUDIO_PLAYBACK_ONSET 29 146 3 that
1552404781723947 AUDIO_PLAYBACK_ONSET 30 146 4 she
1552404781909681 AUDIO_PLAYBACK_ONSET 31 146 5 smiled
1552404782503847 AUDIO_PLAYBACK_ONSET _ 146 END_OF_WAV
1552404782678014 AUDIO_PLAYBACK_DONE 146.wav
1552404782675173 CHEETAH_SIGNAL SENT_AFTER_TIME 44521.222161
1552404782710015 CHEETAH_SIGNAL SENT_AFTER_TIME 44521.257100
1552404783678014 AUDIO_PLAYBACK_ONSET 32 59 1 who
1552404783845943 AUDIO_PLAYBACK_ONSET 33 59 2 arrives?
1552404784644703 AUDIO_PLAYBACK_ONSET _ 59 END_OF_WAV
1552404784982689 AUDIO_PLAYBACK_DONE 59.wav
1552404784979190 CHEETAH_SIGNAL SENT_AFTER_TIME 44523.526194
1552404785014029 CHEETAH_SIGNAL SENT_AFTER_TIME 44523.561084
1552404785982689 AUDIO_PLAYBACK_ONSET 34 121 1 What
1552404786146457 AUDIO_PLAYBACK_ONSET 35 121 2 did
1552404786268180 AUDIO_PLAYBACK_ONSET 36 121 3 the
1552404786373479 AUDIO_PLAYBACK_ONSET 37 121 4 girls
1552404786663294 AUDIO_PLAYBACK_ONSET 38 121 5 find?
1552404787267076 AUDIO_PLAYBACK_ONSET _ 121 END_OF_WAV
1552404787420175 AUDIO_PLAYBACK_DONE 121.wav
1552404787415749 CHEETAH_SIGNAL SENT_AFTER_TIME 44525.962759
1552404787450817 CHEETAH_SIGNAL SENT_AFTER_TIME 44525.997898
1552404788420175 AUDIO_PLAYBACK_ONSET 39 1 1 he
1552404788513400 AUDIO_PLAYBACK_ONSET 40 1 2 smiles
1552404789294304 AUDIO_PLAYBACK_ONSET _ 1 END_OF_WAV
1552404789295167 AUDIO_PLAYBACK_DONE 1.wav
1552404789287289 CHEETAH_SIGNAL SENT_AFTER_TIME 44527.834198
1552404789322020 CHEETAH_SIGNAL SENT_AFTER_TIME 44527.869128
1552404790295167 AUDIO_PLAYBACK_ONSET 41 144 1 the
1552404790416472 AUDIO_PLAYBACK_ONSET 42 144 2 girls
1552404790706667 AUDIO_PLAYBACK_ONSET 43 144 3 arrive
1552404791458176 AUDIO_PLAYBACK_ONSET _ 144 END_OF_WAV
1552404791607663 AUDIO_PLAYBACK_DONE 144.wav
1552404791605246 CHEETAH_SIGNAL SENT_AFTER_TIME 44530.152220
1552404791640171 CHEETAH_SIGNAL SENT_AFTER_TIME 44530.187273
1552404792607663 AUDIO_PLAYBACK_ONSET 44 60 1 the
1552404792750736 AUDIO_PLAYBACK_ONSET 45 60 2 boy
1552404792909947 AUDIO_PLAYBACK_ONSET 46 60 3 smelled
1552404793258296 AUDIO_PLAYBACK_ONSET 47 60 4 the
1552404793324135 AUDIO_PLAYBACK_ONSET 48 60 5 flowers
1552404794192014 AUDIO_PLAYBACK_ONSET _ 60 END_OF_WAV
1552404794388936 AUDIO_PLAYBACK_DONE 60.wav
1552404794391489 CHEETAH_SIGNAL SENT_AFTER_TIME 44532.938474
1552404794426416 CHEETAH_SIGNAL SENT_AFTER_TIME 44532.973480
1552404795388936 AUDIO_PLAYBACK_ONSET 49 27 1 Who
1552404795589120 AUDIO_PLAYBACK_ONSET 50 27 2 did
1552404795771704 AUDIO_PLAYBACK_ONSET 51 27 3 the
1552404795922534 AUDIO_PLAYBACK_ONSET 52 27 4 boys
1552404796289970 AUDIO_PLAYBACK_ONSET 53 27 5 kiss?
1552404796987418 AUDIO_PLAYBACK_ONSET _ 27 END_OF_WAV
1552404797076423 AUDIO_PLAYBACK_DONE 27.wav
1552404797069561 CHEETAH_SIGNAL SENT_AFTER_TIME 44535.616538
1552404797104510 CHEETAH_SIGNAL SENT_AFTER_TIME 44535.651554
1552404798076423 AUDIO_PLAYBACK_ONSET 54 93 1 who
1552404798200201 AUDIO_PLAYBACK_ONSET 55 93 2 smelled
1552404798586237 AUDIO_PLAYBACK_ONSET 56 93 3 the
1552404798649388 AUDIO_PLAYBACK_ONSET 57 93 4 flowers?
1552404799538595 AUDIO_PLAYBACK_ONSET _ 93 END_OF_WAV
1552404799592048 AUDIO_PLAYBACK_DONE 93.wav
1552404799593047 CHEETAH_SIGNAL SENT_AFTER_TIME 44538.140025
1552404799628150 CHEETAH_SIGNAL SENT_AFTER_TIME 44538.175283
1552404800592048 AUDIO_PLAYBACK_ONSET 58 122 1 the
1552404800732925 AUDIO_PLAYBACK_ONSET 59 122 2 girl
1552404800981913 AUDIO_PLAYBACK_ONSET 60 122 3 crawls
1552404801677006 AUDIO_PLAYBACK_ONSET _ 122 END_OF_WAV
1552404801779537 AUDIO_PLAYBACK_DONE 122.wav
1552404801778403 CHEETAH_SIGNAL SENT_AFTER_TIME 44540.325378
1552404801813213 CHEETAH_SIGNAL SENT_AFTER_TIME 44540.360316
1552404802779537 AUDIO_PLAYBACK_ONSET 61 138 1 he
1552404802878606 AUDIO_PLAYBACK_ONSET 62 138 2 shaved
1552404803767999 AUDIO_PLAYBACK_ONSET _ 138 END_OF_WAV
1552404803982647 AUDIO_PLAYBACK_DONE 138.wav
1552404803987435 CHEETAH_SIGNAL SENT_AFTER_TIME 44542.534410
1552404804022320 CHEETAH_SIGNAL SENT_AFTER_TIME 44542.569409
1552404804982647 AUDIO_PLAYBACK_ONSET 63 56 1 we
1552404805107764 AUDIO_PLAYBACK_ONSET 64 56 2 revealed
1552404805480054 AUDIO_PLAYBACK_ONSET 65 56 3 that
1552404805557864 AUDIO_PLAYBACK_ONSET 66 56 4 she
1552404805776929 AUDIO_PLAYBACK_ONSET 67 56 5 jumps
1552404806446094 AUDIO_PLAYBACK_ONSET _ 56 END_OF_WAV
1552404806763899 AUDIO_PLAYBACK_DONE 56.wav
1552404806767764 CHEETAH_SIGNAL SENT_AFTER_TIME 44545.314737
1552404806802520 CHEETAH_SIGNAL SENT_AFTER_TIME 44545.349620
1552404807763899 AUDIO_PLAYBACK_ONSET 68 128 1 Whom
1552404807988404 AUDIO_PLAYBACK_ONSET 69 128 2 will
1552404808074845 AUDIO_PLAYBACK_ONSET 70 128 3 the
1552404808174517 AUDIO_PLAYBACK_ONSET 71 128 4 women
1552404808436487 AUDIO_PLAYBACK_ONSET 72 128 5 hug?
1552404808916323 AUDIO_PLAYBACK_ONSET _ 128 END_OF_WAV
1552404809076418 AUDIO_PLAYBACK_DONE 128.wav
1552404809072809 CHEETAH_SIGNAL SENT_AFTER_TIME 44547.619820
1552404809107809 CHEETAH_SIGNAL SENT_AFTER_TIME 44547.654878
1552404810076418 AUDIO_PLAYBACK_ONSET 73 92 1 she
1552404810454038 AUDIO_PLAYBACK_ONSET 74 92 2 blooms
1552404811263835 AUDIO_PLAYBACK_ONSET _ 92 END_OF_WAV
1552404811326398 AUDIO_PLAYBACK_DONE 92.wav
1552404811325274 CHEETAH_SIGNAL SENT_AFTER_TIME 44549.872264
1552404811360477 CHEETAH_SIGNAL SENT_AFTER_TIME 44549.907572
1552404812326398 AUDIO_PLAYBACK_ONSET 75 71 1 who
1552404812509548 AUDIO_PLAYBACK_ONSET 76 71 2 coughed?
1552404813262891 AUDIO_PLAYBACK_ONSET _ 71 END_OF_WAV
1552404813326379 AUDIO_PLAYBACK_DONE 71.wav
1552404813327499 CHEETAH_SIGNAL SENT_AFTER_TIME 44551.874473
1552404813361766 CHEETAH_SIGNAL SENT_AFTER_TIME 44551.908845
1552404814326379 AUDIO_PLAYBACK_ONSET 77 6 1 Whom
1552404814489200 AUDIO_PLAYBACK_ONSET 78 6 2 did
1552404814644168 AUDIO_PLAYBACK_ONSET 79 6 3 the
1552404814773583 AUDIO_PLAYBACK_ONSET 80 6 4 boy
1552404814984602 AUDIO_PLAYBACK_ONSET 81 6 5 hear?
1552404815466816 AUDIO_PLAYBACK_ONSET _ 6 END_OF_WAV
1552404815552934 AUDIO_PLAYBACK_DONE 6.wav
1552404815553676 CHEETAH_SIGNAL SENT_AFTER_TIME 44554.100652
1552404815588487 CHEETAH_SIGNAL SENT_AFTER_TIME 44554.135574
1552404816552934 AUDIO_PLAYBACK_ONSET 82 104 1 they
1552404816795941 AUDIO_PLAYBACK_ONSET 83 104 2 heared
1552404817076601 AUDIO_PLAYBACK_ONSET 84 104 3 that
1552404817181439 AUDIO_PLAYBACK_ONSET 85 104 4 she
1552404817379102 AUDIO_PLAYBACK_ONSET 86 104 5 laughed
1552404818152282 AUDIO_PLAYBACK_ONSET _ 104 END_OF_WAV
1552404818177929 AUDIO_PLAYBACK_DONE 104.wav
1552404818182146 CHEETAH_SIGNAL SENT_AFTER_TIME 44556.729127
1552404818216934 CHEETAH_SIGNAL SENT_AFTER_TIME 44556.764037
1552404819177929 AUDIO_PLAYBACK_ONSET 87 131 1 who
1552404819384644 AUDIO_PLAYBACK_ONSET 88 131 2 cried?
1552404819983259 AUDIO_PLAYBACK_ONSET _ 131 END_OF_WAV
1552404820052920 AUDIO_PLAYBACK_DONE 131.wav
1552404820045854 CHEETAH_SIGNAL SENT_AFTER_TIME 44558.592845
1552404820080257 CHEETAH_SIGNAL SENT_AFTER_TIME 44558.627352
1552404821052920 AUDIO_PLAYBACK_ONSET 89 12 1 who
1552404821301019 AUDIO_PLAYBACK_ONSET 90 12 2 jumped?
1552404822067455 AUDIO_PLAYBACK_ONSET _ 12 END_OF_WAV
1552404822459161 AUDIO_PLAYBACK_DONE 12.wav
1552404822455120 CHEETAH_SIGNAL SENT_AFTER_TIME 44561.002090
1552404822490556 CHEETAH_SIGNAL SENT_AFTER_TIME 44561.037641
1552404823459161 AUDIO_PLAYBACK_ONSET 91 35 1 she
1552404823850332 AUDIO_PLAYBACK_ONSET 92 35 2 disappears
1552404824941348 AUDIO_PLAYBACK_ONSET _ 35 END_OF_WAV
1552404825021681 AUDIO_PLAYBACK_DONE 35.wav
1552404825015870 CHEETAH_SIGNAL SENT_AFTER_TIME 44563.562840
1552404825050684 CHEETAH_SIGNAL SENT_AFTER_TIME 44563.597770
1552404826021681 AUDIO_PLAYBACK_ONSET 93 41 1 the
1552404826180381 AUDIO_PLAYBACK_ONSET 94 41 2 boy
1552404826368320 AUDIO_PLAYBACK_ONSET 95 41 3 sneezes
1552404827245372 AUDIO_PLAYBACK_ONSET _ 41 END_OF_WAV
1552404827248261 AUDIO_PLAYBACK_DONE 41.wav
1552404827249178 CHEETAH_SIGNAL SENT_AFTER_TIME 44565.796177
1552404827283963 CHEETAH_SIGNAL SENT_AFTER_TIME 44565.831062
1552404828248261 AUDIO_PLAYBACK_ONSET 96 148 1 The
1552404828364384 AUDIO_PLAYBACK_ONSET 97 148 2 grandpa
1552404828713962 AUDIO_PLAYBACK_ONSET 98 148 3 ate
1552404828955519 AUDIO_PLAYBACK_ONSET 99 148 4 the
1552404829044827 AUDIO_PLAYBACK_ONSET 100 148 5 meal
1552404829482012 AUDIO_PLAYBACK_ONSET _ 148 END_OF_WAV
1552404829513887 AUDIO_PLAYBACK_DONE 148.wav
1552404829507872 CHEETAH_SIGNAL SENT_AFTER_TIME 44568.054864
1552404829542627 CHEETAH_SIGNAL SENT_AFTER_TIME 44568.089719
1552404830513887 AUDIO_PLAYBACK_ONSET 101 14 1 the
1552404830694069 AUDIO_PLAYBACK_ONSET 102 14 2 boy
1552404830913510 AUDIO_PLAYBACK_ONSET 103 14 3 remains
1552404831796695 AUDIO_PLAYBACK_ONSET _ 14 END_OF_WAV
1552404831857629 AUDIO_PLAYBACK_DONE 14.wav
1552404831854136 CHEETAH_SIGNAL SENT_AFTER_TIME 44570.401143
1552404830213896 KEY_PRESS l
1552404830333921 KEY_PRESS l
1552404831889233 CHEETAH_SIGNAL SENT_AFTER_TIME 44570.436327
1552404832857629 AUDIO_PLAYBACK_ONSET 104 25 1 they
1552404833150490 AUDIO_PLAYBACK_ONSET 105 25 2 hug
1552404833436776 AUDIO_PLAYBACK_ONSET 106 25 3 the
1552404833538589 AUDIO_PLAYBACK_ONSET 107 25 4 friend
1552404834144427 AUDIO_PLAYBACK_ONSET _ 25 END_OF_WAV
1552404834357610 AUDIO_PLAYBACK_DONE 25.wav
1552404834353630 CHEETAH_SIGNAL SENT_AFTER_TIME 44572.900606
1552404834388407 CHEETAH_SIGNAL SENT_AFTER_TIME 44572.935510
1552404835357610 AUDIO_PLAYBACK_ONSET 108 40 1 he
1552404835696233 AUDIO_PLAYBACK_ONSET 109 40 2 cried
1552404836433330 AUDIO_PLAYBACK_ONSET _ 40 END_OF_WAV
1552404836795097 AUDIO_PLAYBACK_DONE 40.wav
1552404836791077 CHEETAH_SIGNAL SENT_AFTER_TIME 44575.338050
1552404836825927 CHEETAH_SIGNAL SENT_AFTER_TIME 44575.373039
1552404837795097 AUDIO_PLAYBACK_ONSET 110 136 1 who
1552404837928253 AUDIO_PLAYBACK_ONSET 111 136 2 kissed
1552404838210823 AUDIO_PLAYBACK_ONSET 112 136 3 the
1552404838327111 AUDIO_PLAYBACK_ONSET 113 136 4 clowns?
1552404839203075 AUDIO_PLAYBACK_ONSET _ 136 END_OF_WAV
1552404839412267 AUDIO_PLAYBACK_DONE 136.wav
1552404839413136 CHEETAH_SIGNAL SENT_AFTER_TIME 44577.960107
1552404839447907 CHEETAH_SIGNAL SENT_AFTER_TIME 44577.994956
1552404840412267 AUDIO_PLAYBACK_ONSET 114 73 1 she
1552404840630507 AUDIO_PLAYBACK_ONSET 115 73 2 heard
1552404840862276 AUDIO_PLAYBACK_ONSET 116 73 3 them
1552404841050121 AUDIO_PLAYBACK_ONSET 117 73 4 crying
1552404841577208 AUDIO_PLAYBACK_ONSET _ 73 END_OF_WAV
1552404841802882 AUDIO_PLAYBACK_DONE 73.wav
1552404841804869 CHEETAH_SIGNAL SENT_AFTER_TIME 44580.351861
1552404841839414 CHEETAH_SIGNAL SENT_AFTER_TIME 44580.386505
1552404842802882 AUDIO_PLAYBACK_ONSET 118 76 1 the
1552404842936536 AUDIO_PLAYBACK_ONSET 119 76 2 girl
1552404843163223 AUDIO_PLAYBACK_ONSET 120 76 3 disappears
1552404844114076 AUDIO_PLAYBACK_ONSET _ 76 END_OF_WAV
1552404844115401 AUDIO_PLAYBACK_DONE 76.wav
1552404844112998 CHEETAH_SIGNAL SENT_AFTER_TIME 44582.659968
1552404844147959 CHEETAH_SIGNAL SENT_AFTER_TIME 44582.695045
1552404845115401 AUDIO_PLAYBACK_ONSET 121 86 1 What
1552404845303742 AUDIO_PLAYBACK_ONSET 122 86 2 does
1552404845529547 AUDIO_PLAYBACK_ONSET 123 86 3 the
1552404845636276 AUDIO_PLAYBACK_ONSET 124 86 4 girl
1552404845862963 AUDIO_PLAYBACK_ONSET 125 86 5 eat?
1552404846378082 AUDIO_PLAYBACK_ONSET _ 86 END_OF_WAV
1552404846427897 AUDIO_PLAYBACK_DONE 86.wav
1552404846425842 CHEETAH_SIGNAL SENT_AFTER_TIME 44584.972829
1552404846460794 CHEETAH_SIGNAL SENT_AFTER_TIME 44585.007858
1552404847427897 AUDIO_PLAYBACK_ONSET 126 57 1 who
1552404847607515 AUDIO_PLAYBACK_ONSET 127 57 2 eats
1552404847822365 AUDIO_PLAYBACK_ONSET 128 57 3 the
1552404847889558 AUDIO_PLAYBACK_ONSET 129 57 4 salad?
1552404848510053 AUDIO_PLAYBACK_ONSET _ 57 END_OF_WAV
1552404848662255 AUDIO_PLAYBACK_DONE 57.wav
1552404848655789 CHEETAH_SIGNAL SENT_AFTER_TIME 44587.202765
1552404846589898 KEY_PRESS l
1552404846733922 KEY_PRESS l
1552404848613886 KEY_PRESS l
1552404848691220 CHEETAH_SIGNAL SENT_AFTER_TIME 44587.238306
1552404849662255 AUDIO_PLAYBACK_ONSET 130 23 1 they
1552404849939995 AUDIO_PLAYBACK_ONSET 131 23 2 saw
1552404850267611 AUDIO_PLAYBACK_ONSET 132 23 3 him
1552404850502487 AUDIO_PLAYBACK_ONSET 133 23 4 dance
1552404851162759 AUDIO_PLAYBACK_ONSET _ 23 END_OF_WAV
1552404851162256 AUDIO_PLAYBACK_DONE 23.wav
1552404851157765 CHEETAH_SIGNAL SENT_AFTER_TIME 44589.704747
1552404848733875 KEY_PRESS l
1552404851192810 CHEETAH_SIGNAL SENT_AFTER_TIME 44589.739886
1552404852162256 AUDIO_PLAYBACK_ONSET 134 39 1 she
1552404852664418 AUDIO_PLAYBACK_ONSET 135 39 2 excercised
1552404853832505 AUDIO_PLAYBACK_ONSET _ 39 END_OF_WAV
1552404854037249 AUDIO_PLAYBACK_DONE 39.wav
1552404854037933 CHEETAH_SIGNAL SENT_AFTER_TIME 44592.584888
1552404854072908 CHEETAH_SIGNAL SENT_AFTER_TIME 44592.619986
1552404855037249 AUDIO_PLAYBACK_ONSET 136 52 1 he
1552404855181338 AUDIO_PLAYBACK_ONSET 137 52 2 disappeared
1552404855960054 AUDIO_PLAYBACK_ONSET _ 52 END_OF_WAV
1552404856287232 AUDIO_PLAYBACK_DONE 52.wav
1552404856286191 CHEETAH_SIGNAL SENT_AFTER_TIME 44594.833169
1552404856321128 CHEETAH_SIGNAL SENT_AFTER_TIME 44594.868230
1552404857287232 AUDIO_PLAYBACK_ONSET 138 42 1 they
1552404857503660 AUDIO_PLAYBACK_ONSET 139 42 2 winked
1552404858213875 AUDIO_PLAYBACK_ONSET _ 42 END_OF_WAV
1552404858443468 AUDIO_PLAYBACK_DONE 42.wav
1552404858443272 CHEETAH_SIGNAL SENT_AFTER_TIME 44596.990247
1552404858478031 CHEETAH_SIGNAL SENT_AFTER_TIME 44597.025135
1552404859443468 AUDIO_PLAYBACK_ONSET 140 145 1 he
1552404859528068 AUDIO_PLAYBACK_ONSET 141 145 2 smelled
1552404859904692 AUDIO_PLAYBACK_ONSET 142 145 3 the
1552404859965438 AUDIO_PLAYBACK_ONSET 143 145 4 flowers
1552404860806534 AUDIO_PLAYBACK_ONSET _ 145 END_OF_WAV
1552404860834085 AUDIO_PLAYBACK_DONE 145.wav
1552404860826042 CHEETAH_SIGNAL SENT_AFTER_TIME 44599.373018
1552404860861244 CHEETAH_SIGNAL SENT_AFTER_TIME 44599.408364
1552404861834085 AUDIO_PLAYBACK_ONSET 144 109 1 the
1552404862001658 AUDIO_PLAYBACK_ONSET 145 109 2 boy
1552404862218260 AUDIO_PLAYBACK_ONSET 146 109 3 was
1552404862487312 AUDIO_PLAYBACK_ONSET 147 109 4 pushed
1552404863169170 AUDIO_PLAYBACK_ONSET _ 109 END_OF_WAV
1552404863279417 AUDIO_PLAYBACK_DONE 109.wav
1552404863279083 CHEETAH_SIGNAL SENT_AFTER_TIME 44601.826058
1552404863313961 CHEETAH_SIGNAL SENT_AFTER_TIME 44601.861045
1552404864279417 AUDIO_PLAYBACK_ONSET 148 96 1 the
1552404864425221 AUDIO_PLAYBACK_ONSET 149 96 2 girl
1552404864647753 AUDIO_PLAYBACK_ONSET 150 96 3 kicked
1552404864962931 AUDIO_PLAYBACK_ONSET 151 96 4 the
1552404865092817 AUDIO_PLAYBACK_ONSET 152 96 5 ball
1552404865501550 AUDIO_PLAYBACK_ONSET _ 96 END_OF_WAV
1552404865630961 AUDIO_PLAYBACK_DONE 96.wav
1552404865630816 CHEETAH_SIGNAL SENT_AFTER_TIME 44604.177837
1552404865665896 CHEETAH_SIGNAL SENT_AFTER_TIME 44604.212921
1552404866630961 AUDIO_PLAYBACK_ONSET 153 129 1 who
1552404866799959 AUDIO_PLAYBACK_ONSET 154 129 2 smiles?
1552404867610434 AUDIO_PLAYBACK_ONSET _ 129 END_OF_WAV
1552404867755975 AUDIO_PLAYBACK_DONE 129.wav
1552404867756804 CHEETAH_SIGNAL SENT_AFTER_TIME 44606.303720
1552404867791602 CHEETAH_SIGNAL SENT_AFTER_TIME 44606.338676
1552404868755975 AUDIO_PLAYBACK_ONSET 155 33 1 who
1552404869013172 AUDIO_PLAYBACK_ONSET 156 33 2 falls?
1552404869860199 AUDIO_PLAYBACK_ONSET _ 33 END_OF_WAV
1552404869896588 AUDIO_PLAYBACK_DONE 33.wav
1552404869890842 CHEETAH_SIGNAL SENT_AFTER_TIME 44608.437854
1552404869925133 CHEETAH_SIGNAL SENT_AFTER_TIME 44608.472222
1552404870896588 AUDIO_PLAYBACK_ONSET 157 38 1 who
1552404871143302 AUDIO_PLAYBACK_ONSET 158 38 2 sneezes?
1552404872161928 AUDIO_PLAYBACK_ONSET _ 38 END_OF_WAV
1552404872177860 AUDIO_PLAYBACK_DONE 38.wav
1552404872175499 CHEETAH_SIGNAL SENT_AFTER_TIME 44610.722470
1552404872210911 CHEETAH_SIGNAL SENT_AFTER_TIME 44610.757975
1552404873177860 AUDIO_PLAYBACK_ONSET 159 87 1 who
1552404873359422 AUDIO_PLAYBACK_ONSET 160 87 2 kicked
1552404873682987 AUDIO_PLAYBACK_ONSET 161 87 3 the
1552404873832840 AUDIO_PLAYBACK_ONSET 162 87 4 ball?
1552404874213066 AUDIO_PLAYBACK_ONSET _ 87 END_OF_WAV
1552404874287227 AUDIO_PLAYBACK_DONE 87.wav
1552404874281874 CHEETAH_SIGNAL SENT_AFTER_TIME 44612.828876
1552404874316695 CHEETAH_SIGNAL SENT_AFTER_TIME 44612.863786
1552404875287227 AUDIO_PLAYBACK_ONSET 163 108 1 she
1552404875540128 AUDIO_PLAYBACK_ONSET 164 108 2 arrives
1552404876448896 AUDIO_PLAYBACK_ONSET _ 108 END_OF_WAV
1552404876771587 AUDIO_PLAYBACK_DONE 108.wav
1552404876772267 CHEETAH_SIGNAL SENT_AFTER_TIME 44615.319298
1552404876807104 CHEETAH_SIGNAL SENT_AFTER_TIME 44615.354189
1552404877771587 AUDIO_PLAYBACK_ONSET 165 80 1 she
1552404878079159 AUDIO_PLAYBACK_ONSET 166 80 2 crawls
1552404878826942 AUDIO_PLAYBACK_ONSET _ 80 END_OF_WAV
1552404878990339 AUDIO_PLAYBACK_DONE 80.wav
1552404878988849 CHEETAH_SIGNAL SENT_AFTER_TIME 44617.535854
1552404879023668 CHEETAH_SIGNAL SENT_AFTER_TIME 44617.570725
1552404879990339 AUDIO_PLAYBACK_ONSET 167 48 1 she
1552404880204966 AUDIO_PLAYBACK_ONSET 168 48 2 collapsed
1552404881107487 AUDIO_PLAYBACK_ONSET _ 48 END_OF_WAV
1552404881162202 AUDIO_PLAYBACK_DONE 48.wav
1552404881156021 CHEETAH_SIGNAL SENT_AFTER_TIME 44619.702998
1552404881190846 CHEETAH_SIGNAL SENT_AFTER_TIME 44619.737962
1552404882162202 AUDIO_PLAYBACK_ONSET 169 7 1 he
1552404882319891 AUDIO_PLAYBACK_ONSET 170 7 2 arrived
1552404883154163 AUDIO_PLAYBACK_ONSET _ 7 END_OF_WAV
1552404883255968 AUDIO_PLAYBACK_DONE 7.wav
1552404883256807 CHEETAH_SIGNAL SENT_AFTER_TIME 44621.803761
1552404883292010 CHEETAH_SIGNAL SENT_AFTER_TIME 44621.839116
1552404884255968 AUDIO_PLAYBACK_ONSET 171 28 1 the
1552404884366372 AUDIO_PLAYBACK_ONSET 172 28 2 host
1552404884729270 AUDIO_PLAYBACK_ONSET 173 28 3 was
1552404884900638 AUDIO_PLAYBACK_ONSET 174 28 4 warned
1552404885627442 AUDIO_PLAYBACK_ONSET _ 28 END_OF_WAV
1552404885755947 AUDIO_PLAYBACK_DONE 28.wav
1552404885752171 CHEETAH_SIGNAL SENT_AFTER_TIME 44624.299133
1552404885787009 CHEETAH_SIGNAL SENT_AFTER_TIME 44624.334082
1552404886755947 AUDIO_PLAYBACK_ONSET 175 13 1 she
1552404887025468 AUDIO_PLAYBACK_ONSET 176 13 2 sliced
1552404887469057 AUDIO_PLAYBACK_ONSET 177 13 3 the
1552404887545879 AUDIO_PLAYBACK_ONSET 178 13 4 mushrooms
1552404888478901 AUDIO_PLAYBACK_ONSET _ 13 END_OF_WAV
1552404888599694 AUDIO_PLAYBACK_DONE 13.wav
1552404888601778 CHEETAH_SIGNAL SENT_AFTER_TIME 44627.148747
1552404888636586 CHEETAH_SIGNAL SENT_AFTER_TIME 44627.183694
1552404889599694 AUDIO_PLAYBACK_ONSET 179 94 1 she
1552404889945761 AUDIO_PLAYBACK_ONSET 180 94 2 kicked
1552404890256177 AUDIO_PLAYBACK_ONSET 181 94 3 the
1552404890403604 AUDIO_PLAYBACK_ONSET 182 94 4 ball
1552404890765619 AUDIO_PLAYBACK_ONSET _ 94 END_OF_WAV
1552404890818427 AUDIO_PLAYBACK_DONE 94.wav
1552404890817376 CHEETAH_SIGNAL SENT_AFTER_TIME 44629.364347
1552404890852325 CHEETAH_SIGNAL SENT_AFTER_TIME 44629.399358
1552404891818427 AUDIO_PLAYBACK_ONSET 183 142 1 he
1552404891955890 AUDIO_PLAYBACK_ONSET 184 142 2 undressed
1552404892866005 AUDIO_PLAYBACK_ONSET _ 142 END_OF_WAV
1552404893263736 AUDIO_PLAYBACK_DONE 142.wav
1552404893263098 CHEETAH_SIGNAL SENT_AFTER_TIME 44631.810079
1552404891221889 KEY_PRESS l
1552404891373920 KEY_PRESS l
1552404893298459 CHEETAH_SIGNAL SENT_AFTER_TIME 44631.845527
1552404894263736 AUDIO_PLAYBACK_ONSET 185 135 1 the
1552404894408875 AUDIO_PLAYBACK_ONSET 186 135 2 boy
1552404894557876 AUDIO_PLAYBACK_ONSET 187 135 3 heard
1552404894829749 AUDIO_PLAYBACK_ONSET 188 135 4 the
1552404894869294 AUDIO_PLAYBACK_ONSET 189 135 5 men
1552404895275338 AUDIO_PLAYBACK_ONSET _ 135 END_OF_WAV
1552404895314531 AUDIO_PLAYBACK_DONE 135.wav
1552404895306946 CHEETAH_SIGNAL SENT_AFTER_TIME 44633.853966
1552404895341817 CHEETAH_SIGNAL SENT_AFTER_TIME 44633.888906
1552404896314531 AUDIO_PLAYBACK_ONSET 190 79 1 the
1552404896408492 AUDIO_PLAYBACK_ONSET 191 79 2 boy
1552404896633416 AUDIO_PLAYBACK_ONSET 192 79 3 collapses
1552404897587797 AUDIO_PLAYBACK_ONSET _ 79 END_OF_WAV
1552404897627027 AUDIO_PLAYBACK_DONE 79.wav
1552404897624700 CHEETAH_SIGNAL SENT_AFTER_TIME 44636.171690
1552404897659559 CHEETAH_SIGNAL SENT_AFTER_TIME 44636.206653
1552404898627027 AUDIO_PLAYBACK_ONSET 193 78 1 she
1552404898857815 AUDIO_PLAYBACK_ONSET 194 78 2 saw
1552404899095747 AUDIO_PLAYBACK_ONSET 195 78 3 that
1552404899262013 AUDIO_PLAYBACK_ONSET 196 78 4 he
1552404899396746 AUDIO_PLAYBACK_ONSET 197 78 5 crawled
1552404899917521 AUDIO_PLAYBACK_ONSET _ 78 END_OF_WAV
1552404900048892 AUDIO_PLAYBACK_DONE 78.wav
1552404900040476 CHEETAH_SIGNAL SENT_AFTER_TIME 44638.587481
1552404900075918 CHEETAH_SIGNAL SENT_AFTER_TIME 44638.622916
1552404901048892 AUDIO_PLAYBACK_ONSET 198 111 1 he
1552404901336937 AUDIO_PLAYBACK_ONSET 199 111 2 jumped
1552404902032668 AUDIO_PLAYBACK_ONSET _ 111 END_OF_WAV
1552404902330165 AUDIO_PLAYBACK_DONE 111.wav
1552404902326874 CHEETAH_SIGNAL SENT_AFTER_TIME 44640.873868
1552404902361373 CHEETAH_SIGNAL SENT_AFTER_TIME 44640.908404
1552404903330165 AUDIO_PLAYBACK_ONSET 200 91 1 the
1552404903477268 AUDIO_PLAYBACK_ONSET 201 91 2 girl
1552404903686165 AUDIO_PLAYBACK_ONSET 202 91 3 fell
1552404904174607 AUDIO_PLAYBACK_ONSET _ 91 END_OF_WAV
1552404904236403 AUDIO_PLAYBACK_DONE 91.wav
1552404904238723 CHEETAH_SIGNAL SENT_AFTER_TIME 44642.785689
1552404904273552 CHEETAH_SIGNAL SENT_AFTER_TIME 44642.820609
1552404905236403 AUDIO_PLAYBACK_ONSET 203 150 1 What
1552404905369572 AUDIO_PLAYBACK_ONSET 204 150 2 did
1552404905533379 AUDIO_PLAYBACK_ONSET 205 150 3 the
1552404905651825 AUDIO_PLAYBACK_ONSET 206 150 4 boy
1552404905839153 AUDIO_PLAYBACK_ONSET 207 150 5 smell?
1552404906413740 AUDIO_PLAYBACK_ONSET _ 150 END_OF_WAV
1552404906486405 AUDIO_PLAYBACK_DONE 150.wav
1552404906484787 CHEETAH_SIGNAL SENT_AFTER_TIME 44645.031757
1552404906519609 CHEETAH_SIGNAL SENT_AFTER_TIME 44645.066716
1552404907486405 AUDIO_PLAYBACK_ONSET 208 2 1 who
1552404907605394 AUDIO_PLAYBACK_ONSET 209 2 2 hugs
1552404907897792 AUDIO_PLAYBACK_ONSET 210 2 3 the
1552404907979014 AUDIO_PLAYBACK_ONSET 211 2 4 friend?
1552404908517945 AUDIO_PLAYBACK_ONSET _ 2 END_OF_WAV
1552404908908265 AUDIO_PLAYBACK_DONE 2.wav
1552404908909145 CHEETAH_SIGNAL SENT_AFTER_TIME 44647.456106
1552404908943982 CHEETAH_SIGNAL SENT_AFTER_TIME 44647.491079
1552404909908265 AUDIO_PLAYBACK_ONSET 212 117 1 the
1552404909975281 AUDIO_PLAYBACK_ONSET 213 117 2 women
1552404910227547 AUDIO_PLAYBACK_ONSET 214 117 3 hug
1552404910499219 AUDIO_PLAYBACK_ONSET 215 117 4 the
1552404910559282 AUDIO_PLAYBACK_ONSET 216 117 5 friend
1552404911231991 AUDIO_PLAYBACK_ONSET _ 117 END_OF_WAV
1552404911283279 AUDIO_PLAYBACK_DONE 117.wav
1552404911279970 CHEETAH_SIGNAL SENT_AFTER_TIME 44649.826944
1552404911315174 CHEETAH_SIGNAL SENT_AFTER_TIME 44649.862254
1552404912283279 AUDIO_PLAYBACK_ONSET 217 120 1 they
1552404912421443 AUDIO_PLAYBACK_ONSET 218 120 2 caught
1552404912580937 AUDIO_PLAYBACK_ONSET 219 120 3 him
1552404912723000 AUDIO_PLAYBACK_ONSET 220 120 4 stealing
1552404913429830 AUDIO_PLAYBACK_ONSET _ 120 END_OF_WAV
1552404913580152 AUDIO_PLAYBACK_DONE 120.wav
1552404913572846 CHEETAH_SIGNAL SENT_AFTER_TIME 44652.119829
1552404913607609 CHEETAH_SIGNAL SENT_AFTER_TIME 44652.154719
1552404914580152 AUDIO_PLAYBACK_ONSET 221 83 1 What
1552404914715695 AUDIO_PLAYBACK_ONSET 222 83 2 will
1552404914935703 AUDIO_PLAYBACK_ONSET 223 83 3 the
1552404915109214 AUDIO_PLAYBACK_ONSET 224 83 4 girl
1552404915517476 AUDIO_PLAYBACK_ONSET 225 83 5 eat?
1552404916048217 AUDIO_PLAYBACK_ONSET _ 83 END_OF_WAV
1552404916267639 AUDIO_PLAYBACK_DONE 83.wav
1552404916261079 CHEETAH_SIGNAL SENT_AFTER_TIME 44654.808054
1552404916295913 CHEETAH_SIGNAL SENT_AFTER_TIME 44654.842987
1552404917267639 AUDIO_PLAYBACK_ONSET 226 147 1 the
1552404917404360 AUDIO_PLAYBACK_ONSET 227 147 2 boys
1552404917746787 AUDIO_PLAYBACK_ONSET 228 147 3 tickle
1552404918005651 AUDIO_PLAYBACK_ONSET 229 147 4 the
1552404918140078 AUDIO_PLAYBACK_ONSET 230 147 5 girl
1552404918590592 AUDIO_PLAYBACK_ONSET _ 147 END_OF_WAV
1552404918619185 AUDIO_PLAYBACK_DONE 147.wav
1552404918619708 CHEETAH_SIGNAL SENT_AFTER_TIME 44657.166675
1552404916981907 KEY_PRESS l
1552404917101885 KEY_PRESS l
1552404918654972 CHEETAH_SIGNAL SENT_AFTER_TIME 44657.202072
1552404919619185 AUDIO_PLAYBACK_ONSET 231 30 1 Whom
1552404919879788 AUDIO_PLAYBACK_ONSET 232 30 2 will
1552404920087447 AUDIO_PLAYBACK_ONSET 233 30 3 the
1552404920245710 AUDIO_PLAYBACK_ONSET 234 30 4 boy
1552404920474537 AUDIO_PLAYBACK_ONSET 235 30 5 hear?
1552404921088439 AUDIO_PLAYBACK_ONSET _ 30 END_OF_WAV
1552404921119164 AUDIO_PLAYBACK_DONE 30.wav
1552404921114637 CHEETAH_SIGNAL SENT_AFTER_TIME 44659.661611
1552404921149392 CHEETAH_SIGNAL SENT_AFTER_TIME 44659.696466
1552404922119164 AUDIO_PLAYBACK_ONSET 236 112 1 who
1552404922272599 AUDIO_PLAYBACK_ONSET 237 112 2 appeared?
1552404922951770 AUDIO_PLAYBACK_ONSET _ 112 END_OF_WAV
1552404923056650 AUDIO_PLAYBACK_DONE 112.wav
1552404923058504 CHEETAH_SIGNAL SENT_AFTER_TIME 44661.605482
1552404923093378 CHEETAH_SIGNAL SENT_AFTER_TIME 44661.640489
1552404924056650 AUDIO_PLAYBACK_ONSET 238 61 1 who
1552404924266851 AUDIO_PLAYBACK_ONSET 239 61 2 tickles
1552404924674103 AUDIO_PLAYBACK_ONSET 240 61 3 the
1552404924795069 AUDIO_PLAYBACK_ONSET 241 61 4 girl?
1552404925269860 AUDIO_PLAYBACK_ONSET _ 61 END_OF_WAV
1552404925556630 AUDIO_PLAYBACK_DONE 61.wav
1552404925552207 CHEETAH_SIGNAL SENT_AFTER_TIME 44664.099168
1552404925587028 CHEETAH_SIGNAL SENT_AFTER_TIME 44664.134148
1552404926556630 AUDIO_PLAYBACK_ONSET 242 116 1 who
1552404926710529 AUDIO_PLAYBACK_ONSET 243 116 2 vanished?
1552404927549528 AUDIO_PLAYBACK_ONSET _ 116 END_OF_WAV
1552404927619126 AUDIO_PLAYBACK_DONE 116.wav
1552404927619674 CHEETAH_SIGNAL SENT_AFTER_TIME 44666.166653
1552404927655015 CHEETAH_SIGNAL SENT_AFTER_TIME 44666.202077
1552404928619126 AUDIO_PLAYBACK_ONSET 244 102 1 we
1552404928769633 AUDIO_PLAYBACK_ONSET 245 102 2 heard
1552404929034186 AUDIO_PLAYBACK_ONSET 246 102 3 that
1552404929142363 AUDIO_PLAYBACK_ONSET 247 102 4 she
1552404929360860 AUDIO_PLAYBACK_ONSET 248 102 5 sneezed
1552404930172725 AUDIO_PLAYBACK_ONSET _ 102 END_OF_WAV
1552404930212868 AUDIO_PLAYBACK_DONE 102.wav
1552404930206242 CHEETAH_SIGNAL SENT_AFTER_TIME 44668.753224
1552404930241254 CHEETAH_SIGNAL SENT_AFTER_TIME 44668.788326
1552404931212868 AUDIO_PLAYBACK_ONSET 249 15 1 he
1552404931372479 AUDIO_PLAYBACK_ONSET 250 15 2 remains
1552404932267174 AUDIO_PLAYBACK_ONSET _ 15 END_OF_WAV
1552404932275365 AUDIO_PLAYBACK_DONE 15.wav
1552404932275789 CHEETAH_SIGNAL SENT_AFTER_TIME 44670.822761
1552404932310914 CHEETAH_SIGNAL SENT_AFTER_TIME 44670.857896
1552404933275365 AUDIO_PLAYBACK_ONSET 251 72 1 the
1552404933419534 AUDIO_PLAYBACK_ONSET 252 72 2 girls
1552404933687874 AUDIO_PLAYBACK_ONSET 253 72 3 found
1552404933930279 AUDIO_PLAYBACK_ONSET 254 72 4 the
1552404934039012 AUDIO_PLAYBACK_ONSET 255 72 5 bikes
1552404934751262 AUDIO_PLAYBACK_ONSET _ 72 END_OF_WAV
1552404934759744 AUDIO_PLAYBACK_DONE 72.wav
1552404934761803 CHEETAH_SIGNAL SENT_AFTER_TIME 44673.308762
1552404934796570 CHEETAH_SIGNAL SENT_AFTER_TIME 44673.343649
1552404935759744 AUDIO_PLAYBACK_ONSET 256 110 1 The
1552404935889943 AUDIO_PLAYBACK_ONSET 257 110 2 cake
1552404936131773 AUDIO_PLAYBACK_ONSET 258 110 3 was
1552404936296424 AUDIO_PLAYBACK_ONSET 259 110 4 overcooked
1552404937251395 AUDIO_PLAYBACK_ONSET _ 110 END_OF_WAV
1552404937290993 AUDIO_PLAYBACK_DONE 110.wav
1552404937285654 CHEETAH_SIGNAL SENT_AFTER_TIME 44675.832627
1552404937320592 CHEETAH_SIGNAL SENT_AFTER_TIME 44675.867659
1552404938290993 AUDIO_PLAYBACK_ONSET 260 49 1 the
1552404938460701 AUDIO_PLAYBACK_ONSET 261 49 2 girl
1552404938669937 AUDIO_PLAYBACK_ONSET 262 49 3 ate
1552404938856208 AUDIO_PLAYBACK_ONSET 263 49 4 the
1552404938914897 AUDIO_PLAYBACK_ONSET 264 49 5 salad
1552404939530697 AUDIO_PLAYBACK_ONSET _ 49 END_OF_WAV
1552404939556621 AUDIO_PLAYBACK_DONE 49.wav
1552404939559103 CHEETAH_SIGNAL SENT_AFTER_TIME 44678.106110
1552404937397848 KEY_PRESS l
1552404937501921 KEY_PRESS l
1552404939594687 CHEETAH_SIGNAL SENT_AFTER_TIME 44678.141789
1552404940556621 AUDIO_PLAYBACK_ONSET 265 32 1 the
1552404940700569 AUDIO_PLAYBACK_ONSET 266 32 2 girls
1552404941052293 AUDIO_PLAYBACK_ONSET 267 32 3 appear
1552404941702652 AUDIO_PLAYBACK_ONSET _ 32 END_OF_WAV
1552404941790974 AUDIO_PLAYBACK_DONE 32.wav
1552404941783987 CHEETAH_SIGNAL SENT_AFTER_TIME 44680.330959
1552404939653914 KEY_PRESS l
1552404939757887 KEY_PRESS l
1552404941818742 CHEETAH_SIGNAL SENT_AFTER_TIME 44680.365830
1552404942790974 AUDIO_PLAYBACK_ONSET 268 137 1 the
1552404942931940 AUDIO_PLAYBACK_ONSET 269 137 2 boys
1552404943242494 AUDIO_PLAYBACK_ONSET 270 137 3 vanished
1552404944105357 AUDIO_PLAYBACK_ONSET _ 137 END_OF_WAV
1552404944212838 AUDIO_PLAYBACK_DONE 137.wav
1552404944214830 CHEETAH_SIGNAL SENT_AFTER_TIME 44682.761781
1552404944249634 CHEETAH_SIGNAL SENT_AFTER_TIME 44682.796753
1552404945212838 AUDIO_PLAYBACK_ONSET 271 65 1 they
1552404945344538 AUDIO_PLAYBACK_ONSET 272 65 2 found
1552404945637462 AUDIO_PLAYBACK_ONSET 273 65 3 the
1552404945757589 AUDIO_PLAYBACK_ONSET 274 65 4 bikes
1552404946407197 AUDIO_PLAYBACK_ONSET _ 65 END_OF_WAV
1552404946587829 AUDIO_PLAYBACK_DONE 65.wav
1552404946584795 CHEETAH_SIGNAL SENT_AFTER_TIME 44685.131768
1552404946619613 CHEETAH_SIGNAL SENT_AFTER_TIME 44685.166709
1552404947587829 AUDIO_PLAYBACK_ONSET 275 126 1 the
1552404947677101 AUDIO_PLAYBACK_ONSET 276 126 2 host
1552404947978961 AUDIO_PLAYBACK_ONSET 277 126 3 will
1552404948143442 AUDIO_PLAYBACK_ONSET 278 126 4 eat
1552404948676137 AUDIO_PLAYBACK_ONSET _ 126 END_OF_WAV
1552404948978464 AUDIO_PLAYBACK_DONE 126.wav
1552404948979768 CHEETAH_SIGNAL SENT_AFTER_TIME 44687.526744
1552404949015047 CHEETAH_SIGNAL SENT_AFTER_TIME 44687.562111
1552404949978464 AUDIO_PLAYBACK_ONSET 279 4 1 he
1552404950087486 AUDIO_PLAYBACK_ONSET 280 4 2 showered
1552404950821724 AUDIO_PLAYBACK_ONSET _ 4 END_OF_WAV
1552404951035089 AUDIO_PLAYBACK_DONE 4.wav
1552404951040321 CHEETAH_SIGNAL SENT_AFTER_TIME 44689.587318
1552404949461805 KEY_PRESS l
1552404949565920 KEY_PRESS l
1552404951075497 CHEETAH_SIGNAL SENT_AFTER_TIME 44689.622589
1552404952035089 AUDIO_PLAYBACK_ONSET 281 3 1 They
1552404952153944 AUDIO_PLAYBACK_ONSET 282 3 2 ate
1552404952400635 AUDIO_PLAYBACK_ONSET 283 3 3 the
1552404952518966 AUDIO_PLAYBACK_ONSET 284 3 4 grapes
1552404952876968 AUDIO_PLAYBACK_ONSET 285 3 5 together
1552404953367341 AUDIO_PLAYBACK_ONSET _ 3 END_OF_WAV
1552404953527267 AUDIO_PLAYBACK_DONE 3.wav
1552404953530490 CHEETAH_SIGNAL SENT_AFTER_TIME 44692.077572
1552404953469934 KEY_PRESS l
1552404953525875 KEY_PRESS l
1552404953566113 CHEETAH_SIGNAL SENT_AFTER_TIME 44692.113196
1552404954527267 AUDIO_PLAYBACK_ONSET 286 24 1 The
1552404954630647 AUDIO_PLAYBACK_ONSET 287 24 2 sandwich
1552404955234727 AUDIO_PLAYBACK_ONSET 288 24 3 is
1552404955425376 AUDIO_PLAYBACK_ONSET 289 24 4 healthy
1552404955990897 AUDIO_PLAYBACK_ONSET _ 24 END_OF_WAV
1552404956121011 AUDIO_PLAYBACK_DONE 24.wav
1552404956124653 CHEETAH_SIGNAL SENT_AFTER_TIME 44694.671626
1552404956159561 CHEETAH_SIGNAL SENT_AFTER_TIME 44694.706646
1552404957121011 AUDIO_PLAYBACK_ONSET 290 29 1 he
1552404957418912 AUDIO_PLAYBACK_ONSET 291 29 2 bloomed
1552404958354382 AUDIO_PLAYBACK_ONSET _ 29 END_OF_WAV
1552404958621013 AUDIO_PLAYBACK_DONE 29.wav
1552404958616568 CHEETAH_SIGNAL SENT_AFTER_TIME 44697.163532
1552404956693916 KEY_PRESS l
1552404956813903 KEY_PRESS l
1552404958652368 CHEETAH_SIGNAL SENT_AFTER_TIME 44697.199457
1552404959621013 AUDIO_PLAYBACK_ONSET 292 114 1 she
1552404959823028 AUDIO_PLAYBACK_ONSET 293 114 2 saw
1552404960006356 AUDIO_PLAYBACK_ONSET 294 114 3 him
1552404960223696 AUDIO_PLAYBACK_ONSET 295 114 4 coming
1552404960702340 AUDIO_PLAYBACK_ONSET _ 114 END_OF_WAV
1552404960855369 AUDIO_PLAYBACK_DONE 114.wav
1552404960858505 CHEETAH_SIGNAL SENT_AFTER_TIME 44699.405487
1552404960893460 CHEETAH_SIGNAL SENT_AFTER_TIME 44699.440559
1552404961855369 AUDIO_PLAYBACK_ONSET 296 22 1 they
1552404962190685 AUDIO_PLAYBACK_ONSET 297 22 2 vanished
1552404962918771 AUDIO_PLAYBACK_ONSET _ 22 END_OF_WAV
1552404963011608 AUDIO_PLAYBACK_DONE 22.wav
1552404963011015 CHEETAH_SIGNAL SENT_AFTER_TIME 44701.558025
1552404963046025 CHEETAH_SIGNAL SENT_AFTER_TIME 44701.593138
1552404964011608 AUDIO_PLAYBACK_ONSET 298 17 1 he
1552404964160485 AUDIO_PLAYBACK_ONSET 299 17 2 was
1552404964390990 AUDIO_PLAYBACK_ONSET 300 17 3 hugged
1552404964917188 AUDIO_PLAYBACK_ONSET _ 17 END_OF_WAV
1552404965011587 AUDIO_PLAYBACK_DONE 17.wav
1552404965012602 CHEETAH_SIGNAL SENT_AFTER_TIME 44703.559581
1552404965046946 CHEETAH_SIGNAL SENT_AFTER_TIME 44703.594024
1552404966011587 AUDIO_PLAYBACK_ONSET 301 37 1 who
1552404966327310 AUDIO_PLAYBACK_ONSET 302 37 2 blooms?
1552404967104249 AUDIO_PLAYBACK_ONSET _ 37 END_OF_WAV
1552404967105330 AUDIO_PLAYBACK_DONE 37.wav
1552404967104960 CHEETAH_SIGNAL SENT_AFTER_TIME 44705.651933
1552404967139946 CHEETAH_SIGNAL SENT_AFTER_TIME 44705.687043
1552404968105330 AUDIO_PLAYBACK_ONSET 303 19 1 who
1552404968346878 AUDIO_PLAYBACK_ONSET 304 19 2 laughs?
1552404969114769 AUDIO_PLAYBACK_ONSET _ 19 END_OF_WAV
1552404969136599 AUDIO_PLAYBACK_DONE 19.wav
1552404969138193 CHEETAH_SIGNAL SENT_AFTER_TIME 44707.685150
1552404969173071 CHEETAH_SIGNAL SENT_AFTER_TIME 44707.720155
1552404970136599 AUDIO_PLAYBACK_ONSET 305 88 1 he
1552404970352438 AUDIO_PLAYBACK_ONSET 306 88 2 collapses
1552404971296791 AUDIO_PLAYBACK_ONSET _ 88 END_OF_WAV
1552404971355332 AUDIO_PLAYBACK_DONE 88.wav
1552404971353975 CHEETAH_SIGNAL SENT_AFTER_TIME 44709.900953
1552404971388970 CHEETAH_SIGNAL SENT_AFTER_TIME 44709.936054
1552404972355332 AUDIO_PLAYBACK_ONSET 307 143 1 he
1552404972472852 AUDIO_PLAYBACK_ONSET 308 143 2 was
1552404972714604 AUDIO_PLAYBACK_ONSET 309 143 3 kissed
1552404973400820 AUDIO_PLAYBACK_ONSET _ 143 END_OF_WAV
1552404973472522 AUDIO_PLAYBACK_DONE 143.wav
1552404973469469 CHEETAH_SIGNAL SENT_AFTER_TIME 44712.016443
1552404973504635 CHEETAH_SIGNAL SENT_AFTER_TIME 44712.051736
1552404974472522 AUDIO_PLAYBACK_ONSET 310 98 1 the
1552404974595263 AUDIO_PLAYBACK_ONSET 311 98 2 boy
1552404974916777 AUDIO_PLAYBACK_ONSET 312 98 3 bloomed
1552404975584259 AUDIO_PLAYBACK_ONSET _ 98 END_OF_WAV
1552404975820165 AUDIO_PLAYBACK_DONE 98.wav
1552404975814080 CHEETAH_SIGNAL SENT_AFTER_TIME 44714.361087
1552404975848935 CHEETAH_SIGNAL SENT_AFTER_TIME 44714.396038
1552404976820165 AUDIO_PLAYBACK_ONSET 313 124 1 who
1552404976928348 AUDIO_PLAYBACK_ONSET 314 124 2 disappeared?
1552404977683151 AUDIO_PLAYBACK_ONSET _ 124 END_OF_WAV
1552404977804524 AUDIO_PLAYBACK_DONE 124.wav
1552404977800066 CHEETAH_SIGNAL SENT_AFTER_TIME 44716.347023
1552404977834939 CHEETAH_SIGNAL SENT_AFTER_TIME 44716.382040
1552404978804524 AUDIO_PLAYBACK_ONSET 315 36 1 she
1552404979206505 AUDIO_PLAYBACK_ONSET 316 36 2 laughed
1552404979965900 AUDIO_PLAYBACK_ONSET _ 36 END_OF_WAV
1552404980054501 AUDIO_PLAYBACK_DONE 36.wav
1552404980053009 CHEETAH_SIGNAL SENT_AFTER_TIME 44718.600045
1552404980087901 CHEETAH_SIGNAL SENT_AFTER_TIME 44718.634999
1552404981054501 AUDIO_PLAYBACK_ONSET 317 53 1 they
1552404981215308 AUDIO_PLAYBACK_ONSET 318 53 2 heard
1552404981389700 AUDIO_PLAYBACK_ONSET 319 53 3 her
1552404981539899 AUDIO_PLAYBACK_ONSET 320 53 4 coughing
1552404982145737 AUDIO_PLAYBACK_ONSET _ 53 END_OF_WAV
1552404982554482 AUDIO_PLAYBACK_DONE 53.wav
1552404982549823 CHEETAH_SIGNAL SENT_AFTER_TIME 44721.096805
1552404982583799 CHEETAH_SIGNAL SENT_AFTER_TIME 44721.130879
1552404983554482 AUDIO_PLAYBACK_ONSET 321 18 1 The
1552404983654806 AUDIO_PLAYBACK_ONSET 322 18 2 chef
1552404983927987 AUDIO_PLAYBACK_ONSET 323 18 3 served
1552404984384633 AUDIO_PLAYBACK_ONSET 324 18 4 the
1552404984533825 AUDIO_PLAYBACK_ONSET 325 18 5 cake
1552404984991479 AUDIO_PLAYBACK_ONSET _ 18 END_OF_WAV
1552404985054484 AUDIO_PLAYBACK_DONE 18.wav
1552404985059288 CHEETAH_SIGNAL SENT_AFTER_TIME 44723.606264
1552404985094539 CHEETAH_SIGNAL SENT_AFTER_TIME 44723.641620
1552404986054484 AUDIO_PLAYBACK_ONSET 326 34 1 the
1552404986260108 AUDIO_PLAYBACK_ONSET 327 34 2 boy
1552404986510526 AUDIO_PLAYBACK_ONSET 328 34 3 laughs
1552404987333856 AUDIO_PLAYBACK_ONSET _ 34 END_OF_WAV
1552404987429474 AUDIO_PLAYBACK_DONE 34.wav
1552404987425513 CHEETAH_SIGNAL SENT_AFTER_TIME 44725.972545
1552404987460348 CHEETAH_SIGNAL SENT_AFTER_TIME 44726.007443
1552404988429474 AUDIO_PLAYBACK_ONSET 329 84 1 the
1552404988578604 AUDIO_PLAYBACK_ONSET 330 84 2 girl
1552404988780213 AUDIO_PLAYBACK_ONSET 331 84 3 smiled
1552404989561449 AUDIO_PLAYBACK_ONSET _ 84 END_OF_WAV
1552404989679476 AUDIO_PLAYBACK_DONE 84.wav
1552404989677673 CHEETAH_SIGNAL SENT_AFTER_TIME 44728.224665
1552404989712455 CHEETAH_SIGNAL SENT_AFTER_TIME 44728.259546
1552404990679476 AUDIO_PLAYBACK_ONSET 332 127 1 the
1552404990771860 AUDIO_PLAYBACK_ONSET 333 127 2 woman
1552404991070744 AUDIO_PLAYBACK_ONSET 334 127 3 will
1552404991160330 AUDIO_PLAYBACK_ONSET 335 127 4 speak
1552404991854821 AUDIO_PLAYBACK_ONSET _ 127 END_OF_WAV
1552404991859161 AUDIO_PLAYBACK_DONE 127.wav
1552404991856045 CHEETAH_SIGNAL SENT_AFTER_TIME 44730.403015
1552404991890939 CHEETAH_SIGNAL SENT_AFTER_TIME 44730.438014
1552404992859161 AUDIO_PLAYBACK_ONSET 336 152 1 she
1552404993193712 AUDIO_PLAYBACK_ONSET 337 152 2 dressed
1552404993819213 AUDIO_PLAYBACK_ONSET _ 152 END_OF_WAV
1552404993921660 AUDIO_PLAYBACK_DONE 152.wav
1552404993922338 CHEETAH_SIGNAL SENT_AFTER_TIME 44732.469300
1552404993957107 CHEETAH_SIGNAL SENT_AFTER_TIME 44732.504209
1552404994921660 AUDIO_PLAYBACK_ONSET 338 20 1 she
1552404995302945 AUDIO_PLAYBACK_ONSET 339 20 2 sneezed
1552404996135908 AUDIO_PLAYBACK_ONSET _ 20 END_OF_WAV
1552404996140390 AUDIO_PLAYBACK_DONE 20.wav
1552404996139422 CHEETAH_SIGNAL SENT_AFTER_TIME 44734.686391
1552404996174614 CHEETAH_SIGNAL SENT_AFTER_TIME 44734.721722
1552404997140390 AUDIO_PLAYBACK_ONSET 340 82 1 the
1552404997282917 AUDIO_PLAYBACK_ONSET 341 82 2 boy
1552404997474932 AUDIO_PLAYBACK_ONSET 342 82 3 will
1552404997611839 AUDIO_PLAYBACK_ONSET 343 82 4 sing
1552404998168080 AUDIO_PLAYBACK_ONSET _ 82 END_OF_WAV
1552404998421640 AUDIO_PLAYBACK_DONE 82.wav
1552404998419380 CHEETAH_SIGNAL SENT_AFTER_TIME 44736.966365
1552404998454205 CHEETAH_SIGNAL SENT_AFTER_TIME 44737.001302
1552404999421640 AUDIO_PLAYBACK_ONSET 344 119 1 she
1552404999653609 AUDIO_PLAYBACK_ONSET 345 119 2 was
1552404999888275 AUDIO_PLAYBACK_ONSET 346 119 3 kicked
1552405000558084 AUDIO_PLAYBACK_ONSET _ 119 END_OF_WAV
1552405000577900 AUDIO_PLAYBACK_DONE 119.wav
1552405000578440 CHEETAH_SIGNAL SENT_AFTER_TIME 44739.125391
1552405000613373 CHEETAH_SIGNAL SENT_AFTER_TIME 44739.160449
1552405001577900 AUDIO_PLAYBACK_ONSET 347 70 1 she
1552405001969482 AUDIO_PLAYBACK_ONSET 348 70 2 jumps
1552405002742309 AUDIO_PLAYBACK_ONSET _ 70 END_OF_WAV
1552405003109150 AUDIO_PLAYBACK_DONE 70.wav
1552405003104290 CHEETAH_SIGNAL SENT_AFTER_TIME 44741.651260
1552405003139153 CHEETAH_SIGNAL SENT_AFTER_TIME 44741.686225
1552405004109150 AUDIO_PLAYBACK_ONSET 349 58 1 he
1552405004320605 AUDIO_PLAYBACK_ONSET 350 58 2 laughs
1552405005108632 AUDIO_PLAYBACK_ONSET _ 58 END_OF_WAV
1552405005335708 AUDIO_PLAYBACK_DONE 58.wav
1552405005336871 CHEETAH_SIGNAL SENT_AFTER_TIME 44743.883871
1552405005371390 CHEETAH_SIGNAL SENT_AFTER_TIME 44743.918476
1552405006335708 AUDIO_PLAYBACK_ONSET 351 11 1 he
1552405006483373 AUDIO_PLAYBACK_ONSET 352 11 2 will
1552405006679374 AUDIO_PLAYBACK_ONSET 353 11 3 drive
1552405007287876 AUDIO_PLAYBACK_ONSET _ 11 END_OF_WAV
1552405007288815 AUDIO_PLAYBACK_DONE 11.wav
1552405007284350 CHEETAH_SIGNAL SENT_AFTER_TIME 44745.831319
1552405007319611 CHEETAH_SIGNAL SENT_AFTER_TIME 44745.866735
1552405008288815 AUDIO_PLAYBACK_ONSET 354 105 1 the
1552405008432119 AUDIO_PLAYBACK_ONSET 355 105 2 boys
1552405008734194 AUDIO_PLAYBACK_ONSET 356 105 3 winked
1552405009404473 AUDIO_PLAYBACK_ONSET _ 105 END_OF_WAV
1552405009503649 AUDIO_PLAYBACK_DONE 105.wav
1552405009496787 CHEETAH_SIGNAL SENT_AFTER_TIME 44748.043765
1552405009531330 CHEETAH_SIGNAL SENT_AFTER_TIME 44748.078393
1552405010503649 AUDIO_PLAYBACK_ONSET 357 10 1 they
1552405010804954 AUDIO_PLAYBACK_ONSET 358 10 2 wink
1552405011408274 AUDIO_PLAYBACK_ONSET _ 10 END_OF_WAV
1552405011628639 AUDIO_PLAYBACK_DONE 10.wav
1552405011628351 CHEETAH_SIGNAL SENT_AFTER_TIME 44750.175322
1552405011663165 CHEETAH_SIGNAL SENT_AFTER_TIME 44750.210253
1552405012628639 AUDIO_PLAYBACK_ONSET 359 118 1 the
1552405012711826 AUDIO_PLAYBACK_ONSET 360 118 2 woman
1552405012989039 AUDIO_PLAYBACK_ONSET 361 118 3 was
1552405013256172 AUDIO_PLAYBACK_ONSET 362 118 4 pinched
1552405014089829 AUDIO_PLAYBACK_ONSET _ 118 END_OF_WAV
1552405014128620 AUDIO_PLAYBACK_DONE 118.wav
1552405014124191 CHEETAH_SIGNAL SENT_AFTER_TIME 44752.671164
1552405014159094 CHEETAH_SIGNAL SENT_AFTER_TIME 44752.706127
1552405015128620 AUDIO_PLAYBACK_ONSET 363 100 1 she
1552405015452353 AUDIO_PLAYBACK_ONSET 364 100 2 fell
1552405015959823 AUDIO_PLAYBACK_ONSET _ 100 END_OF_WAV
1552405016003634 AUDIO_PLAYBACK_DONE 100.wav
1552405016006213 CHEETAH_SIGNAL SENT_AFTER_TIME 44754.553188
1552405016041063 CHEETAH_SIGNAL SENT_AFTER_TIME 44754.588163
1552405017003634 AUDIO_PLAYBACK_ONSET 365 97 1 they
1552405017199649 AUDIO_PLAYBACK_ONSET 366 97 2 kissed
1552405017532782 AUDIO_PLAYBACK_ONSET 367 97 3 the
1552405017649378 AUDIO_PLAYBACK_ONSET 368 97 4 clowns
1552405018456668 AUDIO_PLAYBACK_ONSET _ 97 END_OF_WAV
1552405018655972 AUDIO_PLAYBACK_DONE 97.wav
1552405018654037 CHEETAH_SIGNAL SENT_AFTER_TIME 44757.201016
1552405018689214 CHEETAH_SIGNAL SENT_AFTER_TIME 44757.236341
1552405019655972 AUDIO_PLAYBACK_ONSET 369 123 1 Who
1552405019729641 AUDIO_PLAYBACK_ONSET 370 123 2 will
1552405019843814 AUDIO_PLAYBACK_ONSET 371 123 3 the
1552405019975419 AUDIO_PLAYBACK_ONSET 372 123 4 boys
1552405020277848 AUDIO_PLAYBACK_ONSET 373 123 5 kiss?
1552405020909724 AUDIO_PLAYBACK_ONSET _ 123 END_OF_WAV
1552405020952867 AUDIO_PLAYBACK_DONE 123.wav
1552405020945949 CHEETAH_SIGNAL SENT_AFTER_TIME 44759.492913
1552405020980632 CHEETAH_SIGNAL SENT_AFTER_TIME 44759.527726
1552405021952867 AUDIO_PLAYBACK_ONSET 374 31 1 she
1552405022376689 AUDIO_PLAYBACK_ONSET 375 31 2 washed
1552405023194047 AUDIO_PLAYBACK_ONSET _ 31 END_OF_WAV
1552405023202844 AUDIO_PLAYBACK_DONE 31.wav
1552405023202406 CHEETAH_SIGNAL SENT_AFTER_TIME 44761.749378
1552405023236820 CHEETAH_SIGNAL SENT_AFTER_TIME 44761.783890
1552405024202844 AUDIO_PLAYBACK_ONSET 376 89 1 he
1552405024293773 AUDIO_PLAYBACK_ONSET 377 89 2 hears
1552405024627409 AUDIO_PLAYBACK_ONSET 378 89 3 the
1552405024703633 AUDIO_PLAYBACK_ONSET 379 89 4 men
1552405025100997 AUDIO_PLAYBACK_ONSET _ 89 END_OF_WAV
1552405025132530 AUDIO_PLAYBACK_DONE 89.wav
1552405025131761 CHEETAH_SIGNAL SENT_AFTER_TIME 44763.678729
1552405025166669 CHEETAH_SIGNAL SENT_AFTER_TIME 44763.713720
1552405026132530 AUDIO_PLAYBACK_ONSET 380 16 1 What
1552405026333417 AUDIO_PLAYBACK_ONSET 381 16 2 will
1552405026534775 AUDIO_PLAYBACK_ONSET 382 16 3 the
1552405026675924 AUDIO_PLAYBACK_ONSET 383 16 4 girls
1552405027094433 AUDIO_PLAYBACK_ONSET 384 16 5 find?
1552405027544527 AUDIO_PLAYBACK_ONSET _ 16 END_OF_WAV
1552405027601283 AUDIO_PLAYBACK_DONE 16.wav
1552405027597866 CHEETAH_SIGNAL SENT_AFTER_TIME 44766.144860
1552405027632835 CHEETAH_SIGNAL SENT_AFTER_TIME 44766.179881
1552405028601283 AUDIO_PLAYBACK_ONSET 385 130 1 they
1552405028817850 AUDIO_PLAYBACK_ONSET 386 130 2 coughed
1552405029578179 AUDIO_PLAYBACK_ONSET _ 130 END_OF_WAV
1552405029913782 AUDIO_PLAYBACK_DONE 130.wav
1552405029912156 CHEETAH_SIGNAL SENT_AFTER_TIME 44768.459132
1552405029947385 CHEETAH_SIGNAL SENT_AFTER_TIME 44768.494458
1552405030913782 AUDIO_PLAYBACK_ONSET 387 5 1 we
1552405031081426 AUDIO_PLAYBACK_ONSET 388 5 2 guessed
1552405031345885 AUDIO_PLAYBACK_ONSET 389 5 3 that
1552405031503184 AUDIO_PLAYBACK_ONSET 390 5 4 they
1552405031676213 AUDIO_PLAYBACK_ONSET 391 5 5 wink
1552405032200215 AUDIO_PLAYBACK_ONSET _ 5 END_OF_WAV
1552405032376665 AUDIO_PLAYBACK_DONE 5.wav
1552405032378420 CHEETAH_SIGNAL SENT_AFTER_TIME 44770.925382
1552405032413238 CHEETAH_SIGNAL SENT_AFTER_TIME 44770.960330
1552405033376665 AUDIO_PLAYBACK_ONSET 392 95 1 he
1552405033508052 AUDIO_PLAYBACK_ONSET 393 95 2 streched
1552405034373262 AUDIO_PLAYBACK_ONSET _ 95 END_OF_WAV
1552405034650089 AUDIO_PLAYBACK_DONE 95.wav
1552405034645967 CHEETAH_SIGNAL SENT_AFTER_TIME 44773.192941
1552405034680745 CHEETAH_SIGNAL SENT_AFTER_TIME 44773.227838
1552405035650089 AUDIO_PLAYBACK_ONSET 394 74 1 she
1552405035841242 AUDIO_PLAYBACK_ONSET 395 74 2 eats
1552405036125344 AUDIO_PLAYBACK_ONSET 396 74 3 the
1552405036202754 AUDIO_PLAYBACK_ONSET 397 74 4 salad
1552405036778939 AUDIO_PLAYBACK_ONSET _ 74 END_OF_WAV
1552405036837574 AUDIO_PLAYBACK_DONE 74.wav
1552405036837055 CHEETAH_SIGNAL SENT_AFTER_TIME 44775.384077
1552405036837753 KEY_PRESS l
1552405036872122 CHEETAH_SIGNAL SENT_AFTER_TIME 44775.419199
1552405037837574 AUDIO_PLAYBACK_ONSET 398 107 1 they
1552405037981148 AUDIO_PLAYBACK_ONSET 399 107 2 were
1552405038132914 AUDIO_PLAYBACK_ONSET 400 107 3 loved
1552405038884702 AUDIO_PLAYBACK_ONSET _ 107 END_OF_WAV
1552405039001658 AUDIO_PLAYBACK_DONE 107.wav
1552405038993471 CHEETAH_SIGNAL SENT_AFTER_TIME 44777.540486
1552405036965757 KEY_PRESS l
1552405039028525 CHEETAH_SIGNAL SENT_AFTER_TIME 44777.575617
1552405040001658 AUDIO_PLAYBACK_ONSET 401 103 1 she
1552405040289055 AUDIO_PLAYBACK_ONSET 402 103 2 scratched
1552405041346967 AUDIO_PLAYBACK_ONSET _ 103 END_OF_WAV
1552405041392272 AUDIO_PLAYBACK_DONE 103.wav
1552405041395182 CHEETAH_SIGNAL SENT_AFTER_TIME 44779.942157
1552405041429534 CHEETAH_SIGNAL SENT_AFTER_TIME 44779.976633
1552405042392272 AUDIO_PLAYBACK_ONSET 403 68 1 he
1552405042653825 AUDIO_PLAYBACK_ONSET 404 68 2 crawled
1552405043224137 AUDIO_PLAYBACK_ONSET _ 68 END_OF_WAV
1552405043368848 AUDIO_PLAYBACK_DONE 68.wav
1552405043372853 CHEETAH_SIGNAL SENT_AFTER_TIME 44781.919827
1552405043407744 CHEETAH_SIGNAL SENT_AFTER_TIME 44781.954816
1552405044368848 AUDIO_PLAYBACK_ONSET 405 62 1 What
1552405044550981 AUDIO_PLAYBACK_ONSET 406 62 2 will
1552405044674363 AUDIO_PLAYBACK_ONSET 407 62 3 the
1552405044808601 AUDIO_PLAYBACK_ONSET 408 62 4 girl
1552405045067208 AUDIO_PLAYBACK_ONSET 409 62 5 kick?
1552405045737415 AUDIO_PLAYBACK_ONSET _ 62 END_OF_WAV
1552405045837579 AUDIO_PLAYBACK_DONE 62.wav
1552405045832879 CHEETAH_SIGNAL SENT_AFTER_TIME 44784.379847
1552405045868082 CHEETAH_SIGNAL SENT_AFTER_TIME 44784.415208
1552405046837579 AUDIO_PLAYBACK_ONSET 410 90 1 Whom
1552405047077314 AUDIO_PLAYBACK_ONSET 411 90 2 do
1552405047204413 AUDIO_PLAYBACK_ONSET 412 90 3 the
1552405047278243 AUDIO_PLAYBACK_ONSET 413 90 4 women
1552405047587579 AUDIO_PLAYBACK_ONSET 414 90 5 hug?
1552405048047378 AUDIO_PLAYBACK_ONSET _ 90 END_OF_WAV
1552405048228216 AUDIO_PLAYBACK_DONE 90.wav
1552405048229996 CHEETAH_SIGNAL SENT_AFTER_TIME 44786.776967
1552405048264521 CHEETAH_SIGNAL SENT_AFTER_TIME 44786.811596
1552405049228216 AUDIO_PLAYBACK_ONSET 415 21 1 who
1552405049481163 AUDIO_PLAYBACK_ONSET 416 21 2 winks?
1552405050196643 AUDIO_PLAYBACK_ONSET _ 21 END_OF_WAV
1552405050196947 AUDIO_PLAYBACK_DONE 21.wav
1552405050187327 CHEETAH_SIGNAL SENT_AFTER_TIME 44788.734302
1552405050222185 CHEETAH_SIGNAL SENT_AFTER_TIME 44788.769275
1552405051196947 AUDIO_PLAYBACK_ONSET 417 66 1 they
1552405051293405 AUDIO_PLAYBACK_ONSET 418 66 2 appeared
1552405051893987 AUDIO_PLAYBACK_ONSET _ 66 END_OF_WAV
1552405052407880 AUDIO_PLAYBACK_DONE 66.wav
1552405052404582 CHEETAH_SIGNAL SENT_AFTER_TIME 44790.951559
1552405052439461 CHEETAH_SIGNAL SENT_AFTER_TIME 44790.986531
1552405053407880 AUDIO_PLAYBACK_ONSET 419 50 1 What
1552405053548927 AUDIO_PLAYBACK_ONSET 420 50 2 did
1552405053700685 AUDIO_PLAYBACK_ONSET 421 50 3 the
1552405053802104 AUDIO_PLAYBACK_ONSET 422 50 4 girl
1552405054035293 AUDIO_PLAYBACK_ONSET 423 50 5 kick?
1552405054503892 AUDIO_PLAYBACK_ONSET _ 50 END_OF_WAV
1552405054509444 AUDIO_PLAYBACK_DONE 50.wav
1552405054501829 CHEETAH_SIGNAL SENT_AFTER_TIME 44793.048792
1552405054536649 CHEETAH_SIGNAL SENT_AFTER_TIME 44793.083775
1552405055509444 AUDIO_PLAYBACK_ONSET 424 81 1 the
1552405055600044 AUDIO_PLAYBACK_ONSET 425 81 2 actors
1552405055974325 AUDIO_PLAYBACK_ONSET 426 81 3 will
1552405056070090 AUDIO_PLAYBACK_ONSET 427 81 4 snore
1552405056657447 AUDIO_PLAYBACK_ONSET _ 81 END_OF_WAV
1552405056696929 AUDIO_PLAYBACK_DONE 81.wav
1552405056695831 CHEETAH_SIGNAL SENT_AFTER_TIME 44795.242782
1552405056731011 CHEETAH_SIGNAL SENT_AFTER_TIME 44795.278090
1552405057696929 AUDIO_PLAYBACK_ONSET 428 69 1 the
1552405057838579 AUDIO_PLAYBACK_ONSET 429 69 2 boy
1552405058064311 AUDIO_PLAYBACK_ONSET 430 69 3 jumped
1552405058727563 AUDIO_PLAYBACK_ONSET _ 69 END_OF_WAV
1552405058993825 AUDIO_PLAYBACK_DONE 69.wav
1552405058996562 CHEETAH_SIGNAL SENT_AFTER_TIME 44797.543538
1552405059031457 CHEETAH_SIGNAL SENT_AFTER_TIME 44797.578555
1552405059993825 AUDIO_PLAYBACK_ONSET 431 132 1 the
1552405060121239 AUDIO_PLAYBACK_ONSET 432 132 2 boys
1552405060396622 AUDIO_PLAYBACK_ONSET 433 132 3 kissed
1552405060688267 AUDIO_PLAYBACK_ONSET 434 132 4 the
1552405060786928 AUDIO_PLAYBACK_ONSET 435 132 5 clowns
1552405061557783 AUDIO_PLAYBACK_ONSET _ 132 END_OF_WAV
1552405061607090 AUDIO_PLAYBACK_DONE 132.wav
1552405061602497 CHEETAH_SIGNAL SENT_AFTER_TIME 44800.149461
1552405061637418 CHEETAH_SIGNAL SENT_AFTER_TIME 44800.184508
1552405062607090 AUDIO_PLAYBACK_ONSET 436 77 1 who
1552405062826266 AUDIO_PLAYBACK_ONSET 437 77 2 heard
1552405063120347 AUDIO_PLAYBACK_ONSET 438 77 3 the
1552405063204068 AUDIO_PLAYBACK_ONSET 439 77 4 men?
1552405063643079 AUDIO_PLAYBACK_ONSET _ 77 END_OF_WAV
1552405063653984 AUDIO_PLAYBACK_DONE 77.wav
1552405063649950 CHEETAH_SIGNAL SENT_AFTER_TIME 44802.196915
1552405063684032 CHEETAH_SIGNAL SENT_AFTER_TIME 44802.231141
1552405064653984 AUDIO_PLAYBACK_ONSET 440 51 1 she
1552405064848614 AUDIO_PLAYBACK_ONSET 441 51 2 smelled
1552405065155652 AUDIO_PLAYBACK_ONSET 442 51 3 it
1552405065333553 AUDIO_PLAYBACK_ONSET 443 51 4 burn
1552405065741733 AUDIO_PLAYBACK_ONSET _ 51 END_OF_WAV
1552405065997747 AUDIO_PLAYBACK_DONE 51.wav
1552405065995302 CHEETAH_SIGNAL SENT_AFTER_TIME 44804.542264
1552405066030100 CHEETAH_SIGNAL SENT_AFTER_TIME 44804.577192
1552405066997747 AUDIO_PLAYBACK_ONSET 444 26 1 Whom
1552405067214738 AUDIO_PLAYBACK_ONSET 445 26 2 will
1552405067404757 AUDIO_PLAYBACK_ONSET 446 26 3 the
1552405067559147 AUDIO_PLAYBACK_ONSET 447 26 4 boy
1552405067804893 AUDIO_PLAYBACK_ONSET 448 26 5 tickle?
1552405068281767 AUDIO_PLAYBACK_ONSET _ 26 END_OF_WAV
1552405068357116 AUDIO_PLAYBACK_DONE 26.wav
1552405068358774 CHEETAH_SIGNAL SENT_AFTER_TIME 44806.905746
1552405068393989 CHEETAH_SIGNAL SENT_AFTER_TIME 44806.941093
1552405069357116 AUDIO_PLAYBACK_ONSET 449 67 1 they
1552405069556937 AUDIO_PLAYBACK_ONSET 450 67 2 appear
1552405070132479 AUDIO_PLAYBACK_ONSET _ 67 END_OF_WAV
1552405070278975 AUDIO_PLAYBACK_DONE 67.wav
1552405070275313 CHEETAH_SIGNAL SENT_AFTER_TIME 44808.822287
1552405070310165 CHEETAH_SIGNAL SENT_AFTER_TIME 44808.857265
1552405071278975 AUDIO_PLAYBACK_ONSET 451 101 1 she
1552405071664318 AUDIO_PLAYBACK_ONSET 452 101 2 cries
1552405072403438 AUDIO_PLAYBACK_ONSET _ 101 END_OF_WAV
1552405072513331 AUDIO_PLAYBACK_DONE 101.wav
1552405072516169 CHEETAH_SIGNAL SENT_AFTER_TIME 44811.063148
1552405072550977 CHEETAH_SIGNAL SENT_AFTER_TIME 44811.098091
1552405073513331 AUDIO_PLAYBACK_ONSET 453 133 1 who
1552405073603948 AUDIO_PLAYBACK_ONSET 454 133 2 found
1552405073894027 AUDIO_PLAYBACK_ONSET 455 133 3 the
1552405074005596 AUDIO_PLAYBACK_ONSET 456 133 4 bikes?
1552405074776762 AUDIO_PLAYBACK_ONSET _ 133 END_OF_WAV
1552405074841474 AUDIO_PLAYBACK_DONE 133.wav
1552405074844133 CHEETAH_SIGNAL SENT_AFTER_TIME 44813.391103
1552405074879245 CHEETAH_SIGNAL SENT_AFTER_TIME 44813.426276
1552405075841474 AUDIO_PLAYBACK_ONSET 457 106 1 they
1552405076153960 AUDIO_PLAYBACK_ONSET 458 106 2 vanish
1552405076992656 AUDIO_PLAYBACK_ONSET _ 106 END_OF_WAV
1552405077060206 AUDIO_PLAYBACK_DONE 106.wav
1552405077057959 CHEETAH_SIGNAL SENT_AFTER_TIME 44815.604941
1552405077092948 CHEETAH_SIGNAL SENT_AFTER_TIME 44815.640033
1552405078060206 AUDIO_PLAYBACK_ONSET 459 75 1 he
1552405078213787 AUDIO_PLAYBACK_ONSET 460 75 2 falls
1552405078951001 AUDIO_PLAYBACK_ONSET _ 75 END_OF_WAV
1552405079060187 AUDIO_PLAYBACK_DONE 75.wav
1552405079061675 CHEETAH_SIGNAL SENT_AFTER_TIME 44817.608631
1552405079096895 CHEETAH_SIGNAL SENT_AFTER_TIME 44817.643968
1552405080060187 AUDIO_PLAYBACK_ONSET 461 140 1 the
1552405080150190 AUDIO_PLAYBACK_ONSET 462 140 2 actors
1552405080466196 AUDIO_PLAYBACK_ONSET 463 140 3 were
1552405080566078 AUDIO_PLAYBACK_ONSET 464 140 4 scorned
1552405081279892 AUDIO_PLAYBACK_ONSET _ 140 END_OF_WAV
1552405081341433 AUDIO_PLAYBACK_DONE 140.wav
1552405081338897 CHEETAH_SIGNAL SENT_AFTER_TIME 44819.885890
1552405081373815 CHEETAH_SIGNAL SENT_AFTER_TIME 44819.920900
1552405082341433 AUDIO_PLAYBACK_ONSET 465 54 1 she
1552405082635049 AUDIO_PLAYBACK_ONSET 466 54 2 smiled
1552405083427205 AUDIO_PLAYBACK_ONSET _ 54 END_OF_WAV
1552405083591413 AUDIO_PLAYBACK_DONE 54.wav
1552405083589293 CHEETAH_SIGNAL SENT_AFTER_TIME 44822.136271
1552405083624147 CHEETAH_SIGNAL SENT_AFTER_TIME 44822.171237
1552405084591413 AUDIO_PLAYBACK_ONSET 467 85 1 The
1552405084693029 AUDIO_PLAYBACK_ONSET 468 85 2 cook
1552405084912471 AUDIO_PLAYBACK_ONSET 469 85 3 prepared
1552405085272788 AUDIO_PLAYBACK_ONSET 470 85 4 the
1552405085331487 AUDIO_PLAYBACK_ONSET 471 85 5 meal
1552405085838099 AUDIO_PLAYBACK_ONSET _ 85 END_OF_WAV
1552405085935176 AUDIO_PLAYBACK_DONE 85.wav
1552405085932624 CHEETAH_SIGNAL SENT_AFTER_TIME 44824.479593
1552405085967686 CHEETAH_SIGNAL SENT_AFTER_TIME 44824.514789
1552405086935176 AUDIO_PLAYBACK_ONSET 472 115 1 she
1552405087092787 AUDIO_PLAYBACK_ONSET 473 115 2 discovered
1552405087650687 AUDIO_PLAYBACK_ONSET 474 115 3 that
1552405087833030 AUDIO_PLAYBACK_ONSET 475 115 4 they
1552405087971901 AUDIO_PLAYBACK_ONSET 476 115 5 cough
1552405088592595 AUDIO_PLAYBACK_ONSET _ 115 END_OF_WAV
1552405088732050 AUDIO_PLAYBACK_DONE 115.wav
1552405088728534 CHEETAH_SIGNAL SENT_AFTER_TIME 44827.275524
1552405086845936 KEY_PRESS l
1552405086941876 KEY_PRESS l
1552405088763382 CHEETAH_SIGNAL SENT_AFTER_TIME 44827.310460
1552405089732050 AUDIO_PLAYBACK_ONSET 477 9 1 they
1552405090013066 AUDIO_PLAYBACK_ONSET 478 9 2 will
1552405090217195 AUDIO_PLAYBACK_ONSET 479 9 3 drink
1552405090849744 AUDIO_PLAYBACK_ONSET _ 9 END_OF_WAV
1552405090982053 AUDIO_PLAYBACK_DONE 9.wav
1552405090979933 CHEETAH_SIGNAL SENT_AFTER_TIME 44829.526921
1552405091014449 CHEETAH_SIGNAL SENT_AFTER_TIME 44829.561534
1552405091982053 AUDIO_PLAYBACK_ONSET 480 43 1 she
1552405092195865 AUDIO_PLAYBACK_ONSET 481 43 2 remained
1552405092981302 AUDIO_PLAYBACK_ONSET _ 43 END_OF_WAV
1552405093232031 AUDIO_PLAYBACK_DONE 43.wav
1552405093229255 CHEETAH_SIGNAL SENT_AFTER_TIME 44831.776272
1552405091565927 KEY_PRESS l
1552405091685839 KEY_PRESS l
1552405093264472 CHEETAH_SIGNAL SENT_AFTER_TIME 44831.811573
1552405094232031 AUDIO_PLAYBACK_ONSET 482 151 1 He
1552405094339129 AUDIO_PLAYBACK_ONSET 483 151 2 heard
1552405094574763 AUDIO_PLAYBACK_ONSET 484 151 3 her
1552405094766043 AUDIO_PLAYBACK_ONSET 485 151 4 play
1552405095247707 AUDIO_PLAYBACK_ONSET _ 151 END_OF_WAV
1552405095263282 AUDIO_PLAYBACK_DONE 151.wav
1552405095253872 CHEETAH_SIGNAL SENT_AFTER_TIME 44833.800881
1552405095288681 CHEETAH_SIGNAL SENT_AFTER_TIME 44833.835765
1552405096263282 AUDIO_PLAYBACK_ONSET 486 45 1 Whom
1552405096378339 AUDIO_PLAYBACK_ONSET 487 45 2 does
1552405096575330 AUDIO_PLAYBACK_ONSET 488 45 3 the
1552405096696612 AUDIO_PLAYBACK_ONSET 489 45 4 boy
1552405096941380 AUDIO_PLAYBACK_ONSET 490 45 5 tickle?
1552405097355209 AUDIO_PLAYBACK_ONSET _ 45 END_OF_WAV
1552405097357024 AUDIO_PLAYBACK_DONE 45.wav
1552405097356251 CHEETAH_SIGNAL SENT_AFTER_TIME 44835.903222
1552405097391119 CHEETAH_SIGNAL SENT_AFTER_TIME 44835.938203
1552405098357024 AUDIO_PLAYBACK_ONSET 491 47 1 she
1552405098593050 AUDIO_PLAYBACK_ONSET 492 47 2 will
1552405098713334 AUDIO_PLAYBACK_ONSET 493 47 3 sleep
1552405099405998 AUDIO_PLAYBACK_ONSET _ 47 END_OF_WAV
1552405099591380 AUDIO_PLAYBACK_DONE 47.wav
1552405099585602 CHEETAH_SIGNAL SENT_AFTER_TIME 44838.132603
1552405099620772 CHEETAH_SIGNAL SENT_AFTER_TIME 44838.167893
1552405100591380 AUDIO_PLAYBACK_ONSET 494 141 1 who
1552405100736338 AUDIO_PLAYBACK_ONSET 495 141 2 collapsed?
1552405101641917 AUDIO_PLAYBACK_ONSET _ 141 END_OF_WAV
1552405101661677 AUDIO_PLAYBACK_DONE 141.wav
1552405101654185 CHEETAH_SIGNAL SENT_AFTER_TIME 44840.201161
1552405101689027 CHEETAH_SIGNAL SENT_AFTER_TIME 44840.236115
1552405102661677 AUDIO_PLAYBACK_ONSET 496 55 1 the
1552405102784997 AUDIO_PLAYBACK_ONSET 497 55 2 girls
1552405103109001 AUDIO_PLAYBACK_ONSET 498 55 3 cough
1552405103685984 AUDIO_PLAYBACK_ONSET _ 55 END_OF_WAV
1552405103849161 AUDIO_PLAYBACK_DONE 55.wav
1552405103847515 CHEETAH_SIGNAL SENT_AFTER_TIME 44842.394525
1552405103882331 CHEETAH_SIGNAL SENT_AFTER_TIME 44842.429430
1552405104849161 AUDIO_PLAYBACK_ONSET 499 149 1 the
1552405104957581 AUDIO_PLAYBACK_ONSET 500 149 2 girl
1552405105219443 AUDIO_PLAYBACK_ONSET 501 149 3 cries
1552405105987159 AUDIO_PLAYBACK_ONSET _ 149 END_OF_WAV
1552405106005418 AUDIO_PLAYBACK_DONE 149.wav
1552405106004658 CHEETAH_SIGNAL SENT_AFTER_TIME 44844.551655
1552405106039537 CHEETAH_SIGNAL SENT_AFTER_TIME 44844.586608
1552405107005418 AUDIO_PLAYBACK_ONSET 502 113 1 What
1552405107171296 AUDIO_PLAYBACK_ONSET 503 113 2 will
1552405107317904 AUDIO_PLAYBACK_ONSET 504 113 3 the
1552405107461236 AUDIO_PLAYBACK_ONSET 505 113 4 boy
1552405107642244 AUDIO_PLAYBACK_ONSET 506 113 5 smell?
1552405108176257 AUDIO_PLAYBACK_ONSET _ 113 END_OF_WAV
1552405108224150 AUDIO_PLAYBACK_DONE 113.wav
1552405108222991 CHEETAH_SIGNAL SENT_AFTER_TIME 44846.769973
1552405108257430 CHEETAH_SIGNAL SENT_AFTER_TIME 44846.804510
1552405109224150 AUDIO_PLAYBACK_ONSET 507 63 1 he
1552405109345038 AUDIO_PLAYBACK_ONSET 508 63 2 sneezes
1552405110084309 AUDIO_PLAYBACK_ONSET _ 63 END_OF_WAV
1552405110388233 AUDIO_PLAYBACK_DONE 63.wav
1552405110389597 CHEETAH_SIGNAL SENT_AFTER_TIME 44848.936568
