1552403884858436 CHEETAH_SIGNAL SENT_AFTER_TIME 43623.356535
1552403887305466 CHEETAH_SIGNAL SENT_AFTER_TIME 43625.803619
1552403887376372 CHEETAH_SIGNAL SENT_AFTER_TIME 43625.874394
1552403887375052 DISPLAY_INSTRUCTIONS Stimuli/instructions_audio_sentences.png
1552403889658386 KEY_PRESS space
1552403889658903 CHEETAH_SIGNAL SENT_AFTER_TIME 43628.157150
1552403889741996 CHEETAH_SIGNAL SENT_AFTER_TIME 43628.240124
1552403889740854 DISPLAY_INSTRUCTIONS OFF
1552403889786777 CHEETAH_SIGNAL SENT_AFTER_TIME 43628.285015
1552403889818996 CHEETAH_SIGNAL SENT_AFTER_TIME 43628.317225
1552403889863121 CHEETAH_SIGNAL SENT_AFTER_TIME 43628.361278
1552403889862001 DISPLAY_FIXATION
1552403893063339 CHEETAH_SIGNAL SENT_AFTER_TIME 43631.561592
1552403893113033 AUDIO_PLAYBACK_ONSET 1 1 1 he
1552403893206258 AUDIO_PLAYBACK_ONSET 2 1 2 smiles
1552403893987162 AUDIO_PLAYBACK_ONSET _ 1 END_OF_WAV
1552403893988044 AUDIO_PLAYBACK_DONE 1.wav
1552403893979557 CHEETAH_SIGNAL SENT_AFTER_TIME 43632.477916
1552403889654911 KEY_PRESS space
1552403889727009 KEY_PRESS space
1552403893559056 KEY_PRESS F12
1552403893638941 KEY_PRESS F12
1552403893743017 KEY_PRESS F12
1552403893815060 KEY_PRESS F12
1552403893919042 KEY_PRESS F12
1552403893975047 KEY_PRESS F12
1552403894016588 CHEETAH_SIGNAL SENT_AFTER_TIME 43632.514985
1552403894987900 AUDIO_PLAYBACK_ONSET 3 2 1 who
1552403895106889 AUDIO_PLAYBACK_ONSET 4 2 2 hugs
1552403895399287 AUDIO_PLAYBACK_ONSET 5 2 3 the
1552403895480509 AUDIO_PLAYBACK_ONSET 6 2 4 friend?
1552403896019440 AUDIO_PLAYBACK_ONSET _ 2 END_OF_WAV
1552403896409763 AUDIO_PLAYBACK_DONE 2.wav
1552403896408900 CHEETAH_SIGNAL SENT_AFTER_TIME 43634.907336
1552403894087003 KEY_PRESS F12
1552403894150968 KEY_PRESS F12
1552403894246968 KEY_PRESS F12
1552403894302966 KEY_PRESS F12
1552403894414949 KEY_PRESS F12
1552403894479013 KEY_PRESS F12
1552403896445212 CHEETAH_SIGNAL SENT_AFTER_TIME 43634.943708
1552403897409664 AUDIO_PLAYBACK_ONSET 7 3 1 They
1552403897528519 AUDIO_PLAYBACK_ONSET 8 3 2 ate
1552403897775210 AUDIO_PLAYBACK_ONSET 9 3 3 the
1552403897893541 AUDIO_PLAYBACK_ONSET 10 3 4 grapes
1552403898251543 AUDIO_PLAYBACK_ONSET 11 3 5 together
1552403898741916 AUDIO_PLAYBACK_ONSET _ 3 END_OF_WAV
1552403898901845 AUDIO_PLAYBACK_DONE 3.wav
1552403898893180 CHEETAH_SIGNAL SENT_AFTER_TIME 43637.391689
1552403898928055 CHEETAH_SIGNAL SENT_AFTER_TIME 43637.426653
1552403899901743 AUDIO_PLAYBACK_ONSET 12 4 1 he
1552403900010765 AUDIO_PLAYBACK_ONSET 13 4 2 showered
1552403900745003 AUDIO_PLAYBACK_ONSET _ 4 END_OF_WAV
1552403900958364 AUDIO_PLAYBACK_DONE 4.wav
1552403900953773 CHEETAH_SIGNAL SENT_AFTER_TIME 43639.452377
1552403899430785 KEY_PRESS l
1552403899542841 KEY_PRESS l
1552403900988648 CHEETAH_SIGNAL SENT_AFTER_TIME 43639.487349
1552403901958261 AUDIO_PLAYBACK_ONSET 14 5 1 we
1552403902125905 AUDIO_PLAYBACK_ONSET 15 5 2 guessed
1552403902390364 AUDIO_PLAYBACK_ONSET 16 5 3 that
1552403902547663 AUDIO_PLAYBACK_ONSET 17 5 4 they
1552403902720692 AUDIO_PLAYBACK_ONSET 18 5 5 wink
1552403903244694 AUDIO_PLAYBACK_ONSET _ 5 END_OF_WAV
1552403903421145 AUDIO_PLAYBACK_DONE 5.wav
1552403903421522 CHEETAH_SIGNAL SENT_AFTER_TIME 43641.920215
1552403903456303 CHEETAH_SIGNAL SENT_AFTER_TIME 43641.955107
1552403904421042 AUDIO_PLAYBACK_ONSET 19 6 1 Whom
1552403904583863 AUDIO_PLAYBACK_ONSET 20 6 2 did
1552403904738831 AUDIO_PLAYBACK_ONSET 21 6 3 the
1552403904868246 AUDIO_PLAYBACK_ONSET 22 6 4 boy
1552403905079265 AUDIO_PLAYBACK_ONSET 23 6 5 hear?
1552403905561479 AUDIO_PLAYBACK_ONSET _ 6 END_OF_WAV
1552403905647599 AUDIO_PLAYBACK_DONE 6.wav
1552403905648302 CHEETAH_SIGNAL SENT_AFTER_TIME 43644.147080
1552403905682771 CHEETAH_SIGNAL SENT_AFTER_TIME 43644.181647
1552403906647527 AUDIO_PLAYBACK_ONSET 24 7 1 he
1552403906805216 AUDIO_PLAYBACK_ONSET 25 7 2 arrived
1552403907639488 AUDIO_PLAYBACK_ONSET _ 7 END_OF_WAV
1552403907741272 AUDIO_PLAYBACK_DONE 7.wav
1552403907739864 CHEETAH_SIGNAL SENT_AFTER_TIME 43646.238767
1552403907774739 CHEETAH_SIGNAL SENT_AFTER_TIME 43646.273702
1552403908741185 AUDIO_PLAYBACK_ONSET 26 8 1 he
1552403908852596 AUDIO_PLAYBACK_ONSET 27 8 2 will
1552403909015119 AUDIO_PLAYBACK_ONSET 28 8 3 sneeze
1552403909876890 AUDIO_PLAYBACK_ONSET _ 8 END_OF_WAV
1552403909920874 AUDIO_PLAYBACK_DONE 8.wav
1552403909915957 CHEETAH_SIGNAL SENT_AFTER_TIME 43648.414916
1552403909951176 CHEETAH_SIGNAL SENT_AFTER_TIME 43648.450231
1552403910920782 AUDIO_PLAYBACK_ONSET 29 9 1 they
1552403911201798 AUDIO_PLAYBACK_ONSET 30 9 2 will
1552403911405927 AUDIO_PLAYBACK_ONSET 31 9 3 drink
1552403912038476 AUDIO_PLAYBACK_ONSET _ 9 END_OF_WAV
1552403912170760 AUDIO_PLAYBACK_DONE 9.wav
1552403912167612 CHEETAH_SIGNAL SENT_AFTER_TIME 43650.666679
1552403912202300 CHEETAH_SIGNAL SENT_AFTER_TIME 43650.701443
1552403913170672 AUDIO_PLAYBACK_ONSET 32 10 1 they
1552403913471977 AUDIO_PLAYBACK_ONSET 33 10 2 wink
1552403914075297 AUDIO_PLAYBACK_ONSET _ 10 END_OF_WAV
1552403914295665 AUDIO_PLAYBACK_DONE 10.wav
1552403914294455 CHEETAH_SIGNAL SENT_AFTER_TIME 43652.793608
1552403914329361 CHEETAH_SIGNAL SENT_AFTER_TIME 43652.828612
1552403915295557 AUDIO_PLAYBACK_ONSET 34 11 1 he
1552403915443222 AUDIO_PLAYBACK_ONSET 35 11 2 will
1552403915639223 AUDIO_PLAYBACK_ONSET 36 11 3 drive
1552403916247725 AUDIO_PLAYBACK_ONSET _ 11 END_OF_WAV
1552403916248666 AUDIO_PLAYBACK_DONE 11.wav
1552403916244517 CHEETAH_SIGNAL SENT_AFTER_TIME 43654.743755
1552403915126174 KEY_PRESS l
1552403915222209 KEY_PRESS l
1552403916279736 CHEETAH_SIGNAL SENT_AFTER_TIME 43654.779068
1552403917248585 AUDIO_PLAYBACK_ONSET 37 12 1 who
1552403917496684 AUDIO_PLAYBACK_ONSET 38 12 2 jumped?
1552403918263120 AUDIO_PLAYBACK_ONSET _ 12 END_OF_WAV
1552403918654825 AUDIO_PLAYBACK_DONE 12.wav
1552403918653797 CHEETAH_SIGNAL SENT_AFTER_TIME 43657.153182
1552403917030059 KEY_PRESS F11
1552403917181896 KEY_PRESS F11
1552403918688953 CHEETAH_SIGNAL SENT_AFTER_TIME 43657.188399
1552403919654711 AUDIO_PLAYBACK_ONSET 39 13 1 she
1552403919924232 AUDIO_PLAYBACK_ONSET 40 13 2 sliced
1552403920367821 AUDIO_PLAYBACK_ONSET 41 13 3 the
1552403920444643 AUDIO_PLAYBACK_ONSET 42 13 4 mushrooms
1552403921377665 AUDIO_PLAYBACK_ONSET _ 13 END_OF_WAV
1552403921498457 AUDIO_PLAYBACK_DONE 13.wav
1552403921500577 CHEETAH_SIGNAL SENT_AFTER_TIME 43660.000040
1552403919973777 KEY_PRESS F11
1552403920085775 KEY_PRESS F11
1552403920245942 KEY_PRESS F11
1552403920333860 KEY_PRESS F11
1552403920549940 KEY_PRESS F11
1552403920677985 KEY_PRESS F11
1552403921537077 CHEETAH_SIGNAL SENT_AFTER_TIME 43660.036557
1552403922498423 AUDIO_PLAYBACK_ONSET 43 14 1 the
1552403922678605 AUDIO_PLAYBACK_ONSET 44 14 2 boy
1552403922898046 AUDIO_PLAYBACK_ONSET 45 14 3 remains
1552403923781231 AUDIO_PLAYBACK_ONSET _ 14 END_OF_WAV
1552403923842167 AUDIO_PLAYBACK_DONE 14.wav
1552403923836795 CHEETAH_SIGNAL SENT_AFTER_TIME 43662.336338
1552403921565906 KEY_PRESS l
1552403921637870 KEY_PRESS l
1552403922917902 KEY_PRESS F12
1552403923101859 KEY_PRESS F12
1552403923872483 CHEETAH_SIGNAL SENT_AFTER_TIME 43662.372119
1552403924842011 AUDIO_PLAYBACK_ONSET 46 15 1 he
1552403925001622 AUDIO_PLAYBACK_ONSET 47 15 2 remains
1552403925896317 AUDIO_PLAYBACK_ONSET _ 15 END_OF_WAV
1552403925904530 AUDIO_PLAYBACK_DONE 15.wav
1552403925903326 CHEETAH_SIGNAL SENT_AFTER_TIME 43664.402945
1552403925938138 CHEETAH_SIGNAL SENT_AFTER_TIME 43664.437853
1552403926904451 AUDIO_PLAYBACK_ONSET 48 16 1 What
1552403927105338 AUDIO_PLAYBACK_ONSET 49 16 2 will
1552403927306696 AUDIO_PLAYBACK_ONSET 50 16 3 the
1552403927447845 AUDIO_PLAYBACK_ONSET 51 16 4 girls
1552403927866354 AUDIO_PLAYBACK_ONSET 52 16 5 find?
1552403928316448 AUDIO_PLAYBACK_ONSET _ 16 END_OF_WAV
1552403928373186 AUDIO_PLAYBACK_DONE 16.wav
1552403928367012 CHEETAH_SIGNAL SENT_AFTER_TIME 43666.866758
1552403928401543 CHEETAH_SIGNAL SENT_AFTER_TIME 43666.901345
1552403929373099 AUDIO_PLAYBACK_ONSET 53 17 1 he
1552403929521976 AUDIO_PLAYBACK_ONSET 54 17 2 was
1552403929752481 AUDIO_PLAYBACK_ONSET 55 17 3 hugged
1552403930278679 AUDIO_PLAYBACK_ONSET _ 17 END_OF_WAV
1552403930373081 AUDIO_PLAYBACK_DONE 17.wav
1552403930372980 CHEETAH_SIGNAL SENT_AFTER_TIME 43668.872792
1552403930408230 CHEETAH_SIGNAL SENT_AFTER_TIME 43668.908139
1552403931372974 AUDIO_PLAYBACK_ONSET 56 18 1 The
1552403931473298 AUDIO_PLAYBACK_ONSET 57 18 2 chef
1552403931746479 AUDIO_PLAYBACK_ONSET 58 18 3 served
1552403932203125 AUDIO_PLAYBACK_ONSET 59 18 4 the
1552403932352317 AUDIO_PLAYBACK_ONSET 60 18 5 cake
1552403932809971 AUDIO_PLAYBACK_ONSET _ 18 END_OF_WAV
1552403932872952 AUDIO_PLAYBACK_DONE 18.wav
1552403932866354 CHEETAH_SIGNAL SENT_AFTER_TIME 43671.366250
1552403932901260 CHEETAH_SIGNAL SENT_AFTER_TIME 43671.401211
1552403933872910 AUDIO_PLAYBACK_ONSET 61 19 1 who
1552403934114458 AUDIO_PLAYBACK_ONSET 62 19 2 laughs?
1552403934882349 AUDIO_PLAYBACK_ONSET _ 19 END_OF_WAV
1552403934904161 AUDIO_PLAYBACK_DONE 19.wav
1552403934904228 CHEETAH_SIGNAL SENT_AFTER_TIME 43673.404232
1552403934939072 CHEETAH_SIGNAL SENT_AFTER_TIME 43673.439164
1552403935904020 AUDIO_PLAYBACK_ONSET 63 20 1 she
1552403936285305 AUDIO_PLAYBACK_ONSET 64 20 2 sneezed
1552403937118268 AUDIO_PLAYBACK_ONSET _ 20 END_OF_WAV
1552403937122775 AUDIO_PLAYBACK_DONE 20.wav
1552403937121477 CHEETAH_SIGNAL SENT_AFTER_TIME 43675.621585
1552403937156602 CHEETAH_SIGNAL SENT_AFTER_TIME 43675.656779
1552403938122690 AUDIO_PLAYBACK_ONSET 65 21 1 who
1552403938375637 AUDIO_PLAYBACK_ONSET 66 21 2 winks?
1552403939091117 AUDIO_PLAYBACK_ONSET _ 21 END_OF_WAV
1552403939091421 AUDIO_PLAYBACK_DONE 21.wav
1552403939091351 CHEETAH_SIGNAL SENT_AFTER_TIME 43677.591527
1552403939126320 CHEETAH_SIGNAL SENT_AFTER_TIME 43677.626573
1552403940091345 AUDIO_PLAYBACK_ONSET 67 22 1 they
1552403940426661 AUDIO_PLAYBACK_ONSET 68 22 2 vanished
1552403941154747 AUDIO_PLAYBACK_ONSET _ 22 END_OF_WAV
1552403941247607 AUDIO_PLAYBACK_DONE 22.wav
1552403941245507 CHEETAH_SIGNAL SENT_AFTER_TIME 43679.745777
1552403941280757 CHEETAH_SIGNAL SENT_AFTER_TIME 43679.781109
1552403942247508 AUDIO_PLAYBACK_ONSET 69 23 1 they
1552403942525248 AUDIO_PLAYBACK_ONSET 70 23 2 saw
1552403942852864 AUDIO_PLAYBACK_ONSET 71 23 3 him
1552403943087740 AUDIO_PLAYBACK_ONSET 72 23 4 dance
1552403943748012 AUDIO_PLAYBACK_ONSET _ 23 END_OF_WAV
1552403943747488 AUDIO_PLAYBACK_DONE 23.wav
1552403943741318 CHEETAH_SIGNAL SENT_AFTER_TIME 43682.241691
1552403943776162 CHEETAH_SIGNAL SENT_AFTER_TIME 43682.276600
1552403944747402 AUDIO_PLAYBACK_ONSET 73 24 1 The
1552403944850782 AUDIO_PLAYBACK_ONSET 74 24 2 sandwich
1552403945454862 AUDIO_PLAYBACK_ONSET 75 24 3 is
1552403945645511 AUDIO_PLAYBACK_ONSET 76 24 4 healthy
1552403946211032 AUDIO_PLAYBACK_ONSET _ 24 END_OF_WAV
1552403946341150 AUDIO_PLAYBACK_DONE 24.wav
1552403946343755 CHEETAH_SIGNAL SENT_AFTER_TIME 43684.844217
1552403945996853 KEY_PRESS l
1552403946060948 KEY_PRESS l
1552403946379474 CHEETAH_SIGNAL SENT_AFTER_TIME 43684.880019
1552403947341043 AUDIO_PLAYBACK_ONSET 77 25 1 they
1552403947633904 AUDIO_PLAYBACK_ONSET 78 25 2 hug
1552403947920190 AUDIO_PLAYBACK_ONSET 79 25 3 the
1552403948022003 AUDIO_PLAYBACK_ONSET 80 25 4 friend
1552403948627841 AUDIO_PLAYBACK_ONSET _ 25 END_OF_WAV
1552403948841025 AUDIO_PLAYBACK_DONE 25.wav
1552403948834441 CHEETAH_SIGNAL SENT_AFTER_TIME 43687.335004
1552403947084847 KEY_PRESS F12
1552403947220842 KEY_PRESS F12
1552403948869816 CHEETAH_SIGNAL SENT_AFTER_TIME 43687.370477
1552403949840909 AUDIO_PLAYBACK_ONSET 81 26 1 Whom
1552403950057900 AUDIO_PLAYBACK_ONSET 82 26 2 will
1552403950247919 AUDIO_PLAYBACK_ONSET 83 26 3 the
1552403950402309 AUDIO_PLAYBACK_ONSET 84 26 4 boy
1552403950648055 AUDIO_PLAYBACK_ONSET 85 26 5 tickle?
1552403951124929 AUDIO_PLAYBACK_ONSET _ 26 END_OF_WAV
1552403951200276 AUDIO_PLAYBACK_DONE 26.wav
1552403951200347 CHEETAH_SIGNAL SENT_AFTER_TIME 43689.701027
1552403951235628 CHEETAH_SIGNAL SENT_AFTER_TIME 43689.736387
1552403952200178 AUDIO_PLAYBACK_ONSET 86 27 1 Who
1552403952400362 AUDIO_PLAYBACK_ONSET 87 27 2 did
1552403952582946 AUDIO_PLAYBACK_ONSET 88 27 3 the
1552403952733776 AUDIO_PLAYBACK_ONSET 89 27 4 boys
1552403953101212 AUDIO_PLAYBACK_ONSET 90 27 5 kiss?
1552403953798660 AUDIO_PLAYBACK_ONSET _ 27 END_OF_WAV
1552403953887667 AUDIO_PLAYBACK_DONE 27.wav
1552403953889314 CHEETAH_SIGNAL SENT_AFTER_TIME 43692.390097
1552403953924189 CHEETAH_SIGNAL SENT_AFTER_TIME 43692.425069
1552403954887546 AUDIO_PLAYBACK_ONSET 91 28 1 the
1552403954997950 AUDIO_PLAYBACK_ONSET 92 28 2 host
1552403955360848 AUDIO_PLAYBACK_ONSET 93 28 3 was
1552403955532216 AUDIO_PLAYBACK_ONSET 94 28 4 warned
1552403956259020 AUDIO_PLAYBACK_ONSET _ 28 END_OF_WAV
1552403956387549 AUDIO_PLAYBACK_DONE 28.wav
1552403956390876 CHEETAH_SIGNAL SENT_AFTER_TIME 43694.891760
1552403956425657 CHEETAH_SIGNAL SENT_AFTER_TIME 43694.926621
1552403957387465 AUDIO_PLAYBACK_ONSET 95 29 1 he
1552403957685366 AUDIO_PLAYBACK_ONSET 96 29 2 bloomed
1552403958620836 AUDIO_PLAYBACK_ONSET _ 29 END_OF_WAV
1552403958887444 AUDIO_PLAYBACK_DONE 29.wav
1552403958881718 CHEETAH_SIGNAL SENT_AFTER_TIME 43697.382721
1552403958916718 CHEETAH_SIGNAL SENT_AFTER_TIME 43697.417781
1552403959887345 AUDIO_PLAYBACK_ONSET 97 30 1 Whom
1552403960147948 AUDIO_PLAYBACK_ONSET 98 30 2 will
1552403960355607 AUDIO_PLAYBACK_ONSET 99 30 3 the
1552403960513870 AUDIO_PLAYBACK_ONSET 100 30 4 boy
1552403960742697 AUDIO_PLAYBACK_ONSET 101 30 5 hear?
1552403961356599 AUDIO_PLAYBACK_ONSET _ 30 END_OF_WAV
1552403961387329 AUDIO_PLAYBACK_DONE 30.wav
1552403961380905 CHEETAH_SIGNAL SENT_AFTER_TIME 43699.881988
1552403961415749 CHEETAH_SIGNAL SENT_AFTER_TIME 43699.916902
1552403962387239 AUDIO_PLAYBACK_ONSET 102 31 1 she
1552403962811061 AUDIO_PLAYBACK_ONSET 103 31 2 washed
1552403963628419 AUDIO_PLAYBACK_ONSET _ 31 END_OF_WAV
1552403963637217 AUDIO_PLAYBACK_DONE 31.wav
1552403963633279 CHEETAH_SIGNAL SENT_AFTER_TIME 43702.134453
1552403963668435 CHEETAH_SIGNAL SENT_AFTER_TIME 43702.169694
1552403964637111 AUDIO_PLAYBACK_ONSET 104 32 1 the
1552403964781059 AUDIO_PLAYBACK_ONSET 105 32 2 girls
1552403965132783 AUDIO_PLAYBACK_ONSET 106 32 3 appear
1552403965783142 AUDIO_PLAYBACK_ONSET _ 32 END_OF_WAV
1552403965871468 AUDIO_PLAYBACK_DONE 32.wav
1552403965862591 CHEETAH_SIGNAL SENT_AFTER_TIME 43704.363847
1552403965897591 CHEETAH_SIGNAL SENT_AFTER_TIME 43704.398925
1552403966871393 AUDIO_PLAYBACK_ONSET 107 33 1 who
1552403967128590 AUDIO_PLAYBACK_ONSET 108 33 2 falls?
1552403967975617 AUDIO_PLAYBACK_ONSET _ 33 END_OF_WAV
1552403968012009 AUDIO_PLAYBACK_DONE 33.wav
1552403968013902 CHEETAH_SIGNAL SENT_AFTER_TIME 43706.515270
1552403968048996 CHEETAH_SIGNAL SENT_AFTER_TIME 43706.550409
1552403969011930 AUDIO_PLAYBACK_ONSET 109 34 1 the
1552403969217554 AUDIO_PLAYBACK_ONSET 110 34 2 boy
1552403969467972 AUDIO_PLAYBACK_ONSET 111 34 3 laughs
1552403970291302 AUDIO_PLAYBACK_ONSET _ 34 END_OF_WAV
1552403970386923 AUDIO_PLAYBACK_DONE 34.wav
1552403970382776 CHEETAH_SIGNAL SENT_AFTER_TIME 43708.884233
1552403970417214 CHEETAH_SIGNAL SENT_AFTER_TIME 43708.918749
1552403971386801 AUDIO_PLAYBACK_ONSET 112 35 1 she
1552403971777972 AUDIO_PLAYBACK_ONSET 113 35 2 disappears
1552403972868988 AUDIO_PLAYBACK_ONSET _ 35 END_OF_WAV
1552403972949301 AUDIO_PLAYBACK_DONE 35.wav
1552403972952213 CHEETAH_SIGNAL SENT_AFTER_TIME 43711.453787
1552403972987057 CHEETAH_SIGNAL SENT_AFTER_TIME 43711.488697
1552403973949196 AUDIO_PLAYBACK_ONSET 114 36 1 she
1552403974351177 AUDIO_PLAYBACK_ONSET 115 36 2 laughed
1552403975110572 AUDIO_PLAYBACK_ONSET _ 36 END_OF_WAV
1552403975199175 AUDIO_PLAYBACK_DONE 36.wav
1552403975195462 CHEETAH_SIGNAL SENT_AFTER_TIME 43713.697124
1552403975230774 CHEETAH_SIGNAL SENT_AFTER_TIME 43713.732521
1552403976199068 AUDIO_PLAYBACK_ONSET 116 37 1 who
1552403976514791 AUDIO_PLAYBACK_ONSET 117 37 2 blooms?
1552403977291730 AUDIO_PLAYBACK_ONSET _ 37 END_OF_WAV
1552403977292812 AUDIO_PLAYBACK_DONE 37.wav
1552403977290711 CHEETAH_SIGNAL SENT_AFTER_TIME 43715.792440
1552403977325492 CHEETAH_SIGNAL SENT_AFTER_TIME 43715.827301
1552403978292750 AUDIO_PLAYBACK_ONSET 118 38 1 who
1552403978539464 AUDIO_PLAYBACK_ONSET 119 38 2 sneezes?
1552403979558090 AUDIO_PLAYBACK_ONSET _ 38 END_OF_WAV
1552403979574020 AUDIO_PLAYBACK_DONE 38.wav
1552403979570491 CHEETAH_SIGNAL SENT_AFTER_TIME 43718.072319
1552403979605304 CHEETAH_SIGNAL SENT_AFTER_TIME 43718.107234
1552403980573899 AUDIO_PLAYBACK_ONSET 120 39 1 she
1552403981076061 AUDIO_PLAYBACK_ONSET 121 39 2 excercised
1552403982244148 AUDIO_PLAYBACK_ONSET _ 39 END_OF_WAV
1552403982448893 AUDIO_PLAYBACK_DONE 39.wav
1552403982448334 CHEETAH_SIGNAL SENT_AFTER_TIME 43720.950301
1552403982482647 CHEETAH_SIGNAL SENT_AFTER_TIME 43720.984695
1552403983448775 AUDIO_PLAYBACK_ONSET 122 40 1 he
1552403983787398 AUDIO_PLAYBACK_ONSET 123 40 2 cried
1552403984524495 AUDIO_PLAYBACK_ONSET _ 40 END_OF_WAV
1552403984886264 AUDIO_PLAYBACK_DONE 40.wav
1552403984880958 CHEETAH_SIGNAL SENT_AFTER_TIME 43723.383026
1552403984915739 CHEETAH_SIGNAL SENT_AFTER_TIME 43723.417895
1552403985886156 AUDIO_PLAYBACK_ONSET 124 41 1 the
1552403986044856 AUDIO_PLAYBACK_ONSET 125 41 2 boy
1552403986232795 AUDIO_PLAYBACK_ONSET 126 41 3 sneezes
1552403987109847 AUDIO_PLAYBACK_ONSET _ 41 END_OF_WAV
1552403987112710 AUDIO_PLAYBACK_DONE 41.wav
1552403987110832 CHEETAH_SIGNAL SENT_AFTER_TIME 43725.612982
1552403987145988 CHEETAH_SIGNAL SENT_AFTER_TIME 43725.648213
1552403988112641 AUDIO_PLAYBACK_ONSET 127 42 1 they
1552403988329069 AUDIO_PLAYBACK_ONSET 128 42 2 winked
1552403989039284 AUDIO_PLAYBACK_ONSET _ 42 END_OF_WAV
1552403989268881 AUDIO_PLAYBACK_DONE 42.wav
1552403989266644 CHEETAH_SIGNAL SENT_AFTER_TIME 43727.768844
1552403989301456 CHEETAH_SIGNAL SENT_AFTER_TIME 43727.803756
1552403990268806 AUDIO_PLAYBACK_ONSET 129 43 1 she
1552403990482618 AUDIO_PLAYBACK_ONSET 130 43 2 remained
1552403991268055 AUDIO_PLAYBACK_ONSET _ 43 END_OF_WAV
1552403991518808 AUDIO_PLAYBACK_DONE 43.wav
1552403991515080 CHEETAH_SIGNAL SENT_AFTER_TIME 43730.017400
1552403991549518 CHEETAH_SIGNAL SENT_AFTER_TIME 43730.051917
1552403992518709 AUDIO_PLAYBACK_ONSET 131 44 1 The
1552403992586964 AUDIO_PLAYBACK_ONSET 132 44 2 salad
1552403992942092 AUDIO_PLAYBACK_ONSET 133 44 3 is
1552403993115266 AUDIO_PLAYBACK_ONSET 134 44 4 tasty
1552403993691451 AUDIO_PLAYBACK_ONSET _ 44 END_OF_WAV
1552403993706194 AUDIO_PLAYBACK_DONE 44.wav
1552403993703517 CHEETAH_SIGNAL SENT_AFTER_TIME 43732.205939
1552403993738361 CHEETAH_SIGNAL SENT_AFTER_TIME 43732.240853
1552403994706101 AUDIO_PLAYBACK_ONSET 135 45 1 Whom
1552403994821158 AUDIO_PLAYBACK_ONSET 136 45 2 does
1552403995018149 AUDIO_PLAYBACK_ONSET 137 45 3 the
1552403995139431 AUDIO_PLAYBACK_ONSET 138 45 4 boy
1552403995384199 AUDIO_PLAYBACK_ONSET 139 45 5 tickle?
1552403995798028 AUDIO_PLAYBACK_ONSET _ 45 END_OF_WAV
1552403995799848 AUDIO_PLAYBACK_DONE 45.wav
1552403995798454 CHEETAH_SIGNAL SENT_AFTER_TIME 43734.300962
1552403993906838 KEY_PRESS l
1552403994050937 KEY_PRESS l
1552403995833360 CHEETAH_SIGNAL SENT_AFTER_TIME 43734.335939
1552403996799761 AUDIO_PLAYBACK_ONSET 140 46 1 they
1552403996972225 AUDIO_PLAYBACK_ONSET 141 46 2 tickle
1552403997272122 AUDIO_PLAYBACK_ONSET 142 46 3 the
1552403997424213 AUDIO_PLAYBACK_ONSET 143 46 4 girl
1552403997842642 AUDIO_PLAYBACK_ONSET _ 46 END_OF_WAV
1552403997862279 AUDIO_PLAYBACK_DONE 46.wav
1552403997861172 CHEETAH_SIGNAL SENT_AFTER_TIME 43736.363763
1552403997895609 CHEETAH_SIGNAL SENT_AFTER_TIME 43736.398291
1552403998862176 AUDIO_PLAYBACK_ONSET 144 47 1 she
1552403999098202 AUDIO_PLAYBACK_ONSET 145 47 2 will
1552403999218486 AUDIO_PLAYBACK_ONSET 146 47 3 sleep
1552403999911150 AUDIO_PLAYBACK_ONSET _ 47 END_OF_WAV
1552404000096530 AUDIO_PLAYBACK_DONE 47.wav
1552404000098577 CHEETAH_SIGNAL SENT_AFTER_TIME 43738.601272
1552404000133452 CHEETAH_SIGNAL SENT_AFTER_TIME 43738.636217
1552404001096447 AUDIO_PLAYBACK_ONSET 147 48 1 she
1552404001311074 AUDIO_PLAYBACK_ONSET 148 48 2 collapsed
1552404002213595 AUDIO_PLAYBACK_ONSET _ 48 END_OF_WAV
1552404002268310 AUDIO_PLAYBACK_DONE 48.wav
1552404002261764 CHEETAH_SIGNAL SENT_AFTER_TIME 43740.764528
1552404002297076 CHEETAH_SIGNAL SENT_AFTER_TIME 43740.799933
1552404003268218 AUDIO_PLAYBACK_ONSET 149 49 1 the
1552404003437926 AUDIO_PLAYBACK_ONSET 150 49 2 girl
1552404003647162 AUDIO_PLAYBACK_ONSET 151 49 3 ate
1552404003833433 AUDIO_PLAYBACK_ONSET 152 49 4 the
1552404003892122 AUDIO_PLAYBACK_ONSET 153 49 5 salad
1552404004507922 AUDIO_PLAYBACK_ONSET _ 49 END_OF_WAV
1552404004533845 AUDIO_PLAYBACK_DONE 49.wav
1552404004534638 CHEETAH_SIGNAL SENT_AFTER_TIME 43743.037488
1552404004569513 CHEETAH_SIGNAL SENT_AFTER_TIME 43743.072454
1552404005533761 AUDIO_PLAYBACK_ONSET 154 50 1 What
1552404005674808 AUDIO_PLAYBACK_ONSET 155 50 2 did
1552404005826566 AUDIO_PLAYBACK_ONSET 156 50 3 the
1552404005927985 AUDIO_PLAYBACK_ONSET 157 50 4 girl
1552404006161174 AUDIO_PLAYBACK_ONSET 158 50 5 kick?
1552404006629773 AUDIO_PLAYBACK_ONSET _ 50 END_OF_WAV
1552404006635304 AUDIO_PLAYBACK_DONE 50.wav
1552404006635606 CHEETAH_SIGNAL SENT_AFTER_TIME 43745.138554
1552404004634461 KEY_PRESS l
1552404004770462 KEY_PRESS l
1552404006671137 CHEETAH_SIGNAL SENT_AFTER_TIME 43745.174165
1552404007635217 AUDIO_PLAYBACK_ONSET 159 51 1 she
1552404007829847 AUDIO_PLAYBACK_ONSET 160 51 2 smelled
1552404008136885 AUDIO_PLAYBACK_ONSET 161 51 3 it
1552404008314786 AUDIO_PLAYBACK_ONSET 162 51 4 burn
1552404008722966 AUDIO_PLAYBACK_ONSET _ 51 END_OF_WAV
1552404008978964 AUDIO_PLAYBACK_DONE 51.wav
1552404008974730 CHEETAH_SIGNAL SENT_AFTER_TIME 43747.477781
1552404009009667 CHEETAH_SIGNAL SENT_AFTER_TIME 43747.512785
1552404009978874 AUDIO_PLAYBACK_ONSET 163 52 1 he
1552404010122963 AUDIO_PLAYBACK_ONSET 164 52 2 disappeared
1552404010901679 AUDIO_PLAYBACK_ONSET _ 52 END_OF_WAV
1552404011228853 AUDIO_PLAYBACK_DONE 52.wav
1552404011224947 CHEETAH_SIGNAL SENT_AFTER_TIME 43749.728088
1552404011259822 CHEETAH_SIGNAL SENT_AFTER_TIME 43749.763032
1552404012228761 AUDIO_PLAYBACK_ONSET 165 53 1 they
1552404012389568 AUDIO_PLAYBACK_ONSET 166 53 2 heard
1552404012563960 AUDIO_PLAYBACK_ONSET 167 53 3 her
1552404012714159 AUDIO_PLAYBACK_ONSET 168 53 4 coughing
1552404013319997 AUDIO_PLAYBACK_ONSET _ 53 END_OF_WAV
1552404013728742 AUDIO_PLAYBACK_DONE 53.wav
1552404013722540 CHEETAH_SIGNAL SENT_AFTER_TIME 43752.225803
1552404013757196 CHEETAH_SIGNAL SENT_AFTER_TIME 43752.260507
1552404014728641 AUDIO_PLAYBACK_ONSET 169 54 1 she
1552404015022257 AUDIO_PLAYBACK_ONSET 170 54 2 smiled
1552404015814413 AUDIO_PLAYBACK_ONSET _ 54 END_OF_WAV
1552404015978622 AUDIO_PLAYBACK_DONE 54.wav
1552404015975852 CHEETAH_SIGNAL SENT_AFTER_TIME 43754.479215
1552404016010696 CHEETAH_SIGNAL SENT_AFTER_TIME 43754.514111
1552404016978518 AUDIO_PLAYBACK_ONSET 171 55 1 the
1552404017101838 AUDIO_PLAYBACK_ONSET 172 55 2 girls
1552404017425842 AUDIO_PLAYBACK_ONSET 173 55 3 cough
1552404018002825 AUDIO_PLAYBACK_ONSET _ 55 END_OF_WAV
1552404018166001 AUDIO_PLAYBACK_DONE 55.wav
1552404018164976 CHEETAH_SIGNAL SENT_AFTER_TIME 43756.668408
1552404018200226 CHEETAH_SIGNAL SENT_AFTER_TIME 43756.703739
1552404019165903 AUDIO_PLAYBACK_ONSET 174 56 1 we
1552404019291020 AUDIO_PLAYBACK_ONSET 175 56 2 revealed
1552404019663310 AUDIO_PLAYBACK_ONSET 176 56 3 that
1552404019741120 AUDIO_PLAYBACK_ONSET 177 56 4 she
1552404019960185 AUDIO_PLAYBACK_ONSET 178 56 5 jumps
1552404020629350 AUDIO_PLAYBACK_ONSET _ 56 END_OF_WAV
1552404020947156 AUDIO_PLAYBACK_DONE 56.wav
1552404020947225 CHEETAH_SIGNAL SENT_AFTER_TIME 43759.450759
1552404020982100 CHEETAH_SIGNAL SENT_AFTER_TIME 43759.485727
1552404021947042 AUDIO_PLAYBACK_ONSET 179 57 1 who
1552404022126660 AUDIO_PLAYBACK_ONSET 180 57 2 eats
1552404022341510 AUDIO_PLAYBACK_ONSET 181 57 3 the
1552404022408703 AUDIO_PLAYBACK_ONSET 182 57 4 salad?
1552404023029198 AUDIO_PLAYBACK_ONSET _ 57 END_OF_WAV
1552404023181396 AUDIO_PLAYBACK_DONE 57.wav
1552404023183411 CHEETAH_SIGNAL SENT_AFTER_TIME 43761.687040
1552404023217911 CHEETAH_SIGNAL SENT_AFTER_TIME 43761.721633
1552404024181301 AUDIO_PLAYBACK_ONSET 183 58 1 he
1552404024392756 AUDIO_PLAYBACK_ONSET 184 58 2 laughs
1552404025180783 AUDIO_PLAYBACK_ONSET _ 58 END_OF_WAV
1552404025407858 AUDIO_PLAYBACK_DONE 58.wav
1552404025407879 CHEETAH_SIGNAL SENT_AFTER_TIME 43763.911597
1552404025442379 CHEETAH_SIGNAL SENT_AFTER_TIME 43763.946168
1552404026407791 AUDIO_PLAYBACK_ONSET 185 59 1 who
1552404026575720 AUDIO_PLAYBACK_ONSET 186 59 2 arrives?
1552404027374480 AUDIO_PLAYBACK_ONSET _ 59 END_OF_WAV
1552404027712487 AUDIO_PLAYBACK_DONE 59.wav
1552404027715753 CHEETAH_SIGNAL SENT_AFTER_TIME 43766.219606
1552404027748816 CHEETAH_SIGNAL SENT_AFTER_TIME 43766.252763
1552404028712329 AUDIO_PLAYBACK_ONSET 187 60 1 the
1552404028855402 AUDIO_PLAYBACK_ONSET 188 60 2 boy
1552404029014613 AUDIO_PLAYBACK_ONSET 189 60 3 smelled
1552404029362962 AUDIO_PLAYBACK_ONSET 190 60 4 the
1552404029428801 AUDIO_PLAYBACK_ONSET 191 60 5 flowers
1552404030296680 AUDIO_PLAYBACK_ONSET _ 60 END_OF_WAV
1552404030493577 AUDIO_PLAYBACK_DONE 60.wav
1552404030494127 CHEETAH_SIGNAL SENT_AFTER_TIME 43768.998054
1552404030529346 CHEETAH_SIGNAL SENT_AFTER_TIME 43769.033344
1552404031493526 AUDIO_PLAYBACK_ONSET 192 61 1 who
1552404031703727 AUDIO_PLAYBACK_ONSET 193 61 2 tickles
1552404032110979 AUDIO_PLAYBACK_ONSET 194 61 3 the
1552404032231945 AUDIO_PLAYBACK_ONSET 195 61 4 girl?
1552404032706736 AUDIO_PLAYBACK_ONSET _ 61 END_OF_WAV
1552404032993507 AUDIO_PLAYBACK_DONE 61.wav
1552404032996408 CHEETAH_SIGNAL SENT_AFTER_TIME 43771.500448
1552404033031220 CHEETAH_SIGNAL SENT_AFTER_TIME 43771.535340
1552404033993385 AUDIO_PLAYBACK_ONSET 196 62 1 What
1552404034175518 AUDIO_PLAYBACK_ONSET 197 62 2 will
1552404034298900 AUDIO_PLAYBACK_ONSET 198 62 3 the
1552404034433138 AUDIO_PLAYBACK_ONSET 199 62 4 girl
1552404034691745 AUDIO_PLAYBACK_ONSET 200 62 5 kick?
1552404035361952 AUDIO_PLAYBACK_ONSET _ 62 END_OF_WAV
1552404035462139 AUDIO_PLAYBACK_DONE 62.wav
1552404035455657 CHEETAH_SIGNAL SENT_AFTER_TIME 43773.959783
1552404035490500 CHEETAH_SIGNAL SENT_AFTER_TIME 43773.994717
1552404036462042 AUDIO_PLAYBACK_ONSET 201 63 1 he
1552404036582930 AUDIO_PLAYBACK_ONSET 202 63 2 sneezes
1552404037322201 AUDIO_PLAYBACK_ONSET _ 63 END_OF_WAV
1552404037626102 AUDIO_PLAYBACK_DONE 63.wav
1552404037616187 CHEETAH_SIGNAL SENT_AFTER_TIME 43776.120417
1552404037650999 CHEETAH_SIGNAL SENT_AFTER_TIME 43776.155293
1552404038626025 AUDIO_PLAYBACK_ONSET 203 64 1 who
1552404038781838 AUDIO_PLAYBACK_ONSET 204 64 2 remains?
1552404039604117 AUDIO_PLAYBACK_ONSET _ 64 END_OF_WAV
1552404039610403 AUDIO_PLAYBACK_DONE 64.wav
1552404039605905 CHEETAH_SIGNAL SENT_AFTER_TIME 43778.110210
1552404039640874 CHEETAH_SIGNAL SENT_AFTER_TIME 43778.145278
1552404040610293 AUDIO_PLAYBACK_ONSET 205 65 1 they
1552404040741993 AUDIO_PLAYBACK_ONSET 206 65 2 found
1552404041034917 AUDIO_PLAYBACK_ONSET 207 65 3 the
1552404041155044 AUDIO_PLAYBACK_ONSET 208 65 4 bikes
1552404041804652 AUDIO_PLAYBACK_ONSET _ 65 END_OF_WAV
1552404041985284 AUDIO_PLAYBACK_DONE 65.wav
1552404041979935 CHEETAH_SIGNAL SENT_AFTER_TIME 43780.484350
1552404042014716 CHEETAH_SIGNAL SENT_AFTER_TIME 43780.519209
1552404042985195 AUDIO_PLAYBACK_ONSET 209 66 1 they
1552404043081653 AUDIO_PLAYBACK_ONSET 210 66 2 appeared
1552404043682235 AUDIO_PLAYBACK_ONSET _ 66 END_OF_WAV
1552404044196128 AUDIO_PLAYBACK_DONE 66.wav
1552404044190528 CHEETAH_SIGNAL SENT_AFTER_TIME 43782.695023
1552404044225309 CHEETAH_SIGNAL SENT_AFTER_TIME 43782.729873
1552404045196057 AUDIO_PLAYBACK_ONSET 211 67 1 they
1552404045395878 AUDIO_PLAYBACK_ONSET 212 67 2 appear
1552404045971420 AUDIO_PLAYBACK_ONSET _ 67 END_OF_WAV
1552404046117916 AUDIO_PLAYBACK_DONE 67.wav
1552404046112371 CHEETAH_SIGNAL SENT_AFTER_TIME 43784.616943
1552404046146652 CHEETAH_SIGNAL SENT_AFTER_TIME 43784.651300
1552404047117832 AUDIO_PLAYBACK_ONSET 213 68 1 he
1552404047379385 AUDIO_PLAYBACK_ONSET 214 68 2 crawled
1552404047949697 AUDIO_PLAYBACK_ONSET _ 68 END_OF_WAV
1552404048094389 AUDIO_PLAYBACK_DONE 68.wav
1552404048097120 CHEETAH_SIGNAL SENT_AFTER_TIME 43786.601780
1552404048131933 CHEETAH_SIGNAL SENT_AFTER_TIME 43786.636661
1552404049094309 AUDIO_PLAYBACK_ONSET 215 69 1 the
1552404049235959 AUDIO_PLAYBACK_ONSET 216 69 2 boy
1552404049461691 AUDIO_PLAYBACK_ONSET 217 69 3 jumped
1552404050124943 AUDIO_PLAYBACK_ONSET _ 69 END_OF_WAV
1552404050391182 AUDIO_PLAYBACK_DONE 69.wav
1552404050382432 CHEETAH_SIGNAL SENT_AFTER_TIME 43788.887207
1552404050417276 CHEETAH_SIGNAL SENT_AFTER_TIME 43788.922101
1552404051391085 AUDIO_PLAYBACK_ONSET 218 70 1 she
1552404051782667 AUDIO_PLAYBACK_ONSET 219 70 2 jumps
1552404052555494 AUDIO_PLAYBACK_ONSET _ 70 END_OF_WAV
1552404052922333 AUDIO_PLAYBACK_DONE 70.wav
1552404052925274 CHEETAH_SIGNAL SENT_AFTER_TIME 43791.430161
1552404052960462 CHEETAH_SIGNAL SENT_AFTER_TIME 43791.465390
1552404053922230 AUDIO_PLAYBACK_ONSET 220 71 1 who
1552404054105380 AUDIO_PLAYBACK_ONSET 221 71 2 coughed?
1552404054858723 AUDIO_PLAYBACK_ONSET _ 71 END_OF_WAV
1552404054922232 AUDIO_PLAYBACK_DONE 71.wav
1552404054921461 CHEETAH_SIGNAL SENT_AFTER_TIME 43793.426409
1552404054956430 CHEETAH_SIGNAL SENT_AFTER_TIME 43793.461448
1552404055922142 AUDIO_PLAYBACK_ONSET 222 72 1 the
1552404056066311 AUDIO_PLAYBACK_ONSET 223 72 2 girls
1552404056334651 AUDIO_PLAYBACK_ONSET 224 72 3 found
1552404056577056 AUDIO_PLAYBACK_ONSET 225 72 4 the
1552404056685789 AUDIO_PLAYBACK_ONSET 226 72 5 bikes
1552404057398039 AUDIO_PLAYBACK_ONSET _ 72 END_OF_WAV
1552404057406496 AUDIO_PLAYBACK_DONE 72.wav
1552404057405429 CHEETAH_SIGNAL SENT_AFTER_TIME 43795.910468
1552404057440273 CHEETAH_SIGNAL SENT_AFTER_TIME 43795.945400
1552404058406387 AUDIO_PLAYBACK_ONSET 227 73 1 she
1552404058624627 AUDIO_PLAYBACK_ONSET 228 73 2 heard
1552404058856396 AUDIO_PLAYBACK_ONSET 229 73 3 them
1552404059044241 AUDIO_PLAYBACK_ONSET 230 73 4 crying
1552404059571328 AUDIO_PLAYBACK_ONSET _ 73 END_OF_WAV
1552404059797005 AUDIO_PLAYBACK_DONE 73.wav
1552404059797740 CHEETAH_SIGNAL SENT_AFTER_TIME 43798.302841
1552404059832397 CHEETAH_SIGNAL SENT_AFTER_TIME 43798.337619
1552404060796910 AUDIO_PLAYBACK_ONSET 231 74 1 she
1552404060988063 AUDIO_PLAYBACK_ONSET 232 74 2 eats
1552404061272165 AUDIO_PLAYBACK_ONSET 233 74 3 the
1552404061349575 AUDIO_PLAYBACK_ONSET 234 74 4 salad
1552404061925760 AUDIO_PLAYBACK_ONSET _ 74 END_OF_WAV
1552404061984396 AUDIO_PLAYBACK_DONE 74.wav
1552404061981833 CHEETAH_SIGNAL SENT_AFTER_TIME 43800.487060
1552404062016615 CHEETAH_SIGNAL SENT_AFTER_TIME 43800.521913
1552404062984320 AUDIO_PLAYBACK_ONSET 235 75 1 he
1552404063137901 AUDIO_PLAYBACK_ONSET 236 75 2 falls
1552404063875115 AUDIO_PLAYBACK_ONSET _ 75 END_OF_WAV
1552404063984300 AUDIO_PLAYBACK_DONE 75.wav
1552404063983614 CHEETAH_SIGNAL SENT_AFTER_TIME 43802.488902
1552404062200132 KEY_PRESS l
1552404062272160 KEY_PRESS l
1552404064019333 CHEETAH_SIGNAL SENT_AFTER_TIME 43802.524731
1552404064984200 AUDIO_PLAYBACK_ONSET 237 76 1 the
1552404065117854 AUDIO_PLAYBACK_ONSET 238 76 2 girl
1552404065344541 AUDIO_PLAYBACK_ONSET 239 76 3 disappears
1552404066295394 AUDIO_PLAYBACK_ONSET _ 76 END_OF_WAV
1552404066296720 AUDIO_PLAYBACK_DONE 76.wav
1552404066292363 CHEETAH_SIGNAL SENT_AFTER_TIME 43804.797762
1552404066327175 CHEETAH_SIGNAL SENT_AFTER_TIME 43804.832669
1552404067296624 AUDIO_PLAYBACK_ONSET 240 77 1 who
1552404067515800 AUDIO_PLAYBACK_ONSET 241 77 2 heard
1552404067809881 AUDIO_PLAYBACK_ONSET 242 77 3 the
1552404067893602 AUDIO_PLAYBACK_ONSET 243 77 4 men?
1552404068332613 AUDIO_PLAYBACK_ONSET _ 77 END_OF_WAV
1552404068343497 AUDIO_PLAYBACK_DONE 77.wav
1552404068336737 CHEETAH_SIGNAL SENT_AFTER_TIME 43806.842223
1552404068371800 CHEETAH_SIGNAL SENT_AFTER_TIME 43806.877369
1552404069343422 AUDIO_PLAYBACK_ONSET 244 78 1 she
1552404069574210 AUDIO_PLAYBACK_ONSET 245 78 2 saw
1552404069812142 AUDIO_PLAYBACK_ONSET 246 78 3 that
1552404069978408 AUDIO_PLAYBACK_ONSET 247 78 4 he
1552404070113141 AUDIO_PLAYBACK_ONSET 248 78 5 crawled
1552404070633916 AUDIO_PLAYBACK_ONSET _ 78 END_OF_WAV
1552404070765286 AUDIO_PLAYBACK_DONE 78.wav
1552404070765580 CHEETAH_SIGNAL SENT_AFTER_TIME 43809.271171
1552404070800361 CHEETAH_SIGNAL SENT_AFTER_TIME 43809.306049
1552404071765167 AUDIO_PLAYBACK_ONSET 249 79 1 the
1552404071859128 AUDIO_PLAYBACK_ONSET 250 79 2 boy
1552404072084052 AUDIO_PLAYBACK_ONSET 251 79 3 collapses
1552404073038433 AUDIO_PLAYBACK_ONSET _ 79 END_OF_WAV
1552404073077664 AUDIO_PLAYBACK_DONE 79.wav
1552404073073704 CHEETAH_SIGNAL SENT_AFTER_TIME 43811.579390
1552404073108610 CHEETAH_SIGNAL SENT_AFTER_TIME 43811.614358
1552404074077604 AUDIO_PLAYBACK_ONSET 252 80 1 she
1552404074385176 AUDIO_PLAYBACK_ONSET 253 80 2 crawls
1552404075132959 AUDIO_PLAYBACK_ONSET _ 80 END_OF_WAV
1552404075296337 AUDIO_PLAYBACK_DONE 80.wav
1552404075292984 CHEETAH_SIGNAL SENT_AFTER_TIME 43813.798768
1552404075327890 CHEETAH_SIGNAL SENT_AFTER_TIME 43813.833739
1552404076296236 AUDIO_PLAYBACK_ONSET 254 81 1 the
1552404076386836 AUDIO_PLAYBACK_ONSET 255 81 2 actors
1552404076761117 AUDIO_PLAYBACK_ONSET 256 81 3 will
1552404076856882 AUDIO_PLAYBACK_ONSET 257 81 4 snore
1552404077444239 AUDIO_PLAYBACK_ONSET _ 81 END_OF_WAV
1552404077483742 AUDIO_PLAYBACK_DONE 81.wav
1552404077480265 CHEETAH_SIGNAL SENT_AFTER_TIME 43815.986131
1552404077514608 CHEETAH_SIGNAL SENT_AFTER_TIME 43816.020569
1552404078483630 AUDIO_PLAYBACK_ONSET 258 82 1 the
1552404078626157 AUDIO_PLAYBACK_ONSET 259 82 2 boy
1552404078818172 AUDIO_PLAYBACK_ONSET 260 82 3 will
1552404078955079 AUDIO_PLAYBACK_ONSET 261 82 4 sing
1552404079511320 AUDIO_PLAYBACK_ONSET _ 82 END_OF_WAV
1552404079764881 AUDIO_PLAYBACK_DONE 82.wav
1552404079760482 CHEETAH_SIGNAL SENT_AFTER_TIME 43818.266427
1552404079795670 CHEETAH_SIGNAL SENT_AFTER_TIME 43818.301724
1552404080764788 AUDIO_PLAYBACK_ONSET 262 83 1 What
1552404080900331 AUDIO_PLAYBACK_ONSET 263 83 2 will
1552404081120339 AUDIO_PLAYBACK_ONSET 264 83 3 the
1552404081293850 AUDIO_PLAYBACK_ONSET 265 83 4 girl
1552404081702112 AUDIO_PLAYBACK_ONSET 266 83 5 eat?
1552404082232853 AUDIO_PLAYBACK_ONSET _ 83 END_OF_WAV
1552404082452271 AUDIO_PLAYBACK_DONE 83.wav
1552404082453138 CHEETAH_SIGNAL SENT_AFTER_TIME 43820.959207
1552404082488075 CHEETAH_SIGNAL SENT_AFTER_TIME 43820.994205
1552404083452195 AUDIO_PLAYBACK_ONSET 267 84 1 the
1552404083601325 AUDIO_PLAYBACK_ONSET 268 84 2 girl
1552404083802934 AUDIO_PLAYBACK_ONSET 269 84 3 smiled
1552404084584170 AUDIO_PLAYBACK_ONSET _ 84 END_OF_WAV
1552404084702175 AUDIO_PLAYBACK_DONE 84.wav
1552404084698387 CHEETAH_SIGNAL SENT_AFTER_TIME 43823.204518
1552404083127286 KEY_PRESS l
1552404083247317 KEY_PRESS l
1552404084733887 CHEETAH_SIGNAL SENT_AFTER_TIME 43823.240144
1552404085702048 AUDIO_PLAYBACK_ONSET 270 85 1 The
1552404085803664 AUDIO_PLAYBACK_ONSET 271 85 2 cook
1552404086023106 AUDIO_PLAYBACK_ONSET 272 85 3 prepared
1552404086383423 AUDIO_PLAYBACK_ONSET 273 85 4 the
1552404086442122 AUDIO_PLAYBACK_ONSET 274 85 5 meal
1552404086948734 AUDIO_PLAYBACK_ONSET _ 85 END_OF_WAV
1552404087045814 AUDIO_PLAYBACK_DONE 85.wav
1552404087041136 CHEETAH_SIGNAL SENT_AFTER_TIME 43825.547398
1552404087075980 CHEETAH_SIGNAL SENT_AFTER_TIME 43825.582339
1552404088045712 AUDIO_PLAYBACK_ONSET 275 86 1 What
1552404088234053 AUDIO_PLAYBACK_ONSET 276 86 2 does
1552404088459858 AUDIO_PLAYBACK_ONSET 277 86 3 the
1552404088566587 AUDIO_PLAYBACK_ONSET 278 86 4 girl
1552404088793274 AUDIO_PLAYBACK_ONSET 279 86 5 eat?
1552404089308393 AUDIO_PLAYBACK_ONSET _ 86 END_OF_WAV
1552404089358207 AUDIO_PLAYBACK_DONE 86.wav
1552404089354291 CHEETAH_SIGNAL SENT_AFTER_TIME 43827.860653
1552404087863060 KEY_PRESS l
1552404087983082 KEY_PRESS l
1552404089389854 CHEETAH_SIGNAL SENT_AFTER_TIME 43827.896295
1552404090358125 AUDIO_PLAYBACK_ONSET 280 87 1 who
1552404090539687 AUDIO_PLAYBACK_ONSET 281 87 2 kicked
1552404090863252 AUDIO_PLAYBACK_ONSET 282 87 3 the
1552404091013105 AUDIO_PLAYBACK_ONSET 283 87 4 ball?
1552404091393331 AUDIO_PLAYBACK_ONSET _ 87 END_OF_WAV
1552404091467493 AUDIO_PLAYBACK_DONE 87.wav
1552404091471103 CHEETAH_SIGNAL SENT_AFTER_TIME 43829.977560
1552404089870983 KEY_PRESS l
1552404090006989 KEY_PRESS l
1552404091506447 CHEETAH_SIGNAL SENT_AFTER_TIME 43830.012961
1552404092467420 AUDIO_PLAYBACK_ONSET 284 88 1 he
1552404092683259 AUDIO_PLAYBACK_ONSET 285 88 2 collapses
1552404093627612 AUDIO_PLAYBACK_ONSET _ 88 END_OF_WAV
1552404093686152 AUDIO_PLAYBACK_DONE 88.wav
1552404093683508 CHEETAH_SIGNAL SENT_AFTER_TIME 43832.190025
1552404093718664 CHEETAH_SIGNAL SENT_AFTER_TIME 43832.225285
1552404094686045 AUDIO_PLAYBACK_ONSET 286 89 1 he
1552404094776974 AUDIO_PLAYBACK_ONSET 287 89 2 hears
1552404095110610 AUDIO_PLAYBACK_ONSET 288 89 3 the
1552404095186834 AUDIO_PLAYBACK_ONSET 289 89 4 men
1552404095584198 AUDIO_PLAYBACK_ONSET _ 89 END_OF_WAV
1552404095615729 AUDIO_PLAYBACK_DONE 89.wav
1552404095613445 CHEETAH_SIGNAL SENT_AFTER_TIME 43834.120046
1552404095648351 CHEETAH_SIGNAL SENT_AFTER_TIME 43834.155023
1552404096615678 AUDIO_PLAYBACK_ONSET 290 90 1 Whom
1552404096855413 AUDIO_PLAYBACK_ONSET 291 90 2 do
1552404096982512 AUDIO_PLAYBACK_ONSET 292 90 3 the
1552404097056342 AUDIO_PLAYBACK_ONSET 293 90 4 women
1552404097365678 AUDIO_PLAYBACK_ONSET 294 90 5 hug?
1552404097825477 AUDIO_PLAYBACK_ONSET _ 90 END_OF_WAV
1552404098006290 AUDIO_PLAYBACK_DONE 90.wav
1552404098006350 CHEETAH_SIGNAL SENT_AFTER_TIME 43836.513064
1552404098041225 CHEETAH_SIGNAL SENT_AFTER_TIME 43836.548019
1552404099006168 AUDIO_PLAYBACK_ONSET 295 91 1 the
1552404099153271 AUDIO_PLAYBACK_ONSET 296 91 2 girl
1552404099362168 AUDIO_PLAYBACK_ONSET 297 91 3 fell
1552404099850610 AUDIO_PLAYBACK_ONSET _ 91 END_OF_WAV
1552404099912407 AUDIO_PLAYBACK_DONE 91.wav
1552404099914068 CHEETAH_SIGNAL SENT_AFTER_TIME 43838.420832
1552404099948849 CHEETAH_SIGNAL SENT_AFTER_TIME 43838.455735
1552404100912315 AUDIO_PLAYBACK_ONSET 298 92 1 she
1552404101289935 AUDIO_PLAYBACK_ONSET 299 92 2 blooms
1552404102099732 AUDIO_PLAYBACK_ONSET _ 92 END_OF_WAV
1552404102162317 AUDIO_PLAYBACK_DONE 92.wav
1552404102159692 CHEETAH_SIGNAL SENT_AFTER_TIME 43840.666539
1552404102194411 CHEETAH_SIGNAL SENT_AFTER_TIME 43840.701381
1552404103162233 AUDIO_PLAYBACK_ONSET 300 93 1 who
1552404103286011 AUDIO_PLAYBACK_ONSET 301 93 2 smelled
1552404103672047 AUDIO_PLAYBACK_ONSET 302 93 3 the
1552404103735198 AUDIO_PLAYBACK_ONSET 303 93 4 flowers?
1552404104624405 AUDIO_PLAYBACK_ONSET _ 93 END_OF_WAV
1552404104677858 AUDIO_PLAYBACK_DONE 93.wav
1552404104676566 CHEETAH_SIGNAL SENT_AFTER_TIME 43843.183569
1552404104711285 CHEETAH_SIGNAL SENT_AFTER_TIME 43843.218349
1552404105677764 AUDIO_PLAYBACK_ONSET 304 94 1 she
1552404106023831 AUDIO_PLAYBACK_ONSET 305 94 2 kicked
1552404106334247 AUDIO_PLAYBACK_ONSET 306 94 3 the
1552404106481674 AUDIO_PLAYBACK_ONSET 307 94 4 ball
1552404106843689 AUDIO_PLAYBACK_ONSET _ 94 END_OF_WAV
1552404106896498 AUDIO_PLAYBACK_DONE 94.wav
1552404106892847 CHEETAH_SIGNAL SENT_AFTER_TIME 43845.399932
1552404106927565 CHEETAH_SIGNAL SENT_AFTER_TIME 43845.434720
1552404107896407 AUDIO_PLAYBACK_ONSET 308 95 1 he
1552404108027794 AUDIO_PLAYBACK_ONSET 309 95 2 streched
1552404108893004 AUDIO_PLAYBACK_ONSET _ 95 END_OF_WAV
1552404109169831 AUDIO_PLAYBACK_DONE 95.wav
1552404109163408 CHEETAH_SIGNAL SENT_AFTER_TIME 43847.670577
1552404109198283 CHEETAH_SIGNAL SENT_AFTER_TIME 43847.705544
1552404110169725 AUDIO_PLAYBACK_ONSET 310 96 1 the
1552404110315529 AUDIO_PLAYBACK_ONSET 311 96 2 girl
1552404110538061 AUDIO_PLAYBACK_ONSET 312 96 3 kicked
1552404110853239 AUDIO_PLAYBACK_ONSET 313 96 4 the
1552404110983125 AUDIO_PLAYBACK_ONSET 314 96 5 ball
1552404111391858 AUDIO_PLAYBACK_ONSET _ 96 END_OF_WAV
1552404111521269 AUDIO_PLAYBACK_DONE 96.wav
1552404111520063 CHEETAH_SIGNAL SENT_AFTER_TIME 43850.027349
1552404111555063 CHEETAH_SIGNAL SENT_AFTER_TIME 43850.062430
1552404112521163 AUDIO_PLAYBACK_ONSET 315 97 1 they
1552404112717178 AUDIO_PLAYBACK_ONSET 316 97 2 kissed
1552404113050311 AUDIO_PLAYBACK_ONSET 317 97 3 the
1552404113166907 AUDIO_PLAYBACK_ONSET 318 97 4 clowns
1552404113974197 AUDIO_PLAYBACK_ONSET _ 97 END_OF_WAV
1552404114173524 AUDIO_PLAYBACK_DONE 97.wav
1552404114168844 CHEETAH_SIGNAL SENT_AFTER_TIME 43852.676225
1552404114203719 CHEETAH_SIGNAL SENT_AFTER_TIME 43852.711181
1552404115173429 AUDIO_PLAYBACK_ONSET 319 98 1 the
1552404115296170 AUDIO_PLAYBACK_ONSET 320 98 2 boy
1552404115617684 AUDIO_PLAYBACK_ONSET 321 98 3 bloomed
1552404116285166 AUDIO_PLAYBACK_ONSET _ 98 END_OF_WAV
1552404116521093 AUDIO_PLAYBACK_DONE 98.wav
1552404116512843 CHEETAH_SIGNAL SENT_AFTER_TIME 43855.020322
1552404116548093 CHEETAH_SIGNAL SENT_AFTER_TIME 43855.055640
1552404117521008 AUDIO_PLAYBACK_ONSET 322 99 1 they
1552404117811740 AUDIO_PLAYBACK_ONSET 323 99 2 cough
1552404118509294 AUDIO_PLAYBACK_ONSET _ 99 END_OF_WAV
1552404118614753 AUDIO_PLAYBACK_DONE 99.wav
1552404118612717 CHEETAH_SIGNAL SENT_AFTER_TIME 43857.120268
1552404118647592 CHEETAH_SIGNAL SENT_AFTER_TIME 43857.155229
1552404119614663 AUDIO_PLAYBACK_ONSET 324 100 1 she
1552404119938396 AUDIO_PLAYBACK_ONSET 325 100 2 fell
1552404120445866 AUDIO_PLAYBACK_ONSET _ 100 END_OF_WAV
1552404120489651 AUDIO_PLAYBACK_DONE 100.wav
1552404120490279 CHEETAH_SIGNAL SENT_AFTER_TIME 43858.997933
1552404120525341 CHEETAH_SIGNAL SENT_AFTER_TIME 43859.033037
1552404121489592 AUDIO_PLAYBACK_ONSET 326 101 1 she
1552404121874935 AUDIO_PLAYBACK_ONSET 327 101 2 cries
1552404122614055 AUDIO_PLAYBACK_ONSET _ 101 END_OF_WAV
1552404122723948 AUDIO_PLAYBACK_DONE 101.wav
1552404122725871 CHEETAH_SIGNAL SENT_AFTER_TIME 43861.233599
1552404122760934 CHEETAH_SIGNAL SENT_AFTER_TIME 43861.268737
1552404123723841 AUDIO_PLAYBACK_ONSET 328 102 1 we
1552404123874348 AUDIO_PLAYBACK_ONSET 329 102 2 heard
1552404124138901 AUDIO_PLAYBACK_ONSET 330 102 3 that
1552404124247078 AUDIO_PLAYBACK_ONSET 331 102 4 she
1552404124465575 AUDIO_PLAYBACK_ONSET 332 102 5 sneezed
1552404125277440 AUDIO_PLAYBACK_ONSET _ 102 END_OF_WAV
1552404125317588 AUDIO_PLAYBACK_DONE 102.wav
1552404125310214 CHEETAH_SIGNAL SENT_AFTER_TIME 43863.818053
1552404125345089 CHEETAH_SIGNAL SENT_AFTER_TIME 43863.852969
1552404126317511 AUDIO_PLAYBACK_ONSET 333 103 1 she
1552404126604908 AUDIO_PLAYBACK_ONSET 334 103 2 scratched
1552404127662820 AUDIO_PLAYBACK_ONSET _ 103 END_OF_WAV
1552404127708123 AUDIO_PLAYBACK_DONE 103.wav
1552404127707744 CHEETAH_SIGNAL SENT_AFTER_TIME 43866.215689
1552404127742994 CHEETAH_SIGNAL SENT_AFTER_TIME 43866.250975
1552404128708022 AUDIO_PLAYBACK_ONSET 335 104 1 they
1552404128951029 AUDIO_PLAYBACK_ONSET 336 104 2 heared
1552404129231689 AUDIO_PLAYBACK_ONSET 337 104 3 that
1552404129336527 AUDIO_PLAYBACK_ONSET 338 104 4 she
1552404129534190 AUDIO_PLAYBACK_ONSET 339 104 5 laughed
1552404130307370 AUDIO_PLAYBACK_ONSET _ 104 END_OF_WAV
1552404130333015 AUDIO_PLAYBACK_DONE 104.wav
1552404130335743 CHEETAH_SIGNAL SENT_AFTER_TIME 43868.843790
1552404130370650 CHEETAH_SIGNAL SENT_AFTER_TIME 43868.878775
1552404131332871 AUDIO_PLAYBACK_ONSET 340 105 1 the
1552404131476175 AUDIO_PLAYBACK_ONSET 341 105 2 boys
1552404131778250 AUDIO_PLAYBACK_ONSET 342 105 3 winked
1552404132448529 AUDIO_PLAYBACK_ONSET _ 105 END_OF_WAV
1552404132547726 AUDIO_PLAYBACK_DONE 105.wav
1552404132548680 CHEETAH_SIGNAL SENT_AFTER_TIME 43871.056806
1552404132583524 CHEETAH_SIGNAL SENT_AFTER_TIME 43871.091747
1552404133547628 AUDIO_PLAYBACK_ONSET 343 106 1 they
1552404133860114 AUDIO_PLAYBACK_ONSET 344 106 2 vanish
1552404134698810 AUDIO_PLAYBACK_ONSET _ 106 END_OF_WAV
1552404134766359 AUDIO_PLAYBACK_DONE 106.wav
1552404134764710 CHEETAH_SIGNAL SENT_AFTER_TIME 43873.272912
1552404134799554 CHEETAH_SIGNAL SENT_AFTER_TIME 43873.307869
1552404135766267 AUDIO_PLAYBACK_ONSET 345 107 1 they
1552404135909841 AUDIO_PLAYBACK_ONSET 346 107 2 were
1552404136061607 AUDIO_PLAYBACK_ONSET 347 107 3 loved
1552404136813395 AUDIO_PLAYBACK_ONSET _ 107 END_OF_WAV
1552404136930348 AUDIO_PLAYBACK_DONE 107.wav
1552404136929553 CHEETAH_SIGNAL SENT_AFTER_TIME 43875.437878
1552404136964428 CHEETAH_SIGNAL SENT_AFTER_TIME 43875.472810
1552404137930281 AUDIO_PLAYBACK_ONSET 348 108 1 she
1552404138183182 AUDIO_PLAYBACK_ONSET 349 108 2 arrives
1552404139091950 AUDIO_PLAYBACK_ONSET _ 108 END_OF_WAV
1552404139414637 AUDIO_PLAYBACK_DONE 108.wav
1552404139414271 CHEETAH_SIGNAL SENT_AFTER_TIME 43877.922695
1552404139449521 CHEETAH_SIGNAL SENT_AFTER_TIME 43877.958016
1552404140414524 AUDIO_PLAYBACK_ONSET 350 109 1 the
1552404140582097 AUDIO_PLAYBACK_ONSET 351 109 2 boy
1552404140798699 AUDIO_PLAYBACK_ONSET 352 109 3 was
1552404141067751 AUDIO_PLAYBACK_ONSET 353 109 4 pushed
1552404141749609 AUDIO_PLAYBACK_ONSET _ 109 END_OF_WAV
1552404141859855 AUDIO_PLAYBACK_DONE 109.wav
1552404141856833 CHEETAH_SIGNAL SENT_AFTER_TIME 43880.365345
1552404141891645 CHEETAH_SIGNAL SENT_AFTER_TIME 43880.400244
1552404142859751 AUDIO_PLAYBACK_ONSET 354 110 1 The
1552404142989950 AUDIO_PLAYBACK_ONSET 355 110 2 cake
1552404143231780 AUDIO_PLAYBACK_ONSET 356 110 3 was
1552404143396431 AUDIO_PLAYBACK_ONSET 357 110 4 overcooked
1552404144351402 AUDIO_PLAYBACK_ONSET _ 110 END_OF_WAV
1552404144390998 AUDIO_PLAYBACK_DONE 110.wav
1552404144384800 CHEETAH_SIGNAL SENT_AFTER_TIME 43882.893433
1552404144419800 CHEETAH_SIGNAL SENT_AFTER_TIME 43882.928498
1552404145390899 AUDIO_PLAYBACK_ONSET 358 111 1 he
1552404145678944 AUDIO_PLAYBACK_ONSET 359 111 2 jumped
1552404146374675 AUDIO_PLAYBACK_ONSET _ 111 END_OF_WAV
1552404146672148 AUDIO_PLAYBACK_DONE 111.wav
1552404146668831 CHEETAH_SIGNAL SENT_AFTER_TIME 43885.177566
1552404146703706 CHEETAH_SIGNAL SENT_AFTER_TIME 43885.212501
1552404147672051 AUDIO_PLAYBACK_ONSET 360 112 1 who
1552404147825486 AUDIO_PLAYBACK_ONSET 361 112 2 appeared?
1552404148504657 AUDIO_PLAYBACK_ONSET _ 112 END_OF_WAV
1552404148609538 AUDIO_PLAYBACK_DONE 112.wav
1552404148609955 CHEETAH_SIGNAL SENT_AFTER_TIME 43887.118752
1552404148644486 CHEETAH_SIGNAL SENT_AFTER_TIME 43887.153352
1552404149609467 AUDIO_PLAYBACK_ONSET 362 113 1 What
1552404149775345 AUDIO_PLAYBACK_ONSET 363 113 2 will
1552404149921953 AUDIO_PLAYBACK_ONSET 364 113 3 the
1552404150065285 AUDIO_PLAYBACK_ONSET 365 113 4 boy
1552404150246293 AUDIO_PLAYBACK_ONSET 366 113 5 smell?
1552404150780306 AUDIO_PLAYBACK_ONSET _ 113 END_OF_WAV
1552404150828197 AUDIO_PLAYBACK_DONE 113.wav
1552404150824891 CHEETAH_SIGNAL SENT_AFTER_TIME 43889.333763
1552404150860141 CHEETAH_SIGNAL SENT_AFTER_TIME 43889.369118
1552404151828086 AUDIO_PLAYBACK_ONSET 367 114 1 she
1552404152030101 AUDIO_PLAYBACK_ONSET 368 114 2 saw
1552404152213429 AUDIO_PLAYBACK_ONSET 369 114 3 him
1552404152430769 AUDIO_PLAYBACK_ONSET 370 114 4 coming
1552404152909413 AUDIO_PLAYBACK_ONSET _ 114 END_OF_WAV
1552404153062444 AUDIO_PLAYBACK_DONE 114.wav
1552404153064516 CHEETAH_SIGNAL SENT_AFTER_TIME 43891.573490
1552404153099453 CHEETAH_SIGNAL SENT_AFTER_TIME 43891.608494
1552404154062380 AUDIO_PLAYBACK_ONSET 371 115 1 she
1552404154219991 AUDIO_PLAYBACK_ONSET 372 115 2 discovered
1552404154777891 AUDIO_PLAYBACK_ONSET 373 115 3 that
1552404154960234 AUDIO_PLAYBACK_ONSET 374 115 4 they
1552404155099105 AUDIO_PLAYBACK_ONSET 375 115 5 cough
1552404155719799 AUDIO_PLAYBACK_ONSET _ 115 END_OF_WAV
1552404155859274 AUDIO_PLAYBACK_DONE 115.wav
1552404155855764 CHEETAH_SIGNAL SENT_AFTER_TIME 43894.364865
1552404155890702 CHEETAH_SIGNAL SENT_AFTER_TIME 43894.399840
1552404156859177 AUDIO_PLAYBACK_ONSET 376 116 1 who
1552404157013076 AUDIO_PLAYBACK_ONSET 377 116 2 vanished?
1552404157852075 AUDIO_PLAYBACK_ONSET _ 116 END_OF_WAV
1552404157921675 AUDIO_PLAYBACK_DONE 116.wav
1552404157921514 CHEETAH_SIGNAL SENT_AFTER_TIME 43896.430701
1552404157956639 CHEETAH_SIGNAL SENT_AFTER_TIME 43896.465876
1552404158921576 AUDIO_PLAYBACK_ONSET 378 117 1 the
1552404158988592 AUDIO_PLAYBACK_ONSET 379 117 2 women
1552404159240858 AUDIO_PLAYBACK_ONSET 380 117 3 hug
1552404159512530 AUDIO_PLAYBACK_ONSET 381 117 4 the
1552404159572593 AUDIO_PLAYBACK_ONSET 382 117 5 friend
1552404160245302 AUDIO_PLAYBACK_ONSET _ 117 END_OF_WAV
1552404160296565 AUDIO_PLAYBACK_DONE 117.wav
1552404160291231 CHEETAH_SIGNAL SENT_AFTER_TIME 43898.800516
1552404160326106 CHEETAH_SIGNAL SENT_AFTER_TIME 43898.835470
1552404161296438 AUDIO_PLAYBACK_ONSET 383 118 1 the
1552404161379625 AUDIO_PLAYBACK_ONSET 384 118 2 woman
1552404161656838 AUDIO_PLAYBACK_ONSET 385 118 3 was
1552404161923971 AUDIO_PLAYBACK_ONSET 386 118 4 pinched
1552404162757628 AUDIO_PLAYBACK_ONSET _ 118 END_OF_WAV
1552404162796417 AUDIO_PLAYBACK_DONE 118.wav
1552404162790543 CHEETAH_SIGNAL SENT_AFTER_TIME 43901.299908
1552404162825637 CHEETAH_SIGNAL SENT_AFTER_TIME 43901.335079
1552404163796339 AUDIO_PLAYBACK_ONSET 387 119 1 she
1552404164028308 AUDIO_PLAYBACK_ONSET 388 119 2 was
1552404164262974 AUDIO_PLAYBACK_ONSET 389 119 3 kicked
1552404164932783 AUDIO_PLAYBACK_ONSET _ 119 END_OF_WAV
1552404164952599 AUDIO_PLAYBACK_DONE 119.wav
1552404164950448 CHEETAH_SIGNAL SENT_AFTER_TIME 43903.459897
1552404164985448 CHEETAH_SIGNAL SENT_AFTER_TIME 43903.494951
1552404165952538 AUDIO_PLAYBACK_ONSET 390 120 1 they
1552404166090702 AUDIO_PLAYBACK_ONSET 391 120 2 caught
1552404166250196 AUDIO_PLAYBACK_ONSET 392 120 3 him
1552404166392259 AUDIO_PLAYBACK_ONSET 393 120 4 stealing
1552404167099089 AUDIO_PLAYBACK_ONSET _ 120 END_OF_WAV
1552404167249410 AUDIO_PLAYBACK_DONE 120.wav
1552404167240229 CHEETAH_SIGNAL SENT_AFTER_TIME 43905.749801
1552404167275041 CHEETAH_SIGNAL SENT_AFTER_TIME 43905.784680
1552404168249274 AUDIO_PLAYBACK_ONSET 394 121 1 What
1552404168413042 AUDIO_PLAYBACK_ONSET 395 121 2 did
1552404168534765 AUDIO_PLAYBACK_ONSET 396 121 3 the
1552404168640064 AUDIO_PLAYBACK_ONSET 397 121 4 girls
1552404168929879 AUDIO_PLAYBACK_ONSET 398 121 5 find?
1552404169533661 AUDIO_PLAYBACK_ONSET _ 121 END_OF_WAV
1552404169686761 AUDIO_PLAYBACK_DONE 121.wav
1552404169682415 CHEETAH_SIGNAL SENT_AFTER_TIME 43908.192070
1552404169717259 CHEETAH_SIGNAL SENT_AFTER_TIME 43908.226994
1552404170686665 AUDIO_PLAYBACK_ONSET 399 122 1 the
1552404170827542 AUDIO_PLAYBACK_ONSET 400 122 2 girl
1552404171076530 AUDIO_PLAYBACK_ONSET 401 122 3 crawls
1552404171771623 AUDIO_PLAYBACK_ONSET _ 122 END_OF_WAV
1552404171874171 AUDIO_PLAYBACK_DONE 122.wav
1552404171872352 CHEETAH_SIGNAL SENT_AFTER_TIME 43910.382109
1552404171907383 CHEETAH_SIGNAL SENT_AFTER_TIME 43910.417226
1552404172874063 AUDIO_PLAYBACK_ONSET 402 123 1 Who
1552404172947732 AUDIO_PLAYBACK_ONSET 403 123 2 will
1552404173061905 AUDIO_PLAYBACK_ONSET 404 123 3 the
1552404173193510 AUDIO_PLAYBACK_ONSET 405 123 4 boys
1552404173495939 AUDIO_PLAYBACK_ONSET 406 123 5 kiss?
1552404174127815 AUDIO_PLAYBACK_ONSET _ 123 END_OF_WAV
1552404174170934 AUDIO_PLAYBACK_DONE 123.wav
1552404174172163 CHEETAH_SIGNAL SENT_AFTER_TIME 43912.682008
1552404174207538 CHEETAH_SIGNAL SENT_AFTER_TIME 43912.717461
1552404175170854 AUDIO_PLAYBACK_ONSET 407 124 1 who
1552404175279037 AUDIO_PLAYBACK_ONSET 408 124 2 disappeared?
1552404176033840 AUDIO_PLAYBACK_ONSET _ 124 END_OF_WAV
1552404176155230 AUDIO_PLAYBACK_DONE 124.wav
1552404176149288 CHEETAH_SIGNAL SENT_AFTER_TIME 43914.659225
1552404176183788 CHEETAH_SIGNAL SENT_AFTER_TIME 43914.693807
1552404177155134 AUDIO_PLAYBACK_ONSET 409 125 1 we
1552404177267429 AUDIO_PLAYBACK_ONSET 410 125 2 believed
1552404177532799 AUDIO_PLAYBACK_ONSET 411 125 3 that
1552404177659814 AUDIO_PLAYBACK_ONSET 412 125 4 he
1552404177783805 AUDIO_PLAYBACK_ONSET 413 125 5 cried
1552404178257086 AUDIO_PLAYBACK_ONSET _ 125 END_OF_WAV
1552404178280125 AUDIO_PLAYBACK_DONE 125.wav
1552404178278474 CHEETAH_SIGNAL SENT_AFTER_TIME 43916.788492
1552404178313412 CHEETAH_SIGNAL SENT_AFTER_TIME 43916.823508
1552404179280048 AUDIO_PLAYBACK_ONSET 414 126 1 the
1552404179369320 AUDIO_PLAYBACK_ONSET 415 126 2 host
1552404179671180 AUDIO_PLAYBACK_ONSET 416 126 3 will
1552404179835661 AUDIO_PLAYBACK_ONSET 417 126 4 eat
1552404180368356 AUDIO_PLAYBACK_ONSET _ 126 END_OF_WAV
1552404180670685 AUDIO_PLAYBACK_DONE 126.wav
1552404180671129 CHEETAH_SIGNAL SENT_AFTER_TIME 43919.181255
1552404180619287 KEY_PRESS l
1552404180705911 CHEETAH_SIGNAL SENT_AFTER_TIME 43919.216103
1552404181670589 AUDIO_PLAYBACK_ONSET 418 127 1 the
1552404181762973 AUDIO_PLAYBACK_ONSET 419 127 2 woman
1552404182061857 AUDIO_PLAYBACK_ONSET 420 127 3 will
1552404182151443 AUDIO_PLAYBACK_ONSET 421 127 4 speak
1552404182845934 AUDIO_PLAYBACK_ONSET _ 127 END_OF_WAV
1552404182850272 AUDIO_PLAYBACK_DONE 127.wav
1552404182845722 CHEETAH_SIGNAL SENT_AFTER_TIME 43921.355911
1552404180763220 KEY_PRESS l
1552404182880347 CHEETAH_SIGNAL SENT_AFTER_TIME 43921.390626
1552404183850185 AUDIO_PLAYBACK_ONSET 422 128 1 Whom
1552404184074690 AUDIO_PLAYBACK_ONSET 423 128 2 will
1552404184161131 AUDIO_PLAYBACK_ONSET 424 128 3 the
1552404184260803 AUDIO_PLAYBACK_ONSET 425 128 4 women
1552404184522773 AUDIO_PLAYBACK_ONSET 426 128 5 hug?
1552404185002609 AUDIO_PLAYBACK_ONSET _ 128 END_OF_WAV
1552404185162683 AUDIO_PLAYBACK_DONE 128.wav
1552404185159065 CHEETAH_SIGNAL SENT_AFTER_TIME 43923.669381
1552404185189971 CHEETAH_SIGNAL SENT_AFTER_TIME 43923.704348
1552404186158585 AUDIO_PLAYBACK_ONSET 427 129 1 who
1552404186327583 AUDIO_PLAYBACK_ONSET 428 129 2 smiles?
1552404187138058 AUDIO_PLAYBACK_ONSET _ 129 END_OF_WAV
1552404187283573 AUDIO_PLAYBACK_DONE 129.wav
1552404187285658 CHEETAH_SIGNAL SENT_AFTER_TIME 43925.796040
1552404187320471 CHEETAH_SIGNAL SENT_AFTER_TIME 43925.830938
1552404188287483 AUDIO_PLAYBACK_ONSET 429 130 1 they
1552404188504050 AUDIO_PLAYBACK_ONSET 430 130 2 coughed
1552404189264379 AUDIO_PLAYBACK_ONSET _ 130 END_OF_WAV
1552404189599978 AUDIO_PLAYBACK_DONE 130.wav
1552404189596470 CHEETAH_SIGNAL SENT_AFTER_TIME 43928.106951
1552404189631938 CHEETAH_SIGNAL SENT_AFTER_TIME 43928.142501
1552404190599882 AUDIO_PLAYBACK_ONSET 431 131 1 who
1552404190806597 AUDIO_PLAYBACK_ONSET 432 131 2 cried?
1552404191405212 AUDIO_PLAYBACK_ONSET _ 131 END_OF_WAV
1552404191474873 AUDIO_PLAYBACK_DONE 131.wav
1552404191476375 CHEETAH_SIGNAL SENT_AFTER_TIME 43929.986958
1552404191510813 CHEETAH_SIGNAL SENT_AFTER_TIME 43930.021470
1552404192474779 AUDIO_PLAYBACK_ONSET 433 132 1 the
1552404192602193 AUDIO_PLAYBACK_ONSET 434 132 2 boys
1552404192877576 AUDIO_PLAYBACK_ONSET 435 132 3 kissed
1552404193169221 AUDIO_PLAYBACK_ONSET 436 132 4 the
1552404193267882 AUDIO_PLAYBACK_ONSET 437 132 5 clowns
1552404194038737 AUDIO_PLAYBACK_ONSET _ 132 END_OF_WAV
1552404194088044 AUDIO_PLAYBACK_DONE 132.wav
1552404194081905 CHEETAH_SIGNAL SENT_AFTER_TIME 43932.592581
1552404194116812 CHEETAH_SIGNAL SENT_AFTER_TIME 43932.627567
1552404195087946 AUDIO_PLAYBACK_ONSET 438 133 1 who
1552404195178563 AUDIO_PLAYBACK_ONSET 439 133 2 found
1552404195468642 AUDIO_PLAYBACK_ONSET 440 133 3 the
1552404195580211 AUDIO_PLAYBACK_ONSET 441 133 4 bikes?
1552404196351377 AUDIO_PLAYBACK_ONSET _ 133 END_OF_WAV
1552404196416067 AUDIO_PLAYBACK_DONE 133.wav
1552404196417498 CHEETAH_SIGNAL SENT_AFTER_TIME 43934.928273
1552404196452436 CHEETAH_SIGNAL SENT_AFTER_TIME 43934.963283
1552404197415975 AUDIO_PLAYBACK_ONSET 442 134 1 who
1552404197611934 AUDIO_PLAYBACK_ONSET 443 134 2 crawled?
1552404198172433 AUDIO_PLAYBACK_ONSET _ 134 END_OF_WAV
1552404198205024 AUDIO_PLAYBACK_DONE 134.wav
1552404198199779 CHEETAH_SIGNAL SENT_AFTER_TIME 43936.710616
1552404198234716 CHEETAH_SIGNAL SENT_AFTER_TIME 43936.745632
1552404199204955 AUDIO_PLAYBACK_ONSET 444 135 1 the
1552404199350094 AUDIO_PLAYBACK_ONSET 445 135 2 boy
1552404199499095 AUDIO_PLAYBACK_ONSET 446 135 3 heard
1552404199770968 AUDIO_PLAYBACK_ONSET 447 135 4 the
1552404199810513 AUDIO_PLAYBACK_ONSET 448 135 5 men
1552404200216557 AUDIO_PLAYBACK_ONSET _ 135 END_OF_WAV
1552404200255750 AUDIO_PLAYBACK_DONE 135.wav
1552404200255590 CHEETAH_SIGNAL SENT_AFTER_TIME 43938.766510
1552404200290715 CHEETAH_SIGNAL SENT_AFTER_TIME 43938.801745
1552404201255636 AUDIO_PLAYBACK_ONSET 449 136 1 who
1552404201388792 AUDIO_PLAYBACK_ONSET 450 136 2 kissed
1552404201671362 AUDIO_PLAYBACK_ONSET 451 136 3 the
1552404201787650 AUDIO_PLAYBACK_ONSET 452 136 4 clowns?
1552404202663614 AUDIO_PLAYBACK_ONSET _ 136 END_OF_WAV
1552404202872802 AUDIO_PLAYBACK_DONE 136.wav
1552404202874246 CHEETAH_SIGNAL SENT_AFTER_TIME 43941.385276
1552404202909121 CHEETAH_SIGNAL SENT_AFTER_TIME 43941.420233
1552404203872720 AUDIO_PLAYBACK_ONSET 453 137 1 the
1552404204013686 AUDIO_PLAYBACK_ONSET 454 137 2 boys
1552404204324240 AUDIO_PLAYBACK_ONSET 455 137 3 vanished
1552404205187103 AUDIO_PLAYBACK_ONSET _ 137 END_OF_WAV
1552404205294581 AUDIO_PLAYBACK_DONE 137.wav
1552404205294088 CHEETAH_SIGNAL SENT_AFTER_TIME 43943.805243
1552404205328963 CHEETAH_SIGNAL SENT_AFTER_TIME 43943.840195
1552404206294461 AUDIO_PLAYBACK_ONSET 456 138 1 he
1552404206393530 AUDIO_PLAYBACK_ONSET 457 138 2 shaved
1552404207282923 AUDIO_PLAYBACK_ONSET _ 138 END_OF_WAV
1552404207497572 AUDIO_PLAYBACK_DONE 138.wav
1552404207490650 CHEETAH_SIGNAL SENT_AFTER_TIME 43946.001837
1552404207525462 CHEETAH_SIGNAL SENT_AFTER_TIME 43946.036781
1552404208497485 AUDIO_PLAYBACK_ONSET 458 139 1 he
1552404208578769 AUDIO_PLAYBACK_ONSET 459 139 2 saw
1552404208849906 AUDIO_PLAYBACK_ONSET 460 139 3 her
1552404208971204 AUDIO_PLAYBACK_ONSET 461 139 4 winking
1552404209569766 AUDIO_PLAYBACK_ONSET _ 139 END_OF_WAV
1552404209677167 AUDIO_PLAYBACK_DONE 139.wav
1552404209672337 CHEETAH_SIGNAL SENT_AFTER_TIME 43948.183661
1552404209706837 CHEETAH_SIGNAL SENT_AFTER_TIME 43948.218221
1552404210677102 AUDIO_PLAYBACK_ONSET 462 140 1 the
1552404210767105 AUDIO_PLAYBACK_ONSET 463 140 2 actors
1552404211083111 AUDIO_PLAYBACK_ONSET 464 140 3 were
1552404211182993 AUDIO_PLAYBACK_ONSET 465 140 4 scorned
1552404211896807 AUDIO_PLAYBACK_ONSET _ 140 END_OF_WAV
1552404211958351 AUDIO_PLAYBACK_DONE 140.wav
1552404211954773 CHEETAH_SIGNAL SENT_AFTER_TIME 43950.466183
1552404211990023 CHEETAH_SIGNAL SENT_AFTER_TIME 43950.501510
1552404212958248 AUDIO_PLAYBACK_ONSET 466 141 1 who
1552404213103206 AUDIO_PLAYBACK_ONSET 467 141 2 collapsed?
1552404214008785 AUDIO_PLAYBACK_ONSET _ 141 END_OF_WAV
1552404214028543 AUDIO_PLAYBACK_DONE 141.wav
1552404214019304 CHEETAH_SIGNAL SENT_AFTER_TIME 43952.530794
1552404214054304 CHEETAH_SIGNAL SENT_AFTER_TIME 43952.565865
1552404215028469 AUDIO_PLAYBACK_ONSET 468 142 1 he
1552404215165932 AUDIO_PLAYBACK_ONSET 469 142 2 undressed
1552404216076047 AUDIO_PLAYBACK_ONSET _ 142 END_OF_WAV
1552404216473799 AUDIO_PLAYBACK_DONE 142.wav
1552404216470271 CHEETAH_SIGNAL SENT_AFTER_TIME 43954.981849
1552404216505084 CHEETAH_SIGNAL SENT_AFTER_TIME 43955.016769
1552404217473675 AUDIO_PLAYBACK_ONSET 470 143 1 he
1552404217591195 AUDIO_PLAYBACK_ONSET 471 143 2 was
1552404217832947 AUDIO_PLAYBACK_ONSET 472 143 3 kissed
1552404218519163 AUDIO_PLAYBACK_ONSET _ 143 END_OF_WAV
1552404218590865 AUDIO_PLAYBACK_DONE 143.wav
1552404218587177 CHEETAH_SIGNAL SENT_AFTER_TIME 43957.098854
1552404218621770 CHEETAH_SIGNAL SENT_AFTER_TIME 43957.133535
1552404219590785 AUDIO_PLAYBACK_ONSET 473 144 1 the
1552404219712090 AUDIO_PLAYBACK_ONSET 474 144 2 girls
1552404220002285 AUDIO_PLAYBACK_ONSET 475 144 3 arrive
1552404220753794 AUDIO_PLAYBACK_ONSET _ 144 END_OF_WAV
1552404220903280 AUDIO_PLAYBACK_DONE 144.wav
1552404220899270 CHEETAH_SIGNAL SENT_AFTER_TIME 43959.411059
1552404220934270 CHEETAH_SIGNAL SENT_AFTER_TIME 43959.446112
1552404221903203 AUDIO_PLAYBACK_ONSET 476 145 1 he
1552404221987803 AUDIO_PLAYBACK_ONSET 477 145 2 smelled
1552404222364427 AUDIO_PLAYBACK_ONSET 478 145 3 the
1552404222425173 AUDIO_PLAYBACK_ONSET 479 145 4 flowers
1552404223266269 AUDIO_PLAYBACK_ONSET _ 145 END_OF_WAV
1552404223293820 AUDIO_PLAYBACK_DONE 145.wav
1552404223293237 CHEETAH_SIGNAL SENT_AFTER_TIME 43961.805116
1552404223328456 CHEETAH_SIGNAL SENT_AFTER_TIME 43961.840413
1552404224293705 AUDIO_PLAYBACK_ONSET 480 146 1 he
1552404224377354 AUDIO_PLAYBACK_ONSET 481 146 2 said
1552404224637937 AUDIO_PLAYBACK_ONSET 482 146 3 that
1552404224714633 AUDIO_PLAYBACK_ONSET 483 146 4 she
1552404224900367 AUDIO_PLAYBACK_ONSET 484 146 5 smiled
1552404225494533 AUDIO_PLAYBACK_ONSET _ 146 END_OF_WAV
1552404225668694 AUDIO_PLAYBACK_DONE 146.wav
1552404225663361 CHEETAH_SIGNAL SENT_AFTER_TIME 43964.175331
1552404225698330 CHEETAH_SIGNAL SENT_AFTER_TIME 43964.210396
1552404226668585 AUDIO_PLAYBACK_ONSET 485 147 1 the
1552404226805306 AUDIO_PLAYBACK_ONSET 486 147 2 boys
1552404227147733 AUDIO_PLAYBACK_ONSET 487 147 3 tickle
1552404227406597 AUDIO_PLAYBACK_ONSET 488 147 4 the
1552404227541024 AUDIO_PLAYBACK_ONSET 489 147 5 girl
1552404227991538 AUDIO_PLAYBACK_ONSET _ 147 END_OF_WAV
1552404228020129 AUDIO_PLAYBACK_DONE 147.wav
1552404228017673 CHEETAH_SIGNAL SENT_AFTER_TIME 43966.529730
1552404228052642 CHEETAH_SIGNAL SENT_AFTER_TIME 43966.564771
1552404229020066 AUDIO_PLAYBACK_ONSET 490 148 1 The
1552404229136189 AUDIO_PLAYBACK_ONSET 491 148 2 grandpa
1552404229485767 AUDIO_PLAYBACK_ONSET 492 148 3 ate
1552404229727324 AUDIO_PLAYBACK_ONSET 493 148 4 the
1552404229816632 AUDIO_PLAYBACK_ONSET 494 148 5 meal
1552404230253817 AUDIO_PLAYBACK_ONSET _ 148 END_OF_WAV
1552404230285715 AUDIO_PLAYBACK_DONE 148.wav
1552404230287672 CHEETAH_SIGNAL SENT_AFTER_TIME 43968.799829
1552404230322110 CHEETAH_SIGNAL SENT_AFTER_TIME 43968.834350
1552404231285604 AUDIO_PLAYBACK_ONSET 495 149 1 the
1552404231394024 AUDIO_PLAYBACK_ONSET 496 149 2 girl
1552404231655886 AUDIO_PLAYBACK_ONSET 497 149 3 cries
1552404232423602 AUDIO_PLAYBACK_ONSET _ 149 END_OF_WAV
1552404232441841 AUDIO_PLAYBACK_DONE 149.wav
1552404232440046 CHEETAH_SIGNAL SENT_AFTER_TIME 43970.952299
1552404230465163 KEY_PRESS l
1552404230601200 KEY_PRESS l
1552404232475234 CHEETAH_SIGNAL SENT_AFTER_TIME 43970.987569
1552404233441746 AUDIO_PLAYBACK_ONSET 498 150 1 What
1552404233574915 AUDIO_PLAYBACK_ONSET 499 150 2 did
1552404233738722 AUDIO_PLAYBACK_ONSET 500 150 3 the
1552404233857168 AUDIO_PLAYBACK_ONSET 501 150 4 boy
1552404234044496 AUDIO_PLAYBACK_ONSET 502 150 5 smell?
1552404234619083 AUDIO_PLAYBACK_ONSET _ 150 END_OF_WAV
1552404234691748 AUDIO_PLAYBACK_DONE 150.wav
1552404234688577 CHEETAH_SIGNAL SENT_AFTER_TIME 43973.200936
1552404234723545 CHEETAH_SIGNAL SENT_AFTER_TIME 43973.235954
1552404235691674 AUDIO_PLAYBACK_ONSET 503 151 1 He
1552404235798772 AUDIO_PLAYBACK_ONSET 504 151 2 heard
1552404236034406 AUDIO_PLAYBACK_ONSET 505 151 3 her
1552404236225686 AUDIO_PLAYBACK_ONSET 506 151 4 play
1552404236707350 AUDIO_PLAYBACK_ONSET _ 151 END_OF_WAV
1552404236722922 AUDIO_PLAYBACK_DONE 151.wav
1552404236721982 CHEETAH_SIGNAL SENT_AFTER_TIME 43975.234415
1552404235112986 KEY_PRESS l
1552404235296978 KEY_PRESS l
1552404236757169 CHEETAH_SIGNAL SENT_AFTER_TIME 43975.269681
1552404237722819 AUDIO_PLAYBACK_ONSET 507 152 1 she
1552404238057370 AUDIO_PLAYBACK_ONSET 508 152 2 dressed
1552404238682871 AUDIO_PLAYBACK_ONSET _ 152 END_OF_WAV
1552404238785318 AUDIO_PLAYBACK_DONE 152.wav
1552404238784356 CHEETAH_SIGNAL SENT_AFTER_TIME 43977.296836
